1374234428	659876	244	247	139	0	0	0	0	1	244	248	0	0	0	0	0	0
1374234429	153191	244	246	139	0	0	0	0	2	244	248	0	0	0	0	0	1
1374234429	645721	244	249	139	0	0	0	0	3	244	248	0	0	0	0	0	2
1374234430	139004	244	248	139	0	0	0	0	4	244	248	0	0	0	0	0	3
1374234430	632335	244	247	139	0	0	0	0	5	244	248	0	0	0	0	0	4
1374234431	124857	244	248	139	0	0	0	0	6	244	248	0	0	0	0	0	5
1374234431	618941	244	246	139	0	0	0	0	7	244	248	0	0	0	0	0	6
1374234432	112304	244	246	140	0	0	0	0	8	244	248	0	0	0	0	0	7
1374234432	605793	244	244	74	138	0	0	0	9	244	248	0	0	0	0	0	8
1374234433	098567	244	248	76	0	0	0	0	10	244	247	0	0	0	0	0	9
1374234433	590119	244	248	0	0	0	0	0	11	244	246	67	0	0	0	0	10
1374234434	083361	244	248	98	0	0	0	0	12	244	247	0	0	0	0	0	11
1374234434	574731	244	248	104	0	0	0	0	13	244	247	86	0	0	0	0	12
1374234435	067921	244	249	129	0	0	0	0	14	244	248	85	0	0	0	0	13
1374234435	560289	244	249	0	0	0	0	0	15	244	248	63	0	0	0	0	14
1374234436	053502	244	247	0	0	0	0	0	16	244	248	83	150	0	0	0	15
1374234436	544971	244	247	72	0	0	0	0	17	244	247	0	0	0	0	0	16
1374234437	038155	244	248	78	0	0	0	0	18	244	247	70	0	0	0	0	17
1374234437	530583	244	247	97	0	0	0	0	19	244	247	0	0	0	0	0	18
1374234438	023816	244	247	83	0	0	0	0	20	244	247	81	0	0	0	0	19
1374234438	517000	244	247	0	0	0	0	0	21	244	247	78	0	0	0	0	20
1374234439	010471	244	247	0	0	0	0	0	22	244	248	79	0	0	0	0	21
1374234439	502798	244	247	72	0	0	0	0	23	244	247	65	0	0	0	0	22
1374234439	996049	244	248	73	0	0	0	0	24	244	247	0	0	0	0	0	23
1374234440	489436	244	247	0	0	0	0	0	25	244	247	68	0	0	0	0	24
1374234440	982700	244	247	77	0	0	0	0	26	244	247	0	0	0	0	0	25
1374234441	475047	244	249	0	0	0	0	0	27	244	247	79	0	0	0	0	26
1374234441	967424	244	248	0	0	0	0	0	28	244	247	0	0	0	0	0	27
1374234442	460832	244	249	0	0	0	0	0	29	244	248	74	0	0	0	0	28
1374234442	953950	244	248	74	0	0	0	0	30	244	247	73	0	0	0	0	29
1374234443	445394	244	247	0	0	0	0	0	31	244	247	70	0	0	0	0	30
1374234443	938686	244	248	0	0	0	0	0	32	244	248	0	0	0	0	0	31
1374234444	431883	244	248	76	0	0	0	0	33	244	247	75	0	0	0	0	32
1374234444	925241	244	248	74	0	0	0	0	34	244	247	75	0	0	0	0	33
1374234445	418405	244	247	0	0	0	0	0	35	244	247	71	0	0	0	0	34
1374234445	911752	244	248	74	0	0	0	0	36	244	247	0	0	0	0	0	35
1374234446	405127	244	249	74	0	0	0	0	37	244	247	0	0	0	0	0	36
1374234446	898396	244	248	73	0	0	0	0	38	244	247	69	0	0	0	0	37
1374234447	390771	244	247	76	0	0	0	0	39	244	247	73	0	0	0	0	38
1374234447	883829	244	247	74	0	0	0	0	40	244	247	69	0	0	0	0	39
1374234448	377172	244	247	78	0	0	0	0	41	244	247	72	0	0	0	0	40
1374234448	871231	244	249	0	0	0	0	0	42	244	247	68	0	0	0	0	41
1374234449	362603	244	248	0	0	0	0	0	43	244	247	69	0	0	0	0	42
1374234449	854937	244	248	69	0	0	0	0	44	244	247	69	0	0	0	0	43
1374234450	347231	244	249	0	0	0	0	0	45	244	247	0	0	0	0	0	44
1374234450	840681	244	247	0	0	0	0	0	46	244	247	67	0	0	0	0	45
1374234451	334069	244	248	75	0	0	0	0	47	244	247	0	0	0	0	0	46
1374234451	827182	244	247	73	0	0	0	0	48	244	247	0	0	0	0	0	47
1374234452	318577	244	248	74	0	0	0	0	49	244	247	70	0	0	0	0	48
1374234452	811740	244	247	0	0	0	0	0	50	244	247	67	0	0	0	0	49
1374234453	303164	244	247	75	0	0	0	0	51	244	247	71	0	0	0	0	50
1374234453	796443	244	249	75	0	0	0	0	52	244	247	68	0	0	0	0	51
1374234454	289794	244	249	74	0	0	0	0	53	244	247	69	0	0	0	0	52
1374234454	782824	244	247	75	0	0	0	0	54	244	247	0	0	0	0	0	53
1374234455	273357	244	249	73	0	0	0	0	55	244	247	0	0	0	0	0	54
1374234455	765609	244	248	72	0	0	0	0	56	244	247	0	0	0	0	0	55
1374234456	259094	244	247	0	0	0	0	0	57	244	247	76	0	0	0	0	56
1374234456	752344	244	248	0	0	0	0	0	58	244	247	74	0	0	0	0	57
1374234457	244486	244	248	0	0	0	0	0	59	244	247	0	0	0	0	0	58
1374234457	736115	244	247	74	0	0	0	0	60	244	247	0	0	0	0	0	59
1374234458	229229	244	249	143	0	0	0	0	61	244	247	68	0	0	0	0	60
1374234458	721395	244	248	0	0	0	0	0	62	244	247	71	0	0	0	0	61
1374234459	214701	244	249	70	0	0	0	0	63	244	247	69	0	0	0	0	62
1374234459	708104	244	248	70	0	0	0	0	64	244	247	69	0	0	0	0	63
1374234460	200344	244	248	69	0	0	0	0	65	244	247	67	0	0	0	0	64
1374234460	693688	244	248	79	0	0	0	0	66	244	247	69	0	0	0	0	65
1374234461	187102	244	247	71	0	0	0	0	67	244	247	74	0	0	0	0	66
1374234461	680421	244	247	70	0	0	0	0	68	244	247	0	0	0	0	0	67
1374234462	173622	244	249	70	0	0	0	0	69	244	247	0	0	0	0	0	68
1374234462	667055	244	249	76	0	0	0	0	70	244	247	0	0	0	0	0	69
1374234463	161008	244	247	73	0	0	0	0	71	244	247	69	0	0	0	0	70
1374234463	654527	244	247	69	0	0	0	0	72	244	247	72	0	0	0	0	71
1374234464	146898	244	247	69	0	0	0	0	73	244	247	67	0	0	0	0	72
1374234464	640002	244	248	69	0	0	0	0	74	244	247	67	0	0	0	0	73
1374234465	133497	244	247	71	0	0	0	0	75	244	247	68	0	0	0	0	74
1374234465	626737	244	248	0	0	0	0	0	76	244	247	67	0	0	0	0	75
1374234466	119968	244	248	69	0	0	0	0	77	244	247	67	0	0	0	0	76
1374234466	613333	244	249	70	0	0	0	0	78	244	247	68	0	0	0	0	77
1374234467	106898	244	248	71	0	0	0	0	79	244	247	72	0	0	0	0	78
1374234467	600834	244	247	71	0	0	0	0	80	244	247	0	0	0	0	0	79
1374234468	093098	244	248	71	0	0	0	0	81	244	247	0	0	0	0	0	80
1374234468	584456	244	247	72	0	0	0	0	82	244	247	0	0	0	0	0	81
1374234469	077875	244	249	0	0	0	0	0	83	244	247	0	0	0	0	0	82
1374234469	570248	244	248	71	0	0	0	0	84	244	247	69	0	0	0	0	83
1374234470	063490	244	248	71	0	0	0	0	85	244	247	0	0	0	0	0	84
1374234470	556742	244	248	70	0	0	0	0	86	244	247	0	0	0	0	0	85
1374234471	049029	244	247	69	0	0	0	0	87	244	247	0	0	0	0	0	86
1374234471	542464	244	247	70	0	0	0	0	88	244	247	0	0	0	0	0	87
1374234472	034782	244	248	0	0	0	0	0	89	244	247	75	0	0	0	0	88
1374234472	529125	244	247	70	0	0	0	0	90	244	247	67	0	0	0	0	89
1374234473	022094	244	247	70	0	0	0	0	91	244	247	0	0	0	0	0	90
1374234473	514441	244	249	69	0	0	0	0	92	244	247	69	0	0	0	0	91
1374234474	007787	244	249	70	0	0	0	0	93	244	247	69	0	0	0	0	92
1374234474	500981	244	248	70	0	0	0	0	94	244	247	69	0	0	0	0	93
1374234474	994275	244	249	71	0	0	0	0	95	244	247	71	0	0	0	0	94
1374234475	487401	244	249	71	0	0	0	0	96	244	247	74	0	0	0	0	95
1374234475	978943	244	249	0	0	0	0	0	97	244	247	74	0	0	0	0	96
1374234476	471146	244	249	71	0	0	0	0	98	244	247	74	0	0	0	0	97
1374234476	962706	244	247	76	0	0	0	0	99	244	247	0	0	0	0	0	98
1374234477	454904	244	247	71	0	0	0	0	100	244	247	71	0	0	0	0	99
1374234477	947027	244	249	69	0	0	0	0	101	244	247	75	0	0	0	0	100
1374234478	437687	244	248	69	0	0	0	0	102	244	247	67	0	0	0	0	101
1374234478	931622	244	248	70	0	0	0	0	103	244	247	67	0	0	0	0	102
1374234479	424021	244	247	72	0	0	0	0	104	244	247	77	0	0	0	0	103
1374234479	916326	244	247	74	0	0	0	0	105	244	247	79	0	0	0	0	104
1374234480	410609	244	247	70	0	0	0	0	106	244	247	0	0	0	0	0	105
1374234480	903863	244	247	71	0	0	0	0	107	244	247	0	0	0	0	0	106
1374234481	397076	244	249	73	0	0	0	0	108	244	247	69	0	0	0	0	107
1374234481	890384	244	249	0	0	0	0	0	109	244	247	69	0	0	0	0	108
1374234482	382796	244	249	0	0	0	0	0	110	244	247	68	0	0	0	0	109
1374234482	875652	244	247	77	0	0	0	0	111	244	247	67	0	0	0	0	110
1374234483	366960	244	249	0	0	0	0	0	112	244	247	67	0	0	0	0	111
1374234483	859299	244	248	0	0	0	0	0	113	244	247	72	0	0	0	0	112
1374234484	351496	244	247	70	0	0	0	0	114	244	247	0	0	0	0	0	113
1374234484	843962	244	249	75	0	0	0	0	115	244	247	71	0	0	0	0	114
1374234485	335228	244	247	73	0	0	0	0	116	244	247	70	187	0	0	0	115
1374234485	828480	244	248	73	0	0	0	0	117	244	247	69	0	0	0	0	116
1374234486	321859	244	248	69	0	0	0	0	118	244	247	0	0	0	0	0	117
1374234486	815078	244	247	69	0	0	0	0	119	244	247	68	0	0	0	0	118
1374234487	308443	244	247	72	0	0	0	0	120	244	247	73	0	0	0	0	119
1374234487	800747	244	249	0	0	0	0	0	121	244	247	68	0	0	0	0	120
1374234488	292890	244	248	0	0	0	0	0	122	244	247	69	0	0	0	0	121
1374234488	786282	244	248	70	0	0	0	0	123	244	247	72	0	0	0	0	122
1374234489	278524	244	248	69	0	0	0	0	124	244	247	70	0	0	0	0	123
1374234489	771798	244	247	69	0	0	0	0	125	244	247	71	0	0	0	0	124
1374234490	263338	244	249	70	0	0	0	0	126	244	247	71	0	0	0	0	125
1374234490	755569	244	248	72	0	0	0	0	127	244	247	69	0	0	0	0	126
1374234491	248820	244	247	73	0	0	0	0	128	244	247	67	0	0	0	0	127
1374234491	742241	244	247	0	0	0	0	0	129	244	247	68	0	0	0	0	128
1374234492	235672	244	247	0	0	0	0	0	130	244	247	69	0	0	0	0	129
1374234492	728694	244	247	0	0	0	0	0	131	244	247	69	0	0	0	0	130
1374234493	221916	244	248	0	0	0	0	0	132	244	247	0	0	0	0	0	131
1374234493	713241	244	247	70	0	0	0	0	133	244	247	0	0	0	0	0	132
1374234494	206746	244	247	69	0	0	0	0	134	244	247	71	0	0	0	0	133
1374234494	700635	244	248	0	0	0	0	0	135	244	247	0	0	0	0	0	134
1374234495	192908	244	248	78	0	0	0	0	136	244	247	71	0	0	0	0	135
1374234495	684268	244	247	71	0	0	0	0	137	244	247	72	0	0	0	0	136
1374234496	177445	244	248	70	0	0	0	0	138	244	247	72	0	0	0	0	137
1374234496	670870	244	247	69	0	0	0	0	139	244	247	67	0	0	0	0	138
1374234497	165111	244	247	71	0	0	0	0	140	244	247	69	0	0	0	0	139
1374234497	658460	244	247	69	0	0	0	0	141	244	247	68	0	0	0	0	140
1374234498	150567	244	248	0	0	0	0	0	142	244	247	69	0	0	0	0	141
1374234498	644906	244	246	0	0	0	0	0	143	244	247	0	0	0	0	0	142
1374234499	135996	244	248	69	0	0	0	0	144	244	247	0	0	0	0	0	143
1374234499	627591	244	248	69	0	0	0	0	145	244	247	0	0	0	0	0	144
1374234500	120811	244	248	0	0	0	0	0	146	244	247	72	0	0	0	0	145
1374234500	613933	244	247	71	0	0	0	0	147	244	247	0	0	0	0	0	146
1374234501	107259	244	248	75	0	0	0	0	148	244	247	67	0	0	0	0	147
1374234501	598722	244	249	75	0	0	0	0	149	244	247	69	0	0	0	0	148
1374234502	091820	244	249	0	0	0	0	0	150	244	247	0	0	0	0	0	149
1374234502	586065	244	249	71	0	0	0	0	151	244	247	71	0	0	0	0	150
1374234503	078253	244	248	0	0	0	0	0	152	244	247	71	0	0	0	0	151
1374234503	569585	244	248	71	0	0	0	0	153	244	247	67	0	0	0	0	152
1374234504	063005	244	247	0	0	0	0	0	154	244	247	0	0	0	0	0	153
1374234504	556345	244	249	70	0	0	0	0	155	244	247	67	0	0	0	0	154
1374234505	049536	244	249	72	0	0	0	0	156	244	247	68	0	0	0	0	155
1374234505	542724	244	249	0	0	0	0	0	157	244	247	67	0	0	0	0	156
1374234506	035060	244	247	0	0	0	0	0	158	244	247	71	0	0	0	0	157
1374234506	528391	244	247	71	0	0	0	0	159	244	247	72	0	0	0	0	158
1374234507	020776	244	247	70	0	0	0	0	160	244	247	73	0	0	0	0	159
1374234507	514067	244	248	70	0	0	0	0	161	244	247	69	0	0	0	0	160
1374234508	006389	244	247	70	0	0	0	0	162	244	247	0	0	0	0	0	161
1374234508	499572	244	247	69	0	0	0	0	163	244	247	73	0	0	0	0	162
1374234508	992844	244	248	69	0	0	0	0	164	244	247	66	0	0	0	0	163
1374234509	485278	244	249	70	0	0	0	0	165	244	247	0	0	0	0	0	164
1374234509	977614	244	249	69	0	0	0	0	166	244	247	0	0	0	0	0	165
1374234510	468733	244	249	69	0	0	0	0	167	244	247	0	0	0	0	0	166
1374234510	962082	244	248	69	0	0	0	0	168	244	247	67	0	0	0	0	167
1374234511	453367	244	247	70	0	0	0	0	169	244	247	67	0	0	0	0	168
1374234511	946779	244	247	69	0	0	0	0	170	244	247	0	0	0	0	0	169
1374234512	438989	244	248	69	0	0	0	0	171	244	247	76	0	0	0	0	170
1374234512	931181	244	247	70	0	0	0	0	172	244	247	72	0	0	0	0	171
1374234513	424806	244	249	69	0	0	0	0	173	244	247	72	0	0	0	0	172
1374234513	918004	244	249	71	0	0	0	0	174	244	247	72	0	0	0	0	173
1374234514	411094	244	248	0	0	0	0	0	175	244	247	68	0	0	0	0	174
1374234514	902351	244	247	0	0	0	0	0	176	244	247	67	0	0	0	0	175
1374234515	396508	244	249	69	0	0	0	0	177	244	247	67	0	0	0	0	176
1374234515	889714	244	249	70	0	0	0	0	178	244	247	73	0	0	0	0	177
1374234516	383049	244	247	71	0	0	0	0	179	244	247	71	0	0	0	0	178
1374234516	877052	244	248	71	0	0	0	0	180	244	247	71	0	0	0	0	179
1374234517	367311	244	247	71	0	0	0	0	181	244	247	67	0	0	0	0	180
1374234517	859622	244	249	69	0	0	0	0	182	244	247	67	0	0	0	0	181
1374234518	352786	244	249	0	0	0	0	0	183	244	247	70	0	0	0	0	182
1374234518	846129	244	249	69	0	0	0	0	184	244	247	77	0	0	0	0	183
1374234519	339443	244	247	71	0	0	0	0	185	244	247	77	0	0	0	0	184
1374234519	832822	244	248	71	0	0	0	0	186	244	247	67	0	0	0	0	185
1374234520	326998	244	247	69	0	0	0	0	187	244	247	67	0	0	0	0	186
1374234520	821278	244	247	0	0	0	0	0	188	244	247	75	0	0	0	0	187
1374234521	314448	244	249	70	0	0	0	0	189	244	247	0	0	0	0	0	188
1374234521	808005	244	249	69	0	0	0	0	190	244	247	0	0	0	0	0	189
1374234522	301399	244	248	69	0	0	0	0	191	244	247	77	0	0	0	0	190
1374234522	794552	244	248	70	0	0	0	0	192	244	247	73	0	0	0	0	191
1374234523	287785	244	247	70	0	0	0	0	193	244	247	72	0	0	0	0	192
1374234523	779937	244	249	69	0	0	0	0	194	244	247	0	0	0	0	0	193
1374234524	272248	244	247	69	0	0	0	0	195	244	247	0	0	0	0	0	194
1374234524	765704	244	248	69	0	0	0	0	196	244	247	0	0	0	0	0	195
1374234525	258951	244	248	69	0	0	0	0	197	244	247	0	0	0	0	0	196
1374234525	751412	244	248	69	0	0	0	0	198	244	247	0	0	0	0	0	197
1374234526	244542	244	248	69	0	0	0	0	199	244	247	0	0	0	0	0	198
1374234526	737943	244	247	69	0	0	0	0	200	244	247	67	0	0	0	0	199
1374234527	231197	244	248	71	0	0	0	0	201	244	247	67	0	0	0	0	200
1374234527	724411	244	249	0	0	0	0	0	202	244	247	67	0	0	0	0	201
1374234528	216766	244	248	69	0	0	0	0	203	244	247	65	0	0	0	0	202
1374234528	710967	244	248	72	0	0	0	0	204	244	247	66	0	0	0	0	203
1374234529	203294	244	249	71	0	0	0	0	205	244	246	0	0	0	0	0	204
1374234529	696565	244	248	0	0	0	0	0	206	244	247	70	0	0	0	0	205
1374234530	189883	244	247	68	0	0	0	0	207	244	247	68	0	0	0	0	206
1374234530	683149	244	247	73	0	0	0	0	208	244	247	67	0	0	0	0	207
1374234531	176618	244	249	0	0	0	0	0	209	244	247	67	0	0	0	0	208
1374234531	668751	244	249	73	0	0	0	0	210	244	247	66	0	0	0	0	209
1374234532	162238	244	249	73	0	0	0	0	211	244	247	67	0	0	0	0	210
1374234532	655439	244	249	72	0	0	0	0	212	244	247	68	0	0	0	0	211
1374234533	148661	244	247	0	0	0	0	0	213	244	247	66	0	0	0	0	212
1374234533	640018	244	248	0	0	0	0	0	214	244	247	67	0	0	0	0	213
1374234534	133347	244	249	0	0	0	0	0	215	244	247	67	0	0	0	0	214
1374234534	626610	244	247	0	0	0	0	0	216	244	247	67	0	0	0	0	215
1374234535	119905	244	247	0	0	0	0	0	217	244	247	67	0	0	0	0	216
1374234535	613262	244	247	0	0	0	0	0	218	244	247	69	0	0	0	0	217
1374234536	106636	244	247	75	0	0	0	0	219	244	247	69	0	0	0	0	218
1374234536	599049	244	247	73	0	0	0	0	220	244	247	67	0	0	0	0	219
1374234537	091326	244	247	0	0	0	0	0	221	244	247	67	0	0	0	0	220
1374234537	584562	244	249	0	0	0	0	0	222	244	247	67	0	0	0	0	221
1374234538	077750	244	248	74	0	0	0	0	223	244	247	67	0	0	0	0	222
1374234538	569469	244	249	0	0	0	0	0	224	244	248	76	0	0	0	0	223
1374234539	061461	244	247	74	0	0	0	0	225	244	247	74	0	0	0	0	224
1374234539	552780	244	248	74	0	0	0	0	226	244	247	67	0	0	0	0	225
1374234540	046095	244	247	73	0	0	0	0	227	244	247	67	0	0	0	0	226
1374234540	539385	244	249	74	0	0	0	0	228	244	247	67	0	0	0	0	227
1374234541	032592	244	248	69	0	0	0	0	229	244	247	67	0	0	0	0	228
1374234541	526060	244	248	69	0	0	0	0	230	244	247	72	0	0	0	0	229
1374234542	018322	244	248	69	0	0	0	0	231	244	247	67	0	0	0	0	230
1374234542	511448	244	248	69	0	0	0	0	232	244	247	67	0	0	0	0	231
1374234543	004695	244	247	0	0	0	0	0	233	244	247	72	0	0	0	0	232
1374234543	495128	244	249	69	0	0	0	0	234	244	247	66	0	0	0	0	233
1374234543	988357	244	247	0	0	0	0	0	235	244	247	67	0	0	0	0	234
1374234544	482787	244	248	0	0	0	0	0	236	244	247	67	0	0	0	0	235
1374234544	975060	244	247	0	0	0	0	0	237	244	247	67	0	0	0	0	236
1374234545	467423	244	249	74	0	0	0	0	238	244	247	67	0	0	0	0	237
1374234545	960752	244	248	72	0	0	0	0	239	244	247	0	0	0	0	0	238
1374234546	454177	244	247	0	0	0	0	0	240	244	247	67	0	0	0	0	239
1374234546	946524	244	248	72	0	0	0	0	241	244	247	67	0	0	0	0	240
1374234547	437661	244	247	0	0	0	0	0	242	244	247	67	0	0	0	0	241
1374234547	930953	244	249	69	0	0	0	0	243	244	247	69	0	0	0	0	242
1374234548	424282	244	248	75	0	0	0	0	244	244	247	68	0	0	0	0	243
1374234548	917537	244	248	73	0	0	0	0	245	244	247	68	0	0	0	0	244
1374234549	410887	244	249	74	0	0	0	0	246	244	247	67	0	0	0	0	245
1374234549	904400	244	248	74	0	0	0	0	247	244	247	69	0	0	0	0	246
1374234550	397517	244	248	74	0	0	0	0	248	244	247	69	0	0	0	0	247
1374234550	891862	244	248	73	0	0	0	0	249	244	247	66	0	0	0	0	248
1374234551	385188	244	249	74	0	0	0	0	250	244	247	68	0	0	0	0	249
1374234551	877680	244	248	0	0	0	0	0	251	244	247	68	0	0	0	0	250
1374234552	370920	244	248	0	0	0	0	0	252	244	247	67	0	0	0	0	251
1374234552	864174	244	249	71	0	0	0	0	253	244	247	67	0	0	0	0	252
1374234553	357377	244	247	71	0	0	0	0	254	244	247	69	0	0	0	0	253
1374234553	850460	244	249	70	0	0	0	0	255	244	247	71	0	0	0	0	254
1374234554	343833	244	247	68	0	0	0	0	256	244	247	73	0	0	0	0	255
1374234554	835330	244	249	70	0	0	0	0	257	244	247	71	0	0	0	0	256
1374234555	327627	244	249	72	0	0	0	0	258	244	247	68	0	0	0	0	257
1374234555	820974	244	248	70	0	0	0	0	259	244	248	69	0	0	0	0	258
1374234556	313171	244	247	0	0	0	0	0	260	244	247	73	0	0	0	0	259
1374234556	806736	244	247	70	0	0	0	0	261	244	247	74	0	0	0	0	260
1374234557	299916	244	247	73	0	0	0	0	262	244	247	67	0	0	0	0	261
1374234557	794333	244	248	71	0	0	0	0	263	244	247	71	0	0	0	0	262
1374234558	287433	244	247	69	0	0	0	0	264	244	247	67	0	0	0	0	263
1374234558	781745	244	248	68	0	0	0	0	265	244	247	67	0	0	0	0	264
1374234559	275024	244	248	74	0	0	0	0	266	244	247	67	0	0	0	0	265
1374234559	768340	244	247	75	0	0	0	0	267	244	247	67	0	0	0	0	266
1374234560	261522	244	248	71	0	0	0	0	268	244	247	69	0	0	0	0	267
1374234560	752927	244	247	72	0	0	0	0	269	244	247	67	0	0	0	0	268
1374234561	246043	244	247	71	0	0	0	0	270	244	247	68	0	0	0	0	269
1374234561	737485	244	248	73	0	0	0	0	271	244	247	67	0	0	0	0	270
1374234562	229863	244	247	0	0	0	0	0	272	244	247	68	0	0	0	0	271
1374234562	723200	244	248	69	0	0	0	0	273	244	247	66	0	0	0	0	272
1374234563	216384	244	247	70	0	0	0	0	274	244	247	0	0	0	0	0	273
1374234563	709814	244	249	0	0	0	0	0	275	244	247	71	0	0	0	0	274
1374234564	203314	244	249	74	0	0	0	0	276	244	247	68	0	0	0	0	275
1374234564	696338	244	249	69	0	0	0	0	277	244	247	0	0	0	0	0	276
1374234565	189642	244	248	71	0	0	0	0	278	244	247	74	0	0	0	0	277
1374234565	682171	244	248	68	0	0	0	0	279	244	247	67	0	0	0	0	278
1374234566	175370	244	247	68	0	0	0	0	280	244	247	74	0	0	0	0	279
1374234566	668811	244	248	69	0	0	0	0	281	244	247	67	0	0	0	0	280
1374234567	161121	244	248	68	0	0	0	0	282	244	247	67	0	0	0	0	281
1374234567	653451	244	247	0	0	0	0	0	283	244	247	75	0	0	0	0	282
1374234568	146589	244	247	0	0	0	0	0	284	244	247	69	0	0	0	0	283
1374234568	640858	244	247	63	0	0	0	0	285	244	247	69	0	0	0	0	284
1374234569	134198	244	249	0	0	0	0	0	286	244	247	0	0	0	0	0	285
1374234569	627369	244	247	70	0	0	0	0	287	244	247	69	0	0	0	0	286
1374234570	118844	244	248	71	0	0	0	0	288	244	247	70	0	0	0	0	287
1374234570	612034	244	248	73	0	0	0	0	289	244	248	66	138	0	0	0	288
1374234571	105311	244	248	0	0	0	0	0	290	244	247	49	0	0	0	0	289
1374234571	597696	244	249	74	0	0	0	0	291	244	247	49	0	0	0	0	290
1374234572	090911	244	247	70	0	0	0	0	292	244	247	52	0	0	0	0	291
1374234572	584193	244	247	0	0	0	0	0	293	244	247	64	0	0	0	0	292
1374234573	075459	244	248	68	0	0	0	0	294	244	247	137	0	0	0	0	293
1374234573	568784	244	249	69	0	0	0	0	295	244	247	60	0	0	0	0	294
1374234574	062070	244	248	69	0	0	0	0	296	244	247	0	0	0	0	0	295
1374234574	555598	244	247	66	0	0	0	0	297	244	247	61	0	0	0	0	296
1374234575	048558	244	247	0	0	0	0	0	298	244	247	62	0	0	0	0	297
1374234575	542026	244	248	69	0	0	0	0	299	244	247	62	0	0	0	0	298
1374234576	036527	244	247	68	0	0	0	0	300	244	247	62	0	0	0	0	299
1374234576	528726	244	247	0	0	0	0	0	301	244	247	58	0	0	0	0	300
1374234577	020999	244	248	0	0	0	0	0	302	244	247	0	0	0	0	0	301
1374234577	514365	244	248	0	0	0	0	0	303	244	247	70	0	0	0	0	302
1374234578	006509	244	248	71	0	0	0	0	304	244	247	66	0	0	0	0	303
1374234578	499008	244	248	71	0	0	0	0	305	244	247	66	0	0	0	0	304
1374234578	992390	244	247	0	0	0	0	0	306	244	247	65	0	0	0	0	305
1374234579	485540	244	249	73	0	0	0	0	307	244	247	66	0	0	0	0	306
1374234579	978859	244	248	72	0	0	0	0	308	244	247	58	0	0	0	0	307
1374234580	472152	244	248	0	0	0	0	0	309	244	247	59	0	0	0	0	308
1374234580	963283	244	247	72	0	0	0	0	310	244	247	66	0	0	0	0	309
1374234581	456858	244	248	0	0	0	0	0	311	244	247	0	0	0	0	0	310
1374234581	948015	244	247	70	0	0	0	0	312	244	247	63	0	0	0	0	311
1374234582	441408	244	248	69	0	0	0	0	313	244	247	64	0	0	0	0	312
1374234582	933484	244	248	0	0	0	0	0	314	244	247	57	0	0	0	0	313
1374234583	425060	244	247	0	0	0	0	0	315	244	247	0	0	0	0	0	314
1374234583	918142	244	248	0	0	0	0	0	316	244	247	0	0	0	0	0	315
1374234584	409536	244	249	0	0	0	0	0	317	244	247	64	0	0	0	0	316
1374234584	901965	244	247	60	0	0	0	0	318	244	247	63	0	0	0	0	317
1374234585	394093	244	248	0	0	0	0	0	319	244	247	60	0	0	0	0	318
1374234585	887470	244	249	0	0	0	0	0	320	244	247	58	0	0	0	0	319
1374234586	381869	244	247	0	0	0	0	0	321	244	247	68	0	0	0	0	320
1374234586	873155	244	249	70	0	0	0	0	322	244	247	62	0	0	0	0	321
1374234587	365349	244	247	0	0	0	0	0	323	244	247	67	0	0	0	0	322
1374234587	857629	244	247	0	0	0	0	0	324	244	247	60	0	0	0	0	323
1374234588	350908	244	248	70	0	0	0	0	325	244	247	67	0	0	0	0	324
1374234588	844153	244	248	68	0	0	0	0	326	244	247	65	0	0	0	0	325
1374234589	337716	244	248	0	0	0	0	0	327	244	247	68	0	0	0	0	326
1374234589	831070	244	247	70	0	0	0	0	328	244	247	60	0	0	0	0	327
1374234590	324257	244	247	0	0	0	0	0	329	244	247	67	0	0	0	0	328
1374234590	817631	244	247	69	0	0	0	0	330	244	247	60	0	0	0	0	329
1374234591	310905	244	248	0	0	0	0	0	331	244	247	62	0	0	0	0	330
1374234591	804216	244	247	0	0	0	0	0	332	244	247	60	0	0	0	0	331
1374234592	297491	244	249	0	0	0	0	0	333	244	247	61	0	0	0	0	332
1374234592	790850	244	247	0	0	0	0	0	334	244	247	62	0	0	0	0	333
1374234593	285140	244	247	69	0	0	0	0	335	244	247	68	0	0	0	0	334
1374234593	778277	244	249	71	0	0	0	0	336	244	247	69	0	0	0	0	335
1374234594	270595	244	248	70	0	0	0	0	337	244	247	69	0	0	0	0	336
1374234594	764020	244	247	69	0	0	0	0	338	244	247	69	0	0	0	0	337
1374234595	257405	244	247	70	0	0	0	0	339	244	247	0	0	0	0	0	338
1374234595	750589	244	249	70	0	0	0	0	340	244	247	62	0	0	0	0	339
1374234596	242915	244	248	71	0	0	0	0	341	244	247	63	0	0	0	0	340
1374234596	735498	244	249	69	0	0	0	0	342	244	247	63	0	0	0	0	341
1374234597	228646	244	247	71	0	0	0	0	343	244	247	63	0	0	0	0	342
1374234597	722006	244	249	71	0	0	0	0	344	244	247	62	0	0	0	0	343
1374234598	214406	244	247	70	0	0	0	0	345	244	247	0	0	0	0	0	344
1374234598	707468	244	247	56	0	0	0	0	346	244	247	63	0	0	0	0	345
1374234599	200810	244	248	58	0	0	0	0	347	244	247	66	0	0	0	0	346
1374234599	693048	244	248	0	0	0	0	0	348	244	247	60	0	0	0	0	347
1374234600	186463	244	247	72	0	0	0	0	349	244	247	61	0	0	0	0	348
1374234600	679989	244	247	0	0	0	0	0	350	244	247	61	0	0	0	0	349
1374234601	173161	244	247	71	0	0	0	0	351	244	247	60	0	0	0	0	350
1374234601	665289	244	249	70	0	0	0	0	352	244	247	68	0	0	0	0	351
1374234602	158550	244	247	0	0	0	0	0	353	244	247	61	166	0	0	0	352
1374234602	651835	244	249	0	0	0	0	0	354	244	247	73	0	0	0	0	353
1374234603	145049	244	249	0	0	0	0	0	355	244	247	72	0	0	0	0	354
1374234603	638397	244	247	0	0	0	0	0	356	244	247	62	0	0	0	0	355
1374234604	131538	244	247	0	0	0	0	0	357	244	247	59	0	0	0	0	356
1374234604	623892	244	248	0	0	0	0	0	358	244	247	65	0	0	0	0	357
1374234605	118280	244	249	75	0	0	0	0	359	244	247	64	0	0	0	0	358
1374234605	611603	244	247	0	0	0	0	0	360	244	247	60	0	0	0	0	359
1374234606	104996	244	249	76	0	0	0	0	361	244	247	72	0	0	0	0	360
1374234606	598307	244	249	73	0	0	0	0	362	244	247	71	0	0	0	0	361
1374234607	090554	244	248	0	0	0	0	0	363	244	247	69	0	0	0	0	362
1374234607	583966	244	249	73	0	0	0	0	364	244	247	68	0	0	0	0	363
1374234608	075990	244	249	71	0	0	0	0	365	244	247	67	0	0	0	0	364
1374234608	569331	244	249	71	0	0	0	0	366	244	247	66	0	0	0	0	365
1374234609	062583	244	248	0	0	0	0	0	367	244	247	62	0	0	0	0	366
1374234609	556048	244	247	73	0	0	0	0	368	244	247	63	0	0	0	0	367
1374234610	049483	244	249	70	0	0	0	0	369	244	247	69	0	0	0	0	368
1374234610	542595	244	248	0	0	0	0	0	370	244	247	67	0	0	0	0	369
1374234611	035908	244	247	0	0	0	0	0	371	244	247	70	0	0	0	0	370
1374234611	528334	244	247	0	0	0	0	0	372	244	247	58	0	0	0	0	371
1374234612	020646	244	247	0	0	0	0	0	373	244	247	59	0	0	0	0	372
1374234612	512889	244	247	69	0	0	0	0	374	244	247	0	0	0	0	0	373
1374234613	006078	244	249	69	0	0	0	0	375	244	247	73	0	0	0	0	374
1374234613	498503	244	247	0	0	0	0	0	376	244	247	68	0	0	0	0	375
1374234613	990731	244	248	0	0	0	0	0	377	244	247	59	0	0	0	0	376
1374234614	483141	244	248	0	0	0	0	0	378	244	247	60	0	0	0	0	377
1374234614	976490	244	249	72	0	0	0	0	379	244	247	54	0	0	0	0	378
1374234615	469811	244	248	0	0	0	0	0	380	244	247	56	0	0	0	0	379
1374234615	962911	244	247	73	0	0	0	0	381	244	247	62	0	0	0	0	380
1374234616	454312	244	249	0	0	0	0	0	382	244	247	60	0	0	0	0	381
1374234616	946895	244	248	0	0	0	0	0	383	244	247	58	128	0	0	0	382
1374234617	440043	244	248	69	0	0	0	0	384	244	247	62	0	0	0	0	383
1374234617	933138	244	247	74	0	0	0	0	385	244	247	72	0	0	0	0	384
1374234618	424642	244	247	0	0	0	0	0	386	244	247	63	0	0	0	0	385
1374234618	915758	244	247	0	0	0	0	0	387	244	247	63	0	0	0	0	386
1374234619	408294	244	247	0	0	0	0	0	388	244	248	64	0	0	0	0	387
1374234619	901490	244	247	0	0	0	0	0	389	244	247	62	0	0	0	0	388
1374234620	393873	244	248	0	0	0	0	0	390	244	247	62	0	0	0	0	389
1374234620	887182	244	247	0	0	0	0	0	391	244	247	65	0	0	0	0	390
1374234621	379595	244	247	0	0	0	0	0	392	244	247	71	0	0	0	0	391
1374234621	872733	244	248	75	0	0	0	0	393	244	247	0	0	0	0	0	392
1374234622	366079	244	248	75	0	0	0	0	394	244	247	71	0	0	0	0	393
1374234622	858170	244	248	74	0	0	0	0	395	244	247	68	0	0	0	0	394
1374234623	349790	244	249	74	0	0	0	0	396	244	247	62	0	0	0	0	395
1374234623	842844	244	249	0	0	0	0	0	397	244	247	62	0	0	0	0	396
1374234624	336312	244	248	75	0	0	0	0	398	244	247	63	0	0	0	0	397
1374234624	829696	244	248	0	0	0	0	0	399	244	247	61	0	0	0	0	398
1374234625	323807	244	247	0	0	0	0	0	400	244	247	0	0	0	0	0	399
1374234625	817239	244	248	0	0	0	0	0	401	244	247	69	0	0	0	0	400
1374234626	310346	244	248	0	0	0	0	0	402	244	247	75	0	0	0	0	401
1374234626	803688	244	247	0	0	0	0	0	403	244	248	70	0	0	0	0	402
1374234627	296935	244	247	75	0	0	0	0	404	244	248	70	0	0	0	0	403
1374234627	790262	244	247	78	0	0	0	0	405	244	247	69	0	0	0	0	404
1374234628	282560	244	247	75	0	0	0	0	406	244	247	0	0	0	0	0	405
1374234628	774654	244	248	0	0	0	0	0	407	244	247	67	0	0	0	0	406
1374234629	267051	244	248	0	0	0	0	0	408	244	247	0	0	0	0	0	407
1374234629	760247	244	248	74	0	0	0	0	409	244	248	60	0	0	0	0	408
1374234630	253694	244	249	0	0	0	0	0	410	244	247	68	0	0	0	0	409
1374234630	747178	244	247	75	0	0	0	0	411	244	247	69	0	0	0	0	410
1374234631	240343	244	248	74	0	0	0	0	412	244	247	0	0	0	0	0	411
1374234631	733615	244	249	0	0	0	0	0	413	244	247	0	0	0	0	0	412
1374234632	226893	244	249	0	0	0	0	0	414	244	247	70	0	0	0	0	413
1374234632	721174	244	247	73	0	0	0	0	415	244	247	64	0	0	0	0	414
1374234633	214493	244	247	75	0	0	0	0	416	244	247	70	0	0	0	0	415
1374234633	707699	244	249	73	0	0	0	0	417	244	247	69	0	0	0	0	416
1374234634	201116	244	248	0	0	0	0	0	418	244	247	69	0	0	0	0	417
1374234634	695320	244	249	0	0	0	0	0	419	244	248	70	0	0	0	0	418
1374234635	187679	244	249	0	0	0	0	0	420	244	248	64	0	0	0	0	419
1374234635	679888	244	247	0	0	0	0	0	421	244	247	69	0	0	0	0	420
1374234636	173178	244	249	74	0	0	0	0	422	244	247	72	0	0	0	0	421
1374234636	666504	244	248	0	0	0	0	0	423	244	247	62	0	0	0	0	422
1374234637	159705	244	248	73	0	0	0	0	424	244	247	69	0	0	0	0	423
1374234637	653080	244	248	0	0	0	0	0	425	244	247	69	0	0	0	0	424
1374234638	145399	244	249	0	0	0	0	0	426	244	247	70	0	0	0	0	425
1374234638	637600	244	248	0	0	0	0	0	427	244	247	71	0	0	0	0	426
1374234639	130811	244	249	73	0	0	0	0	428	244	247	62	0	0	0	0	427
1374234639	624107	244	248	74	0	0	0	0	429	244	247	0	0	0	0	0	428
1374234640	117518	244	248	74	0	0	0	0	430	244	247	67	0	0	0	0	429
1374234640	610711	244	247	0	0	0	0	0	431	244	247	70	0	0	0	0	430
1374234641	103166	244	247	0	0	0	0	0	432	244	247	66	0	0	0	0	431
1374234641	596386	244	247	74	0	0	0	0	433	244	247	64	0	0	0	0	432
1374234642	088610	244	247	75	0	0	0	0	434	244	247	64	0	0	0	0	433
1374234642	582063	244	249	0	0	0	0	0	435	244	247	71	0	0	0	0	434
1374234643	074333	244	247	0	0	0	0	0	436	244	247	73	0	0	0	0	435
1374234643	566568	244	248	0	0	0	0	0	437	244	247	71	0	0	0	0	436
1374234644	060104	244	247	0	0	0	0	0	438	244	247	68	0	0	0	0	437
1374234644	553345	244	247	78	0	0	0	0	439	244	247	64	0	0	0	0	438
1374234645	045723	244	248	0	0	0	0	0	440	244	248	64	0	0	0	0	439
1374234645	538935	244	249	0	0	0	0	0	441	244	247	64	0	0	0	0	440
1374234646	031160	244	249	73	0	0	0	0	442	244	247	69	0	0	0	0	441
1374234646	523527	244	247	73	0	0	0	0	443	244	248	0	0	0	0	0	442
1374234647	016042	244	247	74	0	0	0	0	444	244	247	64	0	0	0	0	443
1374234647	509120	244	247	0	0	0	0	0	445	244	247	63	0	0	0	0	444
1374234648	002241	244	248	0	0	0	0	0	446	244	247	68	0	0	0	0	445
1374234648	493440	244	248	67	0	0	0	0	447	244	247	62	0	0	0	0	446
1374234648	984935	244	247	72	0	0	0	0	448	244	247	69	0	0	0	0	447
1374234649	478355	244	248	72	0	0	0	0	449	244	247	63	0	0	0	0	448
1374234649	971452	244	249	0	0	0	0	0	450	244	247	64	0	0	0	0	449
1374234650	465041	244	247	0	0	0	0	0	451	244	247	64	0	0	0	0	450
1374234650	957338	244	247	72	0	0	0	0	452	244	247	64	0	0	0	0	451
1374234651	450586	244	248	72	0	0	0	0	453	244	247	64	0	0	0	0	452
1374234651	943884	244	249	73	0	0	0	0	454	244	247	64	0	0	0	0	453
1374234652	437230	244	247	0	0	0	0	0	455	244	247	69	0	0	0	0	454
1374234652	929393	244	248	0	0	0	0	0	456	244	247	71	0	0	0	0	455
1374234653	422525	244	248	0	0	0	0	0	457	244	247	74	0	0	0	0	456
1374234653	915046	244	249	76	0	0	0	0	458	244	247	71	0	0	0	0	457
1374234654	407206	244	247	0	0	0	0	0	459	244	247	69	0	0	0	0	458
1374234654	900516	244	247	0	0	0	0	0	460	244	247	72	0	0	0	0	459
1374234655	393824	244	247	0	0	0	0	0	461	244	248	71	0	0	0	0	460
1374234655	888310	244	247	0	0	0	0	0	462	244	247	0	0	0	0	0	461
1374234656	381545	244	248	0	0	0	0	0	463	244	247	71	0	0	0	0	462
1374234656	874799	244	249	0	0	0	0	0	464	244	247	64	0	0	0	0	463
1374234657	368136	244	249	0	0	0	0	0	465	244	247	64	0	0	0	0	464
1374234657	860340	244	247	74	0	0	0	0	466	244	247	69	0	0	0	0	465
1374234658	351730	244	249	73	0	0	0	0	467	244	247	64	0	0	0	0	466
1374234658	845041	244	249	70	0	0	0	0	468	244	247	64	0	0	0	0	467
1374234659	338275	244	247	75	0	0	0	0	469	244	248	65	0	0	0	0	468
1374234659	831738	244	248	0	0	0	0	0	470	244	247	67	0	0	0	0	469
1374234660	325875	244	249	71	0	0	0	0	471	244	247	66	0	0	0	0	470
1374234660	818209	244	248	75	0	0	0	0	472	244	247	65	0	0	0	0	471
1374234661	311695	244	249	75	0	0	0	0	473	244	247	65	0	0	0	0	472
1374234661	804728	244	249	77	0	0	0	0	474	244	247	67	0	0	0	0	473
1374234662	298065	244	249	0	0	0	0	0	475	244	247	67	0	0	0	0	474
1374234662	791408	244	249	0	0	0	0	0	476	244	247	65	0	0	0	0	475
1374234663	284621	244	247	0	0	0	0	0	477	244	247	68	0	0	0	0	476
1374234663	778009	244	249	0	0	0	0	0	478	244	247	69	0	0	0	0	477
1374234664	271255	244	248	73	0	0	0	0	479	244	247	67	0	0	0	0	478
1374234664	764613	244	247	75	0	0	0	0	480	244	247	69	0	0	0	0	479
1374234665	257806	244	247	0	0	0	0	0	481	244	247	69	0	0	0	0	480
1374234665	751139	244	247	0	0	0	0	0	482	244	247	66	0	0	0	0	481
1374234666	243600	244	248	71	0	0	0	0	483	244	247	0	0	0	0	0	482
1374234666	736866	244	248	71	0	0	0	0	484	244	247	65	0	0	0	0	483
1374234667	231047	244	249	71	0	0	0	0	485	244	247	72	0	0	0	0	484
1374234667	724334	244	247	74	0	0	0	0	486	244	248	66	0	0	0	0	485
1374234668	217677	244	249	71	0	0	0	0	487	244	247	66	0	0	0	0	486
1374234668	711084	244	248	69	0	0	0	0	488	244	247	0	0	0	0	0	487
1374234669	204414	244	248	74	0	0	0	0	489	244	248	66	0	0	0	0	488
1374234669	697665	244	247	70	0	0	0	0	490	244	247	67	0	0	0	0	489
1374234670	191062	244	249	0	0	0	0	0	491	244	248	66	0	0	0	0	490
1374234670	684481	244	247	74	0	0	0	0	492	244	248	66	0	0	0	0	491
1374234671	176024	244	249	75	0	0	0	0	493	244	248	67	0	0	0	0	492
1374234671	669183	244	248	75	0	0	0	0	494	244	247	72	0	0	0	0	493
1374234672	162487	244	247	0	0	0	0	0	495	244	248	66	0	0	0	0	494
1374234672	655900	244	249	77	0	0	0	0	496	244	247	67	0	0	0	0	495
1374234673	149035	244	248	75	0	0	0	0	497	244	247	70	0	0	0	0	496
1374234673	642296	244	248	76	0	0	0	0	498	244	247	67	0	0	0	0	497
1374234674	135552	244	247	73	0	0	0	0	499	244	247	65	0	0	0	0	498
1374234674	628021	244	247	0	0	0	0	0	500	244	247	67	0	0	0	0	499
1374234675	121379	244	248	0	0	0	0	0	501	244	248	67	0	0	0	0	500
1374234675	614584	244	249	75	0	0	0	0	502	244	247	72	0	0	0	0	501
1374234676	107842	244	249	0	0	0	0	0	503	244	247	66	0	0	0	0	502
1374234676	599152	244	247	0	0	0	0	0	504	244	247	71	0	0	0	0	503
1374234677	092270	244	247	77	0	0	0	0	505	244	247	65	0	0	0	0	504
1374234677	584706	244	247	73	0	0	0	0	506	244	247	64	0	0	0	0	505
1374234678	076867	244	249	0	0	0	0	0	507	244	247	68	0	0	0	0	506
1374234678	569201	244	249	0	0	0	0	0	508	244	247	0	0	0	0	0	507
1374234679	061473	244	247	0	0	0	0	0	509	244	247	76	0	0	0	0	508
1374234679	554770	244	249	0	0	0	0	0	510	244	248	77	0	0	0	0	509
1374234680	048132	244	247	69	0	0	0	0	511	244	248	70	0	0	0	0	510
1374234680	541346	244	249	0	0	0	0	0	512	244	247	69	0	0	0	0	511
1374234681	034692	244	248	73	0	0	0	0	513	244	248	68	0	0	0	0	512
1374234681	527001	244	248	73	0	0	0	0	514	244	247	65	0	0	0	0	513
1374234682	020452	244	247	72	0	0	0	0	515	244	247	64	0	0	0	0	514
1374234682	512683	244	247	0	0	0	0	0	516	244	247	74	0	0	0	0	515
1374234683	003923	244	249	70	0	0	0	0	517	244	247	64	0	0	0	0	516
1374234683	497451	244	249	71	0	0	0	0	518	244	247	70	0	0	0	0	517
1374234683	990477	244	247	71	0	0	0	0	519	244	247	70	0	0	0	0	518
1374234684	483872	244	247	78	0	0	0	0	520	244	247	69	0	0	0	0	519
1374234684	977334	244	248	0	0	0	0	0	521	244	247	76	0	0	0	0	520
1374234685	469871	244	247	0	0	0	0	0	522	244	247	64	0	0	0	0	521
1374234685	962938	244	248	0	0	0	0	0	523	244	247	64	0	0	0	0	522
1374234686	456413	244	248	0	0	0	0	0	524	244	247	64	0	0	0	0	523
1374234686	948796	244	247	72	0	0	0	0	525	244	247	64	0	0	0	0	524
1374234687	442054	244	249	72	0	0	0	0	526	244	247	66	0	0	0	0	525
1374234687	934195	244	248	71	0	0	0	0	527	244	247	73	0	0	0	0	526
1374234688	425643	244	248	74	0	0	0	0	528	244	247	66	0	0	0	0	527
1374234688	918046	244	248	72	0	0	0	0	529	244	247	65	0	0	0	0	528
1374234689	410343	244	249	0	0	0	0	0	530	244	247	70	0	0	0	0	529
1374234689	903569	244	247	0	0	0	0	0	531	244	248	67	0	0	0	0	530
1374234690	396891	244	247	0	0	0	0	0	532	244	247	70	0	0	0	0	531
1374234690	890045	244	248	73	0	0	0	0	533	244	247	69	0	0	0	0	532
1374234691	383370	244	247	0	0	0	0	0	534	244	247	70	0	0	0	0	533
1374234691	875769	244	247	79	0	0	0	0	535	244	247	0	0	0	0	0	534
1374234692	367979	244	249	74	0	0	0	0	536	244	247	71	0	0	0	0	535
1374234692	860458	244	249	73	0	0	0	0	537	244	248	71	0	0	0	0	536
1374234693	353586	244	249	0	0	0	0	0	538	244	247	70	0	0	0	0	537
1374234693	847038	244	248	74	0	0	0	0	539	244	247	0	0	0	0	0	538
1374234694	340186	244	248	73	0	0	0	0	540	244	247	0	0	0	0	0	539
1374234694	832426	244	249	0	0	0	0	0	541	244	247	73	0	0	0	0	540
1374234695	324880	244	248	0	0	0	0	0	542	244	247	73	0	0	0	0	541
1374234695	818248	244	248	0	0	0	0	0	543	244	247	69	0	0	0	0	542
1374234696	311418	244	249	74	0	0	0	0	544	244	247	70	0	0	0	0	543
1374234696	804581	244	248	75	0	0	0	0	545	244	247	72	0	0	0	0	544
1374234697	297900	244	248	0	0	0	0	0	546	244	248	70	0	0	0	0	545
1374234697	791197	244	247	73	0	0	0	0	547	244	247	73	0	0	0	0	546
1374234698	283444	244	248	0	0	0	0	0	548	244	247	66	0	0	0	0	547
1374234698	775891	244	249	71	0	0	0	0	549	244	247	70	0	0	0	0	548
1374234699	269279	244	248	67	0	0	0	0	550	244	247	73	0	0	0	0	549
1374234699	762506	244	247	0	0	0	0	0	551	244	247	73	0	0	0	0	550
1374234700	255759	244	247	68	0	0	0	0	552	244	247	73	0	0	0	0	551
1374234700	749095	244	249	75	0	0	0	0	553	244	247	69	0	0	0	0	552
1374234701	242239	244	248	0	0	0	0	0	554	244	247	74	0	0	0	0	553
1374234701	735725	244	249	0	0	0	0	0	555	244	247	76	0	0	0	0	554
1374234702	229113	244	248	0	0	0	0	0	556	244	247	0	0	0	0	0	555
1374234702	722417	244	247	0	0	0	0	0	557	244	247	76	0	0	0	0	556
1374234703	214578	244	247	0	0	0	0	0	558	244	247	71	0	0	0	0	557
1374234703	707751	244	249	0	0	0	0	0	559	244	247	71	0	0	0	0	558
1374234704	201159	244	247	0	0	0	0	0	560	244	247	72	0	0	0	0	559
1374234704	693557	244	247	0	0	0	0	0	561	244	247	72	0	0	0	0	560
1374234705	186743	244	247	0	0	0	0	0	562	244	247	73	0	0	0	0	561
1374234705	679117	244	249	143	0	0	0	0	563	244	247	70	0	0	0	0	562
1374234706	172584	244	248	0	0	0	0	0	564	244	247	70	0	0	0	0	563
1374234706	665864	244	248	0	0	0	0	0	565	244	247	72	0	0	0	0	564
1374234707	158054	244	248	0	0	0	0	0	566	244	247	72	0	0	0	0	565
1374234707	649518	244	248	0	0	0	0	0	567	244	247	73	0	0	0	0	566
1374234708	142649	244	249	0	0	0	0	0	568	244	247	72	0	0	0	0	567
1374234708	636218	244	247	0	0	0	0	0	569	244	247	73	0	0	0	0	568
1374234709	129472	244	248	74	0	0	0	0	570	244	247	71	0	0	0	0	569
1374234709	622565	244	247	0	0	0	0	0	571	244	248	73	0	0	0	0	570
1374234710	116068	244	249	0	0	0	0	0	572	244	247	73	0	0	0	0	571
1374234710	609385	244	248	74	0	0	0	0	573	244	247	0	0	0	0	0	572
1374234711	102602	244	247	0	0	0	0	0	574	244	248	0	0	0	0	0	573
1374234711	594864	244	247	0	0	0	0	0	575	244	247	71	0	0	0	0	574
1374234712	088261	244	249	0	0	0	0	0	576	244	248	72	0	0	0	0	575
1374234712	581663	244	247	74	0	0	0	0	577	244	248	0	0	0	0	0	576
1374234713	075738	244	247	75	0	0	0	0	578	244	247	74	0	0	0	0	577
1374234713	569165	244	247	75	0	0	0	0	579	244	247	0	0	0	0	0	578
1374234714	062488	244	247	0	0	0	0	0	580	244	248	73	0	0	0	0	579
1374234714	555769	244	248	84	0	0	0	0	581	244	247	71	0	0	0	0	580
1374234715	048048	244	247	0	0	0	0	0	582	244	247	72	0	0	0	0	581
1374234715	540332	244	247	73	0	0	0	0	583	244	247	69	0	0	0	0	582
1374234716	033593	244	248	75	0	0	0	0	584	244	247	0	0	0	0	0	583
1374234716	527316	244	247	76	0	0	0	0	585	244	247	73	0	0	0	0	584
1374234717	020231	244	247	74	0	0	0	0	586	244	247	69	0	0	0	0	585
1374234717	512901	244	248	76	0	0	0	0	587	244	247	69	0	0	0	0	586
1374234718	006823	244	247	0	0	0	0	0	588	244	247	69	0	0	0	0	587
1374234718	498158	244	247	0	0	0	0	0	589	244	247	76	0	0	0	0	588
1374234718	990381	244	247	0	0	0	0	0	590	244	247	0	0	0	0	0	589
1374234719	483743	244	248	0	0	0	0	0	591	244	247	71	0	0	0	0	590
1374234719	977020	244	247	76	0	0	0	0	592	244	247	69	0	0	0	0	591
1374234720	471336	244	247	0	0	0	0	0	593	244	247	70	0	0	0	0	592
1374234720	964827	244	247	84	0	0	0	0	594	244	247	74	0	0	0	0	593
1374234721	457223	244	249	0	0	0	0	0	595	244	247	0	0	0	0	0	594
1374234721	949159	244	249	0	0	0	0	0	596	244	247	72	0	0	0	0	595
1374234722	441345	244	247	0	0	0	0	0	597	244	247	71	0	0	0	0	596
1374234722	933644	244	247	0	0	0	0	0	598	244	247	70	0	0	0	0	597
1374234723	427020	244	248	0	0	0	0	0	599	244	247	74	0	0	0	0	598
1374234723	919303	244	248	85	0	0	0	0	600	244	247	71	0	0	0	0	599
1374234724	411603	244	249	0	0	0	0	0	601	244	247	72	0	0	0	0	600
1374234724	905109	244	247	0	0	0	0	0	602	244	247	71	0	0	0	0	601
1374234725	398256	244	247	0	0	0	0	0	603	244	247	71	0	0	0	0	602
1374234725	891750	244	247	0	0	0	0	0	604	244	247	72	0	0	0	0	603
1374234726	384803	244	248	0	0	0	0	0	605	244	247	72	0	0	0	0	604
1374234726	877220	244	247	0	0	0	0	0	606	244	248	70	0	0	0	0	605
1374234727	370579	244	247	0	0	0	0	0	607	244	247	71	0	0	0	0	606
1374234727	864084	244	247	0	0	0	0	0	608	244	247	74	0	0	0	0	607
1374234728	358109	244	249	0	0	0	0	0	609	244	247	0	0	0	0	0	608
1374234728	850471	244	249	0	0	0	0	0	610	244	247	71	0	0	0	0	609
1374234729	343706	244	247	0	0	0	0	0	611	244	247	71	0	0	0	0	610
1374234729	837056	244	247	72	0	0	0	0	612	244	247	71	0	0	0	0	611
1374234730	329440	244	248	0	0	0	0	0	613	244	247	72	0	0	0	0	612
1374234730	822519	244	248	0	0	0	0	0	614	244	247	71	0	0	0	0	613
1374234731	314941	244	247	84	0	0	0	0	615	244	247	72	0	0	0	0	614
1374234731	807353	244	247	77	0	0	0	0	616	244	247	71	0	0	0	0	615
1374234732	300680	244	247	0	0	0	0	0	617	244	247	70	0	0	0	0	616
1374234732	794047	244	249	76	0	0	0	0	618	244	248	73	0	0	0	0	617
1374234733	288046	244	247	0	0	0	0	0	619	244	247	73	0	0	0	0	618
1374234733	781435	244	248	72	0	0	0	0	620	244	247	72	0	0	0	0	619
1374234734	274636	244	248	72	0	0	0	0	621	244	247	77	0	0	0	0	620
1374234734	766910	244	248	0	0	0	0	0	622	244	247	72	0	0	0	0	621
1374234735	259226	244	249	73	0	0	0	0	623	244	247	74	0	0	0	0	622
1374234735	752669	244	248	72	0	0	0	0	624	244	247	72	0	0	0	0	623
1374234736	244973	244	248	72	0	0	0	0	625	244	247	72	0	0	0	0	624
1374234736	739262	244	248	0	0	0	0	0	626	244	247	73	0	0	0	0	625
1374234737	232502	244	248	76	0	0	0	0	627	244	247	79	0	0	0	0	626
1374234737	725730	244	248	77	0	0	0	0	628	244	247	73	0	0	0	0	627
1374234738	218061	244	247	0	0	0	0	0	629	244	247	78	0	0	0	0	628
1374234738	712394	244	249	0	0	0	0	0	630	244	247	74	0	0	0	0	629
1374234739	205827	244	247	74	0	0	0	0	631	244	247	73	0	0	0	0	630
1374234739	698876	244	247	76	0	0	0	0	632	244	247	79	0	0	0	0	631
1374234740	192089	244	247	77	0	0	0	0	633	244	247	78	0	0	0	0	632
1374234740	683583	244	249	0	0	0	0	0	634	244	247	78	0	0	0	0	633
1374234741	177882	244	247	0	0	0	0	0	635	244	247	77	0	0	0	0	634
1374234741	671083	244	249	74	0	0	0	0	636	244	248	78	0	0	0	0	635
1374234742	164538	244	248	77	0	0	0	0	637	244	247	73	0	0	0	0	636
1374234742	657799	244	249	0	0	0	0	0	638	244	247	73	0	0	0	0	637
1374234743	150009	244	247	75	0	0	0	0	639	244	247	80	0	0	0	0	638
1374234743	643486	244	248	0	0	0	0	0	640	244	247	80	0	0	0	0	639
1374234744	136637	244	248	74	0	0	0	0	641	244	248	0	0	0	0	0	640
1374234744	629806	244	248	0	0	0	0	0	642	244	247	73	0	0	0	0	641
1374234745	123239	244	249	0	0	0	0	0	643	244	247	72	0	0	0	0	642
1374234745	616664	244	248	0	0	0	0	0	644	244	247	80	0	0	0	0	643
1374234746	109847	244	249	76	0	0	0	0	645	244	248	0	0	0	0	0	644
1374234746	603162	244	248	0	0	0	0	0	646	244	247	79	0	0	0	0	645
1374234747	096476	244	248	0	0	0	0	0	647	244	247	73	0	0	0	0	646
1374234747	589910	244	247	0	0	0	0	0	648	244	247	74	0	0	0	0	647
1374234748	082970	244	247	0	0	0	0	0	649	244	247	72	0	0	0	0	648
1374234748	576359	244	249	0	0	0	0	0	650	244	247	79	0	0	0	0	649
1374234749	068543	244	248	0	0	0	0	0	651	244	247	78	0	0	0	0	650
1374234749	560910	244	247	0	0	0	0	0	652	244	247	73	0	0	0	0	651
1374234750	053220	244	248	0	0	0	0	0	653	244	248	74	0	0	0	0	652
1374234750	545527	244	247	0	0	0	0	0	654	244	247	78	0	0	0	0	653
1374234751	037793	244	247	74	0	0	0	0	655	244	247	0	0	0	0	0	654
1374234751	531190	244	248	0	0	0	0	0	656	244	247	0	0	0	0	0	655
1374234752	023657	244	249	75	0	0	0	0	657	244	247	72	0	0	0	0	656
1374234752	515842	244	247	73	0	0	0	0	658	244	247	75	0	0	0	0	657
1374234753	008891	244	249	74	0	0	0	0	659	244	248	71	0	0	0	0	658
1374234753	501372	244	247	72	0	0	0	0	660	244	247	72	0	0	0	0	659
1374234753	994701	244	247	0	0	0	0	0	661	244	247	72	0	0	0	0	660
1374234754	487915	244	247	73	0	0	0	0	662	244	247	72	0	0	0	0	661
1374234754	981209	244	247	73	0	0	0	0	663	244	247	71	0	0	0	0	662
1374234755	474501	244	249	73	0	0	0	0	664	244	248	71	0	0	0	0	663
1374234755	966727	244	247	0	0	0	0	0	665	244	247	71	0	0	0	0	664
1374234756	458247	244	249	74	0	0	0	0	666	244	247	75	0	0	0	0	665
1374234756	951545	244	248	75	0	0	0	0	667	244	247	0	0	0	0	0	666
1374234757	444809	244	247	74	0	0	0	0	668	244	247	75	0	0	0	0	667
1374234757	937075	244	248	0	0	0	0	0	669	244	247	73	0	0	0	0	668
1374234758	429433	244	249	74	0	0	0	0	670	244	247	73	0	0	0	0	669
1374234758	922593	244	249	77	0	0	0	0	671	244	247	0	0	0	0	0	670
1374234759	415992	244	248	75	0	0	0	0	672	244	248	73	0	0	0	0	671
1374234759	908342	244	247	75	0	0	0	0	673	244	247	78	0	0	0	0	672
1374234760	400546	244	248	75	0	0	0	0	674	244	247	78	0	0	0	0	673
1374234760	893006	244	249	75	0	0	0	0	675	244	247	79	0	0	0	0	674
1374234761	386197	244	249	78	0	0	0	0	676	244	247	74	0	0	0	0	675
1374234761	879583	244	248	0	0	0	0	0	677	244	247	73	0	0	0	0	676
1374234762	372146	244	248	74	0	0	0	0	678	244	247	77	0	0	0	0	677
1374234762	865488	244	247	75	0	0	0	0	679	244	247	74	0	0	0	0	678
1374234763	358429	244	249	74	0	0	0	0	680	244	247	76	0	0	0	0	679
1374234763	850827	244	249	0	0	0	0	0	681	244	247	73	0	0	0	0	680
1374234764	343151	244	247	75	0	0	0	0	682	244	248	73	0	0	0	0	681
1374234764	836353	244	248	74	0	0	0	0	683	244	247	78	0	0	0	0	682
1374234765	329727	244	247	74	0	0	0	0	684	244	247	77	0	0	0	0	683
1374234765	823010	244	249	0	0	0	0	0	685	244	247	79	0	0	0	0	684
1374234766	316486	244	247	0	0	0	0	0	686	244	247	73	0	0	0	0	685
1374234766	809729	244	248	75	0	0	0	0	687	244	247	79	0	0	0	0	686
1374234767	302037	244	247	74	0	0	0	0	688	244	247	79	0	0	0	0	687
1374234767	795392	244	249	0	0	0	0	0	689	244	247	79	0	0	0	0	688
1374234768	287697	244	249	78	0	0	0	0	690	244	247	73	0	0	0	0	689
1374234768	780807	244	247	76	0	0	0	0	691	244	248	73	0	0	0	0	690
1374234769	274091	244	249	76	0	0	0	0	692	244	247	0	0	0	0	0	691
1374234769	768435	244	247	75	0	0	0	0	693	244	247	74	0	0	0	0	692
1374234770	261741	244	248	78	0	0	0	0	694	244	247	80	0	0	0	0	693
1374234770	754183	244	248	0	0	0	0	0	695	244	247	72	0	0	0	0	694
1374234771	247384	244	247	76	0	0	0	0	696	244	247	72	0	0	0	0	695
1374234771	740743	244	247	78	0	0	0	0	697	244	247	72	0	0	0	0	696
1374234772	234087	244	247	76	0	0	0	0	698	244	248	80	0	0	0	0	697
1374234772	727577	244	248	77	0	0	0	0	699	244	247	74	0	0	0	0	698
1374234773	221787	244	249	74	0	0	0	0	700	244	247	73	0	0	0	0	699
1374234773	715000	244	247	76	0	0	0	0	701	244	247	73	0	0	0	0	700
1374234774	208383	244	248	78	0	0	0	0	702	244	247	72	0	0	0	0	701
1374234774	700802	244	248	76	0	0	0	0	703	244	248	0	0	0	0	0	702
1374234775	193902	244	249	78	0	0	0	0	704	244	247	75	0	0	0	0	703
1374234775	687300	244	248	0	0	0	0	0	705	244	247	73	0	0	0	0	704
1374234776	180682	244	249	77	0	0	0	0	706	244	247	73	0	0	0	0	705
1374234776	672958	244	248	77	0	0	0	0	707	244	247	80	0	0	0	0	706
1374234777	166180	244	247	76	0	0	0	0	708	244	247	74	0	0	0	0	707
1374234777	659555	244	247	0	0	0	0	0	709	244	247	80	0	0	0	0	708
1374234778	152791	244	248	0	0	0	0	0	710	244	247	71	0	0	0	0	709
1374234778	646119	244	249	77	0	0	0	0	711	244	247	71	0	0	0	0	710
1374234779	139295	244	247	76	0	0	0	0	712	244	247	79	0	0	0	0	711
1374234779	632634	244	248	78	0	0	0	0	713	244	247	77	0	0	0	0	712
1374234780	123970	244	248	0	0	0	0	0	714	244	247	71	0	0	0	0	713
1374234780	617260	244	249	74	0	0	0	0	715	244	248	71	0	0	0	0	714
1374234781	110872	244	248	77	0	0	0	0	716	244	247	80	0	0	0	0	715
1374234781	604811	244	247	76	0	0	0	0	717	244	248	80	0	0	0	0	716
1374234782	097274	244	247	76	0	0	0	0	718	244	248	0	0	0	0	0	717
1374234782	590427	244	248	75	0	0	0	0	719	244	247	71	0	0	0	0	718
1374234783	082835	244	248	77	0	0	0	0	720	244	247	71	0	0	0	0	719
1374234783	576238	244	247	78	0	0	0	0	721	244	247	74	0	0	0	0	720
1374234784	068567	244	247	0	0	0	0	0	722	244	247	74	0	0	0	0	721
1374234784	561754	244	247	75	0	0	0	0	723	244	247	79	0	0	0	0	722
1374234785	054982	244	247	0	0	0	0	0	724	244	247	70	0	0	0	0	723
1374234785	547550	244	247	75	0	0	0	0	725	244	247	76	0	0	0	0	724
1374234786	039883	244	247	75	0	0	0	0	726	244	247	74	0	0	0	0	725
1374234786	532918	244	248	0	0	0	0	0	727	244	247	74	0	0	0	0	726
1374234787	026338	244	249	74	0	0	0	0	728	244	248	71	0	0	0	0	727
1374234787	518628	244	248	0	0	0	0	0	729	244	247	70	0	0	0	0	728
1374234788	010710	244	247	0	0	0	0	0	730	244	247	72	0	0	0	0	729
1374234788	503335	244	247	0	0	0	0	0	731	244	247	73	0	0	0	0	730
1374234788	996753	244	248	0	0	0	0	0	732	244	247	74	0	0	0	0	731
1374234789	489878	244	247	73	0	0	0	0	733	244	247	79	0	0	0	0	732
1374234789	982234	244	248	74	0	0	0	0	734	244	247	71	0	0	0	0	733
1374234790	474369	244	247	75	0	0	0	0	735	244	247	70	0	0	0	0	734
1374234790	967389	244	248	0	0	0	0	0	736	244	247	80	0	0	0	0	735
1374234791	459622	244	249	0	0	0	0	0	737	244	247	81	0	0	0	0	736
1374234791	952981	244	248	74	0	0	0	0	738	244	247	72	0	0	0	0	737
1374234792	446394	244	248	74	0	0	0	0	739	244	248	70	0	0	0	0	738
1374234792	938580	244	248	74	0	0	0	0	740	244	248	70	0	0	0	0	739
1374234793	431657	244	247	74	0	0	0	0	741	244	247	79	0	0	0	0	740
1374234793	924014	244	247	73	0	0	0	0	742	244	247	72	0	0	0	0	741
1374234794	417352	244	247	74	0	0	0	0	743	244	247	73	0	0	0	0	742
1374234794	910713	244	248	0	0	0	0	0	744	244	247	70	0	0	0	0	743
1374234795	403976	244	248	71	0	0	0	0	745	244	247	74	0	0	0	0	744
1374234795	897268	244	247	72	0	0	0	0	746	244	247	68	0	0	0	0	745
1374234796	390634	244	248	71	0	0	0	0	747	244	247	68	0	0	0	0	746
1374234796	883958	244	249	73	0	0	0	0	748	244	248	69	0	0	0	0	747
1374234797	377235	244	248	0	0	0	0	0	749	244	247	69	0	0	0	0	748
1374234797	870535	244	249	0	0	0	0	0	750	244	247	71	0	0	0	0	749
1374234798	364662	244	247	74	0	0	0	0	751	244	247	70	0	0	0	0	750
1374234798	858154	244	249	74	0	0	0	0	752	244	247	68	0	0	0	0	751
1374234799	351388	244	247	73	0	0	0	0	753	244	248	0	0	0	0	0	752
1374234799	843778	244	249	66	0	0	0	0	754	244	248	70	0	0	0	0	753
1374234800	336992	244	248	67	0	0	0	0	755	244	247	71	0	0	0	0	754
1374234800	830281	244	248	67	0	0	0	0	756	244	247	80	0	0	0	0	755
1374234801	322624	244	247	63	0	0	0	0	757	244	247	73	0	0	0	0	756
1374234801	815725	244	249	68	0	0	0	0	758	244	247	67	0	0	0	0	757
1374234802	309200	244	248	62	0	0	0	0	759	244	247	71	0	0	0	0	758
1374234802	803546	244	247	0	0	0	0	0	760	244	247	69	0	0	0	0	759
1374234803	297677	244	248	63	0	0	0	0	761	244	247	76	0	0	0	0	760
1374234803	790083	244	248	73	0	0	0	0	762	244	247	75	0	0	0	0	761
1374234804	281327	244	247	0	0	0	0	0	763	244	247	68	0	0	0	0	762
1374234804	774360	244	247	83	0	0	0	0	764	244	247	73	0	0	0	0	763
1374234805	264872	244	247	80	0	0	0	0	765	244	247	76	0	0	0	0	764
1374234805	757027	244	247	84	0	0	0	0	766	244	247	0	0	0	0	0	765
1374234806	250626	244	249	82	0	0	0	0	767	244	248	0	0	0	0	0	766
1374234806	744725	244	248	76	0	0	0	0	768	244	247	77	0	0	0	0	767
1374234807	236998	244	248	78	0	0	0	0	769	244	247	75	0	0	0	0	768
1374234807	729423	244	249	0	0	0	0	0	770	244	247	74	0	0	0	0	769
1374234808	222660	244	247	76	0	0	0	0	771	244	247	71	0	0	0	0	770
1374234808	715870	244	249	75	0	0	0	0	772	244	247	71	0	0	0	0	771
1374234809	208388	244	247	78	0	0	0	0	773	244	247	72	0	0	0	0	772
1374234809	701334	244	247	0	0	0	0	0	774	244	247	72	0	0	0	0	773
1374234810	192857	244	249	81	0	0	0	0	775	244	248	71	0	0	0	0	774
1374234810	686055	244	247	73	0	0	0	0	776	244	247	72	0	0	0	0	775
1374234811	179591	244	248	72	0	0	0	0	777	244	248	0	0	0	0	0	776
1374234811	673729	244	248	0	0	0	0	0	778	244	247	71	0	0	0	0	777
1374234812	166935	244	249	0	0	0	0	0	779	244	247	73	0	0	0	0	778
1374234812	660390	244	249	0	0	0	0	0	780	244	247	71	0	0	0	0	779
1374234813	154476	244	247	76	0	0	0	0	781	244	247	73	0	0	0	0	780
1374234813	647787	244	248	0	0	0	0	0	782	244	247	70	0	0	0	0	781
1374234814	138819	244	248	0	0	0	0	0	783	244	247	71	0	0	0	0	782
1374234814	630212	244	247	76	0	0	0	0	784	244	247	69	0	0	0	0	783
1374234815	123490	244	247	0	0	0	0	0	785	244	247	74	0	0	0	0	784
1374234815	616820	244	249	0	0	0	0	0	786	244	247	75	0	0	0	0	785
1374234816	109092	244	247	0	0	0	0	0	787	244	247	0	0	0	0	0	786
1374234816	601505	244	248	77	0	0	0	0	788	244	248	72	0	0	0	0	787
1374234817	094741	244	249	0	0	0	0	0	789	244	248	71	0	0	0	0	788
1374234817	587907	244	246	0	0	0	0	0	790	244	247	72	0	0	0	0	789
1374234818	081149	244	247	76	0	0	0	0	791	244	247	77	0	0	0	0	790
1374234818	573498	244	248	75	0	0	0	0	792	244	247	75	0	0	0	0	791
1374234819	066693	244	247	79	0	0	0	0	793	244	247	75	0	0	0	0	792
1374234819	559194	244	247	72	0	0	0	0	794	244	247	0	0	0	0	0	793
1374234820	052336	244	248	0	0	0	0	0	795	244	247	0	0	0	0	0	794
1374234820	545719	244	248	71	0	0	0	0	796	244	247	0	0	0	0	0	795
1374234821	038970	244	248	0	0	0	0	0	797	244	247	71	0	0	0	0	796
1374234821	531363	244	248	0	0	0	0	0	798	244	248	77	0	0	0	0	797
1374234822	023537	244	249	0	0	0	0	0	799	244	247	77	0	0	0	0	798
1374234822	516760	244	247	72	0	0	0	0	800	244	248	76	0	0	0	0	799
1374234823	009728	244	249	0	0	0	0	0	801	244	247	78	0	0	0	0	800
1374234823	501315	244	247	0	0	0	0	0	802	244	247	0	0	0	0	0	801
1374234823	994578	244	248	0	0	0	0	0	803	244	247	71	0	0	0	0	802
1374234824	488010	244	248	0	0	0	0	0	804	244	248	74	0	0	0	0	803
1374234824	982348	244	247	0	0	0	0	0	805	244	247	0	0	0	0	0	804
1374234825	475659	244	248	73	0	0	0	0	806	244	248	78	0	0	0	0	805
1374234825	967895	244	247	0	0	0	0	0	807	244	247	0	0	0	0	0	806
1374234826	460180	244	247	71	0	0	0	0	808	244	248	76	0	0	0	0	807
1374234826	953654	244	249	72	0	0	0	0	809	244	247	74	0	0	0	0	808
1374234827	446876	244	248	0	0	0	0	0	810	244	248	73	0	0	0	0	809
1374234827	940175	244	249	72	0	0	0	0	811	244	247	72	0	0	0	0	810
1374234828	433461	244	247	0	0	0	0	0	812	244	247	72	0	0	0	0	811
1374234828	926773	244	249	0	0	0	0	0	813	244	247	0	0	0	0	0	812
1374234829	421153	244	249	0	0	0	0	0	814	244	247	76	0	0	0	0	813
1374234829	913493	244	249	0	0	0	0	0	815	244	248	72	0	0	0	0	814
1374234830	405722	244	248	0	0	0	0	0	816	244	247	72	0	0	0	0	815
1374234830	899101	244	249	0	0	0	0	0	817	244	248	74	0	0	0	0	816
1374234831	392410	244	249	0	0	0	0	0	818	244	247	0	0	0	0	0	817
1374234831	885601	244	249	72	0	0	0	0	819	244	247	71	0	0	0	0	818
1374234832	378079	244	247	0	0	0	0	0	820	244	248	71	0	0	0	0	819
1374234832	872468	244	249	0	0	0	0	0	821	244	247	0	0	0	0	0	820
1374234833	364316	244	248	74	0	0	0	0	822	244	247	73	0	0	0	0	821
1374234833	855813	244	247	77	0	0	0	0	823	244	247	73	0	0	0	0	822
1374234834	349952	244	247	77	0	0	0	0	824	244	248	76	0	0	0	0	823
1374234834	842455	244	247	0	0	0	0	0	825	244	248	0	0	0	0	0	824
1374234835	335800	244	247	0	0	0	0	0	826	244	247	0	0	0	0	0	825
1374234835	828979	244	248	74	0	0	0	0	827	244	247	0	0	0	0	0	826
1374234836	320469	244	249	0	0	0	0	0	828	244	247	0	0	0	0	0	827
1374234836	814607	244	249	73	0	0	0	0	829	244	247	0	0	0	0	0	828
1374234837	306928	244	247	0	0	0	0	0	830	244	248	0	0	0	0	0	829
1374234837	799314	244	247	71	0	0	0	0	831	244	247	0	0	0	0	0	830
1374234838	292487	244	249	71	0	0	0	0	832	244	247	72	0	0	0	0	831
1374234838	785663	244	247	71	0	0	0	0	833	244	247	76	0	0	0	0	832
1374234839	277243	244	249	0	0	0	0	0	834	244	247	72	0	0	0	0	833
1374234839	768478	244	249	79	0	0	0	0	835	244	247	71	0	0	0	0	834
1374234840	261717	244	248	0	0	0	0	0	836	244	247	72	0	0	0	0	835
1374234840	754160	244	249	0	0	0	0	0	837	244	247	71	0	0	0	0	836
1374234841	248263	244	248	0	0	0	0	0	838	244	247	76	0	0	0	0	837
1374234841	741689	244	248	72	0	0	0	0	839	244	248	74	0	0	0	0	838
1374234842	233880	244	249	82	0	0	0	0	840	244	247	76	0	0	0	0	839
1374234842	726105	244	247	77	0	0	0	0	841	244	247	0	0	0	0	0	840
1374234843	219640	244	248	0	0	0	0	0	842	244	247	76	0	0	0	0	841
1374234843	712877	244	248	0	0	0	0	0	843	244	247	75	0	0	0	0	842
1374234844	205944	244	247	0	0	0	0	0	844	244	247	0	0	0	0	0	843
1374234844	698360	244	247	73	0	0	0	0	845	244	247	71	0	0	0	0	844
1374234845	190585	244	248	74	0	0	0	0	846	244	247	69	0	0	0	0	845
1374234845	683930	244	248	0	0	0	0	0	847	244	247	0	0	0	0	0	846
1374234846	177234	244	247	0	0	0	0	0	848	244	247	71	0	0	0	0	847
1374234846	669462	244	249	71	0	0	0	0	849	244	247	75	0	0	0	0	848
1374234847	163694	244	248	76	0	0	0	0	850	244	247	75	0	0	0	0	849
1374234847	657004	244	248	74	0	0	0	0	851	244	247	74	0	0	0	0	850
1374234848	148245	244	248	75	0	0	0	0	852	244	247	72	0	0	0	0	851
1374234848	641708	244	247	0	0	0	0	0	853	244	247	72	0	0	0	0	852
1374234849	134849	244	249	79	0	0	0	0	854	244	248	72	0	0	0	0	853
1374234849	627257	244	247	0	0	0	0	0	855	244	247	76	0	0	0	0	854
1374234850	120607	244	248	73	0	0	0	0	856	244	247	71	0	0	0	0	855
1374234850	614051	244	247	74	0	0	0	0	857	244	247	76	0	0	0	0	856
1374234851	107199	244	248	0	0	0	0	0	858	244	247	0	0	0	0	0	857
1374234851	600553	244	249	0	0	0	0	0	859	244	247	73	0	0	0	0	858
1374234852	093001	244	247	75	0	0	0	0	860	244	247	73	0	0	0	0	859
1374234852	586267	244	247	71	0	0	0	0	861	244	247	71	0	0	0	0	860
1374234853	078413	244	247	0	0	0	0	0	862	244	247	76	0	0	0	0	861
1374234853	571629	244	248	74	0	0	0	0	863	244	248	72	0	0	0	0	862
1374234854	065017	244	247	0	0	0	0	0	864	244	248	79	0	0	0	0	863
1374234854	558328	244	247	0	0	0	0	0	865	244	247	72	0	0	0	0	864
1374234855	051662	244	247	71	0	0	0	0	866	244	248	72	0	0	0	0	865
1374234855	544140	244	249	76	0	0	0	0	867	244	247	0	0	0	0	0	866
1374234856	037373	244	249	76	0	0	0	0	868	244	247	76	0	0	0	0	867
1374234856	530682	244	249	76	0	0	0	0	869	244	247	75	0	0	0	0	868
1374234857	023864	244	247	74	0	0	0	0	870	244	247	0	0	0	0	0	869
1374234857	517335	244	249	74	0	0	0	0	871	244	247	72	0	0	0	0	870
1374234858	009366	244	247	75	0	0	0	0	872	244	247	73	0	0	0	0	871
1374234858	500772	244	248	0	0	0	0	0	873	244	247	73	0	0	0	0	872
1374234858	994251	244	247	0	0	0	0	0	874	244	247	71	0	0	0	0	873
1374234859	487368	244	247	74	0	0	0	0	875	244	248	73	0	0	0	0	874
1374234859	979693	244	248	75	0	0	0	0	876	244	247	73	0	0	0	0	875
1374234860	472177	244	249	0	0	0	0	0	877	244	247	71	0	0	0	0	876
1374234860	965344	244	249	0	0	0	0	0	878	244	247	76	0	0	0	0	877
1374234861	458693	244	247	76	0	0	0	0	879	244	247	77	0	0	0	0	878
1374234861	952140	244	248	76	0	0	0	0	880	244	247	78	0	0	0	0	879
1374234862	445352	244	249	75	0	0	0	0	881	244	247	72	0	0	0	0	880
1374234862	937615	244	248	74	0	0	0	0	882	244	247	73	0	0	0	0	881
1374234863	430894	244	248	75	0	0	0	0	883	244	247	72	0	0	0	0	882
1374234863	924334	244	247	0	0	0	0	0	884	244	247	73	0	0	0	0	883
1374234864	417733	244	248	0	0	0	0	0	885	244	247	0	0	0	0	0	884
1374234864	910040	244	247	0	0	0	0	0	886	244	247	0	0	0	0	0	885
1374234865	403301	244	247	0	0	0	0	0	887	244	247	75	0	0	0	0	886
1374234865	896680	244	249	0	0	0	0	0	888	244	248	74	0	0	0	0	887
1374234866	389945	244	247	76	0	0	0	0	889	244	248	0	0	0	0	0	888
1374234866	883255	244	249	74	0	0	0	0	890	244	247	0	0	0	0	0	889
1374234867	376480	244	248	73	0	0	0	0	891	244	247	0	0	0	0	0	890
1374234867	869783	244	249	74	0	0	0	0	892	244	247	0	0	0	0	0	891
1374234868	362088	244	248	0	0	0	0	0	893	244	248	73	0	0	0	0	892
1374234868	854395	244	249	0	0	0	0	0	894	244	248	72	0	0	0	0	893
1374234869	347737	244	249	0	0	0	0	0	895	244	248	73	0	0	0	0	894
1374234869	841018	244	249	0	0	0	0	0	896	244	247	71	0	0	0	0	895
1374234870	333195	244	248	74	0	0	0	0	897	244	247	0	0	0	0	0	896
1374234870	826498	244	249	0	0	0	0	0	898	244	247	76	0	0	0	0	897
1374234871	320767	244	247	0	0	0	0	0	899	244	248	0	0	0	0	0	898
1374234871	814149	244	247	0	0	0	0	0	900	244	247	82	0	0	0	0	899
1374234872	306531	244	249	0	0	0	0	0	901	244	247	74	0	0	0	0	900
1374234872	799781	244	247	78	0	0	0	0	902	244	247	84	0	0	0	0	901
1374234873	293233	244	249	72	0	0	0	0	903	244	247	75	0	0	0	0	902
1374234873	785617	244	247	0	0	0	0	0	904	244	247	0	0	0	0	0	903
1374234874	278677	244	249	0	0	0	0	0	905	244	248	74	0	0	0	0	904
1374234874	771070	244	248	0	0	0	0	0	906	244	247	74	0	0	0	0	905
1374234875	265393	244	248	74	0	0	0	0	907	244	247	72	0	0	0	0	906
1374234875	758475	244	248	0	0	0	0	0	908	244	247	0	0	0	0	0	907
1374234876	251868	244	249	0	0	0	0	0	909	244	247	0	0	0	0	0	908
1374234876	744338	244	249	74	0	0	0	0	910	244	247	0	0	0	0	0	909
1374234877	237633	244	248	74	0	0	0	0	911	244	247	72	0	0	0	0	910
1374234877	730807	244	247	74	0	0	0	0	912	244	247	73	0	0	0	0	911
1374234878	224074	244	248	75	0	0	0	0	913	244	247	0	0	0	0	0	912
1374234878	717526	244	249	75	0	0	0	0	914	244	247	0	0	0	0	0	913
1374234879	210747	244	248	0	0	0	0	0	915	244	247	76	0	0	0	0	914
1374234879	702935	244	248	78	0	0	0	0	916	244	247	73	0	0	0	0	915
1374234880	196371	244	248	74	0	0	0	0	917	244	247	73	0	0	0	0	916
1374234880	688387	244	249	73	0	0	0	0	918	244	247	74	0	0	0	0	917
1374234881	180795	244	248	74	0	0	0	0	919	244	247	72	0	0	0	0	918
1374234881	674042	244	248	0	0	0	0	0	920	244	247	0	0	0	0	0	919
1374234882	167429	244	249	73	0	0	0	0	921	244	248	73	0	0	0	0	920
1374234882	660695	244	247	74	0	0	0	0	922	244	248	73	0	0	0	0	921
1374234883	154084	244	249	74	0	0	0	0	923	244	247	73	0	0	0	0	922
1374234883	647269	244	247	73	0	0	0	0	924	244	247	71	0	0	0	0	923
1374234884	140477	244	248	74	0	0	0	0	925	244	247	71	0	0	0	0	924
1374234884	632830	244	247	73	0	0	0	0	926	244	248	73	0	0	0	0	925
1374234885	126037	244	247	0	0	0	0	0	927	244	247	0	0	0	0	0	926
1374234885	618281	244	249	73	0	0	0	0	928	244	247	77	0	0	0	0	927
1374234886	109776	244	248	0	0	0	0	0	929	244	247	85	0	0	0	0	928
1374234886	603101	244	249	73	0	0	0	0	930	244	247	0	0	0	0	0	929
1374234887	096374	244	249	73	0	0	0	0	931	244	247	0	0	0	0	0	930
1374234887	589851	244	247	73	0	0	0	0	932	244	247	0	0	0	0	0	931
1374234888	084032	244	247	0	0	0	0	0	933	244	247	78	0	0	0	0	932
1374234888	577107	244	247	0	0	0	0	0	934	244	247	0	0	0	0	0	933
1374234889	068504	244	249	72	0	0	0	0	935	244	248	73	0	0	0	0	934
1374234889	561915	244	247	73	0	0	0	0	936	244	247	0	0	0	0	0	935
1374234890	055136	244	248	73	0	0	0	0	937	244	247	74	0	0	0	0	936
1374234890	547480	244	247	0	0	0	0	0	938	244	248	0	0	0	0	0	937
1374234891	040821	244	249	74	0	0	0	0	939	244	247	0	0	0	0	0	938
1374234891	534001	244	248	73	0	0	0	0	940	244	247	0	0	0	0	0	939
1374234892	026457	244	248	73	0	0	0	0	941	244	247	80	0	0	0	0	940
1374234892	520775	244	248	0	0	0	0	0	942	244	247	0	0	0	0	0	941
1374234893	012940	244	247	75	0	0	0	0	943	244	247	0	0	0	0	0	942
1374234893	506309	244	247	75	0	0	0	0	944	244	247	0	0	0	0	0	943
1374234893	999733	244	247	0	0	0	0	0	945	244	248	76	0	0	0	0	944
1374234894	492917	244	247	0	0	0	0	0	946	244	248	0	0	0	0	0	945
1374234894	985358	244	247	0	0	0	0	0	947	244	247	0	0	0	0	0	946
1374234895	478494	244	247	75	0	0	0	0	948	244	247	0	0	0	0	0	947
1374234895	971973	244	247	73	0	0	0	0	949	244	247	0	0	0	0	0	948
1374234896	464430	244	248	72	0	0	0	0	950	244	247	0	0	0	0	0	949
1374234896	958416	244	248	74	0	0	0	0	951	244	247	0	0	0	0	0	950
1374234897	450882	244	249	0	0	0	0	0	952	244	247	0	0	0	0	0	951
1374234897	943988	244	247	0	0	0	0	0	953	244	247	0	0	0	0	0	952
1374234898	435438	244	249	73	0	0	0	0	954	244	247	0	0	0	0	0	953
1374234898	928948	244	247	73	0	0	0	0	955	244	247	0	0	0	0	0	954
1374234899	421045	244	247	0	0	0	0	0	956	244	247	0	0	0	0	0	955
1374234899	914366	244	248	0	0	0	0	0	957	244	247	75	0	0	0	0	956
1374234900	407703	244	249	0	0	0	0	0	958	244	247	76	0	0	0	0	957
1374234900	899128	244	247	73	0	0	0	0	959	244	247	76	0	0	0	0	958
1374234901	392322	244	247	76	0	0	0	0	960	244	247	77	0	0	0	0	959
1374234901	884654	244	247	0	0	0	0	0	961	244	247	0	0	0	0	0	960
1374234902	378123	244	247	0	0	0	0	0	962	244	247	78	0	0	0	0	961
1374234902	870254	244	248	0	0	0	0	0	963	244	247	74	0	0	0	0	962
1374234903	362562	244	247	76	0	0	0	0	964	244	248	74	0	0	0	0	963
1374234903	856032	244	248	75	0	0	0	0	965	244	247	76	0	0	0	0	964
1374234904	349335	244	249	79	0	0	0	0	966	244	248	74	0	0	0	0	965
1374234904	842565	244	248	76	0	0	0	0	967	244	247	0	0	0	0	0	966
1374234905	335857	244	248	74	0	0	0	0	968	244	248	0	0	0	0	0	967
1374234905	828111	244	249	80	0	0	0	0	969	244	247	0	0	0	0	0	968
1374234906	321451	244	248	75	0	0	0	0	970	244	247	75	0	0	0	0	969
1374234906	814993	244	249	0	0	0	0	0	971	244	247	77	0	0	0	0	970
1374234907	307991	244	248	74	0	0	0	0	972	244	247	0	0	0	0	0	971
1374234907	800259	244	248	0	0	0	0	0	973	244	248	78	0	0	0	0	972
1374234908	293509	244	249	72	0	0	0	0	974	244	247	72	0	0	0	0	973
1374234908	786843	244	247	72	0	0	0	0	975	244	247	0	0	0	0	0	974
1374234909	280263	244	247	0	0	0	0	0	976	244	247	77	0	0	0	0	975
1374234909	773518	244	248	75	0	0	0	0	977	244	247	0	0	0	0	0	976
1374234910	266945	244	249	0	0	0	0	0	978	244	247	76	0	0	0	0	977
1374234910	759172	244	247	74	0	0	0	0	979	244	248	78	0	0	0	0	978
1374234911	250532	244	249	72	0	0	0	0	980	244	247	73	0	0	0	0	979
1374234911	742963	244	247	74	0	0	0	0	981	244	247	71	0	0	0	0	980
1374234912	236279	244	249	74	0	0	0	0	982	244	247	73	0	0	0	0	981
1374234912	729643	244	247	72	0	0	0	0	983	244	247	0	0	0	0	0	982
1374234913	222930	244	248	77	0	0	0	0	984	244	247	73	0	0	0	0	983
1374234913	716075	244	248	0	0	0	0	0	985	244	247	71	0	0	0	0	984
1374234914	209525	244	248	73	0	0	0	0	986	244	248	79	0	0	0	0	985
1374234914	701792	244	249	72	0	0	0	0	987	244	247	73	0	0	0	0	986
1374234915	194109	244	247	74	0	0	0	0	988	244	247	77	0	0	0	0	987
1374234915	687379	244	248	0	0	0	0	0	989	244	247	0	0	0	0	0	988
1374234916	179730	244	248	75	0	0	0	0	990	244	247	0	0	0	0	0	989
1374234916	672941	244	248	72	0	0	0	0	991	244	248	75	0	0	0	0	990
1374234917	166414	244	247	0	0	0	0	0	992	244	247	71	0	0	0	0	991
1374234917	658790	244	248	0	0	0	0	0	993	244	247	0	0	0	0	0	992
1374234918	152720	244	248	73	0	0	0	0	994	244	247	76	0	0	0	0	993
1374234918	645014	244	249	72	0	0	0	0	995	244	247	81	0	0	0	0	994
1374234919	138379	244	249	78	0	0	0	0	996	244	247	76	0	0	0	0	995
1374234919	630630	244	247	73	0	0	0	0	997	244	247	0	0	0	0	0	996
1374234920	124092	244	249	76	0	0	0	0	998	244	248	75	0	0	0	0	997
1374234920	617269	244	247	76	0	0	0	0	999	244	248	75	0	0	0	0	998
1374234921	109505	244	249	0	0	0	0	0	1000	244	247	0	0	0	0	0	999
1374234921	602965	244	249	0	0	0	0	0	1001	244	247	0	0	0	0	0	1000
1374234922	096319	244	249	76	0	0	0	0	1002	244	247	76	0	0	0	0	1001
1374234922	588460	244	249	76	0	0	0	0	1003	244	247	75	0	0	0	0	1002
1374234923	081835	244	248	72	0	0	0	0	1004	244	247	76	0	0	0	0	1003
1374234923	574947	244	249	72	0	0	0	0	1005	244	247	0	0	0	0	0	1004
1374234924	067335	244	247	80	0	0	0	0	1006	244	247	0	0	0	0	0	1005
1374234924	560802	244	248	79	0	0	0	0	1007	244	247	75	0	0	0	0	1006
1374234925	053954	244	249	0	0	0	0	0	1008	244	248	76	0	0	0	0	1007
1374234925	547172	244	247	73	0	0	0	0	1009	244	247	0	0	0	0	0	1008
1374234926	039606	244	248	76	0	0	0	0	1010	244	248	0	0	0	0	0	1009
1374234926	532807	244	249	0	0	0	0	0	1011	244	247	76	0	0	0	0	1010
1374234927	026179	244	248	78	0	0	0	0	1012	244	247	76	0	0	0	0	1011
1374234927	519477	244	249	0	0	0	0	0	1013	244	247	78	0	0	0	0	1012
1374234928	011622	244	247	0	0	0	0	0	1014	244	247	73	0	0	0	0	1013
1374234928	502010	244	248	0	0	0	0	0	1015	244	247	0	0	0	0	0	1014
1374234928	994308	244	248	0	0	0	0	0	1016	244	248	0	0	0	0	0	1015
1374234929	487643	244	249	74	0	0	0	0	1017	244	247	0	0	0	0	0	1016
1374234929	980000	244	247	72	0	0	0	0	1018	244	247	0	0	0	0	0	1017
1374234930	473317	244	247	73	0	0	0	0	1019	244	247	0	0	0	0	0	1018
1374234930	966823	244	247	76	0	0	0	0	1020	244	247	0	0	0	0	0	1019
1374234931	459790	244	248	73	0	0	0	0	1021	244	247	0	0	0	0	0	1020
1374234931	953103	244	249	0	0	0	0	0	1022	244	247	0	0	0	0	0	1021
1374234932	445462	244	247	0	0	0	0	0	1023	244	248	77	0	0	0	0	1022
1374234932	937705	244	249	78	0	0	0	0	1024	244	247	0	0	0	0	0	1023
1374234933	428115	244	247	0	0	0	0	0	1025	244	247	76	0	0	0	0	1024
1374234933	921201	244	248	72	0	0	0	0	1026	244	247	0	0	0	0	0	1025
1374234934	414708	244	248	75	0	0	0	0	1027	244	247	72	0	0	0	0	1026
1374234934	907814	244	247	0	0	0	0	0	1028	244	247	76	0	0	0	0	1027
1374234935	401059	244	247	75	0	0	0	0	1029	244	247	78	0	0	0	0	1028
1374234935	894593	244	247	0	0	0	0	0	1030	244	247	68	0	0	0	0	1029
1374234936	386828	244	247	0	0	0	0	0	1031	244	247	67	0	0	0	0	1030
1374234936	880211	244	248	0	0	0	0	0	1032	244	248	64	0	0	0	0	1031
1374234937	373571	244	248	0	0	0	0	0	1033	244	248	62	0	0	0	0	1032
1374234937	865690	244	248	0	0	0	0	0	1034	244	248	72	0	0	0	0	1033
1374234938	359049	244	247	0	0	0	0	0	1035	244	248	65	0	0	0	0	1034
1374234938	852203	244	249	0	0	0	0	0	1036	244	248	74	0	0	0	0	1035
1374234939	345640	244	247	0	0	0	0	0	1037	244	248	69	0	0	0	0	1036
1374234939	838977	244	248	0	0	0	0	0	1038	244	248	61	0	0	0	0	1037
1374234940	332266	244	247	0	0	0	0	0	1039	244	248	64	0	0	0	0	1038
1374234940	825687	244	247	0	0	0	0	0	1040	244	248	59	0	0	0	0	1039
1374234941	318873	244	247	0	0	0	0	0	1041	244	248	59	0	0	0	0	1040
1374234941	812205	244	249	0	0	0	0	0	1042	244	248	60	0	0	0	0	1041
1374234942	305546	244	249	0	0	0	0	0	1043	244	248	59	0	0	0	0	1042
1374234942	798850	244	247	0	0	0	0	0	1044	244	248	60	0	0	0	0	1043
1374234943	291909	244	247	0	0	0	0	0	1045	244	248	63	0	0	0	0	1044
1374234943	785295	244	247	0	0	0	0	0	1046	244	248	63	0	0	0	0	1045
1374234944	278619	244	248	0	0	0	0	0	1047	244	248	64	0	0	0	0	1046
1374234944	771769	244	248	0	0	0	0	0	1048	244	248	63	0	0	0	0	1047
1374234945	263148	244	249	0	0	0	0	0	1049	244	248	63	0	0	0	0	1048
1374234945	756380	244	249	0	0	0	0	0	1050	244	248	63	0	0	0	0	1049
1374234946	249868	244	249	0	0	0	0	0	1051	244	248	63	0	0	0	0	1050
1374234946	744042	244	247	0	0	0	0	0	1052	244	248	63	0	0	0	0	1051
1374234947	237390	244	249	0	0	0	0	0	1053	244	248	63	0	0	0	0	1052
1374234947	730788	244	247	0	0	0	0	0	1054	244	248	63	0	0	0	0	1053
1374234948	223935	244	248	0	0	0	0	0	1055	244	248	64	0	0	0	0	1054
1374234948	716182	244	247	0	0	0	0	0	1056	244	248	63	0	0	0	0	1055
1374234949	209622	244	247	0	0	0	0	0	1057	244	248	63	0	0	0	0	1056
1374234949	703028	244	247	0	0	0	0	0	1058	244	248	63	0	0	0	0	1057
1374234950	196249	244	247	0	0	0	0	0	1059	244	248	63	0	0	0	0	1058
1374234950	690551	244	247	0	0	0	0	0	1060	244	248	62	0	0	0	0	1059
1374234951	183850	244	247	0	0	0	0	0	1061	244	248	63	0	0	0	0	1060
1374234951	677072	244	248	0	0	0	0	0	1062	244	248	63	0	0	0	0	1061
1374234952	170411	244	249	0	0	0	0	0	1063	244	248	63	0	0	0	0	1062
1374234952	663667	244	247	0	0	0	0	0	1064	244	248	62	0	0	0	0	1063
1374234953	157873	244	248	0	0	0	0	0	1065	244	248	62	0	0	0	0	1064
1374234953	651158	244	247	0	0	0	0	0	1066	244	248	63	0	0	0	0	1065
1374234954	144506	244	249	0	0	0	0	0	1067	244	248	63	0	0	0	0	1066
1374234954	636825	244	247	0	0	0	0	0	1068	244	248	63	0	0	0	0	1067
1374234955	129193	244	247	0	0	0	0	0	1069	244	248	63	0	0	0	0	1068
1374234955	622572	244	247	0	0	0	0	0	1070	244	248	63	0	0	0	0	1069
1374234956	115805	244	249	0	0	0	0	0	1071	244	248	63	0	0	0	0	1070
1374234956	609285	244	248	0	0	0	0	0	1072	244	248	63	0	0	0	0	1071
1374234957	103306	244	248	0	0	0	0	0	1073	244	248	63	0	0	0	0	1072
1374234957	595741	244	247	0	0	0	0	0	1074	244	248	63	0	0	0	0	1073
1374234958	089026	244	248	0	0	0	0	0	1075	244	248	64	0	0	0	0	1074
1374234958	581265	244	248	0	0	0	0	0	1076	244	248	63	0	0	0	0	1075
1374234959	074597	244	247	0	0	0	0	0	1077	244	248	63	0	0	0	0	1076
1374234959	565863	244	249	0	0	0	0	0	1078	244	248	63	0	0	0	0	1077
1374234960	059132	244	249	0	0	0	0	0	1079	244	248	63	0	0	0	0	1078
1374234960	552618	244	247	0	0	0	0	0	1080	244	248	61	0	0	0	0	1079
1374234961	045764	244	248	0	0	0	0	0	1081	244	248	60	0	0	0	0	1080
1374234961	538980	244	247	0	0	0	0	0	1082	244	248	61	0	0	0	0	1081
1374234962	033177	244	247	0	0	0	0	0	1083	244	248	63	0	0	0	0	1082
1374234962	525658	244	247	0	0	0	0	0	1084	244	248	63	0	0	0	0	1083
1374234963	017703	244	249	0	0	0	0	0	1085	244	248	61	0	0	0	0	1084
1374234963	511136	244	248	0	0	0	0	0	1086	244	248	60	0	0	0	0	1085
1374234964	004490	244	247	0	0	0	0	0	1087	244	248	60	0	0	0	0	1086
1374234964	496633	244	247	0	0	0	0	0	1088	244	248	63	0	0	0	0	1087
1374234964	988903	244	247	0	0	0	0	0	1089	244	248	61	0	0	0	0	1088
1374234965	481380	244	248	0	0	0	0	0	1090	244	248	60	0	0	0	0	1089
1374234965	973618	244	249	0	0	0	0	0	1091	244	248	60	0	0	0	0	1090
1374234966	466004	244	247	0	0	0	0	0	1092	244	248	58	0	0	0	0	1091
1374234966	959295	244	247	0	0	0	0	0	1093	244	248	63	0	0	0	0	1092
1374234967	450677	244	249	0	0	0	0	0	1094	244	248	60	0	0	0	0	1093
1374234967	943686	244	247	0	0	0	0	0	1095	244	248	60	0	0	0	0	1094
1374234968	435003	244	249	0	0	0	0	0	1096	244	248	60	0	0	0	0	1095
1374234968	928338	244	249	0	0	0	0	0	1097	244	248	59	0	0	0	0	1096
1374234969	421847	244	247	0	0	0	0	0	1098	244	248	58	0	0	0	0	1097
1374234969	914093	244	247	0	0	0	0	0	1099	244	248	59	0	0	0	0	1098
1374234970	407539	244	249	0	0	0	0	0	1100	244	248	60	0	0	0	0	1099
1374234970	900854	244	247	0	0	0	0	0	1101	244	248	59	0	0	0	0	1100
1374234971	394136	244	247	0	0	0	0	0	1102	244	248	58	0	0	0	0	1101
1374234971	887571	244	249	0	0	0	0	0	1103	244	248	58	0	0	0	0	1102
1374234972	380696	244	247	0	0	0	0	0	1104	244	248	60	0	0	0	0	1103
1374234972	873941	244	248	0	0	0	0	0	1105	244	248	60	0	0	0	0	1104
1374234973	365166	244	247	0	0	0	0	0	1106	244	248	59	0	0	0	0	1105
1374234973	857588	244	247	0	0	0	0	0	1107	244	248	58	0	0	0	0	1106
1374234974	350817	244	247	0	0	0	0	0	1108	244	248	58	0	0	0	0	1107
1374234974	842991	244	247	0	0	0	0	0	1109	244	248	60	0	0	0	0	1108
1374234975	335270	244	249	0	0	0	0	0	1110	244	248	60	0	0	0	0	1109
1374234975	826569	244	248	0	0	0	0	0	1111	244	248	60	0	0	0	0	1110
1374234976	319085	244	249	0	0	0	0	0	1112	244	248	58	0	0	0	0	1111
1374234976	812314	244	247	0	0	0	0	0	1113	244	248	58	0	0	0	0	1112
1374234977	305505	244	248	0	0	0	0	0	1114	244	248	60	0	0	0	0	1113
1374234977	797944	244	249	0	0	0	0	0	1115	244	248	60	0	0	0	0	1114
1374234978	290172	244	249	0	0	0	0	0	1116	244	248	60	0	0	0	0	1115
1374234978	782578	244	247	0	0	0	0	0	1117	244	248	58	0	0	0	0	1116
1374234979	275720	244	247	0	0	0	0	0	1118	244	248	58	0	0	0	0	1117
1374234979	769158	244	248	0	0	0	0	0	1119	244	248	58	0	0	0	0	1118
1374234980	262242	244	247	0	0	0	0	0	1120	244	248	57	0	0	0	0	1119
1374234980	755735	244	249	0	0	0	0	0	1121	244	248	57	0	0	0	0	1120
1374234981	249098	244	249	0	0	0	0	0	1122	244	248	58	0	0	0	0	1121
1374234981	741369	244	248	0	0	0	0	0	1123	244	248	64	0	0	0	0	1122
1374234982	234555	244	249	0	0	0	0	0	1124	244	248	65	0	0	0	0	1123
1374234982	727913	244	248	0	0	0	0	0	1125	244	248	62	0	0	0	0	1124
1374234983	221167	244	249	0	0	0	0	0	1126	244	248	68	0	0	0	0	1125
1374234983	713565	244	247	0	0	0	0	0	1127	244	248	0	0	0	0	0	1126
1374234984	206875	244	249	0	0	0	0	0	1128	244	248	69	0	0	0	0	1127
1374234984	700134	244	247	0	0	0	0	0	1129	244	248	65	0	0	0	0	1128
1374234985	192504	244	247	0	0	0	0	0	1130	244	248	62	0	0	0	0	1129
1374234985	685778	244	247	0	0	0	0	0	1131	244	248	63	0	0	0	0	1130
1374234986	178983	244	247	0	0	0	0	0	1132	244	248	61	0	0	0	0	1131
1374234986	672380	244	248	0	0	0	0	0	1133	244	248	61	0	0	0	0	1132
1374234987	164740	244	248	0	0	0	0	0	1134	244	248	0	0	0	0	0	1133
1374234987	657926	244	249	0	0	0	0	0	1135	244	248	0	0	0	0	0	1134
1374234988	151345	244	247	0	0	0	0	0	1136	244	248	0	0	0	0	0	1135
1374234988	644661	244	249	0	0	0	0	0	1137	244	248	60	0	0	0	0	1136
1374234989	137035	244	247	0	0	0	0	0	1138	244	248	61	0	0	0	0	1137
1374234989	630272	244	247	0	0	0	0	0	1139	244	248	62	0	0	0	0	1138
1374234990	122583	244	248	0	0	0	0	0	1140	244	248	62	0	0	0	0	1139
1374234990	615959	244	248	0	0	0	0	0	1141	244	248	66	0	0	0	0	1140
1374234991	108195	244	247	0	0	0	0	0	1142	244	248	62	0	0	0	0	1141
1374234991	601500	244	249	0	0	0	0	0	1143	244	248	62	0	0	0	0	1142
1374234992	092814	244	247	0	0	0	0	0	1144	244	248	0	0	0	0	0	1143
1374234992	585321	244	248	0	0	0	0	0	1145	244	248	67	0	0	0	0	1144
1374234993	077439	244	248	0	0	0	0	0	1146	244	248	66	0	0	0	0	1145
1374234993	569955	244	247	0	0	0	0	0	1147	244	248	62	0	0	0	0	1146
1374234994	063196	244	247	131	0	0	0	0	1148	244	248	62	0	0	0	0	1147
1374234994	556383	244	247	0	0	0	0	0	1149	244	248	63	0	0	0	0	1148
1374234995	048838	244	249	0	0	0	0	0	1150	244	248	69	0	0	0	0	1149
1374234995	542230	244	247	0	0	0	0	0	1151	244	248	67	0	0	0	0	1150
1374234996	034388	244	249	0	0	0	0	0	1152	244	248	63	0	0	0	0	1151
1374234996	527690	244	248	0	0	0	0	0	1153	244	248	63	0	0	0	0	1152
1374234997	021076	244	249	0	0	0	0	0	1154	244	248	63	0	0	0	0	1153
1374234997	514465	244	248	0	0	0	0	0	1155	244	248	0	0	0	0	0	1154
1374234998	006298	244	247	0	0	0	0	0	1156	244	248	0	0	0	0	0	1155
1374234998	497917	244	248	0	0	0	0	0	1157	244	248	63	0	0	0	0	1156
1374234998	991114	244	248	0	0	0	0	0	1158	244	248	63	0	0	0	0	1157
1374234999	484322	244	247	0	0	0	0	0	1159	244	248	62	0	0	0	0	1158
1374234999	977829	244	247	0	0	0	0	0	1160	244	248	62	0	0	0	0	1159
1374235000	471129	244	248	0	0	0	0	0	1161	244	248	0	0	0	0	0	1160
1374235000	964381	244	247	0	0	0	0	0	1162	244	248	62	0	0	0	0	1161
1374235001	457650	244	247	0	0	0	0	0	1163	244	248	65	0	0	0	0	1162
1374235001	949201	244	247	0	0	0	0	0	1164	244	248	62	0	0	0	0	1163
1374235002	442237	244	249	0	0	0	0	0	1165	244	248	63	0	0	0	0	1164
1374235002	934579	244	247	0	0	0	0	0	1166	244	248	0	0	0	0	0	1165
1374235003	424810	244	247	0	0	0	0	0	1167	244	248	0	0	0	0	0	1166
1374235003	917179	244	249	0	0	0	0	0	1168	244	248	65	0	0	0	0	1167
1374235004	409366	244	248	0	0	0	0	0	1169	244	248	64	0	0	0	0	1168
1374235004	901839	244	249	0	0	0	0	0	1170	244	248	63	0	0	0	0	1169
1374235005	395086	244	248	0	0	0	0	0	1171	244	248	0	0	0	0	0	1170
1374235005	888472	244	247	0	0	0	0	0	1172	244	248	67	0	0	0	0	1171
1374235006	381703	244	247	0	0	0	0	0	1173	244	248	63	0	0	0	0	1172
1374235006	875251	244	249	0	0	0	0	0	1174	244	248	62	0	0	0	0	1173
1374235007	367363	244	248	0	0	0	0	0	1175	244	248	62	0	0	0	0	1174
1374235007	860635	244	247	0	0	0	0	0	1176	244	248	62	0	0	0	0	1175
1374235008	352816	244	247	0	0	0	0	0	1177	244	248	62	0	0	0	0	1176
1374235008	845380	244	247	0	0	0	0	0	1178	244	248	62	0	0	0	0	1177
1374235009	338574	244	249	0	0	0	0	0	1179	244	248	62	0	0	0	0	1178
1374235009	831846	244	247	0	0	0	0	0	1180	244	248	62	0	0	0	0	1179
1374235010	325262	244	249	0	0	0	0	0	1181	244	248	62	0	0	0	0	1180
1374235010	818587	244	248	0	0	0	0	0	1182	244	248	62	0	0	0	0	1181
1374235011	311907	244	248	0	0	0	0	0	1183	244	248	66	0	0	0	0	1182
1374235011	805112	244	247	0	0	0	0	0	1184	244	248	62	0	0	0	0	1183
1374235012	296488	244	247	0	0	0	0	0	1185	244	248	62	0	0	0	0	1184
1374235012	789718	244	249	0	0	0	0	0	1186	244	248	62	0	0	0	0	1185
1374235013	282101	244	247	0	0	0	0	0	1187	244	248	62	0	0	0	0	1186
1374235013	775292	244	247	0	0	0	0	0	1188	244	248	62	0	0	0	0	1187
1374235014	268577	244	247	0	0	0	0	0	1189	244	248	62	0	0	0	0	1188
1374235014	761825	244	247	0	0	0	0	0	1190	244	248	62	0	0	0	0	1189
1374235015	254250	244	249	0	0	0	0	0	1191	244	248	62	0	0	0	0	1190
1374235015	745576	244	248	0	0	0	0	0	1192	244	248	62	0	0	0	0	1191
1374235016	238930	244	248	0	0	0	0	0	1193	244	248	62	0	0	0	0	1192
1374235016	732345	244	249	0	0	0	0	0	1194	244	248	66	0	0	0	0	1193
1374235017	225393	244	249	0	0	0	0	0	1195	244	248	62	0	0	0	0	1194
1374235017	718792	244	247	0	0	0	0	0	1196	244	248	62	0	0	0	0	1195
1374235018	211913	244	247	0	0	0	0	0	1197	244	248	62	0	0	0	0	1196
1374235018	704297	244	248	0	0	0	0	0	1198	244	248	62	0	0	0	0	1197
1374235019	197554	244	248	0	0	0	0	0	1199	244	248	61	0	0	0	0	1198
1374235019	690979	244	249	0	0	0	0	0	1200	244	248	62	0	0	0	0	1199
1374235020	184180	244	248	0	0	0	0	0	1201	244	248	62	0	0	0	0	1200
1374235020	676525	244	248	0	0	0	0	0	1202	244	248	62	0	0	0	0	1201
1374235021	169725	244	248	0	0	0	0	0	1203	244	248	61	0	0	0	0	1202
1374235021	663147	244	248	0	0	0	0	0	1204	244	248	61	0	0	0	0	1203
1374235022	156721	244	247	0	0	0	0	0	1205	244	248	62	0	0	0	0	1204
1374235022	648835	244	249	0	0	0	0	0	1206	244	248	62	0	0	0	0	1205
1374235023	140162	244	247	0	0	0	0	0	1207	244	248	61	0	0	0	0	1206
1374235023	633602	244	248	0	0	0	0	0	1208	244	248	61	0	0	0	0	1207
1374235024	126756	244	247	0	0	0	0	0	1209	244	248	61	0	0	0	0	1208
1374235024	619023	244	249	0	0	0	0	0	1210	244	248	61	0	0	0	0	1209
1374235025	111431	244	249	0	0	0	0	0	1211	244	248	61	0	0	0	0	1210
1374235025	604694	244	249	0	0	0	0	0	1212	244	248	61	0	0	0	0	1211
1374235026	098098	244	247	0	0	0	0	0	1213	244	248	61	0	0	0	0	1212
1374235026	590409	244	247	0	0	0	0	0	1214	244	248	61	0	0	0	0	1213
1374235027	083708	244	249	0	0	0	0	0	1215	244	248	62	0	0	0	0	1214
1374235027	577031	244	247	0	0	0	0	0	1216	244	248	61	0	0	0	0	1215
1374235028	070188	244	247	0	0	0	0	0	1217	244	248	61	0	0	0	0	1216
1374235028	563539	244	249	0	0	0	0	0	1218	244	248	61	0	0	0	0	1217
1374235029	055751	244	249	0	0	0	0	0	1219	244	248	61	0	0	0	0	1218
1374235029	548980	244	247	0	0	0	0	0	1220	244	248	61	0	0	0	0	1219
1374235030	040293	244	247	0	0	0	0	0	1221	244	248	61	0	0	0	0	1220
1374235030	533560	244	249	0	0	0	0	0	1222	244	248	61	0	0	0	0	1221
1374235031	023956	244	248	0	0	0	0	0	1223	244	248	61	0	0	0	0	1222
1374235031	517292	244	249	0	0	0	0	0	1224	244	248	62	0	0	0	0	1223
1374235032	010583	244	248	0	0	0	0	0	1225	244	248	61	0	0	0	0	1224
1374235032	503771	244	247	0	0	0	0	0	1226	244	248	61	0	0	0	0	1225
1374235032	997083	244	247	0	0	0	0	0	1227	244	248	61	0	0	0	0	1226
1374235033	489499	244	248	0	0	0	0	0	1228	244	248	61	0	0	0	0	1227
1374235033	982673	244	247	0	0	0	0	0	1229	244	248	62	0	0	0	0	1228
1374235034	476115	244	248	0	0	0	0	0	1230	244	248	61	0	0	0	0	1229
1374235034	969452	244	247	0	0	0	0	0	1231	244	248	61	0	0	0	0	1230
1374235035	462680	244	247	0	0	0	0	0	1232	244	248	61	0	0	0	0	1231
1374235035	956156	244	247	0	0	0	0	0	1233	244	248	61	0	0	0	0	1232
1374235036	448367	244	249	0	0	0	0	0	1234	244	248	62	0	0	0	0	1233
1374235036	940833	244	248	0	0	0	0	0	1235	244	248	62	0	0	0	0	1234
1374235037	433879	244	249	0	0	0	0	0	1236	244	248	65	0	0	0	0	1235
1374235037	926314	244	247	0	0	0	0	0	1237	244	248	62	0	0	0	0	1236
1374235038	418559	244	247	0	0	0	0	0	1238	244	248	62	0	0	0	0	1237
1374235038	912054	244	249	0	0	0	0	0	1239	244	248	62	0	0	0	0	1238
1374235039	405284	244	247	0	0	0	0	0	1240	244	248	62	0	0	0	0	1239
1374235039	898335	244	249	0	0	0	0	0	1241	244	248	63	0	0	0	0	1240
1374235040	391683	244	248	0	0	0	0	0	1242	244	248	62	0	0	0	0	1241
1374235040	884983	244	249	0	0	0	0	0	1243	244	248	62	0	0	0	0	1242
1374235041	378256	244	248	0	0	0	0	0	1244	244	248	66	0	0	0	0	1243
1374235041	871663	244	249	0	0	0	0	0	1245	244	248	62	0	0	0	0	1244
1374235042	364866	244	247	0	0	0	0	0	1246	244	248	65	0	0	0	0	1245
1374235042	855240	244	247	0	0	0	0	0	1247	244	248	62	0	0	0	0	1246
1374235043	348565	244	249	0	0	0	0	0	1248	244	248	62	0	0	0	0	1247
1374235043	840741	244	248	0	0	0	0	0	1249	244	248	0	0	0	0	0	1248
1374235044	333296	244	249	0	0	0	0	0	1250	244	248	62	0	0	0	0	1249
1374235044	825685	244	248	0	0	0	0	0	1251	244	248	63	0	0	0	0	1250
1374235045	317988	244	249	0	0	0	0	0	1252	244	248	62	0	0	0	0	1251
1374235045	812076	244	248	0	0	0	0	0	1253	244	248	62	0	0	0	0	1252
1374235046	303631	244	249	0	0	0	0	0	1254	244	248	67	0	0	0	0	1253
1374235046	796886	244	249	0	0	0	0	0	1255	244	248	62	0	0	0	0	1254
1374235047	291214	244	247	0	0	0	0	0	1256	244	248	64	0	0	0	0	1255
1374235047	783343	244	248	0	0	0	0	0	1257	244	248	0	0	0	0	0	1256
1374235048	276614	244	247	0	0	0	0	0	1258	244	248	63	0	0	0	0	1257
1374235048	769802	244	249	0	0	0	0	0	1259	244	248	67	0	0	0	0	1258
1374235049	262382	244	249	0	0	0	0	0	1260	244	248	63	0	0	0	0	1259
1374235049	755554	244	249	0	0	0	0	0	1261	244	248	64	0	0	0	0	1260
1374235050	248849	244	248	0	0	0	0	0	1262	244	248	67	0	0	0	0	1261
1374235050	742205	244	249	0	0	0	0	0	1263	244	248	69	0	0	0	0	1262
1374235051	235685	244	249	0	0	0	0	0	1264	244	248	68	0	0	0	0	1263
1374235051	727941	244	247	0	0	0	0	0	1265	244	248	64	0	0	0	0	1264
1374235052	222123	244	249	0	0	0	0	0	1266	244	248	64	0	0	0	0	1265
1374235052	715493	244	249	0	0	0	0	0	1267	244	248	66	0	0	0	0	1266
1374235053	208654	244	248	0	0	0	0	0	1268	244	248	69	0	0	0	0	1267
1374235053	700621	244	249	0	0	0	0	0	1269	244	248	67	0	0	0	0	1268
1374235054	194150	244	247	0	0	0	0	0	1270	244	248	64	0	0	0	0	1269
1374235054	687436	244	248	0	0	0	0	0	1271	244	248	63	0	0	0	0	1270
1374235055	180533	244	249	0	0	0	0	0	1272	244	248	64	0	0	0	0	1271
1374235055	673152	244	249	0	0	0	0	0	1273	244	248	65	0	0	0	0	1272
1374235056	165173	244	248	0	0	0	0	0	1274	244	248	62	0	0	0	0	1273
1374235056	658478	244	247	0	0	0	0	0	1275	244	248	69	0	0	0	0	1274
1374235057	150955	244	249	0	0	0	0	0	1276	244	248	64	0	0	0	0	1275
1374235057	643256	244	248	0	0	0	0	0	1277	244	248	64	0	0	0	0	1276
1374235058	136653	244	247	0	0	0	0	0	1278	244	248	71	0	0	0	0	1277
1374235058	629733	244	247	94	0	0	0	0	1279	244	248	0	0	0	0	0	1278
1374235059	122888	244	249	0	0	0	0	0	1280	244	248	84	0	0	0	0	1279
1374235059	615343	244	247	102	0	0	0	0	1281	244	248	0	0	0	0	0	1280
1374235060	108593	244	248	0	0	0	0	0	1282	244	248	0	0	0	0	0	1281
1374235060	601930	244	247	58	0	0	0	0	1283	244	248	0	0	0	0	0	1282
1374235061	095345	244	247	63	0	0	0	0	1284	244	247	73	0	0	0	0	1283
1374235061	588511	244	249	73	0	0	0	0	1285	244	248	0	0	0	0	0	1284
1374235062	081940	244	246	81	0	0	0	0	1286	244	248	0	0	0	0	0	1285
1374235062	574233	244	247	0	0	0	0	0	1287	244	248	0	0	0	0	0	1286
1374235063	066401	244	247	0	0	0	0	0	1288	244	248	0	0	0	0	0	1287
1374235063	557786	244	246	0	0	0	0	0	1289	244	248	0	0	0	0	0	1288
1374235064	050172	244	246	0	0	0	0	0	1290	244	248	0	0	0	0	0	1289
1374235064	543454	244	247	0	0	0	0	0	1291	244	248	0	0	0	0	0	1290
1374235065	035871	244	247	0	0	0	0	0	1292	244	248	0	0	0	0	0	1291
1374235065	529084	244	246	0	0	0	0	0	1293	244	248	0	0	0	0	0	1292
1374235066	021470	244	246	0	0	0	0	0	1294	244	248	0	0	0	0	0	1293
1374235066	514790	244	248	0	0	0	0	0	1295	244	248	0	0	0	0	0	1294
1374235067	007799	244	246	0	0	0	0	0	1296	244	248	0	0	0	0	0	1295
1374235067	500213	244	246	0	0	0	0	0	1297	244	248	0	0	0	0	0	1296
1374235067	992454	244	247	0	0	0	0	0	1298	244	248	0	0	0	0	0	1297
1374235068	483808	244	248	0	0	0	0	0	1299	244	248	0	0	0	0	0	1298
1374235068	976209	244	247	0	0	0	0	0	1300	244	248	0	0	0	0	0	1299
1374235069	469275	244	247	0	0	0	0	0	1301	244	248	0	0	0	0	0	1300
1374235069	960685	244	246	0	0	0	0	0	1302	244	248	0	0	0	0	0	1301
1374235070	453956	244	246	0	0	0	0	0	1303	244	248	0	0	0	0	0	1302
1374235070	945389	244	246	0	0	0	0	0	1304	244	248	0	0	0	0	0	1303
1374235071	436694	244	248	0	0	0	0	0	1305	244	248	0	0	0	0	0	1304
1374235071	927945	244	247	0	0	0	0	0	1306	244	248	0	0	0	0	0	1305
1374235072	420315	244	246	0	0	0	0	0	1307	244	248	0	0	0	0	0	1306
1374235072	912677	244	246	0	0	0	0	0	1308	244	248	0	0	0	0	0	1307
1374235073	404750	244	246	0	0	0	0	0	1309	244	248	0	0	0	0	0	1308
1374235073	897199	244	247	0	0	0	0	0	1310	244	248	0	0	0	0	0	1309
1374235074	390552	244	246	0	0	0	0	0	1311	244	248	0	0	0	0	0	1310
1374235074	882703	244	246	0	0	0	0	0	1312	244	248	0	0	0	0	0	1311
1374235075	374975	244	246	0	0	0	0	0	1313	244	248	0	0	0	0	0	1312
1374235075	868323	244	247	0	0	0	0	0	1314	244	248	0	0	0	0	0	1313
1374235076	361653	244	246	0	0	0	0	0	1315	244	248	0	0	0	0	0	1314
1374235076	854196	244	247	0	0	0	0	0	1316	244	248	0	0	0	0	0	1315
1374235077	346276	244	246	0	0	0	0	0	1317	244	248	0	0	0	0	0	1316
1374235077	839641	244	247	0	0	0	0	0	1318	244	248	0	0	0	0	0	1317
1374235078	332902	244	247	0	0	0	0	0	1319	244	248	0	0	0	0	0	1318
1374235078	826168	244	247	0	0	0	0	0	1320	244	248	0	0	0	0	0	1319
1374235079	320361	244	247	0	0	0	0	0	1321	244	248	0	0	0	0	0	1320
1374235079	813800	244	246	0	0	0	0	0	1322	244	248	0	0	0	0	0	1321
1374235080	307097	244	247	56	0	0	0	0	1323	244	248	0	0	0	0	0	1322
1374235080	800451	244	247	56	0	0	0	0	1324	244	248	0	0	0	0	0	1323
1374235081	293586	244	247	0	0	0	0	0	1325	244	248	0	0	0	0	0	1324
1374235081	786900	244	246	0	0	0	0	0	1326	244	248	0	0	0	0	0	1325
1374235082	280112	244	247	0	0	0	0	0	1327	244	248	0	0	0	0	0	1326
1374235082	783399	244	247	0	0	0	0	0	1328	244	248	0	0	0	0	0	1327
1374235083	276608	244	247	0	0	0	0	0	1329	244	248	0	0	0	0	0	1328
1374235083	769973	244	248	0	0	0	0	0	1330	244	248	0	0	0	0	0	1329
1374235084	263155	244	247	0	0	0	0	0	1331	244	248	0	0	0	0	0	1330
1374235084	755497	244	246	0	0	0	0	0	1332	244	248	0	0	0	0	0	1331
1374235085	248776	244	246	0	0	0	0	0	1333	244	248	0	0	0	0	0	1332
1374235085	742164	244	246	0	0	0	0	0	1334	244	248	0	0	0	0	0	1333
1374235086	235635	244	246	0	0	0	0	0	1335	244	248	0	0	0	0	0	1334
1374235086	728645	244	247	0	0	0	0	0	1336	244	248	0	0	0	0	0	1335
1374235087	218994	244	248	0	0	0	0	0	1337	244	248	0	0	0	0	0	1336
1374235087	711611	244	247	0	0	0	0	0	1338	244	248	0	0	0	0	0	1337
1374235088	204633	244	246	0	0	0	0	0	1339	244	248	0	0	0	0	0	1338
1374235088	697025	244	247	0	0	0	0	0	1340	244	248	0	0	0	0	0	1339
1374235089	190283	244	247	0	0	0	0	0	1341	244	248	0	0	0	0	0	1340
1374235089	682716	244	246	0	0	0	0	0	1342	244	248	0	0	0	0	0	1341
1374235090	175817	244	247	0	0	0	0	0	1343	244	248	0	0	0	0	0	1342
1374235090	668312	244	246	0	0	0	0	0	1344	244	248	0	0	0	0	0	1343
1374235091	162685	244	246	0	0	0	0	0	1345	244	248	0	0	0	0	0	1344
1374235091	656036	244	246	0	0	0	0	0	1346	244	248	0	0	0	0	0	1345
1374235092	149251	244	246	0	0	0	0	0	1347	244	248	0	0	0	0	0	1346
1374235092	642605	244	246	0	0	0	0	0	1348	244	248	0	0	0	0	0	1347
1374235093	134796	244	246	0	0	0	0	0	1349	244	248	0	0	0	0	0	1348
1374235093	628216	244	246	0	0	0	0	0	1350	244	248	0	0	0	0	0	1349
1374235094	121448	244	247	0	0	0	0	0	1351	244	248	0	0	0	0	0	1350
1374235094	614727	244	246	0	0	0	0	0	1352	244	248	0	0	0	0	0	1351
1374235095	107247	244	246	0	0	0	0	0	1353	244	248	0	0	0	0	0	1352
1374235095	599626	244	246	0	0	0	0	0	1354	244	248	0	0	0	0	0	1353
1374235096	093973	244	246	0	0	0	0	0	1355	244	248	0	0	0	0	0	1354
1374235096	586115	244	246	0	0	0	0	0	1356	244	248	0	0	0	0	0	1355
1374235097	079535	244	248	0	0	0	0	0	1357	244	248	0	0	0	0	0	1356
1374235097	571570	244	246	0	0	0	0	0	1358	244	248	0	0	0	0	0	1357
1374235098	061953	244	248	0	0	0	0	0	1359	244	248	0	0	0	0	0	1358
1374235098	554223	244	247	0	0	0	0	0	1360	244	248	0	0	0	0	0	1359
1374235099	047453	244	246	0	0	0	0	0	1361	244	248	0	0	0	0	0	1360
1374235099	539826	244	246	0	0	0	0	0	1362	244	248	0	0	0	0	0	1361
1374235100	032974	244	247	0	0	0	0	0	1363	244	248	0	0	0	0	0	1362
1374235100	525409	244	246	0	0	0	0	0	1364	244	248	0	0	0	0	0	1363
1374235101	018674	244	246	0	0	0	0	0	1365	244	248	0	0	0	0	0	1364
1374235101	511973	244	246	0	0	0	0	0	1366	244	248	0	0	0	0	0	1365
1374235102	005438	244	247	0	0	0	0	0	1367	244	248	0	0	0	0	0	1366
1374235102	498729	244	246	0	0	0	0	0	1368	244	248	0	0	0	0	0	1367
1374235102	990867	244	247	0	0	0	0	0	1369	244	248	0	0	0	0	0	1368
1374235103	481224	244	246	0	0	0	0	0	1370	244	248	0	0	0	0	0	1369
1374235103	973566	244	246	0	0	0	0	0	1371	244	248	0	0	0	0	0	1370
1374235104	465954	244	246	0	0	0	0	0	1372	244	248	0	0	0	0	0	1371
1374235104	958354	244	246	0	0	0	0	0	1373	244	248	0	0	0	0	0	1372
1374235105	450569	244	247	0	0	0	0	0	1374	244	248	0	0	0	0	0	1373
1374235105	942755	244	247	0	0	0	0	0	1375	244	248	0	0	0	0	0	1374
1374235106	435362	244	246	0	0	0	0	0	1376	244	248	0	0	0	0	0	1375
1374235106	927823	244	246	0	0	0	0	0	1377	244	248	0	0	0	0	0	1376
1374235107	420941	244	247	0	0	0	0	0	1378	244	248	0	0	0	0	0	1377
1374235107	913943	244	246	0	0	0	0	0	1379	244	248	0	0	0	0	0	1378
1374235108	406528	244	246	0	0	0	0	0	1380	244	248	0	0	0	0	0	1379
1374235108	900828	244	247	0	0	0	0	0	1381	244	248	0	0	0	0	0	1380
1374235109	394128	244	247	0	0	0	0	0	1382	244	248	0	0	0	0	0	1381
1374235109	887674	244	247	0	0	0	0	0	1383	244	248	0	0	0	0	0	1382
1374235110	380816	244	247	0	0	0	0	0	1384	244	248	0	0	0	0	0	1383
1374235110	873918	244	246	0	0	0	0	0	1385	244	248	0	0	0	0	0	1384
1374235111	367403	244	247	0	0	0	0	0	1386	244	248	0	0	0	0	0	1385
1374235111	860608	244	247	0	0	0	0	0	1387	244	248	0	0	0	0	0	1386
1374235112	353965	244	247	0	0	0	0	0	1388	244	248	0	0	0	0	0	1387
1374235112	846220	244	246	0	0	0	0	0	1389	244	248	0	0	0	0	0	1388
1374235113	338653	244	246	0	0	0	0	0	1390	244	248	0	0	0	0	0	1389
1374235113	831876	244	246	0	0	0	0	0	1391	244	248	0	0	0	0	0	1390
1374235114	325105	244	246	0	0	0	0	0	1392	244	248	0	0	0	0	0	1391
1374235114	818373	244	247	0	0	0	0	0	1393	244	248	0	0	0	0	0	1392
1374235115	311700	244	246	0	0	0	0	0	1394	244	248	0	0	0	0	0	1393
1374235115	806018	244	246	0	0	0	0	0	1395	244	248	0	0	0	0	0	1394
1374235116	299384	244	246	0	0	0	0	0	1396	244	248	0	0	0	0	0	1395
1374235116	792732	244	246	0	0	0	0	0	1397	244	248	0	0	0	0	0	1396
1374235117	285003	244	246	0	0	0	0	0	1398	244	248	0	0	0	0	0	1397
1374235117	778563	244	246	0	0	0	0	0	1399	244	248	0	0	0	0	0	1398
1374235118	271474	244	246	0	0	0	0	0	1400	244	248	175	0	0	0	0	1399
1374235118	764958	244	246	0	0	0	0	0	1401	244	248	0	0	0	0	0	1400
1374235119	258217	244	248	0	0	0	0	0	1402	244	248	0	0	0	0	0	1401
1374235119	751398	244	247	0	0	0	0	0	1403	244	248	0	0	0	0	0	1402
1374235120	245887	244	248	0	0	0	0	0	1404	244	248	0	0	0	0	0	1403
1374235120	739316	244	246	0	0	0	0	0	1405	244	248	0	0	0	0	0	1404
1374235121	232686	244	246	0	0	0	0	0	1406	244	248	0	0	0	0	0	1405
1374235121	725058	244	246	0	0	0	0	0	1407	244	248	0	0	0	0	0	1406
1374235122	219225	244	248	0	0	0	0	0	1408	244	248	0	0	0	0	0	1407
1374235122	712452	244	248	0	0	0	0	0	1409	244	248	0	0	0	0	0	1408
1374235123	205935	244	247	0	0	0	0	0	1410	244	248	0	0	0	0	0	1409
1374235123	700051	244	246	0	0	0	0	0	1411	244	248	0	0	0	0	0	1410
1374235124	193513	244	247	0	0	0	0	0	1412	244	249	0	0	0	0	0	1411
1374235124	686750	244	246	0	0	0	0	0	1413	244	248	0	0	0	0	0	1412
1374235125	180062	244	246	0	0	0	0	0	1414	244	248	0	0	0	0	0	1413
1374235125	672365	244	247	0	0	0	0	0	1415	244	248	0	0	0	0	0	1414
1374235126	166699	244	248	0	0	0	0	0	1416	244	248	0	0	0	0	0	1415
1374235126	660116	244	248	0	0	0	0	0	1417	244	248	0	0	0	0	0	1416
1374235127	153432	244	247	0	0	0	0	0	1418	244	248	0	0	0	0	0	1417
1374235127	647712	244	248	0	0	0	0	0	1419	244	248	0	0	0	0	0	1418
1374235128	140860	244	246	0	0	0	0	0	1420	244	248	0	0	0	0	0	1419
1374235128	634243	244	248	0	0	0	0	0	1421	244	248	0	0	0	0	0	1420
1374235129	127573	244	248	0	0	0	0	0	1422	244	248	0	0	0	0	0	1421
1374235129	619862	244	248	0	0	0	0	0	1423	244	248	0	0	0	0	0	1422
1374235130	113169	244	247	0	0	0	0	0	1424	244	248	0	0	0	0	0	1423
1374235130	605592	244	246	0	0	0	0	0	1425	244	248	0	0	0	0	0	1424
1374235131	098839	244	248	0	0	0	0	0	1426	244	248	0	0	0	0	0	1425
1374235131	591152	244	247	0	0	0	0	0	1427	244	248	0	0	0	0	0	1426
1374235132	084574	244	246	0	0	0	0	0	1428	244	248	0	0	0	0	0	1427
1374235132	577637	244	247	0	0	0	0	0	1429	244	248	0	0	0	0	0	1428
1374235133	069859	244	248	0	0	0	0	0	1430	244	248	0	0	0	0	0	1429
1374235133	562412	244	247	0	0	0	0	0	1431	244	248	0	0	0	0	0	1430
1374235134	055660	244	246	0	0	0	0	0	1432	244	248	0	0	0	0	0	1431
1374235134	548898	244	246	0	0	0	0	0	1433	244	248	0	0	0	0	0	1432
1374235135	042234	244	246	0	0	0	0	0	1434	244	248	0	0	0	0	0	1433
1374235135	535543	244	246	0	0	0	0	0	1435	244	248	0	0	0	0	0	1434
1374235136	028898	244	247	0	0	0	0	0	1436	244	248	0	0	0	0	0	1435
1374235136	521332	244	246	0	0	0	0	0	1437	244	248	0	0	0	0	0	1436
1374235137	014604	244	246	0	0	0	0	0	1438	244	248	0	0	0	0	0	1437
1374235137	507775	244	247	0	0	0	0	0	1439	244	248	0	0	0	0	0	1438
1374235137	998929	244	248	0	0	0	0	0	1440	244	248	0	0	0	0	0	1439
1374235138	492398	244	247	0	0	0	0	0	1441	244	248	0	0	0	0	0	1440
1374235138	984526	244	247	0	0	0	0	0	1442	244	248	0	0	0	0	0	1441
1374235139	477781	244	246	0	0	0	0	0	1443	244	248	0	0	0	0	0	1442
1374235139	972031	244	246	0	0	0	0	0	1444	244	248	0	0	0	0	0	1443
1374235140	464575	244	248	0	0	0	0	0	1445	244	248	0	0	0	0	0	1444
1374235140	958894	244	246	0	0	0	0	0	1446	244	248	0	0	0	0	0	1445
1374235141	451039	244	248	0	0	0	0	0	1447	244	248	0	0	0	0	0	1446
1374235141	944667	244	246	0	0	0	0	0	1448	244	248	0	0	0	0	0	1447
1374235142	437796	244	246	0	0	0	0	0	1449	244	248	0	0	0	0	0	1448
1374235142	930084	244	246	0	0	0	0	0	1450	244	248	0	0	0	0	0	1449
1374235143	423254	244	247	0	0	0	0	0	1451	244	248	0	0	0	0	0	1450
1374235143	917666	244	248	0	0	0	0	0	1452	244	248	0	0	0	0	0	1451
1374235144	410088	244	247	0	0	0	0	0	1453	244	248	0	0	0	0	0	1452
1374235144	902351	244	246	0	0	0	0	0	1454	244	248	0	0	0	0	0	1453
1374235145	396612	244	246	0	0	0	0	0	1455	244	248	0	0	0	0	0	1454
1374235145	889906	244	247	0	0	0	0	0	1456	244	248	0	0	0	0	0	1455
1374235146	382182	244	247	0	0	0	0	0	1457	244	248	0	0	0	0	0	1456
1374235146	875362	244	246	0	0	0	0	0	1458	244	248	0	0	0	0	0	1457
1374235147	369771	244	246	0	0	0	0	0	1459	244	248	0	0	0	0	0	1458
1374235147	862194	244	247	0	0	0	0	0	1460	244	248	0	0	0	0	0	1459
1374235148	355420	244	247	0	0	0	0	0	1461	244	248	0	0	0	0	0	1460
1374235148	848751	244	247	0	0	0	0	0	1462	244	248	0	0	0	0	0	1461
1374235149	342977	244	246	0	0	0	0	0	1463	244	248	0	0	0	0	0	1462
1374235149	836401	244	247	0	0	0	0	0	1464	244	248	0	0	0	0	0	1463
1374235150	329744	244	247	0	0	0	0	0	1465	244	248	0	0	0	0	0	1464
1374235150	822053	244	246	0	0	0	0	0	1466	244	248	0	0	0	0	0	1465
1374235151	315252	244	247	0	0	0	0	0	1467	244	248	0	0	0	0	0	1466
1374235151	808654	244	247	0	0	0	0	0	1468	244	248	0	0	0	0	0	1467
1374235152	301885	244	246	0	0	0	0	0	1469	244	248	0	0	0	0	0	1468
1374235152	795430	244	247	0	0	0	0	0	1470	244	248	0	0	0	0	0	1469
1374235153	287617	244	248	0	0	0	0	0	1471	244	248	0	0	0	0	0	1470
1374235153	779890	244	248	0	0	0	0	0	1472	244	248	0	0	0	0	0	1471
1374235154	273241	244	246	0	0	0	0	0	1473	244	248	0	0	0	0	0	1472
1374235154	767598	244	248	0	0	0	0	0	1474	244	248	0	0	0	0	0	1473
1374235155	260825	244	248	0	0	0	0	0	1475	244	248	0	0	0	0	0	1474
1374235155	753351	244	247	0	0	0	0	0	1476	244	248	0	0	0	0	0	1475
1374235156	246470	244	247	0	0	0	0	0	1477	244	248	0	0	0	0	0	1476
1374235156	739891	244	248	0	0	0	0	0	1478	244	248	0	0	0	0	0	1477
1374235157	232382	244	246	0	0	0	0	0	1479	244	248	0	0	0	0	0	1478
1374235157	725434	244	246	0	0	0	0	0	1480	244	248	0	0	0	0	0	1479
1374235158	219826	244	246	0	0	0	0	0	1481	244	248	0	0	0	0	0	1480
1374235158	713178	244	246	0	0	0	0	0	1482	244	248	0	0	0	0	0	1481
1374235159	206301	244	248	0	0	0	0	0	1483	244	248	0	0	0	0	0	1482
1374235159	700765	244	247	0	0	0	0	0	1484	244	248	0	0	0	0	0	1483
1374235160	193038	244	246	0	0	0	0	0	1485	244	248	0	0	0	0	0	1484
1374235160	686247	244	247	0	0	0	0	0	1486	244	248	0	0	0	0	0	1485
1374235161	179686	244	247	0	0	0	0	0	1487	244	248	0	0	0	0	0	1486
1374235161	672987	244	248	0	0	0	0	0	1488	244	248	0	0	0	0	0	1487
1374235162	166202	244	246	0	0	0	0	0	1489	244	248	0	0	0	0	0	1488
1374235162	659556	244	246	0	0	0	0	0	1490	244	248	0	0	0	0	0	1489
1374235163	153776	244	248	0	0	0	0	0	1491	244	248	0	0	0	0	0	1490
1374235163	647252	244	247	0	0	0	0	0	1492	244	248	0	0	0	0	0	1491
1374235164	140289	244	246	0	0	0	0	0	1493	244	248	0	0	0	0	0	1492
1374235164	633622	244	247	0	0	0	0	0	1494	244	248	0	0	0	0	0	1493
1374235165	126953	244	246	0	0	0	0	0	1495	244	248	0	0	0	0	0	1494
1374235165	621178	244	247	0	0	0	0	0	1496	244	248	0	0	0	0	0	1495
1374235166	113560	244	248	0	0	0	0	0	1497	244	248	0	0	0	0	0	1496
1374235166	605927	244	247	0	0	0	0	0	1498	244	248	0	0	0	0	0	1497
1374235167	099421	244	247	0	0	0	0	0	1499	244	248	0	0	0	0	0	1498
1374235167	592683	244	248	0	0	0	0	0	1500	244	248	0	0	0	0	0	1499
1374235168	084738	244	247	0	0	0	0	0	1501	244	248	0	0	0	0	0	1500
1374235168	576366	244	247	0	0	0	0	0	1502	244	248	0	0	0	0	0	1501
1374235169	069528	244	247	0	0	0	0	0	1503	244	248	0	0	0	0	0	1502
1374235169	561889	244	246	0	0	0	0	0	1504	244	248	0	0	0	0	0	1503
1374235170	055188	244	247	0	0	0	0	0	1505	244	248	0	0	0	0	0	1504
1374235170	548391	244	248	0	0	0	0	0	1506	244	248	0	0	0	0	0	1505
1374235171	041832	244	247	0	0	0	0	0	1507	244	248	0	0	0	0	0	1506
1374235171	534025	244	247	0	0	0	0	0	1508	244	248	0	0	0	0	0	1507
1374235172	028271	244	248	0	0	0	0	0	1509	244	248	0	0	0	0	0	1508
1374235172	521565	244	246	0	0	0	0	0	1510	244	248	0	0	0	0	0	1509
1374235173	015794	244	246	0	0	0	0	0	1511	244	248	0	0	0	0	0	1510
1374235173	509128	244	247	0	0	0	0	0	1512	244	248	0	0	0	0	0	1511
1374235174	002328	244	247	0	0	0	0	0	1513	244	248	0	0	0	0	0	1512
1374235174	494755	244	248	0	0	0	0	0	1514	244	248	0	0	0	0	0	1513
1374235174	988904	244	247	0	0	0	0	0	1515	244	248	0	0	0	0	0	1514
1374235175	482211	244	246	0	0	0	0	0	1516	244	248	0	0	0	0	0	1515
1374235175	976540	244	246	0	0	0	0	0	1517	244	248	0	0	0	0	0	1516
1374235176	469912	244	247	0	0	0	0	0	1518	244	248	0	0	0	0	0	1517
1374235176	963255	244	246	0	0	0	0	0	1519	244	248	0	0	0	0	0	1518
1374235177	456481	244	246	0	0	0	0	0	1520	244	248	0	0	0	0	0	1519
1374235177	948666	244	246	55	0	0	0	0	1521	244	248	0	0	0	0	0	1520
1374235178	441086	244	248	0	0	0	0	0	1522	244	248	0	0	0	0	0	1521
1374235178	935431	244	248	0	0	0	0	0	1523	244	248	0	0	0	0	0	1522
1374235179	428796	244	246	0	0	0	0	0	1524	244	248	0	0	0	0	0	1523
1374235179	920940	244	246	0	0	0	0	0	1525	244	248	0	0	0	0	0	1524
1374235180	414364	244	246	0	0	0	0	0	1526	244	248	0	0	0	0	0	1525
1374235180	908543	244	247	0	0	0	0	0	1527	244	248	0	0	0	0	0	1526
1374235181	403160	244	247	0	0	0	0	0	1528	244	248	0	0	0	0	0	1527
1374235181	895293	244	247	0	0	0	0	0	1529	244	248	0	0	0	0	0	1528
1374235182	387651	244	248	0	0	0	0	0	1530	244	248	0	0	0	0	0	1529
1374235182	881844	244	247	0	0	0	0	0	1531	244	248	0	0	0	0	0	1530
1374235183	375199	244	248	0	0	0	0	0	1532	244	248	0	0	0	0	0	1531
