1374238619	679924	244	246	136	0	0	0	0	1	244	248	133	0	0	0	0	0
1374238620	174233	244	248	136	0	0	0	0	2	244	248	133	0	0	0	0	1
1374238620	666584	244	247	135	0	0	0	0	3	244	248	133	0	0	0	0	2
1374238621	159776	244	247	137	0	0	0	0	4	244	248	133	0	0	0	0	3
1374238621	652053	244	247	137	0	0	0	0	5	244	248	133	0	0	0	0	4
1374238622	145582	244	247	136	0	0	0	0	6	244	248	133	0	0	0	0	5
1374238622	637803	244	249	136	0	0	0	0	7	244	248	133	0	0	0	0	6
1374238623	131013	244	247	137	0	0	0	0	8	244	248	133	0	0	0	0	7
1374238623	624280	244	247	136	0	0	0	0	9	244	248	133	0	0	0	0	8
1374238624	117667	244	248	136	0	0	0	0	10	244	248	133	0	0	0	0	9
1374238624	610944	244	248	137	0	0	0	0	11	244	248	133	0	0	0	0	10
1374238625	104297	244	247	135	0	0	0	0	12	244	248	133	0	0	0	0	11
1374238625	597644	244	248	135	0	0	0	0	13	244	248	133	0	0	0	0	12
1374238626	090978	244	247	135	0	0	0	0	14	244	248	133	0	0	0	0	13
1374238626	583212	244	247	136	0	0	0	0	15	244	248	133	0	0	0	0	14
1374238627	075390	244	248	66	0	0	0	0	16	244	247	104	0	0	0	0	15
1374238627	567718	244	248	0	0	0	0	0	17	244	246	73	139	0	0	0	16
1374238628	061081	244	247	102	0	0	0	0	18	244	248	91	0	0	0	0	17
1374238628	554229	244	249	82	0	0	0	0	19	244	248	84	0	0	0	0	18
1374238629	047764	244	247	0	0	0	0	0	20	244	247	76	0	0	0	0	19
1374238629	541054	244	248	72	0	0	0	0	21	244	247	60	0	0	0	0	20
1374238630	033298	244	247	62	0	0	0	0	22	244	245	51	0	0	0	0	21
1374238630	526669	244	247	72	0	0	0	0	23	244	247	62	0	0	0	0	22
1374238631	019113	244	249	67	0	0	0	0	24	244	247	0	0	0	0	0	23
1374238631	513286	244	248	65	0	0	0	0	25	244	247	0	0	0	0	0	24
1374238632	006509	244	248	61	0	0	0	0	26	244	247	57	0	0	0	0	25
1374238632	497946	244	247	58	0	0	0	0	27	244	247	111	0	0	0	0	26
1374238632	991112	244	249	58	0	0	0	0	28	244	247	55	139	0	0	0	27
1374238633	483451	244	248	60	0	0	0	0	29	244	247	56	0	0	0	0	28
1374238633	975950	244	247	58	0	0	0	0	30	244	247	55	0	0	0	0	29
1374238634	468294	244	249	59	0	0	0	0	31	244	247	54	0	0	0	0	30
1374238634	961543	244	247	60	0	0	0	0	32	244	247	56	0	0	0	0	31
1374238635	454850	244	247	59	0	0	0	0	33	244	247	57	0	0	0	0	32
1374238635	949161	244	249	70	0	0	0	0	34	244	247	55	117	0	0	0	33
1374238636	441429	244	248	59	0	0	0	0	35	244	247	56	118	0	0	0	34
1374238636	933694	244	248	59	0	0	0	0	36	244	247	56	0	0	0	0	35
1374238637	427049	244	247	59	0	0	0	0	37	244	247	55	117	0	0	0	36
1374238637	919278	244	247	0	0	0	0	0	38	244	247	54	0	0	0	0	37
1374238638	412649	244	247	0	0	0	0	0	39	244	247	55	117	0	0	0	38
1374238638	906019	244	248	58	0	0	0	0	40	244	247	56	118	0	0	0	39
1374238639	397426	244	247	58	0	0	0	0	41	244	247	54	116	0	0	0	40
1374238639	890467	244	249	58	0	0	0	0	42	244	247	55	0	0	0	0	41
1374238640	382846	244	248	57	0	0	0	0	43	244	247	55	0	0	0	0	42
1374238640	875243	244	247	60	0	0	0	0	44	244	247	54	0	0	0	0	43
1374238641	367553	244	247	0	0	0	0	0	45	244	247	56	0	0	0	0	44
1374238641	860655	244	248	0	0	0	0	0	46	244	247	55	0	0	0	0	45
1374238642	352150	244	247	60	0	0	0	0	47	244	247	47	111	0	0	0	46
1374238642	845534	244	248	60	0	0	0	0	48	244	247	47	0	0	0	0	47
1374238643	338903	244	249	60	0	0	0	0	49	244	247	56	0	0	0	0	48
1374238643	831981	244	249	0	0	0	0	0	50	244	247	47	111	0	0	0	49
1374238644	325393	244	249	61	0	0	0	0	51	244	247	56	118	0	0	0	50
1374238644	818711	244	247	61	0	0	0	0	52	244	247	56	118	0	0	0	51
1374238645	312019	244	249	0	0	0	0	0	53	244	247	56	117	0	0	0	52
1374238645	805287	244	249	0	0	0	0	0	54	244	247	55	117	0	0	0	53
1374238646	297655	244	247	63	0	0	0	0	55	244	247	55	117	0	0	0	54
1374238646	791070	244	247	63	0	0	0	0	56	244	247	55	0	0	0	0	55
1374238647	284352	244	249	59	0	0	0	0	57	244	247	55	0	0	0	0	56
1374238647	778476	244	247	60	0	0	0	0	58	244	247	46	111	0	0	0	57
1374238648	271825	244	249	0	0	0	0	0	59	244	247	46	112	0	0	0	58
1374238648	764170	244	248	62	0	0	0	0	60	244	247	46	113	0	0	0	59
1374238649	256337	244	249	63	0	0	0	0	61	244	247	47	0	0	0	0	60
1374238649	748494	244	249	0	0	0	0	0	62	244	247	46	112	0	0	0	61
1374238650	242023	244	248	58	0	0	0	0	63	244	247	46	115	0	0	0	62
1374238650	734263	244	248	58	0	0	0	0	64	244	246	56	0	0	0	0	63
1374238651	228185	244	248	59	0	0	0	0	65	244	247	56	0	0	0	0	64
1374238651	720401	244	247	59	0	0	0	0	66	244	247	47	0	0	0	0	65
1374238652	211541	244	247	60	0	0	0	0	67	244	247	46	0	0	0	0	66
1374238652	702144	244	249	61	0	0	0	0	68	244	247	46	0	0	0	0	67
1374238653	195190	244	248	60	0	0	0	0	69	244	247	46	0	0	0	0	68
1374238653	688351	244	248	58	0	0	0	0	70	244	247	55	0	0	0	0	69
1374238654	180782	244	248	58	0	0	0	0	71	244	247	56	118	0	0	0	70
1374238654	673138	244	247	59	0	0	0	0	72	244	247	48	112	0	0	0	71
1374238655	166451	244	249	59	0	0	0	0	73	244	247	55	0	0	0	0	72
1374238655	657567	244	248	58	0	0	0	0	74	244	247	56	0	0	0	0	73
1374238656	150859	244	247	58	0	0	0	0	75	244	247	56	0	0	0	0	74
1374238656	644306	244	248	59	0	0	0	0	76	244	247	46	0	0	0	0	75
1374238657	136497	244	248	59	0	0	0	0	77	244	247	56	0	0	0	0	76
1374238657	629920	244	248	60	0	0	0	0	78	244	247	56	118	0	0	0	77
1374238658	122158	244	248	0	0	0	0	0	79	244	247	55	117	0	0	0	78
1374238658	615417	244	247	0	0	0	0	0	80	244	247	55	117	0	0	0	79
1374238659	108878	244	247	62	0	0	0	0	81	244	247	56	0	0	0	0	80
1374238659	601127	244	248	59	0	0	0	0	82	244	247	56	117	0	0	0	81
1374238660	094491	244	249	60	0	0	0	0	83	244	247	46	112	0	0	0	82
1374238660	587571	244	247	59	0	0	0	0	84	244	247	47	112	0	0	0	83
1374238661	079059	244	247	58	0	0	0	0	85	244	247	56	0	0	0	0	84
1374238661	572406	244	248	59	0	0	0	0	86	244	247	55	0	0	0	0	85
1374238662	065372	244	247	59	0	0	0	0	87	244	247	56	0	0	0	0	86
1374238662	556899	244	248	59	0	0	0	0	88	244	247	56	0	0	0	0	87
1374238663	051039	244	247	59	0	0	0	0	89	244	247	56	0	0	0	0	88
1374238663	544427	244	248	59	0	0	0	0	90	244	247	56	118	0	0	0	89
1374238664	037719	244	247	59	0	0	0	0	91	244	247	56	118	0	0	0	90
1374238664	531005	244	249	62	0	0	0	0	92	244	247	57	119	0	0	0	91
1374238665	023544	244	247	0	0	0	0	0	93	244	247	56	118	0	0	0	92
1374238665	516509	244	247	0	0	0	0	0	94	244	247	57	0	0	0	0	93
1374238666	008991	244	248	60	0	0	0	0	95	244	247	48	0	0	0	0	94
1374238666	502313	244	249	62	0	0	0	0	96	244	247	47	111	0	0	0	95
1374238666	995327	244	249	62	0	0	0	0	97	244	247	48	112	0	0	0	96
1374238667	486980	244	247	62	0	0	0	0	98	244	246	47	113	0	0	0	97
1374238667	980230	244	249	59	0	0	0	0	99	244	247	56	0	0	0	0	98
1374238668	472458	244	247	63	0	0	0	0	100	244	247	48	112	0	0	0	99
1374238668	965833	244	248	61	0	0	0	0	101	244	247	49	113	0	0	0	100
1374238669	458158	244	248	59	0	0	0	0	102	244	247	56	118	0	0	0	101
1374238669	950364	244	249	61	0	0	0	0	103	244	247	49	111	0	0	0	102
1374238670	442777	244	247	60	0	0	0	0	104	244	247	56	0	0	0	0	103
1374238670	936114	244	249	61	0	0	0	0	105	244	247	47	111	0	0	0	104
1374238671	430385	244	247	62	0	0	0	0	106	244	247	56	0	0	0	0	105
1374238671	923847	244	247	62	0	0	0	0	107	244	247	48	0	0	0	0	106
1374238672	416961	244	249	60	0	0	0	0	108	244	247	55	0	0	0	0	107
1374238672	910289	244	248	62	0	0	0	0	109	244	246	47	113	0	0	0	108
1374238673	403460	244	247	62	0	0	0	0	110	244	247	47	112	0	0	0	109
1374238673	895928	244	249	116	0	0	0	0	111	244	247	46	0	0	0	0	110
1374238674	388258	244	247	61	0	0	0	0	112	244	247	47	111	0	0	0	111
1374238674	880292	244	248	61	0	0	0	0	113	244	246	47	0	0	0	0	112
1374238675	373752	244	247	61	0	0	0	0	114	244	247	47	113	0	0	0	113
1374238675	867992	244	249	61	0	0	0	0	115	244	247	47	113	0	0	0	114
1374238676	361356	244	249	61	0	0	0	0	116	244	247	56	0	0	0	0	115
1374238676	853567	244	247	0	0	0	0	0	117	244	247	56	0	0	0	0	116
1374238677	346850	244	249	61	0	0	0	0	118	244	247	56	0	0	0	0	117
1374238677	840226	244	249	63	0	0	0	0	119	244	247	56	0	0	0	0	118
1374238678	333320	244	247	61	0	0	0	0	120	244	247	55	0	0	0	0	119
1374238678	825885	244	247	62	0	0	0	0	121	244	247	56	0	0	0	0	120
1374238679	318990	244	249	65	0	0	0	0	122	244	247	56	0	0	0	0	121
1374238679	810260	244	249	63	0	0	0	0	123	244	247	56	0	0	0	0	122
1374238680	302540	244	247	61	0	0	0	0	124	244	247	56	0	0	0	0	123
1374238680	796031	244	247	62	0	0	0	0	125	244	247	56	0	0	0	0	124
1374238681	289334	244	248	61	0	0	0	0	126	244	247	48	0	0	0	0	125
1374238681	781521	244	248	0	0	0	0	0	127	244	247	48	111	0	0	0	126
1374238682	276497	244	247	0	0	0	0	0	128	244	247	56	117	0	0	0	127
1374238682	769179	244	248	61	0	0	0	0	129	244	247	54	0	0	0	0	128
1374238683	262207	244	248	61	0	0	0	0	130	244	247	55	0	0	0	0	129
1374238683	754010	244	249	60	0	0	0	0	131	244	247	56	0	0	0	0	130
1374238684	246899	244	249	58	0	0	0	0	132	244	247	55	0	0	0	0	131
1374238684	740170	244	248	60	0	0	0	0	133	244	246	56	0	0	0	0	132
1374238685	232803	244	249	61	0	0	0	0	134	244	247	55	117	0	0	0	133
1374238685	725921	244	247	115	0	0	0	0	135	244	247	56	0	0	0	0	134
1374238686	219126	244	249	63	0	0	0	0	136	244	247	56	0	0	0	0	135
1374238686	711650	244	248	0	0	0	0	0	137	244	247	56	117	0	0	0	136
1374238687	204894	244	247	0	0	0	0	0	138	244	247	55	117	0	0	0	137
1374238687	697015	244	249	60	121	0	0	0	139	244	247	56	0	0	0	0	138
1374238688	188477	244	247	58	0	0	0	0	140	244	247	56	0	0	0	0	139
1374238688	681772	244	248	58	0	0	0	0	141	244	247	56	0	0	0	0	140
1374238689	175134	244	249	60	0	0	0	0	142	244	247	56	118	0	0	0	141
1374238689	667431	244	247	60	122	0	0	0	143	244	247	56	0	0	0	0	142
1374238690	160712	244	249	114	0	0	0	0	144	244	247	56	0	0	0	0	143
1374238690	653963	244	248	116	0	0	0	0	145	244	247	56	0	0	0	0	144
1374238691	147272	244	247	117	0	0	0	0	146	244	247	56	0	0	0	0	145
1374238691	639515	244	247	0	0	0	0	0	147	244	247	56	0	0	0	0	146
1374238692	131663	244	249	64	0	0	0	0	148	244	247	56	0	0	0	0	147
1374238692	625381	244	249	63	0	0	0	0	149	244	247	55	117	0	0	0	148
1374238693	118599	244	248	63	0	0	0	0	150	244	246	55	117	0	0	0	149
1374238693	612715	244	248	62	0	0	0	0	151	244	247	56	0	0	0	0	150
1374238694	106117	244	249	118	0	0	0	0	152	244	247	56	118	0	0	0	151
1374238694	599451	244	249	115	0	0	0	0	153	244	247	56	118	0	0	0	152
1374238695	091743	244	248	115	0	0	0	0	154	244	247	56	118	0	0	0	153
1374238695	585095	244	249	117	0	0	0	0	155	244	247	57	119	0	0	0	154
1374238696	077529	244	249	0	0	0	0	0	156	244	247	56	118	0	0	0	155
1374238696	570745	244	248	0	0	0	0	0	157	244	247	55	117	0	0	0	156
1374238697	062899	244	247	60	0	0	0	0	158	244	247	56	118	0	0	0	157
1374238697	556423	244	247	115	0	0	0	0	159	244	247	56	118	0	0	0	158
1374238698	049547	244	249	115	0	0	0	0	160	244	246	55	117	0	0	0	159
1374238698	542707	244	249	115	0	0	0	0	161	244	247	56	118	0	0	0	160
1374238699	035108	244	248	117	0	0	0	0	162	244	247	56	118	0	0	0	161
1374238699	528647	244	248	118	0	0	0	0	163	244	247	56	118	0	0	0	162
1374238700	021734	244	249	0	0	0	0	0	164	244	247	56	0	0	0	0	163
1374238700	514135	244	249	63	0	0	0	0	165	244	247	56	118	0	0	0	164
1374238701	007567	244	249	63	0	0	0	0	166	244	247	56	118	0	0	0	165
1374238701	500865	244	248	64	0	0	0	0	167	244	247	56	118	0	0	0	166
1374238701	992874	244	249	116	0	0	0	0	168	244	247	56	118	0	0	0	167
1374238702	484325	244	247	64	0	0	0	0	169	244	247	56	118	0	0	0	168
1374238702	978626	244	247	0	0	0	0	0	170	244	247	56	118	0	0	0	169
1374238703	476984	244	247	0	0	0	0	0	171	244	247	56	117	0	0	0	170
1374238703	970145	244	249	118	0	0	0	0	172	244	247	56	117	0	0	0	171
1374238704	462617	244	247	116	0	0	0	0	173	244	247	56	118	0	0	0	172
1374238704	955840	244	248	62	0	0	0	0	174	244	247	56	118	0	0	0	173
1374238705	449134	244	249	62	0	0	0	0	175	244	247	56	118	0	0	0	174
1374238705	942627	244	248	0	0	0	0	0	176	244	247	56	118	0	0	0	175
1374238706	435858	244	248	0	0	0	0	0	177	244	246	56	0	0	0	0	176
1374238706	927910	244	247	0	0	0	0	0	178	244	247	56	0	0	0	0	177
1374238707	419326	244	248	61	0	0	0	0	179	244	247	56	118	0	0	0	178
1374238707	912558	244	249	115	0	0	0	0	180	244	246	56	118	0	0	0	179
1374238708	405920	244	247	117	0	0	0	0	181	244	247	56	118	0	0	0	180
1374238708	898182	244	248	117	0	0	0	0	182	244	247	56	118	0	0	0	181
1374238709	390514	244	248	116	0	0	0	0	183	244	246	56	118	0	0	0	182
1374238709	883902	244	249	115	0	0	0	0	184	244	247	56	118	0	0	0	183
1374238710	376132	244	247	115	0	0	0	0	185	244	247	56	118	0	0	0	184
1374238710	869444	244	247	116	0	0	0	0	186	244	247	56	118	0	0	0	185
1374238711	362965	244	249	0	0	0	0	0	187	244	247	56	118	0	0	0	186
1374238711	855978	244	247	117	0	0	0	0	188	244	247	56	118	0	0	0	187
1374238712	348552	244	248	120	0	0	0	0	189	244	247	56	0	0	0	0	188
1374238712	841557	244	249	118	0	0	0	0	190	244	247	56	0	0	0	0	189
1374238713	333100	244	247	0	0	0	0	0	191	244	247	56	0	0	0	0	190
1374238713	826225	244	249	0	0	0	0	0	192	244	247	56	0	0	0	0	191
1374238714	318631	244	248	0	0	0	0	0	193	244	247	56	0	0	0	0	192
1374238714	810124	244	248	62	0	0	0	0	194	244	247	56	0	0	0	0	193
1374238715	303296	244	247	62	0	0	0	0	195	244	247	56	118	0	0	0	194
1374238715	796652	244	247	61	122	0	0	0	196	244	247	56	118	0	0	0	195
1374238716	290102	244	249	62	0	0	0	0	197	244	247	56	118	0	0	0	196
1374238716	782189	244	249	117	0	0	0	0	198	244	247	56	118	0	0	0	197
1374238717	276416	244	249	117	0	0	0	0	199	244	247	56	0	0	0	0	198
1374238717	769857	244	249	0	0	0	0	0	200	244	247	56	0	0	0	0	199
1374238718	263026	244	247	61	0	0	0	0	201	244	247	56	0	0	0	0	200
1374238718	755688	244	248	67	0	0	0	0	202	244	247	56	0	0	0	0	201
1374238719	248745	244	247	118	0	0	0	0	203	244	247	57	119	0	0	0	202
1374238719	742223	244	247	118	0	0	0	0	204	244	246	58	120	0	0	0	203
1374238720	235407	244	248	63	0	0	0	0	205	244	247	56	118	0	0	0	204
1374238720	728817	244	249	66	0	0	0	0	206	244	247	47	111	0	0	0	205
1374238721	221195	244	249	62	0	0	0	0	207	244	247	47	111	0	0	0	206
1374238721	713413	244	247	60	0	0	0	0	208	244	247	47	111	0	0	0	207
1374238722	205703	244	248	60	0	0	0	0	209	244	247	47	111	0	0	0	208
1374238722	698982	244	247	62	0	0	0	0	210	244	247	47	111	0	0	0	209
1374238723	192630	244	248	60	0	0	0	0	211	244	247	47	111	0	0	0	210
1374238723	684882	244	249	60	0	0	0	0	212	244	247	47	111	0	0	0	211
1374238724	178121	244	247	60	0	0	0	0	213	244	247	47	111	0	0	0	212
1374238724	671353	244	249	61	0	0	0	0	214	244	247	48	111	0	0	0	213
1374238725	164439	244	247	61	0	0	0	0	215	244	247	47	112	0	0	0	214
1374238725	657852	244	249	61	0	0	0	0	216	244	247	47	111	0	0	0	215
1374238726	151189	244	249	60	0	0	0	0	217	244	247	47	111	0	0	0	216
1374238726	643652	244	247	60	0	0	0	0	218	244	247	48	112	0	0	0	217
1374238727	135816	244	247	61	122	0	0	0	219	244	247	48	111	0	0	0	218
1374238727	628918	244	248	61	0	0	0	0	220	244	247	47	111	0	0	0	219
1374238728	122359	244	249	61	0	0	0	0	221	244	248	48	112	0	0	0	220
1374238728	615550	244	248	60	0	0	0	0	222	244	247	47	111	0	0	0	221
1374238729	108888	244	248	115	0	0	0	0	223	244	247	47	111	0	0	0	222
1374238729	601507	244	248	116	0	0	0	0	224	244	247	47	113	0	0	0	223
1374238730	093528	244	247	61	0	0	0	0	225	244	247	48	111	0	0	0	224
1374238730	586697	244	248	60	0	0	0	0	226	244	247	48	112	0	0	0	225
1374238731	080234	244	247	61	0	0	0	0	227	244	247	48	111	0	0	0	226
1374238731	572366	244	249	60	0	0	0	0	228	244	247	48	111	0	0	0	227
1374238732	065506	244	248	61	0	0	0	0	229	244	247	48	111	0	0	0	228
1374238732	558111	244	247	115	0	0	0	0	230	244	247	47	111	0	0	0	229
1374238733	051312	244	247	115	0	0	0	0	231	244	248	48	112	0	0	0	230
1374238733	542828	244	249	0	0	0	0	0	232	244	247	49	112	0	0	0	231
1374238734	036254	244	247	0	0	0	0	0	233	244	247	48	112	0	0	0	232
1374238734	528523	244	249	0	0	0	0	0	234	244	247	49	115	0	0	0	233
1374238735	021732	244	247	60	0	0	0	0	235	244	247	49	115	0	0	0	234
1374238735	515129	244	249	61	0	0	0	0	236	244	247	56	118	0	0	0	235
1374238736	006611	244	249	60	0	0	0	0	237	244	247	47	111	0	0	0	236
1374238736	499738	244	248	61	0	0	0	0	238	244	247	47	112	0	0	0	237
1374238736	991859	244	248	59	121	0	0	0	239	244	247	47	113	0	0	0	238
1374238737	483363	244	248	60	0	0	0	0	240	244	247	47	112	0	0	0	239
1374238737	976634	244	247	59	0	0	0	0	241	244	247	47	112	0	0	0	240
1374238738	470005	244	249	60	0	0	0	0	242	244	247	47	113	0	0	0	241
1374238738	963342	244	247	60	0	0	0	0	243	244	247	47	0	0	0	0	242
1374238739	457578	244	248	60	122	0	0	0	244	244	247	47	112	0	0	0	243
1374238739	949961	244	249	60	0	0	0	0	245	244	247	47	112	0	0	0	244
1374238740	443287	244	248	59	0	0	0	0	246	244	247	47	113	0	0	0	245
1374238740	936384	244	248	60	122	0	0	0	247	244	247	49	113	0	0	0	246
1374238741	429830	244	249	115	0	0	0	0	248	244	247	49	112	0	0	0	247
1374238741	922034	244	247	117	0	0	0	0	249	244	247	48	113	0	0	0	248
1374238742	415363	244	247	59	0	0	0	0	250	244	247	48	112	0	0	0	249
1374238742	909664	244	249	61	0	0	0	0	251	244	247	48	112	0	0	0	250
1374238743	402914	244	248	60	0	0	0	0	252	244	247	47	113	0	0	0	251
1374238743	896219	244	247	60	122	0	0	0	253	244	247	47	112	0	0	0	252
1374238744	389522	244	248	62	0	0	0	0	254	244	247	47	113	0	0	0	253
1374238744	882849	244	247	62	0	0	0	0	255	244	247	47	112	0	0	0	254
1374238745	376131	244	247	60	122	0	0	0	256	244	247	48	112	0	0	0	255
1374238745	869487	244	247	60	0	0	0	0	257	244	247	47	111	0	0	0	256
1374238746	362861	244	249	60	122	0	0	0	258	244	247	47	112	0	0	0	257
1374238746	856262	244	249	60	122	0	0	0	259	244	247	47	112	0	0	0	258
1374238747	347390	244	248	117	0	0	0	0	260	244	247	47	111	0	0	0	259
1374238747	841736	244	247	64	0	0	0	0	261	244	247	47	112	0	0	0	260
1374238748	335083	244	249	60	0	0	0	0	262	244	247	47	111	0	0	0	261
1374238748	826354	244	247	60	0	0	0	0	263	244	247	47	111	0	0	0	262
1374238749	318647	244	248	60	0	0	0	0	264	244	247	56	118	0	0	0	263
1374238749	811035	244	249	60	0	0	0	0	265	244	247	56	118	0	0	0	264
1374238750	304394	244	249	63	0	0	0	0	266	244	247	47	112	0	0	0	265
1374238750	797716	244	247	0	0	0	0	0	267	244	246	47	112	0	0	0	266
1374238751	291004	244	248	0	0	0	0	0	268	244	246	47	112	0	0	0	267
1374238751	783347	244	247	60	0	0	0	0	269	244	247	47	111	0	0	0	268
1374238752	276504	244	248	60	134	0	0	0	270	244	247	47	111	0	0	0	269
1374238752	769757	244	247	61	0	0	0	0	271	244	247	47	111	0	0	0	270
1374238753	262968	244	248	63	0	0	0	0	272	244	247	47	113	0	0	0	271
1374238753	755328	244	247	0	0	0	0	0	273	244	247	48	111	0	0	0	272
1374238754	247924	244	248	60	0	0	0	0	274	244	247	47	112	0	0	0	273
1374238754	741201	244	247	60	0	0	0	0	275	244	247	47	112	0	0	0	274
1374238755	234418	244	247	62	0	0	0	0	276	244	247	47	112	0	0	0	275
1374238755	727708	244	247	63	0	0	0	0	277	244	247	47	111	0	0	0	276
1374238756	220184	244	249	60	0	0	0	0	278	244	247	47	112	0	0	0	277
1374238756	713356	244	248	60	0	0	0	0	279	244	247	47	112	0	0	0	278
1374238757	206765	244	249	60	0	0	0	0	280	244	247	47	112	0	0	0	279
1374238757	700024	244	247	121	0	0	0	0	281	244	247	57	119	0	0	0	280
1374238758	193315	244	247	63	0	0	0	0	282	244	247	0	0	0	0	0	281
1374238758	686516	244	247	64	0	0	0	0	283	244	247	58	0	0	0	0	282
1374238759	177839	244	247	62	0	0	0	0	284	244	247	57	0	0	0	0	283
1374238759	671304	244	249	64	0	0	0	0	285	244	247	56	0	0	0	0	284
1374238760	163638	244	249	66	0	0	0	0	286	244	247	63	0	0	0	0	285
1374238760	655768	244	248	66	0	0	0	0	287	244	247	54	0	0	0	0	286
1374238761	147278	244	249	66	0	0	0	0	288	244	247	64	0	0	0	0	287
1374238761	638573	244	248	0	0	0	0	0	289	244	247	54	0	0	0	0	288
1374238762	132642	244	249	0	0	0	0	0	290	244	247	53	0	0	0	0	289
1374238762	624270	244	247	79	0	0	0	0	291	244	247	55	0	0	0	0	290
1374238763	117505	244	249	0	0	0	0	0	292	244	247	55	0	0	0	0	291
1374238763	610821	244	247	69	0	0	0	0	293	244	247	123	0	0	0	0	292
1374238764	104120	244	247	65	0	0	0	0	294	244	247	0	0	0	0	0	293
1374238764	597472	244	249	64	0	0	0	0	295	244	247	57	0	0	0	0	294
1374238765	090644	244	249	65	0	0	0	0	296	244	247	58	0	0	0	0	295
1374238765	584073	244	247	64	0	0	0	0	297	244	247	57	0	0	0	0	296
1374238766	077411	244	248	65	0	0	0	0	298	244	247	54	0	0	0	0	297
1374238766	569662	244	248	63	0	0	0	0	299	244	247	61	0	0	0	0	298
1374238767	061943	244	247	0	0	0	0	0	300	244	247	60	122	0	0	0	299
1374238767	555222	244	249	73	0	0	0	0	301	244	247	61	0	0	0	0	300
1374238768	048712	244	248	0	0	0	0	0	302	244	247	52	0	0	0	0	301
1374238768	542060	244	247	72	0	0	0	0	303	244	247	64	0	0	0	0	302
1374238769	035235	244	249	66	0	0	0	0	304	244	247	60	0	0	0	0	303
1374238769	527530	244	248	64	0	0	0	0	305	244	247	64	0	0	0	0	304
1374238770	020017	244	247	62	0	0	0	0	306	244	247	62	124	0	0	0	305
1374238770	513292	244	247	63	0	0	0	0	307	244	247	62	0	0	0	0	306
1374238771	005431	244	247	63	0	0	0	0	308	244	247	62	0	0	0	0	307
1374238771	498901	244	247	66	0	0	0	0	309	244	247	63	125	0	0	0	308
1374238771	991963	244	248	65	0	0	0	0	310	244	247	68	0	0	0	0	309
1374238772	483208	244	248	63	124	0	0	0	311	244	247	62	0	0	0	0	310
1374238772	975552	244	249	64	126	0	0	0	312	244	247	63	0	0	0	0	311
1374238773	468776	244	248	64	0	0	0	0	313	244	247	64	0	0	0	0	312
1374238773	961112	244	247	63	0	0	0	0	314	244	247	0	0	0	0	0	313
1374238774	453334	244	247	63	0	0	0	0	315	244	247	119	0	0	0	0	314
1374238774	945577	244	249	73	0	0	0	0	316	244	247	63	0	0	0	0	315
1374238775	440116	244	247	0	0	0	0	0	317	244	247	68	0	0	0	0	316
1374238775	932326	244	247	0	0	0	0	0	318	244	247	67	0	0	0	0	317
1374238776	424342	244	249	67	0	0	0	0	319	244	247	64	125	0	0	0	318
1374238776	917860	244	247	64	0	0	0	0	320	244	247	62	124	0	0	0	319
1374238777	411099	244	248	67	0	0	0	0	321	244	247	66	0	0	0	0	320
1374238777	904496	244	247	0	0	0	0	0	322	244	247	63	0	0	0	0	321
1374238778	396600	244	248	65	0	0	0	0	323	244	247	0	0	0	0	0	322
1374238778	890005	244	249	64	0	0	0	0	324	244	247	62	0	0	0	0	323
1374238779	382266	244	247	0	0	0	0	0	325	244	247	62	124	0	0	0	324
1374238779	873682	244	248	65	0	0	0	0	326	244	247	0	0	0	0	0	325
1374238780	367098	244	249	65	0	0	0	0	327	244	247	62	123	0	0	0	326
1374238780	860439	244	248	65	0	0	0	0	328	244	247	64	0	0	0	0	327
1374238781	353606	244	247	64	0	0	0	0	329	244	248	62	0	0	0	0	328
1374238781	845994	244	247	63	0	0	0	0	330	244	247	0	0	0	0	0	329
1374238782	340300	244	249	63	0	0	0	0	331	244	247	0	0	0	0	0	330
1374238782	834460	244	249	64	0	0	0	0	332	244	247	0	0	0	0	0	331
1374238783	327785	244	247	0	0	0	0	0	333	244	247	0	0	0	0	0	332
1374238783	821070	244	248	0	0	0	0	0	334	244	247	125	0	0	0	0	333
1374238784	313440	244	248	0	0	0	0	0	335	244	247	63	0	0	0	0	334
1374238784	805683	244	247	0	0	0	0	0	336	244	247	63	0	0	0	0	335
1374238785	297069	244	249	0	0	0	0	0	337	244	247	64	0	0	0	0	336
1374238785	790451	244	247	63	0	0	0	0	338	244	248	0	0	0	0	0	337
1374238786	283629	244	249	63	0	0	0	0	339	244	247	0	0	0	0	0	338
1374238786	776851	244	247	64	0	0	0	0	340	244	247	128	0	0	0	0	339
1374238787	270256	244	249	64	0	0	0	0	341	244	247	63	0	0	0	0	340
1374238787	763340	244	249	62	0	0	0	0	342	244	247	64	125	0	0	0	341
1374238788	256649	244	248	64	0	0	0	0	343	244	248	65	0	0	0	0	342
1374238788	749996	244	249	66	0	0	0	0	344	244	248	63	0	0	0	0	343
1374238789	241406	244	247	65	0	0	0	0	345	244	247	63	0	0	0	0	344
1374238789	733711	244	247	64	0	0	0	0	346	244	247	0	0	0	0	0	345
1374238790	227136	244	247	64	0	0	0	0	347	244	247	64	0	0	0	0	346
1374238790	720406	244	248	65	0	0	0	0	348	244	247	63	125	0	0	0	347
1374238791	213633	244	247	69	0	0	0	0	349	244	247	65	127	0	0	0	348
1374238791	706972	244	247	63	0	0	0	0	350	244	248	65	0	0	0	0	349
1374238792	200253	244	249	64	0	0	0	0	351	244	247	62	123	0	0	0	350
1374238792	693407	244	248	66	0	0	0	0	352	244	247	65	0	0	0	0	351
1374238793	186570	244	249	72	0	0	0	0	353	244	247	63	0	0	0	0	352
1374238793	679999	244	248	0	0	0	0	0	354	244	247	60	0	0	0	0	353
1374238794	173151	244	247	65	0	0	0	0	355	244	248	0	0	0	0	0	354
1374238794	664651	244	249	65	0	0	0	0	356	244	247	63	0	0	0	0	355
1374238795	157120	244	249	64	0	0	0	0	357	244	247	0	0	0	0	0	356
1374238795	650231	244	247	0	0	0	0	0	358	244	247	62	0	0	0	0	357
1374238796	143563	244	248	0	0	0	0	0	359	244	247	59	0	0	0	0	358
1374238796	636834	244	249	67	0	0	0	0	360	244	247	58	0	0	0	0	359
1374238797	129963	244	249	66	0	0	0	0	361	244	247	60	0	0	0	0	360
1374238797	623448	244	248	65	0	0	0	0	362	244	247	60	0	0	0	0	361
1374238798	116690	244	247	72	0	0	0	0	363	244	247	60	0	0	0	0	362
1374238798	609968	244	247	74	0	0	0	0	364	244	247	62	0	0	0	0	363
1374238799	102349	244	249	72	0	0	0	0	365	244	247	62	0	0	0	0	364
1374238799	594539	244	249	66	0	0	0	0	366	244	248	62	0	0	0	0	365
1374238800	087932	244	249	66	0	0	0	0	367	244	248	62	0	0	0	0	366
1374238800	581348	244	247	66	0	0	0	0	368	244	247	60	0	0	0	0	367
1374238801	073713	244	248	0	0	0	0	0	369	244	248	65	0	0	0	0	368
1374238801	564850	244	249	69	0	0	0	0	370	244	248	63	0	0	0	0	369
1374238802	056070	244	249	65	0	0	0	0	371	244	248	60	0	0	0	0	370
1374238802	550585	244	248	0	0	0	0	0	372	244	248	59	0	0	0	0	371
1374238803	043647	244	249	65	0	0	0	0	373	244	248	60	0	0	0	0	372
1374238803	537250	244	248	64	0	0	0	0	374	244	248	60	0	0	0	0	373
1374238804	030380	244	249	64	126	0	0	0	375	244	248	58	0	0	0	0	374
1374238804	523591	244	249	64	0	0	0	0	376	244	248	60	0	0	0	0	375
1374238805	016869	244	248	65	0	0	0	0	377	244	248	63	125	0	0	0	376
1374238805	508314	244	248	0	0	0	0	0	378	244	248	65	0	0	0	0	377
1374238806	001515	244	247	68	0	0	0	0	379	244	248	64	128	0	0	0	378
1374238806	493941	244	249	65	0	0	0	0	380	244	248	127	0	0	0	0	379
1374238806	986042	244	248	65	0	0	0	0	381	244	248	64	0	0	0	0	380
1374238807	477465	244	248	64	0	0	0	0	382	244	247	0	0	0	0	0	381
1374238807	969858	244	249	64	0	0	0	0	383	244	248	65	0	0	0	0	382
1374238808	462999	244	247	65	0	0	0	0	384	244	248	73	0	0	0	0	383
1374238808	955381	244	249	65	0	0	0	0	385	244	248	0	0	0	0	0	384
1374238809	448748	244	249	65	0	0	0	0	386	244	248	64	126	0	0	0	385
1374238809	942026	244	248	64	0	0	0	0	387	244	248	127	0	0	0	0	386
1374238810	435558	244	249	64	0	0	0	0	388	244	248	65	127	0	0	0	387
1374238810	928778	244	247	64	0	0	0	0	389	244	248	64	0	0	0	0	388
1374238811	422131	244	248	74	0	0	0	0	390	244	248	0	0	0	0	0	389
1374238811	915274	244	247	66	0	0	0	0	391	244	248	63	0	0	0	0	390
1374238812	407646	244	249	64	0	0	0	0	392	244	248	126	0	0	0	0	391
1374238812	900962	244	249	64	0	0	0	0	393	244	248	62	0	0	0	0	392
1374238813	394476	244	247	65	0	0	0	0	394	244	248	62	0	0	0	0	393
1374238813	887553	244	249	71	0	0	0	0	395	244	248	62	0	0	0	0	394
1374238814	379963	244	248	71	0	0	0	0	396	244	247	63	0	0	0	0	395
1374238814	873349	244	249	65	0	0	0	0	397	244	248	62	0	0	0	0	396
1374238815	366548	244	248	65	0	0	0	0	398	244	248	62	0	0	0	0	397
1374238815	859831	244	249	66	0	0	0	0	399	244	248	62	0	0	0	0	398
1374238816	353152	244	249	67	0	0	0	0	400	244	248	62	0	0	0	0	399
1374238816	844543	244	249	66	0	0	0	0	401	244	247	62	0	0	0	0	400
1374238817	337672	244	248	65	0	0	0	0	402	244	247	61	0	0	0	0	401
1374238817	830987	244	247	65	0	0	0	0	403	244	248	62	0	0	0	0	402
1374238818	324225	244	249	66	0	0	0	0	404	244	248	62	0	0	0	0	403
1374238818	817540	244	249	66	0	0	0	0	405	244	248	62	0	0	0	0	404
1374238819	310910	244	247	71	0	0	0	0	406	244	248	62	0	0	0	0	405
1374238819	804038	244	248	65	0	0	0	0	407	244	248	62	0	0	0	0	406
1374238820	295421	244	249	65	0	0	0	0	408	244	248	62	0	0	0	0	407
1374238820	788841	244	247	64	0	0	0	0	409	244	248	62	0	0	0	0	408
1374238821	282127	244	249	67	0	0	0	0	410	244	248	62	0	0	0	0	409
1374238821	773580	244	248	65	0	0	0	0	411	244	248	67	0	0	0	0	410
1374238822	266646	244	248	65	0	0	0	0	412	244	247	60	0	0	0	0	411
1374238822	759940	244	247	65	0	0	0	0	413	244	248	60	124	0	0	0	412
1374238823	253233	244	248	72	0	0	0	0	414	244	247	67	0	0	0	0	413
1374238823	746712	244	247	71	0	0	0	0	415	244	248	63	125	0	0	0	414
1374238824	239863	244	247	67	0	0	0	0	416	244	248	65	126	0	0	0	415
1374238824	731371	244	249	64	0	0	0	0	417	244	248	61	0	0	0	0	416
1374238825	224512	244	247	64	0	0	0	0	418	244	248	0	0	0	0	0	417
1374238825	718143	244	247	64	0	0	0	0	419	244	248	65	0	0	0	0	418
1374238826	210206	244	248	65	0	0	0	0	420	244	248	64	126	0	0	0	419
1374238826	703634	244	249	65	0	0	0	0	421	244	248	63	0	0	0	0	420
1374238827	197771	244	247	72	0	0	0	0	422	244	248	64	0	0	0	0	421
1374238827	690696	244	247	64	0	0	0	0	423	244	248	64	0	0	0	0	422
1374238828	182248	244	247	64	0	0	0	0	424	244	248	63	0	0	0	0	423
1374238828	675380	244	247	64	0	0	0	0	425	244	248	64	0	0	0	0	424
1374238829	167854	244	249	63	0	0	0	0	426	244	248	63	0	0	0	0	425
1374238829	660964	244	248	65	0	0	0	0	427	244	248	64	126	0	0	0	426
1374238830	154481	244	249	0	0	0	0	0	428	244	248	66	128	0	0	0	427
1374238830	645612	244	249	65	0	0	0	0	429	244	248	62	0	0	0	0	428
1374238831	139081	244	248	0	0	0	0	0	430	244	248	60	0	0	0	0	429
1374238831	632306	244	249	0	0	0	0	0	431	244	248	60	122	0	0	0	430
1374238832	126309	244	249	0	0	0	0	0	432	244	248	62	123	0	0	0	431
1374238832	619604	244	247	0	0	0	0	0	433	244	248	66	0	0	0	0	432
1374238833	111955	244	247	0	0	0	0	0	434	244	248	122	0	0	0	0	433
1374238833	605274	244	248	64	0	0	0	0	435	244	248	61	122	0	0	0	434
1374238834	098640	244	249	65	0	0	0	0	436	244	248	61	123	0	0	0	435
1374238834	590898	244	249	65	0	0	0	0	437	244	248	64	126	0	0	0	436
1374238835	083121	244	249	71	0	0	0	0	438	244	247	63	124	0	0	0	437
1374238835	576315	244	249	72	0	0	0	0	439	244	248	63	124	0	0	0	438
1374238836	069739	244	248	67	0	0	0	0	440	244	248	63	124	0	0	0	439
1374238836	562026	244	247	65	0	0	0	0	441	244	248	122	0	0	0	0	440
1374238837	055118	244	249	65	0	0	0	0	442	244	248	63	125	0	0	0	441
1374238837	546492	244	248	67	0	0	0	0	443	244	248	64	0	0	0	0	442
1374238838	037828	244	248	68	0	0	0	0	444	244	247	64	0	0	0	0	443
1374238838	531157	244	248	74	0	0	0	0	445	244	248	63	125	0	0	0	444
1374238839	023435	244	248	65	0	0	0	0	446	244	248	58	122	0	0	0	445
1374238839	516679	244	248	64	0	0	0	0	447	244	248	122	0	0	0	0	446
1374238840	010064	244	248	64	0	0	0	0	448	244	248	62	124	0	0	0	447
1374238840	503289	244	248	65	0	0	0	0	449	244	248	62	124	0	0	0	448
1374238840	996637	244	247	67	0	0	0	0	450	244	248	63	125	0	0	0	449
1374238841	488910	244	248	66	0	0	0	0	451	244	248	62	0	0	0	0	450
1374238841	980974	244	247	65	0	0	0	0	452	244	248	62	123	0	0	0	451
1374238842	472482	244	248	65	0	0	0	0	453	244	248	60	0	0	0	0	452
1374238842	965716	244	247	67	0	0	0	0	454	244	248	60	0	0	0	0	453
1374238843	460057	244	247	67	0	0	0	0	455	244	248	61	0	0	0	0	454
1374238843	953204	244	248	0	0	0	0	0	456	244	248	61	124	0	0	0	455
1374238844	445755	244	248	66	0	0	0	0	457	244	248	61	123	0	0	0	456
1374238844	939019	244	248	66	0	0	0	0	458	244	248	62	123	0	0	0	457
1374238845	432149	244	249	67	0	0	0	0	459	244	248	62	126	0	0	0	458
1374238845	924535	244	247	73	0	0	0	0	460	244	248	61	0	0	0	0	459
1374238846	417024	244	249	67	0	0	0	0	461	244	248	62	0	0	0	0	460
1374238846	910241	244	249	0	0	0	0	0	462	244	248	61	0	0	0	0	461
1374238847	402515	244	247	66	0	0	0	0	463	244	247	61	0	0	0	0	462
1374238847	895712	244	249	67	0	0	0	0	464	244	248	62	0	0	0	0	463
1374238848	389044	244	249	66	0	0	0	0	465	244	248	61	0	0	0	0	464
1374238848	882387	244	249	67	0	0	0	0	466	244	248	61	0	0	0	0	465
1374238849	375798	244	249	0	0	0	0	0	467	244	248	61	0	0	0	0	466
1374238849	869072	244	249	0	0	0	0	0	468	244	248	61	0	0	0	0	467
1374238850	362328	244	249	68	0	0	0	0	469	244	248	62	0	0	0	0	468
1374238850	855717	244	249	68	0	0	0	0	470	244	248	61	123	0	0	0	469
1374238851	349111	244	248	67	0	0	0	0	471	244	248	61	0	0	0	0	470
1374238851	841431	244	249	67	0	0	0	0	472	244	248	67	0	0	0	0	471
1374238852	334709	244	247	65	0	0	0	0	473	244	247	62	124	0	0	0	472
1374238852	827788	244	247	65	0	0	0	0	474	244	248	62	124	0	0	0	473
1374238853	320041	244	247	66	0	0	0	0	475	244	248	63	0	0	0	0	474
1374238853	813533	244	248	67	0	0	0	0	476	244	248	62	124	0	0	0	475
1374238854	307679	244	248	67	0	0	0	0	477	244	248	62	0	0	0	0	476
1374238854	801186	244	249	66	0	0	0	0	478	244	247	62	0	0	0	0	477
1374238855	294529	244	247	69	0	0	0	0	479	244	248	62	0	0	0	0	478
1374238855	787754	244	247	64	0	0	0	0	480	244	248	63	125	0	0	0	479
1374238856	280282	244	248	64	0	0	0	0	481	244	248	60	0	0	0	0	480
1374238856	773386	244	249	63	0	0	0	0	482	244	248	59	0	0	0	0	481
1374238857	266660	244	249	0	0	0	0	0	483	244	247	60	0	0	0	0	482
1374238857	759965	244	248	0	0	0	0	0	484	244	247	60	0	0	0	0	483
1374238858	253307	244	248	0	0	0	0	0	485	244	248	61	0	0	0	0	484
1374238858	746724	244	248	64	0	0	0	0	486	244	247	60	0	0	0	0	485
1374238859	239895	244	248	64	0	0	0	0	487	244	248	61	0	0	0	0	486
1374238859	732399	244	249	65	0	0	0	0	488	244	247	61	0	0	0	0	487
1374238860	224534	244	248	0	0	0	0	0	489	244	247	60	0	0	0	0	488
1374238860	717876	244	249	74	0	0	0	0	490	244	248	61	0	0	0	0	489
1374238861	211050	244	247	64	126	0	0	0	491	244	247	0	0	0	0	0	490
1374238861	704411	244	247	0	0	0	0	0	492	244	247	60	0	0	0	0	491
1374238862	197582	244	247	65	0	0	0	0	493	244	247	62	124	0	0	0	492
1374238862	689926	244	247	66	0	0	0	0	494	244	247	60	0	0	0	0	493
1374238863	183220	244	247	73	0	0	0	0	495	244	247	63	0	0	0	0	494
1374238863	675469	244	247	0	0	0	0	0	496	244	247	61	0	0	0	0	495
1374238864	168709	244	249	74	0	0	0	0	497	244	247	62	0	0	0	0	496
1374238864	660070	244	249	73	0	0	0	0	498	244	248	61	122	0	0	0	497
1374238865	154507	244	247	66	0	0	0	0	499	244	248	62	123	0	0	0	498
1374238865	647951	244	247	60	0	0	0	0	500	244	248	0	0	0	0	0	499
1374238866	140204	244	249	66	0	0	0	0	501	244	247	0	0	0	0	0	500
1374238866	633647	244	249	0	0	0	0	0	502	244	248	68	0	0	0	0	501
1374238867	125666	244	247	0	0	0	0	0	503	244	248	85	0	0	0	0	502
1374238867	617803	244	249	83	0	0	0	0	504	244	248	80	0	0	0	0	503
1374238868	111273	244	248	0	0	0	0	0	505	244	248	0	0	0	0	0	504
1374238868	604741	244	249	75	0	0	0	0	506	244	247	82	0	0	0	0	505
1374238869	097867	244	247	0	0	0	0	0	507	244	247	62	0	0	0	0	506
1374238869	591275	244	249	0	0	0	0	0	508	244	248	68	0	0	0	0	507
1374238870	083761	244	249	79	0	0	0	0	509	244	248	0	0	0	0	0	508
1374238870	576854	244	248	0	0	0	0	0	510	244	248	67	131	0	0	0	509
1374238871	069297	244	247	77	0	0	0	0	511	244	247	70	0	0	0	0	510
1374238871	562561	244	247	75	0	0	0	0	512	244	248	65	0	0	0	0	511
1374238872	054935	244	247	73	0	0	0	0	513	244	247	69	135	0	0	0	512
1374238872	547171	244	247	75	0	0	0	0	514	244	248	67	0	0	0	0	513
1374238873	040349	244	249	0	0	0	0	0	515	244	247	69	0	0	0	0	514
1374238873	533547	244	248	72	0	0	0	0	516	244	248	72	0	0	0	0	515
1374238874	026011	244	247	77	0	0	0	0	517	244	247	69	142	0	0	0	516
1374238874	518287	244	248	76	0	0	0	0	518	244	248	71	0	0	0	0	517
1374238875	011657	244	249	73	0	0	0	0	519	244	248	71	0	0	0	0	518
1374238875	505053	244	249	73	0	0	0	0	520	244	248	74	0	0	0	0	519
1374238875	997314	244	249	73	0	0	0	0	521	244	248	70	0	0	0	0	520
1374238876	491438	244	249	73	0	0	0	0	522	244	247	69	141	0	0	0	521
1374238876	984535	244	249	73	0	0	0	0	523	244	247	70	0	0	0	0	522
1374238877	474723	244	247	73	0	0	0	0	524	244	248	70	0	0	0	0	523
1374238877	966051	244	249	76	0	0	0	0	525	244	247	73	0	0	0	0	524
1374238878	459414	244	249	75	0	0	0	0	526	244	248	69	0	0	0	0	525
1374238878	953521	244	247	75	0	0	0	0	527	244	247	69	0	0	0	0	526
1374238879	444756	244	249	74	0	0	0	0	528	244	247	69	141	0	0	0	527
1374238879	937148	244	247	73	0	0	0	0	529	244	247	70	141	0	0	0	528
1374238880	430491	244	247	73	0	0	0	0	530	244	248	71	0	0	0	0	529
1374238880	923740	244	247	76	0	0	0	0	531	244	248	66	0	0	0	0	530
1374238881	416214	244	247	74	0	0	0	0	532	244	247	72	141	0	0	0	531
1374238881	909353	244	249	74	0	0	0	0	533	244	248	72	160	0	0	0	532
1374238882	401573	244	247	74	0	0	0	0	534	244	247	62	0	0	0	0	533
1374238882	893932	244	248	72	0	0	0	0	535	244	248	0	0	0	0	0	534
1374238883	387237	244	248	72	0	0	0	0	536	244	247	67	0	0	0	0	535
1374238883	880488	244	249	72	0	0	0	0	537	244	247	67	0	0	0	0	536
1374238884	372825	244	247	64	0	0	0	0	538	244	248	69	137	0	0	0	537
1374238884	867180	244	249	64	0	0	0	0	539	244	248	67	0	0	0	0	538
1374238885	360409	244	249	71	0	0	0	0	540	244	248	62	139	0	0	0	539
1374238885	852756	244	249	66	0	0	0	0	541	244	247	71	0	0	0	0	540
1374238886	345957	244	247	72	0	0	0	0	542	244	248	71	0	0	0	0	541
1374238886	839336	244	248	65	0	0	0	0	543	244	248	68	134	0	0	0	542
1374238887	332696	244	248	0	0	0	0	0	544	244	247	58	0	0	0	0	543
1374238887	825952	244	247	0	0	0	0	0	545	244	248	0	0	0	0	0	544
1374238888	320088	244	249	61	0	0	0	0	546	244	247	59	121	0	0	0	545
1374238888	813264	244	249	62	0	0	0	0	547	244	247	59	121	0	0	0	546
1374238889	305929	244	248	60	0	0	0	0	548	244	247	58	0	0	0	0	547
1374238889	799005	244	248	59	0	0	0	0	549	244	247	58	0	0	0	0	548
1374238890	292455	244	248	60	0	0	0	0	550	244	248	0	0	0	0	0	549
1374238890	785720	244	249	62	0	0	0	0	551	244	247	58	0	0	0	0	550
1374238891	278172	244	248	60	0	0	0	0	552	244	248	58	0	0	0	0	551
1374238891	771322	244	248	60	0	0	0	0	553	244	247	58	120	0	0	0	552
1374238892	265530	244	249	60	0	0	0	0	554	244	247	58	120	0	0	0	553
1374238892	759817	244	247	62	0	0	0	0	555	244	247	59	121	0	0	0	554
1374238893	253244	244	247	62	0	0	0	0	556	244	247	59	121	0	0	0	555
1374238893	746505	244	249	60	0	0	0	0	557	244	248	58	120	0	0	0	556
1374238894	240023	244	249	60	0	0	0	0	558	244	247	59	121	0	0	0	557
1374238894	733056	244	247	60	0	0	0	0	559	244	247	60	122	0	0	0	558
1374238895	225387	244	247	60	0	0	0	0	560	244	248	58	120	0	0	0	559
1374238895	717719	244	248	62	0	0	0	0	561	244	247	57	0	0	0	0	560
1374238896	211145	244	248	60	0	0	0	0	562	244	247	58	0	0	0	0	561
1374238896	704391	244	249	60	0	0	0	0	563	244	248	59	0	0	0	0	562
1374238897	197748	244	248	63	0	0	0	0	564	244	247	58	122	0	0	0	563
1374238897	690953	244	248	0	0	0	0	0	565	244	248	58	120	0	0	0	564
1374238898	184265	244	249	60	0	0	0	0	566	244	247	58	120	0	0	0	565
1374238898	677707	244	247	60	0	0	0	0	567	244	248	58	0	0	0	0	566
1374238899	170897	244	247	60	0	0	0	0	568	244	248	57	0	0	0	0	567
1374238899	663169	244	247	60	0	0	0	0	569	244	247	58	0	0	0	0	568
1374238900	154494	244	247	60	0	0	0	0	570	244	247	58	0	0	0	0	569
1374238900	647827	244	248	63	0	0	0	0	571	244	248	58	120	0	0	0	570
1374238901	140109	244	249	62	0	0	0	0	572	244	247	59	121	0	0	0	571
1374238901	632528	244	247	62	0	0	0	0	573	244	247	59	121	0	0	0	572
1374238902	125370	244	247	59	0	0	0	0	574	244	247	58	120	0	0	0	573
1374238902	617771	244	247	60	0	0	0	0	575	244	247	58	120	0	0	0	574
1374238903	111042	244	249	62	0	0	0	0	576	244	247	58	120	0	0	0	575
1374238903	603314	244	247	62	0	0	0	0	577	244	247	57	119	0	0	0	576
1374238904	095598	244	249	60	0	0	0	0	578	244	247	58	120	0	0	0	577
1374238904	588783	244	249	60	0	0	0	0	579	244	247	58	120	0	0	0	578
1374238905	082208	244	249	62	0	0	0	0	580	244	247	57	0	0	0	0	579
1374238905	575477	244	248	61	0	0	0	0	581	244	247	57	119	0	0	0	580
1374238906	068839	244	249	62	0	0	0	0	582	244	247	58	120	0	0	0	581
1374238906	562234	244	249	60	0	0	0	0	583	244	247	58	120	0	0	0	582
1374238907	054120	244	248	62	0	0	0	0	584	244	247	58	120	0	0	0	583
1374238907	546715	244	248	61	0	0	0	0	585	244	247	59	121	0	0	0	584
1374238908	039844	244	247	62	0	0	0	0	586	244	247	59	0	0	0	0	585
1374238908	533343	244	249	60	0	0	0	0	587	244	247	59	120	0	0	0	586
1374238909	026542	244	247	63	0	0	0	0	588	244	247	59	121	0	0	0	587
1374238909	519974	244	247	59	0	0	0	0	589	244	247	59	121	0	0	0	588
1374238910	012176	244	248	59	0	0	0	0	590	244	247	59	121	0	0	0	589
1374238910	506452	244	247	62	0	0	0	0	591	244	247	58	120	0	0	0	590
1374238911	000911	244	247	63	0	0	0	0	592	244	247	59	121	0	0	0	591
1374238911	494191	244	249	61	0	0	0	0	593	244	247	59	121	0	0	0	592
1374238911	986334	244	248	55	0	0	0	0	594	244	247	58	120	0	0	0	593
1374238912	479781	244	247	60	0	0	0	0	595	244	248	60	121	0	0	0	594
1374238912	972937	244	249	60	0	0	0	0	596	244	247	58	120	0	0	0	595
1374238913	466159	244	247	60	0	0	0	0	597	244	247	61	122	0	0	0	596
1374238913	959541	244	247	62	0	0	0	0	598	244	248	58	120	0	0	0	597
1374238914	452877	244	249	60	0	0	0	0	599	244	248	59	0	0	0	0	598
1374238914	945299	244	247	62	0	0	0	0	600	244	247	58	0	0	0	0	599
1374238915	438548	244	249	62	0	0	0	0	601	244	247	56	118	0	0	0	600
1374238915	931756	244	247	61	0	0	0	0	602	244	247	56	118	0	0	0	601
1374238916	424958	244	247	54	0	0	0	0	603	244	248	56	118	0	0	0	602
1374238916	917181	244	249	52	0	0	0	0	604	244	247	57	119	0	0	0	603
1374238917	409624	244	249	60	0	0	0	0	605	244	247	58	120	0	0	0	604
1374238917	902865	244	247	62	0	0	0	0	606	244	248	58	0	0	0	0	605
1374238918	396151	244	248	62	0	0	0	0	607	244	248	60	122	0	0	0	606
1374238918	889704	244	247	62	0	0	0	0	608	244	247	59	121	0	0	0	607
1374238919	382857	244	249	62	0	0	0	0	609	244	247	60	122	0	0	0	608
1374238919	876251	244	247	64	0	0	0	0	610	244	248	60	122	0	0	0	609
1374238920	368617	244	248	61	0	0	0	0	611	244	248	58	120	0	0	0	610
1374238920	860872	244	247	62	0	0	0	0	612	244	247	59	0	0	0	0	611
1374238921	352198	244	248	61	0	0	0	0	613	244	247	58	0	0	0	0	612
1374238921	845498	244	247	62	0	0	0	0	614	244	247	58	120	0	0	0	613
1374238922	337862	244	247	61	0	0	0	0	615	244	247	58	120	0	0	0	614
1374238922	831208	244	248	61	0	0	0	0	616	244	248	58	120	0	0	0	615
1374238923	323348	244	248	61	0	0	0	0	617	244	248	58	120	0	0	0	616
1374238923	814879	244	248	61	0	0	0	0	618	244	247	58	120	0	0	0	617
1374238924	307947	244	247	62	0	0	0	0	619	244	248	58	120	0	0	0	618
1374238924	800463	244	249	62	0	0	0	0	620	244	248	58	0	0	0	0	619
1374238925	292667	244	248	61	0	0	0	0	621	244	247	58	0	0	0	0	620
1374238925	786208	244	248	60	0	0	0	0	622	244	248	58	120	0	0	0	621
1374238926	279550	244	249	61	0	0	0	0	623	244	248	58	120	0	0	0	622
1374238926	771938	244	247	61	0	0	0	0	624	244	248	58	120	0	0	0	623
1374238927	265012	244	249	62	0	0	0	0	625	244	248	59	0	0	0	0	624
1374238927	758225	244	248	62	0	0	0	0	626	244	248	59	0	0	0	0	625
1374238928	251458	244	249	62	0	0	0	0	627	244	248	59	121	0	0	0	626
1374238928	744802	244	249	62	0	0	0	0	628	244	248	59	121	0	0	0	627
1374238929	238129	244	247	62	0	0	0	0	629	244	248	60	121	0	0	0	628
1374238929	731331	244	247	62	0	0	0	0	630	244	248	60	122	0	0	0	629
1374238930	223743	244	247	61	0	0	0	0	631	244	248	58	0	0	0	0	630
1374238930	717211	244	249	61	0	0	0	0	632	244	248	59	0	0	0	0	631
1374238931	211210	244	249	62	0	0	0	0	633	244	248	60	0	0	0	0	632
1374238931	703688	244	249	62	0	0	0	0	634	244	248	59	121	0	0	0	633
1374238932	196842	244	249	63	0	0	0	0	635	244	248	60	121	0	0	0	634
1374238932	689932	244	248	61	0	0	0	0	636	244	248	60	122	0	0	0	635
1374238933	182569	244	249	62	0	0	0	0	637	244	248	59	0	0	0	0	636
1374238933	675714	244	248	63	0	0	0	0	638	244	248	59	0	0	0	0	637
1374238934	169191	244	248	61	0	0	0	0	639	244	248	59	0	0	0	0	638
1374238934	662509	244	247	60	0	0	0	0	640	244	248	60	121	0	0	0	639
1374238935	154758	244	249	45	0	0	0	0	641	244	248	59	121	0	0	0	640
1374238935	647012	244	248	0	0	0	0	0	642	244	248	57	0	0	0	0	641
1374238936	141264	244	248	49	0	0	0	0	643	244	248	57	119	0	0	0	642
1374238936	634473	244	249	0	0	0	0	0	644	244	248	56	0	0	0	0	643
1374238937	127963	244	249	45	0	0	0	0	645	244	248	55	0	0	0	0	644
1374238937	620361	244	249	44	0	0	0	0	646	244	248	54	0	0	0	0	645
1374238938	113318	244	249	45	0	0	0	0	647	244	248	54	0	0	0	0	646
1374238938	605816	244	249	0	0	0	0	0	648	244	248	55	0	0	0	0	647
1374238939	097128	244	249	0	0	0	0	0	649	244	248	54	0	0	0	0	648
1374238939	590530	244	249	0	0	0	0	0	650	244	248	54	0	0	0	0	649
1374238940	083801	244	248	0	0	0	0	0	651	244	248	53	0	0	0	0	650
1374238940	575995	244	249	0	0	0	0	0	652	244	248	55	0	0	0	0	651
1374238941	069311	244	248	45	0	0	0	0	653	244	248	54	0	0	0	0	652
1374238941	562815	244	249	44	0	0	0	0	654	244	248	54	0	0	0	0	653
1374238942	054929	244	248	45	0	0	0	0	655	244	247	53	0	0	0	0	654
1374238942	548310	244	248	46	0	0	0	0	656	244	248	54	0	0	0	0	655
1374238943	040461	244	249	45	0	0	0	0	657	244	248	54	0	0	0	0	656
1374238943	533819	244	247	46	0	0	0	0	658	244	248	56	0	0	0	0	657
1374238944	027058	244	249	45	0	0	0	0	659	244	248	56	0	0	0	0	658
1374238944	519448	244	248	45	0	0	0	0	660	244	248	55	0	0	0	0	659
1374238945	012889	244	247	45	0	0	0	0	661	244	248	55	0	0	0	0	660
1374238945	505143	244	249	44	0	0	0	0	662	244	248	55	0	0	0	0	661
1374238945	998342	244	249	44	0	0	0	0	663	244	248	55	0	0	0	0	662
1374238946	491611	244	248	44	0	0	0	0	664	244	248	54	0	0	0	0	663
1374238946	983960	244	249	44	0	0	0	0	665	244	248	55	0	0	0	0	664
1374238947	477276	244	249	45	0	0	0	0	666	244	248	55	0	0	0	0	665
1374238947	970666	244	249	46	0	0	0	0	667	244	248	54	0	0	0	0	666
1374238948	463710	244	247	45	0	0	0	0	668	244	248	54	0	0	0	0	667
1374238948	956038	244	247	45	0	0	0	0	669	244	248	0	0	0	0	0	668
1374238949	464230	244	247	45	0	0	0	0	670	244	248	55	0	0	0	0	669
1374238949	957426	244	249	45	0	0	0	0	671	244	247	54	0	0	0	0	670
1374238950	450827	244	249	45	0	0	0	0	672	244	248	54	0	0	0	0	671
1374238950	944159	244	248	45	0	0	0	0	673	244	248	54	0	0	0	0	672
1374238951	437436	244	248	45	0	0	0	0	674	244	248	54	0	0	0	0	673
1374238951	930676	244	249	45	0	0	0	0	675	244	247	54	0	0	0	0	674
1374238952	422051	244	248	44	0	0	0	0	676	244	248	54	0	0	0	0	675
1374238952	915359	244	249	44	0	0	0	0	677	244	247	54	0	0	0	0	676
1374238953	407691	244	249	44	0	0	0	0	678	244	248	54	0	0	0	0	677
1374238953	899975	244	247	45	0	0	0	0	679	244	248	54	0	0	0	0	678
1374238954	392250	244	249	45	0	0	0	0	680	244	248	54	0	0	0	0	679
1374238954	884566	244	248	45	0	0	0	0	681	244	248	54	0	0	0	0	680
1374238955	376924	244	249	45	0	0	0	0	682	244	248	54	0	0	0	0	681
1374238955	870245	244	249	45	0	0	0	0	683	244	248	54	0	0	0	0	682
1374238956	363597	244	248	44	0	0	0	0	684	244	248	55	0	0	0	0	683
1374238956	856771	244	248	44	0	0	0	0	685	244	248	54	0	0	0	0	684
1374238957	349164	244	249	45	0	0	0	0	686	244	247	54	0	0	0	0	685
1374238957	842533	244	249	0	0	0	0	0	687	244	248	54	0	0	0	0	686
1374238958	335858	244	248	45	0	0	0	0	688	244	248	54	0	0	0	0	687
1374238958	829256	244	248	45	0	0	0	0	689	244	248	54	0	0	0	0	688
1374238959	321623	244	249	44	0	0	0	0	690	244	248	54	0	0	0	0	689
1374238959	815841	244	249	45	0	0	0	0	691	244	248	55	0	0	0	0	690
1374238960	309271	244	248	44	0	0	0	0	692	244	248	53	0	0	0	0	691
1374238960	802550	244	248	44	0	0	0	0	693	244	248	54	0	0	0	0	692
1374238961	295991	244	249	44	0	0	0	0	694	244	248	53	0	0	0	0	693
1374238961	788097	244	248	44	0	0	0	0	695	244	248	54	0	0	0	0	694
1374238962	281457	244	247	44	0	0	0	0	696	244	247	55	0	0	0	0	695
1374238962	773749	244	247	44	0	0	0	0	697	244	248	56	0	0	0	0	696
1374238963	267001	244	247	44	0	0	0	0	698	244	248	55	0	0	0	0	697
1374238963	760266	244	247	45	0	0	0	0	699	244	248	54	0	0	0	0	698
1374238964	252550	244	248	44	0	0	0	0	700	244	247	53	0	0	0	0	699
1374238964	745941	244	249	44	0	0	0	0	701	244	248	54	0	0	0	0	700
1374238965	239301	244	249	44	0	0	0	0	702	244	248	53	0	0	0	0	701
1374238965	732481	244	248	44	0	0	0	0	703	244	247	55	0	0	0	0	702
1374238966	225851	244	247	44	0	0	0	0	704	244	248	56	0	0	0	0	703
1374238966	719160	244	249	44	0	0	0	0	705	244	247	56	0	0	0	0	704
1374238967	212610	244	247	44	0	0	0	0	706	244	247	54	0	0	0	0	705
1374238967	704918	244	248	44	0	0	0	0	707	244	248	54	0	0	0	0	706
1374238968	198216	244	247	44	0	0	0	0	708	244	247	54	0	0	0	0	707
1374238968	691657	244	249	44	0	0	0	0	709	244	247	55	0	0	0	0	708
1374238969	182808	244	249	44	0	0	0	0	710	244	247	54	0	0	0	0	709
1374238969	676138	244	247	44	0	0	0	0	711	244	248	54	0	0	0	0	710
1374238970	168456	244	248	45	0	0	0	0	712	244	247	54	0	0	0	0	711
1374238970	661638	244	248	44	0	0	0	0	713	244	248	54	0	0	0	0	712
1374238971	155177	244	248	44	0	0	0	0	714	244	247	54	0	0	0	0	713
1374238971	648341	244	247	44	0	0	0	0	715	244	248	54	0	0	0	0	714
1374238972	140518	244	248	44	0	0	0	0	716	244	247	54	0	0	0	0	715
1374238972	633801	244	248	45	0	0	0	0	717	244	248	54	0	0	0	0	716
1374238973	125256	244	248	45	0	0	0	0	718	244	248	54	0	0	0	0	717
1374238973	618455	244	249	45	0	0	0	0	719	244	248	54	0	0	0	0	718
1374238974	111774	244	248	44	0	0	0	0	720	244	248	54	0	0	0	0	719
1374238974	604998	244	247	44	0	0	0	0	721	244	248	53	0	0	0	0	720
1374238975	098492	244	249	44	0	0	0	0	722	244	248	53	0	0	0	0	721
1374238975	592933	244	249	44	0	0	0	0	723	244	248	54	0	0	0	0	722
1374238976	086139	244	248	44	0	0	0	0	724	244	248	54	0	0	0	0	723
1374238976	578370	244	248	44	0	0	0	0	725	244	248	53	0	0	0	0	724
1374238977	071405	244	248	44	0	0	0	0	726	244	248	53	0	0	0	0	725
1374238977	563894	244	249	44	0	0	0	0	727	244	248	53	0	0	0	0	726
1374238978	057105	244	249	44	0	0	0	0	728	244	248	54	0	0	0	0	727
1374238978	550526	244	249	44	0	0	0	0	729	244	248	54	0	0	0	0	728
1374238979	042745	244	248	45	0	0	0	0	730	244	248	54	0	0	0	0	729
1374238979	536063	244	248	45	0	0	0	0	731	244	248	54	0	0	0	0	730
1374238980	029524	244	248	44	0	0	0	0	732	244	248	54	0	0	0	0	731
1374238980	522745	244	249	44	0	0	0	0	733	244	248	53	0	0	0	0	732
1374238981	016096	244	249	44	0	0	0	0	734	244	247	53	0	0	0	0	733
1374238981	509351	244	247	44	0	0	0	0	735	244	247	53	0	0	0	0	734
1374238982	003624	244	249	44	0	0	0	0	736	244	248	53	0	0	0	0	735
1374238982	496935	244	249	44	0	0	0	0	737	244	248	53	0	0	0	0	736
1374238982	990122	244	248	45	0	0	0	0	738	244	247	56	0	0	0	0	737
1374238983	483574	244	248	44	0	0	0	0	739	244	248	54	0	0	0	0	738
1374238983	976725	244	249	44	0	0	0	0	740	244	248	55	0	0	0	0	739
1374238984	470128	244	249	44	0	0	0	0	741	244	248	55	0	0	0	0	740
1374238984	963301	244	248	44	0	0	0	0	742	244	248	55	0	0	0	0	741
1374238985	456722	244	248	45	0	0	0	0	743	244	248	55	0	0	0	0	742
1374238985	949076	244	247	45	0	0	0	0	744	244	248	54	0	0	0	0	743
1374238986	442486	244	247	45	0	0	0	0	745	244	248	56	0	0	0	0	744
1374238986	935306	244	249	45	0	0	0	0	746	244	248	54	140	0	0	0	745
1374238987	426624	244	249	46	0	0	0	0	747	244	248	55	0	0	0	0	746
1374238987	920914	244	249	45	0	0	0	0	748	244	248	56	0	0	0	0	747
1374238988	413380	244	248	45	0	0	0	0	749	244	248	56	0	0	0	0	748
1374238988	906758	244	249	0	0	0	0	0	750	244	248	56	0	0	0	0	749
1374238989	398911	244	248	48	0	0	0	0	751	244	247	55	138	0	0	0	750
1374238989	892242	244	249	47	0	0	0	0	752	244	248	54	0	0	0	0	751
1374238990	385642	244	248	47	0	0	0	0	753	244	248	55	138	0	0	0	752
1374238990	878891	244	249	47	0	0	0	0	754	244	248	56	137	0	0	0	753
1374238991	372165	244	248	45	0	0	0	0	755	244	247	56	0	0	0	0	754
1374238991	865502	244	249	0	0	0	0	0	756	244	248	56	137	0	0	0	755
1374238992	358676	244	249	0	0	0	0	0	757	244	247	55	137	0	0	0	756
1374238992	851131	244	249	47	0	0	0	0	758	244	248	55	137	0	0	0	757
1374238993	344327	244	248	47	0	0	0	0	759	244	248	55	0	0	0	0	758
1374238993	837713	244	248	47	0	0	0	0	760	244	247	56	0	0	0	0	759
1374238994	330945	244	248	0	0	0	0	0	761	244	248	56	0	0	0	0	760
1374238994	824291	244	249	0	0	0	0	0	762	244	248	55	137	0	0	0	761
1374238995	316565	244	249	0	0	0	0	0	763	244	248	55	0	0	0	0	762
1374238995	809872	244	248	0	0	0	0	0	764	244	248	55	0	0	0	0	763
1374238996	303203	244	249	0	0	0	0	0	765	244	248	56	0	0	0	0	764
1374238996	796491	244	248	48	0	0	0	0	766	244	248	56	0	0	0	0	765
1374238997	288509	244	247	0	0	0	0	0	767	244	247	56	0	0	0	0	766
1374238997	782026	244	249	0	0	0	0	0	768	244	248	55	138	0	0	0	767
1374238998	275297	244	247	48	0	0	0	0	769	244	248	54	0	0	0	0	768
1374238998	768732	244	249	0	0	0	0	0	770	244	248	55	0	0	0	0	769
1374238999	261909	244	248	0	0	0	0	0	771	244	248	55	0	0	0	0	770
1374238999	755198	244	248	0	0	0	0	0	772	244	248	56	0	0	0	0	771
1374239000	247453	244	247	0	0	0	0	0	773	244	248	56	0	0	0	0	772
1374239000	740645	244	249	0	0	0	0	0	774	244	248	55	0	0	0	0	773
1374239001	233190	244	248	47	0	0	0	0	775	244	248	54	137	0	0	0	774
1374239001	726336	244	249	0	0	0	0	0	776	244	248	55	137	0	0	0	775
1374239002	219633	244	249	0	0	0	0	0	777	244	247	55	0	0	0	0	776
1374239002	710948	244	248	64	0	0	0	0	778	244	247	56	0	0	0	0	777
1374239003	203209	244	249	75	0	0	0	0	779	244	247	58	0	0	0	0	778
1374239003	696410	244	247	67	0	0	0	0	780	244	248	58	0	0	0	0	779
1374239004	188797	244	248	0	0	0	0	0	781	244	248	60	0	0	0	0	780
1374239004	681217	244	248	0	0	0	0	0	782	244	248	58	0	0	0	0	781
1374239005	173429	244	249	65	0	0	0	0	783	244	248	58	0	0	0	0	782
1374239005	666690	244	248	0	0	0	0	0	784	244	248	58	0	0	0	0	783
1374239006	158867	244	249	64	125	0	0	0	785	244	248	64	0	0	0	0	784
1374239006	652208	244	249	63	0	0	0	0	786	244	248	57	0	0	0	0	785
1374239007	145600	244	249	62	0	0	0	0	787	244	248	64	0	0	0	0	786
1374239007	639729	244	248	62	0	0	0	0	788	244	248	56	0	0	0	0	787
1374239008	133101	244	249	63	0	0	0	0	789	244	248	62	0	0	0	0	788
1374239008	627366	244	249	66	0	0	0	0	790	244	248	57	0	0	0	0	789
1374239009	118594	244	248	63	0	0	0	0	791	244	248	56	0	0	0	0	790
1374239009	611998	244	247	65	0	0	0	0	792	244	248	0	0	0	0	0	791
1374239010	104390	244	249	62	0	0	0	0	793	244	248	62	0	0	0	0	792
1374239010	597723	244	248	63	0	0	0	0	794	244	248	63	0	0	0	0	793
1374239011	091084	244	248	63	0	0	0	0	795	244	248	62	0	0	0	0	794
1374239011	583435	244	249	61	0	0	0	0	796	244	248	61	0	0	0	0	795
1374239012	075417	244	248	61	0	0	0	0	797	244	248	0	0	0	0	0	796
1374239012	566728	244	249	0	0	0	0	0	798	244	248	63	136	0	0	0	797
1374239013	060044	244	249	66	0	0	0	0	799	244	248	135	0	0	0	0	798
1374239013	553299	244	248	93	0	0	0	0	800	244	248	56	0	0	0	0	799
1374239014	044762	244	248	0	0	0	0	0	801	244	248	55	0	0	0	0	800
1374239014	537017	244	247	59	0	0	0	0	802	244	248	0	0	0	0	0	801
1374239015	029350	244	249	59	0	0	0	0	803	244	248	57	0	0	0	0	802
1374239015	523622	244	248	60	0	0	0	0	804	244	248	58	0	0	0	0	803
1374239016	014950	244	249	60	0	0	0	0	805	244	248	137	0	0	0	0	804
1374239016	507216	244	249	61	0	0	0	0	806	244	248	55	0	0	0	0	805
1374239016	999355	244	247	0	0	0	0	0	807	244	248	138	0	0	0	0	806
1374239017	491915	244	249	0	0	0	0	0	808	244	248	55	0	0	0	0	807
1374239017	985032	244	247	58	0	0	0	0	809	244	247	60	0	0	0	0	808
1374239018	478337	244	249	0	0	0	0	0	810	244	248	62	0	0	0	0	809
1374239018	971697	244	248	0	0	0	0	0	811	244	248	139	0	0	0	0	810
1374239019	464991	244	249	59	0	0	0	0	812	244	248	0	0	0	0	0	811
1374239019	958283	244	247	61	0	0	0	0	813	244	248	56	0	0	0	0	812
1374239020	451619	244	248	62	0	0	0	0	814	244	248	57	0	0	0	0	813
1374239020	944780	244	248	0	0	0	0	0	815	244	248	0	0	0	0	0	814
1374239021	438193	244	249	0	0	0	0	0	816	244	248	0	0	0	0	0	815
1374239021	930325	244	248	60	0	0	0	0	817	244	247	56	0	0	0	0	816
1374239022	422692	244	249	58	0	0	0	0	818	244	248	58	0	0	0	0	817
1374239022	916010	244	249	59	0	0	0	0	819	244	248	0	0	0	0	0	818
1374239023	409309	244	249	60	0	0	0	0	820	244	248	54	0	0	0	0	819
1374239023	902585	244	248	59	0	0	0	0	821	244	248	0	0	0	0	0	820
1374239024	394794	244	248	139	0	0	0	0	822	244	248	0	0	0	0	0	821
1374239024	887278	244	249	60	0	0	0	0	823	244	248	65	0	0	0	0	822
1374239025	380469	244	248	60	0	0	0	0	824	244	248	60	0	0	0	0	823
1374239025	872887	244	249	61	0	0	0	0	825	244	248	0	0	0	0	0	824
1374239026	365138	244	249	63	0	0	0	0	826	244	248	63	138	0	0	0	825
1374239026	858497	244	249	62	0	0	0	0	827	244	248	0	0	0	0	0	826
1374239027	349754	244	247	60	0	0	0	0	828	244	248	57	0	0	0	0	827
1374239027	843120	244	249	64	0	0	0	0	829	244	248	58	0	0	0	0	828
1374239028	336400	244	248	58	0	0	0	0	830	244	248	0	0	0	0	0	829
1374239028	830694	244	249	0	0	0	0	0	831	244	248	56	0	0	0	0	830
1374239029	323917	244	249	61	0	0	0	0	832	244	248	65	0	0	0	0	831
1374239029	817306	244	249	0	0	0	0	0	833	244	248	66	0	0	0	0	832
1374239030	310669	244	248	0	0	0	0	0	834	244	248	0	0	0	0	0	833
1374239030	803911	244	249	61	0	0	0	0	835	244	248	62	0	0	0	0	834
1374239031	296441	244	247	59	0	0	0	0	836	244	248	0	0	0	0	0	835
1374239031	789737	244	248	61	0	0	0	0	837	244	248	57	0	0	0	0	836
1374239032	282938	244	248	60	0	0	0	0	838	244	247	55	0	0	0	0	837
1374239032	776318	244	247	0	0	0	0	0	839	244	247	56	0	0	0	0	838
1374239033	269618	244	249	0	0	0	0	0	840	244	248	58	0	0	0	0	839
1374239033	762880	244	249	59	0	0	0	0	841	244	248	57	0	0	0	0	840
1374239034	255003	244	247	62	0	0	0	0	842	244	248	0	0	0	0	0	841
1374239034	747458	244	248	60	0	0	0	0	843	244	248	0	0	0	0	0	842
1374239035	241692	244	247	60	0	0	0	0	844	244	248	0	0	0	0	0	843
1374239035	734182	244	247	60	0	0	0	0	845	244	248	0	0	0	0	0	844
1374239036	227466	244	248	60	0	0	0	0	846	244	248	0	0	0	0	0	845
1374239036	719869	244	248	63	0	0	0	0	847	244	248	0	0	0	0	0	846
1374239037	212152	244	248	60	0	0	0	0	848	244	247	0	0	0	0	0	847
1374239037	704508	244	249	0	0	0	0	0	849	244	248	66	0	0	0	0	848
1374239038	197755	244	247	61	0	0	0	0	850	244	248	58	0	0	0	0	849
1374239038	691150	244	249	0	0	0	0	0	851	244	248	0	0	0	0	0	850
1374239039	184313	244	249	60	0	0	0	0	852	244	248	0	0	0	0	0	851
1374239039	675848	244	248	61	0	0	0	0	853	244	248	63	140	0	0	0	852
1374239040	168070	244	249	62	0	0	0	0	854	244	248	66	0	0	0	0	853
1374239040	661368	244	248	60	0	0	0	0	855	244	248	60	0	0	0	0	854
1374239041	154785	244	248	63	0	0	0	0	856	244	248	0	0	0	0	0	855
1374239041	647778	244	249	62	0	0	0	0	857	244	248	0	0	0	0	0	856
1374239042	140936	244	249	64	0	0	0	0	858	244	248	0	0	0	0	0	857
1374239042	634307	244	249	60	0	0	0	0	859	244	248	58	0	0	0	0	858
1374239043	126592	244	247	0	0	0	0	0	860	244	248	63	139	0	0	0	859
1374239043	620059	244	249	0	0	0	0	0	861	244	248	60	0	0	0	0	860
1374239044	113319	244	248	59	0	0	0	0	862	244	248	62	0	0	0	0	861
1374239044	606538	244	249	60	0	0	0	0	863	244	248	55	0	0	0	0	862
1374239045	099914	244	249	59	0	0	0	0	864	244	248	55	0	0	0	0	863
1374239045	593229	244	248	59	0	0	0	0	865	244	248	63	0	0	0	0	864
1374239046	086434	244	249	60	0	0	0	0	866	244	248	59	140	0	0	0	865
1374239046	578894	244	249	59	0	0	0	0	867	244	248	61	0	0	0	0	866
1374239047	071015	244	248	0	0	0	0	0	868	244	248	63	140	0	0	0	867
1374239047	563276	244	249	60	0	0	0	0	869	244	248	60	141	0	0	0	868
1374239048	054695	244	247	60	0	0	0	0	870	244	248	0	0	0	0	0	869
1374239048	547974	244	249	0	0	0	0	0	871	244	248	0	0	0	0	0	870
1374239049	041476	244	247	0	0	0	0	0	872	244	248	0	0	0	0	0	871
1374239049	534708	244	248	62	0	0	0	0	873	244	248	61	138	0	0	0	872
1374239050	028050	244	249	59	0	0	0	0	874	244	248	64	0	0	0	0	873
1374239050	521353	244	249	63	0	0	0	0	875	244	248	58	0	0	0	0	874
1374239051	014677	244	248	60	0	0	0	0	876	244	248	0	0	0	0	0	875
1374239051	507949	244	247	62	0	0	0	0	877	244	248	58	0	0	0	0	876
1374239052	000242	244	247	62	0	0	0	0	878	244	248	60	137	0	0	0	877
1374239052	493646	244	249	59	0	0	0	0	879	244	248	62	0	0	0	0	878
1374239052	984886	244	249	60	0	0	0	0	880	244	248	0	0	0	0	0	879
1374239053	477356	244	249	60	0	0	0	0	881	244	248	0	0	0	0	0	880
1374239053	970484	244	249	58	0	0	0	0	882	244	248	0	0	0	0	0	881
1374239054	464758	244	248	60	0	0	0	0	883	244	248	55	0	0	0	0	882
1374239054	958130	244	247	0	0	0	0	0	884	244	248	0	0	0	0	0	883
1374239055	451440	244	249	61	0	0	0	0	885	244	248	137	0	0	0	0	884
1374239055	944767	244	249	61	0	0	0	0	886	244	248	57	0	0	0	0	885
1374239056	438171	244	248	60	0	0	0	0	887	244	248	57	0	0	0	0	886
1374239056	931307	244	249	61	0	0	0	0	888	244	248	0	0	0	0	0	887
1374239057	424725	244	247	61	0	0	0	0	889	244	248	0	0	0	0	0	888
1374239057	917078	244	248	60	0	0	0	0	890	244	248	61	0	0	0	0	889
1374239058	409202	244	248	58	0	0	0	0	891	244	248	0	0	0	0	0	890
1374239058	901549	244	249	60	0	0	0	0	892	244	248	61	0	0	0	0	891
1374239059	393785	244	249	58	0	0	0	0	893	244	248	59	0	0	0	0	892
1374239059	886268	244	249	0	0	0	0	0	894	244	248	60	139	0	0	0	893
1374239060	379569	244	248	61	0	0	0	0	895	244	247	0	0	0	0	0	894
1374239060	872914	244	248	62	0	0	0	0	896	244	248	62	0	0	0	0	895
1374239061	366052	244	249	0	0	0	0	0	897	244	248	0	0	0	0	0	896
1374239061	859422	244	249	60	0	0	0	0	898	244	248	56	0	0	0	0	897
1374239062	352526	244	248	61	0	0	0	0	899	244	248	58	0	0	0	0	898
1374239062	845903	244	249	0	0	0	0	0	900	244	248	0	0	0	0	0	899
1374239063	339413	244	248	0	0	0	0	0	901	244	248	0	0	0	0	0	900
1374239063	833495	244	247	0	0	0	0	0	902	244	248	0	0	0	0	0	901
1374239064	325938	244	249	0	0	0	0	0	903	244	248	57	0	0	0	0	902
1374239064	819128	244	249	60	0	0	0	0	904	244	248	0	0	0	0	0	903
1374239065	312465	244	249	60	0	0	0	0	905	244	248	63	0	0	0	0	904
1374239065	805696	244	248	61	0	0	0	0	906	244	248	63	0	0	0	0	905
1374239066	299906	244	247	60	0	0	0	0	907	244	248	59	0	0	0	0	906
1374239066	793295	244	249	0	0	0	0	0	908	244	248	0	0	0	0	0	907
1374239067	285662	244	249	0	0	0	0	0	909	244	248	58	0	0	0	0	908
1374239067	778805	244	247	62	0	0	0	0	910	244	248	63	0	0	0	0	909
1374239068	272247	244	248	62	0	0	0	0	911	244	248	64	0	0	0	0	910
1374239068	765389	244	248	63	0	0	0	0	912	244	247	57	0	0	0	0	911
1374239069	257834	244	248	0	0	0	0	0	913	244	248	56	0	0	0	0	912
1374239069	750113	244	249	61	0	0	0	0	914	244	248	66	0	0	0	0	913
1374239070	243490	244	248	0	0	0	0	0	915	244	248	60	0	0	0	0	914
1374239070	736741	244	248	0	0	0	0	0	916	244	248	65	0	0	0	0	915
1374239071	229157	244	249	62	0	0	0	0	917	244	248	59	0	0	0	0	916
1374239071	722389	244	249	61	0	0	0	0	918	244	247	67	0	0	0	0	917
1374239072	216538	244	248	60	0	0	0	0	919	244	247	58	0	0	0	0	918
1374239072	709751	244	249	63	0	0	0	0	920	244	248	57	0	0	0	0	919
1374239073	202251	244	247	62	0	0	0	0	921	244	248	0	0	0	0	0	920
1374239073	696596	244	249	0	0	0	0	0	922	244	248	0	0	0	0	0	921
1374239074	189758	244	248	60	0	0	0	0	923	244	248	0	0	0	0	0	922
1374239074	683193	244	249	60	0	0	0	0	924	244	248	56	0	0	0	0	923
1374239075	175498	244	248	58	0	0	0	0	925	244	248	60	0	0	0	0	924
1374239075	669684	244	247	60	0	0	0	0	926	244	248	57	0	0	0	0	925
1374239076	162915	244	248	63	0	0	0	0	927	244	248	0	0	0	0	0	926
1374239076	654344	244	249	63	0	0	0	0	928	244	248	61	0	0	0	0	927
1374239077	147266	244	249	61	0	0	0	0	929	244	248	0	0	0	0	0	928
1374239077	639733	244	248	63	0	0	0	0	930	244	248	56	0	0	0	0	929
1374239078	133175	244	247	63	0	0	0	0	931	244	248	0	0	0	0	0	930
1374239078	625295	244	249	0	0	0	0	0	932	244	248	0	0	0	0	0	931
1374239079	118756	244	249	0	0	0	0	0	933	244	248	0	0	0	0	0	932
1374239079	611007	244	249	0	0	0	0	0	934	244	248	0	0	0	0	0	933
1374239080	104501	244	248	63	0	0	0	0	935	244	248	0	0	0	0	0	934
1374239080	597608	244	249	0	0	0	0	0	936	244	248	59	0	0	0	0	935
1374239081	090992	244	249	63	0	0	0	0	937	244	248	63	0	0	0	0	936
1374239081	584432	244	247	58	0	0	0	0	938	244	248	0	0	0	0	0	937
1374239082	077495	244	247	0	0	0	0	0	939	244	248	58	0	0	0	0	938
1374239082	570888	244	249	60	0	0	0	0	940	244	248	0	0	0	0	0	939
1374239083	065037	244	248	58	0	0	0	0	941	244	248	0	0	0	0	0	940
1374239083	557423	244	249	60	0	0	0	0	942	244	248	48	0	0	0	0	941
1374239084	051672	244	249	59	0	0	0	0	943	244	248	46	0	0	0	0	942
1374239084	545267	244	247	57	0	0	0	0	944	244	248	0	0	0	0	0	943
1374239085	038472	244	248	60	0	0	0	0	945	244	248	57	0	0	0	0	944
1374239085	531649	244	249	57	119	0	0	0	946	244	248	57	0	0	0	0	945
1374239086	024016	244	247	57	0	0	0	0	947	244	248	56	0	0	0	0	946
1374239086	517366	244	249	57	0	0	0	0	948	244	248	55	0	0	0	0	947
1374239087	009438	244	249	59	0	0	0	0	949	244	248	55	0	0	0	0	948
1374239087	500891	244	248	63	0	0	0	0	950	244	248	53	0	0	0	0	949
1374239087	994126	244	248	58	0	0	0	0	951	244	248	65	0	0	0	0	950
1374239088	487538	244	248	58	0	0	0	0	952	244	248	56	0	0	0	0	951
1374239088	979913	244	247	57	0	0	0	0	953	244	248	58	0	0	0	0	952
1374239089	472110	244	249	57	0	0	0	0	954	244	248	58	0	0	0	0	953
1374239089	965549	244	247	57	0	0	0	0	955	244	248	55	0	0	0	0	954
1374239090	457689	244	248	0	0	0	0	0	956	244	248	55	0	0	0	0	955
1374239090	949966	244	247	58	0	0	0	0	957	244	248	58	0	0	0	0	956
1374239091	442442	244	247	0	0	0	0	0	958	244	248	62	0	0	0	0	957
1374239091	934565	244	247	62	0	0	0	0	959	244	248	0	0	0	0	0	958
1374239092	426918	244	248	63	0	0	0	0	960	244	247	0	0	0	0	0	959
1374239092	919430	244	247	64	0	0	0	0	961	244	248	0	0	0	0	0	960
1374239093	413629	244	247	63	0	0	0	0	962	244	248	0	0	0	0	0	961
1374239093	906910	244	249	65	0	0	0	0	963	244	248	0	0	0	0	0	962
1374239094	399279	244	249	0	0	0	0	0	964	244	248	62	137	0	0	0	963
1374239094	892546	244	249	0	0	0	0	0	965	244	248	63	0	0	0	0	964
1374239095	385041	244	249	0	0	0	0	0	966	244	248	0	0	0	0	0	965
1374239095	876242	244	247	63	0	0	0	0	967	244	248	64	0	0	0	0	966
1374239096	370436	244	249	60	0	0	0	0	968	244	248	64	0	0	0	0	967
1374239096	861793	244	249	63	0	0	0	0	969	244	248	62	0	0	0	0	968
1374239097	354208	244	249	62	0	0	0	0	970	244	248	0	0	0	0	0	969
1374239097	846320	244	248	62	0	0	0	0	971	244	248	0	0	0	0	0	970
1374239098	338534	244	248	62	0	0	0	0	972	244	248	59	0	0	0	0	971
1374239098	832097	244	248	60	0	0	0	0	973	244	248	58	0	0	0	0	972
1374239099	325199	244	249	0	0	0	0	0	974	244	247	64	0	0	0	0	973
1374239099	818530	244	249	60	0	0	0	0	975	244	248	73	0	0	0	0	974
1374239100	310796	244	248	60	0	0	0	0	976	244	248	0	0	0	0	0	975
1374239100	804083	244	248	58	0	0	0	0	977	244	248	55	0	0	0	0	976
1374239101	297488	244	249	58	0	0	0	0	978	244	248	55	0	0	0	0	977
1374239101	790803	244	248	65	0	0	0	0	979	244	248	60	0	0	0	0	978
1374239102	283906	244	248	59	0	0	0	0	980	244	247	0	0	0	0	0	979
1374239102	777216	244	248	60	0	0	0	0	981	244	248	59	0	0	0	0	980
1374239103	270641	244	249	0	0	0	0	0	982	244	248	62	0	0	0	0	981
1374239103	763971	244	248	0	0	0	0	0	983	244	248	55	0	0	0	0	982
1374239104	257185	244	247	63	0	0	0	0	984	244	247	0	0	0	0	0	983
1374239104	750619	244	249	0	0	0	0	0	985	244	248	58	0	0	0	0	984
1374239105	243893	244	248	62	0	0	0	0	986	244	248	59	0	0	0	0	985
1374239105	737065	244	249	58	0	0	0	0	987	244	248	62	0	0	0	0	986
1374239106	230495	244	248	60	0	0	0	0	988	244	248	63	0	0	0	0	987
1374239106	722830	244	249	59	0	0	0	0	989	244	248	60	0	0	0	0	988
1374239107	216207	244	248	58	0	0	0	0	990	244	247	61	0	0	0	0	989
1374239107	709279	244	249	60	0	0	0	0	991	244	248	142	0	0	0	0	990
1374239108	201574	244	249	0	0	0	0	0	992	244	248	0	0	0	0	0	991
1374239108	695074	244	248	0	0	0	0	0	993	244	248	0	0	0	0	0	992
1374239109	188444	244	248	61	0	0	0	0	994	244	248	57	0	0	0	0	993
1374239109	681517	244	249	61	0	0	0	0	995	244	248	57	0	0	0	0	994
1374239110	173172	244	249	60	0	0	0	0	996	244	248	61	0	0	0	0	995
1374239110	666544	244	247	0	0	0	0	0	997	244	248	57	139	0	0	0	996
1374239111	159939	244	249	60	0	0	0	0	998	244	248	57	138	0	0	0	997
1374239111	652182	244	249	0	0	0	0	0	999	244	248	59	0	0	0	0	998
1374239112	146335	244	249	59	0	0	0	0	1000	244	248	0	0	0	0	0	999
1374239112	639604	244	249	0	0	0	0	0	1001	244	248	54	0	0	0	0	1000
1374239113	131837	244	247	60	0	0	0	0	1002	244	248	62	0	0	0	0	1001
1374239113	624487	244	249	63	0	0	0	0	1003	244	248	0	0	0	0	0	1002
1374239114	117609	244	249	60	0	0	0	0	1004	244	248	0	0	0	0	0	1003
1374239114	610984	244	249	0	0	0	0	0	1005	244	248	0	0	0	0	0	1004
1374239115	105323	244	249	0	0	0	0	0	1006	244	248	0	0	0	0	0	1005
1374239115	598688	244	247	59	0	0	0	0	1007	244	248	0	0	0	0	0	1006
1374239116	091916	244	248	57	0	0	0	0	1008	244	248	0	0	0	0	0	1007
1374239116	585241	244	248	60	0	0	0	0	1009	244	248	63	0	0	0	0	1008
1374239117	078379	244	248	63	0	0	0	0	1010	244	248	56	0	0	0	0	1009
1374239117	571809	244	248	58	0	0	0	0	1011	244	248	56	0	0	0	0	1010
1374239118	065008	244	248	61	0	0	0	0	1012	244	248	0	0	0	0	0	1011
1374239118	558257	244	249	0	0	0	0	0	1013	244	248	53	0	0	0	0	1012
1374239119	050573	244	248	60	0	0	0	0	1014	244	248	53	0	0	0	0	1013
1374239119	543855	244	248	57	0	0	0	0	1015	244	248	54	0	0	0	0	1014
1374239120	037303	244	249	58	0	0	0	0	1016	244	248	53	0	0	0	0	1015
1374239120	530571	244	248	58	0	0	0	0	1017	244	248	53	0	0	0	0	1016
1374239121	022875	244	249	55	0	0	0	0	1018	244	248	0	0	0	0	0	1017
1374239121	516390	244	249	60	0	0	0	0	1019	244	248	0	0	0	0	0	1018
1374239122	009441	244	249	60	0	0	0	0	1020	244	248	61	0	0	0	0	1019
1374239122	501602	244	248	0	0	0	0	0	1021	244	248	54	0	0	0	0	1020
1374239122	993891	244	248	60	0	0	0	0	1022	244	248	60	139	0	0	0	1021
1374239123	486260	244	248	58	0	0	0	0	1023	244	248	65	0	0	0	0	1022
1374239123	979554	244	249	59	0	0	0	0	1024	244	248	0	0	0	0	0	1023
1374239124	473011	244	248	59	0	0	0	0	1025	244	248	60	0	0	0	0	1024
1374239124	966137	244	248	58	0	0	0	0	1026	244	248	0	0	0	0	0	1025
1374239125	458527	244	248	57	0	0	0	0	1027	244	248	55	0	0	0	0	1026
1374239125	949724	244	248	58	0	0	0	0	1028	244	248	58	0	0	0	0	1027
1374239126	441042	244	247	58	0	0	0	0	1029	244	248	60	0	0	0	0	1028
1374239126	932370	244	249	60	0	0	0	0	1030	244	247	56	0	0	0	0	1029
1374239127	422758	244	248	60	0	0	0	0	1031	244	248	54	116	0	0	0	1030
1374239127	916876	244	248	0	0	0	0	0	1032	244	248	56	118	0	0	0	1031
1374239128	408265	244	249	116	0	0	0	0	1033	244	248	54	116	0	0	0	1032
1374239128	901686	244	249	58	0	0	0	0	1034	244	248	57	119	0	0	0	1033
1374239129	394982	244	247	61	123	0	0	0	1035	244	248	60	122	0	0	0	1034
1374239129	888377	244	249	59	0	0	0	0	1036	244	248	0	0	0	0	0	1035
1374239130	381750	244	249	61	0	0	0	0	1037	244	248	64	0	0	0	0	1036
1374239130	874909	244	248	61	0	0	0	0	1038	244	248	58	0	0	0	0	1037
1374239131	368129	244	248	50	111	0	0	0	1039	244	248	0	0	0	0	0	1038
1374239131	861358	244	248	53	0	0	0	0	1040	244	248	0	0	0	0	0	1039
1374239132	353739	244	249	63	0	0	0	0	1041	244	248	68	0	0	0	0	1040
1374239132	845201	244	248	63	0	0	0	0	1042	244	248	67	0	0	0	0	1041
1374239133	338489	244	247	62	0	0	0	0	1043	244	248	58	0	0	0	0	1042
1374239133	831681	244	247	64	0	0	0	0	1044	244	248	61	0	0	0	0	1043
1374239134	323177	244	249	70	0	0	0	0	1045	244	248	47	0	0	0	0	1044
1374239134	816399	244	249	0	0	0	0	0	1046	244	248	58	0	0	0	0	1045
1374239135	309743	244	249	0	0	0	0	0	1047	244	248	0	0	0	0	0	1046
1374239135	802052	244	249	0	0	0	0	0	1048	244	248	74	0	0	0	0	1047
1374239136	295387	244	249	78	0	0	0	0	1049	244	249	57	0	0	0	0	1048
1374239136	793865	244	249	0	0	0	0	0	1050	244	248	53	0	0	0	0	1049
1374239137	286951	244	249	0	0	0	0	0	1051	244	248	58	0	0	0	0	1050
1374239137	780253	244	248	0	0	0	0	0	1052	244	248	0	0	0	0	0	1051
1374239138	273648	244	248	80	0	0	0	0	1053	244	248	64	0	0	0	0	1052
1374239138	766865	244	248	0	0	0	0	0	1054	244	248	67	142	0	0	0	1053
1374239139	260360	244	247	78	0	0	0	0	1055	244	248	69	141	0	0	0	1054
1374239139	753513	244	248	69	0	0	0	0	1056	244	248	64	0	0	0	0	1055
1374239140	245728	244	248	67	0	0	0	0	1057	244	248	60	0	0	0	0	1056
1374239140	739200	244	247	65	128	0	0	0	1058	244	248	58	0	0	0	0	1057
1374239141	232436	244	248	70	0	0	0	0	1059	244	248	58	0	0	0	0	1058
1374239141	725682	244	248	72	0	0	0	0	1060	244	248	58	0	0	0	0	1059
1374239142	219178	244	249	65	0	0	0	0	1061	244	248	68	132	0	0	0	1060
1374239142	712499	244	247	0	0	0	0	0	1062	244	248	67	134	0	0	0	1061
1374239143	204712	244	249	0	0	0	0	0	1063	244	248	53	0	0	0	0	1062
1374239143	698093	244	249	0	0	0	0	0	1064	244	248	50	0	0	0	0	1063
1374239144	191477	244	247	0	0	0	0	0	1065	244	248	48	0	0	0	0	1064
1374239144	684770	244	249	0	0	0	0	0	1066	244	248	49	0	0	0	0	1065
1374239145	178088	244	248	0	0	0	0	0	1067	244	248	43	0	0	0	0	1066
1374239145	671229	244	249	0	0	0	0	0	1068	244	248	43	0	0	0	0	1067
1374239146	163627	244	249	0	0	0	0	0	1069	244	248	41	0	0	0	0	1068
1374239146	656119	244	249	0	0	0	0	0	1070	244	248	45	0	0	0	0	1069
1374239147	150155	244	249	0	0	0	0	0	1071	244	248	42	0	0	0	0	1070
1374239147	643617	244	249	0	0	0	0	0	1072	244	248	41	0	0	0	0	1071
1374239148	134660	244	249	0	0	0	0	0	1073	244	248	45	0	0	0	0	1072
1374239148	626060	244	249	0	0	0	0	0	1074	244	248	44	0	0	0	0	1073
1374239149	118485	244	249	0	0	0	0	0	1075	244	248	41	0	0	0	0	1074
1374239149	611827	244	248	0	0	0	0	0	1076	244	248	42	0	0	0	0	1075
1374239150	103106	244	248	0	0	0	0	0	1077	244	248	41	187	0	0	0	1076
1374239150	596491	244	248	0	0	0	0	0	1078	244	248	42	0	0	0	0	1077
1374239151	089736	244	249	0	0	0	0	0	1079	244	248	47	0	0	0	0	1078
1374239151	583038	244	248	0	0	0	0	0	1080	244	248	47	0	0	0	0	1079
1374239152	075288	244	248	0	0	0	0	0	1081	244	248	44	0	0	0	0	1080
1374239152	567581	244	247	0	0	0	0	0	1082	244	248	44	0	0	0	0	1081
1374239153	060800	244	247	0	0	0	0	0	1083	244	248	45	0	0	0	0	1082
1374239153	553237	244	249	0	0	0	0	0	1084	244	248	45	0	0	0	0	1083
1374239154	046589	244	248	0	0	0	0	0	1085	244	248	45	0	0	0	0	1084
1374239154	538819	244	249	0	0	0	0	0	1086	244	248	45	0	0	0	0	1085
1374239155	032148	244	248	0	0	0	0	0	1087	244	248	50	0	0	0	0	1086
1374239155	525514	244	249	0	0	0	0	0	1088	244	248	0	0	0	0	0	1087
1374239156	017632	244	248	0	0	0	0	0	1089	244	248	46	0	0	0	0	1088
1374239156	510105	244	248	0	0	0	0	0	1090	244	248	46	0	0	0	0	1089
1374239157	001207	244	248	0	0	0	0	0	1091	244	248	46	0	0	0	0	1090
1374239157	492596	244	247	0	0	0	0	0	1092	244	248	51	0	0	0	0	1091
1374239157	985951	244	248	0	0	0	0	0	1093	244	248	50	0	0	0	0	1092
1374239158	478182	244	249	0	0	0	0	0	1094	244	248	50	0	0	0	0	1093
1374239158	972704	244	247	0	0	0	0	0	1095	244	248	51	0	0	0	0	1094
1374239159	466805	244	248	0	0	0	0	0	1096	244	248	0	0	0	0	0	1095
1374239159	960203	244	249	0	0	0	0	0	1097	244	248	0	0	0	0	0	1096
1374239160	453483	244	249	0	0	0	0	0	1098	244	248	46	0	0	0	0	1097
1374239160	947764	244	248	0	0	0	0	0	1099	244	248	40	0	0	0	0	1098
1374239161	441228	244	248	0	0	0	0	0	1100	244	248	40	0	0	0	0	1099
1374239161	933182	244	249	0	0	0	0	0	1101	244	248	45	0	0	0	0	1100
1374239162	424768	244	248	0	0	0	0	0	1102	244	248	46	0	0	0	0	1101
1374239162	918012	244	248	0	0	0	0	0	1103	244	248	45	0	0	0	0	1102
1374239163	411427	244	249	0	0	0	0	0	1104	244	248	40	0	0	0	0	1103
1374239163	904788	244	249	0	0	0	0	0	1105	244	248	41	0	0	0	0	1104
1374239164	397954	244	248	0	0	0	0	0	1106	244	248	40	0	0	0	0	1105
1374239164	891335	244	248	0	0	0	0	0	1107	244	248	41	0	0	0	0	1106
1374239165	384659	244	249	0	0	0	0	0	1108	244	248	40	0	0	0	0	1107
1374239165	877901	244	248	0	0	0	0	0	1109	244	248	40	0	0	0	0	1108
1374239166	369404	244	249	0	0	0	0	0	1110	244	248	40	0	0	0	0	1109
1374239166	862556	244	249	0	0	0	0	0	1111	244	248	40	0	0	0	0	1110
1374239167	353715	244	249	0	0	0	0	0	1112	244	248	40	0	0	0	0	1111
1374239167	847225	244	248	0	0	0	0	0	1113	244	248	40	0	0	0	0	1112
1374239168	340627	244	249	0	0	0	0	0	1114	244	248	40	0	0	0	0	1113
1374239168	833640	244	248	0	0	0	0	0	1115	244	248	40	0	0	0	0	1114
1374239169	326178	244	249	0	0	0	0	0	1116	244	248	40	0	0	0	0	1115
1374239169	819635	244	248	0	0	0	0	0	1117	244	248	40	0	0	0	0	1116
1374239170	313619	244	249	0	0	0	0	0	1118	244	248	40	0	0	0	0	1117
1374239170	806960	244	248	0	0	0	0	0	1119	244	248	40	0	0	0	0	1118
1374239171	299301	244	248	0	0	0	0	0	1120	244	248	40	0	0	0	0	1119
1374239171	792667	244	248	0	0	0	0	0	1121	244	248	40	0	0	0	0	1120
1374239172	285774	244	248	0	0	0	0	0	1122	244	248	40	0	0	0	0	1121
1374239172	779211	244	249	0	0	0	0	0	1123	244	248	40	0	0	0	0	1122
1374239173	272532	244	248	0	0	0	0	0	1124	244	248	40	0	0	0	0	1123
1374239173	764784	244	248	0	0	0	0	0	1125	244	248	40	0	0	0	0	1124
1374239174	257026	244	249	0	0	0	0	0	1126	244	248	40	0	0	0	0	1125
1374239174	750373	244	249	0	0	0	0	0	1127	244	248	40	0	0	0	0	1126
1374239175	242982	244	249	0	0	0	0	0	1128	244	248	40	0	0	0	0	1127
1374239175	734054	244	248	0	0	0	0	0	1129	244	248	40	0	0	0	0	1128
1374239176	227542	244	248	0	0	0	0	0	1130	244	248	40	0	0	0	0	1129
1374239176	720609	244	248	0	0	0	0	0	1131	244	248	47	0	0	0	0	1130
1374239177	212907	244	249	0	0	0	0	0	1132	244	248	47	0	0	0	0	1131
1374239177	705459	244	247	0	0	0	0	0	1133	244	248	48	0	0	0	0	1132
1374239178	198660	244	249	0	0	0	0	0	1134	244	248	48	0	0	0	0	1133
1374239178	691848	244	248	0	0	0	0	0	1135	244	248	48	0	0	0	0	1134
1374239179	185297	244	248	0	0	0	0	0	1136	244	248	47	0	0	0	0	1135
1374239179	676634	244	248	0	0	0	0	0	1137	244	248	48	0	0	0	0	1136
1374239180	169960	244	249	0	0	0	0	0	1138	244	248	48	0	0	0	0	1137
1374239180	663379	244	249	0	0	0	0	0	1139	244	248	40	0	0	0	0	1138
1374239181	156605	244	248	0	0	0	0	0	1140	244	248	49	0	0	0	0	1139
1374239181	650030	244	247	0	0	0	0	0	1141	244	248	40	0	0	0	0	1140
1374239182	143269	244	248	0	0	0	0	0	1142	244	248	40	0	0	0	0	1141
1374239182	636484	244	248	0	0	0	0	0	1143	244	248	49	0	0	0	0	1142
1374239183	128050	244	247	0	0	0	0	0	1144	244	248	39	0	0	0	0	1143
1374239183	621340	244	248	0	0	0	0	0	1145	244	248	40	0	0	0	0	1144
1374239184	113717	244	248	0	0	0	0	0	1146	244	248	40	0	0	0	0	1145
1374239184	605020	244	249	0	0	0	0	0	1147	244	248	40	0	0	0	0	1146
1374239185	097351	244	249	0	0	0	0	0	1148	244	248	40	0	0	0	0	1147
1374239185	589688	244	248	0	0	0	0	0	1149	244	248	40	0	0	0	0	1148
1374239186	082092	244	248	136	0	0	0	0	1150	244	248	39	0	0	0	0	1149
1374239186	575413	244	248	0	0	0	0	0	1151	244	248	39	0	0	0	0	1150
1374239187	067605	244	248	0	0	0	0	0	1152	244	248	39	0	0	0	0	1151
1374239187	559898	244	249	0	0	0	0	0	1153	244	248	39	0	0	0	0	1152
1374239188	053323	244	248	0	0	0	0	0	1154	244	248	39	0	0	0	0	1153
1374239188	546673	244	249	0	0	0	0	0	1155	244	248	39	0	0	0	0	1154
1374239189	039150	244	249	0	0	0	0	0	1156	244	248	39	0	0	0	0	1155
1374239189	532451	244	248	0	0	0	0	0	1157	244	248	39	0	0	0	0	1156
1374239190	024695	244	248	0	0	0	0	0	1158	244	249	39	0	0	0	0	1157
1374239190	517044	244	249	0	0	0	0	0	1159	244	248	39	0	0	0	0	1158
1374239191	010312	244	249	0	0	0	0	0	1160	244	248	39	0	0	0	0	1159
1374239191	504654	244	249	0	0	0	0	0	1161	244	248	39	0	0	0	0	1160
1374239191	997723	244	249	0	0	0	0	0	1162	244	248	38	0	0	0	0	1161
1374239192	489195	244	249	0	0	0	0	0	1163	244	248	38	0	0	0	0	1162
1374239192	982619	244	249	0	0	0	0	0	1164	244	248	39	0	0	0	0	1163
1374239193	475959	244	249	0	0	0	0	0	1165	244	248	38	0	0	0	0	1164
1374239193	969341	244	249	0	0	0	0	0	1166	244	248	38	0	0	0	0	1165
1374239194	461567	244	247	0	0	0	0	0	1167	244	248	38	0	0	0	0	1166
1374239194	952888	244	249	0	0	0	0	0	1168	244	248	38	0	0	0	0	1167
1374239195	444417	244	248	0	0	0	0	0	1169	244	248	39	0	0	0	0	1168
1374239195	937790	244	248	0	0	0	0	0	1170	244	248	38	0	0	0	0	1169
1374239196	430959	244	249	0	0	0	0	0	1171	244	248	38	0	0	0	0	1170
1374239196	924332	244	248	0	0	0	0	0	1172	244	248	38	0	0	0	0	1171
1374239197	418622	244	249	0	0	0	0	0	1173	244	248	39	0	0	0	0	1172
1374239197	911947	244	248	0	0	0	0	0	1174	244	248	38	0	0	0	0	1173
1374239198	404366	244	248	0	0	0	0	0	1175	244	248	38	0	0	0	0	1174
1374239198	896681	244	247	0	0	0	0	0	1176	244	248	39	0	0	0	0	1175
1374239199	390049	244	249	0	0	0	0	0	1177	244	248	44	0	0	0	0	1176
1374239199	883229	244	248	0	0	0	0	0	1178	244	248	45	113	0	0	0	1177
1374239200	376604	244	248	69	0	0	0	0	1179	244	248	37	0	0	0	0	1178
1374239200	868141	244	249	0	0	0	0	0	1180	244	248	60	0	0	0	0	1179
1374239201	360250	244	248	0	0	0	0	0	1181	244	248	51	123	0	0	0	1180
1374239201	853583	244	248	0	0	0	0	0	1182	244	248	52	0	0	0	0	1181
1374239202	346735	244	249	0	0	0	0	0	1183	244	248	47	0	0	0	0	1182
1374239202	839295	244	249	0	0	0	0	0	1184	244	248	0	0	0	0	0	1183
1374239203	332689	244	247	0	0	0	0	0	1185	244	248	56	0	0	0	0	1184
1374239203	826004	244	249	0	0	0	0	0	1186	244	248	51	0	0	0	0	1185
1374239204	319532	244	248	0	0	0	0	0	1187	244	248	60	126	0	0	0	1186
1374239204	812800	244	249	0	0	0	0	0	1188	244	248	52	0	0	0	0	1187
1374239205	306259	244	249	0	0	0	0	0	1189	244	248	0	0	0	0	0	1188
1374239205	799336	244	249	0	0	0	0	0	1190	244	248	66	0	0	0	0	1189
1374239206	291803	244	249	0	0	0	0	0	1191	244	248	52	0	0	0	0	1190
1374239206	785184	244	249	0	0	0	0	0	1192	244	248	62	126	0	0	0	1191
1374239207	278269	244	248	0	0	0	0	0	1193	244	248	65	127	0	0	0	1192
1374239207	771541	244	247	0	0	0	0	0	1194	244	248	60	127	0	0	0	1193
1374239208	264087	244	248	0	0	0	0	0	1195	244	248	62	127	0	0	0	1194
1374239208	756507	244	248	0	0	0	0	0	1196	244	248	63	126	0	0	0	1195
1374239209	249729	244	249	0	0	0	0	0	1197	244	248	65	127	0	0	0	1196
1374239209	743184	244	247	0	0	0	0	0	1198	244	248	54	128	0	0	0	1197
1374239210	236589	244	247	0	0	0	0	0	1199	244	248	57	0	0	0	0	1198
1374239210	729027	244	249	0	0	0	0	0	1200	244	248	55	0	0	0	0	1199
1374239211	222116	244	248	0	0	0	0	0	1201	244	248	65	0	0	0	0	1200
1374239211	724406	244	248	0	0	0	0	0	1202	244	248	65	0	0	0	0	1201
1374239212	215779	244	248	0	0	0	0	0	1203	244	248	64	0	0	0	0	1202
1374239212	709039	244	248	0	0	0	0	0	1204	244	248	65	0	0	0	0	1203
1374239213	201518	244	247	0	0	0	0	0	1205	244	248	59	0	0	0	0	1204
1374239213	694701	244	248	0	0	0	0	0	1206	244	248	56	138	0	0	0	1205
1374239214	188022	244	248	0	0	0	0	0	1207	244	248	56	128	0	0	0	1206
1374239214	681402	244	248	0	0	0	0	0	1208	244	248	56	0	0	0	0	1207
1374239215	173761	244	249	0	0	0	0	0	1209	244	248	55	0	0	0	0	1208
1374239215	666274	244	247	0	0	0	0	0	1210	244	248	53	0	0	0	0	1209
1374239216	159395	244	249	0	0	0	0	0	1211	244	248	50	0	0	0	0	1210
1374239216	651896	244	249	0	0	0	0	0	1212	244	248	45	0	0	0	0	1211
1374239217	145002	244	248	0	0	0	0	0	1213	244	248	45	0	0	0	0	1212
1374239217	637446	244	248	0	0	0	0	0	1214	244	248	45	0	0	0	0	1213
1374239218	130751	244	247	0	0	0	0	0	1215	244	248	45	0	0	0	0	1214
1374239218	623854	244	248	0	0	0	0	0	1216	244	248	45	0	0	0	0	1215
1374239219	115243	244	249	0	0	0	0	0	1217	244	248	45	0	0	0	0	1216
1374239219	606602	244	249	0	0	0	0	0	1218	244	248	45	0	0	0	0	1217
1374239220	100021	244	247	0	0	0	0	0	1219	244	248	45	0	0	0	0	1218
1374239220	593367	244	249	0	0	0	0	0	1220	244	248	49	0	0	0	0	1219
1374239221	085876	244	249	0	0	0	0	0	1221	244	248	49	0	0	0	0	1220
1374239221	579060	244	248	0	0	0	0	0	1222	244	248	45	0	0	0	0	1221
1374239222	071291	244	248	0	0	0	0	0	1223	244	248	46	0	0	0	0	1222
1374239222	563837	244	248	0	0	0	0	0	1224	244	248	45	0	0	0	0	1223
1374239223	056972	244	249	0	0	0	0	0	1225	244	248	47	0	0	0	0	1224
1374239223	549333	244	249	0	0	0	0	0	1226	244	248	46	0	0	0	0	1225
1374239224	042488	244	248	0	0	0	0	0	1227	244	248	45	0	0	0	0	1226
1374239224	535880	244	247	0	0	0	0	0	1228	244	248	45	0	0	0	0	1227
1374239225	029344	244	247	0	0	0	0	0	1229	244	248	48	0	0	0	0	1228
1374239225	522558	244	249	0	0	0	0	0	1230	244	248	48	0	0	0	0	1229
1374239226	015767	244	249	0	0	0	0	0	1231	244	248	45	0	0	0	0	1230
1374239226	509215	244	248	0	0	0	0	0	1232	244	248	47	0	0	0	0	1231
1374239227	001282	244	248	0	0	0	0	0	1233	244	248	48	0	0	0	0	1232
1374239227	492945	244	249	0	0	0	0	0	1234	244	248	48	0	0	0	0	1233
1374239227	986180	244	249	0	0	0	0	0	1235	244	248	48	0	0	0	0	1234
1374239228	478285	244	248	0	0	0	0	0	1236	244	248	47	0	0	0	0	1235
1374239228	970676	244	247	0	0	0	0	0	1237	244	248	47	0	0	0	0	1236
1374239229	464018	244	249	0	0	0	0	0	1238	244	248	48	0	0	0	0	1237
1374239229	957139	244	249	0	0	0	0	0	1239	244	248	49	0	0	0	0	1238
1374239230	448646	244	249	136	0	0	0	0	1240	244	248	49	0	0	0	0	1239
1374239230	941057	244	249	0	0	0	0	0	1241	244	248	49	0	0	0	0	1240
1374239231	434329	244	248	0	0	0	0	0	1242	244	248	49	0	0	0	0	1241
1374239231	926585	244	247	0	0	0	0	0	1243	244	248	50	0	0	0	0	1242
1374239232	418994	244	248	0	0	0	0	0	1244	244	248	49	0	0	0	0	1243
1374239232	911171	244	248	0	0	0	0	0	1245	244	248	49	0	0	0	0	1244
1374239233	402720	244	248	0	0	0	0	0	1246	244	248	50	0	0	0	0	1245
1374239233	895956	244	248	0	0	0	0	0	1247	244	248	51	0	0	0	0	1246
1374239234	389207	244	249	0	0	0	0	0	1248	244	248	51	0	0	0	0	1247
1374239234	882658	244	249	0	0	0	0	0	1249	244	248	51	0	0	0	0	1248
1374239235	374776	244	249	0	0	0	0	0	1250	244	248	50	0	0	0	0	1249
1374239235	867084	244	249	0	0	0	0	0	1251	244	248	54	0	0	0	0	1250
1374239236	359351	244	249	0	0	0	0	0	1252	244	248	53	0	0	0	0	1251
1374239236	851600	244	247	0	0	0	0	0	1253	244	248	51	0	0	0	0	1252
1374239237	344038	244	247	0	0	0	0	0	1254	244	248	51	0	0	0	0	1253
1374239237	837315	244	247	0	0	0	0	0	1255	244	248	51	0	0	0	0	1254
1374239238	330476	244	248	0	0	0	0	0	1256	244	248	51	0	0	0	0	1255
1374239238	822204	244	248	0	0	0	0	0	1257	244	248	51	0	0	0	0	1256
1374239239	315443	244	248	0	0	0	0	0	1258	244	248	53	0	0	0	0	1257
1374239239	807725	244	249	0	0	0	0	0	1259	244	249	53	0	0	0	0	1258
1374239240	300154	244	249	0	0	0	0	0	1260	244	248	56	0	0	0	0	1259
1374239240	792247	244	247	0	0	0	0	0	1261	244	248	0	0	0	0	0	1260
1374239241	285463	244	249	0	0	0	0	0	1262	244	248	0	0	0	0	0	1261
1374239241	777837	244	249	0	0	0	0	0	1263	244	248	53	0	0	0	0	1262
1374239242	269185	244	247	0	0	0	0	0	1264	244	248	51	0	0	0	0	1263
1374239242	762418	244	247	0	0	0	0	0	1265	244	248	51	0	0	0	0	1264
1374239243	255745	244	249	0	0	0	0	0	1266	244	248	45	0	0	0	0	1265
1374239243	748059	244	249	0	0	0	0	0	1267	244	248	45	0	0	0	0	1266
1374239244	239331	244	248	0	0	0	0	0	1268	244	248	45	0	0	0	0	1267
1374239244	732785	244	247	0	0	0	0	0	1269	244	248	45	0	0	0	0	1268
1374239245	224974	244	249	138	0	0	0	0	1270	244	248	45	0	0	0	0	1269
1374239245	718366	244	249	0	0	0	0	0	1271	244	248	45	0	0	0	0	1270
1374239246	211655	244	248	0	0	0	0	0	1272	244	248	45	0	0	0	0	1271
1374239246	705007	244	249	0	0	0	0	0	1273	244	248	45	0	0	0	0	1272
1374239247	199151	244	249	0	0	0	0	0	1274	244	248	45	0	0	0	0	1273
1374239247	692351	244	247	0	0	0	0	0	1275	244	248	45	0	0	0	0	1274
1374239248	185562	244	249	0	0	0	0	0	1276	244	248	45	0	0	0	0	1275
1374239248	678752	244	249	0	0	0	0	0	1277	244	248	45	0	0	0	0	1276
1374239249	171118	244	249	0	0	0	0	0	1278	244	248	45	0	0	0	0	1277
1374239249	664392	244	249	0	0	0	0	0	1279	244	248	45	0	0	0	0	1278
1374239250	158532	244	248	0	0	0	0	0	1280	244	248	45	0	0	0	0	1279
1374239250	651897	244	249	0	0	0	0	0	1281	244	248	45	0	0	0	0	1280
1374239251	145196	244	249	0	0	0	0	0	1282	244	248	45	0	0	0	0	1281
1374239251	638503	244	249	0	0	0	0	0	1283	244	248	45	0	0	0	0	1282
1374239252	132805	244	248	0	0	0	0	0	1284	244	248	45	0	0	0	0	1283
1374239252	624981	244	247	0	0	0	0	0	1285	244	248	45	0	0	0	0	1284
1374239253	118224	244	247	0	0	0	0	0	1286	244	248	48	109	0	0	0	1285
1374239253	611552	244	249	0	0	0	0	0	1287	244	248	65	127	0	0	0	1286
1374239254	104767	244	248	0	0	0	0	0	1288	244	248	0	0	0	0	0	1287
1374239254	598106	244	249	0	0	0	0	0	1289	244	248	66	132	0	0	0	1288
1374239255	090367	244	248	83	0	0	0	0	1290	244	248	66	130	0	0	0	1289
1374239255	583583	244	248	0	0	0	0	0	1291	244	248	64	0	0	0	0	1290
1374239256	076882	244	249	0	0	0	0	0	1292	244	248	70	0	0	0	0	1291
1374239256	569324	244	249	0	0	0	0	0	1293	244	248	67	0	0	0	0	1292
1374239257	061313	244	248	69	0	0	0	0	1294	244	248	64	0	0	0	0	1293
1374239257	552797	244	249	0	0	0	0	0	1295	244	248	64	0	0	0	0	1294
1374239258	047105	244	249	0	0	0	0	0	1296	244	248	69	0	0	0	0	1295
1374239258	540409	244	248	71	0	0	0	0	1297	244	248	59	0	0	0	0	1296
1374239259	033597	244	249	76	0	0	0	0	1298	244	248	63	0	0	0	0	1297
1374239259	526922	244	249	78	0	0	0	0	1299	244	248	72	0	0	0	0	1298
1374239260	019140	244	249	0	0	0	0	0	1300	244	248	75	0	0	0	0	1299
1374239260	512585	244	249	74	0	0	0	0	1301	244	248	63	0	0	0	0	1300
1374239261	005009	244	249	62	0	0	0	0	1302	244	248	69	0	0	0	0	1301
1374239261	497217	244	248	62	0	0	0	0	1303	244	248	69	0	0	0	0	1302
1374239261	989462	244	248	62	0	0	0	0	1304	244	248	71	0	0	0	0	1303
1374239262	481968	244	248	65	0	0	0	0	1305	244	248	0	0	0	0	0	1304
1374239262	974023	244	249	65	0	0	0	0	1306	244	248	70	0	0	0	0	1305
1374239263	466285	244	247	63	0	0	0	0	1307	244	248	0	0	0	0	0	1306
1374239263	958673	244	247	0	0	0	0	0	1308	244	248	0	0	0	0	0	1307
1374239264	451993	244	247	71	0	0	0	0	1309	244	248	0	0	0	0	0	1308
1374239264	944180	244	248	57	0	0	0	0	1310	244	248	0	0	0	0	0	1309
1374239265	436595	244	247	56	0	0	0	0	1311	244	248	0	0	0	0	0	1310
1374239265	929801	244	249	55	0	0	0	0	1312	244	249	0	0	0	0	0	1311
1374239266	422335	244	248	56	0	0	0	0	1313	244	249	0	0	0	0	0	1312
1374239266	915486	244	247	54	0	0	0	0	1314	244	248	0	0	0	0	0	1313
1374239267	408750	244	247	56	0	0	0	0	1315	244	248	0	0	0	0	0	1314
1374239267	901957	244	249	54	0	0	0	0	1316	244	248	0	0	0	0	0	1315
1374239268	394385	244	247	55	0	0	0	0	1317	244	248	0	0	0	0	0	1316
1374239268	887690	244	249	55	0	0	0	0	1318	244	249	0	0	0	0	0	1317
1374239269	381081	244	249	53	0	0	0	0	1319	244	248	0	0	0	0	0	1318
1374239269	874380	244	249	53	0	0	0	0	1320	244	248	0	0	0	0	0	1319
1374239270	367558	244	248	56	0	0	0	0	1321	244	248	0	0	0	0	0	1320
1374239270	861902	244	249	56	0	0	0	0	1322	244	248	0	0	0	0	0	1321
1374239271	355128	244	249	54	0	0	0	0	1323	244	248	0	0	0	0	0	1322
1374239271	848398	244	248	55	0	0	0	0	1324	244	248	0	0	0	0	0	1323
1374239272	340346	244	248	57	0	0	0	0	1325	244	248	0	0	0	0	0	1324
1374239272	833778	244	247	64	0	0	0	0	1326	244	248	0	0	0	0	0	1325
1374239273	326151	244	249	55	0	0	0	0	1327	244	248	0	0	0	0	0	1326
1374239273	818424	244	247	56	0	0	0	0	1328	244	248	0	0	0	0	0	1327
1374239274	311814	244	248	54	0	0	0	0	1329	244	248	0	0	0	0	0	1328
1374239274	805073	244	249	55	0	0	0	0	1330	244	249	0	0	0	0	0	1329
1374239275	297451	244	247	55	0	0	0	0	1331	244	248	0	0	0	0	0	1330
1374239275	790954	244	249	55	0	0	0	0	1332	244	248	0	0	0	0	0	1331
1374239276	284925	244	247	54	0	0	0	0	1333	244	249	0	0	0	0	0	1332
1374239276	779532	244	249	56	0	0	0	0	1334	244	248	0	0	0	0	0	1333
1374239277	272751	244	249	54	0	0	0	0	1335	244	248	0	0	0	0	0	1334
1374239277	766096	244	247	53	0	0	0	0	1336	244	249	0	0	0	0	0	1335
1374239278	259326	244	249	0	0	0	0	0	1337	244	248	0	0	0	0	0	1336
1374239278	752775	244	247	65	0	0	0	0	1338	244	248	0	0	0	0	0	1337
1374239279	245893	244	247	55	0	0	0	0	1339	244	248	0	0	0	0	0	1338
1374239279	737222	244	249	55	0	0	0	0	1340	244	248	0	0	0	0	0	1339
1374239280	230592	244	248	53	0	0	0	0	1341	244	248	0	0	0	0	0	1340
1374239280	724010	244	249	53	0	0	0	0	1342	244	249	0	0	0	0	0	1341
1374239281	216145	244	249	51	0	0	0	0	1343	244	248	0	0	0	0	0	1342
1374239281	707487	244	249	52	0	0	0	0	1344	244	249	0	0	0	0	0	1343
1374239282	198782	244	249	52	0	0	0	0	1345	244	248	0	0	0	0	0	1344
1374239282	692207	244	249	53	0	0	0	0	1346	244	249	0	0	0	0	0	1345
1374239283	185291	244	247	52	0	0	0	0	1347	244	249	0	0	0	0	0	1346
1374239283	678639	244	249	53	0	0	0	0	1348	244	248	0	0	0	0	0	1347
1374239284	172771	244	248	56	0	0	0	0	1349	244	248	0	0	0	0	0	1348
1374239284	663213	244	247	56	0	0	0	0	1350	244	248	0	0	0	0	0	1349
1374239285	155656	244	248	55	0	0	0	0	1351	244	248	0	0	0	0	0	1350
1374239285	649025	244	249	54	0	0	0	0	1352	244	249	0	0	0	0	0	1351
1374239286	142180	244	247	54	0	0	0	0	1353	244	248	0	0	0	0	0	1352
1374239286	634507	244	247	55	0	0	0	0	1354	244	248	0	0	0	0	0	1353
1374239287	127784	244	248	55	0	0	0	0	1355	244	248	0	0	0	0	0	1354
1374239287	621134	244	249	54	0	0	0	0	1356	244	248	0	0	0	0	0	1355
1374239288	114390	244	247	53	0	0	0	0	1357	244	248	0	0	0	0	0	1356
1374239288	606758	244	249	53	0	0	0	0	1358	244	248	0	0	0	0	0	1357
1374239289	099880	244	249	57	0	0	0	0	1359	244	248	0	0	0	0	0	1358
1374239289	591373	244	248	52	0	0	0	0	1360	244	248	0	0	0	0	0	1359
1374239290	084822	244	249	53	0	0	0	0	1361	244	248	0	0	0	0	0	1360
1374239290	576967	244	249	52	0	0	0	0	1362	244	248	0	0	0	0	0	1361
1374239291	070204	244	248	53	0	0	0	0	1363	244	248	0	0	0	0	0	1362
1374239291	563553	244	249	53	0	0	0	0	1364	244	248	0	0	0	0	0	1363
1374239292	055833	244	247	52	0	0	0	0	1365	244	248	0	0	0	0	0	1364
1374239292	547997	244	249	54	0	0	0	0	1366	244	249	0	0	0	0	0	1365
1374239293	041224	244	249	53	0	0	0	0	1367	244	248	0	0	0	0	0	1366
1374239293	534690	244	249	59	0	0	0	0	1368	244	248	0	0	0	0	0	1367
1374239294	027028	244	249	54	0	0	0	0	1369	244	248	0	0	0	0	0	1368
1374239294	519279	244	248	55	0	0	0	0	1370	244	248	0	0	0	0	0	1369
1374239295	011642	244	248	57	0	0	0	0	1371	244	248	0	0	0	0	0	1370
1374239295	505151	244	249	53	0	0	0	0	1372	244	248	0	0	0	0	0	1371
1374239295	998251	244	247	53	0	0	0	0	1373	244	248	0	0	0	0	0	1372
1374239296	490805	244	248	53	0	0	0	0	1374	244	248	0	0	0	0	0	1373
1374239296	982622	244	247	53	0	0	0	0	1375	244	248	0	0	0	0	0	1374
1374239297	475128	244	249	52	0	0	0	0	1376	244	248	0	0	0	0	0	1375
1374239297	968315	244	248	52	0	0	0	0	1377	244	248	0	0	0	0	0	1376
1374239298	460599	244	249	52	0	0	0	0	1378	244	249	0	0	0	0	0	1377
1374239298	953998	244	249	53	0	0	0	0	1379	244	248	0	0	0	0	0	1378
1374239299	448224	244	248	54	0	0	0	0	1380	244	248	0	0	0	0	0	1379
1374239299	941410	244	249	58	0	0	0	0	1381	244	248	0	0	0	0	0	1380
1374239300	433897	244	249	57	0	0	0	0	1382	244	248	0	0	0	0	0	1381
1374239300	927115	244	248	57	0	0	0	0	1383	244	248	0	0	0	0	0	1382
1374239301	420538	244	249	56	0	0	0	0	1384	244	248	0	0	0	0	0	1383
1374239301	913731	244	248	53	0	0	0	0	1385	244	248	0	0	0	0	0	1384
1374239302	405089	244	247	52	0	0	0	0	1386	244	248	0	0	0	0	0	1385
1374239302	897380	244	249	54	0	0	0	0	1387	244	248	0	0	0	0	0	1386
1374239303	389639	244	247	55	0	0	0	0	1388	244	248	0	0	0	0	0	1387
1374239303	882901	244	248	55	0	0	0	0	1389	244	249	0	0	0	0	0	1388
1374239304	373409	244	249	55	0	0	0	0	1390	244	248	0	0	0	0	0	1389
1374239304	866648	244	249	58	0	0	0	0	1391	244	248	0	0	0	0	0	1390
1374239305	360033	244	248	57	0	0	0	0	1392	244	249	0	0	0	0	0	1391
1374239305	853224	244	247	56	0	0	0	0	1393	244	248	0	0	0	0	0	1392
1374239306	346493	244	247	54	0	0	0	0	1394	244	248	0	0	0	0	0	1393
1374239306	838687	244	248	54	0	0	0	0	1395	244	248	0	0	0	0	0	1394
1374239307	329019	244	247	53	0	0	0	0	1396	244	248	0	0	0	0	0	1395
1374239307	822291	244	249	55	0	0	0	0	1397	244	248	0	0	0	0	0	1396
1374239308	314767	244	249	63	0	0	0	0	1398	244	248	0	0	0	0	0	1397
1374239308	808864	244	248	59	0	0	0	0	1399	244	248	0	0	0	0	0	1398
1374239309	301243	244	247	56	0	0	0	0	1400	244	248	0	0	0	0	0	1399
1374239309	794597	244	249	54	0	0	0	0	1401	244	248	0	0	0	0	0	1400
1374239310	286439	244	247	54	0	0	0	0	1402	244	248	0	0	0	0	0	1401
1374239310	779199	244	249	57	0	0	0	0	1403	244	248	0	0	0	0	0	1402
1374239311	272483	244	249	53	0	0	0	0	1404	244	248	0	0	0	0	0	1403
1374239311	764848	244	247	56	0	0	0	0	1405	244	248	0	0	0	0	0	1404
1374239312	257068	244	248	56	0	0	0	0	1406	244	248	0	0	0	0	0	1405
1374239312	750251	244	249	53	0	0	0	0	1407	244	248	0	0	0	0	0	1406
1374239313	243573	244	248	53	0	0	0	0	1408	244	248	0	0	0	0	0	1407
1374239313	736873	244	248	53	164	0	0	0	1409	244	248	0	0	0	0	0	1408
1374239314	230214	244	248	52	0	0	0	0	1410	244	248	0	0	0	0	0	1409
1374239314	723560	244	248	57	0	0	0	0	1411	244	249	0	0	0	0	0	1410
1374239315	216959	244	248	54	0	0	0	0	1412	244	248	0	0	0	0	0	1411
1374239315	709135	244	249	55	0	0	0	0	1413	244	248	0	0	0	0	0	1412
1374239316	201435	244	248	58	0	0	0	0	1414	244	248	0	0	0	0	0	1413
1374239316	694798	244	248	0	0	0	0	0	1415	244	248	0	0	0	0	0	1414
1374239317	188711	244	248	57	0	0	0	0	1416	244	248	0	0	0	0	0	1415
1374239317	681193	244	247	55	0	0	0	0	1417	244	248	0	0	0	0	0	1416
1374239318	173460	244	249	56	0	0	0	0	1418	244	248	0	0	0	0	0	1417
1374239318	666828	244	248	56	0	0	0	0	1419	244	248	0	0	0	0	0	1418
1374239319	159163	244	249	56	0	0	0	0	1420	244	248	0	0	0	0	0	1419
1374239319	651536	244	247	55	0	0	0	0	1421	244	248	0	0	0	0	0	1420
1374239320	144673	244	249	0	0	0	0	0	1422	244	248	0	0	0	0	0	1421
1374239320	638093	244	248	52	0	0	0	0	1423	244	248	0	0	0	0	0	1422
1374239321	131598	244	249	53	0	0	0	0	1424	244	248	0	0	0	0	0	1423
1374239321	624555	244	249	57	0	0	0	0	1425	244	248	0	0	0	0	0	1424
1374239322	116956	244	249	56	0	0	0	0	1426	244	248	0	0	0	0	0	1425
1374239322	609190	244	247	56	0	0	0	0	1427	244	249	0	0	0	0	0	1426
1374239323	102601	244	249	53	0	0	0	0	1428	244	248	0	0	0	0	0	1427
1374239323	594941	244	248	54	0	0	0	0	1429	244	248	0	0	0	0	0	1428
1374239324	088148	244	249	55	0	0	0	0	1430	244	249	0	0	0	0	0	1429
1374239324	580539	244	248	54	0	0	0	0	1431	244	248	0	0	0	0	0	1430
1374239325	072966	244	247	54	0	0	0	0	1432	244	248	0	0	0	0	0	1431
1374239325	566050	244	249	57	0	0	0	0	1433	244	248	0	0	0	0	0	1432
1374239326	059573	244	248	54	0	0	0	0	1434	244	248	0	0	0	0	0	1433
1374239326	552825	244	249	54	0	0	0	0	1435	244	248	0	0	0	0	0	1434
1374239327	045942	244	249	55	0	0	0	0	1436	244	248	0	0	0	0	0	1435
1374239327	539282	244	249	56	0	0	0	0	1437	244	248	0	0	0	0	0	1436
1374239328	032662	244	249	56	0	0	0	0	1438	244	249	0	0	0	0	0	1437
1374239328	525991	244	249	56	0	0	0	0	1439	244	248	0	0	0	0	0	1438
1374239329	019268	244	248	54	0	0	0	0	1440	244	248	0	0	0	0	0	1439
1374239329	511334	244	249	54	0	0	0	0	1441	244	248	0	0	0	0	0	1440
1374239330	002644	244	249	57	0	0	0	0	1442	244	248	0	0	0	0	0	1441
1374239330	494076	244	247	56	0	0	0	0	1443	244	248	0	0	0	0	0	1442
1374239330	987433	244	249	56	0	0	0	0	1444	244	248	0	0	0	0	0	1443
1374239331	480604	244	248	57	0	0	0	0	1445	244	249	0	0	0	0	0	1444
1374239331	973682	244	248	56	0	0	0	0	1446	244	248	0	0	0	0	0	1445
1374239332	465019	244	249	57	0	0	0	0	1447	244	248	0	0	0	0	0	1446
1374239332	957342	244	248	56	0	0	0	0	1448	244	248	0	0	0	0	0	1447
1374239333	450809	244	247	56	0	0	0	0	1449	244	248	0	0	0	0	0	1448
1374239333	944100	244	248	57	0	0	0	0	1450	244	248	0	0	0	0	0	1449
1374239334	437443	244	247	56	0	0	0	0	1451	244	248	0	0	0	0	0	1450
1374239334	930592	244	249	57	0	0	0	0	1452	244	248	0	0	0	0	0	1451
1374239335	423966	244	248	56	0	0	0	0	1453	244	248	0	0	0	0	0	1452
1374239335	917654	244	248	56	0	0	0	0	1454	244	248	0	0	0	0	0	1453
1374239336	409551	244	247	60	0	0	0	0	1455	244	248	0	0	0	0	0	1454
1374239336	901765	244	249	54	0	0	0	0	1456	244	248	0	0	0	0	0	1455
1374239337	393966	244	248	54	0	0	0	0	1457	244	248	0	0	0	0	0	1456
1374239337	886449	244	249	53	0	0	0	0	1458	244	248	0	0	0	0	0	1457
1374239338	379688	244	249	53	0	0	0	0	1459	244	248	0	0	0	0	0	1458
1374239338	872985	244	248	53	0	0	0	0	1460	244	248	0	0	0	0	0	1459
1374239339	365117	244	249	54	0	0	0	0	1461	244	248	0	0	0	0	0	1460
1374239339	858573	244	249	55	0	0	0	0	1462	244	248	0	0	0	0	0	1461
1374239340	351822	244	247	55	0	0	0	0	1463	244	248	0	0	0	0	0	1462
1374239340	844944	244	247	57	0	0	0	0	1464	244	248	0	0	0	0	0	1463
1374239341	338335	244	248	68	0	0	0	0	1465	244	248	0	0	0	0	0	1464
1374239341	831552	244	248	54	0	0	0	0	1466	244	249	76	0	0	0	0	1465
1374239342	324685	244	248	58	0	0	0	0	1467	244	248	0	0	0	0	0	1466
1374239342	822241	244	248	53	0	0	0	0	1468	244	248	0	0	0	0	0	1467
1374239343	314219	244	247	53	0	0	0	0	1469	244	248	0	0	0	0	0	1468
1374239343	805523	244	248	53	0	0	0	0	1470	244	248	0	0	0	0	0	1469
1374239344	298890	244	247	54	0	0	0	0	1471	244	248	0	0	0	0	0	1470
1374239344	791222	244	248	53	0	0	0	0	1472	244	249	0	0	0	0	0	1471
1374239345	283493	244	249	53	0	0	0	0	1473	244	248	142	0	0	0	0	1472
1374239345	776831	244	249	56	0	0	0	0	1474	244	248	0	0	0	0	0	1473
1374239346	269035	244	248	56	0	0	0	0	1475	244	249	0	0	0	0	0	1474
1374239346	762579	244	248	56	0	0	0	0	1476	244	248	0	0	0	0	0	1475
1374239347	255480	244	249	50	0	0	0	0	1477	244	248	0	0	0	0	0	1476
1374239347	748816	244	248	54	0	0	0	0	1478	244	248	0	0	0	0	0	1477
1374239348	241091	244	247	51	0	0	0	0	1479	244	248	0	0	0	0	0	1478
1374239348	734519	244	247	57	0	0	0	0	1480	244	248	0	0	0	0	0	1479
1374239349	227905	244	249	52	0	0	0	0	1481	244	248	0	0	0	0	0	1480
1374239349	721279	244	248	53	0	0	0	0	1482	244	248	0	0	0	0	0	1481
1374239350	214373	244	247	54	0	0	0	0	1483	244	248	0	0	0	0	0	1482
1374239350	707653	244	248	56	0	0	0	0	1484	244	248	0	0	0	0	0	1483
1374239351	201117	244	248	56	0	0	0	0	1485	244	248	0	0	0	0	0	1484
1374239351	694336	244	248	56	0	0	0	0	1486	244	249	0	0	0	0	0	1485
1374239352	188441	244	248	56	0	0	0	0	1487	244	248	0	0	0	0	0	1486
1374239352	680008	244	249	56	0	0	0	0	1488	244	248	0	0	0	0	0	1487
1374239353	172272	244	249	53	0	0	0	0	1489	244	248	76	0	0	0	0	1488
1374239353	665403	244	248	61	0	0	0	0	1490	244	248	0	0	0	0	0	1489
1374239354	156922	244	248	54	0	0	0	0	1491	244	248	0	0	0	0	0	1490
1374239354	649223	244	249	58	0	0	0	0	1492	244	248	0	0	0	0	0	1491
1374239355	141634	244	247	64	0	0	0	0	1493	244	248	0	0	0	0	0	1492
1374239355	634965	244	248	56	0	0	0	0	1494	244	248	0	0	0	0	0	1493
1374239356	128250	244	249	55	0	0	0	0	1495	244	248	0	0	0	0	0	1494
1374239356	620535	244	248	55	0	0	0	0	1496	244	248	0	0	0	0	0	1495
1374239357	114772	244	249	53	0	0	0	0	1497	244	248	0	0	0	0	0	1496
1374239357	608155	244	249	53	0	0	0	0	1498	244	248	0	0	0	0	0	1497
1374239358	100427	244	248	53	0	0	0	0	1499	244	248	0	0	0	0	0	1498
1374239358	592800	244	249	53	0	0	0	0	1500	244	249	0	0	0	0	0	1499
1374239359	086030	244	248	57	0	0	0	0	1501	244	248	0	0	0	0	0	1500
1374239359	579321	244	247	0	0	0	0	0	1502	244	248	0	0	0	0	0	1501
1374239360	071595	244	248	64	0	0	0	0	1503	244	248	0	0	0	0	0	1502
1374239360	565001	244	248	53	0	0	0	0	1504	244	248	0	0	0	0	0	1503
1374239361	058144	244	249	51	0	0	0	0	1505	244	248	0	0	0	0	0	1504
1374239361	548493	244	249	53	0	0	0	0	1506	244	248	0	0	0	0	0	1505
1374239362	040930	244	249	53	0	0	0	0	1507	244	248	0	0	0	0	0	1506
1374239362	534301	244	249	53	0	0	0	0	1508	244	248	0	0	0	0	0	1507
1374239363	027555	244	249	54	0	0	0	0	1509	244	248	0	0	0	0	0	1508
1374239363	520679	244	247	50	0	0	0	0	1510	244	248	0	0	0	0	0	1509
1374239364	014171	244	249	52	0	0	0	0	1511	244	248	0	0	0	0	0	1510
1374239364	507424	244	249	59	0	0	0	0	1512	244	248	0	0	0	0	0	1511
1374239365	000704	244	249	55	0	0	0	0	1513	244	249	0	0	0	0	0	1512
1374239365	494045	244	249	0	0	0	0	0	1514	244	248	0	0	0	0	0	1513
1374239365	986374	244	248	57	0	0	0	0	1515	244	248	0	0	0	0	0	1514
1374239366	479757	244	247	56	0	0	0	0	1516	244	248	0	0	0	0	0	1515
1374239366	971905	244	249	56	0	0	0	0	1517	244	248	0	0	0	0	0	1516
1374239367	464079	244	247	53	0	0	0	0	1518	244	248	0	0	0	0	0	1517
1374239367	955550	244	249	51	0	0	0	0	1519	244	248	0	0	0	0	0	1518
1374239368	448897	244	247	54	0	0	0	0	1520	244	249	0	0	0	0	0	1519
1374239368	942267	244	249	0	0	0	0	0	1521	244	248	0	0	0	0	0	1520
1374239369	435640	244	248	0	0	0	0	0	1522	244	249	0	0	0	0	0	1521
1374239369	928698	244	247	53	0	0	0	0	1523	244	248	0	0	0	0	0	1522
1374239370	422216	244	248	53	0	0	0	0	1524	244	248	0	0	0	0	0	1523
1374239370	915496	244	248	53	0	0	0	0	1525	244	248	0	0	0	0	0	1524
1374239371	408584	244	249	55	0	0	0	0	1526	244	248	0	0	0	0	0	1525
1374239371	899902	244	248	55	0	0	0	0	1527	244	248	0	0	0	0	0	1526
1374239372	392392	244	249	54	0	0	0	0	1528	244	248	0	0	0	0	0	1527
1374239372	884603	244	249	55	0	0	0	0	1529	244	248	0	0	0	0	0	1528
1374239373	377948	244	249	53	0	0	0	0	1530	244	248	0	0	0	0	0	1529
1374239373	871134	244	249	55	0	0	0	0	1531	244	248	0	0	0	0	0	1530
1374239374	363543	244	247	53	0	0	0	0	1532	244	248	0	0	0	0	0	1531
1374239374	856018	244	249	54	0	0	0	0	1533	244	249	0	0	0	0	0	1532
1374239375	349234	244	248	54	0	0	0	0	1534	244	248	0	0	0	0	0	1533
1374239375	842587	244	249	54	0	0	0	0	1535	244	248	0	0	0	0	0	1534
1374239376	335848	244	247	70	0	0	0	0	1536	244	248	0	0	0	0	0	1535
1374239376	829223	244	248	57	0	0	0	0	1537	244	248	0	0	0	0	0	1536
1374239377	322407	244	247	56	0	0	0	0	1538	244	248	0	0	0	0	0	1537
1374239377	814694	244	248	0	0	0	0	0	1539	244	248	0	0	0	0	0	1538
1374239378	307118	244	248	54	0	0	0	0	1540	244	248	0	0	0	0	0	1539
1374239378	800610	244	248	55	0	0	0	0	1541	244	248	0	0	0	0	0	1540
1374239379	293522	244	249	58	0	0	0	0	1542	244	248	0	0	0	0	0	1541
1374239379	787102	244	249	60	0	0	0	0	1543	244	248	0	0	0	0	0	1542
