1374849059	683350	244	248	65	0	0	0	0	0	244	249	61	0	0	0	0	0
1374849060	177804	244	249	58	0	0	0	0	1	244	247	66	0	0	0	0	1
1374849060	670347	244	249	0	0	0	0	0	2	244	249	0	0	0	0	0	2
1374849061	164968	244	249	61	0	0	0	0	3	244	248	0	0	0	0	0	3
1374849061	658507	244	248	58	0	0	0	0	4	244	248	0	0	0	0	0	4
1374849062	151933	244	248	58	0	0	0	0	5	244	248	65	0	0	0	0	5
1374849062	645657	244	248	59	0	0	0	0	6	244	249	66	0	0	0	0	6
1374849063	139151	244	249	0	0	0	0	0	7	244	248	0	0	0	0	0	7
1374849063	631705	244	248	61	0	0	0	0	8	244	249	0	0	0	0	0	8
1374849064	125254	244	249	58	0	0	0	0	9	244	247	57	0	0	0	0	9
1374849064	618686	244	249	0	0	0	0	0	10	244	249	58	0	0	0	0	10
1374849065	112295	244	248	56	0	0	0	0	11	244	249	0	0	0	0	0	11
1374849065	605919	244	248	59	0	0	0	0	12	244	247	59	0	0	0	0	12
1374849066	099490	244	248	57	0	0	0	0	13	244	247	64	0	0	0	0	13
1374849066	591941	244	249	0	0	0	0	0	14	244	249	58	0	0	0	0	14
1374849067	084628	244	248	57	0	0	0	0	15	244	248	60	0	0	0	0	15
1374849067	578415	244	249	68	0	0	0	0	16	244	248	57	0	0	0	0	16
1374849068	070858	244	248	58	0	0	0	0	17	244	247	0	0	0	0	0	17
1374849068	564304	244	249	60	0	0	0	0	18	244	247	0	0	0	0	0	18
1374849069	056857	244	249	66	0	0	0	0	19	244	248	0	0	0	0	0	19
1374849069	549180	244	250	0	0	0	0	0	20	244	248	59	0	0	0	0	20
1374849070	042717	244	248	0	0	0	0	0	21	244	247	56	0	0	0	0	21
1374849070	535321	244	249	66	0	0	0	0	22	244	247	0	0	0	0	0	22
1374849071	026860	244	249	56	0	0	0	0	23	244	247	60	0	0	0	0	23
1374849071	520550	244	249	56	0	0	0	0	24	244	248	0	0	0	0	0	24
1374849072	014005	244	249	0	0	0	0	0	25	244	249	0	0	0	0	0	25
1374849072	507715	244	248	0	0	0	0	0	26	244	249	0	0	0	0	0	26
1374849073	001188	244	249	0	0	0	0	0	27	244	248	0	0	0	0	0	27
1374849073	494755	244	249	0	0	0	0	0	28	244	247	0	0	0	0	0	28
1374849073	988376	244	248	57	0	0	0	0	29	244	249	56	0	0	0	0	29
1374849074	481708	244	249	60	0	0	0	0	30	244	249	0	0	0	0	0	30
1374849074	972374	244	249	59	0	0	0	0	31	244	248	56	0	0	0	0	31
1374849075	467065	244	249	62	0	0	0	0	32	244	247	0	0	0	0	0	32
1374849075	960629	244	248	57	0	0	0	0	33	244	249	0	0	0	0	0	33
1374849076	453289	244	249	64	0	0	0	0	34	244	249	0	0	0	0	0	34
1374849076	945618	244	248	57	0	0	0	0	35	244	249	57	0	0	0	0	35
1374849077	439315	244	249	0	0	0	0	0	36	244	247	56	0	0	0	0	36
1374849077	932772	244	248	0	0	0	0	0	37	244	247	58	0	0	0	0	37
1374849078	426180	244	248	0	0	0	0	0	38	244	247	58	0	0	0	0	38
1374849078	917712	244	249	58	0	0	0	0	39	244	249	56	0	0	0	0	39
1374849079	412435	244	249	57	0	0	0	0	40	244	249	57	0	0	0	0	40
1374849079	904943	244	248	58	0	0	0	0	41	244	248	58	0	0	0	0	41
1374849080	397538	244	249	0	0	0	0	0	42	244	248	58	0	0	0	0	42
1374849080	891030	244	249	64	0	0	0	0	43	244	248	0	0	0	0	0	43
1374849081	384711	244	249	56	0	0	0	0	44	244	247	0	0	0	0	0	44
1374849081	878041	244	249	0	0	0	0	0	45	244	249	58	0	0	0	0	45
1374849082	371671	244	248	0	0	0	0	0	46	244	248	60	0	0	0	0	46
1374849082	864167	244	250	0	0	0	0	0	47	244	247	62	0	0	0	0	47
1374849083	356576	244	249	0	0	0	0	0	48	244	248	0	0	0	0	0	48
1374849083	847136	244	249	0	0	0	0	0	49	244	249	58	0	0	0	0	49
1374849084	338772	244	249	61	0	0	0	0	50	244	248	0	0	0	0	0	50
1374849084	831218	244	248	0	0	0	0	0	51	244	249	0	0	0	0	0	51
1374849085	325824	244	249	0	0	0	0	0	52	244	248	62	0	0	0	0	52
1374849085	818374	244	249	0	0	0	0	0	53	244	247	62	0	0	0	0	53
1374849086	312926	244	249	0	0	0	0	0	54	244	249	62	0	0	0	0	54
1374849086	805378	244	248	0	0	0	0	0	55	244	248	0	0	0	0	0	55
1374849087	299085	244	248	0	0	0	0	0	56	244	248	0	0	0	0	0	56
1374849087	791502	244	248	0	0	0	0	0	57	244	247	0	0	0	0	0	57
1374849088	283246	244	249	60	0	0	0	0	58	244	249	0	0	0	0	0	58
1374849088	776744	244	248	0	0	0	0	0	59	244	248	0	0	0	0	0	59
1374849089	269477	244	249	0	0	0	0	0	60	244	247	0	0	0	0	0	60
1374849089	762946	244	249	63	0	0	0	0	61	244	249	0	0	0	0	0	61
1374849090	256458	244	249	62	0	0	0	0	62	244	247	0	0	0	0	0	62
1374849090	748858	244	248	61	0	0	0	0	63	244	249	0	0	0	0	0	63
1374849091	242432	244	249	0	0	0	0	0	64	244	248	0	0	0	0	0	64
1374849091	735947	244	248	57	0	0	0	0	65	244	247	0	0	0	0	0	65
1374849092	228644	244	248	58	0	0	0	0	66	244	249	0	0	0	0	0	66
1374849092	721076	244	248	63	0	0	0	0	67	244	249	63	0	0	0	0	67
1374849093	214671	244	249	63	0	0	0	0	68	244	249	0	0	0	0	0	68
1374849093	707234	244	248	61	0	0	0	0	69	244	248	0	0	0	0	0	69
1374849094	200112	244	249	58	0	0	0	0	70	244	247	0	0	0	0	0	70
1374849094	692476	244	249	0	0	0	0	0	71	244	249	0	0	0	0	0	71
1374849095	184850	244	248	0	0	0	0	0	72	244	248	0	0	0	0	0	72
1374849095	677639	244	249	58	0	0	0	0	73	244	249	0	0	0	0	0	73
1374849096	170268	244	249	58	0	0	0	0	74	244	248	62	0	0	0	0	74
1374849096	662641	244	248	63	0	0	0	0	75	244	247	63	0	0	0	0	75
1374849097	156376	244	249	0	0	0	0	0	76	244	248	62	0	0	0	0	76
1374849097	649819	244	248	0	0	0	0	0	77	244	247	0	0	0	0	0	77
1374849098	143450	244	249	0	0	0	0	0	78	244	248	0	0	0	0	0	78
1374849098	636857	244	248	57	0	0	0	0	79	244	248	0	0	0	0	0	79
1374849099	130527	244	249	0	0	0	0	0	80	244	247	63	0	0	0	0	80
1374849099	623060	244	249	0	0	0	0	0	81	244	248	62	0	0	0	0	81
1374849100	115580	244	249	0	0	0	0	0	82	244	247	62	0	0	0	0	82
1374849100	609202	244	248	0	0	0	0	0	83	244	248	58	0	0	0	0	83
1374849101	101749	244	248	58	0	0	0	0	84	244	247	0	0	0	0	0	84
1374849101	594161	244	248	58	0	0	0	0	85	244	248	0	0	0	0	0	85
1374849102	086814	244	248	58	0	0	0	0	86	244	247	59	0	0	0	0	86
1374849102	579361	244	249	59	0	0	0	0	87	244	247	0	0	0	0	0	87
1374849103	072801	244	249	61	0	0	0	0	88	244	248	58	0	0	0	0	88
1374849103	566636	244	248	60	0	0	0	0	89	244	249	56	0	0	0	0	89
1374849104	060050	244	249	59	0	0	0	0	90	244	249	0	0	0	0	0	90
1374849104	552545	244	248	58	0	0	0	0	91	244	247	0	0	0	0	0	91
1374849105	044056	244	248	63	0	0	0	0	92	244	248	58	0	0	0	0	92
1374849105	536556	244	249	57	0	0	0	0	93	244	248	0	0	0	0	0	93
1374849106	030135	244	248	0	0	0	0	0	94	244	247	0	0	0	0	0	94
1374849106	522742	244	249	58	0	0	0	0	95	244	248	0	0	0	0	0	95
1374849107	015114	244	249	58	0	0	0	0	96	244	248	59	0	0	0	0	96
1374849107	506884	244	249	58	0	0	0	0	97	244	249	0	0	0	0	0	97
1374849107	999160	244	249	57	0	0	0	0	98	244	249	0	0	0	0	0	98
1374849108	490761	244	248	57	0	0	0	0	99	244	249	0	0	0	0	0	99
1374849108	983433	244	249	58	0	0	0	0	100	244	247	0	0	0	0	0	100
1374849109	476057	244	249	57	0	0	0	0	101	244	248	0	0	0	0	0	101
1374849109	969585	244	249	58	0	0	0	0	102	244	247	0	0	0	0	0	102
1374849110	462989	244	248	57	0	0	0	0	103	244	249	0	0	0	0	0	103
1374849110	954632	244	248	0	0	0	0	0	104	244	248	0	0	0	0	0	104
1374849111	447201	244	248	66	0	0	0	0	105	244	248	0	0	0	0	0	105
1374849111	940626	244	249	0	0	0	0	0	106	244	248	0	0	0	0	0	106
1374849112	434330	244	248	0	0	0	0	0	107	244	247	0	0	0	0	0	107
1374849112	927766	244	249	0	0	0	0	0	108	244	249	0	0	0	0	0	108
1374849113	420343	244	250	57	0	0	0	0	109	244	247	0	0	0	0	0	109
1374849113	912122	244	249	57	0	0	0	0	110	244	248	0	0	0	0	0	110
1374849114	405744	244	249	0	0	0	0	0	111	244	247	0	0	0	0	0	111
1374849114	899037	244	248	0	0	0	0	0	112	244	249	55	0	0	0	0	112
1374849115	392465	244	249	56	0	0	0	0	113	244	249	55	0	0	0	0	113
1374849115	884065	244	248	56	0	0	0	0	114	244	247	56	0	0	0	0	114
1374849116	376613	244	248	0	0	0	0	0	115	244	249	65	0	0	0	0	115
1374849116	870516	244	249	57	0	0	0	0	116	244	248	56	0	0	0	0	116
1374849117	363020	244	249	56	0	0	0	0	117	244	249	55	0	0	0	0	117
1374849117	856571	244	248	57	0	0	0	0	118	244	248	55	0	0	0	0	118
1374849118	350076	244	248	56	0	0	0	0	119	244	248	55	0	0	0	0	119
1374849118	843450	244	248	56	0	0	0	0	120	244	247	55	0	0	0	0	120
1374849119	337164	244	249	56	0	0	0	0	121	244	249	55	0	0	0	0	121
1374849119	830754	244	248	0	0	0	0	0	122	244	249	56	0	0	0	0	122
1374849120	323270	244	249	57	0	0	0	0	123	244	247	0	0	0	0	0	123
1374849120	816692	244	248	58	0	0	0	0	124	244	247	58	0	0	0	0	124
1374849121	312766	244	248	0	0	0	0	0	125	244	247	61	0	0	0	0	125
1374849121	804867	244	249	0	0	0	0	0	126	244	247	0	0	0	0	0	126
1374849122	299573	244	248	0	0	0	0	0	127	244	247	56	0	0	0	0	127
1374849122	793038	244	248	0	0	0	0	0	128	244	247	0	0	0	0	0	128
1374849123	286383	244	249	57	0	0	0	0	129	244	249	0	0	0	0	0	129
1374849123	777869	244	249	58	0	0	0	0	130	244	247	0	0	0	0	0	130
1374849124	270573	244	248	57	0	0	0	0	131	244	248	0	0	0	0	0	131
1374849124	765155	244	249	57	0	0	0	0	132	244	248	0	0	0	0	0	132
1374849125	257767	244	248	59	0	0	0	0	133	244	247	61	0	0	0	0	133
1374849125	750261	244	250	0	0	0	0	0	134	244	248	59	0	0	0	0	134
1374849126	243809	244	248	58	0	0	0	0	135	244	248	62	0	0	0	0	135
1374849126	738335	244	248	57	0	0	0	0	136	244	249	0	0	0	0	0	136
1374849127	232051	244	248	0	0	0	0	0	137	244	248	0	0	0	0	0	137
1374849127	725427	244	249	64	0	0	0	0	138	244	248	62	0	0	0	0	138
1374849128	219164	244	248	65	0	0	0	0	139	244	249	0	0	0	0	0	139
1374849128	712587	244	249	64	0	0	0	0	140	244	247	0	0	0	0	0	140
1374849129	206154	244	248	0	0	0	0	0	141	244	248	56	0	0	0	0	141
1374849129	698497	244	249	59	0	0	0	0	142	244	248	58	0	0	0	0	142
1374849130	190250	244	249	0	0	0	0	0	143	244	249	0	0	0	0	0	143
1374849130	683745	244	248	59	0	0	0	0	144	244	249	56	0	0	0	0	144
1374849131	177445	244	248	56	0	0	0	0	145	244	247	58	0	0	0	0	145
1374849131	670925	244	249	65	0	0	0	0	146	244	247	58	0	0	0	0	146
1374849132	164501	244	249	64	0	0	0	0	147	244	249	57	0	0	0	0	147
1374849132	658116	244	248	58	0	0	0	0	148	244	247	0	0	0	0	0	148
1374849133	149582	244	249	0	0	0	0	0	149	244	247	59	0	0	0	0	149
1374849133	643227	244	249	57	0	0	0	0	150	244	248	58	0	0	0	0	150
1374849134	136912	244	249	56	0	0	0	0	151	244	249	67	0	0	0	0	151
1374849134	630396	244	249	56	0	0	0	0	152	244	249	0	0	0	0	0	152
1374849135	122961	244	249	56	0	0	0	0	153	244	249	0	0	0	0	0	153
1374849135	616610	244	248	56	0	0	0	0	154	244	247	0	0	0	0	0	154
1374849136	110239	244	248	56	0	0	0	0	155	244	248	0	0	0	0	0	155
1374849136	603801	244	248	56	0	0	0	0	156	244	247	0	0	0	0	0	156
1374849137	097452	244	248	56	0	0	0	0	157	244	247	0	0	0	0	0	157
1374849137	590844	244	248	56	0	0	0	0	158	244	249	0	0	0	0	0	158
1374849138	084473	244	249	56	0	0	0	0	159	244	247	0	0	0	0	0	159
1374849138	578064	244	248	57	0	0	0	0	160	244	249	0	0	0	0	0	160
1374849139	071532	244	249	56	0	0	0	0	161	244	249	0	0	0	0	0	161
1374849139	564040	244	248	56	0	0	0	0	162	244	247	0	0	0	0	0	162
1374849140	057563	244	248	0	0	0	0	0	163	244	249	0	0	0	0	0	163
1374849140	549324	244	249	57	0	0	0	0	164	244	247	60	0	0	0	0	164
1374849141	042801	244	249	56	0	0	0	0	165	244	247	59	0	0	0	0	165
1374849141	535081	244	249	56	0	0	0	0	166	244	248	60	0	0	0	0	166
1374849142	025754	244	248	57	0	0	0	0	167	244	247	0	0	0	0	0	167
1374849142	518199	244	249	0	0	0	0	0	168	244	247	64	0	0	0	0	168
1374849143	008895	244	249	56	0	0	0	0	169	244	247	0	0	0	0	0	169
1374849143	501474	244	249	0	0	0	0	0	170	244	249	0	0	0	0	0	170
1374849143	994085	244	248	112	0	0	0	0	171	244	248	60	0	0	0	0	171
1374849144	487576	244	249	56	0	0	0	0	172	244	249	60	0	0	0	0	172
1374849144	980015	244	249	56	0	0	0	0	173	244	248	60	0	0	0	0	173
1374849145	473592	244	249	57	0	0	0	0	174	244	247	60	0	0	0	0	174
1374849145	967280	244	248	0	0	0	0	0	175	244	248	60	0	0	0	0	175
1374849146	459839	244	248	57	0	0	0	0	176	244	248	0	0	0	0	0	176
1374849146	953365	244	248	0	0	0	0	0	177	244	248	0	0	0	0	0	177
1374849147	445710	244	249	0	0	0	0	0	178	244	248	58	0	0	0	0	178
1374849147	938312	244	248	57	0	0	0	0	179	244	249	59	0	0	0	0	179
1374849148	432003	244	249	56	0	0	0	0	180	244	248	58	0	0	0	0	180
1374849148	925523	244	248	0	0	0	0	0	181	244	249	0	0	0	0	0	181
1374849149	418027	244	248	57	0	0	0	0	182	244	247	0	0	0	0	0	182
1374849149	910458	244	248	58	0	0	0	0	183	244	248	0	0	0	0	0	183
1374849150	401163	244	249	56	0	0	0	0	184	244	249	0	0	0	0	0	184
1374849150	893613	244	249	57	0	0	0	0	185	244	248	0	0	0	0	0	185
1374849151	387248	244	249	57	0	0	0	0	186	244	247	61	0	0	0	0	186
1374849151	879872	244	248	0	0	0	0	0	187	244	247	0	0	0	0	0	187
1374849152	373441	244	248	57	0	0	0	0	188	244	248	62	0	0	0	0	188
1374849152	865768	244	248	58	0	0	0	0	189	244	249	0	0	0	0	0	189
1374849153	359577	244	248	56	0	0	0	0	190	244	248	60	0	0	0	0	190
1374849153	852996	244	249	0	0	0	0	0	191	244	249	0	0	0	0	0	191
1374849154	345584	244	249	0	0	0	0	0	192	244	249	58	0	0	0	0	192
1374849154	837917	244	248	56	0	0	0	0	193	244	247	0	0	0	0	0	193
1374849155	330664	244	249	56	0	0	0	0	194	244	248	61	0	0	0	0	194
1374849155	824189	244	248	58	0	0	0	0	195	244	249	62	0	0	0	0	195
1374849156	316747	244	249	57	0	0	0	0	196	244	247	64	0	0	0	0	196
1374849156	810195	244	249	56	0	0	0	0	197	244	247	58	0	0	0	0	197
1374849157	303889	244	249	56	0	0	0	0	198	244	247	0	0	0	0	0	198
1374849157	796326	244	249	56	0	0	0	0	199	244	249	0	0	0	0	0	199
1374849158	289849	244	248	56	0	0	0	0	200	244	248	0	0	0	0	0	200
1374849158	783563	244	248	56	0	0	0	0	201	244	249	60	0	0	0	0	201
1374849159	275901	244	249	56	0	0	0	0	202	244	248	0	0	0	0	0	202
1374849159	767513	244	249	56	0	0	0	0	203	244	249	0	0	0	0	0	203
1374849160	261069	244	249	56	0	0	0	0	204	244	247	0	0	0	0	0	204
1374849160	754702	244	249	56	0	0	0	0	205	244	247	60	0	0	0	0	205
1374849161	248155	244	248	56	0	0	0	0	206	244	248	60	0	0	0	0	206
1374849161	741586	244	249	56	0	0	0	0	207	244	249	0	0	0	0	0	207
1374849162	234338	244	248	56	0	0	0	0	208	244	247	0	0	0	0	0	208
1374849162	726779	244	249	56	0	0	0	0	209	244	249	0	0	0	0	0	209
1374849163	218447	244	248	56	0	0	0	0	210	244	249	65	0	0	0	0	210
1374849163	711069	244	249	56	0	0	0	0	211	244	248	60	0	0	0	0	211
1374849164	204551	244	249	56	0	0	0	0	212	244	249	0	0	0	0	0	212
1374849164	699966	244	249	58	0	0	0	0	213	244	248	59	0	0	0	0	213
1374849165	193591	244	248	58	0	0	0	0	214	244	249	0	0	0	0	0	214
1374849165	687113	244	248	56	0	0	0	0	215	244	249	0	0	0	0	0	215
1374849166	179812	244	248	56	0	0	0	0	216	244	247	0	0	0	0	0	216
1374849166	673321	244	249	56	0	0	0	0	217	244	249	60	0	0	0	0	217
1374849167	167569	244	248	56	0	0	0	0	218	244	248	0	0	0	0	0	218
1374849167	660628	244	248	56	0	0	0	0	219	244	249	0	0	0	0	0	219
1374849168	154373	244	249	56	0	0	0	0	220	244	247	0	0	0	0	0	220
1374849168	647901	244	248	56	0	0	0	0	221	244	248	0	0	0	0	0	221
1374849169	141296	244	248	56	0	0	0	0	222	244	248	0	0	0	0	0	222
1374849169	634869	244	249	56	0	0	0	0	223	244	247	0	0	0	0	0	223
1374849170	127380	244	249	56	0	0	0	0	224	244	247	59	0	0	0	0	224
1374849170	619898	244	249	56	0	0	0	0	225	244	248	0	0	0	0	0	225
1374849171	112708	244	249	56	0	0	0	0	226	244	248	0	0	0	0	0	226
1374849171	603930	244	250	56	0	0	0	0	227	244	248	0	0	0	0	0	227
1374849172	094502	244	248	56	0	0	0	0	228	244	247	0	0	0	0	0	228
1374849172	585332	244	249	56	0	0	0	0	229	244	249	0	0	0	0	0	229
1374849173	077021	244	248	56	0	0	0	0	230	244	249	0	0	0	0	0	230
1374849173	569354	244	250	56	0	0	0	0	231	244	248	61	0	0	0	0	231
1374849174	061918	244	248	57	0	0	0	0	232	244	249	61	0	0	0	0	232
1374849174	554360	244	248	56	0	0	0	0	233	244	247	0	0	0	0	0	233
1374849175	046762	244	248	56	0	0	0	0	234	244	247	59	0	0	0	0	234
1374849175	539487	244	249	56	0	0	0	0	235	244	247	58	0	0	0	0	235
1374849176	035929	244	248	56	0	0	0	0	236	244	249	64	0	0	0	0	236
1374849176	527598	244	249	56	0	0	0	0	237	244	248	0	0	0	0	0	237
1374849177	020120	244	249	56	0	0	0	0	238	244	247	60	0	0	0	0	238
1374849177	514874	244	248	56	0	0	0	0	239	244	247	0	0	0	0	0	239
1374849178	007469	244	249	56	0	0	0	0	240	244	248	58	0	0	0	0	240
1374849178	500962	244	248	56	0	0	0	0	241	244	248	59	0	0	0	0	241
1374849178	995321	244	249	56	0	0	0	0	242	244	249	58	0	0	0	0	242
1374849179	489026	244	248	56	0	0	0	0	243	244	248	0	0	0	0	0	243
1374849179	980493	244	249	56	0	0	0	0	244	244	248	0	0	0	0	0	244
1374849180	472797	244	249	57	0	0	0	0	245	244	249	62	0	0	0	0	245
1374849180	964540	244	249	56	0	0	0	0	246	244	249	114	0	0	0	0	246
1374849181	458180	244	249	56	0	0	0	0	247	244	249	58	0	0	0	0	247
1374849181	951663	244	248	56	0	0	0	0	248	244	249	0	0	0	0	0	248
1374849182	444233	244	249	56	0	0	0	0	249	244	247	60	0	0	0	0	249
1374849182	936784	244	248	0	0	0	0	0	250	244	247	0	0	0	0	0	250
1374849183	430295	244	248	56	0	0	0	0	251	244	249	60	0	0	0	0	251
1374849183	923715	244	248	56	0	0	0	0	252	244	247	63	0	0	0	0	252
1374849184	416353	244	249	57	0	0	0	0	253	244	248	56	0	0	0	0	253
1374849184	908902	244	248	56	0	0	0	0	254	244	248	0	0	0	0	0	254
1374849185	402559	244	249	0	0	0	0	0	255	244	247	0	0	0	0	0	255
1374849185	894972	244	249	0	0	0	0	0	256	244	249	57	0	0	0	0	256
1374849186	388572	244	250	65	0	0	0	0	257	244	247	58	0	0	0	0	257
1374849186	880110	244	248	0	0	0	0	0	258	244	248	66	0	0	0	0	258
1374849187	373724	244	248	0	0	0	0	0	259	244	247	59	0	0	0	0	259
1374849187	866367	244	249	56	0	0	0	0	260	244	249	0	0	0	0	0	260
1374849188	359763	244	249	57	0	0	0	0	261	244	249	57	0	0	0	0	261
1374849188	852314	244	248	57	0	0	0	0	262	244	248	54	0	0	0	0	262
1374849189	345968	244	249	56	0	0	0	0	263	244	247	0	0	0	0	0	263
1374849189	838501	244	249	39	0	0	0	0	264	244	249	0	0	0	0	0	264
1374849190	331985	244	249	0	0	0	0	0	265	244	248	56	0	0	0	0	265
1374849190	824611	244	250	56	0	0	0	0	266	244	248	56	0	0	0	0	266
1374849191	318160	244	248	53	0	0	0	0	267	244	247	49	0	0	0	0	267
1374849191	811739	244	248	54	0	0	0	0	268	244	247	50	0	0	0	0	268
1374849192	304350	244	249	52	0	0	0	0	269	244	249	0	0	0	0	0	269
1374849192	796765	244	248	51	0	0	0	0	270	244	249	0	0	0	0	0	270
1374849193	290671	244	249	51	0	0	0	0	271	244	247	57	0	0	0	0	271
1374849193	784209	244	248	52	0	0	0	0	272	244	247	34	0	0	0	0	272
1374849194	276672	244	249	51	0	0	0	0	273	244	247	0	0	0	0	0	273
1374849194	770152	244	249	50	0	0	0	0	274	244	248	0	0	0	0	0	274
1374849195	263662	244	249	51	0	0	0	0	275	244	249	116	0	0	0	0	275
1374849195	756451	244	249	50	0	0	0	0	276	244	247	34	0	0	0	0	276
1374849196	248975	244	248	50	0	0	0	0	277	244	247	33	0	0	0	0	277
1374849196	742360	244	248	51	0	0	0	0	278	244	247	0	0	0	0	0	278
1374849197	235993	244	249	51	0	0	0	0	279	244	249	0	0	0	0	0	279
1374849197	729570	244	249	50	0	0	0	0	280	244	247	0	0	0	0	0	280
1374849198	222088	244	249	49	0	0	0	0	281	244	248	0	0	0	0	0	281
1374849198	714532	244	249	0	0	0	0	0	282	244	248	31	0	0	0	0	282
1374849199	207095	244	249	0	0	0	0	0	283	244	249	36	0	0	0	0	283
1374849199	699441	244	248	0	0	0	0	0	284	244	247	0	0	0	0	0	284
1374849200	192094	244	249	0	0	0	0	0	285	244	249	35	0	0	0	0	285
1374849200	685553	244	248	0	0	0	0	0	286	244	249	49	0	0	0	0	286
1374849201	179169	244	248	54	0	0	0	0	287	244	247	54	0	0	0	0	287
1374849201	671706	244	249	54	0	0	0	0	288	244	247	0	0	0	0	0	288
1374849202	165179	244	249	50	0	0	0	0	289	244	247	55	0	0	0	0	289
1374849202	658850	244	249	48	0	0	0	0	290	244	248	54	146	0	0	0	290
1374849203	152313	244	248	0	0	0	0	0	291	244	247	52	0	0	0	0	291
1374849203	645689	244	250	53	0	0	0	0	292	244	249	51	0	0	0	0	292
1374849204	137442	244	248	55	0	0	0	0	293	244	248	50	0	0	0	0	293
1374849204	629869	244	249	0	0	0	0	0	294	244	249	48	0	0	0	0	294
1374849205	122508	244	248	51	0	0	0	0	295	244	248	47	0	0	0	0	295
1374849205	616011	244	248	54	0	0	0	0	296	244	247	51	0	0	0	0	296
1374849206	109527	244	248	0	0	0	0	0	297	244	247	0	0	0	0	0	297
1374849206	602955	244	248	52	0	0	0	0	298	244	248	46	0	0	0	0	298
1374849207	094625	244	249	47	0	0	0	0	299	244	247	53	0	0	0	0	299
1374849207	587132	244	249	49	0	0	0	0	300	244	249	51	0	0	0	0	300
1374849208	080643	244	249	50	0	0	0	0	301	244	249	48	0	0	0	0	301
1374849208	574366	244	249	49	0	0	0	0	302	244	248	48	0	0	0	0	302
1374849209	065698	244	249	49	0	0	0	0	303	244	247	46	0	0	0	0	303
1374849209	560304	244	248	49	0	0	0	0	304	244	248	47	0	0	0	0	304
1374849210	053764	244	249	49	0	0	0	0	305	244	247	48	0	0	0	0	305
1374849210	546436	244	249	0	0	0	0	0	306	244	248	51	0	0	0	0	306
1374849211	038950	244	248	0	0	0	0	0	307	244	248	53	0	0	0	0	307
1374849211	532484	244	249	0	0	0	0	0	308	244	247	51	0	0	0	0	308
1374849212	026128	244	248	0	0	0	0	0	309	244	247	0	0	0	0	0	309
1374849212	518624	244	249	54	0	0	0	0	310	244	248	51	0	0	0	0	310
1374849213	011195	244	248	54	0	0	0	0	311	244	248	59	0	0	0	0	311
1374849213	503860	244	250	56	0	0	0	0	312	244	248	56	0	0	0	0	312
1374849213	998341	244	248	0	0	0	0	0	313	244	247	0	0	0	0	0	313
1374849214	492090	244	249	0	0	0	0	0	314	244	247	0	0	0	0	0	314
1374849214	984574	244	248	0	0	0	0	0	315	244	249	62	0	0	0	0	315
1374849215	479012	244	248	0	0	0	0	0	316	244	248	0	0	0	0	0	316
1374849215	971588	244	249	55	0	0	0	0	317	244	247	61	0	0	0	0	317
1374849216	465323	244	250	53	0	0	0	0	318	244	248	59	0	0	0	0	318
1374849216	958739	244	250	0	0	0	0	0	319	244	247	0	0	0	0	0	319
1374849217	452374	244	249	53	0	0	0	0	320	244	247	58	0	0	0	0	320
1374849217	945720	244	249	54	0	0	0	0	321	244	249	57	0	0	0	0	321
1374849218	437455	244	249	54	0	0	0	0	322	244	249	58	0	0	0	0	322
1374849218	930985	244	249	52	0	0	0	0	323	244	248	58	0	0	0	0	323
1374849219	423613	244	248	0	0	0	0	0	324	244	248	0	0	0	0	0	324
1374849219	916109	244	249	55	0	0	0	0	325	244	247	59	0	0	0	0	325
1374849220	408639	244	248	53	0	0	0	0	326	244	248	57	0	0	0	0	326
1374849220	902198	244	248	53	0	0	0	0	327	244	248	55	0	0	0	0	327
1374849221	394598	244	249	54	0	0	0	0	328	244	247	57	0	0	0	0	328
1374849221	887428	244	248	63	0	0	0	0	329	244	247	49	0	0	0	0	329
1374849222	380823	244	249	0	0	0	0	0	330	244	248	59	0	0	0	0	330
1374849222	877329	244	248	0	0	0	0	0	331	244	249	60	0	0	0	0	331
1374849223	370165	244	249	55	0	0	0	0	332	244	248	58	0	0	0	0	332
1374849223	862615	244	249	54	0	0	0	0	333	244	249	52	0	0	0	0	333
1374849224	355951	244	249	54	0	0	0	0	334	244	248	58	0	0	0	0	334
1374849224	849443	244	248	62	0	0	0	0	335	244	248	56	0	0	0	0	335
1374849225	341235	244	249	0	0	0	0	0	336	244	246	56	0	0	0	0	336
1374849225	834681	244	249	0	0	0	0	0	337	244	249	58	0	0	0	0	337
1374849226	328340	244	248	0	0	0	0	0	338	244	248	60	0	0	0	0	338
1374849226	821674	244	249	0	0	0	0	0	339	244	247	0	0	0	0	0	339
1374849227	312414	244	249	0	0	0	0	0	340	244	247	56	0	0	0	0	340
1374849227	805870	244	248	0	0	0	0	0	341	244	249	56	0	0	0	0	341
1374849228	299541	244	248	53	0	0	0	0	342	244	248	58	0	0	0	0	342
1374849228	792938	244	248	53	0	0	0	0	343	244	247	0	0	0	0	0	343
1374849229	285539	244	248	54	0	0	0	0	344	244	249	58	0	0	0	0	344
1374849229	779125	244	249	52	0	0	0	0	345	244	247	60	0	0	0	0	345
1374849230	271621	244	248	53	0	0	0	0	346	244	249	0	0	0	0	0	346
1374849230	765207	244	248	65	0	0	0	0	347	244	249	0	0	0	0	0	347
1374849231	257709	244	249	53	0	0	0	0	348	244	248	0	0	0	0	0	348
1374849231	750296	244	249	53	0	0	0	0	349	244	249	0	0	0	0	0	349
1374849232	242911	244	249	53	0	0	0	0	350	244	248	0	0	0	0	0	350
1374849232	735432	244	249	52	0	0	0	0	351	244	247	0	0	0	0	0	351
1374849233	229036	244	248	53	0	0	0	0	352	244	248	0	0	0	0	0	352
1374849233	722647	244	248	52	0	0	0	0	353	244	247	0	0	0	0	0	353
1374849234	216266	244	248	51	0	0	0	0	354	244	247	57	0	0	0	0	354
1374849234	709761	244	249	54	0	0	0	0	355	244	247	0	0	0	0	0	355
1374849235	203279	244	248	64	0	0	0	0	356	244	249	0	0	0	0	0	356
1374849235	695914	244	248	147	0	0	0	0	357	244	248	58	0	0	0	0	357
1374849236	189446	244	248	53	0	0	0	0	358	244	247	47	0	0	0	0	358
1374849236	682978	244	249	54	0	0	0	0	359	244	248	53	0	0	0	0	359
1374849237	176570	244	248	53	0	0	0	0	360	244	248	0	0	0	0	0	360
1374849237	670143	244	248	59	0	0	0	0	361	244	248	0	0	0	0	0	361
1374849238	163483	244	248	53	0	0	0	0	362	244	249	0	0	0	0	0	362
1374849238	656218	244	248	53	0	0	0	0	363	244	247	62	0	0	0	0	363
1374849239	149646	244	248	53	0	0	0	0	364	244	248	0	0	0	0	0	364
1374849239	642110	244	248	56	0	0	0	0	365	244	249	0	0	0	0	0	365
1374849240	134757	244	248	54	0	0	0	0	366	244	248	0	0	0	0	0	366
1374849240	627361	244	248	0	0	0	0	0	367	244	249	0	0	0	0	0	367
1374849241	120869	244	248	0	0	0	0	0	368	244	247	0	0	0	0	0	368
1374849241	617058	244	248	0	0	0	0	0	369	244	249	0	0	0	0	0	369
1374849242	108979	244	249	54	0	0	0	0	370	244	249	0	0	0	0	0	370
1374849242	602463	244	249	0	0	0	0	0	371	244	248	54	0	0	0	0	371
1374849243	096094	244	248	0	0	0	0	0	372	244	248	0	0	0	0	0	372
1374849243	589298	244	247	0	0	0	0	0	373	244	247	0	0	0	0	0	373
1374849244	082128	244	249	0	0	0	0	0	374	244	247	0	0	0	0	0	374
1374849244	574579	244	248	0	0	0	0	0	375	244	247	0	0	0	0	0	375
1374849245	068158	244	249	0	0	0	0	0	376	244	247	0	0	0	0	0	376
1374849245	560571	244	249	56	0	0	0	0	377	244	247	0	0	0	0	0	377
1374849246	052126	244	248	53	0	0	0	0	378	244	248	0	0	0	0	0	378
1374849246	545752	244	249	54	0	0	0	0	379	244	247	0	0	0	0	0	379
1374849247	038330	244	249	53	0	0	0	0	380	244	247	60	0	0	0	0	380
1374849247	530756	244	249	0	0	0	0	0	381	244	248	0	0	0	0	0	381
1374849248	023178	244	249	54	0	0	0	0	382	244	248	0	0	0	0	0	382
1374849248	514882	244	248	0	0	0	0	0	383	244	249	0	0	0	0	0	383
1374849249	008332	244	249	0	0	0	0	0	384	244	247	0	0	0	0	0	384
1374849249	502138	244	249	55	0	0	0	0	385	244	247	0	0	0	0	0	385
1374849249	995366	244	249	55	0	0	0	0	386	244	247	0	0	0	0	0	386
1374849250	488181	244	249	0	0	0	0	0	387	244	247	0	0	0	0	0	387
1374849250	980859	244	248	0	0	0	0	0	388	244	248	0	0	0	0	0	388
1374849251	474153	244	249	0	0	0	0	0	389	244	249	63	0	0	0	0	389
1374849251	966713	244	249	65	0	0	0	0	390	244	248	0	0	0	0	0	390
1374849252	460289	244	249	64	0	0	0	0	391	244	248	0	0	0	0	0	391
1374849252	953588	244	249	55	0	0	0	0	392	244	249	0	0	0	0	0	392
1374849253	444291	244	248	64	0	0	0	0	393	244	248	0	0	0	0	0	393
1374849253	937736	244	249	0	0	0	0	0	394	244	247	0	0	0	0	0	394
1374849254	429564	244	248	55	0	0	0	0	395	244	247	0	0	0	0	0	395
1374849254	922064	244	248	0	0	0	0	0	396	244	249	0	0	0	0	0	396
1374849255	422568	244	249	53	0	0	0	0	397	244	247	0	0	0	0	0	397
1374849255	916037	244	249	54	0	0	0	0	398	244	247	0	0	0	0	0	398
1374849256	408519	244	249	53	0	0	0	0	399	244	247	0	0	0	0	0	399
1374849256	899111	244	249	0	0	0	0	0	400	244	248	0	0	0	0	0	400
1374849257	390603	244	249	0	0	0	0	0	401	244	248	0	0	0	0	0	401
1374849257	881160	244	250	0	0	0	0	0	402	244	249	61	0	0	0	0	402
1374849258	373976	244	248	54	0	0	0	0	403	244	247	54	0	0	0	0	403
1374849258	865404	244	248	0	0	0	0	0	404	244	249	55	0	0	0	0	404
1374849259	357190	244	248	56	0	0	0	0	405	244	248	54	0	0	0	0	405
1374849259	850581	244	248	56	0	0	0	0	406	244	248	0	0	0	0	0	406
1374849260	343103	244	248	53	0	0	0	0	407	244	247	0	0	0	0	0	407
1374849260	836665	244	249	0	0	0	0	0	408	244	249	59	0	0	0	0	408
1374849261	328119	244	248	57	0	0	0	0	409	244	249	54	0	0	0	0	409
1374849261	818804	244	248	140	0	0	0	0	410	244	249	61	0	0	0	0	410
1374849262	311186	244	249	0	0	0	0	0	411	244	249	60	0	0	0	0	411
1374849262	802769	244	248	54	0	0	0	0	412	244	249	61	0	0	0	0	412
1374849263	296443	244	248	0	0	0	0	0	413	244	247	0	0	0	0	0	413
1374849263	789012	244	249	56	0	0	0	0	414	244	249	0	0	0	0	0	414
1374849264	281406	244	249	55	0	0	0	0	415	244	247	0	0	0	0	0	415
1374849264	773936	244	248	53	0	0	0	0	416	244	247	0	0	0	0	0	416
1374849265	265781	244	249	54	0	0	0	0	417	244	248	0	0	0	0	0	417
1374849265	759085	244	249	53	0	0	0	0	418	244	248	0	0	0	0	0	418
1374849266	252555	244	250	53	0	0	0	0	419	244	249	50	0	0	0	0	419
1374849266	746411	244	249	55	0	0	0	0	420	244	248	54	0	0	0	0	420
1374849267	239939	244	249	55	0	0	0	0	421	244	248	49	0	0	0	0	421
1374849267	733295	244	249	54	0	0	0	0	422	244	247	49	0	0	0	0	422
1374849268	225895	244	248	56	0	0	0	0	423	244	247	0	0	0	0	0	423
1374849268	719324	244	249	53	0	0	0	0	424	244	247	0	0	0	0	0	424
1374849269	212072	244	249	53	0	0	0	0	425	244	249	57	0	0	0	0	425
1374849269	705373	244	249	54	0	0	0	0	426	244	248	0	0	0	0	0	426
1374849270	199074	244	248	55	0	0	0	0	427	244	249	0	0	0	0	0	427
1374849270	692531	244	249	54	0	0	0	0	428	244	248	0	0	0	0	0	428
1374849271	186167	244	249	54	0	0	0	0	429	244	248	59	0	0	0	0	429
1374849271	679623	244	249	0	0	0	0	0	430	244	247	60	0	0	0	0	430
1374849272	173139	244	248	0	0	0	0	0	431	244	248	0	0	0	0	0	431
1374849272	665771	244	249	0	0	0	0	0	432	244	247	0	0	0	0	0	432
1374849273	158410	244	249	0	0	0	0	0	433	244	248	0	0	0	0	0	433
1374849273	651899	244	249	64	0	0	0	0	434	244	248	0	0	0	0	0	434
1374849274	145297	244	249	0	0	0	0	0	435	244	248	59	0	0	0	0	435
1374849274	638922	244	249	54	0	0	0	0	436	244	247	59	0	0	0	0	436
1374849275	131407	244	249	53	0	0	0	0	437	244	247	0	0	0	0	0	437
1374849275	624049	244	248	53	0	0	0	0	438	244	248	0	0	0	0	0	438
1374849276	117506	244	248	54	0	0	0	0	439	244	247	0	0	0	0	0	439
1374849276	610942	244	248	55	0	0	0	0	440	244	248	0	0	0	0	0	440
1374849277	104542	244	249	53	0	0	0	0	441	244	248	62	0	0	0	0	441
1374849277	595895	244	249	53	0	0	0	0	442	244	247	0	0	0	0	0	442
1374849278	088548	244	249	53	0	0	0	0	443	244	248	62	0	0	0	0	443
1374849278	581195	244	248	55	0	0	0	0	444	244	249	0	0	0	0	0	444
1374849279	074563	244	248	53	0	0	0	0	445	244	247	0	0	0	0	0	445
1374849279	566353	244	249	55	0	0	0	0	446	244	249	52	0	0	0	0	446
1374849280	059758	244	249	53	0	0	0	0	447	244	247	0	0	0	0	0	447
1374849280	552345	244	249	0	0	0	0	0	448	244	247	0	0	0	0	0	448
1374849281	044857	244	249	54	0	0	0	0	449	244	249	58	0	0	0	0	449
1374849281	538420	244	249	54	0	0	0	0	450	244	249	55	0	0	0	0	450
1374849282	030023	244	249	54	0	0	0	0	451	244	248	58	0	0	0	0	451
1374849282	522636	244	249	54	0	0	0	0	452	244	249	0	0	0	0	0	452
1374849283	015032	244	249	53	0	0	0	0	453	244	247	0	0	0	0	0	453
1374849283	507666	244	248	54	0	0	0	0	454	244	248	61	0	0	0	0	454
1374849284	000157	244	248	54	0	0	0	0	455	244	247	56	0	0	0	0	455
1374849284	492681	244	248	54	0	0	0	0	456	244	248	58	0	0	0	0	456
1374849284	985328	244	248	54	0	0	0	0	457	244	247	0	0	0	0	0	457
1374849285	478788	244	249	54	0	0	0	0	458	244	247	0	0	0	0	0	458
1374849285	969459	244	249	55	0	0	0	0	459	244	249	61	0	0	0	0	459
1374849286	463036	244	249	54	0	0	0	0	460	244	247	58	0	0	0	0	460
1374849286	955542	244	248	56	0	0	0	0	461	244	247	58	0	0	0	0	461
1374849287	447309	244	248	53	0	0	0	0	462	244	248	59	0	0	0	0	462
1374849287	939767	244	249	54	0	0	0	0	463	244	248	60	0	0	0	0	463
1374849288	432383	244	249	53	0	0	0	0	464	244	249	59	0	0	0	0	464
1374849288	924764	244	249	53	0	0	0	0	465	244	247	58	0	0	0	0	465
1374849289	417415	244	248	53	0	0	0	0	466	244	248	59	0	0	0	0	466
1374849289	910900	244	249	52	0	0	0	0	467	244	247	54	0	0	0	0	467
1374849290	403521	244	249	0	0	0	0	0	468	244	248	58	0	0	0	0	468
1374849290	895908	244	248	54	0	0	0	0	469	244	249	59	0	0	0	0	469
1374849291	389808	244	248	54	0	0	0	0	470	244	248	54	0	0	0	0	470
1374849291	882058	244	248	53	0	0	0	0	471	244	248	0	0	0	0	0	471
1374849292	375789	244	248	54	0	0	0	0	472	244	249	57	0	0	0	0	472
1374849292	869387	244	249	54	0	0	0	0	473	244	249	0	0	0	0	0	473
1374849293	363036	244	248	53	0	0	0	0	474	244	248	0	0	0	0	0	474
1374849293	856497	244	248	53	0	0	0	0	475	244	248	57	0	0	0	0	475
1374849294	348823	244	248	53	0	0	0	0	476	244	247	57	0	0	0	0	476
1374849294	842633	244	249	54	0	0	0	0	477	244	249	58	0	0	0	0	477
1374849295	336114	244	249	54	0	0	0	0	478	244	247	58	0	0	0	0	478
1374849295	829759	244	249	53	0	0	0	0	479	244	247	59	0	0	0	0	479
1374849296	323173	244	248	53	0	0	0	0	480	244	247	0	0	0	0	0	480
1374849296	815604	244	249	53	0	0	0	0	481	244	247	58	0	0	0	0	481
1374849297	309115	244	249	53	0	0	0	0	482	244	247	59	0	0	0	0	482
1374849297	800732	244	249	52	0	0	0	0	483	244	247	57	0	0	0	0	483
1374849298	295081	244	248	53	0	0	0	0	484	244	247	58	0	0	0	0	484
1374849298	788864	244	249	52	0	0	0	0	485	244	249	60	0	0	0	0	485
1374849299	282470	244	249	53	0	0	0	0	486	244	247	0	0	0	0	0	486
1374849299	775941	244	248	53	0	0	0	0	487	244	247	59	0	0	0	0	487
1374849300	268371	244	249	53	0	0	0	0	488	244	247	59	0	0	0	0	488
1374849300	761094	244	249	53	0	0	0	0	489	244	247	60	0	0	0	0	489
1374849301	253567	244	248	53	0	0	0	0	490	244	247	59	0	0	0	0	490
1374849301	747120	244	249	53	0	0	0	0	491	244	248	0	0	0	0	0	491
1374849302	240872	244	249	54	0	0	0	0	492	244	247	0	0	0	0	0	492
1374849302	733275	244	248	57	0	0	0	0	493	244	249	62	0	0	0	0	493
1374849303	225778	244	248	0	0	0	0	0	494	244	247	58	0	0	0	0	494
1374849303	718328	244	249	57	0	0	0	0	495	244	247	56	0	0	0	0	495
1374849304	210776	244	248	59	0	0	0	0	496	244	249	60	0	0	0	0	496
1374849304	701602	244	249	61	0	0	0	0	497	244	248	62	0	0	0	0	497
1374849305	195020	244	249	45	0	0	0	0	498	244	249	0	0	0	0	0	498
1374849305	687654	244	249	47	0	0	0	0	499	244	248	0	0	0	0	0	499
1374849306	180995	244	249	54	0	0	0	0	500	244	247	0	0	0	0	0	500
1374849306	672632	244	249	60	0	0	0	0	501	244	247	64	0	0	0	0	501
1374849307	166491	244	249	54	0	0	0	0	502	244	248	58	0	0	0	0	502
1374849307	659049	244	248	50	0	0	0	0	503	244	247	56	0	0	0	0	503
1374849308	151664	244	248	53	0	0	0	0	504	244	248	54	0	0	0	0	504
1374849308	644977	244	249	57	0	0	0	0	505	244	247	56	0	0	0	0	505
1374849309	138517	244	249	0	0	0	0	0	506	244	248	0	0	0	0	0	506
1374849309	631023	244	249	55	0	0	0	0	507	244	247	58	0	0	0	0	507
1374849310	122766	244	249	56	0	0	0	0	508	244	247	58	0	0	0	0	508
1374849310	616284	244	249	47	0	0	0	0	509	244	249	56	0	0	0	0	509
1374849311	108591	244	248	47	0	0	0	0	510	244	249	64	0	0	0	0	510
1374849311	600114	244	249	45	0	0	0	0	511	244	247	57	0	0	0	0	511
1374849312	092851	244	249	45	0	0	0	0	512	244	247	57	0	0	0	0	512
1374849312	585265	244	249	45	0	0	0	0	513	244	249	0	0	0	0	0	513
1374849313	079049	244	249	45	0	0	0	0	514	244	247	56	0	0	0	0	514
1374849313	572532	244	249	45	0	0	0	0	515	244	248	0	0	0	0	0	515
1374849314	065997	244	248	45	0	0	0	0	516	244	249	56	0	0	0	0	516
1374849314	559619	244	249	45	0	0	0	0	517	244	249	56	0	0	0	0	517
1374849315	053038	244	248	46	0	0	0	0	518	244	249	58	0	0	0	0	518
1374849315	545711	244	248	44	0	0	0	0	519	244	249	56	0	0	0	0	519
1374849316	039194	244	248	43	0	0	0	0	520	244	248	0	0	0	0	0	520
1374849316	532795	244	248	43	0	0	0	0	521	244	248	56	0	0	0	0	521
1374849317	025330	244	248	45	0	0	0	0	522	244	247	60	0	0	0	0	522
1374849317	517876	244	248	57	0	0	0	0	523	244	249	60	0	0	0	0	523
1374849318	011417	244	250	54	0	0	0	0	524	244	249	57	0	0	0	0	524
1374849318	504041	244	249	58	0	0	0	0	525	244	248	63	0	0	0	0	525
1374849318	997574	244	249	0	0	0	0	0	526	244	248	59	0	0	0	0	526
1374849319	490081	244	248	0	0	0	0	0	527	244	249	63	0	0	0	0	527
1374849319	980853	244	249	0	0	0	0	0	528	244	249	58	0	0	0	0	528
1374849320	474280	244	249	56	0	0	0	0	529	244	249	64	0	0	0	0	529
1374849320	967055	244	249	56	0	0	0	0	530	244	248	70	0	0	0	0	530
1374849321	459442	244	248	57	0	0	0	0	531	244	247	62	0	0	0	0	531
1374849321	953027	244	248	0	0	0	0	0	532	244	249	0	0	0	0	0	532
1374849322	446788	244	249	64	0	0	0	0	533	244	248	58	0	0	0	0	533
1374849322	940271	244	248	54	0	0	0	0	534	244	248	56	0	0	0	0	534
1374849323	433838	244	248	55	0	0	0	0	535	244	249	0	0	0	0	0	535
1374849323	926201	244	249	62	0	0	0	0	536	244	249	0	0	0	0	0	536
1374849324	420149	244	248	56	0	0	0	0	537	244	247	0	0	0	0	0	537
1374849324	913494	244	249	0	0	0	0	0	538	244	247	55	0	0	0	0	538
1374849325	406154	244	248	57	0	0	0	0	539	244	247	56	0	0	0	0	539
1374849325	899500	244	248	59	0	0	0	0	540	244	247	64	0	0	0	0	540
1374849326	393126	244	248	0	0	0	0	0	541	244	247	55	0	0	0	0	541
1374849326	885829	244	248	145	0	0	0	0	542	244	247	55	0	0	0	0	542
1374849327	379122	244	248	55	0	0	0	0	543	244	249	0	0	0	0	0	543
1374849327	871739	244	248	62	0	0	0	0	544	244	248	0	0	0	0	0	544
1374849328	366189	244	249	46	0	0	0	0	545	244	249	63	0	0	0	0	545
1374849328	857840	244	249	58	0	0	0	0	546	244	247	58	139	0	0	0	546
1374849329	350522	244	249	49	0	0	0	0	547	244	249	0	0	0	0	0	547
1374849329	842992	244	249	49	0	0	0	0	548	244	249	0	0	0	0	0	548
1374849330	336326	244	248	50	0	0	0	0	549	244	248	58	0	0	0	0	549
1374849330	829043	244	249	55	0	0	0	0	550	244	249	56	0	0	0	0	550
1374849331	322532	244	248	52	0	0	0	0	551	244	248	0	0	0	0	0	551
1374849331	818094	244	249	0	0	0	0	0	552	244	248	62	0	0	0	0	552
1374849332	311547	244	249	54	0	0	0	0	553	244	249	0	0	0	0	0	553
1374849332	805171	244	249	52	0	0	0	0	554	244	247	0	0	0	0	0	554
1374849333	298820	244	249	52	0	0	0	0	555	244	247	0	0	0	0	0	555
1374849333	791202	244	248	52	0	0	0	0	556	244	249	62	0	0	0	0	556
1374849334	283911	244	248	52	0	0	0	0	557	244	249	61	0	0	0	0	557
1374849334	777380	244	249	52	0	0	0	0	558	244	249	57	0	0	0	0	558
1374849335	270910	244	248	0	0	0	0	0	559	244	249	58	0	0	0	0	559
1374849335	763427	244	249	0	0	0	0	0	560	244	248	58	0	0	0	0	560
1374849336	256072	244	248	0	0	0	0	0	561	244	248	57	0	0	0	0	561
1374849336	748671	244	249	0	0	0	0	0	562	244	249	57	0	0	0	0	562
1374849337	241243	244	248	0	0	0	0	0	563	244	249	60	0	0	0	0	563
1374849337	734006	244	248	53	0	0	0	0	564	244	248	60	0	0	0	0	564
1374849338	227306	244	249	52	140	0	0	0	565	244	248	62	0	0	0	0	565
1374849338	719788	244	249	52	0	0	0	0	566	244	249	60	0	0	0	0	566
1374849339	213426	244	248	52	0	0	0	0	567	244	248	59	0	0	0	0	567
1374849339	705779	244	249	107	0	0	0	0	568	244	248	60	0	0	0	0	568
1374849340	199386	244	249	0	0	0	0	0	569	244	247	60	0	0	0	0	569
1374849340	694080	244	249	0	0	0	0	0	570	244	247	60	0	0	0	0	570
1374849341	186470	244	249	107	0	0	0	0	571	244	249	60	0	0	0	0	571
1374849341	680307	244	249	0	0	0	0	0	572	244	248	58	0	0	0	0	572
1374849342	173573	244	249	52	0	0	0	0	573	244	247	59	0	0	0	0	573
1374849342	666287	244	249	0	0	0	0	0	574	244	248	59	0	0	0	0	574
1374849343	159831	244	248	0	0	0	0	0	575	244	247	59	0	0	0	0	575
1374849343	653275	244	248	140	0	0	0	0	576	244	248	59	0	0	0	0	576
1374849344	145716	244	249	0	0	0	0	0	577	244	248	59	0	0	0	0	577
1374849344	637640	244	248	0	0	0	0	0	578	244	249	59	0	0	0	0	578
1374849345	129901	244	249	0	0	0	0	0	579	244	249	60	0	0	0	0	579
1374849345	623440	244	249	53	0	0	0	0	580	244	249	57	0	0	0	0	580
1374849346	117058	244	249	53	0	0	0	0	581	244	247	58	0	0	0	0	581
1374849346	610606	244	249	0	0	0	0	0	582	244	248	62	0	0	0	0	582
1374849347	103038	244	249	0	0	0	0	0	583	244	248	60	0	0	0	0	583
1374849347	596566	244	248	0	0	0	0	0	584	244	247	60	137	0	0	0	584
1374849348	090166	244	248	0	0	0	0	0	585	244	247	60	0	0	0	0	585
1374849348	583690	244	249	0	0	0	0	0	586	244	249	61	0	0	0	0	586
1374849349	076191	244	249	0	0	0	0	0	587	244	248	62	0	0	0	0	587
1374849349	568862	244	249	0	0	0	0	0	588	244	247	61	0	0	0	0	588
1374849350	062362	244	248	60	0	0	0	0	589	244	249	60	0	0	0	0	589
1374849350	555755	244	248	55	0	0	0	0	590	244	247	0	0	0	0	0	590
1374849351	046570	244	249	54	0	0	0	0	591	244	249	65	0	0	0	0	591
1374849351	539881	244	248	54	0	0	0	0	592	244	248	63	0	0	0	0	592
1374849352	032663	244	248	55	0	0	0	0	593	244	248	58	0	0	0	0	593
1374849352	526173	244	249	56	0	0	0	0	594	244	248	59	0	0	0	0	594
1374849353	019569	244	248	56	0	0	0	0	595	244	249	64	0	0	0	0	595
1374849353	512095	244	248	60	0	0	0	0	596	244	249	0	0	0	0	0	596
1374849354	005728	244	248	53	0	0	0	0	597	244	248	0	0	0	0	0	597
1374849354	499296	244	248	0	0	0	0	0	598	244	249	0	0	0	0	0	598
1374849354	991826	244	249	62	0	0	0	0	599	244	249	65	0	0	0	0	599
1374849355	485332	244	249	0	0	0	0	0	600	244	249	62	0	0	0	0	600
1374849355	978723	244	248	0	0	0	0	0	601	244	248	0	0	0	0	0	601
1374849356	472363	244	249	106	0	0	0	0	602	244	249	64	0	0	0	0	602
1374849356	965868	244	248	54	0	0	0	0	603	244	249	66	0	0	0	0	603
1374849357	459408	244	248	54	0	0	0	0	604	244	248	64	0	0	0	0	604
1374849357	951875	244	249	56	0	0	0	0	605	244	249	0	0	0	0	0	605
1374849358	442478	244	248	0	0	0	0	0	606	244	249	0	0	0	0	0	606
1374849358	936125	244	248	0	0	0	0	0	607	244	248	0	0	0	0	0	607
1374849359	429674	244	248	54	0	0	0	0	608	244	249	0	0	0	0	0	608
1374849359	923218	244	250	55	0	0	0	0	609	244	248	0	0	0	0	0	609
1374849360	416747	244	249	57	0	0	0	0	610	244	249	66	0	0	0	0	610
1374849360	910271	244	249	0	0	0	0	0	611	244	249	0	0	0	0	0	611
1374849361	403879	244	249	54	0	0	0	0	612	244	247	0	0	0	0	0	612
1374849361	897702	244	249	53	0	0	0	0	613	244	249	60	0	0	0	0	613
1374849362	390971	244	248	53	0	0	0	0	614	244	249	60	0	0	0	0	614
1374849362	883531	244	249	0	0	0	0	0	615	244	249	65	0	0	0	0	615
1374849363	377012	244	248	56	0	0	0	0	616	244	248	64	0	0	0	0	616
1374849363	870571	244	249	57	0	0	0	0	617	244	248	64	0	0	0	0	617
1374849364	362043	244	248	54	0	0	0	0	618	244	248	0	0	0	0	0	618
1374849364	854833	244	249	53	0	0	0	0	619	244	249	59	0	0	0	0	619
1374849365	347223	244	249	52	0	0	0	0	620	244	249	60	0	0	0	0	620
1374849365	840794	244	249	53	0	0	0	0	621	244	248	0	0	0	0	0	621
1374849366	333112	244	248	53	0	0	0	0	622	244	248	64	0	0	0	0	622
1374849366	825786	244	249	54	0	0	0	0	623	244	249	63	0	0	0	0	623
1374849367	319363	244	248	55	0	0	0	0	624	244	249	0	0	0	0	0	624
1374849367	812863	244	248	53	0	0	0	0	625	244	248	64	0	0	0	0	625
1374849368	306502	244	249	52	0	0	0	0	626	244	247	59	0	0	0	0	626
1374849368	797979	244	248	0	0	0	0	0	627	244	248	0	0	0	0	0	627
1374849369	291367	244	248	55	0	0	0	0	628	244	248	63	0	0	0	0	628
1374849369	783090	244	248	55	0	0	0	0	629	244	248	62	0	0	0	0	629
1374849370	275614	244	249	55	0	0	0	0	630	244	249	62	0	0	0	0	630
1374849370	770155	244	248	0	0	0	0	0	631	244	247	0	0	0	0	0	631
1374849371	263791	244	249	0	0	0	0	0	632	244	248	59	0	0	0	0	632
1374849371	755271	244	249	0	0	0	0	0	633	244	247	0	0	0	0	0	633
1374849372	248859	244	248	55	0	0	0	0	634	244	247	0	0	0	0	0	634
1374849372	742199	244	250	54	0	0	0	0	635	244	248	62	0	0	0	0	635
1374849373	235714	244	249	54	0	0	0	0	636	244	247	0	0	0	0	0	636
1374849373	728400	244	248	53	0	0	0	0	637	244	247	63	0	0	0	0	637
1374849374	221830	244	250	53	0	0	0	0	638	244	247	59	0	0	0	0	638
1374849374	714311	244	248	51	0	0	0	0	639	244	249	60	0	0	0	0	639
1374849375	204901	244	249	53	0	0	0	0	640	244	248	0	0	0	0	0	640
1374849375	697489	244	248	53	137	0	0	0	641	244	248	64	0	0	0	0	641
1374849376	191009	244	249	52	0	0	0	0	642	244	249	144	0	0	0	0	642
1374849376	684631	244	249	51	0	0	0	0	643	244	247	61	0	0	0	0	643
1374849377	178309	244	247	52	0	0	0	0	644	244	249	60	0	0	0	0	644
1374849377	671761	244	250	53	0	0	0	0	645	244	247	0	0	0	0	0	645
1374849378	165377	244	249	52	0	0	0	0	646	244	249	0	0	0	0	0	646
1374849378	658840	244	249	52	0	0	0	0	647	244	249	63	0	0	0	0	647
1374849379	152371	244	249	51	0	0	0	0	648	244	249	63	0	0	0	0	648
1374849379	646029	244	249	51	0	0	0	0	649	244	249	0	0	0	0	0	649
1374849380	139531	244	250	52	0	0	0	0	650	244	249	60	0	0	0	0	650
1374849380	632965	244	248	51	0	0	0	0	651	244	247	59	0	0	0	0	651
1374849381	125723	244	248	53	0	0	0	0	652	244	248	65	0	0	0	0	652
1374849381	619380	244	248	53	0	0	0	0	653	244	248	63	0	0	0	0	653
1374849382	112715	244	249	53	0	0	0	0	654	244	247	63	0	0	0	0	654
1374849382	606265	244	248	53	0	0	0	0	655	244	247	0	0	0	0	0	655
1374849383	098566	244	249	52	0	0	0	0	656	244	249	58	0	0	0	0	656
1374849383	591437	244	249	53	0	0	0	0	657	244	247	0	0	0	0	0	657
1374849384	085051	244	250	53	0	0	0	0	658	244	247	63	0	0	0	0	658
1374849384	577539	244	248	53	0	0	0	0	659	244	247	62	140	0	0	0	659
1374849385	070109	244	248	54	0	0	0	0	660	244	247	62	0	0	0	0	660
1374849385	563633	244	249	52	0	0	0	0	661	244	247	0	0	0	0	0	661
1374849386	057296	244	249	51	0	0	0	0	662	244	248	58	0	0	0	0	662
1374849386	550631	244	248	51	0	0	0	0	663	244	248	58	0	0	0	0	663
1374849387	043275	244	248	52	0	0	0	0	664	244	247	64	0	0	0	0	664
1374849387	535821	244	248	52	0	0	0	0	665	244	247	62	0	0	0	0	665
1374849388	029313	244	249	53	0	0	0	0	666	244	249	62	0	0	0	0	666
1374849388	521898	244	249	53	0	0	0	0	667	244	247	63	0	0	0	0	667
1374849389	016923	244	249	52	0	0	0	0	668	244	248	0	0	0	0	0	668
1374849389	509931	244	249	52	0	0	0	0	669	244	249	60	0	0	0	0	669
1374849390	002621	244	248	52	0	0	0	0	670	244	248	59	0	0	0	0	670
1374849390	495879	244	248	51	0	0	0	0	671	244	248	0	0	0	0	0	671
1374849390	988533	244	249	53	0	0	0	0	672	244	249	65	0	0	0	0	672
1374849391	481093	244	249	53	0	0	0	0	673	244	248	64	0	0	0	0	673
1374849391	975672	244	249	53	0	0	0	0	674	244	248	0	0	0	0	0	674
1374849392	469207	244	248	53	0	0	0	0	675	244	247	60	0	0	0	0	675
1374849392	962913	244	249	52	0	0	0	0	676	244	249	60	0	0	0	0	676
1374849393	455399	244	249	52	0	0	0	0	677	244	248	59	0	0	0	0	677
1374849393	947866	244	249	53	0	0	0	0	678	244	249	61	0	0	0	0	678
1374849394	440506	244	249	52	0	0	0	0	679	244	248	0	0	0	0	0	679
1374849394	933955	244	249	53	0	0	0	0	680	244	247	63	0	0	0	0	680
1374849395	427465	244	249	52	0	0	0	0	681	244	247	62	0	0	0	0	681
1374849395	919949	244	249	52	0	0	0	0	682	244	249	63	0	0	0	0	682
1374849396	412613	244	249	52	0	0	0	0	683	244	248	63	0	0	0	0	683
1374849396	905235	244	248	53	0	0	0	0	684	244	247	64	0	0	0	0	684
1374849397	398708	244	248	52	0	0	0	0	685	244	249	59	0	0	0	0	685
1374849397	892125	244	248	52	0	0	0	0	686	244	247	0	0	0	0	0	686
1374849398	385481	244	249	52	0	0	0	0	687	244	247	63	0	0	0	0	687
1374849398	878334	244	249	52	0	0	0	0	688	244	247	63	0	0	0	0	688
1374849399	371822	244	249	53	0	0	0	0	689	244	247	62	0	0	0	0	689
1374849399	864249	244	248	53	0	0	0	0	690	244	249	62	0	0	0	0	690
1374849400	357694	244	248	52	0	0	0	0	691	244	249	0	0	0	0	0	691
1374849400	850449	244	248	53	0	0	0	0	692	244	248	62	0	0	0	0	692
1374849401	342854	244	248	53	0	0	0	0	693	244	248	0	0	0	0	0	693
1374849401	835437	244	249	52	0	0	0	0	694	244	248	0	0	0	0	0	694
1374849402	328880	244	249	53	0	0	0	0	695	244	248	63	0	0	0	0	695
1374849402	822503	244	248	53	0	0	0	0	696	244	249	63	0	0	0	0	696
1374849403	315050	244	249	52	0	0	0	0	697	244	249	0	0	0	0	0	697
1374849403	807503	244	249	53	0	0	0	0	698	244	248	60	0	0	0	0	698
1374849404	300009	244	248	52	0	0	0	0	699	244	248	60	0	0	0	0	699
1374849404	790707	244	248	52	0	0	0	0	700	244	247	0	0	0	0	0	700
1374849405	285061	244	249	53	0	0	0	0	701	244	247	62	0	0	0	0	701
1374849405	777744	244	249	53	0	0	0	0	702	244	247	62	0	0	0	0	702
1374849406	271357	244	248	52	0	0	0	0	703	244	249	62	0	0	0	0	703
1374849406	764869	244	249	52	0	0	0	0	704	244	249	0	0	0	0	0	704
1374849407	258453	244	249	52	0	0	0	0	705	244	249	59	0	0	0	0	705
1374849407	750147	244	249	52	0	0	0	0	706	244	248	59	0	0	0	0	706
1374849408	243690	244	249	53	0	0	0	0	707	244	247	63	0	0	0	0	707
1374849408	738201	244	249	53	0	0	0	0	708	244	249	62	0	0	0	0	708
1374849409	231700	244	249	53	0	0	0	0	709	244	248	62	0	0	0	0	709
1374849409	725289	244	249	52	0	0	0	0	710	244	249	63	0	0	0	0	710
1374849410	218886	244	249	52	0	0	0	0	711	244	249	63	0	0	0	0	711
1374849410	712446	244	249	52	0	0	0	0	712	244	248	62	0	0	0	0	712
1374849411	206103	244	249	53	0	0	0	0	713	244	247	0	0	0	0	0	713
1374849411	699443	244	248	53	0	0	0	0	714	244	248	62	0	0	0	0	714
1374849412	193081	244	248	53	0	0	0	0	715	244	248	62	0	0	0	0	715
1374849412	685662	244	248	53	0	0	0	0	716	244	249	62	0	0	0	0	716
1374849413	178110	244	249	54	0	0	0	0	717	244	248	62	0	0	0	0	717
1374849413	669964	244	249	54	0	0	0	0	718	244	249	62	0	0	0	0	718
1374849414	163383	244	248	63	0	0	0	0	719	244	248	55	0	0	0	0	719
1374849414	656777	244	248	0	0	0	0	0	720	244	249	62	0	0	0	0	720
1374849415	150324	244	248	0	0	0	0	0	721	244	248	62	0	0	0	0	721
1374849415	643966	244	249	0	0	0	0	0	722	244	247	62	0	0	0	0	722
1374849416	136610	244	250	0	0	0	0	0	723	244	247	64	0	0	0	0	723
1374849416	629073	244	248	52	0	0	0	0	724	244	247	60	0	0	0	0	724
1374849417	122549	244	249	53	0	0	0	0	725	244	249	58	0	0	0	0	725
1374849417	615921	244	248	53	0	0	0	0	726	244	249	62	0	0	0	0	726
1374849418	108640	244	249	52	0	0	0	0	727	244	249	56	0	0	0	0	727
1374849418	602105	244	249	52	0	0	0	0	728	244	249	55	0	0	0	0	728
1374849419	095821	244	248	52	0	0	0	0	729	244	247	57	0	0	0	0	729
1374849419	589319	244	249	52	0	0	0	0	730	244	247	57	0	0	0	0	730
1374849420	082973	244	249	52	0	0	0	0	731	244	249	0	0	0	0	0	731
1374849420	576428	244	249	52	0	0	0	0	732	244	249	58	0	0	0	0	732
1374849421	068925	244	250	53	0	0	0	0	733	244	249	62	0	0	0	0	733
1374849421	560470	244	249	53	0	0	0	0	734	244	247	61	0	0	0	0	734
1374849422	052887	244	250	56	0	0	0	0	735	244	249	62	0	0	0	0	735
1374849422	546502	244	249	53	0	0	0	0	736	244	249	64	0	0	0	0	736
1374849423	040048	244	248	53	0	0	0	0	737	244	247	0	0	0	0	0	737
1374849423	533614	244	249	54	0	0	0	0	738	244	249	60	0	0	0	0	738
1374849424	027281	244	249	57	0	0	0	0	739	244	249	57	0	0	0	0	739
1374849424	518748	244	248	57	0	0	0	0	740	244	248	64	0	0	0	0	740
1374849425	011334	244	248	54	0	0	0	0	741	244	249	64	0	0	0	0	741
1374849425	503792	244	248	0	0	0	0	0	742	244	249	57	0	0	0	0	742
1374849425	997306	244	248	60	0	0	0	0	743	244	247	60	0	0	0	0	743
1374849426	490895	244	248	63	0	0	0	0	744	244	247	0	0	0	0	0	744
1374849426	984453	244	249	56	0	0	0	0	745	244	249	58	0	0	0	0	745
1374849427	478053	244	249	58	0	0	0	0	746	244	249	136	0	0	0	0	746
1374849427	970585	244	248	58	0	0	0	0	747	244	247	0	0	0	0	0	747
1374849428	464136	244	249	65	0	0	0	0	748	244	247	66	0	0	0	0	748
1374849428	957800	244	249	56	0	0	0	0	749	244	247	68	0	0	0	0	749
1374849429	450232	244	248	57	0	0	0	0	750	244	247	66	0	0	0	0	750
1374849429	943097	244	248	58	0	0	0	0	751	244	249	67	0	0	0	0	751
1374849430	435569	244	249	63	0	0	0	0	752	244	248	63	0	0	0	0	752
1374849430	929108	244	248	0	0	0	0	0	753	244	249	0	0	0	0	0	753
1374849431	422593	244	250	60	0	0	0	0	754	244	249	66	0	0	0	0	754
1374849431	916025	244	250	54	0	0	0	0	755	244	247	55	0	0	0	0	755
1374849432	409657	244	250	55	0	0	0	0	756	244	249	58	0	0	0	0	756
1374849432	903128	244	248	58	0	0	0	0	757	244	249	0	0	0	0	0	757
1374849433	394697	244	249	56	0	0	0	0	758	244	248	0	0	0	0	0	758
1374849433	887250	244	248	56	0	0	0	0	759	244	249	0	0	0	0	0	759
1374849434	380835	244	248	55	0	0	0	0	760	244	247	0	0	0	0	0	760
1374849434	874393	244	249	56	0	0	0	0	761	244	247	0	0	0	0	0	761
1374849435	367817	244	248	56	0	0	0	0	762	244	249	0	0	0	0	0	762
1374849435	861435	244	249	0	0	0	0	0	763	244	249	60	0	0	0	0	763
1374849436	354048	244	249	55	0	0	0	0	764	244	249	57	0	0	0	0	764
1374849436	847584	244	249	55	0	0	0	0	765	244	248	0	0	0	0	0	765
1374849437	341066	244	249	55	0	0	0	0	766	244	248	58	0	0	0	0	766
1374849437	833464	244	249	56	0	0	0	0	767	244	247	0	0	0	0	0	767
1374849438	325210	244	249	55	0	0	0	0	768	244	247	0	0	0	0	0	768
1374849438	816623	244	249	58	0	0	0	0	769	244	248	0	0	0	0	0	769
1374849439	309251	244	249	56	0	0	0	0	770	244	249	66	0	0	0	0	770
1374849439	802988	244	249	0	0	0	0	0	771	244	247	0	0	0	0	0	771
1374849440	295412	244	248	61	0	0	0	0	772	244	247	0	0	0	0	0	772
1374849440	788798	244	248	66	0	0	0	0	773	244	247	0	0	0	0	0	773
1374849441	280492	244	248	56	0	0	0	0	774	244	248	0	0	0	0	0	774
1374849441	773088	244	248	60	0	0	0	0	775	244	249	0	0	0	0	0	775
1374849442	265736	244	248	0	0	0	0	0	776	244	248	0	0	0	0	0	776
1374849442	758147	244	248	0	0	0	0	0	777	244	248	0	0	0	0	0	777
1374849443	252680	244	248	61	0	0	0	0	778	244	247	64	0	0	0	0	778
1374849443	745252	244	248	55	0	0	0	0	779	244	247	0	0	0	0	0	779
1374849444	238761	244	249	55	0	0	0	0	780	244	249	0	0	0	0	0	780
1374849444	732208	244	250	0	0	0	0	0	781	244	247	0	0	0	0	0	781
1374849445	225845	244	248	63	0	0	0	0	782	244	248	0	0	0	0	0	782
1374849445	718314	244	249	62	0	0	0	0	783	244	248	0	0	0	0	0	783
1374849446	211808	244	249	0	0	0	0	0	784	244	247	0	0	0	0	0	784
1374849446	705518	244	248	55	0	0	0	0	785	244	248	0	0	0	0	0	785
1374849447	198041	244	249	55	0	0	0	0	786	244	247	0	0	0	0	0	786
1374849447	690628	244	250	63	0	0	0	0	787	244	247	0	0	0	0	0	787
1374849448	183109	244	249	0	0	0	0	0	788	244	248	0	0	0	0	0	788
1374849448	675868	244	248	0	0	0	0	0	789	244	248	58	0	0	0	0	789
1374849449	169310	244	248	55	0	0	0	0	790	244	247	64	0	0	0	0	790
1374849449	662823	244	249	55	0	0	0	0	791	244	248	0	0	0	0	0	791
1374849450	155470	244	248	55	0	0	0	0	792	244	247	0	0	0	0	0	792
1374849450	649068	244	248	55	0	0	0	0	793	244	247	0	0	0	0	0	793
1374849451	142634	244	249	0	0	0	0	0	794	244	249	0	0	0	0	0	794
1374849451	636124	244	249	0	0	0	0	0	795	244	248	58	0	0	0	0	795
1374849452	129793	244	249	56	0	0	0	0	796	244	248	0	0	0	0	0	796
1374849452	621285	244	249	61	0	0	0	0	797	244	248	0	0	0	0	0	797
1374849453	113679	244	249	56	0	0	0	0	798	244	248	0	0	0	0	0	798
1374849453	604367	244	249	63	0	0	0	0	799	244	248	0	0	0	0	0	799
1374849454	096839	244	248	0	0	0	0	0	800	244	247	0	0	0	0	0	800
1374849454	589459	244	248	0	0	0	0	0	801	244	248	0	0	0	0	0	801
1374849455	083133	244	249	0	0	0	0	0	802	244	249	0	0	0	0	0	802
1374849455	576615	244	249	62	0	0	0	0	803	244	249	0	0	0	0	0	803
1374849456	069008	244	249	65	0	0	0	0	804	244	248	0	0	0	0	0	804
1374849456	559718	244	249	63	0	0	0	0	805	244	248	56	0	0	0	0	805
1374849457	053341	244	249	63	0	0	0	0	806	244	247	57	0	0	0	0	806
1374849457	547867	244	249	56	0	0	0	0	807	244	249	59	0	0	0	0	807
1374849458	041447	244	248	55	0	0	0	0	808	244	248	0	0	0	0	0	808
1374849458	535182	244	249	55	0	0	0	0	809	244	249	0	0	0	0	0	809
1374849459	027716	244	248	55	0	0	0	0	810	244	248	0	0	0	0	0	810
1374849459	521284	244	250	55	0	0	0	0	811	244	249	0	0	0	0	0	811
1374849460	014998	244	248	62	0	0	0	0	812	244	248	0	0	0	0	0	812
1374849460	508481	244	248	61	0	0	0	0	813	244	248	0	0	0	0	0	813
1374849461	002023	244	249	56	0	0	0	0	814	244	249	61	0	0	0	0	814
1374849461	495491	244	249	56	0	0	0	0	815	244	249	0	0	0	0	0	815
1374849461	989082	244	248	0	0	0	0	0	816	244	247	0	0	0	0	0	816
1374849462	481666	244	249	63	0	0	0	0	817	244	249	0	0	0	0	0	817
1374849462	975076	244	249	63	0	0	0	0	818	244	248	0	0	0	0	0	818
1374849463	468729	244	248	0	0	0	0	0	819	244	247	0	0	0	0	0	819
1374849463	962216	244	248	56	0	0	0	0	820	244	247	0	0	0	0	0	820
1374849464	454872	244	249	56	0	0	0	0	821	244	248	0	0	0	0	0	821
1374849464	948299	244	248	57	0	0	0	0	822	244	249	0	0	0	0	0	822
1374849465	441858	244	249	62	0	0	0	0	823	244	249	0	0	0	0	0	823
1374849465	934554	244	248	0	0	0	0	0	824	244	248	0	0	0	0	0	824
1374849466	426863	244	249	0	0	0	0	0	825	244	247	0	0	0	0	0	825
1374849466	920550	244	249	56	0	0	0	0	826	244	249	62	0	0	0	0	826
1374849467	412013	244	250	56	0	0	0	0	827	244	248	0	0	0	0	0	827
1374849467	904642	244	248	55	0	0	0	0	828	244	248	62	0	0	0	0	828
1374849468	397221	244	249	62	0	0	0	0	829	244	248	0	0	0	0	0	829
1374849468	889708	244	249	63	0	0	0	0	830	244	248	0	0	0	0	0	830
1374849469	382334	244	248	0	0	0	0	0	831	244	249	62	0	0	0	0	831
1374849469	874786	244	248	55	0	0	0	0	832	244	248	57	0	0	0	0	832
1374849470	367479	244	249	56	0	0	0	0	833	244	247	0	0	0	0	0	833
1374849470	860924	244	249	63	0	0	0	0	834	244	249	0	0	0	0	0	834
1374849471	354640	244	248	0	0	0	0	0	835	244	248	64	0	0	0	0	835
1374849471	846935	244	249	55	0	0	0	0	836	244	247	0	0	0	0	0	836
1374849472	340592	244	250	55	0	0	0	0	837	244	248	62	0	0	0	0	837
1374849472	834036	244	248	65	0	0	0	0	838	244	247	0	0	0	0	0	838
1374849473	326746	244	249	65	0	0	0	0	839	244	247	0	0	0	0	0	839
1374849473	820202	244	248	64	0	0	0	0	840	244	247	0	0	0	0	0	840
1374849474	313830	244	249	61	0	0	0	0	841	244	247	58	0	0	0	0	841
1374849474	806253	244	249	55	0	0	0	0	842	244	249	56	0	0	0	0	842
1374849475	298738	244	249	55	0	0	0	0	843	244	249	56	0	0	0	0	843
1374849475	791249	244	249	56	0	0	0	0	844	244	247	0	0	0	0	0	844
1374849476	284040	244	249	0	0	0	0	0	845	244	249	62	0	0	0	0	845
1374849476	777657	244	249	0	0	0	0	0	846	244	248	60	0	0	0	0	846
1374849477	270062	244	249	57	0	0	0	0	847	244	247	0	0	0	0	0	847
1374849477	763624	244	248	56	0	0	0	0	848	244	248	58	0	0	0	0	848
1374849478	257204	244	249	56	0	0	0	0	849	244	248	58	0	0	0	0	849
1374849478	749633	244	249	56	0	0	0	0	850	244	248	58	0	0	0	0	850
1374849479	242382	244	248	64	0	0	0	0	851	244	247	63	0	0	0	0	851
1374849479	734868	244	249	56	0	0	0	0	852	244	249	58	0	0	0	0	852
1374849480	228454	244	249	57	0	0	0	0	853	244	247	58	0	0	0	0	853
1374849480	721839	244	249	63	0	0	0	0	854	244	248	0	0	0	0	0	854
1374849481	217463	244	249	56	0	0	0	0	855	244	249	0	0	0	0	0	855
1374849481	710094	244	249	62	0	0	0	0	856	244	247	62	0	0	0	0	856
1374849482	203498	244	249	56	0	0	0	0	857	244	247	56	0	0	0	0	857
1374849482	695160	244	250	56	0	0	0	0	858	244	249	58	0	0	0	0	858
1374849483	187819	244	248	56	0	0	0	0	859	244	247	65	0	0	0	0	859
1374849483	681325	244	249	56	0	0	0	0	860	244	248	0	0	0	0	0	860
1374849484	173696	244	249	56	0	0	0	0	861	244	249	56	0	0	0	0	861
1374849484	665270	244	249	55	0	0	0	0	862	244	248	56	0	0	0	0	862
1374849485	158726	244	248	56	0	0	0	0	863	244	249	57	0	0	0	0	863
1374849485	650327	244	250	56	0	0	0	0	864	244	249	0	0	0	0	0	864
1374849486	142874	244	248	56	0	0	0	0	865	244	247	63	0	0	0	0	865
1374849486	635630	244	249	57	0	0	0	0	866	244	249	66	0	0	0	0	866
1374849487	128010	244	248	56	0	0	0	0	867	244	248	56	0	0	0	0	867
1374849487	620555	244	248	56	0	0	0	0	868	244	248	56	0	0	0	0	868
1374849488	114265	244	249	57	0	0	0	0	869	244	247	57	0	0	0	0	869
1374849488	606591	244	249	56	0	0	0	0	870	244	247	60	0	0	0	0	870
1374849489	098281	244	249	57	0	0	0	0	871	244	249	60	0	0	0	0	871
1374849489	591837	244	249	58	0	0	0	0	872	244	247	61	0	0	0	0	872
1374849490	085418	244	249	56	0	0	0	0	873	244	249	57	0	0	0	0	873
1374849490	578903	244	248	56	0	0	0	0	874	244	248	56	0	0	0	0	874
1374849491	076938	244	248	54	0	0	0	0	875	244	249	60	0	0	0	0	875
1374849491	570098	244	249	56	0	0	0	0	876	244	247	62	0	0	0	0	876
1374849492	063754	244	248	54	0	0	0	0	877	244	248	62	0	0	0	0	877
1374849492	556124	244	249	56	0	0	0	0	878	244	248	56	0	0	0	0	878
1374849493	046950	244	249	55	0	0	0	0	879	244	249	56	0	0	0	0	879
1374849493	538457	244	248	55	0	0	0	0	880	244	249	56	0	0	0	0	880
1374849494	030927	244	249	55	0	0	0	0	881	244	249	0	0	0	0	0	881
1374849494	523700	244	249	56	0	0	0	0	882	244	248	57	0	0	0	0	882
1374849495	017123	244	249	56	0	0	0	0	883	244	247	0	0	0	0	0	883
1374849495	510712	244	248	0	0	0	0	0	884	244	249	55	0	0	0	0	884
1374849496	004389	244	249	56	0	0	0	0	885	244	248	64	0	0	0	0	885
1374849496	497893	244	249	62	0	0	0	0	886	244	247	63	0	0	0	0	886
1374849496	991403	244	248	58	0	0	0	0	887	244	248	63	0	0	0	0	887
1374849497	484917	244	247	56	0	0	0	0	888	244	249	57	0	0	0	0	888
1374849497	978476	244	249	56	0	0	0	0	889	244	249	0	0	0	0	0	889
1374849498	471136	244	249	56	0	0	0	0	890	244	249	56	0	0	0	0	890
1374849498	963644	244	249	56	0	0	0	0	891	244	249	63	0	0	0	0	891
1374849499	457142	244	249	56	0	0	0	0	892	244	247	57	0	0	0	0	892
1374849499	949522	244	249	55	0	0	0	0	893	244	249	62	0	0	0	0	893
1374849500	441270	244	248	65	0	0	0	0	894	244	248	60	0	0	0	0	894
1374849500	933761	244	248	0	0	0	0	0	895	244	248	57	0	0	0	0	895
1374849501	427119	244	249	55	0	0	0	0	896	244	248	60	0	0	0	0	896
1374849501	917649	244	248	56	0	0	0	0	897	244	249	57	0	0	0	0	897
1374849502	411660	244	249	56	0	0	0	0	898	244	248	56	0	0	0	0	898
1374849502	904927	244	248	57	0	0	0	0	899	244	249	57	0	0	0	0	899
1374849503	397364	244	249	55	0	0	0	0	900	244	247	56	0	0	0	0	900
1374849503	890906	244	248	56	0	0	0	0	901	244	249	56	0	0	0	0	901
1374849504	384483	244	250	55	0	0	0	0	902	244	248	56	0	0	0	0	902
1374849504	877911	244	249	0	0	0	0	0	903	244	248	56	0	0	0	0	903
1374849505	369492	244	248	58	0	0	0	0	904	244	247	59	0	0	0	0	904
1374849505	861098	244	249	55	0	0	0	0	905	244	248	63	0	0	0	0	905
1374849506	353689	244	248	55	0	0	0	0	906	244	247	56	0	0	0	0	906
1374849506	847104	244	248	56	0	0	0	0	907	244	249	61	0	0	0	0	907
1374849507	339739	244	249	57	0	0	0	0	908	244	248	0	0	0	0	0	908
1374849507	833335	244	249	56	0	0	0	0	909	244	247	0	0	0	0	0	909
1374849508	325935	244	248	56	0	0	0	0	910	244	249	58	0	0	0	0	910
1374849508	818581	244	249	56	0	0	0	0	911	244	249	57	0	0	0	0	911
1374849509	312059	244	249	56	0	0	0	0	912	244	248	61	0	0	0	0	912
1374849509	805644	244	249	56	0	0	0	0	913	244	249	62	0	0	0	0	913
1374849510	299272	244	248	55	0	0	0	0	914	244	249	56	0	0	0	0	914
1374849510	793724	244	249	56	0	0	0	0	915	244	247	58	0	0	0	0	915
1374849511	287044	244	249	55	0	0	0	0	916	244	249	0	0	0	0	0	916
1374849511	778825	244	248	55	0	0	0	0	917	244	247	57	0	0	0	0	917
1374849512	272431	244	248	55	0	0	0	0	918	244	249	57	0	0	0	0	918
1374849512	765923	244	249	55	0	0	0	0	919	244	248	57	0	0	0	0	919
1374849513	259298	244	248	56	0	0	0	0	920	244	247	57	0	0	0	0	920
1374849513	751073	244	248	55	0	0	0	0	921	244	248	58	0	0	0	0	921
1374849514	243668	244	249	56	0	0	0	0	922	244	249	57	0	0	0	0	922
1374849514	737427	244	249	56	0	0	0	0	923	244	249	60	0	0	0	0	923
1374849515	229859	244	249	56	0	0	0	0	924	244	248	60	0	0	0	0	924
1374849515	722556	244	250	57	0	0	0	0	925	244	249	62	0	0	0	0	925
1374849516	216018	244	249	0	0	0	0	0	926	244	249	56	0	0	0	0	926
1374849516	709339	244	249	55	0	0	0	0	927	244	249	63	0	0	0	0	927
1374849517	203171	244	248	56	0	0	0	0	928	244	249	59	0	0	0	0	928
1374849517	696484	244	249	0	0	0	0	0	929	244	247	63	0	0	0	0	929
1374849518	190220	244	249	55	0	0	0	0	930	244	248	56	0	0	0	0	930
1374849518	683663	244	248	55	0	0	0	0	931	244	249	56	0	0	0	0	931
1374849519	176307	244	248	56	0	0	0	0	932	244	248	62	0	0	0	0	932
1374849519	669758	244	248	0	0	0	0	0	933	244	248	61	0	0	0	0	933
1374849520	162242	244	248	0	0	0	0	0	934	244	249	56	0	0	0	0	934
1374849520	655734	244	248	56	0	0	0	0	935	244	248	65	0	0	0	0	935
1374849521	149437	244	248	58	0	0	0	0	936	244	249	62	0	0	0	0	936
1374849521	641836	244	248	56	0	0	0	0	937	244	249	64	0	0	0	0	937
1374849522	134365	244	248	55	0	0	0	0	938	244	247	59	0	0	0	0	938
1374849522	626053	244	250	55	0	0	0	0	939	244	248	63	0	0	0	0	939
1374849523	118540	244	249	0	0	0	0	0	940	244	248	56	0	0	0	0	940
1374849523	610962	244	249	58	0	0	0	0	941	244	249	57	0	0	0	0	941
1374849524	104590	244	248	56	0	0	0	0	942	244	247	57	0	0	0	0	942
1374849524	598063	244	248	57	0	0	0	0	943	244	248	57	0	0	0	0	943
1374849525	091746	244	249	56	0	0	0	0	944	244	249	64	0	0	0	0	944
1374849525	585380	244	249	61	0	0	0	0	945	244	247	56	0	0	0	0	945
1374849526	079985	244	249	0	0	0	0	0	946	244	249	58	0	0	0	0	946
1374849526	572309	244	249	58	0	0	0	0	947	244	249	58	0	0	0	0	947
1374849527	066043	244	248	0	0	0	0	0	948	244	247	0	0	0	0	0	948
1374849527	559407	244	249	55	0	0	0	0	949	244	249	58	0	0	0	0	949
1374849528	052065	244	248	57	0	0	0	0	950	244	248	59	0	0	0	0	950
1374849528	544636	244	248	64	0	0	0	0	951	244	249	58	0	0	0	0	951
1374849529	038261	244	249	56	0	0	0	0	952	244	249	61	0	0	0	0	952
1374849529	531643	244	249	55	0	0	0	0	953	244	247	57	0	0	0	0	953
1374849530	024245	244	249	56	0	0	0	0	954	244	247	54	0	0	0	0	954
1374849530	517680	244	249	56	0	0	0	0	955	244	247	53	0	0	0	0	955
1374849531	010364	244	248	54	0	0	0	0	956	244	247	54	0	0	0	0	956
1374849531	503865	244	248	56	0	0	0	0	957	244	249	0	0	0	0	0	957
1374849531	998381	244	248	58	0	0	0	0	958	244	248	56	0	0	0	0	958
1374849532	491967	244	248	0	0	0	0	0	959	244	247	0	0	0	0	0	959
1374849532	985551	244	249	0	0	0	0	0	960	244	248	55	0	0	0	0	960
1374849533	478986	244	248	0	0	0	0	0	961	244	247	0	0	0	0	0	961
1374849533	971634	244	248	64	0	0	0	0	962	244	248	0	0	0	0	0	962
1374849534	466285	244	248	55	0	0	0	0	963	244	247	56	0	0	0	0	963
1374849534	958802	244	249	54	0	0	0	0	964	244	248	61	0	0	0	0	964
1374849535	452439	244	249	65	0	0	0	0	965	244	248	63	0	0	0	0	965
1374849535	944762	244	248	56	0	0	0	0	966	244	248	56	0	0	0	0	966
1374849536	437484	244	248	54	0	0	0	0	967	244	249	60	0	0	0	0	967
1374849536	930987	244	249	56	0	0	0	0	968	244	247	62	0	0	0	0	968
1374849537	424781	244	248	55	0	0	0	0	969	244	247	54	0	0	0	0	969
1374849537	918214	244	249	56	0	0	0	0	970	244	247	27	0	0	0	0	970
1374849538	410811	244	249	0	0	0	0	0	971	244	247	49	0	0	0	0	971
1374849538	903224	244	250	0	0	0	0	0	972	244	247	32	0	0	0	0	972
1374849539	396719	244	249	22	0	0	0	0	973	244	248	45	0	0	0	0	973
1374849539	889434	244	248	54	0	0	0	0	974	244	248	49	0	0	0	0	974
1374849540	382992	244	248	49	0	0	0	0	975	244	247	49	0	0	0	0	975
1374849540	876537	244	249	49	0	0	0	0	976	244	248	52	0	0	0	0	976
1374849541	370097	244	249	57	0	0	0	0	977	244	248	59	0	0	0	0	977
1374849541	862470	244	249	0	0	0	0	0	978	244	249	0	0	0	0	0	978
1374849542	356016	244	248	53	0	0	0	0	979	244	247	0	0	0	0	0	979
1374849542	848534	244	249	55	0	0	0	0	980	244	249	54	0	0	0	0	980
1374849543	341110	244	249	58	0	0	0	0	981	244	248	57	0	0	0	0	981
1374849543	833647	244	249	56	0	0	0	0	982	244	249	60	0	0	0	0	982
1374849544	325444	244	248	58	0	0	0	0	983	244	249	0	0	0	0	0	983
1374849544	818709	244	249	0	0	0	0	0	984	244	249	52	0	0	0	0	984
1374849545	309437	244	250	0	0	0	0	0	985	244	247	40	0	0	0	0	985
1374849545	801925	244	250	0	0	0	0	0	986	244	247	36	0	0	0	0	986
1374849546	294343	244	248	0	0	0	0	0	987	244	247	44	0	0	0	0	987
1374849546	786823	244	249	0	0	0	0	0	988	244	249	39	0	0	0	0	988
1374849547	279394	244	248	0	0	0	0	0	989	244	248	40	0	0	0	0	989
1374849547	773088	244	248	0	0	0	0	0	990	244	248	38	0	0	0	0	990
1374849548	266585	244	248	66	0	0	0	0	991	244	249	40	0	0	0	0	991
1374849548	758204	244	248	0	0	0	0	0	992	244	249	49	0	0	0	0	992
1374849549	251898	244	248	0	0	0	0	0	993	244	248	47	0	0	0	0	993
1374849549	744318	244	249	0	0	0	0	0	994	244	249	32	0	0	0	0	994
1374849550	237771	244	248	0	0	0	0	0	995	244	248	38	0	0	0	0	995
1374849550	731423	244	249	0	0	0	0	0	996	244	249	31	0	0	0	0	996
1374849551	223939	244	248	0	0	0	0	0	997	244	249	0	0	0	0	0	997
1374849551	716469	244	249	0	0	0	0	0	998	244	249	22	0	0	0	0	998
1374849552	209109	244	250	0	0	0	0	0	999	244	249	20	0	0	0	0	999
1374849552	702453	244	250	0	0	0	0	0	1000	244	247	21	0	0	0	0	1000
1374849553	195016	244	248	0	0	0	0	0	1001	244	247	22	0	0	0	0	1001
1374849553	687780	244	248	0	0	0	0	0	1002	244	248	29	0	0	0	0	1002
1374849554	181171	244	249	0	0	0	0	0	1003	244	249	0	0	0	0	0	1003
1374849554	674719	244	248	0	0	0	0	0	1004	244	248	0	0	0	0	0	1004
1374849555	167319	244	249	0	0	0	0	0	1005	244	248	139	0	0	0	0	1005
1374849555	665152	244	249	0	0	0	0	0	1006	244	248	0	0	0	0	0	1006
1374849556	158396	244	249	0	0	0	0	0	1007	244	247	26	0	0	0	0	1007
1374849556	651006	244	248	0	0	0	0	0	1008	244	247	30	0	0	0	0	1008
1374849557	143681	244	249	0	0	0	0	0	1009	244	249	0	0	0	0	0	1009
1374849557	637155	244	249	0	0	0	0	0	1010	244	247	0	0	0	0	0	1010
1374849558	130617	244	249	0	0	0	0	0	1011	244	248	27	0	0	0	0	1011
1374849558	624111	244	248	0	0	0	0	0	1012	244	248	27	0	0	0	0	1012
1374849559	117785	244	248	0	0	0	0	0	1013	244	247	0	0	0	0	0	1013
1374849559	611473	244	250	0	0	0	0	0	1014	244	247	27	0	0	0	0	1014
1374849560	103779	244	248	0	0	0	0	0	1015	244	247	0	0	0	0	0	1015
1374849560	595446	244	249	0	0	0	0	0	1016	244	248	27	0	0	0	0	1016
1374849561	087123	244	248	0	0	0	0	0	1017	244	248	27	0	0	0	0	1017
1374849561	579510	244	248	0	0	0	0	0	1018	244	248	27	0	0	0	0	1018
1374849562	073007	244	249	0	0	0	0	0	1019	244	249	28	0	0	0	0	1019
1374849562	564657	244	248	0	0	0	0	0	1020	244	248	0	0	0	0	0	1020
1374849563	057086	244	249	0	0	0	0	0	1021	244	248	0	0	0	0	0	1021
1374849563	548759	244	249	0	0	0	0	0	1022	244	249	0	0	0	0	0	1022
1374849564	042191	244	248	0	0	0	0	0	1023	244	247	0	0	0	0	0	1023
1374849564	533751	244	249	0	0	0	0	0	1024	244	249	0	0	0	0	0	1024
1374849565	027362	244	248	0	0	0	0	0	1025	244	249	0	0	0	0	0	1025
1374849565	519991	244	248	0	0	0	0	0	1026	244	249	0	0	0	0	0	1026
1374849566	012480	244	249	0	0	0	0	0	1027	244	249	0	0	0	0	0	1027
1374849566	506120	244	248	0	0	0	0	0	1028	244	249	0	0	0	0	0	1028
1374849566	999433	244	249	0	0	0	0	0	1029	244	248	0	0	0	0	0	1029
1374849567	491134	244	249	0	0	0	0	0	1030	244	249	0	0	0	0	0	1030
1374849567	984721	244	250	0	0	0	0	0	1031	244	247	0	0	0	0	0	1031
1374849568	477091	244	249	0	0	0	0	0	1032	244	247	0	0	0	0	0	1032
1374849568	969772	244	249	0	0	0	0	0	1033	244	248	0	0	0	0	0	1033
1374849569	463389	244	248	0	0	0	0	0	1034	244	247	26	0	0	0	0	1034
1374849569	957163	244	248	0	0	0	0	0	1035	244	249	25	0	0	0	0	1035
1374849570	450384	244	249	0	0	0	0	0	1036	244	248	24	0	0	0	0	1036
1374849570	942114	244	248	0	0	0	0	0	1037	244	248	25	0	0	0	0	1037
1374849571	435472	244	249	0	0	0	0	0	1038	244	248	25	0	0	0	0	1038
1374849571	928077	244	248	0	0	0	0	0	1039	244	249	25	0	0	0	0	1039
1374849572	421548	244	249	0	0	0	0	0	1040	244	249	24	0	0	0	0	1040
1374849572	914127	244	248	0	0	0	0	0	1041	244	249	24	0	0	0	0	1041
1374849573	405901	244	248	0	0	0	0	0	1042	244	248	24	0	0	0	0	1042
1374849573	899338	244	248	0	0	0	0	0	1043	244	249	24	0	0	0	0	1043
1374849574	392997	244	249	0	0	0	0	0	1044	244	248	24	0	0	0	0	1044
1374849574	886497	244	249	0	0	0	0	0	1045	244	249	24	0	0	0	0	1045
1374849575	378957	244	248	0	0	0	0	0	1046	244	248	24	0	0	0	0	1046
1374849575	872478	244	249	0	0	0	0	0	1047	244	247	24	0	0	0	0	1047
1374849576	365306	244	248	0	0	0	0	0	1048	244	247	24	0	0	0	0	1048
1374849576	857495	244	249	0	0	0	0	0	1049	244	248	24	0	0	0	0	1049
1374849577	350182	244	248	0	0	0	0	0	1050	244	248	24	0	0	0	0	1050
1374849577	842821	244	249	0	0	0	0	0	1051	244	247	24	0	0	0	0	1051
1374849578	335339	244	248	0	0	0	0	0	1052	244	247	24	0	0	0	0	1052
1374849578	828882	244	248	0	0	0	0	0	1053	244	249	24	0	0	0	0	1053
1374849579	321363	244	249	0	0	0	0	0	1054	244	248	24	0	0	0	0	1054
1374849579	814025	244	248	0	0	0	0	0	1055	244	247	24	0	0	0	0	1055
1374849580	307488	244	249	0	0	0	0	0	1056	244	249	24	0	0	0	0	1056
1374849580	801080	244	249	0	0	0	0	0	1057	244	248	24	0	0	0	0	1057
1374849581	293513	244	248	0	0	0	0	0	1058	244	249	24	0	0	0	0	1058
1374849581	787094	244	248	0	0	0	0	0	1059	244	247	24	0	0	0	0	1059
1374849582	279514	244	248	0	0	0	0	0	1060	244	248	24	0	0	0	0	1060
1374849582	772069	244	248	140	0	0	0	0	1061	244	248	24	0	0	0	0	1061
1374849583	265666	244	250	0	0	0	0	0	1062	244	249	24	0	0	0	0	1062
1374849583	758236	244	249	0	0	0	0	0	1063	244	247	27	0	0	0	0	1063
1374849584	251651	244	249	0	0	0	0	0	1064	244	248	25	0	0	0	0	1064
1374849584	745273	244	249	0	0	0	0	0	1065	244	249	25	0	0	0	0	1065
1374849585	238871	244	249	0	0	0	0	0	1066	244	248	25	0	0	0	0	1066
1374849585	731320	244	248	0	0	0	0	0	1067	244	249	24	0	0	0	0	1067
1374849586	225006	244	249	0	0	0	0	0	1068	244	249	24	0	0	0	0	1068
1374849586	717371	244	248	0	0	0	0	0	1069	244	249	25	0	0	0	0	1069
1374849587	209847	244	248	0	0	0	0	0	1070	244	248	25	0	0	0	0	1070
1374849587	703541	244	248	0	0	0	0	0	1071	244	249	25	0	0	0	0	1071
1374849588	196948	244	250	0	0	0	0	0	1072	244	248	25	0	0	0	0	1072
1374849588	689510	244	248	0	0	0	0	0	1073	244	249	25	0	0	0	0	1073
1374849589	183143	244	248	0	0	0	0	0	1074	244	248	25	0	0	0	0	1074
1374849589	676713	244	249	0	0	0	0	0	1075	244	248	27	0	0	0	0	1075
1374849590	168152	244	249	0	0	0	0	0	1076	244	248	26	0	0	0	0	1076
1374849590	660715	244	248	0	0	0	0	0	1077	244	249	25	0	0	0	0	1077
1374849591	153253	244	249	0	0	0	0	0	1078	244	248	25	0	0	0	0	1078
1374849591	645931	244	249	0	0	0	0	0	1079	244	248	25	0	0	0	0	1079
1374849592	139396	244	249	0	0	0	0	0	1080	244	248	25	0	0	0	0	1080
1374849592	630926	244	249	0	0	0	0	0	1081	244	248	26	0	0	0	0	1081
1374849593	124427	244	249	0	0	0	0	0	1082	244	247	25	0	0	0	0	1082
1374849593	616170	244	249	0	0	0	0	0	1083	244	249	27	0	0	0	0	1083
1374849594	109549	244	248	0	0	0	0	0	1084	244	247	0	0	0	0	0	1084
1374849594	602331	244	249	0	0	0	0	0	1085	244	247	0	0	0	0	0	1085
1374849595	096731	244	249	0	0	0	0	0	1086	244	248	0	0	0	0	0	1086
1374849595	590296	244	249	0	0	0	0	0	1087	244	247	0	0	0	0	0	1087
1374849596	082898	244	248	0	0	0	0	0	1088	244	249	0	0	0	0	0	1088
1374849596	577364	244	248	0	0	0	0	0	1089	244	247	0	0	0	0	0	1089
1374849597	070981	244	249	0	0	0	0	0	1090	244	247	30	0	0	0	0	1090
1374849597	564570	244	248	0	0	0	0	0	1091	244	248	0	0	0	0	0	1091
1374849598	057179	244	248	0	0	0	0	0	1092	244	248	0	0	0	0	0	1092
1374849598	549909	244	249	0	0	0	0	0	1093	244	248	0	0	0	0	0	1093
1374849599	043470	244	248	0	0	0	0	0	1094	244	247	0	0	0	0	0	1094
1374849599	536854	244	250	0	0	0	0	0	1095	244	248	25	0	0	0	0	1095
1374849600	030510	244	247	0	0	0	0	0	1096	244	249	0	0	0	0	0	1096
1374849600	522929	244	248	0	0	0	0	0	1097	244	247	0	0	0	0	0	1097
1374849601	015443	244	249	0	0	0	0	0	1098	244	248	32	0	0	0	0	1098
1374849601	507982	244	249	0	0	0	0	0	1099	244	248	32	0	0	0	0	1099
1374849602	002687	244	248	0	0	0	0	0	1100	244	247	0	0	0	0	0	1100
1374849602	496366	244	248	0	0	0	0	0	1101	244	248	36	0	0	0	0	1101
1374849602	988635	244	248	0	0	0	0	0	1102	244	248	37	0	0	0	0	1102
1374849603	481418	244	249	0	0	0	0	0	1103	244	248	26	0	0	0	0	1103
1374849603	974856	244	249	0	0	0	0	0	1104	244	249	0	0	0	0	0	1104
1374849604	467441	244	248	0	0	0	0	0	1105	244	249	0	0	0	0	0	1105
1374849604	960038	244	249	0	0	0	0	0	1106	244	249	0	0	0	0	0	1106
1374849605	455555	244	249	0	0	0	0	0	1107	244	247	0	0	0	0	0	1107
1374849605	948093	244	248	0	0	0	0	0	1108	244	248	0	0	0	0	0	1108
1374849606	440501	244	249	0	0	0	0	0	1109	244	247	25	0	0	0	0	1109
1374849606	934043	244	248	0	0	0	0	0	1110	244	247	25	0	0	0	0	1110
1374849607	426659	244	249	0	0	0	0	0	1111	244	248	25	0	0	0	0	1111
1374849607	921237	244	249	0	0	0	0	0	1112	244	247	0	0	0	0	0	1112
1374849608	415875	244	248	0	0	0	0	0	1113	244	248	136	0	0	0	0	1113
1374849608	908374	244	249	0	0	0	0	0	1114	244	249	0	0	0	0	0	1114
1374849609	402955	244	249	0	0	0	0	0	1115	244	248	0	0	0	0	0	1115
1374849609	896377	244	249	0	0	0	0	0	1116	244	249	0	0	0	0	0	1116
1374849610	389043	244	249	0	0	0	0	0	1117	244	249	0	0	0	0	0	1117
1374849610	882394	244	249	0	0	0	0	0	1118	244	249	0	0	0	0	0	1118
1374849611	377140	244	248	0	0	0	0	0	1119	244	248	0	0	0	0	0	1119
1374849611	870663	244	249	0	0	0	0	0	1120	244	247	0	0	0	0	0	1120
1374849612	363178	244	249	0	0	0	0	0	1121	244	249	0	0	0	0	0	1121
1374849612	855755	244	249	0	0	0	0	0	1122	244	247	0	0	0	0	0	1122
1374849613	348250	244	248	0	0	0	0	0	1123	244	247	0	0	0	0	0	1123
1374849613	841896	244	249	0	0	0	0	0	1124	244	249	0	0	0	0	0	1124
1374849614	334470	244	249	0	0	0	0	0	1125	244	249	0	0	0	0	0	1125
1374849614	826854	244	249	0	0	0	0	0	1126	244	247	0	0	0	0	0	1126
1374849615	318525	244	249	0	0	0	0	0	1127	244	247	0	0	0	0	0	1127
1374849615	812038	244	249	0	0	0	0	0	1128	244	248	27	0	0	0	0	1128
1374849616	304715	244	248	0	0	0	0	0	1129	244	249	0	0	0	0	0	1129
1374849616	797240	244	248	0	0	0	0	0	1130	244	249	0	0	0	0	0	1130
1374849617	288864	244	248	0	0	0	0	0	1131	244	247	29	0	0	0	0	1131
1374849617	781440	244	248	0	0	0	0	0	1132	244	247	26	0	0	0	0	1132
1374849618	274849	244	248	0	0	0	0	0	1133	244	248	26	0	0	0	0	1133
1374849618	768734	244	248	0	0	0	0	0	1134	244	248	26	0	0	0	0	1134
1374849619	262096	244	248	0	0	0	0	0	1135	244	247	28	0	0	0	0	1135
1374849619	755660	244	249	0	0	0	0	0	1136	244	249	29	0	0	0	0	1136
1374849620	249341	244	249	0	0	0	0	0	1137	244	248	27	0	0	0	0	1137
1374849620	742636	244	249	0	0	0	0	0	1138	244	248	28	0	0	0	0	1138
1374849621	236282	244	248	0	0	0	0	0	1139	244	249	27	0	0	0	0	1139
1374849621	729728	244	249	0	0	0	0	0	1140	244	247	29	0	0	0	0	1140
1374849622	223337	244	249	0	0	0	0	0	1141	244	249	29	0	0	0	0	1141
1374849622	716919	244	248	0	0	0	0	0	1142	244	249	28	0	0	0	0	1142
1374849623	209409	244	249	0	0	0	0	0	1143	244	248	27	0	0	0	0	1143
1374849623	701074	244	248	0	0	0	0	0	1144	244	249	31	0	0	0	0	1144
1374849624	194709	244	249	148	0	0	0	0	1145	244	248	29	0	0	0	0	1145
1374849624	689040	244	249	0	0	0	0	0	1146	244	248	29	0	0	0	0	1146
1374849625	182762	244	249	0	0	0	0	0	1147	244	248	29	0	0	0	0	1147
1374849625	676069	244	249	0	0	0	0	0	1148	244	248	29	0	0	0	0	1148
1374849626	168531	244	249	0	0	0	0	0	1149	244	249	29	0	0	0	0	1149
1374849626	663225	244	250	0	0	0	0	0	1150	244	247	29	0	0	0	0	1150
1374849627	156746	244	248	0	0	0	0	0	1151	244	248	29	0	0	0	0	1151
1374849627	649297	244	248	0	0	0	0	0	1152	244	248	28	0	0	0	0	1152
1374849628	142801	244	249	0	0	0	0	0	1153	244	247	27	0	0	0	0	1153
1374849628	636515	244	248	0	0	0	0	0	1154	244	249	27	0	0	0	0	1154
1374849629	128982	244	248	0	0	0	0	0	1155	244	249	28	0	0	0	0	1155
1374849629	622416	244	249	0	0	0	0	0	1156	244	248	28	0	0	0	0	1156
1374849630	116080	244	249	0	0	0	0	0	1157	244	247	29	0	0	0	0	1157
1374849630	607732	244	249	0	0	0	0	0	1158	244	247	28	0	0	0	0	1158
1374849631	101067	244	249	0	0	0	0	0	1159	244	248	27	0	0	0	0	1159
1374849631	594475	244	249	0	0	0	0	0	1160	244	249	27	0	0	0	0	1160
1374849632	087297	244	248	0	0	0	0	0	1161	244	247	25	0	0	0	0	1161
1374849632	580748	244	248	0	0	0	0	0	1162	244	249	28	0	0	0	0	1162
1374849633	073251	244	249	0	0	0	0	0	1163	244	248	27	0	0	0	0	1163
1374849633	566863	244	248	0	0	0	0	0	1164	244	247	30	0	0	0	0	1164
1374849634	060315	244	249	0	0	0	0	0	1165	244	247	27	0	0	0	0	1165
1374849634	553834	244	250	0	0	0	0	0	1166	244	247	29	0	0	0	0	1166
1374849635	046335	244	248	0	0	0	0	0	1167	244	249	29	0	0	0	0	1167
1374849635	538835	244	249	0	0	0	0	0	1168	244	249	25	0	0	0	0	1168
1374849636	029482	244	249	0	0	0	0	0	1169	244	247	26	0	0	0	0	1169
1374849636	523045	244	248	0	0	0	0	0	1170	244	247	25	0	0	0	0	1170
1374849637	018696	244	249	0	0	0	0	0	1171	244	249	27	0	0	0	0	1171
1374849637	512201	244	250	0	0	0	0	0	1172	244	249	28	0	0	0	0	1172
1374849638	005644	244	248	0	0	0	0	0	1173	244	247	29	142	0	0	0	1173
1374849638	497125	244	249	0	0	0	0	0	1174	244	247	26	0	0	0	0	1174
1374849638	989928	244	250	0	0	0	0	0	1175	244	248	27	0	0	0	0	1175
1374849639	482218	244	249	0	0	0	0	0	1176	244	249	27	0	0	0	0	1176
1374849639	974854	244	249	0	0	0	0	0	1177	244	247	31	0	0	0	0	1177
1374849640	466494	244	248	0	0	0	0	0	1178	244	248	27	0	0	0	0	1178
1374849640	959980	244	248	0	0	0	0	0	1179	244	249	27	0	0	0	0	1179
1374849641	453627	244	248	0	0	0	0	0	1180	244	249	29	0	0	0	0	1180
1374849641	946237	244	248	0	0	0	0	0	1181	244	248	0	0	0	0	0	1181
1374849642	438698	244	249	0	0	0	0	0	1182	244	248	26	0	0	0	0	1182
1374849642	932133	244	249	0	0	0	0	0	1183	244	247	0	0	0	0	0	1183
1374849643	424731	244	248	0	0	0	0	0	1184	244	249	0	0	0	0	0	1184
1374849643	918319	244	249	0	0	0	0	0	1185	244	247	0	0	0	0	0	1185
1374849644	410723	244	250	0	0	0	0	0	1186	244	248	27	0	0	0	0	1186
1374849644	903509	244	248	0	0	0	0	0	1187	244	249	27	0	0	0	0	1187
1374849645	396152	244	249	0	0	0	0	0	1188	244	249	28	0	0	0	0	1188
1374849645	888664	244	248	0	0	0	0	0	1189	244	249	27	0	0	0	0	1189
1374849646	383341	244	249	0	0	0	0	0	1190	244	248	26	0	0	0	0	1190
1374849646	876921	244	248	0	0	0	0	0	1191	244	249	31	0	0	0	0	1191
1374849647	370310	244	248	0	0	0	0	0	1192	244	247	27	0	0	0	0	1192
1374849647	864044	244	248	0	0	0	0	0	1193	244	248	25	0	0	0	0	1193
1374849648	357366	244	248	0	0	0	0	0	1194	244	249	27	0	0	0	0	1194
1374849648	851080	244	249	0	0	0	0	0	1195	244	249	27	0	0	0	0	1195
1374849649	344467	244	249	0	0	0	0	0	1196	244	248	27	0	0	0	0	1196
1374849649	837164	244	248	0	0	0	0	0	1197	244	247	27	0	0	0	0	1197
1374849650	329669	244	249	0	0	0	0	0	1198	244	249	0	0	0	0	0	1198
1374849650	822223	244	249	0	0	0	0	0	1199	244	247	27	0	0	0	0	1199
1374849651	315741	244	249	0	0	0	0	0	1200	244	249	26	0	0	0	0	1200
1374849651	808412	244	248	0	0	0	0	0	1201	244	249	25	0	0	0	0	1201
1374849652	301869	244	249	0	0	0	0	0	1202	244	248	25	0	0	0	0	1202
1374849652	794289	244	249	0	0	0	0	0	1203	244	247	26	0	0	0	0	1203
1374849653	285889	244	249	0	0	0	0	0	1204	244	249	26	0	0	0	0	1204
1374849653	780537	244	248	0	0	0	0	0	1205	244	248	25	0	0	0	0	1205
1374849654	272984	244	249	0	0	0	0	0	1206	244	248	26	0	0	0	0	1206
1374849654	765606	244	249	0	0	0	0	0	1207	244	247	29	0	0	0	0	1207
1374849655	260025	244	248	0	0	0	0	0	1208	244	248	27	0	0	0	0	1208
1374849655	753687	244	248	0	0	0	0	0	1209	244	249	27	0	0	0	0	1209
1374849656	246229	244	248	0	0	0	0	0	1210	244	248	27	0	0	0	0	1210
1374849656	738741	244	248	0	0	0	0	0	1211	244	247	27	0	0	0	0	1211
1374849657	231447	244	249	0	0	0	0	0	1212	244	249	29	0	0	0	0	1212
1374849657	725706	244	248	0	0	0	0	0	1213	244	248	29	0	0	0	0	1213
1374849658	217479	244	249	0	0	0	0	0	1214	244	247	30	0	0	0	0	1214
1374849658	710886	244	250	0	0	0	0	0	1215	244	247	27	0	0	0	0	1215
1374849659	204315	244	248	0	0	0	0	0	1216	244	248	26	0	0	0	0	1216
1374849659	697920	244	249	0	0	0	0	0	1217	244	249	25	0	0	0	0	1217
1374849660	190463	244	248	0	0	0	0	0	1218	244	247	26	0	0	0	0	1218
1374849660	682087	244	248	0	0	0	0	0	1219	244	249	28	0	0	0	0	1219
1374849661	174633	244	248	0	0	0	0	0	1220	244	249	27	0	0	0	0	1220
1374849661	669046	244	248	0	0	0	0	0	1221	244	247	28	0	0	0	0	1221
1374849662	160734	244	249	0	0	0	0	0	1222	244	247	28	0	0	0	0	1222
1374849662	654327	244	248	0	0	0	0	0	1223	244	248	27	0	0	0	0	1223
1374849663	146738	244	248	0	0	0	0	0	1224	244	249	27	0	0	0	0	1224
1374849663	640405	244	249	0	0	0	0	0	1225	244	249	0	0	0	0	0	1225
1374849664	133857	244	250	42	0	0	0	0	1226	244	249	58	0	0	0	0	1226
1374849664	627442	244	248	64	0	0	0	0	1227	244	247	74	0	0	0	0	1227
1374849665	119855	244	248	57	0	0	0	0	1228	244	248	0	0	0	0	0	1228
1374849665	612555	244	249	49	0	0	0	0	1229	244	248	0	0	0	0	0	1229
1374849666	106156	244	249	53	0	0	0	0	1230	244	247	53	0	0	0	0	1230
1374849666	599803	244	249	57	0	0	0	0	1231	244	249	61	0	0	0	0	1231
1374849667	092421	244	249	56	0	0	0	0	1232	244	249	0	0	0	0	0	1232
1374849667	586027	244	249	52	0	0	0	0	1233	244	248	60	0	0	0	0	1233
1374849668	079191	244	249	52	0	0	0	0	1234	244	248	0	0	0	0	0	1234
1374849668	570864	244	249	36	0	0	0	0	1235	244	249	0	0	0	0	0	1235
1374849669	064482	244	247	26	0	0	0	0	1236	244	248	0	0	0	0	0	1236
1374849669	558175	244	242	18	0	0	0	0	1237	244	249	0	0	0	0	0	1237
1374849670	050682	244	247	18	0	0	0	0	1238	244	249	0	0	0	0	0	1238
1374849670	543460	244	248	20	0	0	0	0	1239	244	248	0	0	0	0	0	1239
1374849671	036745	244	244	18	0	0	0	0	1240	244	249	0	0	0	0	0	1240
1374849671	529323	244	245	19	0	0	0	0	1241	244	248	0	0	0	0	0	1241
1374849672	021110	244	248	21	0	0	0	0	1242	244	248	0	0	0	0	0	1242
1374849672	514446	244	249	33	0	0	0	0	1243	244	249	0	0	0	0	0	1243
1374849673	008329	244	248	57	0	0	0	0	1244	244	249	0	0	0	0	0	1244
1374849673	501626	244	249	43	0	0	0	0	1245	244	247	0	0	0	0	0	1245
1374849673	994440	244	249	0	0	0	0	0	1246	244	249	0	0	0	0	0	1246
1374849674	485872	244	249	28	0	0	0	0	1247	244	249	0	0	0	0	0	1247
1374849674	979372	244	248	23	0	0	0	0	1248	244	247	0	0	0	0	0	1248
1374849675	473016	244	247	21	0	0	0	0	1249	244	249	0	0	0	0	0	1249
1374849675	966551	244	246	21	0	0	0	0	1250	244	247	0	0	0	0	0	1250
1374849676	459135	244	247	22	0	0	0	0	1251	244	247	0	0	0	0	0	1251
1374849676	951613	244	247	22	0	0	0	0	1252	244	249	0	0	0	0	0	1252
1374849677	445104	244	246	21	0	0	0	0	1253	244	249	0	0	0	0	0	1253
1374849677	938501	244	246	21	0	0	0	0	1254	244	248	0	0	0	0	0	1254
1374849678	431246	244	246	21	0	0	0	0	1255	244	248	0	0	0	0	0	1255
1374849678	923726	244	246	21	0	0	0	0	1256	244	249	0	0	0	0	0	1256
1374849679	417192	244	246	21	0	0	0	0	1257	244	249	0	0	0	0	0	1257
1374849679	909848	244	246	21	0	0	0	0	1258	244	248	0	0	0	0	0	1258
1374849680	402356	244	247	21	0	0	0	0	1259	244	249	0	0	0	0	0	1259
1374849680	895759	244	246	21	0	0	0	0	1260	244	248	0	0	0	0	0	1260
1374849681	388227	244	246	21	0	0	0	0	1261	244	248	0	0	0	0	0	1261
1374849681	880792	244	246	21	0	0	0	0	1262	244	249	0	0	0	0	0	1262
1374849682	374381	244	245	21	0	0	0	0	1263	244	248	0	0	0	0	0	1263
1374849682	867999	244	245	21	0	0	0	0	1264	244	249	0	0	0	0	0	1264
1374849683	360474	244	246	21	0	0	0	0	1265	244	248	0	0	0	0	0	1265
1374849683	853022	244	246	22	0	0	0	0	1266	244	249	0	0	0	0	0	1266
1374849684	346537	244	246	21	0	0	0	0	1267	244	248	0	0	0	0	0	1267
1374849684	840120	244	245	21	0	0	0	0	1268	244	247	0	0	0	0	0	1268
1374849685	333539	244	245	21	0	0	0	0	1269	244	248	0	0	0	0	0	1269
1374849685	825274	244	246	21	0	0	0	0	1270	244	247	0	0	0	0	0	1270
1374849686	317818	244	245	21	0	0	0	0	1271	244	247	0	0	0	0	0	1271
1374849686	811220	244	245	20	0	0	0	0	1272	244	248	0	0	0	0	0	1272
1374849687	303727	244	246	20	0	0	0	0	1273	244	247	0	0	0	0	0	1273
1374849687	796237	244	244	21	0	0	0	0	1274	244	248	0	0	0	0	0	1274
1374849688	287806	244	245	21	0	0	0	0	1275	244	248	0	0	0	0	0	1275
1374849688	780429	244	246	21	0	0	0	0	1276	244	249	0	0	0	0	0	1276
1374849689	273896	244	244	21	0	0	0	0	1277	244	248	0	0	0	0	0	1277
1374849689	767625	244	246	20	0	0	0	0	1278	244	248	0	0	0	0	0	1278
1374849690	261103	244	245	22	0	0	0	0	1279	244	249	0	0	0	0	0	1279
1374849690	753476	244	244	22	0	0	0	0	1280	244	249	0	0	0	0	0	1280
1374849691	245163	244	244	22	0	0	0	0	1281	244	249	0	0	0	0	0	1281
1374849691	738995	244	244	22	0	0	0	0	1282	244	249	0	0	0	0	0	1282
1374849692	232519	244	245	22	0	0	0	0	1283	244	248	0	0	0	0	0	1283
1374849692	725075	244	247	21	0	0	0	0	1284	244	249	0	0	0	0	0	1284
1374849693	218585	244	246	21	0	0	0	0	1285	244	249	0	0	0	0	0	1285
1374849693	712117	244	245	21	0	0	0	0	1286	244	249	0	0	0	0	0	1286
1374849694	205578	244	245	21	0	0	0	0	1287	244	249	0	0	0	0	0	1287
1374849694	698155	244	245	21	0	0	0	0	1288	244	248	0	0	0	0	0	1288
1374849695	190858	244	245	21	0	0	0	0	1289	244	249	0	0	0	0	0	1289
1374849695	684508	244	245	21	0	0	0	0	1290	244	248	0	0	0	0	0	1290
1374849696	177032	244	245	21	0	0	0	0	1291	244	249	0	0	0	0	0	1291
1374849696	669447	244	245	21	0	0	0	0	1292	244	249	0	0	0	0	0	1292
1374849697	163059	244	245	21	0	0	0	0	1293	244	248	0	0	0	0	0	1293
1374849697	656493	244	245	22	0	0	0	0	1294	244	249	0	0	0	0	0	1294
1374849698	150158	244	246	21	0	0	0	0	1295	244	248	0	0	0	0	0	1295
1374849698	643829	244	246	21	0	0	0	0	1296	244	248	0	0	0	0	0	1296
1374849699	136267	244	245	20	0	0	0	0	1297	244	247	0	0	0	0	0	1297
1374849699	628853	244	245	22	0	0	0	0	1298	244	249	0	0	0	0	0	1298
1374849700	122372	244	246	22	0	0	0	0	1299	244	248	0	0	0	0	0	1299
1374849700	615937	244	246	22	0	0	0	0	1300	244	249	0	0	0	0	0	1300
1374849701	108414	244	245	21	0	0	0	0	1301	244	249	0	0	0	0	0	1301
1374849701	602067	244	247	21	0	0	0	0	1302	244	249	0	0	0	0	0	1302
1374849702	095717	244	246	21	0	0	0	0	1303	244	248	0	0	0	0	0	1303
1374849702	588983	244	246	21	0	0	0	0	1304	244	249	0	0	0	0	0	1304
1374849703	081715	244	246	21	0	0	0	0	1305	244	248	0	0	0	0	0	1305
1374849703	574145	244	246	21	0	0	0	0	1306	244	249	0	0	0	0	0	1306
1374849704	065718	244	246	22	0	0	0	0	1307	244	249	0	0	0	0	0	1307
1374849704	559323	244	245	21	0	0	0	0	1308	244	249	0	0	0	0	0	1308
1374849705	052899	244	246	22	0	0	0	0	1309	244	247	0	0	0	0	0	1309
1374849705	546246	244	245	21	0	0	0	0	1310	244	248	0	0	0	0	0	1310
1374849706	039024	244	246	22	0	0	0	0	1311	244	249	0	0	0	0	0	1311
1374849706	532519	244	244	21	0	0	0	0	1312	244	248	0	0	0	0	0	1312
1374849707	025938	244	245	22	0	0	0	0	1313	244	248	0	0	0	0	0	1313
1374849707	519486	244	246	22	0	0	0	0	1314	244	248	0	0	0	0	0	1314
1374849708	013111	244	245	21	0	0	0	0	1315	244	247	0	0	0	0	0	1315
1374849708	505622	244	246	21	0	0	0	0	1316	244	249	0	0	0	0	0	1316
1374849708	998054	244	245	21	0	0	0	0	1317	244	249	0	0	0	0	0	1317
1374849709	490703	244	245	20	0	0	0	0	1318	244	249	0	0	0	0	0	1318
1374849709	984163	244	246	21	0	0	0	0	1319	244	247	0	0	0	0	0	1319
1374849710	476790	244	245	20	0	0	0	0	1320	244	248	0	0	0	0	0	1320
1374849710	969344	244	246	21	0	0	0	0	1321	244	249	0	0	0	0	0	1321
1374849711	461868	244	246	22	0	0	0	0	1322	244	247	0	0	0	0	0	1322
1374849711	954332	244	248	32	0	0	0	0	1323	244	247	0	0	0	0	0	1323
1374849712	446068	244	247	36	0	0	0	0	1324	244	247	0	0	0	0	0	1324
1374849712	937351	244	249	40	0	0	0	0	1325	244	247	0	0	0	0	0	1325
1374849713	429942	244	248	40	0	0	0	0	1326	244	249	0	0	0	0	0	1326
1374849713	922523	244	248	41	0	0	0	0	1327	244	249	0	0	0	0	0	1327
1374849714	415994	244	249	40	0	0	0	0	1328	244	247	0	0	0	0	0	1328
1374849714	908598	244	249	39	0	0	0	0	1329	244	249	0	0	0	0	0	1329
1374849715	401298	244	249	40	0	0	0	0	1330	244	249	0	0	0	0	0	1330
1374849715	894723	244	247	41	0	0	0	0	1331	244	249	0	0	0	0	0	1331
1374849716	387276	244	248	40	0	0	0	0	1332	244	247	0	0	0	0	0	1332
1374849716	879784	244	248	41	0	0	0	0	1333	244	247	0	0	0	0	0	1333
1374849717	372350	244	248	41	0	0	0	0	1334	244	249	0	0	0	0	0	1334
1374849717	865832	244	248	35	0	0	0	0	1335	244	248	0	0	0	0	0	1335
1374849718	359661	244	249	34	0	0	0	0	1336	244	247	0	0	0	0	0	1336
1374849718	853000	244	248	34	0	0	0	0	1337	244	247	0	0	0	0	0	1337
1374849719	346751	244	249	33	0	0	0	0	1338	244	249	0	0	0	0	0	1338
1374849719	840174	244	249	40	0	0	0	0	1339	244	248	0	0	0	0	0	1339
1374849720	332645	244	248	40	0	0	0	0	1340	244	249	0	0	0	0	0	1340
1374849720	823367	244	247	33	0	0	0	0	1341	244	248	0	0	0	0	0	1341
1374849721	317000	244	248	32	0	0	0	0	1342	244	248	0	0	0	0	0	1342
1374849721	809590	244	248	41	0	0	0	0	1343	244	248	0	0	0	0	0	1343
1374849722	302144	244	248	32	0	0	0	0	1344	244	249	0	0	0	0	0	1344
1374849722	794529	244	248	32	0	0	0	0	1345	244	249	0	0	0	0	0	1345
1374849723	289155	244	248	42	0	0	0	0	1346	244	248	0	0	0	0	0	1346
1374849723	781606	244	249	33	0	0	0	0	1347	244	248	0	0	0	0	0	1347
1374849724	275188	244	249	43	0	0	0	0	1348	244	249	0	0	0	0	0	1348
1374849724	769942	244	248	42	0	0	0	0	1349	244	248	0	0	0	0	0	1349
1374849725	263384	244	249	42	0	0	0	0	1350	244	248	0	0	0	0	0	1350
1374849725	760762	244	249	42	0	0	0	0	1351	244	249	0	0	0	0	0	1351
1374849726	254399	244	248	45	0	0	0	0	1352	244	249	0	0	0	0	0	1352
1374849726	747033	244	249	40	0	0	0	0	1353	244	248	0	0	0	0	0	1353
1374849727	239473	244	248	34	0	0	0	0	1354	244	248	0	0	0	0	0	1354
1374849727	733069	244	249	35	0	0	0	0	1355	244	247	0	0	0	0	0	1355
1374849728	225714	244	249	41	0	0	0	0	1356	244	248	0	0	0	0	0	1356
1374849728	718208	244	249	41	0	0	0	0	1357	244	249	0	0	0	0	0	1357
1374849729	210845	244	249	40	0	0	0	0	1358	244	249	0	0	0	0	0	1358
1374849729	704256	244	248	37	0	0	0	0	1359	244	247	0	0	0	0	0	1359
1374849730	195914	244	249	39	0	0	0	0	1360	244	248	0	0	0	0	0	1360
1374849730	689423	244	249	38	0	0	0	0	1361	244	249	0	0	0	0	0	1361
1374849731	182034	244	249	42	0	0	0	0	1362	244	249	0	0	0	0	0	1362
1374849731	674534	244	247	38	0	0	0	0	1363	244	247	0	0	0	0	0	1363
1374849732	168004	244	248	41	0	0	0	0	1364	244	249	0	0	0	0	0	1364
1374849732	660437	244	248	38	0	0	0	0	1365	244	247	0	0	0	0	0	1365
1374849733	152264	244	248	42	0	0	0	0	1366	244	248	0	0	0	0	0	1366
1374849733	645801	244	249	34	0	0	0	0	1367	244	248	0	0	0	0	0	1367
1374849734	138283	244	248	44	0	0	0	0	1368	244	248	0	0	0	0	0	1368
1374849734	630975	244	248	44	0	0	0	0	1369	244	247	0	0	0	0	0	1369
1374849735	124426	244	249	34	0	0	0	0	1370	244	249	0	0	0	0	0	1370
1374849735	618081	244	248	34	0	0	0	0	1371	244	247	0	0	0	0	0	1371
1374849736	111468	244	248	34	0	0	0	0	1372	244	249	0	0	0	0	0	1372
1374849736	604995	244	249	40	0	0	0	0	1373	244	248	0	0	0	0	0	1373
1374849737	097487	244	249	34	0	0	0	0	1374	244	249	0	0	0	0	0	1374
1374849737	590069	244	249	33	0	0	0	0	1375	244	249	0	0	0	0	0	1375
1374849738	082884	244	248	33	0	0	0	0	1376	244	248	0	0	0	0	0	1376
1374849738	576394	244	248	33	0	0	0	0	1377	244	247	0	0	0	0	0	1377
1374849739	069923	244	249	34	0	0	0	0	1378	244	249	0	0	0	0	0	1378
1374849739	563719	244	248	47	0	0	0	0	1379	244	247	0	0	0	0	0	1379
1374849740	056974	244	248	33	0	0	0	0	1380	244	247	0	0	0	0	0	1380
1374849740	550489	244	248	41	0	0	0	0	1381	244	248	0	0	0	0	0	1381
1374849741	043862	244	249	41	0	0	0	0	1382	244	248	0	0	0	0	0	1382
1374849741	535465	244	248	40	0	0	0	0	1383	244	249	0	0	0	0	0	1383
1374849742	029040	244	249	45	0	0	0	0	1384	244	247	0	0	0	0	0	1384
1374849742	522660	244	249	43	0	0	0	0	1385	244	249	0	0	0	0	0	1385
1374849743	016172	244	248	44	0	0	0	0	1386	244	249	0	0	0	0	0	1386
1374849743	509517	244	249	42	0	0	0	0	1387	244	249	0	0	0	0	0	1387
1374849744	002202	244	249	43	0	0	0	0	1388	244	249	0	0	0	0	0	1388
1374849744	494733	244	249	44	0	0	0	0	1389	244	247	0	0	0	0	0	1389
1374849744	988309	244	249	86	0	0	0	0	1390	244	248	0	0	0	0	0	1390
1374849745	480914	244	248	89	0	0	0	0	1391	244	247	0	0	0	0	0	1391
1374849745	972337	244	249	85	0	0	0	0	1392	244	247	0	0	0	0	0	1392
1374849746	464017	244	248	34	0	0	0	0	1393	244	248	0	0	0	0	0	1393
1374849746	956419	244	248	42	0	0	0	0	1394	244	249	0	0	0	0	0	1394
1374849747	449948	244	249	44	0	0	0	0	1395	244	249	0	0	0	0	0	1395
1374849747	942571	244	248	35	0	0	0	0	1396	244	249	0	0	0	0	0	1396
1374849748	435131	244	248	34	0	0	0	0	1397	244	247	0	0	0	0	0	1397
1374849748	927808	244	249	43	0	0	0	0	1398	244	249	0	0	0	0	0	1398
1374849749	420146	244	249	34	0	0	0	0	1399	244	249	0	0	0	0	0	1399
1374849749	913775	244	248	37	0	0	0	0	1400	244	247	0	0	0	0	0	1400
1374849750	407196	244	248	36	0	0	0	0	1401	244	249	0	0	0	0	0	1401
1374849750	899736	244	249	46	0	0	0	0	1402	244	248	0	0	0	0	0	1402
1374849751	393211	244	249	40	148	0	0	0	1403	244	249	0	0	0	0	0	1403
1374849751	885723	244	248	42	0	0	0	0	1404	244	248	0	0	0	0	0	1404
1374849752	378440	244	248	42	0	0	0	0	1405	244	248	0	0	0	0	0	1405
1374849752	872113	244	248	33	0	0	0	0	1406	244	248	0	0	0	0	0	1406
1374849753	365450	244	247	33	0	0	0	0	1407	244	247	0	0	0	0	0	1407
1374849753	858038	244	248	42	0	0	0	0	1408	244	249	0	0	0	0	0	1408
1374849754	350803	244	249	42	0	0	0	0	1409	244	248	0	0	0	0	0	1409
1374849754	843305	244	249	42	0	0	0	0	1410	244	248	0	0	0	0	0	1410
1374849755	336883	244	249	41	0	0	0	0	1411	244	247	0	0	0	0	0	1411
1374849755	830398	244	249	42	0	0	0	0	1412	244	249	0	0	0	0	0	1412
1374849756	323938	244	248	42	0	0	0	0	1413	244	249	0	0	0	0	0	1413
1374849756	818495	244	249	35	0	0	0	0	1414	244	247	0	0	0	0	0	1414
1374849757	311045	244	249	43	0	0	0	0	1415	244	249	0	0	0	0	0	1415
1374849757	804559	244	248	41	0	0	0	0	1416	244	249	0	0	0	0	0	1416
1374849758	297081	244	248	43	0	0	0	0	1417	244	249	0	0	0	0	0	1417
1374849758	789756	244	249	42	0	0	0	0	1418	244	249	0	0	0	0	0	1418
1374849759	282433	244	248	43	0	0	0	0	1419	244	249	0	0	0	0	0	1419
1374849759	775973	244	248	43	0	0	0	0	1420	244	249	0	0	0	0	0	1420
1374849760	268589	244	249	44	0	0	0	0	1421	244	249	0	0	0	0	0	1421
1374849760	761983	244	248	44	0	0	0	0	1422	244	248	0	0	0	0	0	1422
1374849761	255431	244	249	43	0	0	0	0	1423	244	248	0	0	0	0	0	1423
1374849761	749164	244	248	40	0	0	0	0	1424	244	248	0	0	0	0	0	1424
1374849762	242847	244	249	43	0	0	0	0	1425	244	248	0	0	0	0	0	1425
1374849762	735368	244	249	42	0	0	0	0	1426	244	249	0	0	0	0	0	1426
1374849763	228700	244	248	35	0	0	0	0	1427	244	248	0	0	0	0	0	1427
1374849763	720349	244	249	85	0	0	0	0	1428	244	249	0	0	0	0	0	1428
1374849764	212785	244	249	34	0	0	0	0	1429	244	248	0	0	0	0	0	1429
1374849764	705337	244	249	34	0	0	0	0	1430	244	248	0	0	0	0	0	1430
1374849765	199004	244	248	34	0	0	0	0	1431	244	248	0	0	0	0	0	1431
1374849765	692670	244	248	41	0	0	0	0	1432	244	249	0	0	0	0	0	1432
1374849766	185147	244	248	44	0	0	0	0	1433	244	247	0	0	0	0	0	1433
1374849766	677403	244	247	34	0	0	0	0	1434	244	249	0	0	0	0	0	1434
1374849767	169140	244	249	43	0	0	0	0	1435	244	249	0	0	0	0	0	1435
1374849767	663685	244	248	41	0	0	0	0	1436	244	248	0	0	0	0	0	1436
1374849768	156186	244	248	43	0	0	0	0	1437	244	248	0	0	0	0	0	1437
1374849768	649743	244	249	40	0	0	0	0	1438	244	248	0	0	0	0	0	1438
1374849769	143398	244	248	35	0	0	0	0	1439	244	248	0	0	0	0	0	1439
1374849769	636969	244	249	32	0	0	0	0	1440	244	247	0	0	0	0	0	1440
1374849770	130546	244	249	40	0	0	0	0	1441	244	248	0	0	0	0	0	1441
1374849770	624150	244	248	41	0	0	0	0	1442	244	249	0	0	0	0	0	1442
1374849771	116671	244	248	34	0	0	0	0	1443	244	249	0	0	0	0	0	1443
1374849771	609211	244	249	40	0	0	0	0	1444	244	249	0	0	0	0	0	1444
1374849772	101735	244	249	41	0	0	0	0	1445	244	249	0	0	0	0	0	1445
1374849772	594211	244	248	37	0	0	0	0	1446	244	249	0	0	0	0	0	1446
1374849773	085907	244	248	44	0	0	0	0	1447	244	247	0	0	0	0	0	1447
1374849773	579330	244	248	43	0	0	0	0	1448	244	249	0	0	0	0	0	1448
1374849774	071863	244	248	43	0	0	0	0	1449	244	248	0	0	0	0	0	1449
1374849774	563592	244	249	43	0	0	0	0	1450	244	249	0	0	0	0	0	1450
1374849775	057240	244	249	38	0	0	0	0	1451	244	248	0	0	0	0	0	1451
1374849775	549789	244	248	39	0	0	0	0	1452	244	248	0	0	0	0	0	1452
1374849776	043088	244	248	37	0	0	0	0	1453	244	249	0	0	0	0	0	1453
1374849776	536857	244	247	41	0	0	0	0	1454	244	247	0	0	0	0	0	1454
1374849777	030278	244	249	42	0	0	0	0	1455	244	248	0	0	0	0	0	1455
1374849777	523813	244	249	42	0	0	0	0	1456	244	249	0	0	0	0	0	1456
1374849778	017603	244	248	39	0	0	0	0	1457	244	248	0	0	0	0	0	1457
1374849778	509933	244	249	41	0	0	0	0	1458	244	249	0	0	0	0	0	1458
1374849779	003589	244	248	40	0	0	0	0	1459	244	247	0	0	0	0	0	1459
1374849779	496273	244	249	42	0	0	0	0	1460	244	249	0	0	0	0	0	1460
1374849779	989678	244	247	43	0	0	0	0	1461	244	248	0	0	0	0	0	1461
1374849780	482246	244	248	43	0	0	0	0	1462	244	248	0	0	0	0	0	1462
1374849780	975875	244	248	41	0	0	0	0	1463	244	247	0	0	0	0	0	1463
1374849781	469367	244	249	42	0	0	0	0	1464	244	248	0	0	0	0	0	1464
