1374139542	545471	244	247	0	0	0	0	0	1	244	246	0	0	0	0	0	0
1374139543	038014	244	248	83	0	0	0	0	2	244	246	0	0	0	0	0	1
1374139543	531333	244	248	83	0	0	0	0	3	244	246	0	0	0	0	0	2
1374139544	023490	244	246	83	0	0	0	0	4	244	246	0	0	0	0	0	3
1374139544	516709	244	245	81	0	0	0	0	5	244	245	0	0	0	0	0	4
1374139545	010142	244	246	87	0	0	0	0	6	244	225	0	0	0	0	0	5
1374139545	503383	244	240	0	0	0	0	0	7	244	240	0	0	0	0	0	6
1374139545	996916	244	205	122	0	0	0	0	8	244	246	91	0	0	0	0	7
1374139546	491002	244	245	54	0	0	0	0	9	244	246	0	0	0	0	0	8
1374139546	983203	244	246	43	0	0	0	0	10	244	236	92	0	0	0	0	9
1374139547	475398	244	246	84	0	0	0	0	11	244	245	66	0	0	0	0	10
1374139547	968888	244	247	77	0	0	0	0	12	244	247	89	0	0	0	0	11
1374139548	463171	244	248	89	0	0	0	0	13	244	247	72	0	0	0	0	12
1374139548	956429	244	248	84	0	0	0	0	14	244	246	100	0	0	0	0	13
1374139549	449869	244	248	67	0	0	0	0	15	244	247	88	0	0	0	0	14
1374139549	942909	244	247	64	0	0	0	0	16	244	247	80	0	0	0	0	15
1374139550	437272	244	246	0	0	0	0	0	17	244	247	84	0	0	0	0	16
1374139550	929503	244	247	59	0	0	0	0	18	244	247	86	0	0	0	0	17
1374139551	422628	244	247	63	0	0	0	0	19	244	247	77	0	0	0	0	18
1374139551	915877	244	246	77	0	0	0	0	20	244	247	82	0	0	0	0	19
1374139552	409267	244	246	77	0	0	0	0	21	244	247	76	0	0	0	0	20
1374139552	902653	244	247	78	0	0	0	0	22	244	247	0	0	0	0	0	21
1374139553	395929	244	248	78	0	0	0	0	23	244	247	76	0	0	0	0	22
1374139553	889176	244	248	78	0	0	0	0	24	244	247	83	0	0	0	0	23
1374139554	382469	244	247	87	0	0	0	0	25	244	247	81	0	0	0	0	24
1374139554	875632	244	248	80	0	0	0	0	26	244	247	0	0	0	0	0	25
1374139555	369909	244	247	0	0	0	0	0	27	244	247	91	0	0	0	0	26
1374139555	863040	244	247	0	0	0	0	0	28	244	247	0	0	0	0	0	27
1374139556	356474	244	246	0	0	0	0	0	29	244	247	84	0	0	0	0	28
1374139556	849592	244	246	78	0	0	0	0	30	244	247	82	0	0	0	0	29
1374139557	342655	244	248	88	0	0	0	0	31	244	247	82	0	0	0	0	30
1374139557	835877	244	247	86	0	0	0	0	32	244	247	0	0	0	0	0	31
1374139558	328502	244	246	78	0	0	0	0	33	244	247	85	0	0	0	0	32
1374139558	821629	244	248	79	0	0	0	0	34	244	247	0	0	0	0	0	33
1374139559	314939	244	248	78	0	0	0	0	35	244	247	0	0	0	0	0	34
1374139559	806203	244	246	74	0	0	0	0	36	244	247	85	0	0	0	0	35
1374139560	299633	244	247	77	0	0	0	0	37	244	247	80	0	0	0	0	36
1374139560	792826	244	248	77	0	0	0	0	38	244	247	0	0	0	0	0	37
1374139561	286317	244	247	0	0	0	0	0	39	244	247	82	0	0	0	0	38
1374139561	778223	244	247	78	0	0	0	0	40	244	247	82	0	0	0	0	39
1374139562	269737	244	246	78	0	0	0	0	41	244	247	82	0	0	0	0	40
1374139562	762083	244	248	0	0	0	0	0	42	244	247	85	0	0	0	0	41
1374139563	255567	244	248	79	0	0	0	0	43	244	247	0	0	0	0	0	42
1374139563	748956	244	248	78	0	0	0	0	44	244	247	85	0	0	0	0	43
1374139564	242050	244	247	79	0	0	0	0	45	244	248	84	0	0	0	0	44
1374139564	735274	244	247	82	0	0	0	0	46	244	247	0	0	0	0	0	45
1374139565	227540	244	247	86	0	0	0	0	47	244	247	86	0	0	0	0	46
1374139565	718852	244	246	80	0	0	0	0	48	244	247	84	0	0	0	0	47
1374139566	212419	244	247	89	0	0	0	0	49	244	247	84	0	0	0	0	48
1374139566	705585	244	248	81	0	0	0	0	50	244	247	84	0	0	0	0	49
1374139567	198696	244	247	79	0	0	0	0	51	244	247	84	0	0	0	0	50
1374139567	691881	244	246	82	0	0	0	0	52	244	247	0	0	0	0	0	51
1374139568	185518	244	248	78	0	0	0	0	53	244	247	81	0	0	0	0	52
1374139568	679608	244	247	77	0	0	0	0	54	244	247	83	0	0	0	0	53
1374139569	173104	244	247	79	0	0	0	0	55	244	247	82	0	0	0	0	54
1374139569	666361	244	247	0	0	0	0	0	56	244	247	0	0	0	0	0	55
1374139570	159528	244	246	78	0	0	0	0	57	244	247	80	0	0	0	0	56
1374139570	652858	244	247	74	0	0	0	0	58	244	247	82	0	0	0	0	57
1374139571	147130	244	246	79	0	0	0	0	59	244	247	0	0	0	0	0	58
1374139571	640352	244	247	84	0	0	0	0	60	244	247	0	0	0	0	0	59
1374139572	133571	244	248	73	0	0	0	0	61	244	247	78	0	0	0	0	60
1374139572	626770	244	247	77	0	0	0	0	62	244	247	0	0	0	0	0	61
1374139573	119171	244	248	79	0	0	0	0	63	244	247	0	0	0	0	0	62
1374139573	612581	244	248	77	0	0	0	0	64	244	247	0	0	0	0	0	63
1374139574	104615	244	247	0	0	0	0	0	65	244	247	74	0	0	0	0	64
1374139574	597904	244	248	0	0	0	0	0	66	244	247	82	0	0	0	0	65
1374139575	090300	244	246	0	0	0	0	0	67	244	247	0	0	0	0	0	66
1374139575	584604	244	247	78	0	0	0	0	68	244	247	84	0	0	0	0	67
1374139576	077780	244	246	0	0	0	0	0	69	244	247	80	0	0	0	0	68
1374139576	571107	244	246	0	0	0	0	0	70	244	247	84	0	0	0	0	69
1374139577	064407	244	248	81	0	0	0	0	71	244	247	82	0	0	0	0	70
1374139577	557813	244	249	84	0	0	0	0	72	244	247	73	0	0	0	0	71
1374139578	051338	244	247	0	0	0	0	0	73	244	247	74	0	0	0	0	72
1374139578	544599	244	247	83	0	0	0	0	74	244	247	0	0	0	0	0	73
1374139579	037804	244	248	0	0	0	0	0	75	244	247	0	0	0	0	0	74
1374139579	531933	244	246	82	0	0	0	0	76	244	247	0	0	0	0	0	75
1374139580	026295	244	247	0	0	0	0	0	77	244	247	0	0	0	0	0	76
1374139580	517456	244	246	0	0	0	0	0	78	244	247	84	0	0	0	0	77
1374139581	009713	244	247	79	0	0	0	0	79	244	247	83	0	0	0	0	78
1374139581	502189	244	247	0	0	0	0	0	80	244	247	83	0	0	0	0	79
1374139581	996728	244	249	0	0	0	0	0	81	244	247	83	0	0	0	0	80
1374139582	489531	244	248	79	0	0	0	0	82	244	247	82	0	0	0	0	81
1374139582	982023	244	248	76	0	0	0	0	83	244	247	0	0	0	0	0	82
1374139583	475151	244	247	78	0	0	0	0	84	244	247	79	0	0	0	0	83
1374139583	967551	244	248	72	0	0	0	0	85	244	247	88	0	0	0	0	84
1374139584	460557	244	247	73	0	0	0	0	86	244	247	80	0	0	0	0	85
1374139584	952911	244	246	71	0	0	0	0	87	244	247	0	0	0	0	0	86
1374139585	445002	244	246	73	0	0	0	0	88	244	247	0	0	0	0	0	87
1374139585	938414	244	248	77	0	0	0	0	89	244	247	0	0	0	0	0	88
1374139586	431658	244	247	76	0	0	0	0	90	244	247	0	0	0	0	0	89
1374139586	925024	244	247	0	0	0	0	0	91	244	247	0	0	0	0	0	90
1374139587	419130	244	247	71	0	0	0	0	92	244	247	85	0	0	0	0	91
1374139587	911727	244	247	78	0	0	0	0	93	244	247	0	0	0	0	0	92
1374139588	404950	244	247	77	0	0	0	0	94	244	247	0	0	0	0	0	93
1374139588	898273	244	248	63	0	0	0	0	95	244	247	86	0	0	0	0	94
1374139589	391347	244	246	63	0	0	0	0	96	244	247	82	0	0	0	0	95
1374139589	884622	244	246	63	0	0	0	0	97	244	247	0	0	0	0	0	96
1374139590	377971	244	247	63	0	0	0	0	98	244	247	86	0	0	0	0	97
1374139590	871269	244	248	63	0	0	0	0	99	244	247	87	0	0	0	0	98
1374139591	363523	244	248	71	0	0	0	0	100	244	247	0	0	0	0	0	99
1374139591	856844	244	248	64	0	0	0	0	101	244	247	0	0	0	0	0	100
1374139592	351100	244	248	66	0	0	0	0	102	244	247	86	0	0	0	0	101
1374139592	843243	244	247	64	0	0	0	0	103	244	247	0	0	0	0	0	102
1374139593	334752	244	248	63	0	0	0	0	104	244	247	0	0	0	0	0	103
1374139593	827994	244	246	72	0	0	0	0	105	244	247	85	0	0	0	0	104
1374139594	321320	244	247	64	0	0	0	0	106	244	247	0	0	0	0	0	105
1374139594	814615	244	247	63	0	0	0	0	107	244	247	86	0	0	0	0	106
1374139595	307729	244	247	63	0	0	0	0	108	244	247	92	0	0	0	0	107
1374139595	800190	244	249	63	0	0	0	0	109	244	247	98	0	0	0	0	108
1374139596	293415	244	246	63	0	0	0	0	110	244	247	0	0	0	0	0	109
1374139596	786593	244	247	63	0	0	0	0	111	244	247	0	0	0	0	0	110
1374139597	280925	244	247	63	0	0	0	0	112	244	247	0	0	0	0	0	111
1374139597	773114	244	247	63	0	0	0	0	113	244	247	0	0	0	0	0	112
1374139598	265405	244	247	63	0	0	0	0	114	244	247	86	0	0	0	0	113
1374139598	758807	244	248	63	0	0	0	0	115	244	247	83	0	0	0	0	114
1374139599	252068	244	248	64	0	0	0	0	116	244	247	0	0	0	0	0	115
1374139599	742490	244	247	74	0	0	0	0	117	244	247	0	0	0	0	0	116
1374139600	235670	244	248	74	0	0	0	0	118	244	247	0	0	0	0	0	117
1374139600	727934	244	246	73	0	0	0	0	119	244	247	0	0	0	0	0	118
1374139601	221431	244	247	62	0	0	0	0	120	244	247	0	0	0	0	0	119
1374139601	714515	244	246	63	0	0	0	0	121	244	247	0	0	0	0	0	120
1374139602	206953	244	246	70	0	0	0	0	122	244	247	0	0	0	0	0	121
1374139602	700013	244	246	66	0	0	0	0	123	244	247	84	0	0	0	0	122
1374139603	192726	244	247	65	0	0	0	0	124	244	247	0	0	0	0	0	123
1374139603	686062	244	247	62	0	0	0	0	125	244	247	0	0	0	0	0	124
1374139604	179274	244	247	63	0	0	0	0	126	244	247	0	0	0	0	0	125
1374139604	672647	244	248	62	0	0	0	0	127	244	247	0	0	0	0	0	126
1374139605	164636	244	247	63	0	0	0	0	128	244	247	84	0	0	0	0	127
1374139605	656969	244	248	62	0	0	0	0	129	244	247	81	0	0	0	0	128
1374139606	150276	244	247	62	0	0	0	0	130	244	247	80	0	0	0	0	129
1374139606	642591	244	247	62	0	0	0	0	131	244	247	0	0	0	0	0	130
1374139607	135613	244	247	62	0	0	0	0	132	244	247	0	0	0	0	0	131
1374139607	628914	244	247	63	0	0	0	0	133	244	247	83	0	0	0	0	132
1374139608	121482	244	248	63	0	0	0	0	134	244	247	82	0	0	0	0	133
1374139608	614664	244	247	63	0	0	0	0	135	244	247	82	0	0	0	0	134
1374139609	108020	244	247	62	0	0	0	0	136	244	247	81	0	0	0	0	135
1374139609	601269	244	247	65	0	0	0	0	137	244	247	81	0	0	0	0	136
1374139610	093556	244	248	63	0	0	0	0	138	244	247	0	0	0	0	0	137
1374139610	586703	244	247	62	0	0	0	0	139	244	247	86	0	0	0	0	138
1374139611	079852	244	248	59	0	0	0	0	140	244	247	76	0	0	0	0	139
1374139611	570420	244	246	54	0	0	0	0	141	244	246	0	0	0	0	0	140
1374139612	062468	244	247	47	0	0	0	0	142	244	245	51	0	0	0	0	141
1374139612	555729	244	248	42	0	0	0	0	143	244	245	49	0	0	0	0	142
1374139613	049294	244	246	46	0	0	0	0	144	244	245	49	0	0	0	0	143
1374139613	541324	244	246	42	0	0	0	0	145	244	245	0	0	0	0	0	144
1374139614	033666	244	247	43	0	0	0	0	146	244	245	45	0	0	0	0	145
1374139614	526020	244	248	43	0	0	0	0	147	244	245	46	0	0	0	0	146
1374139615	019182	244	246	43	0	0	0	0	148	244	245	0	0	0	0	0	147
1374139615	512600	244	247	43	0	0	0	0	149	244	245	47	0	0	0	0	148
1374139616	005817	244	247	44	0	0	0	0	150	244	245	46	0	0	0	0	149
1374139616	497983	244	246	44	0	0	0	0	151	244	245	0	0	0	0	0	150
1374139616	989292	244	246	44	0	0	0	0	152	244	244	49	128	0	0	0	151
1374139617	480645	244	247	43	0	0	0	0	153	244	245	46	0	0	0	0	152
1374139617	973955	244	248	43	0	0	0	0	154	244	245	45	0	0	0	0	153
1374139618	467278	244	246	45	0	0	0	0	155	244	245	49	0	0	0	0	154
1374139618	958710	244	247	45	0	0	0	0	156	244	244	47	0	0	0	0	155
1374139619	452010	244	248	42	0	0	0	0	157	244	242	49	0	0	0	0	156
1374139619	944249	244	248	36	0	0	0	0	158	244	245	56	0	0	0	0	157
1374139620	438442	244	248	43	0	0	0	0	159	244	245	53	0	0	0	0	158
1374139620	932697	244	247	39	0	0	0	0	160	244	245	50	0	0	0	0	159
1374139621	426331	244	248	53	0	0	0	0	161	244	245	61	0	0	0	0	160
1374139621	919359	244	248	36	0	0	0	0	162	244	245	0	0	0	0	0	161
1374139622	412643	244	248	37	0	0	0	0	163	244	245	49	0	0	0	0	162
1374139622	905216	244	247	40	0	0	0	0	164	244	245	49	0	0	0	0	163
1374139623	398806	244	246	44	0	0	0	0	165	244	245	0	0	0	0	0	164
1374139623	892125	244	246	36	0	0	0	0	166	244	245	0	0	0	0	0	165
1374139624	385483	244	248	35	0	0	0	0	167	244	245	0	0	0	0	0	166
1374139624	877762	244	247	35	0	0	0	0	168	244	245	0	0	0	0	0	167
1374139625	371095	244	248	35	0	0	0	0	169	244	245	0	0	0	0	0	168
1374139625	864565	244	249	35	0	0	0	0	170	244	245	59	0	0	0	0	169
1374139626	355822	244	247	35	0	0	0	0	171	244	245	53	0	0	0	0	170
1374139626	848157	244	248	36	0	0	0	0	172	244	245	51	0	0	0	0	171
1374139627	341457	244	248	45	0	0	0	0	173	244	245	50	0	0	0	0	172
1374139627	834788	244	247	42	0	0	0	0	174	244	245	0	0	0	0	0	173
1374139628	325450	244	247	0	0	0	0	0	175	244	245	51	0	0	0	0	174
1374139628	817962	244	247	62	0	0	0	0	176	244	245	51	0	0	0	0	175
1374139629	310303	244	248	0	0	0	0	0	177	244	245	52	0	0	0	0	176
1374139629	803226	244	246	37	0	0	0	0	178	244	245	51	0	0	0	0	177
1374139630	296703	244	248	46	0	0	0	0	179	244	245	51	0	0	0	0	178
1374139630	789925	244	248	37	0	0	0	0	180	244	245	51	0	0	0	0	179
1374139631	283196	244	248	56	0	0	0	0	181	244	245	52	0	0	0	0	180
1374139631	776476	244	248	38	0	0	0	0	182	244	245	53	0	0	0	0	181
1374139632	269850	244	248	38	0	0	0	0	183	244	245	0	0	0	0	0	182
1374139632	762023	244	248	56	0	0	0	0	184	244	245	0	0	0	0	0	183
1374139633	253486	244	248	0	0	0	0	0	185	244	245	62	0	0	0	0	184
1374139633	747813	244	246	46	0	0	0	0	186	244	245	0	0	0	0	0	185
1374139634	240355	244	247	45	0	0	0	0	187	244	245	0	0	0	0	0	186
1374139634	733385	244	247	38	0	0	0	0	188	244	245	56	0	0	0	0	187
1374139635	226671	244	247	38	0	0	0	0	189	244	245	51	0	0	0	0	188
1374139635	719816	244	248	38	0	0	0	0	190	244	245	51	0	0	0	0	189
1374139636	212206	244	248	38	0	0	0	0	191	244	245	51	0	0	0	0	190
1374139636	705336	244	248	37	0	0	0	0	192	244	245	50	0	0	0	0	191
1374139637	198811	244	248	48	0	0	0	0	193	244	245	51	0	0	0	0	192
1374139637	691933	244	247	38	0	0	0	0	194	244	245	0	0	0	0	0	193
1374139638	186475	244	247	0	0	0	0	0	195	244	245	0	0	0	0	0	194
1374139638	679700	244	246	0	0	0	0	0	196	244	245	0	0	0	0	0	195
1374139639	173018	244	247	0	0	0	0	0	197	244	245	0	0	0	0	0	196
1374139639	666246	244	247	48	0	0	0	0	198	244	245	56	0	0	0	0	197
1374139640	159581	244	248	56	0	0	0	0	199	244	245	55	0	0	0	0	198
1374139640	652890	244	248	32	0	0	0	0	200	244	245	55	0	0	0	0	199
1374139641	146176	244	246	34	0	0	0	0	201	244	245	52	0	0	0	0	200
1374139641	639327	244	247	33	0	0	0	0	202	244	245	51	0	0	0	0	201
1374139642	132624	244	247	58	0	0	0	0	203	244	245	51	0	0	0	0	202
1374139642	626829	244	246	48	0	0	0	0	204	244	245	64	0	0	0	0	203
1374139643	120359	244	248	55	0	0	0	0	205	244	246	65	0	0	0	0	204
1374139643	613640	244	248	58	0	0	0	0	206	244	245	53	0	0	0	0	205
1374139644	107008	244	248	48	0	0	0	0	207	244	245	51	0	0	0	0	206
1374139644	599275	244	248	33	0	0	0	0	208	244	246	51	0	0	0	0	207
1374139645	092590	244	246	0	0	0	0	0	209	244	245	51	0	0	0	0	208
1374139645	585807	244	247	36	0	0	0	0	210	244	245	49	0	0	0	0	209
1374139646	078961	244	248	35	0	0	0	0	211	244	245	51	0	0	0	0	210
1374139646	572274	244	246	36	0	0	0	0	212	244	245	50	0	0	0	0	211
1374139647	064624	244	246	35	0	0	0	0	213	244	245	51	0	0	0	0	212
1374139647	557984	244	248	36	0	0	0	0	214	244	245	50	0	0	0	0	213
1374139648	051605	244	248	36	0	0	0	0	215	244	245	51	0	0	0	0	214
1374139648	544774	244	248	36	0	0	0	0	216	244	245	50	0	0	0	0	215
1374139649	037994	244	246	36	0	0	0	0	217	244	245	50	0	0	0	0	216
1374139649	530455	244	248	35	0	0	0	0	218	244	246	50	0	0	0	0	217
1374139650	022793	244	248	46	0	0	0	0	219	244	245	51	0	0	0	0	218
1374139650	516015	244	248	36	0	0	0	0	220	244	245	50	0	0	0	0	219
1374139651	008484	244	247	36	0	0	0	0	221	244	245	52	0	0	0	0	220
1374139651	501811	244	246	36	0	0	0	0	222	244	244	52	0	0	0	0	221
1374139651	994296	244	248	35	0	0	0	0	223	244	243	51	0	0	0	0	222
1374139652	487711	244	247	36	0	0	0	0	224	244	241	53	0	0	0	0	223
1374139652	981372	244	246	36	0	0	0	0	225	244	239	53	0	0	0	0	224
1374139653	474681	244	246	34	0	0	0	0	226	244	238	52	0	0	0	0	225
1374139653	968729	244	247	33	0	0	0	0	227	244	237	49	0	0	0	0	226
1374139654	462012	244	248	34	0	0	0	0	228	244	236	49	0	0	0	0	227
1374139654	955212	244	246	34	0	0	0	0	229	244	236	0	0	0	0	0	228
1374139655	447712	244	246	34	0	0	0	0	230	244	236	61	0	0	0	0	229
1374139655	940878	244	247	34	0	0	0	0	231	244	236	49	0	0	0	0	230
1374139656	432913	244	246	34	0	0	0	0	232	244	236	50	0	0	0	0	231
1374139656	924398	244	247	34	0	0	0	0	233	244	236	0	0	0	0	0	232
1374139657	418576	244	247	34	0	0	0	0	234	244	236	49	0	0	0	0	233
1374139657	911950	244	246	34	0	0	0	0	235	244	236	50	0	0	0	0	234
1374139658	404342	244	248	34	0	0	0	0	236	244	236	50	0	0	0	0	235
1374139658	896806	244	248	34	0	0	0	0	237	244	236	50	0	0	0	0	236
1374139659	389838	244	247	34	0	0	0	0	238	244	236	51	0	0	0	0	237
1374139659	883055	244	248	34	0	0	0	0	239	244	237	51	0	0	0	0	238
1374139660	376260	244	247	34	0	0	0	0	240	244	237	49	0	0	0	0	239
1374139660	868463	244	247	34	0	0	0	0	241	244	237	50	0	0	0	0	240
1374139661	361630	244	248	34	0	0	0	0	242	244	236	50	0	0	0	0	241
1374139661	855160	244	248	35	0	0	0	0	243	244	237	51	0	0	0	0	242
1374139662	348168	244	247	45	0	0	0	0	244	244	232	55	0	0	0	0	243
1374139662	840678	244	247	33	0	0	0	0	245	244	224	0	0	0	0	0	244
1374139663	333913	244	248	33	0	0	0	0	246	244	227	0	0	0	0	0	245
1374139663	827320	244	248	0	0	0	0	0	247	244	225	51	0	0	0	0	246
1374139664	319445	244	248	34	0	0	0	0	248	244	224	61	0	0	0	0	247
1374139664	813807	244	246	34	0	0	0	0	249	244	222	0	0	0	0	0	248
1374139665	306879	244	246	0	0	0	0	0	250	244	224	51	0	0	0	0	249
1374139665	800123	244	248	32	0	0	0	0	251	244	228	0	0	0	0	0	250
1374139666	292512	244	248	33	0	0	0	0	252	244	226	56	0	0	0	0	251
1374139666	785815	244	247	30	0	0	0	0	253	244	229	47	0	0	0	0	252
1374139667	278046	244	246	35	0	0	0	0	254	244	230	45	0	0	0	0	253
1374139667	770301	244	247	0	0	0	0	0	255	244	230	49	0	0	0	0	254
1374139668	261010	244	248	41	0	0	0	0	256	244	234	52	195	0	0	0	255
1374139668	753115	244	246	32	0	0	0	0	257	244	231	0	0	0	0	0	256
1374139669	245493	244	246	32	0	0	0	0	258	244	233	51	0	0	0	0	257
1374139669	738786	244	246	34	0	0	0	0	259	244	234	50	0	0	0	0	258
1374139670	232209	244	247	33	0	0	0	0	260	244	233	52	0	0	0	0	259
1374139670	725111	244	247	34	0	0	0	0	261	244	234	53	0	0	0	0	260
1374139671	219369	244	246	34	0	0	0	0	262	244	233	52	0	0	0	0	261
1374139671	711715	244	247	36	0	0	0	0	263	244	233	52	0	0	0	0	262
1374139672	205065	244	248	40	0	0	0	0	264	244	232	54	0	0	0	0	263
1374139672	697187	244	246	59	0	0	0	0	265	244	238	60	0	0	0	0	264
1374139673	190622	244	246	66	0	0	0	0	266	244	245	64	0	0	0	0	265
1374139673	683896	244	248	65	0	0	0	0	267	244	246	75	0	0	0	0	266
1374139674	176350	244	247	62	0	0	0	0	268	244	246	70	0	0	0	0	267
1374139674	669508	244	248	67	0	0	0	0	269	244	246	46	0	0	0	0	268
1374139675	161987	244	248	56	0	0	0	0	270	244	245	0	0	0	0	0	269
1374139675	655089	244	248	63	0	0	0	0	271	244	239	52	0	0	0	0	270
1374139676	147205	244	247	56	0	0	0	0	272	244	234	39	0	0	0	0	271
1374139676	639544	244	248	57	0	0	0	0	273	244	232	56	0	0	0	0	272
1374139677	132879	244	247	64	0	0	0	0	274	244	234	39	0	0	0	0	273
1374139677	626076	244	246	57	0	0	0	0	275	244	237	39	0	0	0	0	274
1374139678	118449	244	248	0	0	0	0	0	276	244	239	41	0	0	0	0	275
1374139678	610917	244	246	59	0	0	0	0	277	244	240	40	0	0	0	0	276
1374139679	104062	244	248	58	0	0	0	0	278	244	240	40	0	0	0	0	277
1374139679	597246	244	247	56	0	0	0	0	279	244	239	40	0	0	0	0	278
1374139680	090401	244	247	56	0	0	0	0	280	244	240	39	0	0	0	0	279
1374139680	584047	244	247	57	0	0	0	0	281	244	240	39	0	0	0	0	280
1374139681	077115	244	249	57	0	0	0	0	282	244	241	39	0	0	0	0	281
1374139681	570403	244	247	57	0	0	0	0	283	244	241	38	0	0	0	0	282
1374139682	062933	244	248	0	0	0	0	0	284	244	241	39	0	0	0	0	283
1374139682	556161	244	248	64	0	0	0	0	285	244	240	39	0	0	0	0	284
1374139683	049893	244	248	56	0	0	0	0	286	244	236	40	0	0	0	0	285
1374139683	544125	244	247	57	0	0	0	0	287	244	240	40	0	0	0	0	286
1374139684	037567	244	247	56	0	0	0	0	288	244	243	40	0	0	0	0	287
1374139684	530852	244	248	57	0	0	0	0	289	244	243	0	0	0	0	0	288
1374139685	022869	244	247	56	0	0	0	0	290	244	243	75	0	0	0	0	289
1374139685	515398	244	247	56	0	0	0	0	291	244	243	75	0	0	0	0	290
1374139686	007888	244	248	56	0	0	0	0	292	244	244	75	0	0	0	0	291
1374139686	499207	244	248	56	0	0	0	0	293	244	244	75	0	0	0	0	292
1374139686	989947	244	247	55	0	0	0	0	294	244	244	74	0	0	0	0	293
1374139687	481409	244	248	69	0	0	0	0	295	244	245	75	0	0	0	0	294
1374139687	974935	244	248	0	0	0	0	0	296	244	245	43	0	0	0	0	295
1374139688	467408	244	246	0	0	0	0	0	297	244	245	74	0	0	0	0	296
1374139688	960784	244	247	55	0	0	0	0	298	244	245	63	0	0	0	0	297
1374139689	452780	244	247	56	0	0	0	0	299	244	245	63	0	0	0	0	298
1374139689	944107	244	248	55	0	0	0	0	300	244	246	63	0	0	0	0	299
1374139690	437319	244	248	56	0	0	0	0	301	244	245	40	0	0	0	0	300
1374139690	930788	244	247	59	0	0	0	0	302	244	245	76	0	0	0	0	301
1374139691	423897	244	246	0	0	0	0	0	303	244	245	75	0	0	0	0	302
1374139691	916253	244	247	65	0	0	0	0	304	244	245	76	0	0	0	0	303
1374139692	409442	244	248	57	0	0	0	0	305	244	245	40	0	0	0	0	304
1374139692	901843	244	248	58	0	0	0	0	306	244	245	40	0	0	0	0	305
1374139693	395156	244	247	0	0	0	0	0	307	244	245	40	0	0	0	0	306
1374139693	886449	244	248	56	0	0	0	0	308	244	245	40	0	0	0	0	307
1374139694	379889	244	246	55	0	0	0	0	309	244	244	40	0	0	0	0	308
1374139694	872989	244	248	55	0	0	0	0	310	244	243	76	0	0	0	0	309
1374139695	366149	244	248	55	0	0	0	0	311	244	242	41	0	0	0	0	310
1374139695	857504	244	247	57	0	0	0	0	312	244	245	47	0	0	0	0	311
1374139696	350745	244	247	0	0	0	0	0	313	244	245	59	125	0	0	0	312
1374139696	845011	244	247	67	0	0	0	0	314	244	245	45	0	0	0	0	313
1374139697	339332	244	247	67	0	0	0	0	315	244	245	48	0	0	0	0	314
1374139697	830708	244	248	0	0	0	0	0	316	244	245	47	0	0	0	0	315
1374139698	323096	244	247	0	0	0	0	0	317	244	246	46	120	0	0	0	316
1374139698	816246	244	248	71	0	0	0	0	318	244	245	47	0	0	0	0	317
1374139699	308773	244	247	0	0	0	0	0	319	244	245	47	0	0	0	0	318
1374139699	800918	244	246	0	0	0	0	0	320	244	245	47	0	0	0	0	319
1374139700	295077	244	248	0	0	0	0	0	321	244	245	47	122	0	0	0	320
1374139700	788281	244	247	0	0	0	0	0	322	244	245	47	122	0	0	0	321
1374139701	281732	244	246	0	0	0	0	0	323	244	245	46	121	0	0	0	322
1374139701	775012	244	246	0	0	0	0	0	324	244	245	44	0	0	0	0	323
1374139702	267453	244	246	61	0	0	0	0	325	244	245	44	0	0	0	0	324
1374139702	758657	244	247	60	0	0	0	0	326	244	245	44	0	0	0	0	325
1374139703	251340	244	248	59	0	0	0	0	327	244	245	44	0	0	0	0	326
1374139703	745539	244	247	59	0	0	0	0	328	244	245	44	0	0	0	0	327
1374139704	238771	244	247	59	0	0	0	0	329	244	245	44	123	0	0	0	328
1374139704	732043	244	246	60	0	0	0	0	330	244	245	44	123	0	0	0	329
1374139705	224582	244	248	59	0	0	0	0	331	244	245	44	122	0	0	0	330
1374139705	717732	244	248	59	0	0	0	0	332	244	245	44	0	0	0	0	331
1374139706	211070	244	247	60	0	0	0	0	333	244	245	45	122	0	0	0	332
1374139706	703736	244	248	60	0	0	0	0	334	244	245	45	0	0	0	0	333
1374139707	196113	244	247	59	0	0	0	0	335	244	246	45	0	0	0	0	334
1374139707	689675	244	247	60	0	0	0	0	336	244	245	45	122	0	0	0	335
1374139708	182796	244	247	0	0	0	0	0	337	244	245	44	0	0	0	0	336
1374139708	675166	244	247	69	0	0	0	0	338	244	245	52	0	0	0	0	337
1374139709	166797	244	248	61	0	0	0	0	339	244	245	47	0	0	0	0	338
1374139709	660071	244	248	62	0	0	0	0	340	244	245	48	0	0	0	0	339
1374139710	152389	244	248	64	0	0	0	0	341	244	245	47	0	0	0	0	340
1374139710	644594	244	248	65	0	0	0	0	342	244	245	0	0	0	0	0	341
1374139711	137967	244	248	64	0	0	0	0	343	244	245	52	0	0	0	0	342
1374139711	631139	244	248	58	0	0	0	0	344	244	245	55	0	0	0	0	343
1374139712	121829	244	247	60	0	0	0	0	345	244	245	47	0	0	0	0	344
1374139712	615076	244	247	62	0	0	0	0	346	244	245	51	0	0	0	0	345
1374139713	108437	244	246	60	0	0	0	0	347	244	245	49	0	0	0	0	346
1374139713	601694	244	248	62	0	0	0	0	348	244	245	54	0	0	0	0	347
1374139714	095228	244	248	59	0	0	0	0	349	244	245	51	0	0	0	0	348
1374139714	588561	244	248	61	0	0	0	0	350	244	245	53	0	0	0	0	349
1374139715	081729	244	246	67	0	0	0	0	351	244	245	55	0	0	0	0	350
1374139715	575143	244	248	67	0	0	0	0	352	244	245	55	0	0	0	0	351
1374139716	068386	244	248	64	0	0	0	0	353	244	245	0	0	0	0	0	352
1374139716	560678	244	247	62	0	0	0	0	354	244	245	0	0	0	0	0	353
1374139717	053272	244	247	60	0	0	0	0	355	244	245	0	0	0	0	0	354
1374139717	545442	244	248	61	0	0	0	0	356	244	245	0	0	0	0	0	355
1374139718	038882	244	247	0	0	0	0	0	357	244	245	0	0	0	0	0	356
1374139718	530325	244	248	58	0	0	0	0	358	244	244	49	168	0	0	0	357
1374139719	023720	244	246	0	0	0	0	0	359	244	245	52	0	0	0	0	358
1374139719	516057	244	248	67	0	0	0	0	360	244	245	0	0	0	0	0	359
1374139720	009395	244	246	0	0	0	0	0	361	244	245	51	0	0	0	0	360
1374139720	502677	244	248	58	0	0	0	0	362	244	245	45	0	0	0	0	361
1374139720	995379	244	248	60	0	0	0	0	363	244	245	0	0	0	0	0	362
1374139721	488529	244	248	59	0	0	0	0	364	244	245	49	0	0	0	0	363
1374139721	980808	244	249	58	0	0	0	0	365	244	245	0	0	0	0	0	364
1374139722	472285	244	247	59	0	0	0	0	366	244	245	0	0	0	0	0	365
1374139722	964064	244	248	58	0	0	0	0	367	244	245	0	0	0	0	0	366
1374139723	457537	244	247	58	0	0	0	0	368	244	245	45	0	0	0	0	367
1374139723	950657	244	246	58	0	0	0	0	369	244	245	46	0	0	0	0	368
1374139724	445420	244	248	58	0	0	0	0	370	244	245	46	0	0	0	0	369
1374139724	938806	244	247	59	0	0	0	0	371	244	245	46	0	0	0	0	370
1374139725	432146	244	248	59	0	0	0	0	372	244	245	46	0	0	0	0	371
1374139725	925419	244	246	59	0	0	0	0	373	244	245	46	0	0	0	0	372
1374139726	418606	244	248	60	0	0	0	0	374	244	245	46	0	0	0	0	373
1374139726	910918	244	246	60	0	0	0	0	375	244	245	46	0	0	0	0	374
1374139727	402663	244	248	59	0	0	0	0	376	244	245	47	0	0	0	0	375
1374139727	895902	244	248	58	0	0	0	0	377	244	245	50	0	0	0	0	376
1374139728	389314	244	248	60	0	0	0	0	378	244	245	47	0	0	0	0	377
1374139728	882841	244	248	60	0	0	0	0	379	244	245	55	0	0	0	0	378
1374139729	376116	244	248	0	0	0	0	0	380	244	245	57	0	0	0	0	379
1374139729	868506	244	248	0	0	0	0	0	381	244	245	52	0	0	0	0	380
1374139730	361554	244	248	59	0	0	0	0	382	244	245	56	0	0	0	0	381
1374139730	854971	244	248	62	0	0	0	0	383	244	245	57	0	0	0	0	382
1374139731	348356	244	247	59	0	0	0	0	384	244	245	58	0	0	0	0	383
1374139731	841713	244	247	60	0	0	0	0	385	244	245	0	0	0	0	0	384
1374139732	334885	244	247	60	0	0	0	0	386	244	245	0	0	0	0	0	385
1374139732	827474	244	248	62	0	0	0	0	387	244	245	0	0	0	0	0	386
1374139733	319832	244	247	72	0	0	0	0	388	244	245	47	0	0	0	0	387
1374139733	812357	244	247	65	0	0	0	0	389	244	245	47	0	0	0	0	388
1374139734	305557	244	247	74	0	0	0	0	390	244	245	47	0	0	0	0	389
1374139734	798908	244	249	69	0	0	0	0	391	244	245	47	0	0	0	0	390
1374139735	292495	244	248	67	0	0	0	0	392	244	245	0	0	0	0	0	391
1374139735	785630	244	246	66	0	0	0	0	393	244	245	46	0	0	0	0	392
1374139736	278899	244	247	60	0	0	0	0	394	244	245	58	0	0	0	0	393
1374139736	772030	244	246	0	0	0	0	0	395	244	245	67	0	0	0	0	394
1374139737	265545	244	246	0	0	0	0	0	396	244	245	45	0	0	0	0	395
1374139737	757641	244	248	65	0	0	0	0	397	244	245	45	0	0	0	0	396
1374139738	249155	244	247	0	0	0	0	0	398	244	245	67	0	0	0	0	397
1374139738	742537	244	246	0	0	0	0	0	399	244	245	67	0	0	0	0	398
1374139739	235595	244	248	0	0	0	0	0	400	244	245	67	0	0	0	0	399
1374139739	728670	244	248	0	0	0	0	0	401	244	245	45	0	0	0	0	400
1374139740	219994	244	248	58	0	0	0	0	402	244	245	68	0	0	0	0	401
1374139740	713464	244	247	58	0	0	0	0	403	244	245	67	0	0	0	0	402
1374139741	206530	244	248	59	0	0	0	0	404	244	245	67	0	0	0	0	403
1374139741	698795	244	246	60	0	0	0	0	405	244	245	67	0	0	0	0	404
1374139742	192133	244	247	61	0	0	0	0	406	244	245	67	0	0	0	0	405
1374139742	686596	244	247	58	0	0	0	0	407	244	245	67	0	0	0	0	406
1374139743	178878	244	248	60	0	0	0	0	408	244	245	67	0	0	0	0	407
1374139743	672180	244	247	60	0	0	0	0	409	244	245	67	0	0	0	0	408
1374139744	164696	244	247	72	0	0	0	0	410	244	245	68	0	0	0	0	409
1374139744	658589	244	246	58	0	0	0	0	411	244	244	45	0	0	0	0	410
1374139745	149816	244	248	58	0	0	0	0	412	244	245	69	0	0	0	0	411
1374139745	643329	244	246	59	0	0	0	0	413	244	245	67	0	0	0	0	412
1374139746	136488	244	248	69	0	0	0	0	414	244	245	46	0	0	0	0	413
1374139746	629787	244	248	0	0	0	0	0	415	244	245	46	0	0	0	0	414
1374139747	123145	244	247	0	0	0	0	0	416	244	245	46	0	0	0	0	415
1374139747	616439	244	248	69	0	0	0	0	417	244	245	46	0	0	0	0	416
1374139748	108722	244	247	0	0	0	0	0	418	244	244	47	0	0	0	0	417
1374139748	601925	244	246	58	0	0	0	0	419	244	245	67	0	0	0	0	418
1374139749	095338	244	247	58	0	0	0	0	420	244	245	67	0	0	0	0	419
1374139749	587670	244	246	58	0	0	0	0	421	244	245	69	0	0	0	0	420
1374139750	080824	244	247	60	0	0	0	0	422	244	245	67	0	0	0	0	421
1374139750	574172	244	248	0	0	0	0	0	423	244	245	67	0	0	0	0	422
1374139751	068562	244	249	73	0	0	0	0	424	244	245	67	0	0	0	0	423
1374139751	561748	244	248	0	0	0	0	0	425	244	245	67	0	0	0	0	424
1374139752	054778	244	246	0	0	0	0	0	426	244	245	46	0	0	0	0	425
1374139752	548114	244	248	0	0	0	0	0	427	244	245	51	0	0	0	0	426
1374139753	040736	244	248	0	0	0	0	0	428	244	245	48	0	0	0	0	427
1374139753	533918	244	248	0	0	0	0	0	429	244	245	49	0	0	0	0	428
1374139754	027064	244	246	60	0	0	0	0	430	244	245	0	0	0	0	0	429
1374139754	519330	244	247	0	0	0	0	0	431	244	245	69	0	0	0	0	430
1374139755	010784	244	247	0	0	0	0	0	432	244	245	44	0	0	0	0	431
1374139755	503001	244	246	0	0	0	0	0	433	244	245	44	0	0	0	0	432
1374139755	996200	244	247	0	0	0	0	0	434	244	245	45	0	0	0	0	433
1374139756	488430	244	246	73	0	0	0	0	435	244	245	46	0	0	0	0	434
1374139756	980762	244	248	59	0	0	0	0	436	244	245	67	0	0	0	0	435
1374139757	473103	244	248	60	0	0	0	0	437	244	245	67	0	0	0	0	436
1374139757	966657	244	247	0	0	0	0	0	438	244	245	68	0	0	0	0	437
1374139758	457806	244	248	0	0	0	0	0	439	244	245	51	0	0	0	0	438
1374139758	949954	244	246	67	0	0	0	0	440	244	245	68	0	0	0	0	439
1374139759	443277	244	247	58	0	0	0	0	441	244	245	46	0	0	0	0	440
1374139759	935738	244	248	0	0	0	0	0	442	244	245	0	0	0	0	0	441
1374139760	426990	244	248	59	0	0	0	0	443	244	245	45	0	0	0	0	442
1374139760	920286	244	246	0	0	0	0	0	444	244	245	67	0	0	0	0	443
1374139761	411502	244	247	59	0	0	0	0	445	244	245	67	0	0	0	0	444
1374139761	905788	244	248	0	0	0	0	0	446	244	245	46	0	0	0	0	445
1374139762	399090	244	248	0	0	0	0	0	447	244	245	46	0	0	0	0	446
1374139762	892626	244	247	59	0	0	0	0	448	244	245	45	0	0	0	0	447
1374139763	384757	244	246	59	0	0	0	0	449	244	245	46	0	0	0	0	448
1374139763	876315	244	246	59	0	0	0	0	450	244	245	47	0	0	0	0	449
1374139764	368312	244	248	0	0	0	0	0	451	244	246	48	0	0	0	0	450
1374139764	861704	244	246	0	0	0	0	0	452	244	237	0	0	0	0	0	451
1374139765	355059	244	247	56	0	0	0	0	453	244	234	49	120	0	0	0	452
1374139765	847314	244	247	0	0	0	0	0	454	244	236	50	126	0	0	0	453
1374139766	340460	244	248	0	0	0	0	0	455	244	232	49	0	0	0	0	454
1374139766	834787	244	247	0	0	0	0	0	456	244	234	0	0	0	0	0	455
1374139767	327864	244	248	0	0	0	0	0	457	244	238	49	0	0	0	0	456
1374139767	820363	244	247	0	0	0	0	0	458	244	239	68	0	0	0	0	457
1374139768	312739	244	247	0	0	0	0	0	459	244	240	50	0	0	0	0	458
1374139768	804848	244	248	0	0	0	0	0	460	244	240	51	0	0	0	0	459
1374139769	298123	244	247	0	0	0	0	0	461	244	241	51	0	0	0	0	460
1374139769	790618	244	248	0	0	0	0	0	462	244	240	56	0	0	0	0	461
1374139770	284713	244	248	60	0	0	0	0	463	244	245	47	0	0	0	0	462
1374139770	778892	244	248	56	0	0	0	0	464	244	245	0	0	0	0	0	463
1374139771	270270	244	248	58	0	0	0	0	465	244	246	41	0	0	0	0	464
1374139771	763442	244	248	66	0	0	0	0	466	244	246	0	0	0	0	0	465
1374139772	256781	244	248	57	0	0	0	0	467	244	246	43	0	0	0	0	466
1374139772	749209	244	249	59	0	0	0	0	468	244	246	51	0	0	0	0	467
1374139773	242450	244	248	56	0	0	0	0	469	244	246	65	0	0	0	0	468
1374139773	734863	244	247	68	0	0	0	0	470	244	245	49	0	0	0	0	469
1374139774	228148	244	246	60	0	0	0	0	471	244	245	54	0	0	0	0	470
1374139774	721369	244	246	56	0	0	0	0	472	244	245	55	0	0	0	0	471
1374139775	213870	244	247	56	0	0	0	0	473	244	245	43	0	0	0	0	472
1374139775	706973	244	247	56	0	0	0	0	474	244	245	43	0	0	0	0	473
1374139776	200155	244	247	56	0	0	0	0	475	244	246	43	0	0	0	0	474
1374139776	693522	244	247	56	0	0	0	0	476	244	245	43	0	0	0	0	475
1374139777	186805	244	246	58	0	0	0	0	477	244	245	43	0	0	0	0	476
1374139777	680043	244	248	0	0	0	0	0	478	244	245	43	0	0	0	0	477
1374139778	172589	244	248	58	0	0	0	0	479	244	245	43	0	0	0	0	478
1374139778	665006	244	247	58	0	0	0	0	480	244	245	43	0	0	0	0	479
1374139779	157188	244	247	57	0	0	0	0	481	244	246	43	0	0	0	0	480
1374139779	650463	244	248	57	0	0	0	0	482	244	245	43	0	0	0	0	481
1374139780	143940	244	248	57	0	0	0	0	483	244	245	43	0	0	0	0	482
1374139780	637023	244	248	58	0	0	0	0	484	244	245	43	0	0	0	0	483
1374139781	130250	244	247	56	0	0	0	0	485	244	245	44	0	0	0	0	484
1374139781	622656	244	246	56	0	0	0	0	486	244	245	54	0	0	0	0	485
1374139782	115796	244	246	58	0	0	0	0	487	244	245	54	0	0	0	0	486
1374139782	609224	244	247	68	0	0	0	0	488	244	245	54	0	0	0	0	487
1374139783	101527	244	247	63	0	0	0	0	489	244	245	54	0	0	0	0	488
1374139783	594980	244	248	0	0	0	0	0	490	244	245	0	0	0	0	0	489
1374139784	088320	244	248	57	0	0	0	0	491	244	245	44	0	0	0	0	490
1374139784	581477	244	247	57	0	0	0	0	492	244	245	44	0	0	0	0	491
1374139785	074827	244	248	58	0	0	0	0	493	244	245	44	0	0	0	0	492
1374139785	568243	244	247	0	0	0	0	0	494	244	245	44	0	0	0	0	493
1374139786	061316	244	248	64	0	0	0	0	495	244	245	44	0	0	0	0	494
1374139786	554644	244	247	0	0	0	0	0	496	244	245	44	0	0	0	0	495
1374139787	047863	244	247	0	0	0	0	0	497	244	245	44	0	0	0	0	496
1374139787	542115	244	246	57	0	0	0	0	498	244	245	44	0	0	0	0	497
1374139788	035734	244	248	71	0	0	0	0	499	244	245	44	0	0	0	0	498
1374139788	528211	244	247	69	0	0	0	0	500	244	245	50	0	0	0	0	499
1374139789	020328	244	247	58	0	0	0	0	501	244	245	50	0	0	0	0	500
1374139789	513461	244	248	57	0	0	0	0	502	244	245	0	0	0	0	0	501
1374139790	005783	244	248	56	0	0	0	0	503	244	245	144	0	0	0	0	502
1374139790	498135	244	246	57	0	0	0	0	504	244	245	50	0	0	0	0	503
1374139790	990566	244	247	57	0	0	0	0	505	244	245	0	0	0	0	0	504
1374139791	484535	244	247	61	0	0	0	0	506	244	246	50	0	0	0	0	505
1374139791	975795	244	248	82	0	0	0	0	507	244	246	42	0	0	0	0	506
1374139792	468346	244	248	62	0	0	0	0	508	244	246	71	0	0	0	0	507
1374139792	960795	244	249	55	0	0	0	0	509	244	246	56	0	0	0	0	508
1374139793	454015	244	248	68	0	0	0	0	510	244	246	60	0	0	0	0	509
1374139793	947387	244	248	67	0	0	0	0	511	244	246	64	0	0	0	0	510
1374139794	439658	244	247	68	0	0	0	0	512	244	246	77	0	0	0	0	511
1374139794	933012	244	248	68	0	0	0	0	513	244	246	66	0	0	0	0	512
1374139795	426077	244	248	66	0	0	0	0	514	244	246	67	0	0	0	0	513
1374139795	919397	244	247	68	0	0	0	0	515	244	246	65	0	0	0	0	514
1374139796	412695	244	246	67	0	0	0	0	516	244	246	65	0	0	0	0	515
1374139796	906003	244	248	53	0	0	0	0	517	244	245	0	0	0	0	0	516
1374139797	398369	244	246	38	0	0	0	0	518	244	240	0	0	0	0	0	517
1374139797	891714	244	248	38	0	0	0	0	519	244	243	52	0	0	0	0	518
1374139798	384359	244	248	38	0	0	0	0	520	244	245	0	0	0	0	0	519
1374139798	877130	244	247	36	0	0	0	0	521	244	244	0	0	0	0	0	520
1374139799	370301	244	248	42	0	0	0	0	522	244	245	56	0	0	0	0	521
1374139799	862705	244	247	54	0	0	0	0	523	244	245	0	0	0	0	0	522
1374139800	355317	244	247	38	0	0	0	0	524	244	245	0	0	0	0	0	523
1374139800	848478	244	248	38	0	0	0	0	525	244	245	0	0	0	0	0	524
1374139801	347862	244	248	38	0	0	0	0	526	244	245	0	0	0	0	0	525
1374139801	841221	244	248	38	0	0	0	0	527	244	245	0	0	0	0	0	526
1374139802	333738	244	248	38	0	0	0	0	528	244	245	0	0	0	0	0	527
1374139802	825854	244	248	38	0	0	0	0	529	244	245	0	0	0	0	0	528
1374139803	316264	244	247	38	0	0	0	0	530	244	245	62	0	0	0	0	529
1374139803	819595	244	247	40	0	0	0	0	531	244	245	64	0	0	0	0	530
1374139804	313186	244	246	40	0	0	0	0	532	244	245	59	0	0	0	0	531
1374139804	806292	244	246	40	0	0	0	0	533	244	245	60	0	0	0	0	532
1374139805	297962	244	248	39	0	0	0	0	534	244	245	61	0	0	0	0	533
1374139805	791087	244	248	40	0	0	0	0	535	244	245	0	0	0	0	0	534
1374139806	284600	244	248	56	0	0	0	0	536	244	245	0	0	0	0	0	535
1374139806	777800	244	248	56	0	0	0	0	537	244	245	0	0	0	0	0	536
1374139807	271181	244	248	41	0	0	0	0	538	244	245	65	0	0	0	0	537
1374139807	762643	244	248	56	0	0	0	0	539	244	245	65	0	0	0	0	538
1374139808	255410	244	247	39	0	0	0	0	540	244	245	58	0	0	0	0	539
1374139808	748502	244	246	41	0	0	0	0	541	244	245	56	0	0	0	0	540
1374139809	241668	244	248	40	0	0	0	0	542	244	245	57	0	0	0	0	541
1374139809	734988	244	248	41	0	0	0	0	543	244	245	56	0	0	0	0	542
1374139810	229083	244	248	41	0	0	0	0	544	244	244	56	0	0	0	0	543
1374139810	722453	244	246	41	0	0	0	0	545	244	245	56	0	0	0	0	544
1374139811	215639	244	248	41	0	0	0	0	546	244	245	56	0	0	0	0	545
1374139811	709082	244	248	41	0	0	0	0	547	244	245	55	0	0	0	0	546
1374139812	202369	244	247	40	0	0	0	0	548	244	245	55	0	0	0	0	547
1374139812	695663	244	246	41	0	0	0	0	549	244	245	55	0	0	0	0	548
1374139813	189140	244	247	44	0	0	0	0	550	244	244	55	0	0	0	0	549
1374139813	682288	244	248	54	0	0	0	0	551	244	245	56	0	0	0	0	550
1374139814	176651	244	248	54	0	0	0	0	552	244	245	56	0	0	0	0	551
1374139814	669754	244	248	42	0	0	0	0	553	244	245	56	0	0	0	0	552
1374139815	163043	244	248	53	0	0	0	0	554	244	245	56	0	0	0	0	553
1374139815	657431	244	248	53	0	0	0	0	555	244	245	56	0	0	0	0	554
1374139816	150668	244	248	54	0	0	0	0	556	244	245	56	0	0	0	0	555
1374139816	643873	244	248	41	0	0	0	0	557	244	245	56	0	0	0	0	556
1374139817	137064	244	248	42	0	0	0	0	558	244	245	56	0	0	0	0	557
1374139817	630241	244	247	54	0	0	0	0	559	244	245	57	0	0	0	0	558
1374139818	123725	244	248	42	0	0	0	0	560	244	245	56	0	0	0	0	559
1374139818	617222	244	247	42	0	0	0	0	561	244	245	57	0	0	0	0	560
1374139819	110383	244	248	41	0	0	0	0	562	244	245	63	0	0	0	0	561
1374139819	603609	244	248	40	0	0	0	0	563	244	245	0	0	0	0	0	562
1374139820	097076	244	248	41	0	0	0	0	564	244	245	0	0	0	0	0	563
1374139820	591140	244	248	40	0	0	0	0	565	244	245	0	0	0	0	0	564
1374139821	084393	244	248	41	0	0	0	0	566	244	245	54	0	0	0	0	565
1374139821	577516	244	247	40	0	0	0	0	567	244	245	54	0	0	0	0	566
1374139822	071064	244	248	40	0	0	0	0	568	244	245	55	0	0	0	0	567
1374139822	565147	244	246	39	0	0	0	0	569	244	245	55	0	0	0	0	568
1374139823	058572	244	247	42	0	0	0	0	570	244	245	56	0	0	0	0	569
1374139823	552099	244	247	41	0	0	0	0	571	244	245	63	0	0	0	0	570
1374139824	045478	244	247	43	0	0	0	0	572	244	245	64	0	0	0	0	571
1374139824	537755	244	248	43	0	0	0	0	573	244	245	63	0	0	0	0	572
1374139825	029961	244	247	42	0	0	0	0	574	244	245	56	0	0	0	0	573
1374139825	523150	244	247	43	0	0	0	0	575	244	245	56	0	0	0	0	574
1374139826	016421	244	247	42	0	0	0	0	576	244	245	56	0	0	0	0	575
1374139826	509567	244	248	43	0	0	0	0	577	244	245	56	0	0	0	0	576
1374139827	002917	244	247	43	0	0	0	0	578	244	245	56	0	0	0	0	577
1374139827	495398	244	248	53	0	0	0	0	579	244	245	55	0	0	0	0	578
1374139827	988630	244	248	43	135	0	0	0	580	244	245	54	0	0	0	0	579
1374139828	480972	244	248	43	0	0	0	0	581	244	245	56	0	0	0	0	580
1374139828	974330	244	247	42	0	0	0	0	582	244	245	64	0	0	0	0	581
1374139829	467548	244	246	46	0	0	0	0	583	244	245	64	0	0	0	0	582
1374139829	960151	244	248	42	0	0	0	0	584	244	245	64	0	0	0	0	583
1374139830	454284	244	247	43	0	0	0	0	585	244	245	65	0	0	0	0	584
1374139830	947447	244	246	42	0	0	0	0	586	244	245	56	0	0	0	0	585
1374139831	440881	244	248	45	0	0	0	0	587	244	245	55	0	0	0	0	586
1374139831	934977	244	246	40	0	0	0	0	588	244	245	54	0	0	0	0	587
1374139832	428319	244	247	40	0	0	0	0	589	244	245	54	0	0	0	0	588
1374139832	921908	244	248	45	0	0	0	0	590	244	245	54	0	0	0	0	589
1374139833	414977	244	247	42	0	0	0	0	591	244	245	55	0	0	0	0	590
1374139833	908231	244	248	42	0	0	0	0	592	244	245	63	0	0	0	0	591
1374139834	401463	244	247	42	0	0	0	0	593	244	245	63	0	0	0	0	592
1374139834	894815	244	247	41	0	0	0	0	594	244	245	64	0	0	0	0	593
1374139835	387973	244	248	42	0	0	0	0	595	244	245	56	0	0	0	0	594
1374139835	881496	244	247	55	0	0	0	0	596	244	245	63	0	0	0	0	595
1374139836	373636	244	248	42	0	0	0	0	597	244	245	63	0	0	0	0	596
1374139836	865702	244	248	43	0	0	0	0	598	244	245	54	0	0	0	0	597
1374139837	359024	244	246	44	0	0	0	0	599	244	245	54	0	0	0	0	598
1374139837	851254	244	246	41	0	0	0	0	600	244	245	54	0	0	0	0	599
1374139838	342831	244	246	41	0	0	0	0	601	244	245	56	0	0	0	0	600
1374139838	835985	244	248	41	0	0	0	0	602	244	245	62	0	0	0	0	601
1374139839	329432	244	247	42	0	0	0	0	603	244	245	62	0	0	0	0	602
1374139839	822693	244	246	41	0	0	0	0	604	244	245	62	0	0	0	0	603
1374139840	314774	244	249	41	0	0	0	0	605	244	245	57	0	0	0	0	604
1374139840	807883	244	248	42	0	0	0	0	606	244	245	62	0	0	0	0	605
1374139841	301245	244	247	43	0	0	0	0	607	244	245	55	0	0	0	0	606
1374139841	795492	244	247	43	0	0	0	0	608	244	245	54	0	0	0	0	607
1374139842	288809	244	248	42	0	0	0	0	609	244	245	54	0	0	0	0	608
1374139842	782238	244	246	42	0	0	0	0	610	244	245	55	0	0	0	0	609
1374139843	275438	244	248	44	0	0	0	0	611	244	245	56	0	0	0	0	610
1374139843	768716	244	246	44	0	0	0	0	612	244	245	56	0	0	0	0	611
1374139844	261045	244	247	44	0	0	0	0	613	244	245	56	0	0	0	0	612
1374139844	753522	244	248	42	0	0	0	0	614	244	245	56	0	0	0	0	613
1374139845	245826	244	246	43	0	0	0	0	615	244	245	56	0	0	0	0	614
1374139845	739081	244	248	44	0	0	0	0	616	244	245	54	0	0	0	0	615
1374139846	232523	244	248	43	0	0	0	0	617	244	245	54	0	0	0	0	616
1374139846	725823	244	248	43	0	0	0	0	618	244	245	55	0	0	0	0	617
1374139847	219028	244	248	43	0	0	0	0	619	244	245	55	0	0	0	0	618
1374139847	711255	244	247	43	0	0	0	0	620	244	245	56	0	0	0	0	619
1374139848	204924	244	248	43	0	0	0	0	621	244	244	55	0	0	0	0	620
1374139848	699216	244	249	43	0	0	0	0	622	244	245	56	0	0	0	0	621
1374139849	192670	244	248	42	0	0	0	0	623	244	245	55	0	0	0	0	622
1374139849	686903	244	248	43	0	0	0	0	624	244	245	55	0	0	0	0	623
1374139850	180308	244	246	43	0	0	0	0	625	244	245	56	0	0	0	0	624
1374139850	672741	244	248	44	0	0	0	0	626	244	245	54	0	0	0	0	625
1374139851	164476	244	247	44	0	0	0	0	627	244	245	54	0	0	0	0	626
1374139851	657018	244	246	43	0	0	0	0	628	244	245	54	0	0	0	0	627
1374139852	150201	244	247	42	0	0	0	0	629	244	245	54	0	0	0	0	628
1374139852	642484	244	248	43	0	0	0	0	630	244	245	55	0	0	0	0	629
1374139853	135101	244	247	42	0	0	0	0	631	244	245	55	0	0	0	0	630
1374139853	627648	244	247	43	0	0	0	0	632	244	245	55	0	0	0	0	631
1374139854	120312	244	246	44	0	0	0	0	633	244	245	55	0	0	0	0	632
1374139854	613412	244	247	44	0	0	0	0	634	244	245	55	0	0	0	0	633
1374139855	106655	244	247	44	0	0	0	0	635	244	245	55	0	0	0	0	634
1374139855	600038	244	246	55	0	0	0	0	636	244	245	55	0	0	0	0	635
1374139856	092292	244	248	47	0	0	0	0	637	244	245	55	0	0	0	0	636
1374139856	585444	244	248	44	0	0	0	0	638	244	245	55	0	0	0	0	637
1374139857	078773	244	247	45	0	0	0	0	639	244	245	54	0	0	0	0	638
1374139857	572007	244	247	44	0	0	0	0	640	244	245	54	0	0	0	0	639
1374139858	065503	244	246	44	0	0	0	0	641	244	245	54	0	0	0	0	640
1374139858	558796	244	247	45	0	0	0	0	642	244	245	55	0	0	0	0	641
1374139859	052020	244	246	45	0	0	0	0	643	244	245	55	0	0	0	0	642
1374139859	545455	244	247	39	0	0	0	0	644	244	244	55	0	0	0	0	643
1374139860	038593	244	247	40	0	0	0	0	645	244	242	53	0	0	0	0	644
1374139860	532157	244	248	55	0	0	0	0	646	244	241	54	0	0	0	0	645
1374139861	024277	244	247	36	0	0	0	0	647	244	241	53	0	0	0	0	646
1374139861	517348	244	248	36	0	0	0	0	648	244	240	54	0	0	0	0	647
1374139862	009729	244	247	36	0	0	0	0	649	244	241	54	0	0	0	0	648
1374139862	504003	244	246	44	0	0	0	0	650	244	242	139	0	0	0	0	649
1374139862	997444	244	246	46	0	0	0	0	651	244	241	53	0	0	0	0	650
1374139863	490564	244	247	40	0	0	0	0	652	244	242	138	0	0	0	0	651
1374139863	982887	244	246	38	0	0	0	0	653	244	241	62	0	0	0	0	652
1374139864	475337	244	248	39	0	0	0	0	654	244	241	53	137	0	0	0	653
1374139864	968614	244	247	37	0	0	0	0	655	244	242	55	0	0	0	0	654
1374139865	460650	244	247	40	0	0	0	0	656	244	242	56	0	0	0	0	655
1374139865	954063	244	247	0	0	0	0	0	657	244	242	56	0	0	0	0	656
1374139866	447289	244	247	39	0	0	0	0	658	244	242	56	0	0	0	0	657
1374139866	940279	244	247	38	0	0	0	0	659	244	241	55	0	0	0	0	658
1374139867	432723	244	248	0	0	0	0	0	660	244	244	56	0	0	0	0	659
1374139867	926354	244	246	40	0	0	0	0	661	244	244	56	0	0	0	0	660
1374139868	418416	244	248	40	0	0	0	0	662	244	244	54	0	0	0	0	661
1374139868	910632	244	248	43	0	0	0	0	663	244	244	54	0	0	0	0	662
1374139869	404118	244	248	0	0	0	0	0	664	244	244	53	0	0	0	0	663
1374139869	896715	244	248	40	0	0	0	0	665	244	244	53	0	0	0	0	664
1374139870	389905	244	247	40	0	0	0	0	666	244	245	53	0	0	0	0	665
1374139870	882289	244	249	39	0	0	0	0	667	244	245	53	0	0	0	0	666
1374139871	375597	244	246	41	0	0	0	0	668	244	245	53	0	0	0	0	667
1374139871	868800	244	248	40	0	0	0	0	669	244	245	54	137	0	0	0	668
1374139872	361169	244	246	40	0	0	0	0	670	244	245	54	0	0	0	0	669
1374139872	853720	244	248	40	0	0	0	0	671	244	245	53	0	0	0	0	670
1374139873	347032	244	246	40	0	0	0	0	672	244	245	53	0	0	0	0	671
1374139873	839323	244	247	40	0	0	0	0	673	244	245	53	0	0	0	0	672
1374139874	331518	244	246	41	0	0	0	0	674	244	245	53	0	0	0	0	673
1374139874	825810	244	248	40	0	0	0	0	675	244	245	53	0	0	0	0	674
1374139875	319088	244	248	39	0	0	0	0	676	244	245	53	0	0	0	0	675
1374139875	812294	244	247	40	0	0	0	0	677	244	245	53	0	0	0	0	676
1374139876	305597	244	246	38	0	0	0	0	678	244	245	53	0	0	0	0	677
1374139876	798865	244	248	40	0	0	0	0	679	244	245	53	0	0	0	0	678
1374139877	293004	244	248	37	0	0	0	0	680	244	245	53	0	0	0	0	679
1374139877	785332	244	248	37	0	0	0	0	681	244	245	53	0	0	0	0	680
1374139878	277757	244	247	36	0	0	0	0	682	244	245	53	0	0	0	0	681
1374139878	769930	244	249	36	0	0	0	0	683	244	245	53	0	0	0	0	682
1374139879	263362	244	246	36	0	0	0	0	684	244	245	54	136	0	0	0	683
1374139879	756567	244	246	38	0	0	0	0	685	244	245	54	0	0	0	0	684
1374139880	248946	244	246	42	0	0	0	0	686	244	245	54	0	0	0	0	685
1374139880	741078	244	247	44	0	0	0	0	687	244	245	53	0	0	0	0	686
1374139881	234400	244	247	0	0	0	0	0	688	244	245	52	0	0	0	0	687
1374139881	727652	244	247	39	0	0	0	0	689	244	245	54	136	0	0	0	688
1374139882	221024	244	247	55	0	0	0	0	690	244	245	54	0	0	0	0	689
1374139882	714105	244	247	0	0	0	0	0	691	244	244	0	0	0	0	0	690
1374139883	206720	244	247	56	0	0	0	0	692	244	245	56	0	0	0	0	691
1374139883	698961	244	247	41	0	0	0	0	693	244	245	56	0	0	0	0	692
1374139884	192367	244	248	39	0	0	0	0	694	244	245	0	0	0	0	0	693
1374139884	685663	244	248	36	0	0	0	0	695	244	242	58	0	0	0	0	694
1374139885	178876	244	246	44	0	0	0	0	696	244	245	64	0	0	0	0	695
1374139885	672076	244	247	41	0	0	0	0	697	244	245	54	0	0	0	0	696
1374139886	165449	244	246	40	0	0	0	0	698	244	245	56	139	0	0	0	697
1374139886	658545	244	248	40	0	0	0	0	699	244	245	54	140	0	0	0	698
1374139887	150998	244	246	40	0	0	0	0	700	244	245	54	140	0	0	0	699
1374139887	644200	244	246	42	0	0	0	0	701	244	245	54	140	0	0	0	700
1374139888	137775	244	247	42	0	0	0	0	702	244	245	55	140	0	0	0	701
1374139888	631119	244	248	0	0	0	0	0	703	244	245	138	0	0	0	0	702
1374139889	124360	244	248	44	0	0	0	0	704	244	245	140	0	0	0	0	703
1374139889	616465	244	247	43	0	0	0	0	705	244	245	139	0	0	0	0	704
1374139890	109834	244	246	44	0	0	0	0	706	244	245	0	0	0	0	0	705
1374139890	603066	244	246	0	0	0	0	0	707	244	245	139	0	0	0	0	706
1374139891	096406	244	248	40	0	0	0	0	708	244	245	62	0	0	0	0	707
1374139891	590513	244	247	40	0	0	0	0	709	244	245	62	0	0	0	0	708
1374139892	083725	244	248	40	0	0	0	0	710	244	245	0	0	0	0	0	709
1374139892	577013	244	248	39	0	0	0	0	711	244	245	0	0	0	0	0	710
1374139893	069560	244	248	39	0	0	0	0	712	244	245	59	139	0	0	0	711
1374139893	562750	244	248	40	0	0	0	0	713	244	245	58	137	0	0	0	712
1374139894	055986	244	247	40	0	0	0	0	714	244	245	58	138	0	0	0	713
1374139894	549325	244	248	40	0	0	0	0	715	244	245	0	0	0	0	0	714
1374139895	042598	244	247	40	0	0	0	0	716	244	245	0	0	0	0	0	715
1374139895	536219	244	248	40	0	0	0	0	717	244	245	0	0	0	0	0	716
1374139896	029089	244	247	40	0	0	0	0	718	244	245	0	0	0	0	0	717
1374139896	522491	244	247	40	0	0	0	0	719	244	245	0	0	0	0	0	718
1374139897	015555	244	246	40	0	0	0	0	720	244	245	0	0	0	0	0	719
1374139897	508907	244	247	36	0	0	0	0	721	244	245	0	0	0	0	0	720
1374139898	002493	244	247	36	0	0	0	0	722	244	245	55	0	0	0	0	721
1374139898	495649	244	249	40	0	0	0	0	723	244	245	58	0	0	0	0	722
1374139898	988118	244	248	39	0	0	0	0	724	244	245	56	0	0	0	0	723
1374139899	481524	244	246	39	0	0	0	0	725	244	245	56	0	0	0	0	724
1374139899	974618	244	248	40	0	0	0	0	726	244	245	56	0	0	0	0	725
1374139900	467917	244	247	39	0	0	0	0	727	244	245	56	0	0	0	0	726
1374139900	961062	244	248	38	0	0	0	0	728	244	245	58	0	0	0	0	727
1374139901	454512	244	246	38	0	0	0	0	729	244	245	58	0	0	0	0	728
1374139901	947715	244	248	38	0	0	0	0	730	244	245	0	0	0	0	0	729
1374139902	441003	244	248	38	0	0	0	0	731	244	245	59	0	0	0	0	730
1374139902	933522	244	248	38	0	0	0	0	732	244	245	58	0	0	0	0	731
1374139903	425972	244	248	38	0	0	0	0	733	244	245	0	0	0	0	0	732
1374139903	919064	244	249	38	0	0	0	0	734	244	245	0	0	0	0	0	733
1374139904	412405	244	247	38	0	0	0	0	735	244	245	0	0	0	0	0	734
1374139904	905776	244	246	40	0	0	0	0	736	244	245	56	0	0	0	0	735
1374139905	398862	244	246	40	0	0	0	0	737	244	245	56	0	0	0	0	736
1374139905	891038	244	247	40	0	0	0	0	738	244	245	56	0	0	0	0	737
1374139906	382486	244	247	38	0	0	0	0	739	244	245	56	0	0	0	0	738
1374139906	874604	244	247	38	0	0	0	0	740	244	245	57	0	0	0	0	739
1374139907	366902	244	248	38	0	0	0	0	741	244	245	57	0	0	0	0	740
1374139907	860317	244	248	38	0	0	0	0	742	244	245	58	0	0	0	0	741
1374139908	351769	244	248	37	0	0	0	0	743	244	245	0	0	0	0	0	742
1374139908	844146	244	247	38	0	0	0	0	744	244	245	0	0	0	0	0	743
1374139909	336415	244	247	37	0	0	0	0	745	244	245	0	0	0	0	0	744
1374139909	829505	244	248	38	0	0	0	0	746	244	245	58	0	0	0	0	745
1374139910	322874	244	246	37	0	0	0	0	747	244	245	58	0	0	0	0	746
1374139910	816064	244	248	38	0	0	0	0	748	244	245	58	0	0	0	0	747
1374139911	308287	244	247	42	0	0	0	0	749	244	245	55	137	0	0	0	748
1374139911	801580	244	248	54	0	0	0	0	750	244	245	0	0	0	0	0	749
1374139912	294895	244	246	77	0	0	0	0	751	244	246	63	0	0	0	0	750
1374139912	786902	244	249	76	0	0	0	0	752	244	247	81	0	0	0	0	751
1374139913	278606	244	247	77	0	0	0	0	753	244	247	74	0	0	0	0	752
1374139913	771924	244	248	0	0	0	0	0	754	244	246	77	148	0	0	0	753
1374139914	265053	244	248	0	0	0	0	0	755	244	247	88	0	0	0	0	754
1374139914	758305	244	247	0	0	0	0	0	756	244	247	94	0	0	0	0	755
1374139915	251510	244	248	0	0	0	0	0	757	244	247	86	0	0	0	0	756
1374139915	745802	244	248	63	0	0	0	0	758	244	246	71	0	0	0	0	757
1374139916	239936	244	246	62	0	0	0	0	759	244	246	60	0	0	0	0	758
1374139916	733475	244	246	61	0	0	0	0	760	244	246	60	0	0	0	0	759
1374139917	227495	244	249	62	0	0	0	0	761	244	246	67	0	0	0	0	760
1374139917	719614	244	247	62	0	0	0	0	762	244	246	64	0	0	0	0	761
1374139918	211094	244	247	67	0	0	0	0	763	244	246	66	0	0	0	0	762
1374139918	704568	244	247	63	0	0	0	0	764	244	246	63	0	0	0	0	763
1374139919	197713	244	247	67	0	0	0	0	765	244	246	0	0	0	0	0	764
1374139919	689839	244	247	65	0	0	0	0	766	244	246	63	0	0	0	0	765
1374139920	182169	244	248	67	0	0	0	0	767	244	246	58	0	0	0	0	766
1374139920	676312	244	248	64	0	0	0	0	768	244	246	62	0	0	0	0	767
1374139921	168666	244	248	72	0	0	0	0	769	244	246	0	0	0	0	0	768
1374139921	661112	244	248	62	0	0	0	0	770	244	246	56	0	0	0	0	769
1374139922	153560	244	247	62	0	0	0	0	771	244	246	67	0	0	0	0	770
1374139922	645766	244	246	54	0	0	0	0	772	244	246	70	0	0	0	0	771
1374139923	138376	244	246	0	0	0	0	0	773	244	245	0	0	0	0	0	772
1374139923	631578	244	248	70	0	0	0	0	774	244	246	73	0	0	0	0	773
1374139924	123893	244	248	63	0	0	0	0	775	244	246	63	0	0	0	0	774
1374139924	617289	244	248	62	0	0	0	0	776	244	246	64	0	0	0	0	775
1374139925	110311	244	247	63	0	0	0	0	777	244	246	0	0	0	0	0	776
1374139925	602698	244	248	61	0	0	0	0	778	244	246	0	0	0	0	0	777
1374139926	095117	244	248	64	0	0	0	0	779	244	246	62	0	0	0	0	778
1374139926	588208	244	247	59	0	0	0	0	780	244	246	0	0	0	0	0	779
1374139927	081372	244	248	55	0	0	0	0	781	244	245	66	0	0	0	0	780
1374139927	574642	244	249	53	0	0	0	0	782	244	245	67	0	0	0	0	781
1374139928	067215	244	246	58	0	0	0	0	783	244	245	69	0	0	0	0	782
1374139928	560471	244	248	54	0	0	0	0	784	244	245	57	0	0	0	0	783
1374139929	053699	244	246	56	0	0	0	0	785	244	245	63	0	0	0	0	784
1374139929	546996	244	246	67	0	0	0	0	786	244	245	60	0	0	0	0	785
1374139930	040136	244	248	53	0	0	0	0	787	244	245	0	0	0	0	0	786
1374139930	532558	244	248	54	0	0	0	0	788	244	246	58	0	0	0	0	787
1374139931	026033	244	247	66	0	0	0	0	789	244	246	57	0	0	0	0	788
1374139931	519322	244	248	55	0	0	0	0	790	244	245	57	0	0	0	0	789
1374139932	011938	244	248	57	0	0	0	0	791	244	245	67	0	0	0	0	790
1374139932	504479	244	248	68	0	0	0	0	792	244	245	67	0	0	0	0	791
1374139932	996064	244	248	56	0	0	0	0	793	244	245	60	0	0	0	0	792
1374139933	489738	244	247	56	0	0	0	0	794	244	246	0	0	0	0	0	793
1374139933	982174	244	247	59	0	0	0	0	795	244	245	67	0	0	0	0	794
1374139934	474353	244	247	65	0	0	0	0	796	244	246	64	0	0	0	0	795
1374139934	966635	244	247	0	0	0	0	0	797	244	246	64	0	0	0	0	796
1374139935	459849	244	248	62	0	0	0	0	798	244	246	64	0	0	0	0	797
1374139935	953297	244	247	62	0	0	0	0	799	244	246	65	0	0	0	0	798
1374139936	446508	244	248	60	0	0	0	0	800	244	245	57	0	0	0	0	799
1374139936	939729	244	247	56	0	0	0	0	801	244	245	66	0	0	0	0	800
1374139937	432964	244	247	61	0	0	0	0	802	244	245	0	0	0	0	0	801
1374139937	925484	244	248	61	0	0	0	0	803	244	245	0	0	0	0	0	802
1374139938	418649	244	247	55	0	0	0	0	804	244	245	0	0	0	0	0	803
1374139938	910891	244	247	61	0	0	0	0	805	244	246	64	0	0	0	0	804
1374139939	404229	244	248	60	0	0	0	0	806	244	245	63	0	0	0	0	805
1374139939	897500	244	246	63	0	0	0	0	807	244	245	0	0	0	0	0	806
1374139940	390700	244	246	0	0	0	0	0	808	244	245	0	0	0	0	0	807
1374139940	883975	244	246	53	0	0	0	0	809	244	245	0	0	0	0	0	808
1374139941	376181	244	248	54	0	0	0	0	810	244	245	64	0	0	0	0	809
1374139941	869548	244	248	53	0	0	0	0	811	244	245	66	0	0	0	0	810
1374139942	362810	244	248	53	0	0	0	0	812	244	245	69	0	0	0	0	811
1374139942	855066	244	247	63	0	0	0	0	813	244	246	0	0	0	0	0	812
1374139943	346421	244	248	64	0	0	0	0	814	244	246	0	0	0	0	0	813
1374139943	839794	244	246	66	0	0	0	0	815	244	246	0	0	0	0	0	814
1374139944	332220	244	247	63	0	0	0	0	816	244	246	56	0	0	0	0	815
1374139944	824407	244	248	64	0	0	0	0	817	244	246	55	0	0	0	0	816
1374139945	316790	244	247	53	0	0	0	0	818	244	245	55	0	0	0	0	817
1374139945	809966	244	248	66	0	0	0	0	819	244	245	56	0	0	0	0	818
1374139946	303180	244	248	57	0	0	0	0	820	244	245	56	0	0	0	0	819
1374139946	795632	244	248	68	0	0	0	0	821	244	246	56	0	0	0	0	820
1374139947	288835	244	247	70	0	0	0	0	822	244	246	71	0	0	0	0	821
1374139947	781024	244	246	63	0	0	0	0	823	244	245	57	0	0	0	0	822
1374139948	273490	244	247	53	0	0	0	0	824	244	245	70	0	0	0	0	823
1374139948	766906	244	248	54	0	0	0	0	825	244	245	55	0	0	0	0	824
1374139949	260052	244	248	66	0	0	0	0	826	244	245	0	0	0	0	0	825
1374139949	753328	244	248	52	0	0	0	0	827	244	246	63	0	0	0	0	826
1374139950	246799	244	247	53	0	0	0	0	828	244	246	66	0	0	0	0	827
1374139950	739896	244	248	63	0	0	0	0	829	244	245	0	0	0	0	0	828
1374139951	233219	244	248	61	0	0	0	0	830	244	246	57	0	0	0	0	829
1374139951	726541	244	249	55	0	0	0	0	831	244	246	0	0	0	0	0	830
1374139952	219607	244	246	53	0	0	0	0	832	244	246	0	0	0	0	0	831
1374139952	711866	244	248	54	0	0	0	0	833	244	246	64	0	0	0	0	832
1374139953	203453	244	247	63	0	0	0	0	834	244	246	0	0	0	0	0	833
1374139953	695631	244	248	0	0	0	0	0	835	244	246	56	0	0	0	0	834
1374139954	187050	244	246	54	0	0	0	0	836	244	245	57	0	0	0	0	835
1374139954	680391	244	247	56	0	0	0	0	837	244	245	0	0	0	0	0	836
1374139955	173640	244	248	55	0	0	0	0	838	244	245	0	0	0	0	0	837
1374139955	664937	244	248	56	0	0	0	0	839	244	246	0	0	0	0	0	838
1374139956	157186	244	247	55	0	0	0	0	840	244	246	54	0	0	0	0	839
1374139956	649440	244	247	60	0	0	0	0	841	244	246	56	0	0	0	0	840
1374139957	142823	244	248	62	0	0	0	0	842	244	246	56	0	0	0	0	841
1374139957	636674	244	248	62	0	0	0	0	843	244	246	58	0	0	0	0	842
1374139958	129438	244	248	61	0	0	0	0	844	244	245	56	0	0	0	0	843
1374139958	623777	244	248	60	0	0	0	0	845	244	246	66	0	0	0	0	844
1374139959	116989	244	248	61	0	0	0	0	846	244	246	65	0	0	0	0	845
1374139959	610188	244	247	62	0	0	0	0	847	244	246	66	0	0	0	0	846
1374139960	103478	244	248	57	0	0	0	0	848	244	246	55	0	0	0	0	847
1374139960	596842	244	246	56	0	0	0	0	849	244	246	54	0	0	0	0	848
1374139961	089977	244	247	62	0	0	0	0	850	244	246	66	0	0	0	0	849
1374139961	583347	244	247	62	0	0	0	0	851	244	246	64	0	0	0	0	850
1374139962	076714	244	248	58	0	0	0	0	852	244	246	55	0	0	0	0	851
1374139962	569852	244	248	62	0	0	0	0	853	244	246	64	0	0	0	0	852
1374139963	062369	244	247	57	0	0	0	0	854	244	245	66	0	0	0	0	853
1374139963	555642	244	247	63	0	0	0	0	855	244	246	64	0	0	0	0	854
1374139964	048109	244	246	62	0	0	0	0	856	244	246	57	0	0	0	0	855
1374139964	540146	244	248	0	0	0	0	0	857	244	246	56	0	0	0	0	856
1374139965	032358	244	248	64	0	0	0	0	858	244	245	0	0	0	0	0	857
1374139965	525670	244	247	54	0	0	0	0	859	244	246	56	0	0	0	0	858
1374139966	017869	244	247	55	0	0	0	0	860	244	246	68	0	0	0	0	859
1374139966	509166	244	247	62	0	0	0	0	861	244	246	56	0	0	0	0	860
1374139967	002341	244	248	55	0	0	0	0	862	244	246	58	0	0	0	0	861
1374139967	495819	244	246	54	0	0	0	0	863	244	246	58	0	0	0	0	862
1374139967	988373	244	248	56	0	0	0	0	864	244	245	58	0	0	0	0	863
1374139968	482410	244	246	54	0	0	0	0	865	244	246	69	0	0	0	0	864
1374139968	975657	244	247	54	0	0	0	0	866	244	246	67	0	0	0	0	865
1374139969	469011	244	247	59	0	0	0	0	867	244	245	62	0	0	0	0	866
1374139969	962324	244	248	60	0	0	0	0	868	244	246	65	0	0	0	0	867
1374139970	454551	244	246	58	0	0	0	0	869	244	246	0	0	0	0	0	868
1374139970	947846	244	246	61	0	0	0	0	870	244	246	0	0	0	0	0	869
1374139971	440996	244	247	58	0	0	0	0	871	244	246	56	0	0	0	0	870
1374139971	933232	244	249	56	0	0	0	0	872	244	246	0	0	0	0	0	871
1374139972	425480	244	247	56	0	0	0	0	873	244	246	0	0	0	0	0	872
1374139972	917956	244	248	56	0	0	0	0	874	244	246	57	0	0	0	0	873
1374139973	411248	244	247	56	0	0	0	0	875	244	246	57	0	0	0	0	874
1374139973	903583	244	247	55	0	0	0	0	876	244	246	0	0	0	0	0	875
1374139974	396810	244	247	54	0	0	0	0	877	244	245	65	0	0	0	0	876
1374139974	890081	244	246	55	0	0	0	0	878	244	246	0	0	0	0	0	877
1374139975	382210	244	246	53	0	0	0	0	879	244	246	0	0	0	0	0	878
1374139975	874613	244	247	0	0	0	0	0	880	244	245	0	0	0	0	0	879
1374139976	367922	244	247	58	0	0	0	0	881	244	245	64	0	0	0	0	880
1374139976	860980	244	246	0	0	0	0	0	882	244	245	68	0	0	0	0	881
1374139977	353262	244	248	63	0	0	0	0	883	244	246	70	0	0	0	0	882
1374139977	845663	244	248	54	0	0	0	0	884	244	245	58	0	0	0	0	883
1374139978	337958	244	248	53	0	0	0	0	885	244	245	0	0	0	0	0	884
1374139978	831326	244	248	68	0	0	0	0	886	244	245	0	0	0	0	0	885
1374139979	324529	244	246	0	0	0	0	0	887	244	245	59	0	0	0	0	886
1374139979	817983	244	248	62	0	0	0	0	888	244	246	0	0	0	0	0	887
1374139980	310904	244	249	0	0	0	0	0	889	244	246	65	0	0	0	0	888
1374139980	802362	244	247	54	0	0	0	0	890	244	246	0	0	0	0	0	889
1374139981	294721	244	247	54	0	0	0	0	891	244	246	0	0	0	0	0	890
1374139981	786908	244	247	55	0	0	0	0	892	244	246	55	0	0	0	0	891
1374139982	280169	244	247	54	0	0	0	0	893	244	246	56	0	0	0	0	892
1374139982	773465	244	247	62	0	0	0	0	894	244	246	55	0	0	0	0	893
1374139983	266062	244	248	65	0	0	0	0	895	244	246	67	0	0	0	0	894
1374139983	759174	244	248	62	0	0	0	0	896	244	246	67	0	0	0	0	895
1374139984	252363	244	249	63	0	0	0	0	897	244	245	65	0	0	0	0	896
1374139984	745617	244	249	64	0	0	0	0	898	244	246	0	0	0	0	0	897
1374139985	237845	244	247	62	0	0	0	0	899	244	246	0	0	0	0	0	898
1374139985	730056	244	247	60	0	0	0	0	900	244	246	54	0	0	0	0	899
1374139986	223449	244	246	56	0	0	0	0	901	244	246	65	0	0	0	0	900
1374139986	716636	244	248	61	0	0	0	0	902	244	246	0	0	0	0	0	901
1374139987	209996	244	246	62	0	0	0	0	903	244	246	0	0	0	0	0	902
1374139987	703157	244	247	63	0	0	0	0	904	244	246	0	0	0	0	0	903
1374139988	196621	244	247	59	0	0	0	0	905	244	246	54	0	0	0	0	904
1374139988	689980	244	247	62	0	0	0	0	906	244	246	56	0	0	0	0	905
1374139989	183147	244	247	59	0	0	0	0	907	244	246	55	0	0	0	0	906
1374139989	675455	244	246	61	0	0	0	0	908	244	246	55	0	0	0	0	907
1374139990	169705	244	248	61	0	0	0	0	909	244	246	56	0	0	0	0	908
1374139990	661871	244	246	63	0	0	0	0	910	244	246	54	0	0	0	0	909
1374139991	154151	244	247	63	0	0	0	0	911	244	246	63	0	0	0	0	910
1374139991	646572	244	247	61	0	0	0	0	912	244	246	55	0	0	0	0	911
1374139992	139712	244	247	63	0	0	0	0	913	244	246	55	0	0	0	0	912
1374139992	633893	244	247	56	0	0	0	0	914	244	246	59	0	0	0	0	913
1374139993	127438	244	248	54	0	0	0	0	915	244	246	54	0	0	0	0	914
1374139993	620104	244	247	62	0	0	0	0	916	244	246	68	0	0	0	0	915
1374139994	113864	244	247	61	0	0	0	0	917	244	246	67	0	0	0	0	916
1374139994	605091	244	246	61	0	0	0	0	918	244	246	71	0	0	0	0	917
1374139995	097621	244	248	62	0	0	0	0	919	244	246	65	0	0	0	0	918
1374139995	590789	244	247	63	0	0	0	0	920	244	246	66	0	0	0	0	919
1374139996	083965	244	249	63	0	0	0	0	921	244	246	67	0	0	0	0	920
1374139996	577372	244	246	57	0	0	0	0	922	244	246	69	0	0	0	0	921
1374139997	070595	244	248	54	0	0	0	0	923	244	246	55	0	0	0	0	922
1374139997	563756	244	247	62	0	0	0	0	924	244	246	56	0	0	0	0	923
1374139998	056219	244	248	54	0	0	0	0	925	244	246	54	0	0	0	0	924
1374139998	549463	244	247	54	0	0	0	0	926	244	246	67	0	0	0	0	925
1374139999	041934	244	248	54	0	0	0	0	927	244	246	68	0	0	0	0	926
1374139999	535209	244	246	54	0	0	0	0	928	244	246	65	0	0	0	0	927
1374140000	028366	244	248	56	0	0	0	0	929	244	246	65	0	0	0	0	928
1374140000	522661	244	248	54	0	0	0	0	930	244	246	56	0	0	0	0	929
1374140001	016892	244	248	54	0	0	0	0	931	244	245	55	0	0	0	0	930
1374140001	510102	244	248	54	0	0	0	0	932	244	246	58	0	0	0	0	931
1374140002	003394	244	247	55	0	0	0	0	933	244	246	55	0	0	0	0	932
1374140002	495650	244	247	55	0	0	0	0	934	244	246	54	0	0	0	0	933
1374140002	989153	244	248	55	0	0	0	0	935	244	245	58	0	0	0	0	934
1374140003	481364	244	248	62	0	0	0	0	936	244	246	59	0	0	0	0	935
1374140003	974842	244	247	57	0	0	0	0	937	244	246	55	0	0	0	0	936
1374140004	468015	244	247	62	0	0	0	0	938	244	246	55	0	0	0	0	937
1374140004	961322	244	248	0	0	0	0	0	939	244	246	0	0	0	0	0	938
1374140005	454599	244	248	53	0	0	0	0	940	244	246	63	0	0	0	0	939
1374140005	946755	244	248	0	0	0	0	0	941	244	246	63	0	0	0	0	940
1374140006	439992	244	248	56	0	0	0	0	942	244	246	55	0	0	0	0	941
1374140006	933337	244	247	54	0	0	0	0	943	244	246	65	0	0	0	0	942
1374140007	426726	244	246	56	0	0	0	0	944	244	246	55	0	0	0	0	943
1374140007	919018	244	248	56	0	0	0	0	945	244	245	55	0	0	0	0	944
1374140008	410314	244	248	56	0	0	0	0	946	244	246	55	0	0	0	0	945
1374140008	901605	244	248	57	0	0	0	0	947	244	246	56	0	0	0	0	946
1374140009	394987	244	248	56	0	0	0	0	948	244	246	56	0	0	0	0	947
1374140009	889270	244	247	55	0	0	0	0	949	244	245	68	0	0	0	0	948
1374140010	382639	244	247	54	0	0	0	0	950	244	246	56	0	0	0	0	949
1374140010	876834	244	248	54	0	0	0	0	951	244	246	55	0	0	0	0	950
1374140011	369974	244	248	56	0	0	0	0	952	244	246	55	0	0	0	0	951
1374140011	864223	244	248	64	0	0	0	0	953	244	246	57	0	0	0	0	952
1374140012	357457	244	247	58	0	0	0	0	954	244	246	56	0	0	0	0	953
1374140012	849829	244	248	55	0	0	0	0	955	244	246	0	0	0	0	0	954
1374140013	341502	244	246	64	0	0	0	0	956	244	246	66	0	0	0	0	955
1374140013	833771	244	248	63	0	0	0	0	957	244	246	66	0	0	0	0	956
1374140014	327028	244	246	56	0	0	0	0	958	244	246	55	0	0	0	0	957
1374140014	820093	244	248	56	0	0	0	0	959	244	246	55	0	0	0	0	958
1374140015	313421	244	246	57	0	0	0	0	960	244	246	67	0	0	0	0	959
1374140015	805767	244	247	57	0	0	0	0	961	244	246	67	0	0	0	0	960
1374140016	298922	244	247	54	0	0	0	0	962	244	246	56	0	0	0	0	961
1374140016	793161	244	248	64	0	0	0	0	963	244	246	58	0	0	0	0	962
1374140017	286469	244	247	64	0	0	0	0	964	244	246	54	0	0	0	0	963
1374140017	778817	244	247	55	0	0	0	0	965	244	246	55	0	0	0	0	964
1374140018	271333	244	246	55	0	0	0	0	966	244	246	55	0	0	0	0	965
1374140018	764641	244	247	56	0	0	0	0	967	244	246	55	0	0	0	0	966
1374140019	258005	244	248	54	0	0	0	0	968	244	246	64	0	0	0	0	967
1374140019	751319	244	246	59	0	0	0	0	969	244	246	55	0	0	0	0	968
1374140020	244566	244	247	65	0	0	0	0	970	244	246	65	0	0	0	0	969
1374140020	738846	244	248	64	0	0	0	0	971	244	246	0	0	0	0	0	970
1374140021	232108	244	247	54	0	0	0	0	972	244	246	0	0	0	0	0	971
1374140021	725306	244	247	54	0	0	0	0	973	244	246	56	0	0	0	0	972
1374140022	218601	244	248	55	0	0	0	0	974	244	245	65	0	0	0	0	973
1374140022	712799	244	247	0	0	0	0	0	975	244	245	65	0	0	0	0	974
1374140023	206195	244	248	55	0	0	0	0	976	244	245	56	0	0	0	0	975
1374140023	698640	244	247	0	0	0	0	0	977	244	245	56	0	0	0	0	976
1374140024	190782	244	248	56	0	0	0	0	978	244	245	66	0	0	0	0	977
1374140024	684012	244	247	56	0	0	0	0	979	244	245	66	0	0	0	0	978
1374140025	177289	244	247	66	0	0	0	0	980	244	245	54	0	0	0	0	979
1374140025	670568	244	249	64	0	0	0	0	981	244	245	54	0	0	0	0	980
1374140026	163734	244	247	68	0	0	0	0	982	244	245	0	0	0	0	0	981
1374140026	656236	244	248	53	0	0	0	0	983	244	245	54	0	0	0	0	982
1374140027	149243	244	247	55	0	0	0	0	984	244	245	55	0	0	0	0	983
1374140027	642495	244	247	55	0	0	0	0	985	244	245	66	0	0	0	0	984
1374140028	136085	244	248	57	0	0	0	0	986	244	245	55	0	0	0	0	985
1374140028	629351	244	248	55	0	0	0	0	987	244	245	56	0	0	0	0	986
1374140029	121718	244	247	58	0	0	0	0	988	244	245	67	0	0	0	0	987
1374140029	615999	244	246	54	0	0	0	0	989	244	245	0	0	0	0	0	988
1374140030	109251	244	247	56	0	0	0	0	990	244	245	65	0	0	0	0	989
1374140030	602460	244	247	55	0	0	0	0	991	244	245	54	0	0	0	0	990
1374140031	095977	244	248	54	0	0	0	0	992	244	245	55	0	0	0	0	991
1374140031	589231	244	247	68	0	0	0	0	993	244	245	0	0	0	0	0	992
1374140032	082482	244	247	63	0	0	0	0	994	244	245	67	0	0	0	0	993
1374140032	574819	244	248	79	0	0	0	0	995	244	246	73	0	0	0	0	994
1374140033	067248	244	247	87	0	0	0	0	996	244	246	73	0	0	0	0	995
1374140033	560681	244	246	84	0	0	0	0	997	244	246	85	153	0	0	0	996
1374140034	052988	244	248	80	0	0	0	0	998	244	247	79	0	0	0	0	997
1374140034	546101	244	248	82	0	0	0	0	999	244	246	70	0	0	0	0	998
1374140035	039380	244	246	75	0	0	0	0	1000	244	246	76	0	0	0	0	999
1374140035	532847	244	246	74	0	0	0	0	1001	244	246	72	0	0	0	0	1000
1374140036	025908	244	247	67	0	0	0	0	1002	244	246	86	0	0	0	0	1001
1374140036	519149	244	248	81	0	0	0	0	1003	244	247	78	0	0	0	0	1002
1374140037	012566	244	248	98	0	0	0	0	1004	244	247	0	0	0	0	0	1003
1374140037	504895	244	248	80	0	0	0	0	1005	244	247	0	0	0	0	0	1004
1374140037	998420	244	246	96	0	0	0	0	1006	244	247	108	0	0	0	0	1005
1374140038	491448	244	247	90	0	0	0	0	1007	244	247	78	0	0	0	0	1006
1374140038	985093	244	248	91	0	0	0	0	1008	244	247	78	0	0	0	0	1007
1374140039	478142	244	246	89	0	0	0	0	1009	244	247	78	0	0	0	0	1008
1374140039	971307	244	246	101	0	0	0	0	1010	244	247	0	0	0	0	0	1009
1374140040	464663	244	247	0	0	0	0	0	1011	244	247	96	0	0	0	0	1010
1374140040	957874	244	249	0	0	0	0	0	1012	244	247	78	0	0	0	0	1011
1374140041	451278	244	246	0	0	0	0	0	1013	244	247	82	0	0	0	0	1012
1374140041	944737	244	247	0	0	0	0	0	1014	244	247	77	0	0	0	0	1013
1374140042	438068	244	247	0	0	0	0	0	1015	244	247	77	0	0	0	0	1014
1374140042	930433	244	248	0	0	0	0	0	1016	244	247	77	0	0	0	0	1015
1374140043	423708	244	247	0	0	0	0	0	1017	244	247	81	0	0	0	0	1016
1374140043	916120	244	248	0	0	0	0	0	1018	244	247	78	0	0	0	0	1017
1374140044	409608	244	248	0	0	0	0	0	1019	244	247	78	0	0	0	0	1018
1374140044	902684	244	247	0	0	0	0	0	1020	244	247	78	0	0	0	0	1019
1374140045	394827	244	247	0	0	0	0	0	1021	244	247	77	0	0	0	0	1020
1374140045	888208	244	248	0	0	0	0	0	1022	244	247	78	0	0	0	0	1021
1374140046	381544	244	248	0	0	0	0	0	1023	244	247	78	0	0	0	0	1022
1374140046	873581	244	246	0	0	0	0	0	1024	244	247	77	0	0	0	0	1023
1374140047	365905	244	248	105	0	0	0	0	1025	244	247	78	0	0	0	0	1024
1374140047	858367	244	248	0	0	0	0	0	1026	244	247	78	0	0	0	0	1025
1374140048	351776	244	247	95	0	0	0	0	1027	244	247	78	0	0	0	0	1026
1374140048	845034	244	247	0	0	0	0	0	1028	244	247	78	0	0	0	0	1027
1374140049	337476	244	248	0	0	0	0	0	1029	244	247	78	0	0	0	0	1028
1374140049	830708	244	247	0	0	0	0	0	1030	244	247	78	0	0	0	0	1029
1374140050	322912	244	246	97	0	0	0	0	1031	244	247	77	0	0	0	0	1030
1374140050	816138	244	247	0	0	0	0	0	1032	244	247	77	0	0	0	0	1031
1374140051	309463	244	247	0	0	0	0	0	1033	244	247	78	0	0	0	0	1032
1374140051	803616	244	246	97	0	0	0	0	1034	244	247	78	0	0	0	0	1033
1374140052	296885	244	246	0	0	0	0	0	1035	244	247	78	0	0	0	0	1034
1374140052	788261	244	247	0	0	0	0	0	1036	244	247	78	0	0	0	0	1035
1374140053	281530	244	248	103	0	0	0	0	1037	244	247	77	0	0	0	0	1036
1374140053	774909	244	248	0	0	0	0	0	1038	244	247	77	0	0	0	0	1037
1374140054	268294	244	248	0	0	0	0	0	1039	244	247	77	0	0	0	0	1038
1374140054	760711	244	247	0	0	0	0	0	1040	244	247	80	0	0	0	0	1039
1374140055	252926	244	247	0	0	0	0	0	1041	244	247	79	0	0	0	0	1040
1374140055	745061	244	246	0	0	0	0	0	1042	244	247	77	0	0	0	0	1041
1374140056	238358	244	248	0	0	0	0	0	1043	244	247	77	0	0	0	0	1042
1374140056	731703	244	248	0	0	0	0	0	1044	244	247	77	0	0	0	0	1043
1374140057	225192	244	247	0	0	0	0	0	1045	244	247	85	0	0	0	0	1044
1374140057	717396	244	248	102	0	0	0	0	1046	244	247	77	0	0	0	0	1045
1374140058	209742	244	247	0	0	0	0	0	1047	244	247	78	0	0	0	0	1046
1374140058	703118	244	248	0	0	0	0	0	1048	244	247	97	0	0	0	0	1047
1374140059	195520	244	246	0	0	0	0	0	1049	244	247	97	0	0	0	0	1048
1374140059	688748	244	248	0	0	0	0	0	1050	244	247	97	0	0	0	0	1049
1374140060	181969	244	247	0	0	0	0	0	1051	244	247	77	0	0	0	0	1050
1374140060	675341	244	248	0	0	0	0	0	1052	244	247	0	0	0	0	0	1051
1374140061	167484	244	248	0	0	0	0	0	1053	244	247	0	0	0	0	0	1052
1374140061	660828	244	247	0	0	0	0	0	1054	244	247	97	0	0	0	0	1053
1374140062	154178	244	249	0	0	0	0	0	1055	244	247	97	0	0	0	0	1054
1374140062	645387	244	248	0	0	0	0	0	1056	244	247	79	0	0	0	0	1055
1374140063	137952	244	248	0	0	0	0	0	1057	244	247	80	0	0	0	0	1056
1374140063	631219	244	246	0	0	0	0	0	1058	244	247	97	0	0	0	0	1057
1374140064	123577	244	247	0	0	0	0	0	1059	244	247	0	0	0	0	0	1058
1374140064	616800	244	248	0	0	0	0	0	1060	244	247	0	0	0	0	0	1059
1374140065	109168	244	248	0	0	0	0	0	1061	244	247	78	0	0	0	0	1060
1374140065	602461	244	248	100	0	0	0	0	1062	244	247	77	0	0	0	0	1061
1374140066	094857	244	248	0	0	0	0	0	1063	244	247	0	0	0	0	0	1062
1374140066	588001	244	248	0	0	0	0	0	1064	244	247	78	0	0	0	0	1063
1374140067	081343	244	248	0	0	0	0	0	1065	244	247	78	0	0	0	0	1064
1374140067	574695	244	248	0	0	0	0	0	1066	244	247	78	0	0	0	0	1065
1374140068	067362	244	246	0	0	0	0	0	1067	244	247	78	0	0	0	0	1066
1374140068	559542	244	247	0	0	0	0	0	1068	244	247	78	0	0	0	0	1067
1374140069	052869	244	247	99	0	0	0	0	1069	244	247	78	0	0	0	0	1068
1374140069	545058	244	246	100	0	0	0	0	1070	244	247	78	0	0	0	0	1069
1374140070	037548	244	247	0	0	0	0	0	1071	244	247	78	0	0	0	0	1070
1374140070	530557	244	247	0	0	0	0	0	1072	244	247	84	0	0	0	0	1071
1374140071	023944	244	246	0	0	0	0	0	1073	244	247	85	0	0	0	0	1072
1374140071	516203	244	247	0	0	0	0	0	1074	244	247	84	0	0	0	0	1073
1374140072	008402	244	247	0	0	0	0	0	1075	244	247	78	0	0	0	0	1074
1374140072	501636	244	248	0	0	0	0	0	1076	244	247	84	0	0	0	0	1075
1374140072	995020	244	248	96	0	0	0	0	1077	244	247	78	0	0	0	0	1076
1374140073	486640	244	248	98	0	0	0	0	1078	244	247	78	0	0	0	0	1077
1374140073	978884	244	248	96	0	0	0	0	1079	244	247	84	0	0	0	0	1078
1374140074	472947	244	249	98	0	0	0	0	1080	244	247	78	0	0	0	0	1079
1374140074	965439	244	246	0	0	0	0	0	1081	244	247	77	0	0	0	0	1080
1374140075	458650	244	248	0	0	0	0	0	1082	244	247	78	0	0	0	0	1081
1374140075	951923	244	246	0	0	0	0	0	1083	244	247	78	0	0	0	0	1082
1374140076	445220	244	248	0	0	0	0	0	1084	244	247	78	0	0	0	0	1083
1374140076	938641	244	246	127	0	0	0	0	1085	244	247	77	0	0	0	0	1084
1374140077	431747	244	248	128	0	0	0	0	1086	244	247	77	0	0	0	0	1085
1374140077	924205	244	248	0	0	0	0	0	1087	244	247	0	0	0	0	0	1086
1374140078	416528	244	247	0	0	0	0	0	1088	244	247	0	0	0	0	0	1087
1374140078	910097	244	248	0	0	0	0	0	1089	244	247	100	173	0	0	0	1088
1374140079	402182	244	247	96	0	0	0	0	1090	244	247	80	0	0	0	0	1089
1374140079	894348	244	248	98	0	0	0	0	1091	244	247	77	0	0	0	0	1090
1374140080	385701	244	247	78	0	0	0	0	1092	244	247	83	0	0	0	0	1091
1374140080	879014	244	247	78	0	0	0	0	1093	244	247	99	0	0	0	0	1092
1374140081	372324	244	246	97	0	0	0	0	1094	244	246	77	0	0	0	0	1093
1374140081	865495	244	248	99	0	0	0	0	1095	244	247	0	0	0	0	0	1094
1374140082	358799	244	246	98	0	0	0	0	1096	244	247	79	0	0	0	0	1095
1374140082	851036	244	246	0	0	0	0	0	1097	244	247	78	0	0	0	0	1096
1374140083	342375	244	248	101	0	0	0	0	1098	244	247	80	0	0	0	0	1097
1374140083	835766	244	246	0	0	0	0	0	1099	244	247	80	0	0	0	0	1098
1374140084	329049	244	246	98	0	0	0	0	1100	244	247	80	0	0	0	0	1099
1374140084	822252	244	248	97	0	0	0	0	1101	244	247	78	0	0	0	0	1100
1374140085	316523	244	246	0	0	0	0	0	1102	244	247	0	0	0	0	0	1101
1374140085	809705	244	247	0	0	0	0	0	1103	244	247	80	0	0	0	0	1102
1374140086	302034	244	248	100	0	0	0	0	1104	244	247	80	0	0	0	0	1103
1374140086	796320	244	246	0	0	0	0	0	1105	244	247	162	0	0	0	0	1104
1374140087	289769	244	247	0	0	0	0	0	1106	244	247	82	0	0	0	0	1105
1374140087	781868	244	248	99	0	0	0	0	1107	244	247	80	0	0	0	0	1106
1374140088	274283	244	247	96	0	0	0	0	1108	244	247	80	0	0	0	0	1107
1374140088	767566	244	246	97	0	0	0	0	1109	244	247	78	0	0	0	0	1108
1374140089	259870	244	248	96	0	0	0	0	1110	244	247	77	0	0	0	0	1109
1374140089	752360	244	248	96	0	0	0	0	1111	244	247	77	0	0	0	0	1110
1374140090	244423	244	247	96	0	0	0	0	1112	244	247	78	0	0	0	0	1111
1374140090	737710	244	247	98	0	0	0	0	1113	244	247	77	0	0	0	0	1112
1374140091	231117	244	247	97	0	0	0	0	1114	244	247	77	0	0	0	0	1113
1374140091	724192	244	246	96	0	0	0	0	1115	244	247	77	0	0	0	0	1114
1374140092	216638	244	247	97	0	0	0	0	1116	244	247	0	0	0	0	0	1115
1374140092	709743	244	248	96	0	0	0	0	1117	244	247	78	0	0	0	0	1116
1374140093	201343	244	247	97	0	0	0	0	1118	244	247	78	0	0	0	0	1117
1374140093	693723	244	248	97	0	0	0	0	1119	244	247	77	0	0	0	0	1118
1374140094	187190	244	247	98	0	0	0	0	1120	244	247	77	0	0	0	0	1119
1374140094	680308	244	248	98	0	0	0	0	1121	244	247	77	0	0	0	0	1120
1374140095	173386	244	247	97	0	0	0	0	1122	244	247	78	0	0	0	0	1121
1374140095	666916	244	248	97	0	0	0	0	1123	244	248	0	0	0	0	0	1122
1374140096	160007	244	247	96	0	0	0	0	1124	244	247	0	0	0	0	0	1123
1374140096	653343	244	248	97	0	0	0	0	1125	244	247	77	0	0	0	0	1124
1374140097	145679	244	247	98	0	0	0	0	1126	244	247	78	0	0	0	0	1125
1374140097	637867	244	248	98	0	0	0	0	1127	244	247	77	0	0	0	0	1126
1374140098	131431	244	246	0	0	0	0	0	1128	244	247	0	0	0	0	0	1127
1374140098	624711	244	246	0	0	0	0	0	1129	244	247	0	0	0	0	0	1128
1374140099	118006	244	249	0	0	0	0	0	1130	244	247	78	0	0	0	0	1129
1374140099	611308	244	248	100	0	0	0	0	1131	244	247	77	0	0	0	0	1130
1374140100	104379	244	246	97	0	0	0	0	1132	244	247	108	0	0	0	0	1131
1374140100	597734	244	247	99	0	0	0	0	1133	244	247	104	0	0	0	0	1132
1374140101	091049	244	247	0	0	0	0	0	1134	244	247	77	0	0	0	0	1133
1374140101	584347	244	247	0	0	0	0	0	1135	244	247	77	0	0	0	0	1134
1374140102	077523	244	248	0	0	0	0	0	1136	244	247	77	0	0	0	0	1135
1374140102	571000	244	249	0	0	0	0	0	1137	244	247	78	0	0	0	0	1136
1374140103	063567	244	247	0	0	0	0	0	1138	244	247	77	0	0	0	0	1137
1374140103	556795	244	247	0	0	0	0	0	1139	244	247	78	0	0	0	0	1138
1374140104	050171	244	246	0	0	0	0	0	1140	244	247	80	0	0	0	0	1139
1374140104	543392	244	248	99	0	0	0	0	1141	244	247	78	0	0	0	0	1140
1374140105	035531	244	246	99	0	0	0	0	1142	244	247	78	0	0	0	0	1141
1374140105	528950	244	248	98	0	0	0	0	1143	244	247	78	0	0	0	0	1142
1374140106	022112	244	247	0	0	0	0	0	1144	244	247	78	0	0	0	0	1143
1374140106	514585	244	247	0	0	0	0	0	1145	244	247	79	0	0	0	0	1144
1374140107	007776	244	247	0	0	0	0	0	1146	244	247	81	0	0	0	0	1145
1374140107	499221	244	248	0	0	0	0	0	1147	244	247	99	0	0	0	0	1146
1374140107	992822	244	247	0	0	0	0	0	1148	244	247	79	0	0	0	0	1147
1374140108	485920	244	247	0	0	0	0	0	1149	244	247	78	0	0	0	0	1148
1374140108	980247	244	248	0	0	0	0	0	1150	244	247	78	0	0	0	0	1149
1374140109	473483	244	247	0	0	0	0	0	1151	244	247	81	0	0	0	0	1150
1374140109	966838	244	248	0	0	0	0	0	1152	244	247	84	0	0	0	0	1151
1374140110	458959	244	247	0	0	0	0	0	1153	244	247	99	0	0	0	0	1152
1374140110	951380	244	248	0	0	0	0	0	1154	244	247	98	0	0	0	0	1153
1374140111	443884	244	247	0	0	0	0	0	1155	244	247	99	0	0	0	0	1154
1374140111	936069	244	247	0	0	0	0	0	1156	244	247	99	0	0	0	0	1155
1374140112	430135	244	248	0	0	0	0	0	1157	244	247	0	0	0	0	0	1156
1374140112	923545	244	248	0	0	0	0	0	1158	244	247	98	0	0	0	0	1157
1374140113	415861	244	248	103	0	0	0	0	1159	244	247	0	0	0	0	0	1158
1374140113	909209	244	247	0	0	0	0	0	1160	244	247	0	0	0	0	0	1159
1374140114	401651	244	248	0	0	0	0	0	1161	244	247	0	0	0	0	0	1160
1374140114	894721	244	249	0	0	0	0	0	1162	244	247	0	0	0	0	0	1161
1374140115	387969	244	247	0	0	0	0	0	1163	244	247	98	0	0	0	0	1162
1374140115	881348	244	247	0	0	0	0	0	1164	244	247	97	0	0	0	0	1163
1374140116	373641	244	247	0	0	0	0	0	1165	244	247	98	0	0	0	0	1164
1374140116	866724	244	248	0	0	0	0	0	1166	244	247	98	0	0	0	0	1165
1374140117	360073	244	247	0	0	0	0	0	1167	244	247	97	0	0	0	0	1166
1374140117	853357	244	248	99	0	0	0	0	1168	244	247	0	0	0	0	0	1167
1374140118	344890	244	247	99	0	0	0	0	1169	244	247	0	0	0	0	0	1168
1374140118	838014	244	247	0	0	0	0	0	1170	244	247	98	0	0	0	0	1169
1374140119	331414	244	247	0	0	0	0	0	1171	244	247	82	0	0	0	0	1170
1374140119	824526	244	247	0	0	0	0	0	1172	244	247	98	0	0	0	0	1171
1374140120	316948	244	247	99	0	0	0	0	1173	244	247	106	0	0	0	0	1172
1374140120	810215	244	247	0	0	0	0	0	1174	244	247	106	0	0	0	0	1173
1374140121	303475	244	249	0	0	0	0	0	1175	244	247	99	0	0	0	0	1174
1374140121	796711	244	246	99	0	0	0	0	1176	244	247	106	0	0	0	0	1175
1374140122	289958	244	247	102	0	0	0	0	1177	244	247	0	0	0	0	0	1176
1374140122	782333	244	247	102	0	0	0	0	1178	244	247	0	0	0	0	0	1177
1374140123	274676	244	247	0	0	0	0	0	1179	244	247	100	0	0	0	0	1178
1374140123	766946	244	247	100	0	0	0	0	1180	244	247	99	0	0	0	0	1179
1374140124	260287	244	247	0	0	0	0	0	1181	244	247	99	0	0	0	0	1180
1374140124	752609	244	247	0	0	0	0	0	1182	244	247	81	0	0	0	0	1181
1374140125	245659	244	247	0	0	0	0	0	1183	244	247	82	0	0	0	0	1182
1374140125	739199	244	248	0	0	0	0	0	1184	244	247	82	0	0	0	0	1183
1374140126	232579	244	246	0	0	0	0	0	1185	244	247	82	0	0	0	0	1184
1374140126	725521	244	247	0	0	0	0	0	1186	244	247	83	0	0	0	0	1185
1374140127	217967	244	248	100	0	0	0	0	1187	244	247	83	0	0	0	0	1186
1374140127	711177	244	247	101	0	0	0	0	1188	244	247	83	0	0	0	0	1187
1374140128	204716	244	247	100	0	0	0	0	1189	244	247	84	0	0	0	0	1188
1374140128	697922	244	248	0	0	0	0	0	1190	244	247	78	0	0	0	0	1189
1374140129	191034	244	247	0	0	0	0	0	1191	244	247	80	0	0	0	0	1190
1374140129	684431	244	248	101	0	0	0	0	1192	244	247	78	0	0	0	0	1191
1374140130	176721	244	247	102	0	0	0	0	1193	244	247	80	0	0	0	0	1192
1374140130	670050	244	248	100	0	0	0	0	1194	244	247	78	0	0	0	0	1193
1374140131	164700	244	247	99	0	0	0	0	1195	244	247	78	0	0	0	0	1194
1374140131	656818	244	249	100	0	0	0	0	1196	244	247	78	0	0	0	0	1195
1374140132	149975	244	247	100	0	0	0	0	1197	244	247	82	0	0	0	0	1196
1374140132	643255	244	248	99	0	0	0	0	1198	244	247	84	0	0	0	0	1197
1374140133	135768	244	248	101	0	0	0	0	1199	244	247	78	0	0	0	0	1198
1374140133	630161	244	248	0	0	0	0	0	1200	244	247	78	0	0	0	0	1199
1374140134	123470	244	247	0	0	0	0	0	1201	244	247	78	0	0	0	0	1200
1374140134	616625	244	246	98	0	0	0	0	1202	244	247	79	0	0	0	0	1201
1374140135	110050	244	248	100	0	0	0	0	1203	244	247	83	0	0	0	0	1202
1374140135	603219	244	247	99	0	0	0	0	1204	244	247	83	0	0	0	0	1203
1374140136	097597	244	247	99	0	0	0	0	1205	244	247	78	0	0	0	0	1204
1374140136	590891	244	247	99	0	0	0	0	1206	244	247	78	0	0	0	0	1205
1374140137	084208	244	247	99	0	0	0	0	1207	244	247	98	0	0	0	0	1206
1374140137	577516	244	247	0	0	0	0	0	1208	244	247	97	0	0	0	0	1207
1374140138	070958	244	248	102	0	0	0	0	1209	244	247	97	0	0	0	0	1208
1374140138	564395	244	246	100	0	0	0	0	1210	244	247	97	0	0	0	0	1209
1374140139	057693	244	248	99	0	0	0	0	1211	244	247	80	0	0	0	0	1210
1374140139	550812	244	248	101	0	0	0	0	1212	244	247	80	0	0	0	0	1211
1374140140	043242	244	247	99	0	0	0	0	1213	244	247	78	0	0	0	0	1212
1374140140	536780	244	247	98	0	0	0	0	1214	244	247	78	0	0	0	0	1213
1374140141	029896	244	247	0	0	0	0	0	1215	244	247	77	0	0	0	0	1214
1374140141	523203	244	248	0	0	0	0	0	1216	244	247	78	0	0	0	0	1215
1374140142	017308	244	248	0	0	0	0	0	1217	244	247	84	0	0	0	0	1216
1374140142	509718	244	247	0	0	0	0	0	1218	244	247	86	0	0	0	0	1217
1374140143	003078	244	249	0	0	0	0	0	1219	244	247	86	0	0	0	0	1218
1374140143	495494	244	247	0	0	0	0	0	1220	244	247	78	0	0	0	0	1219
1374140143	988817	244	248	0	0	0	0	0	1221	244	247	78	0	0	0	0	1220
1374140144	480909	244	248	0	0	0	0	0	1222	244	247	84	0	0	0	0	1221
1374140144	975274	244	248	0	0	0	0	0	1223	244	247	78	0	0	0	0	1222
1374140145	468619	244	246	0	0	0	0	0	1224	244	247	78	0	0	0	0	1223
1374140145	961808	244	248	109	0	0	0	0	1225	244	247	78	0	0	0	0	1224
1374140146	454035	244	247	107	0	0	0	0	1226	244	247	78	0	0	0	0	1225
1374140146	947264	244	248	99	0	0	0	0	1227	244	247	76	0	0	0	0	1226
1374140147	440693	244	248	101	0	0	0	0	1228	244	247	78	0	0	0	0	1227
1374140147	934062	244	246	0	0	0	0	0	1229	244	247	77	0	0	0	0	1228
1374140148	427259	244	247	100	0	0	0	0	1230	244	247	84	0	0	0	0	1229
1374140148	920815	244	247	100	0	0	0	0	1231	244	247	78	0	0	0	0	1230
1374140149	413941	244	247	0	0	0	0	0	1232	244	247	78	0	0	0	0	1231
1374140149	907063	244	248	106	0	0	0	0	1233	244	247	78	0	0	0	0	1232
1374140150	400534	244	248	0	0	0	0	0	1234	244	247	97	0	0	0	0	1233
1374140150	893678	244	247	100	0	0	0	0	1235	244	247	98	0	0	0	0	1234
1374140151	385895	244	248	100	0	0	0	0	1236	244	247	0	0	0	0	0	1235
1374140151	880293	244	247	68	0	0	0	0	1237	244	246	73	170	0	0	0	1236
1374140152	373567	244	249	72	0	0	0	0	1238	244	246	71	0	0	0	0	1237
1374140152	867011	244	247	67	0	0	0	0	1239	244	246	69	0	0	0	0	1238
1374140153	359076	244	247	65	0	0	0	0	1240	244	246	74	0	0	0	0	1239
1374140153	852528	244	247	66	0	0	0	0	1241	244	246	71	0	0	0	0	1240
1374140154	344889	244	246	52	0	0	0	0	1242	244	245	67	0	0	0	0	1241
1374140154	839122	244	246	67	0	0	0	0	1243	244	246	66	0	0	0	0	1242
1374140155	331447	244	246	71	0	0	0	0	1244	244	246	0	0	0	0	0	1243
1374140155	825870	244	247	61	0	0	0	0	1245	244	246	88	0	0	0	0	1244
1374140156	319108	244	246	53	0	0	0	0	1246	244	246	0	0	0	0	0	1245
1374140156	811423	244	246	41	0	0	0	0	1247	244	246	0	0	0	0	0	1246
1374140157	306755	244	247	38	0	0	0	0	1248	244	246	0	0	0	0	0	1247
1374140157	798911	244	246	38	0	0	0	0	1249	244	246	0	0	0	0	0	1248
1374140158	291495	244	247	37	0	0	0	0	1250	244	246	0	0	0	0	0	1249
1374140158	786614	244	247	38	0	0	0	0	1251	244	246	0	0	0	0	0	1250
1374140159	280017	244	247	38	0	0	0	0	1252	244	246	0	0	0	0	0	1251
1374140159	773281	244	246	41	0	0	0	0	1253	244	246	0	0	0	0	0	1252
1374140160	266546	244	247	0	0	0	0	0	1254	244	246	0	0	0	0	0	1253
1374140160	760733	244	246	58	0	0	0	0	1255	244	246	0	0	0	0	0	1254
1374140161	254209	244	246	58	0	0	0	0	1256	244	246	0	0	0	0	0	1255
1374140161	746751	244	246	0	0	0	0	0	1257	244	246	0	0	0	0	0	1256
1374140162	238871	244	246	0	0	0	0	0	1258	244	246	0	0	0	0	0	1257
1374140162	732249	244	246	56	0	0	0	0	1259	244	246	0	0	0	0	0	1258
1374140163	225799	244	246	57	0	0	0	0	1260	244	246	0	0	0	0	0	1259
1374140163	718925	244	246	58	0	0	0	0	1261	244	246	0	0	0	0	0	1260
1374140164	212241	244	246	0	0	0	0	0	1262	244	246	0	0	0	0	0	1261
1374140164	706746	244	246	41	0	0	0	0	1263	244	246	0	0	0	0	0	1262
1374140165	200817	244	246	38	0	0	0	0	1264	244	246	0	0	0	0	0	1263
1374140165	693161	244	247	37	0	0	0	0	1265	244	246	0	0	0	0	0	1264
1374140166	187314	244	246	38	0	0	0	0	1266	244	246	0	0	0	0	0	1265
1374140166	679591	244	246	38	0	0	0	0	1267	244	246	0	0	0	0	0	1266
1374140167	173921	244	246	56	0	0	0	0	1268	244	246	0	0	0	0	0	1267
1374140167	668267	244	246	45	0	0	0	0	1269	244	246	0	0	0	0	0	1268
1374140168	161850	244	246	55	0	0	0	0	1270	244	246	0	0	0	0	0	1269
1374140168	655276	244	247	54	0	0	0	0	1271	244	246	0	0	0	0	0	1270
1374140169	147305	244	247	54	0	0	0	0	1272	244	247	0	0	0	0	0	1271
1374140169	641568	244	247	38	0	0	0	0	1273	244	246	0	0	0	0	0	1272
1374140170	135740	244	246	39	0	0	0	0	1274	244	246	0	0	0	0	0	1273
1374140170	628997	244	246	37	0	0	0	0	1275	244	246	0	0	0	0	0	1274
1374140171	123410	244	246	38	0	0	0	0	1276	244	246	0	0	0	0	0	1275
1374140171	615656	244	246	40	0	0	0	0	1277	244	247	0	0	0	0	0	1276
1374140172	107981	244	247	42	0	0	0	0	1278	244	246	0	0	0	0	0	1277
1374140172	601282	244	246	39	0	0	0	0	1279	244	247	0	0	0	0	0	1278
1374140173	096703	244	247	39	0	0	0	0	1280	244	246	0	0	0	0	0	1279
1374140173	589129	244	246	40	0	0	0	0	1281	244	246	0	0	0	0	0	1280
1374140174	083366	244	246	38	0	0	0	0	1282	244	247	0	0	0	0	0	1281
1374140174	576514	244	246	39	0	0	0	0	1283	244	246	0	0	0	0	0	1282
1374140175	070922	244	246	38	0	0	0	0	1284	244	246	0	0	0	0	0	1283
1374140175	562952	244	246	38	0	0	0	0	1285	244	246	0	0	0	0	0	1284
1374140176	056373	244	246	38	0	0	0	0	1286	244	246	0	0	0	0	0	1285
1374140176	548602	244	248	0	0	0	0	0	1287	244	246	0	0	0	0	0	1286
1374140177	043088	244	247	57	0	0	0	0	1288	244	246	0	0	0	0	0	1287
1374140177	536250	244	246	44	0	0	0	0	1289	244	246	0	0	0	0	0	1288
1374140178	029772	244	246	56	0	0	0	0	1290	244	246	0	0	0	0	0	1289
1374140178	523202	244	247	42	0	0	0	0	1291	244	246	0	0	0	0	0	1290
1374140179	016314	244	246	42	0	0	0	0	1292	244	246	0	0	0	0	0	1291
1374140179	509718	244	246	42	0	0	0	0	1293	244	246	0	0	0	0	0	1292
1374140180	002904	244	247	41	0	0	0	0	1294	244	246	0	0	0	0	0	1293
1374140180	496171	244	246	41	0	0	0	0	1295	244	246	0	0	0	0	0	1294
1374140180	988576	244	248	44	0	0	0	0	1296	244	246	0	0	0	0	0	1295
1374140181	481567	244	246	59	0	0	0	0	1297	244	246	0	0	0	0	0	1296
1374140181	974821	244	246	55	0	0	0	0	1298	244	246	0	0	0	0	0	1297
1374140182	467390	244	246	42	0	0	0	0	1299	244	246	0	0	0	0	0	1298
1374140182	960570	244	247	54	0	0	0	0	1300	244	246	0	0	0	0	0	1299
1374140183	452889	244	247	55	0	0	0	0	1301	244	246	0	0	0	0	0	1300
1374140183	946138	244	247	55	0	0	0	0	1302	244	246	0	0	0	0	0	1301
1374140184	437672	244	247	55	0	0	0	0	1303	244	246	0	0	0	0	0	1302
1374140184	929917	244	246	55	0	0	0	0	1304	244	246	0	0	0	0	0	1303
1374140185	421142	244	246	55	0	0	0	0	1305	244	246	0	0	0	0	0	1304
1374140185	914362	244	247	54	0	0	0	0	1306	244	246	0	0	0	0	0	1305
1374140186	407616	244	247	36	0	0	0	0	1307	244	246	0	0	0	0	0	1306
1374140186	901840	244	247	37	0	0	0	0	1308	244	246	0	0	0	0	0	1307
1374140187	394080	244	246	55	0	0	0	0	1309	244	246	0	0	0	0	0	1308
1374140187	886581	244	247	54	0	0	0	0	1310	244	246	0	0	0	0	0	1309
1374140188	380084	244	247	54	0	0	0	0	1311	244	246	0	0	0	0	0	1310
1374140188	872442	244	247	54	0	0	0	0	1312	244	246	0	0	0	0	0	1311
1374140189	365604	244	247	43	0	0	0	0	1313	244	246	0	0	0	0	0	1312
1374140189	860946	244	247	54	0	0	0	0	1314	244	246	0	0	0	0	0	1313
1374140190	353115	244	247	54	0	0	0	0	1315	244	246	0	0	0	0	0	1314
1374140190	849604	244	247	56	0	0	0	0	1316	244	246	0	0	0	0	0	1315
1374140191	341906	244	248	60	0	0	0	0	1317	244	246	0	0	0	0	0	1316
1374140191	835164	244	248	58	0	0	0	0	1318	244	246	0	0	0	0	0	1317
1374140192	327486	244	246	57	0	0	0	0	1319	244	246	0	0	0	0	0	1318
1374140192	819641	244	248	42	0	0	0	0	1320	244	246	0	0	0	0	0	1319
1374140193	311126	244	247	42	0	0	0	0	1321	244	246	0	0	0	0	0	1320
1374140193	804559	244	246	44	0	0	0	0	1322	244	246	0	0	0	0	0	1321
1374140194	297691	244	246	54	0	0	0	0	1323	244	246	0	0	0	0	0	1322
1374140194	789869	244	246	58	0	0	0	0	1324	244	246	0	0	0	0	0	1323
1374140195	284326	244	247	59	0	0	0	0	1325	244	246	0	0	0	0	0	1324
1374140195	776750	244	247	55	0	0	0	0	1326	244	246	0	0	0	0	0	1325
1374140196	270873	244	246	55	0	0	0	0	1327	244	246	0	0	0	0	0	1326
1374140196	763080	244	247	56	0	0	0	0	1328	244	246	0	0	0	0	0	1327
1374140197	257439	244	246	56	0	0	0	0	1329	244	246	0	0	0	0	0	1328
1374140197	750588	244	246	55	0	0	0	0	1330	244	246	0	0	0	0	0	1329
1374140198	242161	244	247	55	0	0	0	0	1331	244	246	169	0	0	0	0	1330
1374140198	737372	244	247	56	0	0	0	0	1332	244	246	0	0	0	0	0	1331
1374140199	230027	244	247	55	0	0	0	0	1333	244	246	0	0	0	0	0	1332
1374140199	724211	244	248	42	0	0	0	0	1334	244	246	0	0	0	0	0	1333
1374140200	218612	244	246	0	0	0	0	0	1335	244	246	0	0	0	0	0	1334
1374140200	711779	244	247	0	0	0	0	0	1336	244	246	0	0	0	0	0	1335
1374140201	205021	244	246	0	0	0	0	0	1337	244	246	0	0	0	0	0	1336
1374140201	698349	244	246	56	0	0	0	0	1338	244	246	0	0	0	0	0	1337
1374140202	191613	244	246	41	0	0	0	0	1339	244	246	0	0	0	0	0	1338
1374140202	685888	244	247	41	0	0	0	0	1340	244	246	0	0	0	0	0	1339
1374140203	179362	244	247	54	0	0	0	0	1341	244	246	0	0	0	0	0	1340
1374140203	670690	244	248	54	0	0	0	0	1342	244	246	0	0	0	0	0	1341
1374140204	164892	244	247	54	0	0	0	0	1343	244	246	0	0	0	0	0	1342
1374140204	658204	244	247	44	0	0	0	0	1344	244	246	0	0	0	0	0	1343
1374140205	152269	244	246	55	0	0	0	0	1345	244	246	0	0	0	0	0	1344
1374140205	644654	244	247	42	0	0	0	0	1346	244	246	0	0	0	0	0	1345
1374140206	137914	244	248	54	0	0	0	0	1347	244	246	0	0	0	0	0	1346
1374140206	631227	244	246	41	0	0	0	0	1348	244	246	0	0	0	0	0	1347
1374140207	125371	244	246	38	0	0	0	0	1349	244	246	0	0	0	0	0	1348
1374140207	617740	244	247	52	0	0	0	0	1350	244	247	0	0	0	0	0	1349
1374140208	111069	244	247	52	0	0	0	0	1351	244	246	0	0	0	0	0	1350
1374140208	603490	244	246	38	0	0	0	0	1352	244	246	0	0	0	0	0	1351
1374140209	097595	244	247	36	0	0	0	0	1353	244	246	0	0	0	0	0	1352
1374140209	589972	244	246	36	0	0	0	0	1354	244	246	0	0	0	0	0	1353
1374140210	083271	244	246	37	0	0	0	0	1355	244	246	0	0	0	0	0	1354
1374140210	577487	244	246	36	0	0	0	0	1356	244	246	0	0	0	0	0	1355
1374140211	070036	244	248	36	0	0	0	0	1357	244	246	0	0	0	0	0	1356
1374140211	563166	244	247	36	0	0	0	0	1358	244	246	0	0	0	0	0	1357
1374140212	057455	244	247	36	0	0	0	0	1359	244	246	0	0	0	0	0	1358
1374140212	550749	244	247	36	0	0	0	0	1360	244	247	0	0	0	0	0	1359
1374140213	044275	244	246	36	0	0	0	0	1361	244	246	0	0	0	0	0	1360
1374140213	537624	244	247	36	0	0	0	0	1362	244	246	0	0	0	0	0	1361
1374140214	029858	244	247	36	0	0	0	0	1363	244	246	0	0	0	0	0	1362
1374140214	523034	244	248	36	0	0	0	0	1364	244	246	0	0	0	0	0	1363
1374140215	016533	244	246	36	0	0	0	0	1365	244	246	0	0	0	0	0	1364
1374140215	510539	244	246	36	0	0	0	0	1366	244	246	0	0	0	0	0	1365
1374140216	004867	244	246	36	0	0	0	0	1367	244	246	0	0	0	0	0	1366
1374140216	498090	244	246	37	0	0	0	0	1368	244	246	0	0	0	0	0	1367
1374140216	990316	244	246	59	0	0	0	0	1369	244	246	0	0	0	0	0	1368
1374140217	484437	244	247	37	0	0	0	0	1370	244	246	0	0	0	0	0	1369
1374140217	979167	244	247	36	0	0	0	0	1371	244	246	0	0	0	0	0	1370
1374140218	471374	244	247	37	0	0	0	0	1372	244	246	0	0	0	0	0	1371
1374140218	966600	244	247	53	0	0	0	0	1373	244	246	0	0	0	0	0	1372
1374140219	459939	244	246	57	0	0	0	0	1374	244	246	0	0	0	0	0	1373
1374140219	954150	244	247	58	0	0	0	0	1375	244	246	0	0	0	0	0	1374
1374140220	448238	244	246	38	0	0	0	0	1376	244	246	0	0	0	0	0	1375
1374140220	940499	244	247	38	0	0	0	0	1377	244	246	0	0	0	0	0	1376
1374140221	434063	244	246	37	0	0	0	0	1378	244	246	0	0	0	0	0	1377
1374140221	926110	244	246	37	0	0	0	0	1379	244	246	0	0	0	0	0	1378
1374140222	420491	244	247	37	0	0	0	0	1380	244	246	0	0	0	0	0	1379
1374140222	913087	244	246	37	0	0	0	0	1381	244	246	0	0	0	0	0	1380
1374140223	405230	244	247	36	0	0	0	0	1382	244	246	0	0	0	0	0	1381
1374140223	898540	244	246	37	0	0	0	0	1383	244	246	0	0	0	0	0	1382
1374140224	391038	244	247	36	0	0	0	0	1384	244	246	0	0	0	0	0	1383
1374140224	884271	244	246	35	0	0	0	0	1385	244	246	0	0	0	0	0	1384
1374140225	376554	244	246	36	0	0	0	0	1386	244	246	0	0	0	0	0	1385
1374140225	867904	244	247	36	0	0	0	0	1387	244	246	0	0	0	0	0	1386
1374140226	362223	244	247	0	0	0	0	0	1388	244	246	0	0	0	0	0	1387
1374140226	855528	244	247	59	0	0	0	0	1389	244	246	0	0	0	0	0	1388
1374140227	349676	244	246	38	0	0	0	0	1390	244	246	0	0	0	0	0	1389
1374140227	843120	244	246	55	0	0	0	0	1391	244	246	0	0	0	0	0	1390
1374140228	336515	244	247	54	0	0	0	0	1392	244	246	0	0	0	0	0	1391
1374140228	829833	244	248	39	0	0	0	0	1393	244	246	0	0	0	0	0	1392
1374140229	323147	244	246	39	0	0	0	0	1394	244	246	0	0	0	0	0	1393
1374140229	816216	244	247	56	0	0	0	0	1395	244	246	0	0	0	0	0	1394
1374140230	309557	244	246	39	0	0	0	0	1396	244	246	0	0	0	0	0	1395
1374140230	802734	244	247	56	0	0	0	0	1397	244	246	0	0	0	0	0	1396
1374140231	295192	244	246	38	0	0	0	0	1398	244	246	0	0	0	0	0	1397
1374140231	789403	244	248	39	0	0	0	0	1399	244	246	0	0	0	0	0	1398
1374140232	282643	244	247	38	0	0	0	0	1400	244	246	149	0	0	0	0	1399
1374140232	774754	244	247	40	0	0	0	0	1401	244	246	0	0	0	0	0	1400
1374140233	268317	244	247	36	0	0	0	0	1402	244	246	0	0	0	0	0	1401
1374140233	760513	244	247	55	0	0	0	0	1403	244	246	0	0	0	0	0	1402
1374140234	253855	244	246	58	0	0	0	0	1404	244	247	0	0	0	0	0	1403
1374140234	748120	244	248	38	0	0	0	0	1405	244	246	0	0	0	0	0	1404
1374140235	240562	244	246	37	0	0	0	0	1406	244	246	0	0	0	0	0	1405
1374140235	733671	244	247	37	0	0	0	0	1407	244	246	0	0	0	0	0	1406
1374140236	226947	244	246	37	0	0	0	0	1408	244	246	0	0	0	0	0	1407
1374140236	720324	244	247	37	0	0	0	0	1409	244	246	0	0	0	0	0	1408
1374140237	213441	244	246	37	0	0	0	0	1410	244	246	0	0	0	0	0	1409
1374140237	706934	244	247	37	0	0	0	0	1411	244	246	0	0	0	0	0	1410
1374140238	201310	244	247	37	0	0	0	0	1412	244	246	0	0	0	0	0	1411
1374140238	694652	244	248	37	0	0	0	0	1413	244	246	0	0	0	0	0	1412
1374140239	188924	244	246	54	0	0	0	0	1414	244	246	0	0	0	0	0	1413
1374140239	681103	244	246	45	0	0	0	0	1415	244	246	0	0	0	0	0	1414
1374140240	174308	244	247	53	0	0	0	0	1416	244	246	0	0	0	0	0	1415
1374140240	667699	244	246	44	0	0	0	0	1417	244	246	0	0	0	0	0	1416
1374140241	161916	244	248	56	0	0	0	0	1418	244	246	0	0	0	0	0	1417
1374140241	655211	244	247	41	0	0	0	0	1419	244	246	0	0	0	0	0	1418
1374140242	148708	244	246	49	0	0	0	0	1420	244	246	0	0	0	0	0	1419
1374140242	641947	244	247	49	0	0	0	0	1421	244	246	0	0	0	0	0	1420
1374140243	134332	244	246	49	0	0	0	0	1422	244	246	0	0	0	0	0	1421
1374140243	626688	244	246	50	0	0	0	0	1423	244	246	0	0	0	0	0	1422
1374140244	120280	244	247	50	0	0	0	0	1424	244	246	0	0	0	0	0	1423
1374140244	613397	244	248	54	0	0	0	0	1425	244	246	0	0	0	0	0	1424
1374140245	105765	244	246	45	0	0	0	0	1426	244	246	0	0	0	0	0	1425
1374140245	599281	244	248	44	0	0	0	0	1427	244	246	0	0	0	0	0	1426
1374140246	092181	244	248	44	0	0	0	0	1428	244	246	0	0	0	0	0	1427
1374140246	585548	244	247	41	0	0	0	0	1429	244	246	0	0	0	0	0	1428
1374140247	078822	244	246	38	0	0	0	0	1430	244	246	0	0	0	0	0	1429
1374140247	572137	244	246	38	0	0	0	0	1431	244	246	0	0	0	0	0	1430
1374140248	064495	244	247	46	0	0	0	0	1432	244	247	0	0	0	0	0	1431
1374140248	557905	244	246	63	0	0	0	0	1433	244	246	0	0	0	0	0	1432
1374140249	051256	244	247	55	0	0	0	0	1434	244	246	0	0	0	0	0	1433
1374140249	544340	244	246	59	0	0	0	0	1435	244	246	0	0	0	0	0	1434
1374140250	038686	244	246	41	0	0	0	0	1436	244	246	0	0	0	0	0	1435
1374140250	531953	244	247	58	0	0	0	0	1437	244	246	0	0	0	0	0	1436
1374140251	023621	244	246	58	0	0	0	0	1438	244	246	0	0	0	0	0	1437
1374140251	516127	244	246	39	0	0	0	0	1439	244	246	0	0	0	0	0	1438
1374140252	010155	244	246	39	0	0	0	0	1440	244	246	0	0	0	0	0	1439
1374140252	503596	244	246	37	0	0	0	0	1441	244	246	0	0	0	0	0	1440
1374140252	995987	244	246	38	0	0	0	0	1442	244	246	0	0	0	0	0	1441
1374140253	490064	244	247	37	0	0	0	0	1443	244	246	0	0	0	0	0	1442
1374140253	983444	244	247	37	0	0	0	0	1444	244	246	0	0	0	0	0	1443
1374140254	476836	244	246	37	0	0	0	0	1445	244	246	0	0	0	0	0	1444
1374140254	969914	244	247	37	0	0	0	0	1446	244	246	0	0	0	0	0	1445
1374140255	463112	244	246	37	0	0	0	0	1447	244	246	0	0	0	0	0	1446
1374140255	956572	244	247	37	0	0	0	0	1448	244	246	0	0	0	0	0	1447
1374140256	448918	244	247	37	0	0	0	0	1449	244	246	0	0	0	0	0	1448
1374140256	942027	244	248	37	0	0	0	0	1450	244	246	0	0	0	0	0	1449
1374140257	437253	244	247	45	0	0	0	0	1451	244	246	0	0	0	0	0	1450
1374140257	930628	244	247	43	0	0	0	0	1452	244	246	0	0	0	0	0	1451
1374140258	422916	244	246	45	0	0	0	0	1453	244	246	0	0	0	0	0	1452
1374140258	916059	244	246	56	0	0	0	0	1454	244	246	0	0	0	0	0	1453
1374140259	410435	244	246	57	0	0	0	0	1455	244	246	0	0	0	0	0	1454
1374140259	903554	244	246	58	0	0	0	0	1456	244	246	0	0	0	0	0	1455
1374140260	396891	244	246	57	0	0	0	0	1457	244	246	0	0	0	0	0	1456
1374140260	891228	244	246	54	0	0	0	0	1458	244	246	0	0	0	0	0	1457
1374140261	383348	244	246	40	0	0	0	0	1459	244	246	0	0	0	0	0	1458
1374140261	878436	244	247	56	0	0	0	0	1460	244	246	0	0	0	0	0	1459
1374140262	371735	244	247	57	0	0	0	0	1461	244	246	0	0	0	0	0	1460
1374140262	863940	244	246	57	0	0	0	0	1462	244	246	0	0	0	0	0	1461
1374140263	356392	244	246	42	0	0	0	0	1463	244	246	0	0	0	0	0	1462
1374140263	849698	244	247	40	0	0	0	0	1464	244	246	0	0	0	0	0	1463
1374140264	343088	244	246	36	0	0	0	0	1465	244	246	0	0	0	0	0	1464
1374140264	835283	244	248	35	0	0	0	0	1466	244	246	0	0	0	0	0	1465
1374140265	329552	244	248	36	0	0	0	0	1467	244	247	0	0	0	0	0	1466
1374140265	823729	244	247	36	0	0	0	0	1468	244	246	0	0	0	0	0	1467
1374140266	317052	244	246	36	0	0	0	0	1469	244	246	0	0	0	0	0	1468
1374140266	809289	244	248	36	0	0	0	0	1470	244	246	0	0	0	0	0	1469
1374140267	304550	244	246	36	0	0	0	0	1471	244	246	0	0	0	0	0	1470
1374140267	797696	244	246	36	0	0	0	0	1472	244	246	0	0	0	0	0	1471
1374140268	289002	244	246	36	0	0	0	0	1473	244	246	164	0	0	0	0	1472
1374140268	781344	244	247	36	0	0	0	0	1474	244	246	0	0	0	0	0	1473
1374140269	275807	244	246	36	0	0	0	0	1475	244	246	0	0	0	0	0	1474
1374140269	768931	244	247	36	0	0	0	0	1476	244	246	0	0	0	0	0	1475
1374140270	260115	244	246	36	0	0	0	0	1477	244	246	0	0	0	0	0	1476
