1374148329	446140	244	247	0	0	0	0	0	0	244	247	0	0	0	0	0	0
1374148329	939561	244	248	129	0	0	0	0	1	244	247	0	0	0	0	0	1
1374148330	431869	244	247	129	0	0	0	0	2	244	248	0	0	0	0	0	2
1374148330	925013	244	248	0	0	0	0	0	3	244	248	0	0	0	0	0	3
1374148331	418126	244	249	0	0	0	0	0	4	244	247	0	0	0	0	0	4
1374148331	911438	244	247	0	0	0	0	0	5	244	247	0	0	0	0	0	5
1374148332	404791	244	248	0	0	0	0	0	6	244	247	0	0	0	0	0	6
1374148332	898058	244	248	0	0	0	0	0	7	244	247	0	0	0	0	0	7
1374148333	392405	244	247	0	0	0	0	0	8	244	248	0	0	0	0	0	8
1374148333	885516	244	248	0	0	0	0	0	9	244	248	0	0	0	0	0	9
1374148334	379033	244	247	0	0	0	0	0	10	244	248	0	0	0	0	0	10
1374148334	873036	244	247	0	0	0	0	0	11	244	248	0	0	0	0	0	11
1374148335	365263	244	247	128	0	0	0	0	12	244	247	0	0	0	0	0	12
1374148335	858509	244	247	0	0	0	0	0	13	244	248	0	0	0	0	0	13
1374148336	351905	244	247	128	0	0	0	0	14	244	248	0	0	0	0	0	14
1374148336	845242	244	247	0	0	0	0	0	15	244	248	0	0	0	0	0	15
1374148337	338411	244	248	0	0	0	0	0	16	244	248	0	0	0	0	0	16
1374148337	830657	244	247	128	0	0	0	0	17	244	247	0	0	0	0	0	17
1374148338	323016	244	248	0	0	0	0	0	18	244	248	0	0	0	0	0	18
1374148338	815391	244	248	0	0	0	0	0	19	244	248	0	0	0	0	0	19
1374148339	308493	244	247	0	0	0	0	0	20	244	248	0	0	0	0	0	20
1374148339	800912	244	247	0	0	0	0	0	21	244	248	0	0	0	0	0	21
1374148340	293985	244	247	0	0	0	0	0	22	244	248	0	0	0	0	0	22
1374148340	787296	244	247	0	0	0	0	0	23	244	248	0	0	0	0	0	23
1374148341	280571	244	247	0	0	0	0	0	24	244	248	0	0	0	0	0	24
1374148341	774778	244	247	0	0	0	0	0	25	244	248	0	0	0	0	0	25
1374148342	268073	244	247	0	0	0	0	0	26	244	248	0	0	0	0	0	26
1374148342	761292	244	247	0	0	0	0	0	27	244	247	0	0	0	0	0	27
1374148343	253720	244	247	0	0	0	0	0	28	244	248	0	0	0	0	0	28
1374148343	748024	244	248	0	0	0	0	0	29	244	248	0	0	0	0	0	29
1374148344	241290	244	247	128	0	0	0	0	30	244	248	0	0	0	0	0	30
1374148344	734477	244	247	128	0	0	0	0	31	244	247	0	0	0	0	0	31
1374148345	227602	244	248	0	0	0	0	0	32	244	248	0	0	0	0	0	32
1374148345	721057	244	247	0	0	0	0	0	33	244	247	0	0	0	0	0	33
1374148346	213980	244	247	0	0	0	0	0	34	244	248	0	0	0	0	0	34
1374148346	708268	244	247	0	0	0	0	0	35	244	248	0	0	0	0	0	35
1374148347	200732	244	247	128	0	0	0	0	36	244	248	0	0	0	0	0	36
1374148347	694775	244	247	0	0	0	0	0	37	244	248	0	0	0	0	0	37
1374148348	189221	244	247	130	0	0	0	0	38	244	248	0	0	0	0	0	38
1374148348	682515	244	248	0	0	0	0	0	39	244	247	0	0	0	0	0	39
1374148349	176716	244	247	0	0	0	0	0	40	244	248	0	0	0	0	0	40
1374148349	668893	244	247	128	0	0	0	0	41	244	247	0	0	0	0	0	41
1374148350	163254	244	247	0	0	0	0	0	42	244	247	0	0	0	0	0	42
1374148350	656414	244	247	0	0	0	0	0	43	244	247	0	0	0	0	0	43
1374148351	150965	244	247	0	0	0	0	0	44	244	247	0	0	0	0	0	44
1374148351	644981	244	249	0	0	0	0	0	45	244	248	0	0	0	0	0	45
1374148352	137917	244	248	0	0	0	0	0	46	244	248	0	0	0	0	0	46
1374148352	630138	244	247	0	0	0	0	0	47	244	248	0	0	0	0	0	47
1374148353	124655	244	247	129	0	0	0	0	48	244	248	0	0	0	0	0	48
1374148353	616908	244	248	0	0	0	0	0	49	244	247	0	0	0	0	0	49
1374148354	112261	244	246	0	0	0	0	0	50	244	247	0	0	0	0	0	50
1374148354	605498	244	242	64	0	0	0	0	51	244	247	106	0	0	0	0	51
1374148355	098855	244	246	56	0	0	0	0	52	244	246	80	0	0	0	0	52
1374148355	591962	244	249	68	0	0	0	0	53	244	247	77	0	0	0	0	53
1374148356	086165	244	247	96	0	0	0	0	54	244	247	0	0	0	0	0	54
1374148356	578712	244	247	101	0	0	0	0	55	244	248	97	0	0	0	0	55
1374148357	071778	244	249	85	0	0	0	0	56	244	247	89	0	0	0	0	56
1374148357	566849	244	247	77	0	0	0	0	57	244	247	0	0	0	0	0	57
1374148358	058491	244	247	67	0	0	0	0	58	244	247	73	0	0	0	0	58
1374148358	551623	244	247	65	0	0	0	0	59	244	247	0	0	0	0	0	59
1374148359	045907	244	249	57	0	0	0	0	60	244	247	64	0	0	0	0	60
1374148359	540168	244	249	53	0	0	0	0	61	244	246	54	0	0	0	0	61
1374148360	033370	244	249	71	0	0	0	0	62	244	247	71	0	0	0	0	62
1374148360	526560	244	247	74	0	0	0	0	63	244	247	81	0	0	0	0	63
1374148361	019707	244	248	62	0	0	0	0	64	244	247	72	0	0	0	0	64
1374148361	514263	244	248	62	0	0	0	0	65	244	247	69	0	0	0	0	65
1374148362	008206	244	249	72	0	0	0	0	66	244	247	74	0	0	0	0	66
1374148362	500545	244	247	62	140	0	0	0	67	244	247	0	0	0	0	0	67
1374148362	994063	244	247	68	0	0	0	0	68	244	247	69	0	0	0	0	68
1374148363	487187	244	248	71	0	0	0	0	69	244	247	0	0	0	0	0	69
1374148363	981452	244	247	54	0	0	0	0	70	244	247	65	0	0	0	0	70
1374148364	474895	244	247	56	0	0	0	0	71	244	247	72	0	0	0	0	71
1374148364	968087	244	247	56	0	0	0	0	72	244	247	65	0	0	0	0	72
1374148365	461429	244	247	60	0	0	0	0	73	244	247	74	0	0	0	0	73
1374148365	952582	244	247	56	0	0	0	0	74	244	247	67	0	0	0	0	74
1374148366	444943	244	249	60	0	0	0	0	75	244	247	72	0	0	0	0	75
1374148366	939076	244	247	61	0	0	0	0	76	244	247	71	0	0	0	0	76
1374148367	433330	244	248	0	0	0	0	0	77	244	247	70	0	0	0	0	77
1374148367	926656	244	247	57	0	0	0	0	78	244	247	69	0	0	0	0	78
1374148368	420007	244	247	64	0	0	0	0	79	244	247	70	0	0	0	0	79
1374148368	913240	244	247	0	0	0	0	0	80	244	247	67	0	0	0	0	80
1374148369	405445	244	249	0	0	0	0	0	81	244	247	70	0	0	0	0	81
1374148369	898671	244	247	64	0	0	0	0	82	244	247	71	0	0	0	0	82
1374148370	391966	244	247	66	0	0	0	0	83	244	247	69	0	0	0	0	83
1374148370	884980	244	248	56	0	0	0	0	84	244	247	71	0	0	0	0	84
1374148371	377486	244	249	57	0	0	0	0	85	244	247	69	0	0	0	0	85
1374148371	871743	244	247	60	0	0	0	0	86	244	247	72	0	0	0	0	86
1374148372	364794	244	248	60	0	0	0	0	87	244	247	65	0	0	0	0	87
1374148372	858197	244	247	58	0	0	0	0	88	244	246	0	0	0	0	0	88
1374148373	349531	244	249	57	0	0	0	0	89	244	247	65	0	0	0	0	89
1374148373	843843	244	249	60	0	0	0	0	90	244	248	65	0	0	0	0	90
1374148374	338079	244	249	64	0	0	0	0	91	244	247	65	0	0	0	0	91
1374148374	831270	244	248	58	0	0	0	0	92	244	247	0	0	0	0	0	92
1374148375	325470	244	248	60	0	0	0	0	93	244	247	0	0	0	0	0	93
1374148375	818834	244	247	58	0	0	0	0	94	244	247	65	0	0	0	0	94
1374148376	312024	244	248	60	0	0	0	0	95	244	247	65	0	0	0	0	95
1374148376	806168	244	247	56	0	0	0	0	96	244	247	70	0	0	0	0	96
1374148377	299469	244	249	56	0	0	0	0	97	244	247	69	0	0	0	0	97
1374148377	791752	244	249	55	0	0	0	0	98	244	247	73	0	0	0	0	98
1374148378	285151	244	248	56	0	0	0	0	99	244	247	74	0	0	0	0	99
1374148378	778440	244	247	56	0	0	0	0	100	244	247	73	0	0	0	0	100
1374148379	271785	244	247	55	0	0	0	0	101	244	247	70	0	0	0	0	101
1374148379	765141	244	248	55	0	0	0	0	102	244	247	0	0	0	0	0	102
1374148380	258232	244	248	55	0	0	0	0	103	244	247	66	0	0	0	0	103
1374148380	750730	244	248	55	0	0	0	0	104	244	246	0	0	0	0	0	104
1374148381	245089	244	248	55	0	0	0	0	105	244	247	73	0	0	0	0	105
1374148381	738386	244	248	56	0	0	0	0	106	244	247	67	0	0	0	0	106
1374148382	230923	244	247	56	0	0	0	0	107	244	247	67	0	0	0	0	107
1374148382	723531	244	248	56	0	0	0	0	108	244	247	70	0	0	0	0	108
1374148383	216194	244	247	56	0	0	0	0	109	244	247	0	0	0	0	0	109
1374148383	709708	244	249	58	0	0	0	0	110	244	247	0	0	0	0	0	110
1374148384	203117	244	247	0	0	0	0	0	111	244	247	69	0	0	0	0	111
1374148384	695717	244	248	58	0	0	0	0	112	244	247	69	0	0	0	0	112
1374148385	188978	244	248	62	0	0	0	0	113	244	247	67	0	0	0	0	113
1374148385	682246	244	249	62	0	0	0	0	114	244	247	68	0	0	0	0	114
1374148386	174583	244	249	63	0	0	0	0	115	244	247	68	0	0	0	0	115
1374148386	667777	244	249	58	0	0	0	0	116	244	247	69	0	0	0	0	116
1374148387	162172	244	248	58	0	0	0	0	117	244	247	0	0	0	0	0	117
1374148387	654205	244	249	58	0	0	0	0	118	244	247	0	0	0	0	0	118
1374148388	148720	244	247	58	0	0	0	0	119	244	247	68	0	0	0	0	119
1374148388	642964	244	249	58	0	0	0	0	120	244	247	0	0	0	0	0	120
1374148389	135387	244	247	58	0	0	0	0	121	244	247	71	0	0	0	0	121
1374148389	628707	244	247	58	0	0	0	0	122	244	247	71	0	0	0	0	122
1374148390	122763	244	247	59	0	0	0	0	123	244	247	0	0	0	0	0	123
1374148390	616980	244	249	60	0	0	0	0	124	244	247	0	0	0	0	0	124
1374148391	110107	244	247	59	0	0	0	0	125	244	247	69	0	0	0	0	125
1374148391	602588	244	248	58	0	0	0	0	126	244	247	73	0	0	0	0	126
1374148392	097814	244	249	59	0	0	0	0	127	244	247	72	0	0	0	0	127
1374148392	591371	244	247	59	0	0	0	0	128	244	247	66	0	0	0	0	128
1374148393	084762	244	248	58	0	0	0	0	129	244	247	65	129	0	0	0	129
1374148393	577044	244	248	58	0	0	0	0	130	244	247	66	0	0	0	0	130
1374148394	070197	244	249	58	0	0	0	0	131	244	247	67	0	0	0	0	131
1374148394	563732	244	249	59	0	0	0	0	132	244	247	0	0	0	0	0	132
1374148395	056610	244	247	58	0	0	0	0	133	244	247	77	0	0	0	0	133
1374148395	550076	244	249	59	0	0	0	0	134	244	247	66	0	0	0	0	134
1374148396	043425	244	249	60	0	0	0	0	135	244	247	66	0	0	0	0	135
1374148396	536532	244	248	58	0	0	0	0	136	244	247	65	0	0	0	0	136
1374148397	030859	244	247	58	0	0	0	0	137	244	247	65	0	0	0	0	137
1374148397	524121	244	248	58	0	0	0	0	138	244	247	66	0	0	0	0	138
1374148398	017673	244	247	58	0	0	0	0	139	244	247	0	0	0	0	0	139
1374148398	510836	244	247	58	0	0	0	0	140	244	247	0	0	0	0	0	140
1374148399	004002	244	247	58	0	0	0	0	141	244	247	65	0	0	0	0	141
1374148399	498283	244	248	59	0	0	0	0	142	244	247	65	0	0	0	0	142
1374148399	991580	244	247	60	0	0	0	0	143	244	247	0	0	0	0	0	143
1374148400	483937	244	247	60	0	0	0	0	144	244	247	0	0	0	0	0	144
1374148400	977124	244	247	58	0	0	0	0	145	244	247	69	0	0	0	0	145
1374148401	469245	244	248	58	0	0	0	0	146	244	247	65	0	0	0	0	146
1374148401	962675	244	247	59	0	0	0	0	147	244	247	66	0	0	0	0	147
1374148402	455065	244	248	65	0	0	0	0	148	244	247	66	0	0	0	0	148
1374148402	948635	244	248	58	0	0	0	0	149	244	247	0	0	0	0	0	149
1374148403	440280	244	249	58	0	0	0	0	150	244	247	70	0	0	0	0	150
1374148403	934295	244	247	60	0	0	0	0	151	244	247	69	0	0	0	0	151
1374148404	427698	244	247	60	0	0	0	0	152	244	247	69	0	0	0	0	152
1374148404	920948	244	247	58	0	0	0	0	153	244	247	0	0	0	0	0	153
1374148405	415215	244	249	58	0	0	0	0	154	244	247	67	0	0	0	0	154
1374148405	909475	244	247	59	0	0	0	0	155	244	247	0	0	0	0	0	155
1374148406	402841	244	249	63	0	0	0	0	156	244	247	67	0	0	0	0	156
1374148406	896038	244	248	65	0	0	0	0	157	244	247	66	0	0	0	0	157
1374148407	389114	244	248	62	0	0	0	0	158	244	247	67	0	0	0	0	158
1374148407	881645	244	248	58	0	0	0	0	159	244	247	66	0	0	0	0	159
1374148408	373825	244	249	58	0	0	0	0	160	244	247	66	0	0	0	0	160
1374148408	868105	244	247	58	0	0	0	0	161	244	247	68	0	0	0	0	161
1374148409	362439	244	247	58	0	0	0	0	162	244	247	72	0	0	0	0	162
1374148409	854841	244	248	58	0	0	0	0	163	244	247	73	0	0	0	0	163
1374148410	350270	244	249	58	0	0	0	0	164	244	247	71	0	0	0	0	164
1374148410	843961	244	248	58	0	0	0	0	165	244	247	71	0	0	0	0	165
1374148411	337974	244	247	58	0	0	0	0	166	244	247	66	0	0	0	0	166
1374148411	830271	244	247	59	0	0	0	0	167	244	247	66	0	0	0	0	167
1374148412	323534	244	247	58	0	0	0	0	168	244	247	66	0	0	0	0	168
1374148412	816989	244	247	58	0	0	0	0	169	244	247	67	0	0	0	0	169
1374148413	310271	244	249	58	0	0	0	0	170	244	247	65	0	0	0	0	170
1374148413	803748	244	247	59	0	0	0	0	171	244	247	65	0	0	0	0	171
1374148414	296735	244	248	58	0	0	0	0	172	244	247	66	0	0	0	0	172
1374148414	788264	244	247	58	0	0	0	0	173	244	247	65	0	0	0	0	173
1374148415	280355	244	247	58	0	0	0	0	174	244	247	71	0	0	0	0	174
1374148415	772621	244	249	58	0	0	0	0	175	244	247	66	0	0	0	0	175
1374148416	265832	244	249	58	0	0	0	0	176	244	247	66	0	0	0	0	176
1374148416	759269	244	249	58	0	0	0	0	177	244	246	65	0	0	0	0	177
1374148417	252707	244	247	58	0	0	0	0	178	244	247	71	0	0	0	0	178
1374148417	745607	244	249	58	0	0	0	0	179	244	247	71	0	0	0	0	179
1374148418	239267	244	248	58	0	0	0	0	180	244	247	66	0	0	0	0	180
1374148418	733347	244	247	58	0	0	0	0	181	244	247	66	0	0	0	0	181
1374148419	225820	244	249	58	0	0	0	0	182	244	247	67	0	0	0	0	182
1374148419	720174	244	249	58	0	0	0	0	183	244	247	71	0	0	0	0	183
1374148420	213226	244	247	0	0	0	0	0	184	244	247	70	0	0	0	0	184
1374148420	707537	244	247	70	0	0	0	0	185	244	247	66	0	0	0	0	185
1374148421	200919	244	249	60	0	0	0	0	186	244	247	71	0	0	0	0	186
1374148421	695063	244	248	60	0	0	0	0	187	244	247	71	0	0	0	0	187
1374148422	188497	244	246	0	0	0	0	0	188	244	247	66	0	0	0	0	188
1374148422	680664	244	247	71	0	0	0	0	189	244	247	65	0	0	0	0	189
1374148423	176185	244	248	60	0	0	0	0	190	244	247	65	0	0	0	0	190
1374148423	669472	244	247	0	0	0	0	0	191	244	247	72	0	0	0	0	191
1374148424	162820	244	248	0	0	0	0	0	192	244	247	71	0	0	0	0	192
1374148424	655180	244	247	73	0	0	0	0	193	244	247	64	0	0	0	0	193
1374148425	149378	244	247	71	0	0	0	0	194	244	247	64	0	0	0	0	194
1374148425	643795	244	247	60	0	0	0	0	195	244	247	65	0	0	0	0	195
1374148426	135852	244	248	59	0	0	0	0	196	244	247	65	0	0	0	0	196
1374148426	629232	244	248	71	0	0	0	0	197	244	247	64	0	0	0	0	197
1374148427	123646	244	247	0	0	0	0	0	198	244	247	64	0	0	0	0	198
1374148427	616855	244	247	60	0	0	0	0	199	244	247	64	0	0	0	0	199
1374148428	109332	244	249	58	0	0	0	0	200	244	247	65	0	0	0	0	200
1374148428	603577	244	248	0	0	0	0	0	201	244	247	65	0	0	0	0	201
1374148429	096970	244	247	73	0	0	0	0	202	244	247	65	0	0	0	0	202
1374148429	589309	244	249	57	0	0	0	0	203	244	247	72	0	0	0	0	203
1374148430	082700	244	247	57	0	0	0	0	204	244	247	69	0	0	0	0	204
1374148430	575973	244	248	57	0	0	0	0	205	244	247	70	0	0	0	0	205
1374148431	069177	244	249	0	0	0	0	0	206	244	247	65	0	0	0	0	206
1374148431	561463	244	247	58	0	0	0	0	207	244	247	65	0	0	0	0	207
1374148432	056587	244	247	58	0	0	0	0	208	244	247	71	0	0	0	0	208
1374148432	549949	244	247	57	0	0	0	0	209	244	247	69	0	0	0	0	209
1374148433	043368	244	249	57	0	0	0	0	210	244	247	65	0	0	0	0	210
1374148433	535705	244	248	58	0	0	0	0	211	244	247	65	0	0	0	0	211
1374148434	028982	244	247	58	0	0	0	0	212	244	247	65	0	0	0	0	212
1374148434	522478	244	248	58	0	0	0	0	213	244	247	65	0	0	0	0	213
1374148435	015763	244	247	56	0	0	0	0	214	244	247	69	0	0	0	0	214
1374148435	510024	244	248	58	0	0	0	0	215	244	247	71	0	0	0	0	215
1374148436	004233	244	247	59	0	0	0	0	216	244	247	65	0	0	0	0	216
1374148436	497308	244	248	57	0	0	0	0	217	244	247	65	0	0	0	0	217
1374148436	989708	244	247	57	0	0	0	0	218	244	247	65	0	0	0	0	218
1374148437	484952	244	247	57	0	0	0	0	219	244	247	65	0	0	0	0	219
1374148437	978490	244	247	59	0	0	0	0	220	244	247	64	0	0	0	0	220
1374148438	471727	244	249	59	0	0	0	0	221	244	247	65	0	0	0	0	221
1374148438	965085	244	247	58	0	0	0	0	222	244	247	0	0	0	0	0	222
1374148439	459308	244	247	57	0	0	0	0	223	244	247	69	0	0	0	0	223
1374148439	952818	244	249	58	0	0	0	0	224	244	247	65	0	0	0	0	224
1374148440	446805	244	247	58	0	0	0	0	225	244	247	65	0	0	0	0	225
1374148440	939235	244	248	57	0	0	0	0	226	244	247	0	0	0	0	0	226
1374148441	433632	244	248	58	0	0	0	0	227	244	247	69	0	0	0	0	227
1374148441	927134	244	247	57	0	0	0	0	228	244	247	65	0	0	0	0	228
1374148442	421352	244	247	57	0	0	0	0	229	244	247	65	0	0	0	0	229
1374148442	914046	244	248	57	0	0	0	0	230	244	247	70	0	0	0	0	230
1374148443	409232	244	247	57	0	0	0	0	231	244	247	69	0	0	0	0	231
1374148443	902724	244	248	57	0	0	0	0	232	244	247	65	0	0	0	0	232
1374148444	394899	244	247	58	0	0	0	0	233	244	247	65	0	0	0	0	233
1374148444	890083	244	248	57	0	0	0	0	234	244	247	70	0	0	0	0	234
1374148445	383496	244	248	56	0	0	0	0	235	244	247	69	0	0	0	0	235
1374148445	876784	244	247	57	0	0	0	0	236	244	247	65	0	0	0	0	236
1374148446	368957	244	247	58	0	0	0	0	237	244	247	65	0	0	0	0	237
1374148446	863262	244	247	57	0	0	0	0	238	244	247	0	0	0	0	0	238
1374148447	357583	244	248	58	0	0	0	0	239	244	247	66	0	0	0	0	239
1374148447	849958	244	247	57	0	0	0	0	240	244	247	64	0	0	0	0	240
1374148448	344254	244	247	57	0	0	0	0	241	244	247	65	0	0	0	0	241
1374148448	837453	244	247	57	0	0	0	0	242	244	247	65	0	0	0	0	242
1374148449	330761	244	248	56	0	0	0	0	243	244	247	66	0	0	0	0	243
1374148449	823294	244	247	57	0	0	0	0	244	244	247	65	0	0	0	0	244
1374148450	317508	244	247	58	0	0	0	0	245	244	247	65	0	0	0	0	245
1374148450	810768	244	248	57	0	0	0	0	246	244	247	69	0	0	0	0	246
1374148451	304132	244	248	57	0	0	0	0	247	244	247	69	0	0	0	0	247
1374148451	798225	244	249	57	0	0	0	0	248	244	247	65	0	0	0	0	248
1374148452	292626	244	249	0	0	0	0	0	249	244	247	65	0	0	0	0	249
1374148452	785851	244	248	57	0	0	0	0	250	244	247	70	0	0	0	0	250
1374148453	278466	244	247	57	0	0	0	0	251	244	247	69	0	0	0	0	251
1374148453	771604	244	247	58	0	0	0	0	252	244	247	65	0	0	0	0	252
1374148454	265087	244	249	0	0	0	0	0	253	244	247	65	0	0	0	0	253
1374148454	759601	244	247	58	0	0	0	0	254	244	247	70	0	0	0	0	254
1374148455	251590	244	249	58	0	0	0	0	255	244	247	70	0	0	0	0	255
1374148455	746859	244	247	58	0	0	0	0	256	244	247	65	0	0	0	0	256
1374148456	239220	244	247	0	0	0	0	0	257	244	247	65	0	0	0	0	257
1374148456	732576	244	247	59	0	0	0	0	258	244	247	65	0	0	0	0	258
1374148457	226684	244	247	0	0	0	0	0	259	244	247	70	0	0	0	0	259
1374148457	718947	244	247	59	0	0	0	0	260	244	247	69	0	0	0	0	260
1374148458	212577	244	247	57	0	0	0	0	261	244	247	69	0	0	0	0	261
1374148458	705833	244	247	58	0	0	0	0	262	244	247	70	0	0	0	0	262
1374148459	199957	244	248	58	0	0	0	0	263	244	247	70	0	0	0	0	263
1374148459	693578	244	247	57	0	0	0	0	264	244	247	69	0	0	0	0	264
1374148460	186624	244	247	57	0	0	0	0	265	244	247	69	0	0	0	0	265
1374148460	679044	244	247	57	0	0	0	0	266	244	247	69	0	0	0	0	266
1374148461	172305	244	247	57	0	0	0	0	267	244	247	66	0	0	0	0	267
1374148461	666387	244	249	57	0	0	0	0	268	244	247	65	0	0	0	0	268
1374148462	159771	244	247	58	0	0	0	0	269	244	247	68	0	0	0	0	269
1374148462	653155	244	247	57	0	0	0	0	270	244	247	68	0	0	0	0	270
1374148463	146550	244	247	59	0	0	0	0	271	244	247	70	0	0	0	0	271
1374148463	639850	244	249	57	0	0	0	0	272	244	247	69	0	0	0	0	272
1374148464	133013	244	248	57	0	0	0	0	273	244	247	67	0	0	0	0	273
1374148464	627443	244	248	57	0	0	0	0	274	244	247	68	0	0	0	0	274
1374148465	121603	244	249	57	0	0	0	0	275	244	247	0	0	0	0	0	275
1374148465	614949	244	249	57	0	0	0	0	276	244	247	65	0	0	0	0	276
1374148466	107199	244	248	58	0	0	0	0	277	244	247	67	0	0	0	0	277
1374148466	601373	244	247	56	0	0	0	0	278	244	247	67	0	0	0	0	278
1374148467	094616	244	247	57	0	0	0	0	279	244	247	65	0	0	0	0	279
1374148467	587163	244	248	57	0	0	0	0	280	244	247	66	0	0	0	0	280
1374148468	082419	244	249	58	0	0	0	0	281	244	247	69	0	0	0	0	281
1374148468	575961	244	248	60	0	0	0	0	282	244	247	67	0	0	0	0	282
1374148469	069158	244	247	60	0	0	0	0	283	244	247	66	0	0	0	0	283
1374148469	562375	244	247	58	0	0	0	0	284	244	247	67	0	0	0	0	284
1374148470	056648	244	247	60	0	0	0	0	285	244	247	68	0	0	0	0	285
1374148470	550053	244	247	60	0	0	0	0	286	244	247	67	0	0	0	0	286
1374148471	042269	244	247	59	0	0	0	0	287	244	247	68	0	0	0	0	287
1374148471	536528	244	248	59	0	0	0	0	288	244	247	69	0	0	0	0	288
1374148472	029869	244	249	67	0	0	0	0	289	244	247	69	0	0	0	0	289
1374148472	522130	244	247	68	0	0	0	0	290	244	247	68	0	0	0	0	290
1374148473	014512	244	247	68	0	0	0	0	291	244	247	67	0	0	0	0	291
1374148473	506954	244	249	59	0	0	0	0	292	244	247	69	0	0	0	0	292
1374148474	001253	244	249	60	0	0	0	0	293	244	247	69	0	0	0	0	293
1374148474	493454	244	247	61	0	0	0	0	294	244	247	67	0	0	0	0	294
1374148474	987810	244	246	59	0	0	0	0	295	244	247	67	0	0	0	0	295
1374148475	481047	244	248	60	0	0	0	0	296	244	247	68	0	0	0	0	296
1374148475	974500	244	247	59	0	0	0	0	297	244	247	69	0	0	0	0	297
1374148476	466585	244	247	60	0	0	0	0	298	244	247	67	0	0	0	0	298
1374148476	961975	244	247	59	0	0	0	0	299	244	247	67	0	0	0	0	299
1374148477	455118	244	248	69	0	0	0	0	300	244	247	67	0	0	0	0	300
1374148477	947628	244	248	60	0	0	0	0	301	244	247	70	0	0	0	0	301
1374148478	440742	244	248	60	0	0	0	0	302	244	247	69	0	0	0	0	302
1374148478	934275	244	247	68	0	0	0	0	303	244	247	67	0	0	0	0	303
1374148479	427397	244	247	68	0	0	0	0	304	244	247	67	0	0	0	0	304
1374148479	919712	244	247	58	0	0	0	0	305	244	247	69	0	0	0	0	305
1374148480	413973	244	247	61	0	0	0	0	306	244	247	68	0	0	0	0	306
1374148480	908261	244	247	60	0	0	0	0	307	244	247	67	0	0	0	0	307
1374148481	401465	244	249	60	0	0	0	0	308	244	247	68	0	0	0	0	308
1374148481	894699	244	247	60	0	0	0	0	309	244	247	69	0	0	0	0	309
1374148482	389013	244	248	59	0	0	0	0	310	244	247	69	0	0	0	0	310
1374148482	882514	244	247	67	0	0	0	0	311	244	247	69	0	0	0	0	311
1374148483	374735	244	248	0	0	0	0	0	312	244	247	68	0	0	0	0	312
1374148483	867893	244	247	58	0	0	0	0	313	244	247	67	0	0	0	0	313
1374148484	360339	244	249	58	0	0	0	0	314	244	247	66	0	0	0	0	314
1374148484	853497	244	249	58	0	0	0	0	315	244	247	69	0	0	0	0	315
1374148485	345947	244	247	64	0	0	0	0	316	244	247	74	0	0	0	0	316
1374148485	839108	244	247	69	0	0	0	0	317	244	247	67	0	0	0	0	317
1374148486	331412	244	247	63	0	0	0	0	318	244	247	67	0	0	0	0	318
1374148486	824745	244	249	58	0	0	0	0	319	244	247	69	0	0	0	0	319
1374148487	317885	244	248	0	0	0	0	0	320	244	247	64	0	0	0	0	320
1374148487	810460	244	247	62	123	0	0	0	321	244	247	70	0	0	0	0	321
1374148488	301783	244	247	65	0	0	0	0	322	244	247	73	0	0	0	0	322
1374148488	795977	244	248	67	0	0	0	0	323	244	247	72	0	0	0	0	323
1374148489	288364	244	247	67	0	0	0	0	324	244	247	73	0	0	0	0	324
1374148489	780641	244	249	65	0	0	0	0	325	244	247	0	0	0	0	0	325
1374148490	274941	244	247	60	0	0	0	0	326	244	247	0	0	0	0	0	326
1374148490	768225	244	249	61	0	0	0	0	327	244	247	0	0	0	0	0	327
1374148491	261426	244	247	62	0	0	0	0	328	244	247	68	0	0	0	0	328
1374148491	755713	244	246	57	0	0	0	0	329	244	247	66	0	0	0	0	329
1374148492	247921	244	247	56	0	0	0	0	330	244	247	71	0	0	0	0	330
1374148492	742414	244	248	62	0	0	0	0	331	244	247	68	0	0	0	0	331
1374148493	234808	244	247	61	0	0	0	0	332	244	247	69	0	0	0	0	332
1374148493	728077	244	247	55	0	0	0	0	333	244	247	73	0	0	0	0	333
1374148494	221329	244	247	57	0	0	0	0	334	244	247	66	0	0	0	0	334
1374148494	714672	244	247	61	0	0	0	0	335	244	247	65	0	0	0	0	335
1374148495	207877	244	248	62	0	0	0	0	336	244	247	0	0	0	0	0	336
1374148495	701285	244	249	63	0	0	0	0	337	244	247	69	0	0	0	0	337
1374148496	194670	244	247	62	0	0	0	0	338	244	247	0	0	0	0	0	338
1374148496	686783	244	246	64	0	0	0	0	339	244	247	65	0	0	0	0	339
1374148497	180042	244	247	65	0	0	0	0	340	244	247	71	0	0	0	0	340
1374148497	675329	244	247	60	0	0	0	0	341	244	247	70	0	0	0	0	341
1374148498	168919	244	247	60	0	0	0	0	342	244	247	67	0	0	0	0	342
1374148498	662141	244	248	60	0	0	0	0	343	244	247	68	0	0	0	0	343
1374148499	155286	244	248	61	0	0	0	0	344	244	247	69	0	0	0	0	344
1374148499	647597	244	247	60	0	0	0	0	345	244	247	64	0	0	0	0	345
1374148500	140887	244	247	56	0	0	0	0	346	244	247	65	0	0	0	0	346
1374148500	633133	244	247	56	0	0	0	0	347	244	247	66	0	0	0	0	347
1374148501	128309	244	247	57	0	0	0	0	348	244	247	66	0	0	0	0	348
1374148501	621674	244	247	58	0	0	0	0	349	244	247	67	0	0	0	0	349
1374148502	114913	244	249	58	0	0	0	0	350	244	247	67	0	0	0	0	350
1374148502	609291	244	248	58	0	0	0	0	351	244	247	64	0	0	0	0	351
1374148503	102703	244	249	61	0	0	0	0	352	244	247	66	0	0	0	0	352
1374148503	595926	244	246	62	0	0	0	0	353	244	247	0	0	0	0	0	353
1374148504	089225	244	248	55	0	0	0	0	354	244	247	65	0	0	0	0	354
1374148504	583486	244	248	55	0	0	0	0	355	244	247	0	0	0	0	0	355
1374148505	076668	244	246	55	0	0	0	0	356	244	247	65	0	0	0	0	356
1374148505	569910	244	247	55	0	0	0	0	357	244	247	64	0	0	0	0	357
1374148506	064157	244	247	55	0	0	0	0	358	244	247	64	0	0	0	0	358
1374148506	557592	244	249	55	0	0	0	0	359	244	247	73	0	0	0	0	359
1374148507	050766	244	247	55	0	0	0	0	360	244	247	70	0	0	0	0	360
1374148507	543218	244	248	55	0	0	0	0	361	244	247	70	0	0	0	0	361
1374148508	037744	244	248	55	0	0	0	0	362	244	247	68	0	0	0	0	362
1374148508	531907	244	248	56	0	0	0	0	363	244	247	72	0	0	0	0	363
1374148509	025225	244	247	55	0	0	0	0	364	244	247	69	0	0	0	0	364
1374148509	518434	244	247	55	0	0	0	0	365	244	247	0	0	0	0	0	365
1374148510	010751	244	248	55	0	0	0	0	366	244	247	72	0	0	0	0	366
1374148510	503909	244	248	55	0	0	0	0	367	244	247	73	0	0	0	0	367
1374148510	998140	244	248	56	0	0	0	0	368	244	247	0	0	0	0	0	368
1374148511	491496	244	248	56	0	0	0	0	369	244	247	0	0	0	0	0	369
1374148511	983739	244	247	56	0	0	0	0	370	244	247	0	0	0	0	0	370
1374148512	476964	244	247	55	0	0	0	0	371	244	247	0	0	0	0	0	371
1374148512	970526	244	248	55	0	0	0	0	372	244	247	72	0	0	0	0	372
1374148513	462723	244	248	55	0	0	0	0	373	244	247	0	0	0	0	0	373
1374148513	956949	244	247	56	0	0	0	0	374	244	247	0	0	0	0	0	374
1374148514	450444	244	247	56	0	0	0	0	375	244	247	0	0	0	0	0	375
1374148514	943669	244	247	55	0	0	0	0	376	244	247	69	0	0	0	0	376
1374148515	437803	244	248	58	0	0	0	0	377	244	247	0	0	0	0	0	377
1374148515	931191	244	248	56	0	0	0	0	378	244	247	0	0	0	0	0	378
1374148516	425510	244	248	55	0	0	0	0	379	244	247	0	0	0	0	0	379
1374148516	917773	244	249	55	0	0	0	0	380	244	247	67	0	0	0	0	380
1374148517	411953	244	248	55	0	0	0	0	381	244	247	0	0	0	0	0	381
1374148517	904400	244	247	55	0	0	0	0	382	244	247	0	0	0	0	0	382
1374148518	395778	244	248	54	0	0	0	0	383	244	247	0	0	0	0	0	383
1374148518	889125	244	247	54	0	0	0	0	384	244	247	65	0	0	0	0	384
1374148519	383354	244	247	55	0	0	0	0	385	244	247	65	0	0	0	0	385
1374148519	875560	244	247	55	0	0	0	0	386	244	247	65	0	0	0	0	386
1374148520	370004	244	247	55	0	0	0	0	387	244	247	0	0	0	0	0	387
1374148520	863213	244	247	56	0	0	0	0	388	244	247	0	0	0	0	0	388
1374148521	357435	244	247	56	0	0	0	0	389	244	247	0	0	0	0	0	389
1374148521	850901	244	248	55	0	0	0	0	390	244	247	0	0	0	0	0	390
1374148522	343104	244	248	55	0	0	0	0	391	244	247	0	0	0	0	0	391
1374148522	835479	244	247	55	0	0	0	0	392	244	247	0	0	0	0	0	392
1374148523	329862	244	249	55	0	0	0	0	393	244	247	0	0	0	0	0	393
1374148523	823019	244	247	60	0	0	0	0	394	244	247	0	0	0	0	0	394
1374148524	315384	244	248	60	0	0	0	0	395	244	247	0	0	0	0	0	395
1374148524	810802	244	247	60	0	0	0	0	396	244	247	71	0	0	0	0	396
1374148525	303856	244	248	60	0	0	0	0	397	244	247	70	0	0	0	0	397
1374148525	797215	244	248	60	0	0	0	0	398	244	247	72	0	0	0	0	398
1374148526	290500	244	247	59	0	0	0	0	399	244	247	0	0	0	0	0	399
1374148526	783737	244	249	60	0	0	0	0	400	244	247	71	0	0	0	0	400
1374148527	277040	244	247	60	0	0	0	0	401	244	247	70	0	0	0	0	401
1374148527	769236	244	247	60	0	0	0	0	402	244	247	70	0	0	0	0	402
1374148528	263639	244	247	59	0	0	0	0	403	244	247	70	0	0	0	0	403
1374148528	757092	244	248	59	0	0	0	0	404	244	247	0	0	0	0	0	404
1374148529	251358	244	247	60	0	0	0	0	405	244	247	71	0	0	0	0	405
1374148529	744509	244	248	60	0	0	0	0	406	244	247	71	0	0	0	0	406
1374148530	236734	244	248	59	0	0	0	0	407	244	247	71	0	0	0	0	407
1374148530	730237	244	249	59	0	0	0	0	408	244	247	0	0	0	0	0	408
1374148531	223468	244	247	59	0	0	0	0	409	244	247	0	0	0	0	0	409
1374148531	715711	244	248	58	0	0	0	0	410	244	247	70	0	0	0	0	410
1374148532	209013	244	248	59	0	0	0	0	411	244	247	71	0	0	0	0	411
1374148532	703019	244	249	59	0	0	0	0	412	244	247	0	0	0	0	0	412
1374148533	195722	244	247	59	0	0	0	0	413	244	247	0	0	0	0	0	413
1374148533	688001	244	248	58	0	0	0	0	414	244	247	71	0	0	0	0	414
1374148534	182232	244	247	58	0	0	0	0	415	244	247	72	0	0	0	0	415
1374148534	676735	244	248	59	0	0	0	0	416	244	247	71	0	0	0	0	416
1374148535	169809	244	247	59	0	0	0	0	417	244	247	0	0	0	0	0	417
1374148535	663219	244	247	55	0	0	0	0	418	244	247	0	0	0	0	0	418
1374148536	156366	244	247	59	0	0	0	0	419	244	247	0	0	0	0	0	419
1374148536	649541	244	249	59	0	0	0	0	420	244	247	0	0	0	0	0	420
1374148537	143002	244	247	59	0	0	0	0	421	244	247	0	0	0	0	0	421
1374148537	636303	244	249	56	0	0	0	0	422	244	247	0	0	0	0	0	422
1374148538	129729	244	248	58	0	0	0	0	423	244	247	0	0	0	0	0	423
1374148538	622968	244	249	58	0	0	0	0	424	244	247	0	0	0	0	0	424
1374148539	115306	244	248	58	0	0	0	0	425	244	247	0	0	0	0	0	425
1374148539	609371	244	247	56	0	0	0	0	426	244	247	0	0	0	0	0	426
1374148540	102777	244	247	58	0	0	0	0	427	244	247	0	0	0	0	0	427
1374148540	596980	244	248	58	0	0	0	0	428	244	247	0	0	0	0	0	428
1374148541	090287	244	248	59	0	0	0	0	429	244	247	65	0	0	0	0	429
1374148541	585544	244	249	68	0	0	0	0	430	244	247	63	0	0	0	0	430
1374148542	078007	244	247	55	0	0	0	0	431	244	247	0	0	0	0	0	431
1374148542	572324	244	249	56	0	0	0	0	432	244	247	72	0	0	0	0	432
1374148543	065765	244	247	56	0	0	0	0	433	244	247	66	0	0	0	0	433
1374148543	558927	244	248	54	0	0	0	0	434	244	247	0	0	0	0	0	434
1374148544	052113	244	247	56	0	0	0	0	435	244	247	69	0	0	0	0	435
1374148544	544625	244	247	55	0	0	0	0	436	244	247	70	0	0	0	0	436
1374148545	038704	244	247	55	0	0	0	0	437	244	247	0	0	0	0	0	437
1374148545	532981	244	248	55	0	0	0	0	438	244	247	0	0	0	0	0	438
1374148546	025136	244	249	56	0	0	0	0	439	244	247	65	0	0	0	0	439
1374148546	518323	244	247	56	0	0	0	0	440	244	247	66	0	0	0	0	440
1374148547	011667	244	246	56	0	0	0	0	441	244	247	65	0	0	0	0	441
1374148547	506016	244	249	56	0	0	0	0	442	244	247	65	0	0	0	0	442
1374148547	999360	244	247	56	0	0	0	0	443	244	247	64	0	0	0	0	443
1374148548	491721	244	247	56	0	0	0	0	444	244	247	66	0	0	0	0	444
1374148548	985939	244	247	56	0	0	0	0	445	244	247	66	0	0	0	0	445
1374148549	479490	244	248	56	0	0	0	0	446	244	247	65	0	0	0	0	446
1374148549	972704	244	249	56	0	0	0	0	447	244	247	64	0	0	0	0	447
1374148550	466979	244	249	56	0	0	0	0	448	244	247	65	0	0	0	0	448
1374148550	960172	244	247	56	0	0	0	0	449	244	247	66	0	0	0	0	449
1374148551	453419	244	249	55	0	0	0	0	450	244	247	65	0	0	0	0	450
1374148551	945621	244	249	56	0	0	0	0	451	244	247	64	0	0	0	0	451
1374148552	440245	244	248	55	0	0	0	0	452	244	247	65	0	0	0	0	452
1374148553	002417	244	248	56	0	0	0	0	453	244	247	73	0	0	0	0	453
1374148553	496699	244	247	55	0	0	0	0	454	244	247	67	0	0	0	0	454
1374148553	991037	244	248	55	0	0	0	0	455	244	247	64	0	0	0	0	455
1374148554	484439	244	248	61	0	0	0	0	456	244	247	65	0	0	0	0	456
1374148554	977637	244	248	55	0	0	0	0	457	244	247	65	0	0	0	0	457
1374148555	470830	244	246	54	0	0	0	0	458	244	247	65	0	0	0	0	458
1374148555	963255	244	247	55	0	0	0	0	459	244	247	65	0	0	0	0	459
1374148556	456582	244	247	56	0	0	0	0	460	244	247	66	0	0	0	0	460
1374148556	951020	244	247	55	0	0	0	0	461	244	247	66	0	0	0	0	461
1374148557	444054	244	247	56	0	0	0	0	462	244	247	65	0	0	0	0	462
1374148557	936397	244	247	56	0	0	0	0	463	244	247	65	0	0	0	0	463
1374148558	428826	244	247	55	0	0	0	0	464	244	247	66	0	0	0	0	464
1374148558	922164	244	248	63	0	0	0	0	465	244	247	72	0	0	0	0	465
1374148559	416516	244	247	61	0	0	0	0	466	244	247	67	0	0	0	0	466
1374148559	909774	244	247	59	0	0	0	0	467	244	247	67	0	0	0	0	467
1374148560	403216	244	249	60	0	0	0	0	468	244	247	66	0	0	0	0	468
1374148560	896330	244	248	62	0	0	0	0	469	244	247	66	0	0	0	0	469
1374148561	389513	244	247	58	0	0	0	0	470	244	247	67	0	0	0	0	470
1374148561	881948	244	249	64	0	0	0	0	471	244	247	61	0	0	0	0	471
1374148562	376474	244	249	65	0	0	0	0	472	244	246	67	0	0	0	0	472
1374148562	931723	244	248	55	0	0	0	0	473	244	247	0	0	0	0	0	473
1374148563	425036	244	247	66	0	0	0	0	474	244	247	67	0	0	0	0	474
1374148563	919293	244	247	57	0	0	0	0	475	244	247	67	0	0	0	0	475
1374148564	414679	244	248	61	0	0	0	0	476	244	247	66	0	0	0	0	476
1374148564	908013	244	247	0	0	0	0	0	477	244	247	70	0	0	0	0	477
1374148565	400292	244	247	62	0	0	0	0	478	244	247	67	0	0	0	0	478
1374148565	893512	244	247	60	0	0	0	0	479	244	247	68	0	0	0	0	479
1374148566	387930	244	249	62	0	0	0	0	480	244	247	68	0	0	0	0	480
1374148566	881114	244	248	61	0	0	0	0	481	244	247	65	0	0	0	0	481
1374148567	374364	244	248	61	0	0	0	0	482	244	247	65	0	0	0	0	482
1374148567	867984	244	248	60	0	0	0	0	483	244	247	67	0	0	0	0	483
1374148568	361144	244	248	61	0	0	0	0	484	244	247	67	0	0	0	0	484
1374148568	853565	244	247	64	0	0	0	0	485	244	247	69	0	0	0	0	485
1374148569	346755	244	248	66	0	0	0	0	486	244	247	68	0	0	0	0	486
1374148569	839081	244	247	0	0	0	0	0	487	244	247	69	0	0	0	0	487
1374148570	332328	244	248	61	0	0	0	0	488	244	247	67	0	0	0	0	488
1374148570	824652	244	247	62	0	0	0	0	489	244	247	67	0	0	0	0	489
1374148571	318989	244	249	0	0	0	0	0	490	244	247	69	0	0	0	0	490
1374148571	812259	244	247	0	0	0	0	0	491	244	247	69	0	0	0	0	491
1374148572	305414	244	248	61	0	0	0	0	492	244	247	69	0	0	0	0	492
1374148572	798875	244	247	61	0	0	0	0	493	244	247	74	0	0	0	0	493
1374148573	290207	244	248	67	0	0	0	0	494	244	247	0	0	0	0	0	494
1374148573	782501	244	247	67	0	0	0	0	495	244	247	0	0	0	0	0	495
1374148574	274725	244	249	67	0	0	0	0	496	244	247	0	0	0	0	0	496
1374148574	768186	244	249	61	0	0	0	0	497	244	247	69	0	0	0	0	497
1374148575	261262	244	247	61	0	0	0	0	498	244	247	73	0	0	0	0	498
1374148575	756660	244	247	62	0	0	0	0	499	244	247	0	0	0	0	0	499
1374148576	249742	244	248	64	0	0	0	0	500	244	247	68	0	0	0	0	500
1374148576	743015	244	248	0	0	0	0	0	501	244	247	67	0	0	0	0	501
1374148577	234491	244	248	0	0	0	0	0	502	244	247	66	0	0	0	0	502
1374148577	729692	244	249	0	0	0	0	0	503	244	247	69	0	0	0	0	503
1374148578	222503	244	247	56	0	0	0	0	504	244	247	67	0	0	0	0	504
1374148578	716876	244	248	67	0	0	0	0	505	244	247	0	0	0	0	0	505
1374148579	210153	244	248	63	0	0	0	0	506	244	247	70	0	0	0	0	506
1374148579	703492	244	249	63	0	0	0	0	507	244	247	67	0	0	0	0	507
1374148580	196948	244	249	62	0	0	0	0	508	244	247	67	0	0	0	0	508
1374148580	689176	244	247	60	0	0	0	0	509	244	247	67	0	0	0	0	509
1374148581	183331	244	247	62	0	0	0	0	510	244	247	63	0	0	0	0	510
1374148581	676633	244	247	62	0	0	0	0	511	244	247	66	0	0	0	0	511
1374148582	170964	244	248	67	0	0	0	0	512	244	247	67	0	0	0	0	512
1374148582	664228	244	247	0	0	0	0	0	513	244	247	0	0	0	0	0	513
1374148583	157425	244	247	64	0	0	0	0	514	244	247	0	0	0	0	0	514
1374148583	650963	244	247	0	0	0	0	0	515	244	247	76	0	0	0	0	515
1374148584	144107	244	248	0	0	0	0	0	516	244	247	69	0	0	0	0	516
1374148584	638370	244	247	0	0	0	0	0	517	244	247	71	0	0	0	0	517
1374148585	131860	244	248	71	0	0	0	0	518	244	247	71	0	0	0	0	518
1374148585	625990	244	247	71	0	0	0	0	519	244	247	67	0	0	0	0	519
1374148586	118300	244	248	0	0	0	0	0	520	244	247	67	0	0	0	0	520
1374148586	612684	244	247	71	0	0	0	0	521	244	247	67	0	0	0	0	521
1374148587	106979	244	248	69	0	0	0	0	522	244	247	67	0	0	0	0	522
1374148587	599047	244	247	68	0	0	0	0	523	244	247	73	0	0	0	0	523
1374148588	091603	244	248	0	0	0	0	0	524	244	247	73	0	0	0	0	524
1374148588	586942	244	248	73	0	0	0	0	525	244	247	68	0	0	0	0	525
1374148589	081311	244	249	69	0	0	0	0	526	244	247	72	0	0	0	0	526
1374148589	573581	244	247	69	0	0	0	0	527	244	247	71	0	0	0	0	527
1374148590	066711	244	247	0	0	0	0	0	528	244	247	71	0	0	0	0	528
1374148590	561213	244	249	71	0	0	0	0	529	244	247	63	0	0	0	0	529
1374148591	055418	244	249	0	0	0	0	0	530	244	247	64	0	0	0	0	530
1374148591	548532	244	247	0	0	0	0	0	531	244	247	66	0	0	0	0	531
1374148592	041946	244	249	0	0	0	0	0	532	244	247	67	0	0	0	0	532
1374148592	535144	244	247	0	0	0	0	0	533	244	247	67	0	0	0	0	533
1374148593	028695	244	247	0	0	0	0	0	534	244	247	63	0	0	0	0	534
1374148593	521006	244	248	61	0	0	0	0	535	244	247	73	0	0	0	0	535
1374148594	015268	244	248	70	0	0	0	0	536	244	247	73	0	0	0	0	536
1374148594	509550	244	249	67	0	0	0	0	537	244	247	73	0	0	0	0	537
1374148595	002642	244	248	72	0	0	0	0	538	244	247	73	0	0	0	0	538
1374148595	496103	244	248	60	0	0	0	0	539	244	247	0	0	0	0	0	539
1374148595	989263	244	247	0	0	0	0	0	540	244	247	67	0	0	0	0	540
1374148596	482541	244	247	0	0	0	0	0	541	244	247	73	0	0	0	0	541
1374148596	975770	244	249	60	0	0	0	0	542	244	247	73	0	0	0	0	542
1374148597	470240	244	247	68	0	0	0	0	543	244	247	67	0	0	0	0	543
1374148597	962679	244	247	57	0	0	0	0	544	244	247	61	0	0	0	0	544
1374148598	455828	244	247	57	0	0	0	0	545	244	247	63	0	0	0	0	545
1374148598	949194	244	249	57	0	0	0	0	546	244	247	63	0	0	0	0	546
1374148599	441355	244	249	57	0	0	0	0	547	244	247	0	0	0	0	0	547
1374148599	934643	244	247	58	0	0	0	0	548	244	247	0	0	0	0	0	548
1374148600	426838	244	248	61	0	0	0	0	549	244	247	0	0	0	0	0	549
1374148600	920221	244	248	58	0	0	0	0	550	244	247	0	0	0	0	0	550
1374148601	413613	244	247	64	0	0	0	0	551	244	247	0	0	0	0	0	551
1374148601	905720	244	247	63	0	0	0	0	552	244	247	72	0	0	0	0	552
1374148602	399105	244	247	62	0	0	0	0	553	244	247	71	0	0	0	0	553
1374148602	890432	244	247	58	0	0	0	0	554	244	247	71	0	0	0	0	554
1374148603	384646	244	247	57	0	0	0	0	555	244	247	71	0	0	0	0	555
1374148603	878886	244	247	63	0	0	0	0	556	244	247	0	0	0	0	0	556
1374148604	372244	244	249	57	0	0	0	0	557	244	247	70	0	0	0	0	557
1374148604	866536	244	248	58	0	0	0	0	558	244	247	71	0	0	0	0	558
1374148605	359800	244	248	57	0	0	0	0	559	244	247	65	0	0	0	0	559
1374148605	853016	244	247	57	0	0	0	0	560	244	247	68	0	0	0	0	560
1374148606	346307	244	247	63	0	0	0	0	561	244	247	68	0	0	0	0	561
1374148606	838453	244	247	63	0	0	0	0	562	244	247	0	0	0	0	0	562
1374148607	330690	244	247	62	0	0	0	0	563	244	247	67	0	0	0	0	563
1374148607	822154	244	248	0	0	0	0	0	564	244	247	70	0	0	0	0	564
1374148608	314724	244	247	63	0	0	0	0	565	244	247	68	0	0	0	0	565
1374148608	808933	244	247	58	0	0	0	0	566	244	247	0	0	0	0	0	566
1374148609	302271	244	248	58	0	0	0	0	567	244	247	0	0	0	0	0	567
1374148609	795510	244	247	60	0	0	0	0	568	244	247	74	139	0	0	0	568
1374148610	287803	244	248	60	0	0	0	0	569	244	247	0	0	0	0	0	569
1374148610	780157	244	247	60	0	0	0	0	570	244	247	66	0	0	0	0	570
1374148611	274464	244	247	41	0	0	0	0	571	244	247	64	0	0	0	0	571
1374148611	767620	244	248	41	0	0	0	0	572	244	247	0	0	0	0	0	572
1374148612	260878	244	248	55	0	0	0	0	573	244	247	65	0	0	0	0	573
1374148612	753143	244	247	45	0	0	0	0	574	244	247	0	0	0	0	0	574
1374148613	245637	244	247	44	0	0	0	0	575	244	247	70	0	0	0	0	575
1374148613	738942	244	247	45	0	0	0	0	576	244	247	65	0	0	0	0	576
1374148614	232530	244	246	44	0	0	0	0	577	244	247	65	0	0	0	0	577
1374148614	725631	244	247	53	0	0	0	0	578	244	247	65	0	0	0	0	578
1374148615	218868	244	248	53	0	0	0	0	579	244	247	65	0	0	0	0	579
1374148615	712001	244	247	53	0	0	0	0	580	244	247	65	0	0	0	0	580
1374148616	205256	244	248	45	0	0	0	0	581	244	247	65	0	0	0	0	581
1374148616	697597	244	247	53	0	0	0	0	582	244	247	64	0	0	0	0	582
1374148617	189792	244	249	53	0	0	0	0	583	244	247	65	0	0	0	0	583
1374148617	684736	244	247	53	0	0	0	0	584	244	247	66	0	0	0	0	584
1374148618	176564	244	247	52	0	0	0	0	585	244	247	67	0	0	0	0	585
1374148618	670724	244	248	53	0	0	0	0	586	244	247	66	0	0	0	0	586
1374148619	163188	244	247	53	0	0	0	0	587	244	247	66	0	0	0	0	587
1374148619	656397	244	249	53	0	0	0	0	588	244	247	67	0	0	0	0	588
1374148620	150446	244	248	53	0	0	0	0	589	244	247	66	0	0	0	0	589
1374148620	641828	244	247	52	0	0	0	0	590	244	247	66	0	0	0	0	590
1374148621	136105	244	248	45	0	0	0	0	591	244	247	65	0	0	0	0	591
1374148621	628451	244	248	53	0	0	0	0	592	244	247	64	0	0	0	0	592
1374148622	121649	244	249	45	0	0	0	0	593	244	247	63	0	0	0	0	593
1374148622	616147	244	248	52	0	0	0	0	594	244	246	63	0	0	0	0	594
1374148623	109779	244	247	46	0	0	0	0	595	244	247	64	0	0	0	0	595
1374148623	602817	244	247	52	0	0	0	0	596	244	247	63	0	0	0	0	596
1374148624	096082	244	247	51	0	0	0	0	597	244	247	63	0	0	0	0	597
1374148624	590377	244	247	51	0	0	0	0	598	244	247	63	0	0	0	0	598
1374148625	083721	244	247	52	0	0	0	0	599	244	247	63	0	0	0	0	599
1374148625	576892	244	248	52	0	0	0	0	600	244	247	63	0	0	0	0	600
1374148626	070252	244	248	52	0	0	0	0	601	244	247	63	0	0	0	0	601
1374148626	563581	244	248	46	0	0	0	0	602	244	247	63	0	0	0	0	602
1374148627	056716	244	247	45	0	0	0	0	603	244	247	63	0	0	0	0	603
1374148627	549983	244	249	53	0	0	0	0	604	244	247	63	0	0	0	0	604
1374148628	043713	244	247	54	0	0	0	0	605	244	247	63	0	0	0	0	605
1374148628	536806	244	248	54	0	0	0	0	606	244	247	63	0	0	0	0	606
1374148629	029089	244	247	41	0	0	0	0	607	244	247	63	0	0	0	0	607
1374148629	522519	244	247	41	0	0	0	0	608	244	247	64	0	0	0	0	608
1374148630	014589	244	248	42	0	0	0	0	609	244	247	70	0	0	0	0	609
1374148630	508673	244	249	43	0	0	0	0	610	244	247	63	0	0	0	0	610
1374148631	002960	244	247	46	0	0	0	0	611	244	247	0	0	0	0	0	611
1374148631	495314	244	247	45	0	0	0	0	612	244	247	0	0	0	0	0	612
1374148631	989711	244	247	54	0	0	0	0	613	244	247	67	0	0	0	0	613
1374148632	482910	244	248	54	0	0	0	0	614	244	247	67	0	0	0	0	614
1374148632	976451	244	249	54	0	0	0	0	615	244	247	0	0	0	0	0	615
1374148633	469563	244	248	55	0	0	0	0	616	244	247	65	0	0	0	0	616
1374148633	962886	244	247	56	0	0	0	0	617	244	247	65	0	0	0	0	617
1374148634	457231	244	248	55	0	0	0	0	618	244	247	71	0	0	0	0	618
1374148634	950427	244	248	54	0	0	0	0	619	244	247	67	0	0	0	0	619
1374148635	443630	244	248	55	0	0	0	0	620	244	247	0	0	0	0	0	620
1374148635	937973	244	249	54	0	0	0	0	621	244	247	65	0	0	0	0	621
1374148636	431263	244	247	55	0	0	0	0	622	244	247	64	0	0	0	0	622
1374148636	924413	244	247	55	0	0	0	0	623	244	247	65	0	0	0	0	623
1374148637	417688	244	247	54	0	0	0	0	624	244	247	68	0	0	0	0	624
1374148637	911347	244	249	54	0	0	0	0	625	244	246	68	0	0	0	0	625
1374148638	403788	244	248	54	0	0	0	0	626	244	247	71	0	0	0	0	626
1374148638	896835	244	248	54	0	0	0	0	627	244	247	72	0	0	0	0	627
1374148639	390137	244	247	54	0	0	0	0	628	244	247	0	0	0	0	0	628
1374148639	883432	244	247	54	0	0	0	0	629	244	247	67	0	0	0	0	629
1374148640	375608	244	249	53	0	0	0	0	630	244	247	67	0	0	0	0	630
1374148640	868020	244	248	54	0	0	0	0	631	244	247	69	0	0	0	0	631
1374148641	362419	244	248	54	0	0	0	0	632	244	247	70	0	0	0	0	632
1374148641	854449	244	249	54	0	0	0	0	633	244	247	69	0	0	0	0	633
1374148642	347741	244	248	54	0	0	0	0	634	244	247	69	0	0	0	0	634
1374148642	842143	244	247	53	0	0	0	0	635	244	246	67	0	0	0	0	635
1374148643	334421	244	248	53	0	0	0	0	636	244	247	67	0	0	0	0	636
1374148643	826771	244	247	53	0	0	0	0	637	244	247	68	0	0	0	0	637
1374148644	321934	244	247	53	0	0	0	0	638	244	247	69	0	0	0	0	638
1374148644	815277	244	247	53	0	0	0	0	639	244	247	69	0	0	0	0	639
1374148645	308769	244	249	53	0	0	0	0	640	244	247	67	0	0	0	0	640
1374148645	801964	244	247	53	0	0	0	0	641	244	247	67	0	0	0	0	641
1374148646	295386	244	247	53	0	0	0	0	642	244	247	67	0	0	0	0	642
1374148646	788544	244	249	53	0	0	0	0	643	244	247	68	0	0	0	0	643
1374148647	282720	244	248	53	0	0	0	0	644	244	247	69	0	0	0	0	644
1374148647	775160	244	246	53	0	0	0	0	645	244	247	67	0	0	0	0	645
1374148648	267503	244	247	53	0	0	0	0	646	244	247	67	0	0	0	0	646
1374148648	761070	244	247	53	0	0	0	0	647	244	247	68	0	0	0	0	647
1374148649	255152	244	247	54	0	0	0	0	648	244	247	68	0	0	0	0	648
1374148649	748342	244	248	53	0	0	0	0	649	244	247	69	0	0	0	0	649
1374148650	242588	244	249	53	0	0	0	0	650	244	247	68	0	0	0	0	650
1374148650	736018	244	247	52	0	0	0	0	651	244	247	67	0	0	0	0	651
1374148651	229281	244	248	53	0	0	0	0	652	244	247	67	0	0	0	0	652
1374148651	722971	244	247	53	0	0	0	0	653	244	247	68	0	0	0	0	653
1374148652	216748	244	247	52	0	0	0	0	654	244	247	68	0	0	0	0	654
1374148652	709217	244	248	53	0	0	0	0	655	244	247	69	0	0	0	0	655
1374148653	202439	244	247	52	0	0	0	0	656	244	247	67	0	0	0	0	656
1374148653	696809	244	247	53	0	0	0	0	657	244	247	67	0	0	0	0	657
1374148654	190081	244	249	53	0	0	0	0	658	244	247	67	0	0	0	0	658
1374148654	683198	244	247	53	0	0	0	0	659	244	247	68	0	0	0	0	659
1374148655	177625	244	248	53	0	0	0	0	660	244	247	67	0	0	0	0	660
1374148655	670995	244	247	52	0	0	0	0	661	244	247	67	0	0	0	0	661
1374148656	165273	244	247	53	0	0	0	0	662	244	247	67	0	0	0	0	662
1374148656	659478	244	249	53	0	0	0	0	663	244	247	67	0	0	0	0	663
1374148657	152718	244	249	53	0	0	0	0	664	244	247	67	0	0	0	0	664
1374148657	646107	244	248	53	0	0	0	0	665	244	247	67	0	0	0	0	665
1374148658	139365	244	248	53	0	0	0	0	666	244	247	67	0	0	0	0	666
1374148658	631791	244	249	53	0	0	0	0	667	244	246	69	0	0	0	0	667
1374148659	125274	244	247	53	0	0	0	0	668	244	247	67	0	0	0	0	668
1374148659	618427	244	247	54	0	0	0	0	669	244	247	68	0	0	0	0	669
1374148660	111635	244	249	53	0	0	0	0	670	244	247	68	0	0	0	0	670
1374148660	604954	244	247	53	0	0	0	0	671	244	247	67	0	0	0	0	671
1374148661	098117	244	248	54	0	0	0	0	672	244	247	67	0	0	0	0	672
1374148661	592515	244	249	54	0	0	0	0	673	244	247	67	0	0	0	0	673
1374148662	085741	244	248	53	0	0	0	0	674	244	247	67	0	0	0	0	674
1374148662	579124	244	249	54	0	0	0	0	675	244	247	68	0	0	0	0	675
1374148663	072718	244	247	54	0	0	0	0	676	244	247	67	0	0	0	0	676
1374148663	564716	244	248	54	0	0	0	0	677	244	247	67	0	0	0	0	677
1374148664	057906	244	247	55	0	0	0	0	678	244	247	67	0	0	0	0	678
1374148664	550255	244	248	55	0	0	0	0	679	244	247	68	0	0	0	0	679
1374148665	043579	244	247	54	0	0	0	0	680	244	247	69	0	0	0	0	680
1374148665	538579	244	247	53	0	0	0	0	681	244	247	67	0	0	0	0	681
1374148666	032039	244	249	53	0	0	0	0	682	244	247	67	0	0	0	0	682
1374148666	525263	244	247	53	0	0	0	0	683	244	247	67	0	0	0	0	683
1374148667	018586	244	248	45	0	0	0	0	684	244	247	65	0	0	0	0	684
1374148667	511867	244	249	45	0	0	0	0	685	244	247	65	0	0	0	0	685
1374148668	005253	244	248	44	146	0	0	0	686	244	247	66	0	0	0	0	686
1374148668	497485	244	247	44	0	0	0	0	687	244	247	69	0	0	0	0	687
1374148668	990897	244	247	41	109	0	0	0	688	244	246	76	0	0	0	0	688
1374148669	485059	244	248	0	0	0	0	0	689	244	247	65	0	0	0	0	689
1374148669	978265	244	247	44	0	0	0	0	690	244	247	64	0	0	0	0	690
1374148670	472674	244	247	44	0	0	0	0	691	244	247	64	0	0	0	0	691
1374148670	965850	244	247	44	0	0	0	0	692	244	247	64	0	0	0	0	692
1374148671	459196	244	249	44	0	0	0	0	693	244	247	69	0	0	0	0	693
1374148671	951550	244	248	44	0	0	0	0	694	244	247	64	0	0	0	0	694
1374148672	445641	244	248	44	0	0	0	0	695	244	247	64	0	0	0	0	695
1374148672	939293	244	247	44	0	0	0	0	696	244	247	65	0	0	0	0	696
1374148673	432401	244	247	44	0	0	0	0	697	244	247	64	0	0	0	0	697
1374148673	924798	244	249	44	0	0	0	0	698	244	247	64	0	0	0	0	698
1374148674	418093	244	248	44	0	0	0	0	699	244	247	64	0	0	0	0	699
1374148674	911331	244	249	44	0	0	0	0	700	244	247	64	0	0	0	0	700
1374148675	404454	244	247	44	0	0	0	0	701	244	247	64	0	0	0	0	701
1374148675	896742	244	247	44	0	0	0	0	702	244	247	64	0	0	0	0	702
1374148676	391295	244	248	44	0	0	0	0	703	244	247	64	0	0	0	0	703
1374148676	884319	244	249	44	0	0	0	0	704	244	247	64	0	0	0	0	704
1374148677	377695	244	247	44	0	0	0	0	705	244	247	64	0	0	0	0	705
1374148677	870034	244	247	44	0	0	0	0	706	244	247	64	0	0	0	0	706
1374148678	362503	244	248	44	0	0	0	0	707	244	247	64	0	0	0	0	707
1374148678	855792	244	249	44	0	0	0	0	708	244	247	64	0	0	0	0	708
1374148679	365235	244	249	44	0	0	0	0	709	244	247	64	0	0	0	0	709
1374148679	857485	244	247	44	0	0	0	0	710	244	247	64	0	0	0	0	710
1374148680	351738	244	249	44	0	0	0	0	711	244	247	64	0	0	0	0	711
1374148680	846024	244	248	44	0	0	0	0	712	244	247	64	0	0	0	0	712
1374148681	339425	244	247	44	0	0	0	0	713	244	247	64	0	0	0	0	713
1374148681	831916	244	247	44	0	0	0	0	714	244	247	65	0	0	0	0	714
1374148682	325233	244	247	44	0	0	0	0	715	244	247	64	0	0	0	0	715
1374148682	816566	244	248	44	0	0	0	0	716	244	247	64	0	0	0	0	716
1374148683	310078	244	247	43	0	0	0	0	717	244	246	64	0	0	0	0	717
1374148683	803435	244	247	44	0	0	0	0	718	244	246	64	0	0	0	0	718
1374148684	295714	244	249	44	0	0	0	0	719	244	247	64	0	0	0	0	719
1374148684	790044	244	248	43	0	0	0	0	720	244	247	64	0	0	0	0	720
1374148685	284444	244	248	44	0	0	0	0	721	244	247	64	0	0	0	0	721
1374148685	777673	244	249	44	0	0	0	0	722	244	247	64	0	0	0	0	722
1374148686	271082	244	248	44	0	0	0	0	723	244	247	65	0	0	0	0	723
1374148686	764315	244	247	45	0	0	0	0	724	244	247	64	0	0	0	0	724
1374148687	258394	244	248	45	0	0	0	0	725	244	247	64	0	0	0	0	725
1374148687	751820	244	248	44	0	0	0	0	726	244	246	64	0	0	0	0	726
1374148688	244357	244	249	44	0	0	0	0	727	244	247	64	0	0	0	0	727
1374148688	737587	244	248	44	0	0	0	0	728	244	247	65	0	0	0	0	728
1374148689	230760	244	247	45	0	0	0	0	729	244	247	64	0	0	0	0	729
1374148689	722262	244	248	45	0	0	0	0	730	244	247	65	0	0	0	0	730
1374148690	214554	244	247	42	0	0	0	0	731	244	247	68	0	0	0	0	731
1374148690	708946	244	248	42	0	0	0	0	732	244	247	67	0	0	0	0	732
1374148691	202116	244	247	41	0	0	0	0	733	244	247	74	0	0	0	0	733
1374148691	696335	244	247	43	0	0	0	0	734	244	247	0	0	0	0	0	734
1374148692	189552	244	247	69	0	0	0	0	735	244	247	67	0	0	0	0	735
1374148692	682946	244	247	45	0	0	0	0	736	244	247	67	0	0	0	0	736
1374148693	175489	244	248	44	0	0	0	0	737	244	247	69	0	0	0	0	737
1374148693	669786	244	248	44	0	0	0	0	738	244	247	0	0	0	0	0	738
1374148694	162937	244	248	44	0	0	0	0	739	244	247	64	0	0	0	0	739
1374148694	657388	244	247	44	0	0	0	0	740	244	247	65	0	0	0	0	740
1374148695	150634	244	248	45	0	0	0	0	741	244	247	67	0	0	0	0	741
1374148695	644858	244	249	43	0	0	0	0	742	244	247	0	0	0	0	0	742
1374148696	138272	244	247	62	0	0	0	0	743	244	247	69	0	0	0	0	743
1374148696	632217	244	247	62	0	0	0	0	744	244	247	0	0	0	0	0	744
1374148697	124517	244	247	63	0	0	0	0	745	244	247	68	0	0	0	0	745
1374148697	617886	244	249	63	0	0	0	0	746	244	247	68	0	0	0	0	746
1374148698	111394	244	247	45	0	0	0	0	747	244	247	68	0	0	0	0	747
1374148698	603703	244	247	44	0	0	0	0	748	244	247	65	0	0	0	0	748
1374148699	098752	244	247	44	0	0	0	0	749	244	247	68	0	0	0	0	749
1374148699	592203	244	247	44	0	0	0	0	750	244	247	68	0	0	0	0	750
1374148700	084429	244	247	44	0	0	0	0	751	244	247	70	0	0	0	0	751
1374148700	579821	244	249	44	0	0	0	0	752	244	247	65	0	0	0	0	752
1374148701	073093	244	247	45	0	0	0	0	753	244	247	65	0	0	0	0	753
1374148701	567265	244	247	44	0	0	0	0	754	244	247	64	0	0	0	0	754
1374148702	058811	244	247	45	0	0	0	0	755	244	247	65	0	0	0	0	755
1374148702	552230	244	247	45	0	0	0	0	756	244	247	65	0	0	0	0	756
1374148703	046001	244	248	44	0	0	0	0	757	244	247	65	0	0	0	0	757
1374148703	539088	244	247	45	0	0	0	0	758	244	247	65	0	0	0	0	758
1374148704	031353	244	247	45	0	0	0	0	759	244	247	64	0	0	0	0	759
1374148704	526401	244	248	44	0	0	0	0	760	244	247	65	0	0	0	0	760
1374148705	020014	244	248	45	0	0	0	0	761	244	247	65	0	0	0	0	761
1374148705	513134	244	248	45	0	0	0	0	762	244	247	65	0	0	0	0	762
1374148706	007419	244	248	45	0	0	0	0	763	244	247	65	0	0	0	0	763
1374148706	500660	244	248	45	0	0	0	0	764	244	247	65	0	0	0	0	764
1374148706	993879	244	247	45	0	0	0	0	765	244	247	65	0	0	0	0	765
1374148707	487255	244	247	45	0	0	0	0	766	244	247	69	0	0	0	0	766
1374148707	981904	244	248	45	0	0	0	0	767	244	247	67	0	0	0	0	767
1374148708	475136	244	248	0	0	0	0	0	768	244	247	72	0	0	0	0	768
1374148708	968428	244	248	64	0	0	0	0	769	244	247	64	0	0	0	0	769
1374148709	461474	244	247	56	0	0	0	0	770	244	247	69	0	0	0	0	770
1374148709	955933	244	249	65	0	0	0	0	771	244	247	69	0	0	0	0	771
1374148710	448171	244	247	57	0	0	0	0	772	244	247	64	0	0	0	0	772
1374148710	943449	244	247	56	0	0	0	0	773	244	247	0	0	0	0	0	773
1374148711	436679	244	248	57	0	0	0	0	774	244	247	0	0	0	0	0	774
1374148711	929999	244	247	53	0	0	0	0	775	244	247	66	0	0	0	0	775
1374148712	423179	244	247	59	0	0	0	0	776	244	247	70	0	0	0	0	776
1374148712	915858	244	248	57	0	0	0	0	777	244	247	66	0	0	0	0	777
1374148713	409077	244	247	59	0	0	0	0	778	244	247	67	0	0	0	0	778
1374148713	902436	244	247	66	0	0	0	0	779	244	247	64	0	0	0	0	779
1374148714	395586	244	247	56	0	0	0	0	780	244	247	65	0	0	0	0	780
1374148714	889030	244	247	56	0	0	0	0	781	244	247	65	0	0	0	0	781
1374148715	381304	244	247	56	0	0	0	0	782	244	247	65	0	0	0	0	782
1374148715	874660	244	248	56	0	0	0	0	783	244	247	65	164	0	0	0	783
1374148716	368667	244	247	55	0	0	0	0	784	244	247	65	0	0	0	0	784
1374148716	861207	244	247	55	0	0	0	0	785	244	247	65	0	0	0	0	785
1374148717	355251	244	247	56	0	0	0	0	786	244	247	65	0	0	0	0	786
1374148717	847717	244	248	56	0	0	0	0	787	244	247	65	0	0	0	0	787
1374148718	342011	244	249	56	0	0	0	0	788	244	247	66	0	0	0	0	788
1374148718	834410	244	247	55	0	0	0	0	789	244	247	66	0	0	0	0	789
1374148719	327713	244	249	56	0	0	0	0	790	244	247	65	0	0	0	0	790
1374148719	821758	244	248	56	0	0	0	0	791	244	247	66	0	0	0	0	791
1374148720	316037	244	247	56	0	0	0	0	792	244	247	65	0	0	0	0	792
1374148720	807474	244	248	60	0	0	0	0	793	244	247	65	0	0	0	0	793
1374148721	301770	244	247	58	0	0	0	0	794	244	247	65	0	0	0	0	794
1374148721	796049	244	247	58	0	0	0	0	795	244	247	65	0	0	0	0	795
1374148722	288433	244	249	60	0	0	0	0	796	244	247	65	0	0	0	0	796
1374148722	782754	244	249	59	0	0	0	0	797	244	247	65	0	0	0	0	797
1374148723	277150	244	248	58	0	0	0	0	798	244	247	65	0	0	0	0	798
1374148723	769497	244	247	58	0	0	0	0	799	244	247	65	0	0	0	0	799
1374148724	261818	244	248	58	0	0	0	0	800	244	247	65	0	0	0	0	800
1374148724	753975	244	248	58	0	0	0	0	801	244	247	65	0	0	0	0	801
1374148725	248407	244	247	58	0	0	0	0	802	244	247	65	0	0	0	0	802
1374148725	741840	244	247	58	0	0	0	0	803	244	247	65	0	0	0	0	803
1374148726	236183	244	246	58	0	0	0	0	804	244	247	65	0	0	0	0	804
1374148726	729405	244	247	58	0	0	0	0	805	244	247	65	0	0	0	0	805
1374148727	222741	244	248	58	0	0	0	0	806	244	247	65	0	0	0	0	806
1374148727	715131	244	248	58	0	0	0	0	807	244	247	66	0	0	0	0	807
1374148728	208735	244	249	57	0	0	0	0	808	244	246	65	0	0	0	0	808
1374148728	703901	244	248	58	0	0	0	0	809	244	247	65	0	0	0	0	809
1374148729	197149	244	247	57	0	0	0	0	810	244	247	0	0	0	0	0	810
1374148729	689425	244	247	58	0	0	0	0	811	244	247	67	0	0	0	0	811
1374148730	182755	244	248	63	0	0	0	0	812	244	247	67	0	0	0	0	812
1374148730	677960	244	247	56	0	0	0	0	813	244	247	71	0	0	0	0	813
1374148731	171129	244	247	58	0	0	0	0	814	244	247	0	0	0	0	0	814
1374148731	664515	244	248	58	0	0	0	0	815	244	247	0	0	0	0	0	815
1374148732	157798	244	248	65	0	0	0	0	816	244	247	66	0	0	0	0	816
1374148732	651039	244	247	64	0	0	0	0	817	244	247	65	0	0	0	0	817
1374148733	144481	244	247	57	0	0	0	0	818	244	247	0	0	0	0	0	818
1374148733	636734	244	248	58	0	0	0	0	819	244	247	75	0	0	0	0	819
1374148734	129021	244	247	60	0	0	0	0	820	244	247	0	0	0	0	0	820
1374148734	622394	244	249	58	0	0	0	0	821	244	247	66	0	0	0	0	821
1374148735	115584	244	249	63	0	0	0	0	822	244	247	65	0	0	0	0	822
1374148735	610929	244	248	0	0	0	0	0	823	244	247	66	0	0	0	0	823
1374148736	104342	244	247	59	0	0	0	0	824	244	247	67	0	0	0	0	824
1374148736	597529	244	248	60	0	0	0	0	825	244	247	66	0	0	0	0	825
1374148737	089734	244	247	65	0	0	0	0	826	244	247	65	0	0	0	0	826
1374148737	584905	244	247	64	0	0	0	0	827	244	247	66	0	0	0	0	827
1374148738	078669	244	247	58	0	0	0	0	828	244	247	66	0	0	0	0	828
1374148738	570852	244	248	57	0	0	0	0	829	244	247	66	0	0	0	0	829
1374148739	064219	244	247	57	0	0	0	0	830	244	247	66	0	0	0	0	830
1374148739	558360	244	247	57	0	0	0	0	831	244	247	66	0	0	0	0	831
1374148740	051712	244	248	58	0	0	0	0	832	244	247	66	0	0	0	0	832
1374148740	544133	244	249	57	0	0	0	0	833	244	247	65	0	0	0	0	833
1374148741	038336	244	247	57	0	0	0	0	834	244	247	65	0	0	0	0	834
1374148741	532734	244	249	63	0	0	0	0	835	244	247	68	0	0	0	0	835
1374148742	025011	244	248	58	0	0	0	0	836	244	247	65	0	0	0	0	836
1374148742	518038	244	248	58	0	0	0	0	837	244	247	66	0	0	0	0	837
1374148743	013767	244	247	58	0	0	0	0	838	244	247	66	0	0	0	0	838
1374148743	506923	244	247	56	0	0	0	0	839	244	247	66	0	0	0	0	839
1374148744	000382	244	248	57	0	0	0	0	840	244	247	66	0	0	0	0	840
1374148744	493737	244	249	60	0	0	0	0	841	244	247	0	0	0	0	0	841
1374148744	986863	244	248	63	0	0	0	0	842	244	247	67	0	0	0	0	842
1374148745	481077	244	247	57	0	0	0	0	843	244	247	67	0	0	0	0	843
1374148745	974252	244	248	56	0	0	0	0	844	244	247	0	0	0	0	0	844
1374148746	466584	244	247	0	0	0	0	0	845	244	247	0	0	0	0	0	845
1374148746	960778	244	249	65	0	0	0	0	846	244	247	80	0	0	0	0	846
1374148747	455217	244	248	62	0	0	0	0	847	244	248	0	0	0	0	0	847
1374148747	948732	244	247	54	0	0	0	0	848	244	247	0	0	0	0	0	848
1374148748	441969	244	247	55	0	0	0	0	849	244	247	60	0	0	0	0	849
1374148748	935542	244	247	0	0	0	0	0	850	244	247	0	0	0	0	0	850
1374148749	427643	244	247	60	0	0	0	0	851	244	247	0	0	0	0	0	851
1374148749	921832	244	249	0	0	0	0	0	852	244	247	78	0	0	0	0	852
1374148750	415099	244	247	65	0	0	0	0	853	244	247	0	0	0	0	0	853
1374148750	908547	244	248	60	0	0	0	0	854	244	247	0	0	0	0	0	854
1374148751	402592	244	249	59	0	0	0	0	855	244	247	0	0	0	0	0	855
1374148751	895985	244	247	58	0	0	0	0	856	244	247	0	0	0	0	0	856
1374148752	388432	244	249	59	0	0	0	0	857	244	247	0	0	0	0	0	857
1374148752	880563	244	248	60	0	0	0	0	858	244	247	72	0	0	0	0	858
1374148753	375806	244	247	61	0	0	0	0	859	244	248	0	0	0	0	0	859
1374148753	868065	244	248	75	0	0	0	0	860	244	247	0	0	0	0	0	860
1374148754	362497	244	249	67	0	0	0	0	861	244	247	0	0	0	0	0	861
1374148754	856663	244	249	60	0	0	0	0	862	244	247	73	0	0	0	0	862
1374148755	349913	244	248	61	0	0	0	0	863	244	247	83	0	0	0	0	863
1374148755	842310	244	247	61	0	0	0	0	864	244	247	0	0	0	0	0	864
1374148756	334610	244	249	61	0	0	0	0	865	244	247	0	0	0	0	0	865
1374148756	828852	244	247	62	0	0	0	0	866	244	247	72	0	0	0	0	866
1374148757	321249	244	247	69	0	0	0	0	867	244	247	73	0	0	0	0	867
1374148757	814409	244	247	61	0	0	0	0	868	244	247	73	0	0	0	0	868
1374148758	306845	244	248	67	0	0	0	0	869	244	247	73	0	0	0	0	869
1374148758	801148	244	247	67	0	0	0	0	870	244	247	72	0	0	0	0	870
1374148759	294465	244	247	60	0	0	0	0	871	244	247	72	0	0	0	0	871
1374148759	787630	244	248	60	0	0	0	0	872	244	247	73	0	0	0	0	872
1374148760	282000	244	247	60	0	0	0	0	873	244	247	73	0	0	0	0	873
1374148760	775266	244	249	66	0	0	0	0	874	244	247	73	0	0	0	0	874
1374148761	268547	244	247	64	0	0	0	0	875	244	247	73	0	0	0	0	875
1374148761	761816	244	249	67	0	0	0	0	876	244	248	73	0	0	0	0	876
1374148762	255026	244	249	67	0	0	0	0	877	244	247	72	0	0	0	0	877
1374148762	747374	244	249	61	0	0	0	0	878	244	247	73	0	0	0	0	878
1374148763	239903	244	247	68	0	0	0	0	879	244	247	73	0	0	0	0	879
1374148763	734130	244	248	79	0	0	0	0	880	244	247	0	0	0	0	0	880
1374148764	227709	244	247	61	0	0	0	0	881	244	247	74	0	0	0	0	881
1374148764	719924	244	247	60	0	0	0	0	882	244	247	0	0	0	0	0	882
1374148765	212987	244	249	0	0	0	0	0	883	244	247	0	0	0	0	0	883
1374148765	707318	244	247	0	0	0	0	0	884	244	247	0	0	0	0	0	884
1374148766	200684	244	249	60	0	0	0	0	885	244	247	0	0	0	0	0	885
1374148766	693965	244	248	61	0	0	0	0	886	244	247	0	0	0	0	0	886
1374148767	189189	244	247	67	0	0	0	0	887	244	247	76	0	0	0	0	887
1374148767	682430	244	247	68	0	0	0	0	888	244	247	77	0	0	0	0	888
1374148768	175702	244	247	67	0	0	0	0	889	244	247	83	0	0	0	0	889
1374148768	668185	244	247	67	0	0	0	0	890	244	247	0	0	0	0	0	890
1374148769	163480	244	247	67	0	0	0	0	891	244	247	0	0	0	0	0	891
1374148769	656544	244	247	67	0	0	0	0	892	244	248	0	0	0	0	0	892
1374148770	151559	244	248	61	0	0	0	0	893	244	247	82	0	0	0	0	893
1374148770	643319	244	247	61	0	0	0	0	894	244	247	80	0	0	0	0	894
1374148771	135652	244	248	67	0	0	0	0	895	244	247	0	0	0	0	0	895
1374148771	628756	244	247	69	0	0	0	0	896	244	247	75	0	0	0	0	896
1374148772	121973	244	247	67	0	0	0	0	897	244	247	76	0	0	0	0	897
1374148772	615523	244	249	67	0	0	0	0	898	244	247	74	0	0	0	0	898
1374148773	108728	244	247	69	0	0	0	0	899	244	247	74	0	0	0	0	899
1374148773	602167	244	248	67	0	0	0	0	900	244	247	0	0	0	0	0	900
1374148774	094520	244	248	0	0	0	0	0	901	244	247	74	0	0	0	0	901
1374148774	588690	244	248	62	0	0	0	0	902	244	247	0	0	0	0	0	902
1374148775	081999	244	248	67	0	0	0	0	903	244	247	0	0	0	0	0	903
1374148775	575256	244	247	67	0	0	0	0	904	244	247	0	0	0	0	0	904
1374148776	069445	244	247	0	0	0	0	0	905	244	247	74	0	0	0	0	905
1374148776	563052	244	248	74	0	0	0	0	906	244	247	74	0	0	0	0	906
1374148777	057061	244	249	66	0	0	0	0	907	244	247	0	0	0	0	0	907
1374148777	550442	244	247	74	0	0	0	0	908	244	247	74	0	0	0	0	908
1374148778	043882	244	247	80	0	0	0	0	909	244	247	73	0	0	0	0	909
1374148778	536930	244	247	79	0	0	0	0	910	244	247	0	0	0	0	0	910
1374148779	030441	244	247	69	0	0	0	0	911	244	247	0	0	0	0	0	911
1374148779	522710	244	248	67	0	0	0	0	912	244	247	0	0	0	0	0	912
1374148780	015778	244	247	67	0	0	0	0	913	244	247	0	0	0	0	0	913
1374148780	509054	244	249	66	0	0	0	0	914	244	247	0	0	0	0	0	914
1374148781	003454	244	247	0	0	0	0	0	915	244	247	0	0	0	0	0	915
1374148781	496496	244	249	76	0	0	0	0	916	244	247	0	0	0	0	0	916
1374148781	989898	244	248	0	0	0	0	0	917	244	247	0	0	0	0	0	917
1374148782	484123	244	248	0	0	0	0	0	918	244	247	0	0	0	0	0	918
1374148782	977563	244	247	0	0	0	0	0	919	244	247	0	0	0	0	0	919
1374148783	471814	244	247	0	0	0	0	0	920	244	247	0	0	0	0	0	920
1374148783	963142	244	247	74	0	0	0	0	921	244	247	0	0	0	0	0	921
1374148784	457546	244	247	72	0	0	0	0	922	244	247	0	0	0	0	0	922
1374148784	949564	244	247	68	0	0	0	0	923	244	247	0	0	0	0	0	923
1374148785	443848	244	248	73	0	0	0	0	924	244	247	0	0	0	0	0	924
1374148785	938213	244	248	68	0	0	0	0	925	244	247	0	0	0	0	0	925
1374148786	432773	244	249	70	0	0	0	0	926	244	247	0	0	0	0	0	926
1374148786	925839	244	247	67	0	0	0	0	927	244	247	0	0	0	0	0	927
1374148787	418138	244	247	67	0	0	0	0	928	244	247	73	0	0	0	0	928
1374148787	911647	244	247	69	0	0	0	0	929	244	247	0	0	0	0	0	929
1374148788	405978	244	247	65	0	0	0	0	930	244	247	0	0	0	0	0	930
1374148788	898298	244	247	68	0	0	0	0	931	244	247	0	0	0	0	0	931
1374148789	391583	244	248	67	0	0	0	0	932	244	247	74	0	0	0	0	932
1374148789	884836	244	248	69	0	0	0	0	933	244	247	0	0	0	0	0	933
1374148790	379011	244	249	65	0	0	0	0	934	244	247	0	0	0	0	0	934
1374148790	872429	244	247	76	0	0	0	0	935	244	247	0	0	0	0	0	935
1374148791	365690	244	249	71	0	0	0	0	936	244	247	0	0	0	0	0	936
1374148791	858082	244	247	67	0	0	0	0	937	244	247	0	0	0	0	0	937
1374148792	351075	244	247	67	0	0	0	0	938	244	247	0	0	0	0	0	938
1374148792	844502	244	247	67	0	0	0	0	939	244	247	0	0	0	0	0	939
1374148793	337961	244	249	0	0	0	0	0	940	244	247	0	0	0	0	0	940
1374148793	832278	244	247	77	0	0	0	0	941	244	247	0	0	0	0	0	941
1374148794	325508	244	247	68	0	0	0	0	942	244	247	0	0	0	0	0	942
1374148794	817813	244	247	62	0	0	0	0	943	244	247	76	0	0	0	0	943
1374148795	311250	244	248	64	0	0	0	0	944	244	247	0	0	0	0	0	944
1374148795	803342	244	247	74	0	0	0	0	945	244	247	0	0	0	0	0	945
1374148796	295535	244	247	74	0	0	0	0	946	244	247	0	0	0	0	0	946
1374148796	789905	244	248	69	0	0	0	0	947	244	247	0	0	0	0	0	947
1374148797	282235	244	249	72	0	0	0	0	948	244	247	0	0	0	0	0	948
1374148797	775661	244	247	68	0	0	0	0	949	244	247	0	0	0	0	0	949
1374148798	268134	244	247	74	0	0	0	0	950	244	247	0	0	0	0	0	950
1374148798	762215	244	246	63	0	0	0	0	951	244	247	0	0	0	0	0	951
1374148799	254581	244	247	63	0	0	0	0	952	244	247	0	0	0	0	0	952
1374148799	748848	244	247	74	0	0	0	0	953	244	247	0	0	0	0	0	953
1374148800	243148	244	248	68	0	0	0	0	954	244	247	0	0	0	0	0	954
1374148800	736446	244	248	66	0	0	0	0	955	244	247	0	0	0	0	0	955
1374148801	228775	244	247	64	0	0	0	0	956	244	247	0	0	0	0	0	956
1374148801	722185	244	248	73	0	0	0	0	957	244	247	0	0	0	0	0	957
1374148802	215471	244	248	67	0	0	0	0	958	244	247	0	0	0	0	0	958
1374148802	709896	244	248	71	0	0	0	0	959	244	247	0	0	0	0	0	959
1374148803	202263	244	249	67	0	0	0	0	960	244	247	0	0	0	0	0	960
1374148803	695521	244	247	75	0	0	0	0	961	244	247	0	0	0	0	0	961
1374148804	188864	244	248	68	0	0	0	0	962	244	247	0	0	0	0	0	962
1374148804	682156	244	248	0	0	0	0	0	963	244	247	0	0	0	0	0	963
1374148805	175361	244	248	0	0	0	0	0	964	244	247	0	0	0	0	0	964
1374148805	668630	244	247	62	0	0	0	0	965	244	247	0	0	0	0	0	965
1374148806	160918	244	247	63	0	0	0	0	966	244	247	0	0	0	0	0	966
1374148806	656187	244	247	73	0	0	0	0	967	244	247	0	0	0	0	0	967
1374148807	149576	244	248	77	0	0	0	0	968	244	247	0	0	0	0	0	968
1374148807	641805	244	248	65	0	0	0	0	969	244	247	0	0	0	0	0	969
1374148808	136124	244	248	62	0	0	0	0	970	244	247	77	0	0	0	0	970
1374148808	630560	244	247	64	0	0	0	0	971	244	247	0	0	0	0	0	971
1374148809	123827	244	248	63	0	0	0	0	972	244	247	0	0	0	0	0	972
1374148809	617192	244	247	66	0	0	0	0	973	244	247	0	0	0	0	0	973
1374148810	109394	244	249	62	0	0	0	0	974	244	247	0	0	0	0	0	974
1374148810	602670	244	248	73	0	0	0	0	975	244	247	0	0	0	0	0	975
1374148811	095117	244	248	75	0	0	0	0	976	244	247	0	0	0	0	0	976
1374148811	588417	244	247	67	0	0	0	0	977	244	247	0	0	0	0	0	977
1374148812	083464	244	249	76	0	0	0	0	978	244	247	0	0	0	0	0	978
1374148812	576783	244	247	63	0	0	0	0	979	244	247	0	0	0	0	0	979
1374148813	070313	244	247	62	0	0	0	0	980	244	247	84	0	0	0	0	980
1374148813	562444	244	248	71	0	0	0	0	981	244	247	0	0	0	0	0	981
1374148814	056913	244	249	74	0	0	0	0	982	244	247	0	0	0	0	0	982
1374148814	550069	244	248	66	0	0	0	0	983	244	247	0	0	0	0	0	983
1374148815	043311	244	247	67	0	0	0	0	984	244	247	0	0	0	0	0	984
1374148815	536710	244	249	67	0	0	0	0	985	244	247	0	0	0	0	0	985
1374148816	029960	244	249	75	0	0	0	0	986	244	247	0	0	0	0	0	986
1374148816	522111	244	247	63	0	0	0	0	987	244	247	74	0	0	0	0	987
1374148817	016307	244	247	62	0	0	0	0	988	244	247	0	0	0	0	0	988
1374148817	510653	244	247	65	0	0	0	0	989	244	247	0	0	0	0	0	989
1374148818	004402	244	248	65	0	0	0	0	990	244	247	75	0	0	0	0	990
1374148818	498385	244	249	66	0	0	0	0	991	244	247	0	0	0	0	0	991
1374148818	991720	244	247	68	0	0	0	0	992	244	247	75	0	0	0	0	992
1374148819	484993	244	248	62	0	0	0	0	993	244	247	190	0	0	0	0	993
1374148819	977279	244	247	67	0	0	0	0	994	244	247	0	0	0	0	0	994
1374148820	471389	244	247	67	0	0	0	0	995	244	247	0	0	0	0	0	995
1374148820	965708	244	248	66	0	0	0	0	996	244	247	0	0	0	0	0	996
1374148821	459225	244	248	63	0	0	0	0	997	244	248	0	0	0	0	0	997
1374148821	952249	244	247	67	0	0	0	0	998	244	247	0	0	0	0	0	998
1374148822	445605	244	248	66	0	0	0	0	999	244	248	0	0	0	0	0	999
1374148822	940092	244	247	66	0	0	0	0	1000	244	247	0	0	0	0	0	1000
1374148823	433345	244	249	63	0	0	0	0	1001	244	247	0	0	0	0	0	1001
1374148823	927524	244	247	62	0	0	0	0	1002	244	247	0	0	0	0	0	1002
1374148824	420040	244	247	63	0	0	0	0	1003	244	247	0	0	0	0	0	1003
1374148824	914473	244	247	64	0	0	0	0	1004	244	247	0	0	0	0	0	1004
1374148825	407602	244	247	63	0	0	0	0	1005	244	248	0	0	0	0	0	1005
1374148825	900726	244	247	63	0	0	0	0	1006	244	247	0	0	0	0	0	1006
1374148826	395064	244	248	65	0	0	0	0	1007	244	247	0	0	0	0	0	1007
1374148826	889463	244	248	64	0	0	0	0	1008	244	247	0	0	0	0	0	1008
1374148827	382635	244	249	64	0	0	0	0	1009	244	247	84	0	0	0	0	1009
1374148827	875241	244	247	63	0	0	0	0	1010	244	247	0	0	0	0	0	1010
1374148828	369474	244	247	63	0	0	0	0	1011	244	247	0	0	0	0	0	1011
1374148828	862617	244	247	63	0	0	0	0	1012	244	247	0	0	0	0	0	1012
1374148829	355110	244	247	63	0	0	0	0	1013	244	247	0	0	0	0	0	1013
1374148829	848274	244	247	63	0	0	0	0	1014	244	247	0	0	0	0	0	1014
1374148830	341615	244	248	63	0	0	0	0	1015	244	247	0	0	0	0	0	1015
1374148830	834898	244	247	63	0	0	0	0	1016	244	247	0	0	0	0	0	1016
1374148831	328046	244	248	73	0	0	0	0	1017	244	247	0	0	0	0	0	1017
1374148831	821293	244	248	64	0	0	0	0	1018	244	247	0	0	0	0	0	1018
1374148832	314167	244	247	63	0	0	0	0	1019	244	247	0	0	0	0	0	1019
1374148832	806382	244	247	63	0	0	0	0	1020	244	247	0	0	0	0	0	1020
1374148833	301877	244	248	74	0	0	0	0	1021	244	247	0	0	0	0	0	1021
1374148833	795300	244	247	65	0	0	0	0	1022	244	247	0	0	0	0	0	1022
1374148834	288725	244	249	63	0	0	0	0	1023	244	247	0	0	0	0	0	1023
1374148834	781696	244	247	62	0	0	0	0	1024	244	247	0	0	0	0	0	1024
1374148835	276038	244	249	63	0	0	0	0	1025	244	247	0	0	0	0	0	1025
1374148835	769246	244	246	65	0	0	0	0	1026	244	247	0	0	0	0	0	1026
1374148836	262610	244	247	65	0	0	0	0	1027	244	247	0	0	0	0	0	1027
1374148836	755744	244	248	63	0	0	0	0	1028	244	247	0	0	0	0	0	1028
1374148837	249176	244	247	65	0	0	0	0	1029	244	247	0	0	0	0	0	1029
1374148837	742290	244	248	65	0	0	0	0	1030	244	247	0	0	0	0	0	1030
1374148838	233839	244	249	66	0	0	0	0	1031	244	247	0	0	0	0	0	1031
1374148838	728132	244	248	67	0	0	0	0	1032	244	247	0	0	0	0	0	1032
1374148839	220472	244	247	68	0	0	0	0	1033	244	247	0	0	0	0	0	1033
1374148839	713775	244	248	73	0	0	0	0	1034	244	247	0	0	0	0	0	1034
1374148840	207895	244	248	69	0	0	0	0	1035	244	248	0	0	0	0	0	1035
1374148840	700454	244	247	67	0	0	0	0	1036	244	247	76	0	0	0	0	1036
1374148841	194578	244	247	66	0	0	0	0	1037	244	247	78	0	0	0	0	1037
1374148841	688023	244	249	69	0	0	0	0	1038	244	247	75	0	0	0	0	1038
1374148842	181413	244	247	75	0	0	0	0	1039	244	247	0	0	0	0	0	1039
1374148842	674595	244	247	74	0	0	0	0	1040	244	247	75	0	0	0	0	1040
1374148843	166894	244	248	66	0	0	0	0	1041	244	247	0	0	0	0	0	1041
1374148843	661333	244	247	64	0	0	0	0	1042	244	247	0	0	0	0	0	1042
1374148844	155564	244	248	59	0	0	0	0	1043	244	247	0	0	0	0	0	1043
1374148844	648967	244	248	48	0	0	0	0	1044	244	246	49	0	0	0	0	1044
1374148845	141282	244	248	0	0	0	0	0	1045	244	247	58	0	0	0	0	1045
1374148845	634447	244	247	0	0	0	0	0	1046	244	248	54	0	0	0	0	1046
1374148846	128667	244	248	0	0	0	0	0	1047	244	247	62	0	0	0	0	1047
1374148846	621869	244	247	0	0	0	0	0	1048	244	248	55	0	0	0	0	1048
1374148847	115275	244	248	0	0	0	0	0	1049	244	247	58	0	0	0	0	1049
1374148847	609606	244	248	0	0	0	0	0	1050	244	247	49	0	0	0	0	1050
1374148848	102013	244	247	0	0	0	0	0	1051	244	247	56	0	0	0	0	1051
1374148848	596543	244	247	0	0	0	0	0	1052	244	247	45	0	0	0	0	1052
1374148849	090102	244	247	0	0	0	0	0	1053	244	247	45	0	0	0	0	1053
1374148849	583394	244	248	0	0	0	0	0	1054	244	247	45	0	0	0	0	1054
1374148850	076590	244	248	0	0	0	0	0	1055	244	247	53	0	0	0	0	1055
1374148850	569199	244	248	0	0	0	0	0	1056	244	247	47	0	0	0	0	1056
1374148851	063531	244	248	0	0	0	0	0	1057	244	247	50	0	0	0	0	1057
1374148851	558088	244	248	0	0	0	0	0	1058	244	247	50	0	0	0	0	1058
1374148852	050401	244	248	0	0	0	0	0	1059	244	247	51	0	0	0	0	1059
1374148852	543539	244	249	0	0	0	0	0	1060	244	248	51	0	0	0	0	1060
1374148853	039053	244	248	0	0	0	0	0	1061	244	247	51	0	0	0	0	1061
1374148853	532278	244	247	0	0	0	0	0	1062	244	248	50	0	0	0	0	1062
1374148854	024613	244	249	0	0	0	0	0	1063	244	247	51	0	0	0	0	1063
1374148854	518882	244	247	0	0	0	0	0	1064	244	247	55	0	0	0	0	1064
1374148855	012165	244	249	0	0	0	0	0	1065	244	248	56	0	0	0	0	1065
1374148855	506572	244	248	0	0	0	0	0	1066	244	247	51	0	0	0	0	1066
1374148856	000062	244	247	0	0	0	0	0	1067	244	247	51	0	0	0	0	1067
1374148856	492134	244	247	0	0	0	0	0	1068	244	248	51	0	0	0	0	1068
1374148856	986321	244	249	0	0	0	0	0	1069	244	247	46	0	0	0	0	1069
1374148857	479578	244	247	0	0	0	0	0	1070	244	247	51	0	0	0	0	1070
1374148857	973148	244	247	0	0	0	0	0	1071	244	247	56	0	0	0	0	1071
1374148858	466303	244	248	0	0	0	0	0	1072	244	247	45	0	0	0	0	1072
1374148858	959719	244	249	0	0	0	0	0	1073	244	248	45	0	0	0	0	1073
1374148859	452181	244	247	0	0	0	0	0	1074	244	247	45	0	0	0	0	1074
1374148859	946169	244	249	0	0	0	0	0	1075	244	247	45	0	0	0	0	1075
1374148860	439489	244	247	0	0	0	0	0	1076	244	247	45	0	0	0	0	1076
1374148860	933903	244	247	0	0	0	0	0	1077	244	247	45	0	0	0	0	1077
1374148861	426896	244	248	0	0	0	0	0	1078	244	247	45	0	0	0	0	1078
1374148861	920211	244	247	0	0	0	0	0	1079	244	247	45	0	0	0	0	1079
1374148862	413622	244	247	0	0	0	0	0	1080	244	247	60	0	0	0	0	1080
1374148862	904926	244	249	0	0	0	0	0	1081	244	247	47	0	0	0	0	1081
1374148863	397368	244	249	0	0	0	0	0	1082	244	247	0	0	0	0	0	1082
1374148863	890601	244	249	0	0	0	0	0	1083	244	247	51	0	0	0	0	1083
1374148864	383976	244	249	0	0	0	0	0	1084	244	247	52	0	0	0	0	1084
1374148864	877163	244	248	0	0	0	0	0	1085	244	248	51	0	0	0	0	1085
1374148865	369447	244	249	0	0	0	0	0	1086	244	247	59	0	0	0	0	1086
1374148865	863826	244	247	0	0	0	0	0	1087	244	247	55	0	0	0	0	1087
1374148866	357066	244	249	0	0	0	0	0	1088	244	247	57	0	0	0	0	1088
1374148866	849316	244	249	0	0	0	0	0	1089	244	247	46	0	0	0	0	1089
1374148867	344455	244	247	0	0	0	0	0	1090	244	247	47	0	0	0	0	1090
1374148867	836771	244	248	0	0	0	0	0	1091	244	247	46	0	0	0	0	1091
1374148868	331134	244	247	0	0	0	0	0	1092	244	247	46	0	0	0	0	1092
1374148868	824636	244	248	0	0	0	0	0	1093	244	247	46	0	0	0	0	1093
1374148869	317917	244	248	0	0	0	0	0	1094	244	248	46	0	0	0	0	1094
1374148869	811031	244	247	0	0	0	0	0	1095	244	247	46	0	0	0	0	1095
1374148870	303263	244	247	0	0	0	0	0	1096	244	247	46	0	0	0	0	1096
1374148870	798488	244	249	0	0	0	0	0	1097	244	248	46	0	0	0	0	1097
1374148871	291800	244	249	0	0	0	0	0	1098	244	247	56	0	0	0	0	1098
1374148871	785108	244	247	0	0	0	0	0	1099	244	247	52	0	0	0	0	1099
1374148872	279253	244	249	0	0	0	0	0	1100	244	247	51	0	0	0	0	1100
1374148872	770690	244	247	0	0	0	0	0	1101	244	247	51	0	0	0	0	1101
1374148873	264169	244	248	0	0	0	0	0	1102	244	247	47	0	0	0	0	1102
1374148873	757392	244	247	0	0	0	0	0	1103	244	247	52	0	0	0	0	1103
1374148874	251084	244	247	0	0	0	0	0	1104	244	247	51	0	0	0	0	1104
1374148874	745171	244	247	0	0	0	0	0	1105	244	247	48	179	0	0	0	1105
1374148875	237403	244	248	0	0	0	0	0	1106	244	248	47	0	0	0	0	1106
1374148875	731735	244	247	0	0	0	0	0	1107	244	247	54	0	0	0	0	1107
1374148876	226096	244	249	0	0	0	0	0	1108	244	233	32	133	0	0	0	1108
1374148876	719317	244	247	0	0	0	0	0	1109	244	247	51	0	0	0	0	1109
1374148877	212375	244	248	0	0	0	0	0	1110	244	248	54	0	0	0	0	1110
1374148877	705993	244	248	0	0	0	0	0	1111	244	247	54	0	0	0	0	1111
1374148878	199322	244	248	0	0	0	0	0	1112	244	247	46	0	0	0	0	1112
1374148878	691854	244	248	0	0	0	0	0	1113	244	248	47	0	0	0	0	1113
1374148879	183985	244	248	0	0	0	0	0	1114	244	248	56	0	0	0	0	1114
1374148879	678110	244	249	0	0	0	0	0	1115	244	247	52	0	0	0	0	1115
1374148880	171502	244	247	0	0	0	0	0	1116	244	247	49	0	0	0	0	1116
1374148880	664682	244	248	0	0	0	0	0	1117	244	248	47	0	0	0	0	1117
1374148881	159957	244	248	0	0	0	0	0	1118	244	247	47	0	0	0	0	1118
1374148881	652419	244	248	0	0	0	0	0	1119	244	247	47	0	0	0	0	1119
1374148882	145530	244	247	0	0	0	0	0	1120	244	247	47	0	0	0	0	1120
1374148882	639793	244	247	0	0	0	0	0	1121	244	248	48	0	0	0	0	1121
1374148883	133143	244	248	0	0	0	0	0	1122	244	247	46	0	0	0	0	1122
1374148883	625562	244	247	0	0	0	0	0	1123	244	247	46	0	0	0	0	1123
1374148884	119732	244	247	0	0	0	0	0	1124	244	247	46	0	0	0	0	1124
1374148884	612992	244	248	0	0	0	0	0	1125	244	247	47	0	0	0	0	1125
1374148885	107173	244	248	0	0	0	0	0	1126	244	248	47	0	0	0	0	1126
1374148885	600540	244	249	0	0	0	0	0	1127	244	247	46	0	0	0	0	1127
1374148886	093700	244	247	0	0	0	0	0	1128	244	247	46	0	0	0	0	1128
1374148886	586208	244	247	0	0	0	0	0	1129	244	247	46	0	0	0	0	1129
1374148887	080296	244	247	0	0	0	0	0	1130	244	247	47	0	0	0	0	1130
1374148887	571597	244	248	0	0	0	0	0	1131	244	247	49	0	0	0	0	1131
1374148888	067084	244	248	0	0	0	0	0	1132	244	247	50	0	0	0	0	1132
1374148888	560315	244	247	0	0	0	0	0	1133	244	247	47	0	0	0	0	1133
1374148889	053626	244	247	0	0	0	0	0	1134	244	247	47	0	0	0	0	1134
1374148889	547925	244	247	0	0	0	0	0	1135	244	247	47	0	0	0	0	1135
1374148890	041171	244	247	0	0	0	0	0	1136	244	248	47	0	0	0	0	1136
1374148890	534401	244	247	0	0	0	0	0	1137	244	247	48	0	0	0	0	1137
1374148891	027711	244	248	0	0	0	0	0	1138	244	247	47	0	0	0	0	1138
1374148891	520959	244	249	0	0	0	0	0	1139	244	247	53	0	0	0	0	1139
1374148892	014280	244	247	0	0	0	0	0	1140	244	247	51	0	0	0	0	1140
1374148892	507636	244	248	0	0	0	0	0	1141	244	248	51	0	0	0	0	1141
1374148893	001026	244	247	0	0	0	0	0	1142	244	247	51	0	0	0	0	1142
1374148893	494348	244	247	0	0	0	0	0	1143	244	247	51	0	0	0	0	1143
1374148893	987826	244	247	0	0	0	0	0	1144	244	247	51	0	0	0	0	1144
1374148894	481827	244	249	0	0	0	0	0	1145	244	247	51	0	0	0	0	1145
1374148894	975035	244	248	0	0	0	0	0	1146	244	247	51	0	0	0	0	1146
1374148895	468403	244	248	0	0	0	0	0	1147	244	247	51	0	0	0	0	1147
1374148895	961521	244	247	0	0	0	0	0	1148	244	247	51	0	0	0	0	1148
1374148896	452905	244	247	0	0	0	0	0	1149	244	248	51	0	0	0	0	1149
1374148896	947279	244	248	0	0	0	0	0	1150	244	247	51	0	0	0	0	1150
1374148897	439610	244	247	0	0	0	0	0	1151	244	248	51	0	0	0	0	1151
1374148897	933297	244	247	0	0	0	0	0	1152	244	247	51	197	0	0	0	1152
1374148898	426319	244	248	0	0	0	0	0	1153	244	247	51	0	0	0	0	1153
1374148898	918783	244	247	0	0	0	0	0	1154	244	248	51	0	0	0	0	1154
1374148899	411964	244	247	0	0	0	0	0	1155	244	247	50	0	0	0	0	1155
1374148899	905398	244	249	0	0	0	0	0	1156	244	247	50	0	0	0	0	1156
1374148900	399592	244	247	0	0	0	0	0	1157	244	247	50	0	0	0	0	1157
1374148900	893088	244	249	0	0	0	0	0	1158	244	247	50	0	0	0	0	1158
1374148901	386276	244	247	0	0	0	0	0	1159	244	247	51	0	0	0	0	1159
1374148901	879430	244	248	0	0	0	0	0	1160	244	247	50	0	0	0	0	1160
1374148902	373854	244	248	0	0	0	0	0	1161	244	247	51	0	0	0	0	1161
1374148902	866098	244	247	0	0	0	0	0	1162	244	247	51	0	0	0	0	1162
1374148903	358593	244	247	0	0	0	0	0	1163	244	247	51	0	0	0	0	1163
1374148903	853689	244	247	0	0	0	0	0	1164	244	247	51	0	0	0	0	1164
1374148904	345989	244	249	0	0	0	0	0	1165	244	247	51	0	0	0	0	1165
1374148904	839322	244	248	0	0	0	0	0	1166	244	247	51	0	0	0	0	1166
1374148905	334561	244	249	0	0	0	0	0	1167	244	247	51	0	0	0	0	1167
1374148905	826702	244	247	0	0	0	0	0	1168	244	247	52	0	0	0	0	1168
1374148906	321018	244	248	0	0	0	0	0	1169	244	247	51	0	0	0	0	1169
1374148906	814213	244	247	0	0	0	0	0	1170	244	247	51	0	0	0	0	1170
1374148907	306664	244	248	0	0	0	0	0	1171	244	248	51	0	0	0	0	1171
1374148907	800815	244	248	0	0	0	0	0	1172	244	247	52	0	0	0	0	1172
1374148908	291268	244	247	0	0	0	0	0	1173	244	247	52	198	0	0	0	1173
1374148908	786425	244	247	0	0	0	0	0	1174	244	247	52	0	0	0	0	1174
1374148909	279775	244	247	0	0	0	0	0	1175	244	247	51	190	0	0	0	1175
1374148909	774082	244	249	0	0	0	0	0	1176	244	247	52	0	0	0	0	1176
1374148910	267352	244	249	0	0	0	0	0	1177	244	247	52	0	0	0	0	1177
1374148910	760771	244	248	0	0	0	0	0	1178	244	247	52	0	0	0	0	1178
1374148911	254750	244	248	0	0	0	0	0	1179	244	247	52	0	0	0	0	1179
1374148911	745986	244	247	0	0	0	0	0	1180	244	247	52	0	0	0	0	1180
1374148912	238398	244	247	0	0	0	0	0	1181	244	248	52	0	0	0	0	1181
1374148912	731751	244	248	0	0	0	0	0	1182	244	248	53	0	0	0	0	1182
1374148913	224122	244	247	0	0	0	0	0	1183	244	247	53	0	0	0	0	1183
1374148913	718519	244	247	0	0	0	0	0	1184	244	247	53	0	0	0	0	1184
1374148914	212873	244	248	0	0	0	0	0	1185	244	247	52	0	0	0	0	1185
1374148914	706068	244	247	0	0	0	0	0	1186	244	248	52	0	0	0	0	1186
1374148915	200255	244	247	0	0	0	0	0	1187	244	247	52	0	0	0	0	1187
1374148915	693444	244	248	0	0	0	0	0	1188	244	247	59	0	0	0	0	1188
1374148916	187698	244	247	0	0	0	0	0	1189	244	247	56	0	0	0	0	1189
1374148916	680080	244	249	0	0	0	0	0	1190	244	247	58	0	0	0	0	1190
1374148917	174364	244	247	0	0	0	0	0	1191	244	247	56	0	0	0	0	1191
1374148917	666681	244	248	0	0	0	0	0	1192	244	247	57	0	0	0	0	1192
1374148918	161193	244	249	0	0	0	0	0	1193	244	247	49	0	0	0	0	1193
1374148918	654326	244	247	0	0	0	0	0	1194	244	248	46	0	0	0	0	1194
1374148919	147892	244	248	0	0	0	0	0	1195	244	248	47	0	0	0	0	1195
1374148919	641016	244	248	0	0	0	0	0	1196	244	247	49	0	0	0	0	1196
1374148920	135377	244	248	0	0	0	0	0	1197	244	247	50	0	0	0	0	1197
1374148920	627511	244	248	0	0	0	0	0	1198	244	248	50	0	0	0	0	1198
1374148921	120870	244	247	0	0	0	0	0	1199	244	247	50	0	0	0	0	1199
1374148921	613103	244	247	0	0	0	0	0	1200	244	247	49	0	0	0	0	1200
1374148922	105739	244	247	0	0	0	0	0	1201	244	247	50	0	0	0	0	1201
1374148922	598906	244	248	0	0	0	0	0	1202	244	247	50	0	0	0	0	1202
1374148923	091511	244	247	0	0	0	0	0	1203	244	248	50	0	0	0	0	1203
1374148923	585085	244	248	0	0	0	0	0	1204	244	247	50	0	0	0	0	1204
1374148924	077207	244	247	0	0	0	0	0	1205	244	248	49	0	0	0	0	1205
1374148924	570420	244	247	0	0	0	0	0	1206	244	247	49	0	0	0	0	1206
1374148925	064688	244	247	0	0	0	0	0	1207	244	247	50	0	0	0	0	1207
1374148925	557924	244	247	0	0	0	0	0	1208	244	247	50	0	0	0	0	1208
1374148926	050197	244	248	0	0	0	0	0	1209	244	247	49	0	0	0	0	1209
1374148926	543493	244	247	0	0	0	0	0	1210	244	247	49	0	0	0	0	1210
1374148927	035731	244	247	0	0	0	0	0	1211	244	248	49	0	0	0	0	1211
1374148927	529068	244	248	0	0	0	0	0	1212	244	247	49	0	0	0	0	1212
1374148928	023457	244	247	0	0	0	0	0	1213	244	247	50	0	0	0	0	1213
1374148928	515863	244	248	0	0	0	0	0	1214	244	247	50	0	0	0	0	1214
1374148929	009009	244	247	0	0	0	0	0	1215	244	248	49	0	0	0	0	1215
1374148929	504224	244	249	0	0	0	0	0	1216	244	247	49	0	0	0	0	1216
1374148929	997675	244	249	0	0	0	0	0	1217	244	247	50	0	0	0	0	1217
1374148930	490832	244	247	0	0	0	0	0	1218	244	248	50	0	0	0	0	1218
1374148930	983944	244	248	0	0	0	0	0	1219	244	247	50	0	0	0	0	1219
1374148931	478514	244	248	0	0	0	0	0	1220	244	247	50	0	0	0	0	1220
1374148931	970660	244	248	0	0	0	0	0	1221	244	247	49	0	0	0	0	1221
1374148932	464892	244	247	0	0	0	0	0	1222	244	247	45	0	0	0	0	1222
1374148932	958311	244	247	0	0	0	0	0	1223	244	247	49	0	0	0	0	1223
1374148933	452614	244	248	0	0	0	0	0	1224	244	247	49	0	0	0	0	1224
1374148933	946015	244	248	0	0	0	0	0	1225	244	247	48	0	0	0	0	1225
1374148934	440143	244	248	0	0	0	0	0	1226	244	247	49	0	0	0	0	1226
1374148934	934509	244	248	0	0	0	0	0	1227	244	248	46	0	0	0	0	1227
1374148935	427749	244	247	0	0	0	0	0	1228	244	247	46	0	0	0	0	1228
1374148935	922084	244	247	0	0	0	0	0	1229	244	247	45	0	0	0	0	1229
1374148936	416166	244	247	0	0	0	0	0	1230	244	248	46	0	0	0	0	1230
1374148936	908780	244	248	0	0	0	0	0	1231	244	247	46	0	0	0	0	1231
1374148937	401771	244	248	0	0	0	0	0	1232	244	247	46	0	0	0	0	1232
1374148937	893465	244	248	0	0	0	0	0	1233	244	247	45	0	0	0	0	1233
1374148938	386731	244	247	0	0	0	0	0	1234	244	247	45	0	0	0	0	1234
1374148938	878985	244	247	0	0	0	0	0	1235	244	248	45	0	0	0	0	1235
1374148939	372287	244	248	0	0	0	0	0	1236	244	248	45	0	0	0	0	1236
1374148939	865575	244	249	0	0	0	0	0	1237	244	248	45	0	0	0	0	1237
1374148940	358744	244	247	0	0	0	0	0	1238	244	247	45	0	0	0	0	1238
1374148940	853134	244	248	0	0	0	0	0	1239	244	247	45	0	0	0	0	1239
1374148941	347333	244	248	0	0	0	0	0	1240	244	247	45	0	0	0	0	1240
1374148941	840718	244	248	0	0	0	0	0	1241	244	248	45	0	0	0	0	1241
1374148942	333903	244	248	0	0	0	0	0	1242	244	247	46	0	0	0	0	1242
1374148942	825375	244	247	0	0	0	0	0	1243	244	247	45	0	0	0	0	1243
1374148943	319709	244	247	0	0	0	0	0	1244	244	247	45	0	0	0	0	1244
1374148943	813087	244	247	0	0	0	0	0	1245	244	247	45	0	0	0	0	1245
1374148944	306304	244	247	0	0	0	0	0	1246	244	247	45	0	0	0	0	1246
1374148944	800459	244	247	0	0	0	0	0	1247	244	247	45	0	0	0	0	1247
1374148945	291848	244	247	0	0	0	0	0	1248	244	248	45	0	0	0	0	1248
1374148945	785895	244	248	0	0	0	0	0	1249	244	247	45	0	0	0	0	1249
1374148946	278368	244	247	0	0	0	0	0	1250	244	247	45	0	0	0	0	1250
1374148946	770645	244	248	0	0	0	0	0	1251	244	247	45	0	0	0	0	1251
1374148947	264819	244	247	0	0	0	0	0	1252	244	247	45	0	0	0	0	1252
1374148947	757151	244	247	0	0	0	0	0	1253	244	247	45	0	0	0	0	1253
1374148948	251586	244	247	0	0	0	0	0	1254	244	247	45	0	0	0	0	1254
1374148948	744900	244	247	0	0	0	0	0	1255	244	248	45	0	0	0	0	1255
1374148949	238060	244	248	0	0	0	0	0	1256	244	247	45	0	0	0	0	1256
1374148949	732434	244	247	0	0	0	0	0	1257	244	247	56	0	0	0	0	1257
1374148950	224854	244	247	0	0	0	0	0	1258	244	247	55	0	0	0	0	1258
1374148950	719063	244	247	0	0	0	0	0	1259	244	247	49	0	0	0	0	1259
1374148951	212177	244	249	0	0	0	0	0	1260	244	247	0	0	0	0	0	1260
1374148951	704564	244	249	0	0	0	0	0	1261	244	247	16	0	0	0	0	1261
1374148952	197956	244	247	0	0	0	0	0	1262	244	247	14	0	0	0	0	1262
1374148952	691169	244	249	0	0	0	0	0	1263	244	247	14	0	0	0	0	1263
1374148953	184814	244	247	0	0	0	0	0	1264	244	247	0	0	0	0	0	1264
1374148953	677907	244	247	0	0	0	0	0	1265	244	247	12	70	136	0	0	1265
1374148954	171355	244	248	0	0	0	0	0	1266	244	247	69	131	193	0	0	1266
1374148954	663614	244	247	0	0	0	0	0	1267	244	247	0	0	0	0	0	1267
1374148955	157880	244	247	0	0	0	0	0	1268	244	248	0	0	0	0	0	1268
1374148955	651966	244	247	0	0	0	0	0	1269	244	247	53	198	0	0	0	1269
1374148956	144288	244	249	0	0	0	0	0	1270	244	247	52	0	0	0	0	1270
1374148956	637632	244	248	0	0	0	0	0	1271	244	247	53	0	0	0	0	1271
1374148957	131810	244	248	0	0	0	0	0	1272	244	247	52	0	0	0	0	1272
1374148957	625065	244	248	0	0	0	0	0	1273	244	247	52	0	0	0	0	1273
1374148958	117520	244	247	0	0	0	0	0	1274	244	248	51	0	0	0	0	1274
1374148958	611967	244	247	0	0	0	0	0	1275	244	247	0	0	0	0	0	1275
1374148959	106285	244	248	0	0	0	0	0	1276	244	247	0	0	0	0	0	1276
1374148959	599527	244	247	0	0	0	0	0	1277	244	247	0	0	0	0	0	1277
1374148960	093866	244	249	0	0	0	0	0	1278	244	247	0	0	0	0	0	1278
1374148960	586073	244	247	0	0	0	0	0	1279	244	247	0	0	0	0	0	1279
1374148961	080262	244	249	0	0	0	0	0	1280	244	247	0	0	0	0	0	1280
1374148961	572461	244	248	0	0	0	0	0	1281	244	247	0	0	0	0	0	1281
1374148962	066813	244	247	0	0	0	0	0	1282	244	247	0	0	0	0	0	1282
1374148962	561123	244	248	0	0	0	0	0	1283	244	248	0	0	0	0	0	1283
1374148963	053504	244	248	0	0	0	0	0	1284	244	248	52	0	0	0	0	1284
1374148963	546939	244	248	0	0	0	0	0	1285	244	248	50	0	0	0	0	1285
1374148964	041230	244	247	0	0	0	0	0	1286	244	247	49	0	0	0	0	1286
1374148964	534362	244	248	73	0	0	0	0	1287	244	247	62	0	0	0	0	1287
1374148965	026802	244	247	88	0	0	0	0	1288	244	247	74	0	0	0	0	1288
1374148965	519953	244	246	71	0	0	0	0	1289	244	247	0	0	0	0	0	1289
1374148966	013214	244	248	76	0	0	0	0	1290	244	247	0	0	0	0	0	1290
1374148966	506606	244	249	85	0	0	0	0	1291	244	247	87	0	0	0	0	1291
1374148967	000890	244	247	76	0	0	0	0	1292	244	247	89	0	0	0	0	1292
1374148967	494163	244	246	66	0	0	0	0	1293	244	247	0	0	0	0	0	1293
1374148967	986800	244	248	73	0	0	0	0	1294	244	247	0	0	0	0	0	1294
1374148968	480885	244	248	62	0	0	0	0	1295	244	247	0	0	0	0	0	1295
1374148968	974178	244	246	52	0	0	0	0	1296	244	247	0	0	0	0	0	1296
1374148969	468620	244	246	59	0	0	0	0	1297	244	247	0	0	0	0	0	1297
1374148969	962018	244	247	0	0	0	0	0	1298	244	247	0	0	0	0	0	1298
1374148970	455232	244	247	54	0	0	0	0	1299	244	248	0	0	0	0	0	1299
1374148970	947403	244	246	56	0	0	0	0	1300	244	247	0	0	0	0	0	1300
1374148971	440661	244	248	56	0	0	0	0	1301	244	247	0	0	0	0	0	1301
1374148971	932983	244	246	49	0	0	0	0	1302	244	248	0	0	0	0	0	1302
1374148972	427284	244	247	49	0	0	0	0	1303	244	248	0	0	0	0	0	1303
1374148972	921614	244	246	50	0	0	0	0	1304	244	247	0	0	0	0	0	1304
1374148973	413940	244	246	49	0	0	0	0	1305	244	247	0	0	0	0	0	1305
1374148973	908088	244	248	49	0	0	0	0	1306	244	247	0	0	0	0	0	1306
1374148974	402527	244	246	49	0	0	0	0	1307	244	247	0	0	0	0	0	1307
1374148974	895960	244	247	56	0	0	0	0	1308	244	247	0	0	0	0	0	1308
1374148975	389092	244	246	56	0	0	0	0	1309	244	247	0	0	0	0	0	1309
1374148975	883302	244	248	56	0	0	0	0	1310	244	247	0	0	0	0	0	1310
1374148976	375564	244	246	57	0	0	0	0	1311	244	248	0	0	0	0	0	1311
1374148976	870011	244	246	53	0	0	0	0	1312	244	247	0	0	0	0	0	1312
1374148977	364072	244	246	55	0	0	0	0	1313	244	247	202	0	0	0	0	1313
1374148977	856565	244	247	56	0	0	0	0	1314	244	247	0	0	0	0	0	1314
1374148978	349883	244	247	49	0	0	0	0	1315	244	247	0	0	0	0	0	1315
1374148978	843129	244	246	58	0	0	0	0	1316	244	247	0	0	0	0	0	1316
1374148979	337415	244	248	57	0	0	0	0	1317	244	247	0	0	0	0	0	1317
1374148979	830740	244	248	58	0	0	0	0	1318	244	247	0	0	0	0	0	1318
1374148980	325061	244	246	58	0	0	0	0	1319	244	247	0	0	0	0	0	1319
1374148980	819294	244	246	0	0	0	0	0	1320	244	247	0	0	0	0	0	1320
1374148981	311645	244	246	49	0	0	0	0	1321	244	247	0	0	0	0	0	1321
1374148981	804052	244	247	58	0	0	0	0	1322	244	247	0	0	0	0	0	1322
1374148982	297054	244	247	52	0	0	0	0	1323	244	247	0	0	0	0	0	1323
1374148982	790481	244	246	55	0	0	0	0	1324	244	247	0	0	0	0	0	1324
1374148983	283973	244	248	50	0	0	0	0	1325	244	247	0	0	0	0	0	1325
1374148983	777209	244	248	56	0	0	0	0	1326	244	247	0	0	0	0	0	1326
1374148984	271426	244	246	57	0	0	0	0	1327	244	247	0	0	0	0	0	1327
1374148984	764740	244	248	57	0	0	0	0	1328	244	247	0	0	0	0	0	1328
1374148985	259051	244	248	0	0	0	0	0	1329	244	248	0	0	0	0	0	1329
1374148985	751215	244	246	57	0	0	0	0	1330	244	247	0	0	0	0	0	1330
1374148986	244616	244	247	60	0	0	0	0	1331	244	247	0	0	0	0	0	1331
1374148986	738636	244	247	50	0	0	0	0	1332	244	247	0	0	0	0	0	1332
1374148987	230094	244	248	50	0	0	0	0	1333	244	248	0	0	0	0	0	1333
1374148987	724362	244	248	49	0	0	0	0	1334	244	247	0	0	0	0	0	1334
1374148988	217762	244	248	49	0	0	0	0	1335	244	247	0	0	0	0	0	1335
1374148988	711921	244	246	49	0	0	0	0	1336	244	247	0	0	0	0	0	1336
1374148989	205335	244	248	50	0	0	0	0	1337	244	247	0	0	0	0	0	1337
1374148989	698740	244	246	50	0	0	0	0	1338	244	247	122	0	0	0	0	1338
1374148990	192050	244	246	56	0	0	0	0	1339	244	247	0	0	0	0	0	1339
1374148990	686100	244	246	55	0	0	0	0	1340	244	248	0	0	0	0	0	1340
1374148991	179387	244	248	55	0	0	0	0	1341	244	247	0	0	0	0	0	1341
1374148991	672713	244	246	52	0	0	0	0	1342	244	247	0	0	0	0	0	1342
1374148992	165004	244	248	56	0	0	0	0	1343	244	247	0	0	0	0	0	1343
1374148992	658425	244	246	58	0	0	0	0	1344	244	248	0	0	0	0	0	1344
1374148993	151637	244	248	50	0	0	0	0	1345	244	247	0	0	0	0	0	1345
1374148993	645131	244	247	58	0	0	0	0	1346	244	247	0	0	0	0	0	1346
1374148994	139013	244	248	49	0	0	0	0	1347	244	247	0	0	0	0	0	1347
1374148994	632416	244	246	49	0	0	0	0	1348	244	248	0	0	0	0	0	1348
1374148995	125658	244	246	61	0	0	0	0	1349	244	247	0	0	0	0	0	1349
1374148995	618888	244	247	58	0	0	0	0	1350	244	247	0	0	0	0	0	1350
1374148996	113138	244	247	58	0	0	0	0	1351	244	247	0	0	0	0	0	1351
1374148996	606418	244	246	51	0	0	0	0	1352	244	247	0	0	0	0	0	1352
1374148997	098684	244	248	51	0	0	0	0	1353	244	247	0	0	0	0	0	1353
1374148997	592073	244	247	50	0	0	0	0	1354	244	248	0	0	0	0	0	1354
1374148998	085604	244	247	58	0	0	0	0	1355	244	247	0	0	0	0	0	1355
1374148998	578831	244	247	57	0	0	0	0	1356	244	247	0	0	0	0	0	1356
1374148999	071078	244	247	57	0	0	0	0	1357	244	248	0	0	0	0	0	1357
1374148999	566432	244	248	0	0	0	0	0	1358	244	247	0	0	0	0	0	1358
1374149000	059641	244	248	50	0	0	0	0	1359	244	248	0	0	0	0	0	1359
1374149000	553085	244	246	49	0	0	0	0	1360	244	247	0	0	0	0	0	1360
1374149001	046263	244	248	49	0	0	0	0	1361	244	248	0	0	0	0	0	1361
1374149001	540668	244	247	50	0	0	0	0	1362	244	248	0	0	0	0	0	1362
1374149002	033047	244	246	49	0	0	0	0	1363	244	248	0	0	0	0	0	1363
1374149002	525920	244	248	49	0	0	0	0	1364	244	248	0	0	0	0	0	1364
1374149003	021506	244	248	50	0	0	0	0	1365	244	247	0	0	0	0	0	1365
1374149003	514913	244	248	49	0	0	0	0	1366	244	247	0	0	0	0	0	1366
1374149004	008038	244	246	50	0	0	0	0	1367	244	247	0	0	0	0	0	1367
1374149004	501335	244	247	50	0	0	0	0	1368	244	247	0	0	0	0	0	1368
1374149004	994560	244	246	50	0	0	0	0	1369	244	247	0	0	0	0	0	1369
1374149005	487925	244	247	57	0	0	0	0	1370	244	247	0	0	0	0	0	1370
1374149005	981136	244	248	55	0	0	0	0	1371	244	248	0	0	0	0	0	1371
1374149006	474387	244	246	57	0	0	0	0	1372	244	247	0	0	0	0	0	1372
1374149006	968773	244	248	57	0	0	0	0	1373	244	247	0	0	0	0	0	1373
1374149007	460744	244	247	57	0	0	0	0	1374	244	247	0	0	0	0	0	1374
1374149007	954328	244	247	50	0	0	0	0	1375	244	247	0	0	0	0	0	1375
1374149008	447598	244	248	58	0	0	0	0	1376	244	248	0	0	0	0	0	1376
1374149008	941783	244	246	59	0	0	0	0	1377	244	247	0	0	0	0	0	1377
1374149009	435027	244	248	0	0	0	0	0	1378	244	248	0	0	0	0	0	1378
1374149009	927427	244	248	52	0	0	0	0	1379	244	247	0	0	0	0	0	1379
1374149010	421874	244	246	51	0	0	0	0	1380	244	248	0	0	0	0	0	1380
1374149010	915912	244	247	51	0	0	0	0	1381	244	247	0	0	0	0	0	1381
1374149011	409239	244	248	50	0	0	0	0	1382	244	247	0	0	0	0	0	1382
1374149011	901544	244	246	52	0	0	0	0	1383	244	248	0	0	0	0	0	1383
1374149012	394704	244	246	52	0	0	0	0	1384	244	247	0	0	0	0	0	1384
1374149012	886197	244	248	62	0	0	0	0	1385	244	247	0	0	0	0	0	1385
1374149013	379638	244	246	64	0	0	0	0	1386	244	247	0	0	0	0	0	1386
1374149013	874064	244	246	56	0	0	0	0	1387	244	247	0	0	0	0	0	1387
1374149014	367282	244	246	54	0	0	0	0	1388	244	247	0	0	0	0	0	1388
1374149014	860461	244	246	63	0	0	0	0	1389	244	247	0	0	0	0	0	1389
1374149015	354562	244	248	60	0	0	0	0	1390	244	247	0	0	0	0	0	1390
1374149015	847907	244	247	58	0	0	0	0	1391	244	247	0	0	0	0	0	1391
1374149016	342143	244	246	53	0	0	0	0	1392	244	248	0	0	0	0	0	1392
1374149016	835481	244	248	60	0	0	0	0	1393	244	247	0	0	0	0	0	1393
1374149017	328960	244	248	51	0	0	0	0	1394	244	247	0	0	0	0	0	1394
1374149017	820074	244	247	60	0	0	0	0	1395	244	247	0	0	0	0	0	1395
1374149018	314326	244	248	54	0	0	0	0	1396	244	248	0	0	0	0	0	1396
1374149018	808873	244	246	60	0	0	0	0	1397	244	248	0	0	0	0	0	1397
1374149019	302017	244	246	61	0	0	0	0	1398	244	247	0	0	0	0	0	1398
1374149019	796199	244	247	54	0	0	0	0	1399	244	247	0	0	0	0	0	1399
1374149020	289460	244	248	54	0	0	0	0	1400	244	248	0	0	0	0	0	1400
1374149020	782767	244	246	54	0	0	0	0	1401	244	247	0	0	0	0	0	1401
1374149021	276028	244	247	56	0	0	0	0	1402	244	247	0	0	0	0	0	1402
1374149021	770464	244	246	57	0	0	0	0	1403	244	247	0	0	0	0	0	1403
1374149022	263745	244	246	60	0	0	0	0	1404	244	248	0	0	0	0	0	1404
1374149022	756049	244	247	61	0	0	0	0	1405	244	247	0	0	0	0	0	1405
1374149023	250293	244	248	62	0	0	0	0	1406	244	247	0	0	0	0	0	1406
1374149023	743753	244	246	62	0	0	0	0	1407	244	247	0	0	0	0	0	1407
1374149024	236971	244	247	62	0	0	0	0	1408	244	247	0	0	0	0	0	1408
1374149024	730235	244	246	61	0	0	0	0	1409	244	247	0	0	0	0	0	1409
1374149025	224575	244	247	61	0	0	0	0	1410	244	247	0	0	0	0	0	1410
1374149025	717935	244	247	62	0	0	0	0	1411	244	247	0	0	0	0	0	1411
1374149026	211110	244	248	58	0	0	0	0	1412	244	247	0	0	0	0	0	1412
1374149026	705382	244	246	53	0	0	0	0	1413	244	247	0	0	0	0	0	1413
1374149027	198690	244	246	53	0	0	0	0	1414	244	247	0	0	0	0	0	1414
1374149027	691908	244	248	54	0	0	0	0	1415	244	247	0	0	0	0	0	1415
1374149028	185359	244	248	54	0	0	0	0	1416	244	247	0	0	0	0	0	1416
1374149028	678853	244	247	57	0	0	0	0	1417	244	247	0	0	0	0	0	1417
1374149029	172997	244	246	60	0	0	0	0	1418	244	248	0	0	0	0	0	1418
1374149029	666117	244	246	60	0	0	0	0	1419	244	247	0	0	0	0	0	1419
1374149030	157606	244	246	57	0	0	0	0	1420	244	247	0	0	0	0	0	1420
1374149030	650893	244	247	55	0	0	0	0	1421	244	247	0	0	0	0	0	1421
1374149031	144368	244	247	56	0	0	0	0	1422	244	247	0	0	0	0	0	1422
1374149031	637444	244	246	56	0	0	0	0	1423	244	248	0	0	0	0	0	1423
1374149032	130570	244	247	55	0	0	0	0	1424	244	247	0	0	0	0	0	1424
1374149032	623984	244	248	55	0	0	0	0	1425	244	247	0	0	0	0	0	1425
1374149033	117408	244	247	55	0	0	0	0	1426	244	247	0	0	0	0	0	1426
1374149033	610679	244	246	54	0	0	0	0	1427	244	247	0	0	0	0	0	1427
1374149034	105077	244	248	57	0	0	0	0	1428	244	247	0	0	0	0	0	1428
1374149034	598342	244	248	66	0	0	0	0	1429	244	247	162	0	0	0	0	1429
1374149035	090640	244	247	52	0	0	0	0	1430	244	247	0	0	0	0	0	1430
1374149035	583737	244	247	54	0	0	0	0	1431	244	247	0	0	0	0	0	1431
1374149036	078159	244	247	60	0	0	0	0	1432	244	248	0	0	0	0	0	1432
1374149036	571719	244	248	52	0	0	0	0	1433	244	247	0	0	0	0	0	1433
1374149037	065601	244	246	52	0	0	0	0	1434	244	247	0	0	0	0	0	1434
1374149037	556922	244	247	52	0	0	0	0	1435	244	248	0	0	0	0	0	1435
1374149038	051148	244	247	53	0	0	0	0	1436	244	247	0	0	0	0	0	1436
1374149038	543698	244	248	53	0	0	0	0	1437	244	247	0	0	0	0	0	1437
1374149039	038853	244	246	56	0	0	0	0	1438	244	248	0	0	0	0	0	1438
1374149039	531494	244	248	56	0	0	0	0	1439	244	247	0	0	0	0	0	1439
1374149040	024504	244	246	54	0	0	0	0	1440	244	247	0	0	0	0	0	1440
1374149040	517683	244	246	56	0	0	0	0	1441	244	247	0	0	0	0	0	1441
1374149041	009057	244	246	55	0	0	0	0	1442	244	247	0	0	0	0	0	1442
1374149041	503305	244	247	55	0	0	0	0	1443	244	247	0	0	0	0	0	1443
1374149041	996873	244	246	55	0	0	0	0	1444	244	247	0	0	0	0	0	1444
1374149042	490341	244	248	54	0	0	0	0	1445	244	248	0	0	0	0	0	1445
1374149042	984825	244	248	54	0	0	0	0	1446	244	247	0	0	0	0	0	1446
1374149043	478071	244	248	54	0	0	0	0	1447	244	247	0	0	0	0	0	1447
1374149043	970507	244	248	59	0	0	0	0	1448	244	247	0	0	0	0	0	1448
1374149044	465773	244	248	60	0	0	0	0	1449	244	247	0	0	0	0	0	1449
1374149044	959068	244	247	61	0	0	0	0	1450	244	247	0	0	0	0	0	1450
1374149045	452179	244	247	53	0	0	0	0	1451	244	247	105	0	0	0	0	1451
1374149045	945635	244	247	53	0	0	0	0	1452	244	247	0	0	0	0	0	1452
1374149046	438950	244	247	52	0	0	0	0	1453	244	248	0	0	0	0	0	1453
1374149046	931090	244	246	62	0	0	0	0	1454	244	247	0	0	0	0	0	1454
1374149047	425414	244	246	62	0	0	0	0	1455	244	247	0	0	0	0	0	1455
1374149047	918588	244	248	57	0	0	0	0	1456	244	247	0	0	0	0	0	1456
1374149048	411969	244	248	62	0	0	0	0	1457	244	247	0	0	0	0	0	1457
1374149048	905516	244	246	59	0	0	0	0	1458	244	247	0	0	0	0	0	1458
1374149049	398600	244	246	62	0	0	0	0	1459	244	247	0	0	0	0	0	1459
1374149049	891869	244	247	53	0	0	0	0	1460	244	247	0	0	0	0	0	1460
1374149050	386139	244	247	53	0	0	0	0	1461	244	247	0	0	0	0	0	1461
1374149050	879379	244	246	53	0	0	0	0	1462	244	247	0	0	0	0	0	1462
1374149051	371744	244	246	55	0	0	0	0	1463	244	248	0	0	0	0	0	1463
1374149051	865764	244	248	52	0	0	0	0	1464	244	247	0	0	0	0	0	1464
1374149052	358968	244	246	62	0	0	0	0	1465	244	248	0	0	0	0	0	1465
1374149052	850514	244	248	53	0	0	0	0	1466	244	247	0	0	0	0	0	1466
1374149053	342745	244	247	60	0	0	0	0	1467	244	247	0	0	0	0	0	1467
1374149053	836165	244	248	53	0	0	0	0	1468	244	247	0	0	0	0	0	1468
1374149054	330365	244	246	56	0	0	0	0	1469	244	247	0	0	0	0	0	1469
1374149054	824587	244	248	60	0	0	0	0	1470	244	247	0	0	0	0	0	1470
1374149055	316841	244	246	60	0	0	0	0	1471	244	247	0	0	0	0	0	1471
1374149055	810142	244	246	51	0	0	0	0	1472	244	247	0	0	0	0	0	1472
1374149056	304314	244	247	60	0	0	0	0	1473	244	247	0	0	0	0	0	1473
1374149056	797489	244	246	59	0	0	0	0	1474	244	247	0	0	0	0	0	1474
1374149057	290794	244	248	59	0	0	0	0	1475	244	247	0	0	0	0	0	1475
1374149057	782075	244	246	60	0	0	0	0	1476	244	247	0	0	0	0	0	1476
1374149058	277614	244	248	60	0	0	0	0	1477	244	248	0	0	0	0	0	1477
1374149058	770970	244	248	61	0	0	0	0	1478	244	247	0	0	0	0	0	1478
1374149059	264057	244	248	62	0	0	0	0	1479	244	247	0	0	0	0	0	1479
1374149059	757174	244	248	55	0	0	0	0	1480	244	248	0	0	0	0	0	1480
1374149060	250555	244	246	61	0	0	0	0	1481	244	247	0	0	0	0	0	1481
1374149060	744730	244	247	58	0	0	0	0	1482	244	248	0	0	0	0	0	1482
1374149061	237950	244	247	58	0	0	0	0	1483	244	247	0	0	0	0	0	1483
1374149061	731263	244	247	60	0	0	0	0	1484	244	247	0	0	0	0	0	1484
1374149062	225378	244	248	60	0	0	0	0	1485	244	247	0	0	0	0	0	1485
1374149062	716758	244	246	60	0	0	0	0	1486	244	247	0	0	0	0	0	1486
1374149063	210273	244	246	60	0	0	0	0	1487	244	247	0	0	0	0	0	1487
1374149063	703349	244	247	55	0	0	0	0	1488	244	248	0	0	0	0	0	1488
1374149064	195732	244	246	50	0	0	0	0	1489	244	247	0	0	0	0	0	1489
1374149064	690958	244	247	60	0	0	0	0	1490	244	247	0	0	0	0	0	1490
1374149065	184145	244	248	58	0	0	0	0	1491	244	247	0	0	0	0	0	1491
1374149065	676380	244	246	59	0	0	0	0	1492	244	247	0	0	0	0	0	1492
1374149066	169670	244	247	49	0	0	0	0	1493	244	247	0	0	0	0	0	1493
1374149066	663003	244	248	49	0	0	0	0	1494	244	247	0	0	0	0	0	1494
1374149067	156311	244	248	50	0	0	0	0	1495	244	247	0	0	0	0	0	1495
1374149067	651623	244	246	57	0	0	0	0	1496	244	247	0	0	0	0	0	1496
1374149068	144919	244	246	60	0	0	0	0	1497	244	247	0	0	0	0	0	1497
1374149068	638152	244	247	60	0	0	0	0	1498	244	247	168	0	0	0	0	1498
1374149069	130501	244	246	58	0	0	0	0	1499	244	247	0	0	0	0	0	1499
1374149069	625814	244	247	60	0	0	0	0	1500	244	247	0	0	0	0	0	1500
1374149070	118919	244	248	61	0	0	0	0	1501	244	247	0	0	0	0	0	1501
1374149070	612120	244	246	52	0	0	0	0	1502	244	247	0	0	0	0	0	1502
1374149071	105444	244	247	53	0	0	0	0	1503	244	247	0	0	0	0	0	1503
1374149071	599550	244	248	53	0	0	0	0	1504	244	247	0	0	0	0	0	1504
1374149072	091993	244	247	53	0	0	0	0	1505	244	247	0	0	0	0	0	1505
1374149072	587257	244	246	52	0	0	0	0	1506	244	248	0	0	0	0	0	1506
1374149073	080797	244	248	54	0	0	0	0	1507	244	247	0	0	0	0	0	1507
1374149073	574865	244	246	61	0	0	0	0	1508	244	247	0	0	0	0	0	1508
1374149074	069156	244	246	60	0	0	0	0	1509	244	248	0	0	0	0	0	1509
1374149074	562550	244	246	60	0	0	0	0	1510	244	248	0	0	0	0	0	1510
1374149075	055740	244	246	60	0	0	0	0	1511	244	247	0	0	0	0	0	1511
1374149075	549011	244	247	58	0	0	0	0	1512	244	248	0	0	0	0	0	1512
1374149076	042281	244	248	59	0	0	0	0	1513	244	247	0	0	0	0	0	1513
1374149076	535318	244	248	57	0	0	0	0	1514	244	247	0	0	0	0	0	1514
1374149077	028762	244	248	58	0	0	0	0	1515	244	247	0	0	0	0	0	1515
1374149077	522883	244	246	60	0	0	0	0	1516	244	247	0	0	0	0	0	1516
1374149078	016428	244	248	51	0	0	0	0	1517	244	247	0	0	0	0	0	1517
1374149078	508742	244	248	54	0	0	0	0	1518	244	247	0	0	0	0	0	1518
1374149079	002949	244	248	57	0	0	0	0	1519	244	247	0	0	0	0	0	1519
1374149079	497137	244	247	55	0	0	0	0	1520	244	247	0	0	0	0	0	1520
1374149079	990341	244	248	57	0	0	0	0	1521	244	247	0	0	0	0	0	1521
1374149080	484547	244	248	59	0	0	0	0	1522	244	247	0	0	0	0	0	1522
1374149080	977880	244	246	54	0	0	0	0	1523	244	247	0	0	0	0	0	1523
1374149081	471958	244	246	54	0	0	0	0	1524	244	247	0	0	0	0	0	1524
1374149081	966181	244	248	54	0	0	0	0	1525	244	247	0	0	0	0	0	1525
1374149082	459483	244	248	54	0	0	0	0	1526	244	247	0	0	0	0	0	1526
