1374225470	502469	244	247	138	0	0	0	0	1	244	247	194	0	0	0	0	0
1374225470	995822	244	246	138	0	0	0	0	2	244	247	0	0	0	0	0	1
1374225471	489022	244	246	138	0	0	0	0	3	244	247	0	0	0	0	0	2
1374225471	982286	244	246	138	0	0	0	0	4	244	247	0	0	0	0	0	3
1374225472	475649	244	246	139	0	0	0	0	5	244	247	0	0	0	0	0	4
1374225472	968785	244	247	138	0	0	0	0	6	244	247	0	0	0	0	0	5
1374225473	462069	244	247	138	0	0	0	0	7	244	247	0	0	0	0	0	6
1374225473	955672	244	245	138	0	0	0	0	8	244	247	0	0	0	0	0	7
1374225474	447967	244	246	69	143	0	0	0	9	244	247	195	0	0	0	0	8
1374225474	940045	244	247	68	0	0	0	0	10	244	246	91	0	0	0	0	9
1374225475	432486	244	249	81	0	0	0	0	11	244	245	0	0	0	0	0	10
1374225475	925815	244	248	93	0	0	0	0	12	244	247	102	0	0	0	0	11
1374225476	419086	244	248	80	0	0	0	0	13	244	247	81	0	0	0	0	12
1374225476	911348	244	247	66	0	0	0	0	14	244	246	78	0	0	0	0	13
1374225477	402556	244	248	63	0	0	0	0	15	244	241	60	121	0	0	0	14
1374225477	894885	244	248	76	0	0	0	0	16	244	246	0	0	0	0	0	15
1374225478	386318	244	246	67	0	0	0	0	17	244	246	67	0	0	0	0	16
1374225478	879609	244	248	0	0	0	0	0	18	244	246	78	0	0	0	0	17
1374225479	371829	244	247	71	0	0	0	0	19	244	246	64	0	0	0	0	18
1374225479	864256	244	246	60	0	0	0	0	20	244	246	65	0	0	0	0	19
1374225480	358418	244	246	66	0	0	0	0	21	244	246	0	0	0	0	0	20
1374225480	851759	244	246	59	0	0	0	0	22	244	246	63	0	0	0	0	21
1374225481	345225	244	248	0	0	0	0	0	23	244	246	69	0	0	0	0	22
1374225481	838399	244	247	0	0	0	0	0	24	244	246	61	0	0	0	0	23
1374225482	330910	244	248	0	0	0	0	0	25	244	246	62	0	0	0	0	24
1374225482	823768	244	248	0	0	0	0	0	26	244	246	63	0	0	0	0	25
1374225483	318247	244	246	60	0	0	0	0	27	244	246	0	0	0	0	0	26
1374225483	809550	244	246	59	0	0	0	0	28	244	246	58	0	0	0	0	27
1374225484	302759	244	248	62	0	0	0	0	29	244	246	60	0	0	0	0	28
1374225484	796137	244	248	61	0	0	0	0	30	244	246	60	0	0	0	0	29
1374225485	289520	244	246	0	0	0	0	0	31	244	246	58	0	0	0	0	30
1374225485	781751	244	246	0	0	0	0	0	32	244	246	59	0	0	0	0	31
1374225486	275194	244	246	0	0	0	0	0	33	244	246	0	0	0	0	0	32
1374225486	768403	244	247	0	0	0	0	0	34	244	246	0	0	0	0	0	33
1374225487	261577	244	248	59	0	0	0	0	35	244	245	0	0	0	0	0	34
1374225487	753992	244	246	59	0	0	0	0	36	244	246	0	0	0	0	0	35
1374225488	246144	244	246	59	0	0	0	0	37	244	246	65	0	0	0	0	36
1374225488	738648	244	247	60	0	0	0	0	38	244	246	58	0	0	0	0	37
1374225489	231856	244	246	59	0	0	0	0	39	244	246	59	0	0	0	0	38
1374225489	724380	244	248	73	0	0	0	0	40	244	246	59	0	0	0	0	39
1374225490	217638	244	248	75	0	0	0	0	41	244	246	58	0	0	0	0	40
1374225490	711007	244	246	74	0	0	0	0	42	244	246	58	0	0	0	0	41
1374225491	204292	244	247	58	0	0	0	0	43	244	246	58	0	0	0	0	42
1374225491	697612	244	248	58	0	0	0	0	44	244	246	61	0	0	0	0	43
1374225492	191715	244	247	0	0	0	0	0	45	244	246	58	0	0	0	0	44
1374225492	685255	244	246	0	0	0	0	0	46	244	246	58	0	0	0	0	45
1374225493	177448	244	248	0	0	0	0	0	47	244	246	58	0	0	0	0	46
1374225493	670787	244	248	60	0	0	0	0	48	244	246	60	0	0	0	0	47
1374225494	164048	244	246	51	0	0	0	0	49	244	246	57	0	0	0	0	48
1374225494	657507	244	247	46	0	0	0	0	50	244	232	56	0	0	0	0	49
1374225495	150795	244	246	45	0	0	0	0	51	244	228	61	0	0	0	0	50
1374225495	644235	244	246	0	0	0	0	0	52	244	227	61	0	0	0	0	51
1374225496	136538	244	247	55	0	0	0	0	53	244	227	55	0	0	0	0	52
1374225496	628799	244	246	0	0	0	0	0	54	244	228	55	0	0	0	0	53
1374225497	122023	244	248	0	0	0	0	0	55	244	228	55	0	0	0	0	54
1374225497	613249	244	246	0	0	0	0	0	56	244	228	55	0	0	0	0	55
1374225498	106643	244	247	0	0	0	0	0	57	244	229	55	0	0	0	0	56
1374225498	599023	244	248	45	0	0	0	0	58	244	229	55	0	0	0	0	57
1374225499	092387	244	246	46	0	0	0	0	59	244	231	56	0	0	0	0	58
1374225499	585565	244	247	47	0	0	0	0	60	244	235	54	0	0	0	0	59
1374225500	078938	244	246	46	0	0	0	0	61	244	236	55	0	0	0	0	60
1374225500	571315	244	246	0	0	0	0	0	62	244	236	55	0	0	0	0	61
1374225501	064724	244	246	0	0	0	0	0	63	244	236	54	0	0	0	0	62
1374225501	557989	244	246	0	0	0	0	0	64	244	237	55	0	0	0	0	63
1374225502	050063	244	248	0	0	0	0	0	65	244	237	55	0	0	0	0	64
1374225502	541526	244	246	0	0	0	0	0	66	244	237	56	0	0	0	0	65
1374225503	034945	244	248	0	0	0	0	0	67	244	237	56	0	0	0	0	66
1374225503	528288	244	246	0	0	0	0	0	68	244	238	53	0	0	0	0	67
1374225504	021636	244	246	46	0	0	0	0	69	244	238	57	0	0	0	0	68
1374225504	514785	244	246	46	0	0	0	0	70	244	238	57	0	0	0	0	69
1374225505	007904	244	248	47	0	0	0	0	71	244	238	56	0	0	0	0	70
1374225505	501155	244	246	59	0	0	0	0	72	244	238	54	0	0	0	0	71
1374225505	994467	244	247	54	0	0	0	0	73	244	245	0	0	0	0	0	72
1374225506	487709	244	248	60	0	0	0	0	74	244	244	56	0	0	0	0	73
1374225506	980913	244	246	54	0	0	0	0	75	244	245	58	0	0	0	0	74
1374225507	472235	244	246	56	0	0	0	0	76	244	245	54	0	0	0	0	75
1374225507	964583	244	247	55	0	0	0	0	77	244	245	54	0	0	0	0	76
1374225508	457807	244	247	55	0	0	0	0	78	244	244	54	0	0	0	0	77
1374225508	949387	244	247	0	0	0	0	0	79	244	245	54	0	0	0	0	78
1374225509	442585	244	248	0	0	0	0	0	80	244	245	54	0	0	0	0	79
1374225509	935820	244	246	0	0	0	0	0	81	244	245	56	0	0	0	0	80
1374225510	429273	244	246	46	0	0	0	0	82	244	227	57	0	0	0	0	81
1374225510	923710	244	247	45	0	0	0	0	83	244	227	56	0	0	0	0	82
1374225511	416804	244	248	45	0	0	0	0	84	244	226	58	0	0	0	0	83
1374225511	910000	244	248	41	0	0	0	0	85	244	226	55	0	0	0	0	84
1374225512	403213	244	248	0	0	0	0	0	86	244	241	55	0	0	0	0	85
1374225512	896388	244	247	0	0	0	0	0	87	244	241	56	0	0	0	0	86
1374225513	388467	244	247	0	0	0	0	0	88	244	244	61	0	0	0	0	87
1374225513	879960	244	248	0	0	0	0	0	89	244	245	54	0	0	0	0	88
1374225514	371322	244	248	0	0	0	0	0	90	244	245	56	0	0	0	0	89
1374225514	863936	244	248	0	0	0	0	0	91	244	228	55	0	0	0	0	90
1374225515	357021	244	248	0	0	0	0	0	92	244	225	55	0	0	0	0	91
1374225515	850304	244	246	44	0	0	0	0	93	244	225	55	0	0	0	0	92
1374225516	342772	244	246	45	0	0	0	0	94	244	226	55	0	0	0	0	93
1374225516	833937	244	248	44	0	0	0	0	95	244	227	0	0	0	0	0	94
1374225517	326337	244	248	45	0	0	0	0	96	244	230	55	0	0	0	0	95
1374225517	819551	244	246	45	0	0	0	0	97	244	236	55	0	0	0	0	96
1374225518	312910	244	248	45	0	0	0	0	98	244	237	56	0	0	0	0	97
1374225518	805258	244	246	45	0	0	0	0	99	244	236	55	0	0	0	0	98
1374225519	297620	244	246	45	0	0	0	0	100	244	235	54	0	0	0	0	99
1374225519	790941	244	246	46	0	0	0	0	101	244	235	55	0	0	0	0	100
1374225520	283163	244	248	45	0	0	0	0	102	244	235	60	0	0	0	0	101
1374225520	776465	244	248	45	0	0	0	0	103	244	236	0	0	0	0	0	102
1374225521	269876	244	247	45	0	0	0	0	104	244	236	60	0	0	0	0	103
1374225521	762209	244	247	45	0	0	0	0	105	244	239	66	0	0	0	0	104
1374225522	256286	244	248	45	0	0	0	0	106	244	239	0	0	0	0	0	105
1374225522	749470	244	248	45	0	0	0	0	107	244	239	0	0	0	0	0	106
1374225523	241726	244	247	46	0	0	0	0	108	244	240	0	0	0	0	0	107
1374225523	734203	244	247	46	0	0	0	0	109	244	240	0	0	0	0	0	108
1374225524	227471	244	247	46	0	0	0	0	110	244	242	56	0	0	0	0	109
1374225524	720897	244	248	45	0	0	0	0	111	244	243	56	0	0	0	0	110
1374225525	213247	244	248	46	0	0	0	0	112	244	244	0	0	0	0	0	111
1374225525	705344	244	247	45	0	0	0	0	113	244	244	0	0	0	0	0	112
1374225526	198767	244	247	0	0	0	0	0	114	244	244	56	0	0	0	0	113
1374225526	691923	244	248	0	0	0	0	0	115	244	245	0	0	0	0	0	114
1374225527	186167	244	248	0	0	0	0	0	116	244	245	55	0	0	0	0	115
1374225527	679456	244	247	46	0	0	0	0	117	244	245	0	0	0	0	0	116
1374225528	172750	244	248	0	0	0	0	0	118	244	245	55	0	0	0	0	117
1374225528	665102	244	246	0	0	0	0	0	119	244	245	0	0	0	0	0	118
1374225529	158470	244	247	51	0	0	0	0	120	244	245	55	0	0	0	0	119
1374225529	651701	244	247	0	0	0	0	0	121	244	245	60	0	0	0	0	120
1374225530	145208	244	247	0	0	0	0	0	122	244	245	60	0	0	0	0	121
1374225530	638402	244	248	0	0	0	0	0	123	244	245	59	0	0	0	0	122
1374225531	130777	244	246	45	0	0	0	0	124	244	245	0	0	0	0	0	123
1374225531	623286	244	247	45	0	0	0	0	125	244	245	0	0	0	0	0	124
1374225532	116399	244	246	46	0	0	0	0	126	244	245	0	0	0	0	0	125
1374225532	608732	244	249	45	0	0	0	0	127	244	245	0	0	0	0	0	126
1374225533	102104	244	246	46	0	0	0	0	128	244	245	0	0	0	0	0	127
1374225533	594553	244	248	46	0	0	0	0	129	244	245	0	0	0	0	0	128
1374225534	086726	244	247	45	0	0	0	0	130	244	245	57	0	0	0	0	129
1374225534	580052	244	248	46	0	0	0	0	131	244	244	56	0	0	0	0	130
1374225535	072217	244	246	47	0	0	0	0	132	244	245	56	0	0	0	0	131
1374225535	565660	244	246	46	0	0	0	0	133	244	245	66	0	0	0	0	132
1374225536	059098	244	247	0	0	0	0	0	134	244	245	0	0	0	0	0	133
1374225536	552295	244	246	47	0	0	0	0	135	244	245	0	0	0	0	0	134
1374225537	044591	244	248	46	0	0	0	0	136	244	245	56	0	0	0	0	135
1374225537	537803	244	246	45	0	0	0	0	137	244	245	56	0	0	0	0	136
1374225538	030140	244	247	0	0	0	0	0	138	244	245	56	0	0	0	0	137
1374225538	522494	244	248	0	0	0	0	0	139	244	245	56	0	0	0	0	138
1374225539	014862	244	248	0	0	0	0	0	140	244	245	0	0	0	0	0	139
1374225539	508160	244	247	0	0	0	0	0	141	244	245	58	0	0	0	0	140
1374225540	000574	244	247	0	0	0	0	0	142	244	245	0	0	0	0	0	141
1374225540	493900	244	247	45	0	0	0	0	143	244	245	56	0	0	0	0	142
1374225540	986988	244	247	46	0	0	0	0	144	244	245	56	0	0	0	0	143
1374225541	480436	244	248	45	0	0	0	0	145	244	245	56	0	0	0	0	144
1374225541	972564	244	248	46	0	0	0	0	146	244	245	56	0	0	0	0	145
1374225542	463841	244	246	45	0	0	0	0	147	244	245	54	0	0	0	0	146
1374225542	956227	244	246	45	0	0	0	0	148	244	245	56	0	0	0	0	147
1374225543	449620	244	247	46	0	0	0	0	149	244	245	56	0	0	0	0	148
1374225543	943008	244	248	46	0	0	0	0	150	244	245	55	0	0	0	0	149
1374225544	437315	244	247	0	0	0	0	0	151	244	245	56	0	0	0	0	150
1374225544	930422	244	248	0	0	0	0	0	152	244	245	55	0	0	0	0	151
1374225545	423680	244	247	0	0	0	0	0	153	244	245	56	0	0	0	0	152
1374225545	917088	244	248	0	0	0	0	0	154	244	245	56	0	0	0	0	153
1374225546	410378	244	246	0	0	0	0	0	155	244	245	55	0	0	0	0	154
1374225546	903514	244	246	46	0	0	0	0	156	244	245	55	0	0	0	0	155
1374225547	396214	244	248	0	0	0	0	0	157	244	245	55	0	0	0	0	156
1374225547	889319	244	247	0	0	0	0	0	158	244	245	55	0	0	0	0	157
1374225548	381582	244	247	0	0	0	0	0	159	244	245	55	0	0	0	0	158
1374225548	874774	244	247	0	0	0	0	0	160	244	245	56	0	0	0	0	159
1374225549	367359	244	248	46	0	0	0	0	161	244	245	55	0	0	0	0	160
1374225549	859550	244	246	45	0	0	0	0	162	244	245	55	0	0	0	0	161
1374225550	352816	244	246	46	0	0	0	0	163	244	245	55	0	0	0	0	162
1374225550	846230	244	246	0	0	0	0	0	164	244	245	55	0	0	0	0	163
1374225551	338401	244	248	0	0	0	0	0	165	244	245	56	0	0	0	0	164
1374225551	831921	244	247	0	0	0	0	0	166	244	245	59	0	0	0	0	165
1374225552	325088	244	246	0	0	0	0	0	167	244	244	57	0	0	0	0	166
1374225552	818291	244	246	46	0	0	0	0	168	244	242	56	0	0	0	0	167
1374225553	311649	244	247	0	0	0	0	0	169	244	240	56	120	0	0	0	168
1374225553	805044	244	248	0	0	0	0	0	170	244	239	55	0	0	0	0	169
1374225554	298384	244	247	46	0	0	0	0	171	244	238	56	0	0	0	0	170
1374225554	792524	244	246	0	0	0	0	0	172	244	238	55	0	0	0	0	171
1374225555	284918	244	247	0	0	0	0	0	173	244	237	56	0	0	0	0	172
1374225555	778347	244	247	0	0	0	0	0	174	244	238	56	0	0	0	0	173
1374225556	271538	244	246	0	0	0	0	0	175	244	238	56	0	0	0	0	174
1374225556	765153	244	248	45	0	0	0	0	176	244	238	56	0	0	0	0	175
1374225557	258217	244	247	46	0	0	0	0	177	244	238	56	0	0	0	0	176
1374225557	751569	244	248	45	0	0	0	0	178	244	238	56	0	0	0	0	177
1374225558	245729	244	246	44	0	0	0	0	179	244	239	56	0	0	0	0	178
1374225558	738840	244	246	46	0	0	0	0	180	244	238	55	0	0	0	0	179
1374225559	232438	244	246	45	0	0	0	0	181	244	238	56	0	0	0	0	180
1374225559	725479	244	247	45	0	0	0	0	182	244	238	55	0	0	0	0	181
1374225560	218881	244	247	45	0	0	0	0	183	244	238	55	0	0	0	0	182
1374225560	712401	244	248	0	0	0	0	0	184	244	238	56	0	0	0	0	183
1374225561	205581	244	246	45	0	0	0	0	185	244	231	55	0	0	0	0	184
1374225561	699049	244	246	45	0	0	0	0	186	244	231	55	0	0	0	0	185
1374225562	192120	244	247	45	0	0	0	0	187	244	230	55	0	0	0	0	186
1374225562	684284	244	248	45	0	0	0	0	188	244	231	55	0	0	0	0	187
1374225563	176862	244	246	45	0	0	0	0	189	244	231	55	0	0	0	0	188
1374225563	670267	244	246	45	0	0	0	0	190	244	232	55	0	0	0	0	189
1374225564	163564	244	247	45	0	0	0	0	191	244	232	55	0	0	0	0	190
1374225564	656705	244	247	0	0	0	0	0	192	244	232	55	0	0	0	0	191
1374225565	150068	244	248	0	0	0	0	0	193	244	232	55	0	0	0	0	192
1374225565	643351	244	248	0	0	0	0	0	194	244	232	55	0	0	0	0	193
1374225566	136945	244	246	0	0	0	0	0	195	244	233	55	0	0	0	0	194
1374225566	629998	244	247	0	0	0	0	0	196	244	232	55	0	0	0	0	195
1374225567	123332	244	248	0	0	0	0	0	197	244	233	55	0	0	0	0	196
1374225567	616457	244	246	0	0	0	0	0	198	244	233	55	0	0	0	0	197
1374225568	107869	244	246	63	0	0	0	0	199	244	233	55	0	0	0	0	198
1374225568	600195	244	246	55	0	0	0	0	200	244	244	56	0	0	0	0	199
1374225569	091775	244	246	43	0	0	0	0	201	244	245	56	0	0	0	0	200
1374225569	585003	244	246	0	0	0	0	0	202	244	233	54	0	0	0	0	201
1374225570	077270	244	248	45	0	0	0	0	203	244	233	55	0	0	0	0	202
1374225570	570524	244	248	0	0	0	0	0	204	244	235	56	0	0	0	0	203
1374225571	064002	244	246	45	0	0	0	0	205	244	236	56	0	0	0	0	204
1374225571	557140	244	246	46	0	0	0	0	206	244	237	54	0	0	0	0	205
1374225572	051208	244	247	45	0	0	0	0	207	244	237	56	0	0	0	0	206
1374225572	542464	244	248	45	0	0	0	0	208	244	237	56	0	0	0	0	207
1374225573	034915	244	247	0	0	0	0	0	209	244	237	56	0	0	0	0	208
1374225573	528230	244	248	0	0	0	0	0	210	244	237	55	0	0	0	0	209
1374225574	021489	244	246	61	0	0	0	0	211	244	244	56	0	0	0	0	210
1374225574	515793	244	248	66	0	0	0	0	212	244	244	56	0	0	0	0	211
1374225575	009157	244	248	0	0	0	0	0	213	244	244	56	0	0	0	0	212
1374225575	502556	244	247	45	0	0	0	0	214	244	236	55	0	0	0	0	213
1374225575	995903	244	247	45	0	0	0	0	215	244	236	61	0	0	0	0	214
1374225576	490194	244	248	45	0	0	0	0	216	244	237	61	0	0	0	0	215
1374225576	982375	244	246	45	0	0	0	0	217	244	237	56	0	0	0	0	216
1374225577	474605	244	246	45	0	0	0	0	218	244	238	56	0	0	0	0	217
1374225577	968011	244	247	45	0	0	0	0	219	244	238	56	0	0	0	0	218
1374225578	461216	244	247	45	0	0	0	0	220	244	238	56	0	0	0	0	219
1374225578	954588	244	248	44	0	0	0	0	221	244	238	55	0	0	0	0	220
1374225579	447976	244	247	44	0	0	0	0	222	244	232	55	0	0	0	0	221
1374225579	942398	244	247	45	0	0	0	0	223	244	234	55	0	0	0	0	222
1374225580	435615	244	247	45	0	0	0	0	224	244	234	55	0	0	0	0	223
1374225580	928843	244	247	45	0	0	0	0	225	244	234	55	0	0	0	0	224
1374225581	421242	244	247	45	0	0	0	0	226	244	235	55	0	0	0	0	225
1374225581	913528	244	247	44	0	0	0	0	227	244	235	55	0	0	0	0	226
1374225582	404836	244	246	45	0	0	0	0	228	244	235	55	0	0	0	0	227
1374225582	898185	244	246	45	0	0	0	0	229	244	235	55	0	0	0	0	228
1374225583	389483	244	247	45	0	0	0	0	230	244	235	55	0	0	0	0	229
1374225583	881813	244	247	44	0	0	0	0	231	244	235	55	0	0	0	0	230
1374225584	374260	244	249	45	0	0	0	0	232	244	235	55	0	0	0	0	231
1374225584	867421	244	247	45	0	0	0	0	233	244	235	55	0	0	0	0	232
1374225585	361684	244	246	45	0	0	0	0	234	244	235	55	0	0	0	0	233
1374225585	854166	244	248	45	0	0	0	0	235	244	235	55	0	0	0	0	234
1374225586	346440	244	246	45	0	0	0	0	236	244	235	55	0	0	0	0	235
1374225586	838749	244	247	45	0	0	0	0	237	244	235	55	0	0	0	0	236
1374225587	332049	244	247	45	0	0	0	0	238	244	236	55	0	0	0	0	237
1374225587	825366	244	247	45	0	0	0	0	239	244	236	55	0	0	0	0	238
1374225588	318694	244	248	45	0	0	0	0	240	244	236	55	0	0	0	0	239
1374225588	812282	244	248	45	0	0	0	0	241	244	236	55	0	0	0	0	240
1374225589	305337	244	248	45	0	0	0	0	242	244	236	55	0	0	0	0	241
1374225589	797798	244	247	45	0	0	0	0	243	244	237	55	0	0	0	0	242
1374225590	290972	244	248	45	0	0	0	0	244	244	236	55	0	0	0	0	243
1374225590	784303	244	247	45	0	0	0	0	245	244	236	55	0	0	0	0	244
1374225591	275811	244	248	45	0	0	0	0	246	244	236	55	0	0	0	0	245
1374225591	768994	244	248	45	0	0	0	0	247	244	237	55	0	0	0	0	246
1374225592	261948	244	246	45	0	0	0	0	248	244	237	55	0	0	0	0	247
1374225592	753416	244	248	45	0	0	0	0	249	244	237	55	0	0	0	0	248
1374225593	245683	244	248	45	0	0	0	0	250	244	236	55	0	0	0	0	249
1374225593	738936	244	248	45	0	0	0	0	251	244	236	55	0	0	0	0	250
1374225594	232348	244	247	45	0	0	0	0	252	244	236	55	0	0	0	0	251
1374225594	725754	244	246	45	0	0	0	0	253	244	236	55	0	0	0	0	252
1374225595	219920	244	247	45	0	0	0	0	254	244	237	55	0	0	0	0	253
1374225595	713268	244	247	45	0	0	0	0	255	244	236	55	0	0	0	0	254
1374225596	206736	244	247	45	0	0	0	0	256	244	236	55	0	0	0	0	255
1374225596	699909	244	246	45	0	0	0	0	257	244	236	55	0	0	0	0	256
1374225597	192307	244	248	44	0	0	0	0	258	244	237	55	0	0	0	0	257
1374225597	685469	244	248	45	0	0	0	0	259	244	236	55	0	0	0	0	258
1374225598	178818	244	248	45	0	0	0	0	260	244	236	55	0	0	0	0	259
1374225598	672297	244	248	45	0	0	0	0	261	244	236	55	0	0	0	0	260
1374225599	165544	244	247	45	0	0	0	0	262	244	237	55	0	0	0	0	261
1374225599	658880	244	246	45	0	0	0	0	263	244	237	55	0	0	0	0	262
1374225600	152392	244	246	46	0	0	0	0	264	244	237	55	0	0	0	0	263
1374225600	645587	244	247	45	0	0	0	0	265	244	237	55	0	0	0	0	264
1374225601	138088	244	248	45	0	0	0	0	266	244	237	55	0	0	0	0	265
1374225601	631175	244	247	46	0	0	0	0	267	244	237	55	0	0	0	0	266
1374225602	124414	244	247	0	0	0	0	0	268	244	239	58	0	0	0	0	267
1374225602	617600	244	248	76	0	0	0	0	269	244	246	69	0	0	0	0	268
1374225603	110947	244	246	72	0	0	0	0	270	244	246	67	0	0	0	0	269
1374225603	603126	244	248	75	0	0	0	0	271	244	246	0	0	0	0	0	270
1374225604	096752	244	247	79	0	0	0	0	272	244	246	68	0	0	0	0	271
1374225604	589881	244	247	72	0	0	0	0	273	244	246	71	0	0	0	0	272
1374225605	083212	244	248	73	0	0	0	0	274	244	246	0	0	0	0	0	273
1374225605	576346	244	246	71	0	0	0	0	275	244	246	66	0	0	0	0	274
1374225606	070951	244	246	52	0	0	0	0	276	244	246	64	0	0	0	0	275
1374225606	564281	244	248	51	0	0	0	0	277	244	245	59	0	0	0	0	276
1374225607	056481	244	248	58	0	0	0	0	278	244	244	65	0	0	0	0	277
1374225607	549672	244	247	0	0	0	0	0	279	244	241	58	0	0	0	0	278
1374225608	043035	244	247	51	0	0	0	0	280	244	244	58	0	0	0	0	279
1374225608	536357	244	246	0	0	0	0	0	281	244	244	60	0	0	0	0	280
1374225609	028666	244	247	51	0	0	0	0	282	244	245	59	0	0	0	0	281
1374225609	522039	244	246	0	0	0	0	0	283	244	245	68	0	0	0	0	282
1374225610	015380	244	246	0	0	0	0	0	284	244	245	65	0	0	0	0	283
1374225610	507710	244	247	52	0	0	0	0	285	244	245	73	0	0	0	0	284
1374225611	001125	244	248	51	0	0	0	0	286	244	245	72	0	0	0	0	285
1374225611	493193	244	248	50	0	0	0	0	287	244	245	70	0	0	0	0	286
1374225611	985476	244	247	49	0	0	0	0	288	244	245	63	0	0	0	0	287
1374225612	476933	244	247	50	0	0	0	0	289	244	245	67	0	0	0	0	288
1374225612	969043	244	248	51	0	0	0	0	290	244	245	72	0	0	0	0	289
1374225613	461606	244	248	59	0	0	0	0	291	244	245	71	0	0	0	0	290
1374225613	954735	244	248	0	0	0	0	0	292	244	246	64	0	0	0	0	291
1374225614	447205	244	248	50	0	0	0	0	293	244	246	64	0	0	0	0	292
1374225614	940484	244	248	50	0	0	0	0	294	244	246	62	0	0	0	0	293
1374225615	433775	244	248	50	0	0	0	0	295	244	246	63	0	0	0	0	294
1374225615	924842	244	248	51	0	0	0	0	296	244	246	62	0	0	0	0	295
1374225616	418393	244	246	50	0	0	0	0	297	244	246	61	0	0	0	0	296
1374225616	910572	244	249	52	0	0	0	0	298	244	246	63	0	0	0	0	297
1374225617	403749	244	246	0	0	0	0	0	299	244	245	62	0	0	0	0	298
1374225617	896125	244	248	0	0	0	0	0	300	244	246	63	0	0	0	0	299
1374225618	388543	244	247	51	0	0	0	0	301	244	245	64	0	0	0	0	300
1374225618	882696	244	246	51	0	0	0	0	302	244	245	67	0	0	0	0	301
1374225619	376160	244	247	0	0	0	0	0	303	244	246	65	0	0	0	0	302
1374225619	869352	244	246	51	0	0	0	0	304	244	245	67	0	0	0	0	303
1374225620	361773	244	247	51	0	0	0	0	305	244	245	0	0	0	0	0	304
1374225620	854936	244	247	50	0	0	0	0	306	244	245	63	0	0	0	0	305
1374225621	348422	244	247	51	0	0	0	0	307	244	245	63	0	0	0	0	306
1374225621	840720	244	248	51	0	0	0	0	308	244	245	63	0	0	0	0	307
1374225622	332974	244	247	50	0	0	0	0	309	244	244	66	0	0	0	0	308
1374225622	826395	244	248	50	0	0	0	0	310	244	245	67	0	0	0	0	309
1374225623	319518	244	247	51	0	0	0	0	311	244	245	62	0	0	0	0	310
1374225623	812847	244	246	50	0	0	0	0	312	244	244	63	0	0	0	0	311
1374225624	306113	244	248	50	0	0	0	0	313	244	244	62	0	0	0	0	312
1374225624	798538	244	248	55	0	0	0	0	314	244	245	62	0	0	0	0	313
1374225625	291801	244	247	51	0	0	0	0	315	244	245	0	0	0	0	0	314
1374225625	783067	244	246	52	0	0	0	0	316	244	244	0	0	0	0	0	315
1374225626	275462	244	248	50	0	0	0	0	317	244	245	63	0	0	0	0	316
1374225626	768822	244	246	50	0	0	0	0	318	244	245	65	0	0	0	0	317
1374225627	260946	244	248	50	0	0	0	0	319	244	245	62	0	0	0	0	318
1374225627	753318	244	246	50	0	0	0	0	320	244	245	62	0	0	0	0	319
1374225628	245630	244	247	51	0	0	0	0	321	244	245	62	0	0	0	0	320
1374225628	738057	244	247	50	0	0	0	0	322	244	245	62	0	0	0	0	321
1374225629	230186	244	247	51	0	0	0	0	323	244	246	61	0	0	0	0	322
1374225629	723468	244	247	50	0	0	0	0	324	244	245	61	0	0	0	0	323
1374225630	214741	244	248	51	0	0	0	0	325	244	245	61	0	0	0	0	324
1374225630	708339	244	247	51	0	0	0	0	326	244	246	64	0	0	0	0	325
1374225631	201461	244	248	53	0	0	0	0	327	244	245	71	0	0	0	0	326
1374225631	694930	244	248	56	0	0	0	0	328	244	246	62	0	0	0	0	327
1374225632	188238	244	246	0	0	0	0	0	329	244	245	62	0	0	0	0	328
1374225632	681635	244	247	51	0	0	0	0	330	244	246	65	0	0	0	0	329
1374225633	173784	244	247	51	0	0	0	0	331	244	246	63	0	0	0	0	330
1374225633	667017	244	247	51	0	0	0	0	332	244	246	63	0	0	0	0	331
1374225634	159448	244	246	0	0	0	0	0	333	244	246	0	0	0	0	0	332
1374225634	651665	244	246	75	0	0	0	0	334	244	246	0	0	0	0	0	333
1374225635	144992	244	248	0	0	0	0	0	335	244	246	64	0	0	0	0	334
1374225635	638340	244	246	0	0	0	0	0	336	244	246	62	0	0	0	0	335
1374225636	131667	244	248	68	0	0	0	0	337	244	246	63	0	0	0	0	336
1374225636	624826	244	247	0	0	0	0	0	338	244	246	0	0	0	0	0	337
1374225637	118102	244	247	60	0	0	0	0	339	244	246	66	0	0	0	0	338
1374225637	611426	244	248	60	0	0	0	0	340	244	246	66	0	0	0	0	339
1374225638	104697	244	248	0	0	0	0	0	341	244	246	65	0	0	0	0	340
1374225638	598039	244	248	0	0	0	0	0	342	244	246	64	0	0	0	0	341
1374225639	091239	244	247	0	0	0	0	0	343	244	246	0	0	0	0	0	342
1374225639	584477	244	247	0	0	0	0	0	344	244	246	65	0	0	0	0	343
1374225640	077802	244	247	0	0	0	0	0	345	244	246	65	0	0	0	0	344
1374225640	571338	244	247	0	0	0	0	0	346	244	246	66	0	0	0	0	345
1374225641	064446	244	247	0	0	0	0	0	347	244	246	63	0	0	0	0	346
1374225641	556886	244	247	69	0	0	0	0	348	244	246	65	0	0	0	0	347
1374225642	049033	244	247	0	0	0	0	0	349	244	246	65	0	0	0	0	348
1374225642	541429	244	248	0	0	0	0	0	350	244	246	64	0	0	0	0	349
1374225643	034437	244	247	0	0	0	0	0	351	244	246	65	0	0	0	0	350
1374225643	526882	244	248	0	0	0	0	0	352	244	246	0	0	0	0	0	351
1374225644	020290	244	246	68	0	0	0	0	353	244	246	62	0	0	0	0	352
1374225644	512554	244	247	0	0	0	0	0	354	244	246	65	0	0	0	0	353
1374225645	005930	244	247	67	0	0	0	0	355	244	245	64	0	0	0	0	354
1374225645	499220	244	246	66	0	0	0	0	356	244	246	65	0	0	0	0	355
1374225645	992443	244	247	67	0	0	0	0	357	244	245	67	0	0	0	0	356
1374225646	485702	244	246	0	0	0	0	0	358	244	246	0	0	0	0	0	357
1374225646	976936	244	246	0	0	0	0	0	359	244	245	65	0	0	0	0	358
1374225647	470389	244	247	0	0	0	0	0	360	244	246	66	0	0	0	0	359
1374225647	964690	244	248	0	0	0	0	0	361	244	245	66	0	0	0	0	360
1374225648	457949	244	247	0	0	0	0	0	362	244	245	66	0	0	0	0	361
1374225648	950391	244	248	0	0	0	0	0	363	244	245	66	0	0	0	0	362
1374225649	442583	244	247	0	0	0	0	0	364	244	245	66	0	0	0	0	363
1374225649	934732	244	246	0	0	0	0	0	365	244	245	66	0	0	0	0	364
1374225650	428133	244	248	64	0	0	0	0	366	244	245	66	0	0	0	0	365
1374225650	921356	244	247	0	0	0	0	0	367	244	245	66	0	0	0	0	366
1374225651	415654	244	246	0	0	0	0	0	368	244	245	0	0	0	0	0	367
1374225651	908970	244	246	0	0	0	0	0	369	244	245	65	0	0	0	0	368
1374225652	402250	244	246	0	0	0	0	0	370	244	245	65	0	0	0	0	369
1374225652	894476	244	246	0	0	0	0	0	371	244	245	65	0	0	0	0	370
1374225653	386865	244	248	0	0	0	0	0	372	244	245	65	0	0	0	0	371
1374225653	879098	244	247	69	0	0	0	0	373	244	245	0	0	0	0	0	372
1374225654	371402	244	246	0	0	0	0	0	374	244	245	66	0	0	0	0	373
1374225654	864858	244	246	68	0	0	0	0	375	244	245	58	0	0	0	0	374
1374225655	357014	244	246	65	0	0	0	0	376	244	245	62	0	0	0	0	375
1374225655	849462	244	247	0	0	0	0	0	377	244	245	65	0	0	0	0	376
1374225656	342669	244	246	0	0	0	0	0	378	244	245	66	0	0	0	0	377
1374225656	836059	244	246	66	0	0	0	0	379	244	245	65	0	0	0	0	378
1374225657	329395	244	247	0	0	0	0	0	380	244	245	64	0	0	0	0	379
1374225657	822771	244	247	62	0	0	0	0	381	244	245	65	0	0	0	0	380
1374225658	314859	244	248	62	0	0	0	0	382	244	245	65	0	0	0	0	381
1374225658	808296	244	248	0	0	0	0	0	383	244	245	63	0	0	0	0	382
1374225659	301527	244	246	0	0	0	0	0	384	244	245	65	0	0	0	0	383
1374225659	794953	244	248	60	0	0	0	0	385	244	246	64	0	0	0	0	384
1374225660	288075	244	247	69	0	0	0	0	386	244	245	65	0	0	0	0	385
1374225660	780505	244	248	70	0	0	0	0	387	244	245	65	0	0	0	0	386
1374225661	272882	244	246	61	0	0	0	0	388	244	245	66	0	0	0	0	387
1374225661	765341	244	247	0	0	0	0	0	389	244	245	66	0	0	0	0	388
1374225662	258258	244	248	0	0	0	0	0	390	244	246	64	0	0	0	0	389
1374225662	752532	244	247	72	0	0	0	0	391	244	245	64	0	0	0	0	390
1374225663	244998	244	247	0	0	0	0	0	392	244	245	65	0	0	0	0	391
1374225663	738325	244	248	70	0	0	0	0	393	244	245	65	0	0	0	0	392
1374225664	231552	244	246	61	0	0	0	0	394	244	245	65	0	0	0	0	393
1374225664	724990	244	248	59	0	0	0	0	395	244	245	0	0	0	0	0	394
1374225665	218297	244	247	0	0	0	0	0	396	244	245	64	0	0	0	0	395
1374225665	711556	244	248	72	0	0	0	0	397	244	245	65	0	0	0	0	396
1374225666	205818	244	248	0	0	0	0	0	398	244	245	65	0	0	0	0	397
1374225666	699012	244	247	0	0	0	0	0	399	244	245	0	0	0	0	0	398
1374225667	191329	244	246	0	0	0	0	0	400	244	245	0	0	0	0	0	399
1374225667	683761	244	246	0	0	0	0	0	401	244	245	0	0	0	0	0	400
1374225668	177000	244	247	0	0	0	0	0	402	244	245	64	0	0	0	0	401
1374225668	669241	244	247	67	0	0	0	0	403	244	245	65	0	0	0	0	402
1374225669	161642	244	248	59	0	0	0	0	404	244	245	65	0	0	0	0	403
1374225669	654755	244	247	0	0	0	0	0	405	244	245	64	0	0	0	0	404
1374225670	147263	244	248	59	0	0	0	0	406	244	245	0	0	0	0	0	405
1374225670	640616	244	247	0	0	0	0	0	407	244	245	0	0	0	0	0	406
1374225671	132836	244	247	56	0	0	0	0	408	244	245	0	0	0	0	0	407
1374225671	625117	244	248	56	0	0	0	0	409	244	245	66	0	0	0	0	408
1374225672	118337	244	247	72	0	0	0	0	410	244	245	0	0	0	0	0	409
1374225672	611811	244	247	64	0	0	0	0	411	244	245	64	0	0	0	0	410
1374225673	104897	244	247	0	0	0	0	0	412	244	245	65	0	0	0	0	411
1374225673	597164	244	248	0	0	0	0	0	413	244	245	67	0	0	0	0	412
1374225674	089515	244	248	72	0	0	0	0	414	244	245	0	0	0	0	0	413
1374225674	582833	244	248	0	0	0	0	0	415	244	245	0	0	0	0	0	414
1374225675	075995	244	248	58	0	0	0	0	416	244	245	76	0	0	0	0	415
1374225675	568295	244	248	54	0	0	0	0	417	244	246	65	0	0	0	0	416
1374225676	061440	244	247	0	0	0	0	0	418	244	245	0	0	0	0	0	417
1374225676	553435	244	247	0	0	0	0	0	419	244	245	66	0	0	0	0	418
1374225677	044677	244	248	57	0	0	0	0	420	244	246	67	0	0	0	0	419
1374225677	538012	244	247	0	0	0	0	0	421	244	246	0	0	0	0	0	420
1374225678	031157	244	248	62	0	0	0	0	422	244	245	0	0	0	0	0	421
1374225678	524543	244	248	72	0	0	0	0	423	244	245	65	0	0	0	0	422
1374225679	017647	244	246	58	0	0	0	0	424	244	245	67	0	0	0	0	423
1374225679	511787	244	247	0	0	0	0	0	425	244	245	70	0	0	0	0	424
1374225680	004208	244	247	67	0	0	0	0	426	244	245	0	0	0	0	0	425
1374225680	497539	244	248	67	0	0	0	0	427	244	245	69	0	0	0	0	426
1374225680	989692	244	247	54	0	0	0	0	428	244	245	68	0	0	0	0	427
1374225681	481002	244	247	54	0	0	0	0	429	244	245	67	0	0	0	0	428
1374225681	973116	244	248	71	0	0	0	0	430	244	245	67	0	0	0	0	429
1374225682	465296	244	246	55	0	0	0	0	431	244	245	0	0	0	0	0	430
1374225682	956775	244	247	59	0	0	0	0	432	244	245	0	0	0	0	0	431
1374225683	450048	244	248	58	0	0	0	0	433	244	245	68	0	0	0	0	432
1374225683	943171	244	246	68	0	0	0	0	434	244	245	65	0	0	0	0	433
1374225684	434425	244	248	61	0	0	0	0	435	244	245	65	0	0	0	0	434
1374225684	927742	244	247	73	0	0	0	0	436	244	246	65	0	0	0	0	435
1374225685	421020	244	246	71	0	0	0	0	437	244	245	71	0	0	0	0	436
1374225685	914473	244	248	0	0	0	0	0	438	244	245	67	0	0	0	0	437
1374225686	408079	244	247	0	0	0	0	0	439	244	245	65	0	0	0	0	438
1374225686	902088	244	248	56	0	0	0	0	440	244	245	67	0	0	0	0	439
1374225687	395336	244	248	56	0	0	0	0	441	244	245	68	0	0	0	0	440
1374225687	886707	244	247	56	0	0	0	0	442	244	245	69	0	0	0	0	441
1374225688	378675	244	246	0	0	0	0	0	443	244	245	67	0	0	0	0	442
1374225688	871165	244	247	67	0	0	0	0	444	244	245	68	0	0	0	0	443
1374225689	363455	244	247	60	0	0	0	0	445	244	245	0	0	0	0	0	444
1374225689	857665	244	247	0	0	0	0	0	446	244	245	69	0	0	0	0	445
1374225690	350055	244	247	0	0	0	0	0	447	244	245	65	0	0	0	0	446
1374225690	843393	244	246	0	0	0	0	0	448	244	245	64	0	0	0	0	447
1374225691	335735	244	246	0	0	0	0	0	449	244	245	63	0	0	0	0	448
1374225691	827955	244	248	0	0	0	0	0	450	244	245	69	0	0	0	0	449
1374225692	321261	244	247	0	0	0	0	0	451	244	245	0	0	0	0	0	450
1374225692	814340	244	247	0	0	0	0	0	452	244	246	65	0	0	0	0	451
1374225693	307726	244	248	0	0	0	0	0	453	244	245	66	0	0	0	0	452
1374225693	800154	244	247	61	0	0	0	0	454	244	245	66	0	0	0	0	453
1374225694	293210	244	247	0	0	0	0	0	455	244	245	66	0	0	0	0	454
1374225694	786515	244	247	0	0	0	0	0	456	244	245	64	0	0	0	0	455
1374225695	278879	244	247	67	0	0	0	0	457	244	246	69	0	0	0	0	456
1374225695	772128	244	246	61	0	0	0	0	458	244	245	70	0	0	0	0	457
1374225696	265300	244	248	0	0	0	0	0	459	244	246	0	0	0	0	0	458
1374225696	758725	244	246	0	0	0	0	0	460	244	245	65	0	0	0	0	459
1374225697	252017	244	246	0	0	0	0	0	461	244	245	65	0	0	0	0	460
1374225697	746196	244	246	0	0	0	0	0	462	244	245	66	0	0	0	0	461
1374225698	239614	244	246	69	0	0	0	0	463	244	245	65	0	0	0	0	462
1374225698	733010	244	248	0	0	0	0	0	464	244	245	71	0	0	0	0	463
1374225699	225096	244	246	69	0	0	0	0	465	244	245	71	0	0	0	0	464
1374225699	717228	244	248	70	0	0	0	0	466	244	245	65	0	0	0	0	465
1374225700	209440	244	246	0	0	0	0	0	467	244	245	65	0	0	0	0	466
1374225700	700929	244	248	61	0	0	0	0	468	244	245	65	0	0	0	0	467
1374225701	194085	244	247	67	0	0	0	0	469	244	245	65	0	0	0	0	468
1374225701	686420	244	246	67	0	0	0	0	470	244	246	70	0	0	0	0	469
1374225702	177806	244	247	53	0	0	0	0	471	244	245	66	0	0	0	0	470
1374225702	670929	244	247	51	0	0	0	0	472	244	245	66	0	0	0	0	471
1374225703	163277	244	248	0	0	0	0	0	473	244	245	65	0	0	0	0	472
1374225703	656667	244	248	69	0	0	0	0	474	244	245	0	0	0	0	0	473
1374225704	149980	244	248	66	0	0	0	0	475	244	245	0	0	0	0	0	474
1374225704	643196	244	248	58	0	0	0	0	476	244	245	0	0	0	0	0	475
1374225705	136461	244	248	66	0	0	0	0	477	244	245	64	0	0	0	0	476
1374225705	628479	244	246	0	0	0	0	0	478	244	245	70	0	0	0	0	477
1374225706	119736	244	248	58	0	0	0	0	479	244	245	65	0	0	0	0	478
1374225706	613216	244	248	59	0	0	0	0	480	244	245	69	0	0	0	0	479
1374225707	105296	244	246	73	0	0	0	0	481	244	245	69	0	0	0	0	480
1374225707	598701	244	248	0	0	0	0	0	482	244	245	65	0	0	0	0	481
1374225708	090880	244	248	0	0	0	0	0	483	244	245	65	0	0	0	0	482
1374225708	583133	244	246	72	0	0	0	0	484	244	245	0	0	0	0	0	483
1374225709	076610	244	248	0	0	0	0	0	485	244	245	64	0	0	0	0	484
1374225709	570027	244	247	67	0	0	0	0	486	244	245	65	0	0	0	0	485
1374225710	062373	244	248	67	0	0	0	0	487	244	246	64	0	0	0	0	486
1374225710	555441	244	246	70	0	0	0	0	488	244	245	65	0	0	0	0	487
1374225711	047638	244	246	72	0	0	0	0	489	244	245	65	0	0	0	0	488
1374225711	541049	244	247	0	0	0	0	0	490	244	245	65	0	0	0	0	489
1374225712	033071	244	248	64	0	0	0	0	491	244	246	61	0	0	0	0	490
1374225712	526349	244	248	0	0	0	0	0	492	244	246	64	0	0	0	0	491
1374225713	019568	244	247	62	0	0	0	0	493	244	246	0	0	0	0	0	492
1374225713	512994	244	248	60	0	0	0	0	494	244	246	0	0	0	0	0	493
1374225714	006340	244	247	0	0	0	0	0	495	244	246	0	0	0	0	0	494
1374225714	499580	244	247	73	0	0	0	0	496	244	246	66	0	0	0	0	495
1374225714	992885	244	247	60	0	0	0	0	497	244	246	66	0	0	0	0	496
1374225715	486130	244	247	60	0	0	0	0	498	244	246	0	0	0	0	0	497
1374225715	979441	244	247	59	0	0	0	0	499	244	246	0	0	0	0	0	498
1374225716	472874	244	247	60	0	0	0	0	500	244	246	0	0	0	0	0	499
1374225716	965166	244	248	0	0	0	0	0	501	244	246	0	0	0	0	0	500
1374225717	456459	244	246	65	0	0	0	0	502	244	246	64	0	0	0	0	501
1374225717	948920	244	248	60	0	0	0	0	503	244	246	0	0	0	0	0	502
1374225718	441197	244	246	60	0	0	0	0	504	244	246	0	0	0	0	0	503
1374225718	934301	244	247	0	0	0	0	0	505	244	246	0	0	0	0	0	504
1374225719	427715	244	248	0	0	0	0	0	506	244	246	0	0	0	0	0	505
1374225719	920984	244	247	0	0	0	0	0	507	244	246	0	0	0	0	0	506
1374225720	414320	244	246	0	0	0	0	0	508	244	246	0	0	0	0	0	507
1374225720	906507	244	247	0	0	0	0	0	509	244	246	0	0	0	0	0	508
1374225721	398856	244	247	0	0	0	0	0	510	244	246	0	0	0	0	0	509
1374225721	891002	244	247	61	0	0	0	0	511	244	246	0	0	0	0	0	510
1374225722	384275	244	247	69	0	0	0	0	512	244	246	0	0	0	0	0	511
1374225722	877425	244	248	0	0	0	0	0	513	244	246	69	0	0	0	0	512
1374225723	370618	244	247	62	0	0	0	0	514	244	246	74	0	0	0	0	513
1374225723	864030	244	246	63	0	0	0	0	515	244	246	0	0	0	0	0	514
1374225724	357327	244	248	62	0	0	0	0	516	244	246	0	0	0	0	0	515
1374225724	849637	244	247	61	0	0	0	0	517	244	246	0	0	0	0	0	516
1374225725	341886	244	247	62	0	0	0	0	518	244	246	66	0	0	0	0	517
1374225725	835325	244	248	72	0	0	0	0	519	244	246	65	0	0	0	0	518
1374225726	328594	244	247	62	0	0	0	0	520	244	246	0	0	0	0	0	519
1374225726	821926	244	248	71	0	0	0	0	521	244	246	0	0	0	0	0	520
1374225727	315220	244	248	65	0	0	0	0	522	244	246	66	0	0	0	0	521
1374225727	807490	244	246	47	0	0	0	0	523	244	246	73	0	0	0	0	522
1374225728	300649	244	248	0	0	0	0	0	524	244	246	65	0	0	0	0	523
1374225728	793820	244	248	0	0	0	0	0	525	244	245	72	0	0	0	0	524
1374225729	287062	244	248	0	0	0	0	0	526	244	246	73	0	0	0	0	525
1374225729	779545	244	246	49	0	0	0	0	527	244	246	0	0	0	0	0	526
1374225730	272776	244	246	0	0	0	0	0	528	244	246	0	0	0	0	0	527
1374225730	766976	244	246	51	0	0	0	0	529	244	246	73	0	0	0	0	528
1374225731	259270	244	248	0	0	0	0	0	530	244	246	73	0	0	0	0	529
1374225731	752552	244	248	51	0	0	0	0	531	244	246	0	0	0	0	0	530
1374225732	246739	244	247	0	0	0	0	0	532	244	246	76	0	0	0	0	531
1374225732	739310	244	247	0	0	0	0	0	533	244	246	71	0	0	0	0	532
1374225733	232567	244	246	51	0	0	0	0	534	244	246	72	0	0	0	0	533
1374225733	725816	244	247	50	0	0	0	0	535	244	246	73	0	0	0	0	534
1374225734	218036	244	246	49	0	0	0	0	536	244	246	75	0	0	0	0	535
1374225734	710091	244	248	49	0	0	0	0	537	244	246	65	0	0	0	0	536
1374225735	202424	244	247	51	0	0	0	0	538	244	246	64	0	0	0	0	537
1374225735	695787	244	246	49	0	0	0	0	539	244	246	66	0	0	0	0	538
1374225736	189146	244	248	50	0	0	0	0	540	244	246	66	0	0	0	0	539
1374225736	682442	244	248	49	0	0	0	0	541	244	246	67	0	0	0	0	540
1374225737	175679	244	248	0	0	0	0	0	542	244	246	66	0	0	0	0	541
1374225737	668908	244	247	0	0	0	0	0	543	244	246	69	0	0	0	0	542
1374225738	161231	244	248	49	0	0	0	0	544	244	246	66	0	0	0	0	543
1374225738	653328	244	248	0	0	0	0	0	545	244	246	72	0	0	0	0	544
1374225739	145878	244	248	0	0	0	0	0	546	244	246	66	0	0	0	0	545
1374225739	638958	244	246	51	0	0	0	0	547	244	246	0	0	0	0	0	546
1374225740	132297	244	246	50	0	0	0	0	548	244	246	0	0	0	0	0	547
1374225740	624542	244	248	49	0	0	0	0	549	244	246	0	0	0	0	0	548
1374225741	117693	244	246	49	0	0	0	0	550	244	246	0	0	0	0	0	549
1374225741	611194	244	248	49	0	0	0	0	551	244	246	0	0	0	0	0	550
1374225742	104351	244	248	50	0	0	0	0	552	244	246	0	0	0	0	0	551
1374225742	596763	244	248	49	0	0	0	0	553	244	246	67	0	0	0	0	552
1374225743	090897	244	248	49	0	0	0	0	554	244	246	0	0	0	0	0	553
1374225743	584162	244	248	49	0	0	0	0	555	244	245	0	0	0	0	0	554
1374225744	077490	244	248	49	0	0	0	0	556	244	245	0	0	0	0	0	555
1374225744	570752	244	247	50	0	0	0	0	557	244	245	0	0	0	0	0	556
1374225745	063947	244	248	49	0	0	0	0	558	244	245	0	0	0	0	0	557
1374225745	556284	244	246	49	0	0	0	0	559	244	245	0	0	0	0	0	558
1374225746	048567	244	248	49	0	0	0	0	560	244	246	0	0	0	0	0	559
1374225746	540973	244	247	49	0	0	0	0	561	244	245	67	0	0	0	0	560
1374225747	032914	244	248	50	0	0	0	0	562	244	245	68	0	0	0	0	561
1374225747	524254	244	248	49	0	0	0	0	563	244	245	0	0	0	0	0	562
1374225748	017759	244	246	49	0	0	0	0	564	244	245	0	0	0	0	0	563
1374225748	510877	244	247	50	0	0	0	0	565	244	246	67	0	0	0	0	564
1374225749	003350	244	247	49	0	0	0	0	566	244	245	67	0	0	0	0	565
1374225749	494756	244	246	50	0	0	0	0	567	244	245	67	0	0	0	0	566
1374225749	987860	244	246	49	0	0	0	0	568	244	245	0	0	0	0	0	567
1374225750	481321	244	248	49	0	0	0	0	569	244	245	67	0	0	0	0	568
1374225750	974667	244	248	49	0	0	0	0	570	244	245	0	0	0	0	0	569
1374225751	467948	244	248	49	0	0	0	0	571	244	245	0	0	0	0	0	570
1374225751	959857	244	248	49	0	0	0	0	572	244	245	0	0	0	0	0	571
1374225752	451483	244	248	66	0	0	0	0	573	244	245	65	0	0	0	0	572
1374225752	944792	244	247	77	0	0	0	0	574	244	246	70	0	0	0	0	573
1374225753	437069	244	247	67	0	0	0	0	575	244	246	85	0	0	0	0	574
1374225753	930224	244	246	67	0	0	0	0	576	244	246	0	0	0	0	0	575
1374225754	423733	244	246	65	0	0	0	0	577	244	246	0	0	0	0	0	576
1374225754	917018	244	247	63	0	0	0	0	578	244	246	0	0	0	0	0	577
1374225755	408343	244	246	69	0	0	0	0	579	244	246	0	0	0	0	0	578
1374225755	900855	244	246	74	0	0	0	0	580	244	246	0	0	0	0	0	579
1374225756	393005	244	246	59	0	0	0	0	581	244	246	0	0	0	0	0	580
1374225756	886196	244	247	70	0	0	0	0	582	244	246	0	0	0	0	0	581
1374225757	379406	244	246	63	0	0	0	0	583	244	245	68	0	0	0	0	582
1374225757	872653	244	247	63	0	0	0	0	584	244	246	0	0	0	0	0	583
1374225758	365795	244	247	65	0	0	0	0	585	244	246	0	0	0	0	0	584
1374225758	859199	244	247	68	0	0	0	0	586	244	246	0	0	0	0	0	585
1374225759	353530	244	247	63	0	0	0	0	587	244	246	71	0	0	0	0	586
1374225759	845804	244	248	64	0	0	0	0	588	244	246	72	0	0	0	0	587
1374225760	339048	244	247	63	0	0	0	0	589	244	246	0	0	0	0	0	588
1374225760	830473	244	246	63	0	0	0	0	590	244	246	0	0	0	0	0	589
1374225761	323618	244	248	66	0	0	0	0	591	244	246	0	0	0	0	0	590
1374225761	816889	244	247	65	0	0	0	0	592	244	246	0	0	0	0	0	591
1374225762	310247	244	246	61	0	0	0	0	593	244	246	0	0	0	0	0	592
1374225762	803572	244	247	61	0	0	0	0	594	244	246	0	0	0	0	0	593
1374225763	295710	244	246	61	0	0	0	0	595	244	246	0	0	0	0	0	594
1374225763	786976	244	248	70	0	0	0	0	596	244	246	0	0	0	0	0	595
1374225764	278315	244	247	63	0	0	0	0	597	244	246	0	0	0	0	0	596
1374225764	770643	244	248	67	0	0	0	0	598	244	246	0	0	0	0	0	597
1374225765	263118	244	247	63	0	0	0	0	599	244	246	0	0	0	0	0	598
1374225765	756419	244	247	62	0	0	0	0	600	244	246	72	0	0	0	0	599
1374225766	249587	244	248	62	0	0	0	0	601	244	246	0	0	0	0	0	600
1374225766	743094	244	247	64	0	0	0	0	602	244	246	0	0	0	0	0	601
1374225767	236224	244	246	60	0	0	0	0	603	244	245	0	0	0	0	0	602
1374225767	729483	244	247	62	0	0	0	0	604	244	246	0	0	0	0	0	603
1374225768	222732	244	248	66	0	0	0	0	605	244	246	66	0	0	0	0	604
1374225768	715135	244	246	73	0	0	0	0	606	244	246	67	0	0	0	0	605
1374225769	208526	244	246	73	0	0	0	0	607	244	246	72	0	0	0	0	606
1374225769	700721	244	248	74	0	0	0	0	608	244	246	77	0	0	0	0	607
1374225770	193885	244	246	66	0	0	0	0	609	244	246	75	0	0	0	0	608
1374225770	686302	244	246	80	0	0	0	0	610	244	246	0	0	0	0	0	609
1374225771	179547	244	249	68	0	0	0	0	611	244	246	70	0	0	0	0	610
1374225771	672909	244	247	72	142	0	0	0	612	244	246	72	0	0	0	0	611
1374225772	167041	244	247	69	0	0	0	0	613	244	246	72	0	0	0	0	612
1374225772	659124	244	248	80	0	0	0	0	614	244	246	72	0	0	0	0	613
1374225773	151618	244	248	70	0	0	0	0	615	244	246	0	0	0	0	0	614
1374225773	643058	244	246	69	0	0	0	0	616	244	246	0	0	0	0	0	615
1374225774	135312	244	248	69	0	0	0	0	617	244	246	71	0	0	0	0	616
1374225774	628623	244	248	77	0	0	0	0	618	244	246	71	0	0	0	0	617
1374225775	121820	244	248	71	0	0	0	0	619	244	246	72	167	0	0	0	618
1374225775	615061	244	246	67	0	0	0	0	620	244	246	0	0	0	0	0	619
1374225776	108572	244	247	68	0	0	0	0	621	244	246	0	0	0	0	0	620
1374225776	601714	244	247	66	0	0	0	0	622	244	246	75	0	0	0	0	621
1374225777	093828	244	247	67	0	0	0	0	623	244	246	0	0	0	0	0	622
1374225777	586293	244	248	68	0	0	0	0	624	244	246	85	0	0	0	0	623
1374225778	079808	244	248	69	0	0	0	0	625	244	246	85	0	0	0	0	624
1374225778	572900	244	247	69	0	0	0	0	626	244	246	85	0	0	0	0	625
1374225779	066059	244	246	68	0	0	0	0	627	244	246	86	0	0	0	0	626
1374225779	558520	244	246	68	0	0	0	0	628	244	246	77	0	0	0	0	627
1374225780	051714	244	248	67	0	0	0	0	629	244	246	79	0	0	0	0	628
1374225780	544955	244	248	70	0	0	0	0	630	244	246	0	0	0	0	0	629
1374225781	036375	244	247	0	0	0	0	0	631	244	246	74	0	0	0	0	630
1374225781	529668	244	247	67	0	0	0	0	632	244	246	79	0	0	0	0	631
1374225782	021795	244	246	67	0	0	0	0	633	244	246	75	0	0	0	0	632
1374225782	515113	244	246	67	0	0	0	0	634	244	246	71	0	0	0	0	633
1374225783	008632	244	248	67	0	0	0	0	635	244	246	71	0	0	0	0	634
1374225783	501656	244	246	66	0	0	0	0	636	244	246	73	0	0	0	0	635
1374225783	995009	244	248	66	0	0	0	0	637	244	246	70	0	0	0	0	636
1374225784	488500	244	246	67	0	0	0	0	638	244	246	69	0	0	0	0	637
1374225784	981747	244	247	67	0	0	0	0	639	244	246	69	0	0	0	0	638
1374225785	474009	244	248	68	0	0	0	0	640	244	246	72	0	0	0	0	639
1374225785	966375	244	246	67	0	0	0	0	641	244	246	76	0	0	0	0	640
1374225786	459432	244	246	67	0	0	0	0	642	244	246	76	0	0	0	0	641
1374225786	951580	244	246	68	0	0	0	0	643	244	246	75	0	0	0	0	642
1374225787	443961	244	247	67	0	0	0	0	644	244	246	76	0	0	0	0	643
1374225787	937144	244	246	67	0	0	0	0	645	244	246	69	0	0	0	0	644
1374225788	430597	244	247	66	0	0	0	0	646	244	246	70	0	0	0	0	645
1374225788	924027	244	248	67	0	0	0	0	647	244	246	70	0	0	0	0	646
1374225789	417264	244	246	67	0	0	0	0	648	244	246	70	0	0	0	0	647
1374225789	910505	244	247	68	0	0	0	0	649	244	246	75	0	0	0	0	648
1374225790	403992	244	246	69	0	0	0	0	650	244	246	77	0	0	0	0	649
1374225790	896178	244	248	67	0	0	0	0	651	244	246	76	0	0	0	0	650
1374225791	389457	244	246	67	0	0	0	0	652	244	246	70	0	0	0	0	651
1374225791	882645	244	247	67	0	0	0	0	653	244	246	70	0	0	0	0	652
1374225792	373751	244	246	66	0	0	0	0	654	244	246	69	0	0	0	0	653
1374225792	864140	244	246	67	0	0	0	0	655	244	246	70	0	0	0	0	654
1374225793	358282	244	247	68	0	0	0	0	656	244	246	70	0	0	0	0	655
1374225793	851820	244	247	72	0	0	0	0	657	244	246	69	0	0	0	0	656
1374225794	343933	244	248	68	0	0	0	0	658	244	246	75	0	0	0	0	657
1374225794	836205	244	246	67	0	0	0	0	659	244	246	69	0	0	0	0	658
1374225795	328543	244	248	67	0	0	0	0	660	244	246	69	0	0	0	0	659
1374225795	821928	244	247	66	0	0	0	0	661	244	246	66	0	0	0	0	660
1374225796	315237	244	248	67	0	0	0	0	662	244	246	69	0	0	0	0	661
1374225796	808558	244	248	69	0	0	0	0	663	244	246	76	0	0	0	0	662
1374225797	301778	244	248	71	0	0	0	0	664	244	246	75	0	0	0	0	663
1374225797	794856	244	246	71	0	0	0	0	665	244	246	75	0	0	0	0	664
1374225798	287234	244	247	66	0	0	0	0	666	244	246	76	0	0	0	0	665
1374225798	779554	244	247	66	0	0	0	0	667	244	246	69	0	0	0	0	666
1374225799	272713	244	248	66	0	0	0	0	668	244	246	69	0	0	0	0	667
1374225799	765095	244	248	66	0	0	0	0	669	244	246	69	0	0	0	0	668
1374225800	258401	244	248	67	0	0	0	0	670	244	246	71	0	0	0	0	669
1374225800	751761	244	246	71	0	0	0	0	671	244	246	76	0	0	0	0	670
1374225801	244949	244	248	70	0	0	0	0	672	244	246	73	0	0	0	0	671
1374225801	737527	244	248	67	0	0	0	0	673	244	246	73	0	0	0	0	672
1374225802	230515	244	248	67	0	0	0	0	674	244	246	75	0	0	0	0	673
1374225802	723955	244	246	66	0	0	0	0	675	244	246	69	0	0	0	0	674
1374225803	217264	244	248	66	0	0	0	0	676	244	246	69	0	0	0	0	675
1374225803	711439	244	246	66	0	0	0	0	677	244	246	69	0	0	0	0	676
1374225804	205543	244	248	67	0	0	0	0	678	244	246	76	0	0	0	0	677
1374225804	698805	244	248	70	0	0	0	0	679	244	246	76	0	0	0	0	678
1374225805	192947	244	247	69	0	0	0	0	680	244	246	76	0	0	0	0	679
1374225805	684475	244	247	67	0	0	0	0	681	244	246	75	0	0	0	0	680
1374225806	176814	244	248	66	0	0	0	0	682	244	246	75	0	0	0	0	681
1374225806	670105	244	246	67	0	0	0	0	683	244	246	69	0	0	0	0	682
1374225807	163245	244	246	66	0	0	0	0	684	244	246	69	0	0	0	0	683
1374225807	656696	244	246	66	0	0	0	0	685	244	246	70	0	0	0	0	684
1374225808	149030	244	246	67	0	0	0	0	686	244	246	76	0	0	0	0	685
1374225808	641282	244	248	69	0	0	0	0	687	244	246	75	0	0	0	0	686
1374225809	134544	244	246	69	0	0	0	0	688	244	246	76	0	0	0	0	687
1374225809	627527	244	248	67	0	0	0	0	689	244	246	74	0	0	0	0	688
1374225810	119757	244	246	66	0	0	0	0	690	244	246	70	0	0	0	0	689
1374225810	612967	244	246	66	0	0	0	0	691	244	246	70	0	0	0	0	690
1374225811	105478	244	246	66	0	0	0	0	692	244	246	69	0	0	0	0	691
1374225811	597585	244	248	66	0	0	0	0	693	244	246	70	0	0	0	0	692
1374225812	090841	244	246	67	0	0	0	0	694	244	246	76	0	0	0	0	693
1374225812	584270	244	248	69	0	0	0	0	695	244	246	75	0	0	0	0	694
1374225813	077396	244	247	68	0	0	0	0	696	244	246	72	0	0	0	0	695
1374225813	570834	244	247	68	0	0	0	0	697	244	246	72	0	0	0	0	696
1374225814	064966	244	246	66	0	0	0	0	698	244	246	75	0	0	0	0	697
1374225814	557381	244	248	65	0	0	0	0	699	244	246	70	0	0	0	0	698
1374225815	050713	244	246	66	0	0	0	0	700	244	246	71	0	0	0	0	699
1374225815	542637	244	246	66	0	0	0	0	701	244	246	76	0	0	0	0	700
1374225816	034051	244	248	69	0	0	0	0	702	244	246	75	0	0	0	0	701
1374225816	526151	244	248	70	0	0	0	0	703	244	246	76	0	0	0	0	702
1374225817	018446	244	248	69	0	0	0	0	704	244	246	0	0	0	0	0	703
1374225817	511932	244	248	67	0	0	0	0	705	244	246	74	0	0	0	0	704
1374225818	005095	244	247	66	0	0	0	0	706	244	246	76	0	0	0	0	705
1374225818	496759	244	248	66	0	0	0	0	707	244	246	69	0	0	0	0	706
1374225818	989747	244	247	67	0	0	0	0	708	244	246	69	0	0	0	0	707
1374225819	483056	244	247	67	0	0	0	0	709	244	246	76	0	0	0	0	708
1374225819	976295	244	247	67	0	0	0	0	710	244	246	76	0	0	0	0	709
1374225820	468479	244	246	70	0	0	0	0	711	244	246	73	0	0	0	0	710
1374225820	960790	244	248	69	0	0	0	0	712	244	246	74	0	0	0	0	711
1374225821	453260	244	246	66	0	0	0	0	713	244	246	75	0	0	0	0	712
1374225821	946106	244	247	66	0	0	0	0	714	244	246	69	0	0	0	0	713
1374225822	438698	244	248	66	0	0	0	0	715	244	246	69	161	0	0	0	714
1374225822	931823	244	247	67	0	0	0	0	716	244	246	71	0	0	0	0	715
1374225823	424338	244	248	68	0	0	0	0	717	244	246	76	0	0	0	0	716
1374225823	918395	244	247	69	0	0	0	0	718	244	246	72	0	0	0	0	717
1374225824	410629	244	248	69	0	0	0	0	719	244	246	72	0	0	0	0	718
1374225824	903086	244	246	69	0	0	0	0	720	244	246	72	0	0	0	0	719
1374225825	396436	244	248	67	0	0	0	0	721	244	246	72	0	0	0	0	720
1374225825	889530	244	247	66	0	0	0	0	722	244	246	0	0	0	0	0	721
1374225826	381729	244	247	66	0	0	0	0	723	244	246	69	0	0	0	0	722
1374225826	874152	244	248	67	0	0	0	0	724	244	246	70	0	0	0	0	723
1374225827	368287	244	246	69	0	0	0	0	725	244	246	76	0	0	0	0	724
1374225827	860628	244	248	69	0	0	0	0	726	244	246	74	0	0	0	0	725
1374225828	352923	244	246	69	0	0	0	0	727	244	246	73	0	0	0	0	726
1374225828	846184	244	248	67	0	0	0	0	728	244	246	72	0	0	0	0	727
1374225829	339644	244	248	67	0	0	0	0	729	244	246	75	0	0	0	0	728
1374225829	832830	244	247	66	0	0	0	0	730	244	246	70	0	0	0	0	729
1374225830	326244	244	247	67	0	0	0	0	731	244	246	78	0	0	0	0	730
1374225830	819688	244	246	68	0	0	0	0	732	244	246	76	0	0	0	0	731
1374225831	310841	244	247	69	0	0	0	0	733	244	246	73	195	0	0	0	732
1374225831	804575	244	248	69	0	0	0	0	734	244	246	72	0	0	0	0	733
1374225832	298318	244	246	69	0	0	0	0	735	244	246	73	0	0	0	0	734
1374225832	791492	244	248	67	0	0	0	0	736	244	246	73	0	0	0	0	735
1374225833	283870	244	247	66	0	0	0	0	737	244	246	0	0	0	0	0	736
1374225833	777101	244	246	67	0	0	0	0	738	244	246	70	0	0	0	0	737
1374225834	269413	244	246	67	0	0	0	0	739	244	246	78	0	0	0	0	738
1374225834	761851	244	248	68	0	0	0	0	740	244	246	75	0	0	0	0	739
1374225835	254988	244	246	69	0	0	0	0	741	244	246	75	0	0	0	0	740
1374225835	745663	244	246	69	0	0	0	0	742	244	246	73	0	0	0	0	741
1374225836	237767	244	247	69	0	0	0	0	743	244	246	72	0	0	0	0	742
1374225836	731028	244	248	67	0	0	0	0	744	244	246	75	0	0	0	0	743
1374225837	224322	244	247	67	0	0	0	0	745	244	246	0	0	0	0	0	744
1374225837	717682	244	246	66	0	0	0	0	746	244	246	71	0	0	0	0	745
1374225838	209787	244	246	72	0	0	0	0	747	244	246	77	0	0	0	0	746
1374225838	701934	244	248	67	0	0	0	0	748	244	246	71	0	0	0	0	747
1374225839	192408	244	246	67	0	0	0	0	749	244	246	71	0	0	0	0	748
1374225839	684872	244	247	67	0	0	0	0	750	244	246	78	0	0	0	0	749
1374225840	178123	244	246	72	0	0	0	0	751	244	246	72	0	0	0	0	750
1374225840	672432	244	246	68	0	0	0	0	752	244	246	76	0	0	0	0	751
1374225841	164796	244	247	67	0	0	0	0	753	244	246	72	0	0	0	0	752
1374225841	658053	244	246	70	0	0	0	0	754	244	246	0	0	0	0	0	753
1374225842	151053	244	249	70	0	0	0	0	755	244	246	78	0	0	0	0	754
1374225842	643404	244	248	69	0	0	0	0	756	244	246	73	0	0	0	0	755
1374225843	136819	244	247	75	0	0	0	0	757	244	246	77	0	0	0	0	756
1374225843	630101	244	247	71	0	0	0	0	758	244	246	76	0	0	0	0	757
1374225844	123212	244	248	72	0	0	0	0	759	244	246	0	0	0	0	0	758
1374225844	616504	244	246	69	0	0	0	0	760	244	246	77	0	0	0	0	759
1374225845	108849	244	248	69	0	0	0	0	761	244	246	78	0	0	0	0	760
1374225845	602136	244	248	69	0	0	0	0	762	244	246	76	0	0	0	0	761
1374225846	095377	244	246	72	0	0	0	0	763	244	246	72	0	0	0	0	762
1374225846	588788	244	247	82	0	0	0	0	764	244	246	0	0	0	0	0	763
1374225847	080972	244	248	72	0	0	0	0	765	244	246	73	0	0	0	0	764
1374225847	572098	244	246	70	0	0	0	0	766	244	246	0	0	0	0	0	765
1374225848	065457	244	247	68	0	0	0	0	767	244	246	0	0	0	0	0	766
1374225848	559237	244	248	75	0	0	0	0	768	244	246	74	0	0	0	0	767
1374225849	052133	244	246	64	0	0	0	0	769	244	246	65	0	0	0	0	768
1374225849	545412	244	248	64	0	0	0	0	770	244	246	64	0	0	0	0	769
1374225850	038723	244	247	64	0	0	0	0	771	244	245	62	0	0	0	0	770
1374225850	531101	244	247	0	0	0	0	0	772	244	246	65	0	0	0	0	771
1374225851	024210	244	248	62	0	0	0	0	773	244	246	67	0	0	0	0	772
1374225851	516420	244	247	60	0	0	0	0	774	244	246	60	0	0	0	0	773
1374225852	009626	244	248	0	0	0	0	0	775	244	246	66	0	0	0	0	774
1374225852	500090	244	246	62	0	0	0	0	776	244	246	0	0	0	0	0	775
1374225852	993156	244	246	0	0	0	0	0	777	244	246	0	0	0	0	0	776
1374225853	485472	244	248	0	0	0	0	0	778	244	246	69	0	0	0	0	777
1374225853	978834	244	246	0	0	0	0	0	779	244	246	67	0	0	0	0	778
1374225854	472258	244	246	66	0	0	0	0	780	244	246	0	0	0	0	0	779
1374225854	965359	244	246	0	0	0	0	0	781	244	246	0	0	0	0	0	780
1374225855	457809	244	247	62	0	0	0	0	782	244	246	65	0	0	0	0	781
1374225855	951991	244	247	61	0	0	0	0	783	244	246	65	0	0	0	0	782
1374225856	446118	244	246	61	0	0	0	0	784	244	246	67	0	0	0	0	783
1374225856	938470	244	247	65	0	0	0	0	785	244	246	70	0	0	0	0	784
1374225857	431753	244	248	67	0	0	0	0	786	244	246	0	0	0	0	0	785
1374225857	924257	244	247	66	0	0	0	0	787	244	246	69	0	0	0	0	786
1374225858	417254	244	247	64	0	0	0	0	788	244	246	0	0	0	0	0	787
1374225858	910850	244	247	0	0	0	0	0	789	244	246	0	0	0	0	0	788
1374225859	404064	244	246	68	0	0	0	0	790	244	246	0	0	0	0	0	789
1374225859	897267	244	246	60	0	0	0	0	791	244	246	0	0	0	0	0	790
1374225860	389669	244	247	66	0	0	0	0	792	244	246	74	0	0	0	0	791
1374225860	882983	244	248	65	0	0	0	0	793	244	246	74	0	0	0	0	792
1374225861	376137	244	247	66	0	0	0	0	794	244	246	73	0	0	0	0	793
1374225861	868397	244	248	64	0	0	0	0	795	244	246	71	0	0	0	0	794
1374225862	360292	244	248	64	0	0	0	0	796	244	246	0	0	0	0	0	795
1374225862	852744	244	247	65	0	0	0	0	797	244	246	0	0	0	0	0	796
1374225863	346029	244	248	64	0	0	0	0	798	244	246	0	0	0	0	0	797
1374225863	839429	244	247	65	0	0	0	0	799	244	246	0	0	0	0	0	798
1374225864	331635	244	247	62	0	0	0	0	800	244	246	71	0	0	0	0	799
1374225864	825090	244	247	67	0	0	0	0	801	244	246	73	0	0	0	0	800
1374225865	317360	244	247	0	0	0	0	0	802	244	246	0	0	0	0	0	801
1374225865	810645	244	246	67	0	0	0	0	803	244	246	0	0	0	0	0	802
1374225866	303940	244	246	67	0	0	0	0	804	244	246	0	0	0	0	0	803
1374225866	797377	244	247	62	0	0	0	0	805	244	246	74	0	0	0	0	804
1374225867	290540	244	247	65	0	0	0	0	806	244	246	72	0	0	0	0	805
1374225867	782929	244	246	0	0	0	0	0	807	244	246	73	0	0	0	0	806
1374225868	275119	244	247	72	0	0	0	0	808	244	246	72	0	0	0	0	807
1374225868	768538	244	246	0	0	0	0	0	809	244	246	74	0	0	0	0	808
1374225869	260626	244	248	0	0	0	0	0	810	244	246	0	0	0	0	0	809
1374225869	753928	244	247	63	0	0	0	0	811	244	246	73	0	0	0	0	810
1374225870	247352	244	246	64	0	0	0	0	812	244	246	72	0	0	0	0	811
1374225870	740667	244	246	67	0	0	0	0	813	244	246	72	0	0	0	0	812
1374225871	233934	244	248	0	0	0	0	0	814	244	246	0	0	0	0	0	813
1374225871	726267	244	246	65	0	0	0	0	815	244	246	0	0	0	0	0	814
1374225872	219433	244	247	66	0	0	0	0	816	244	246	0	0	0	0	0	815
1374225872	712605	244	246	62	0	0	0	0	817	244	246	74	0	0	0	0	816
1374225873	206266	244	246	63	0	0	0	0	818	244	246	0	0	0	0	0	817
1374225873	698091	244	247	63	0	0	0	0	819	244	246	73	0	0	0	0	818
1374225874	190698	244	248	59	0	0	0	0	820	244	246	73	0	0	0	0	819
1374225874	683819	244	248	68	0	0	0	0	821	244	246	0	0	0	0	0	820
1374225875	177295	244	248	68	0	0	0	0	822	244	246	72	0	0	0	0	821
1374225875	670610	244	247	65	0	0	0	0	823	244	246	0	0	0	0	0	822
1374225876	163833	244	248	64	0	0	0	0	824	244	246	0	0	0	0	0	823
1374225876	657313	244	247	63	0	0	0	0	825	244	246	0	0	0	0	0	824
1374225877	150264	244	247	67	0	0	0	0	826	244	246	0	0	0	0	0	825
1374225877	643722	244	246	60	0	0	0	0	827	244	246	75	0	0	0	0	826
1374225878	136887	244	247	59	0	0	0	0	828	244	246	0	0	0	0	0	827
1374225878	629116	244	248	64	0	0	0	0	829	244	246	0	0	0	0	0	828
1374225879	121508	244	246	61	0	0	0	0	830	244	246	0	0	0	0	0	829
1374225879	614561	244	247	64	0	0	0	0	831	244	246	0	0	0	0	0	830
1374225880	106915	244	247	60	0	0	0	0	832	244	246	0	0	0	0	0	831
1374225880	600248	244	247	58	0	0	0	0	833	244	246	0	0	0	0	0	832
1374225881	093448	244	248	59	0	0	0	0	834	244	246	0	0	0	0	0	833
1374225881	587888	244	246	66	0	0	0	0	835	244	246	0	0	0	0	0	834
1374225882	080862	244	247	65	0	0	0	0	836	244	246	0	0	0	0	0	835
1374225882	574260	244	248	65	0	0	0	0	837	244	246	0	0	0	0	0	836
1374225883	068488	244	246	64	0	0	0	0	838	244	246	0	0	0	0	0	837
1374225883	560786	244	248	63	0	0	0	0	839	244	246	0	0	0	0	0	838
1374225884	054166	244	246	65	0	0	0	0	840	244	246	0	0	0	0	0	839
1374225884	547421	244	248	67	0	0	0	0	841	244	246	0	0	0	0	0	840
1374225885	039737	244	246	65	0	0	0	0	842	244	246	0	0	0	0	0	841
1374225885	531901	244	246	65	0	0	0	0	843	244	246	0	0	0	0	0	842
1374225886	025234	244	247	65	0	0	0	0	844	244	246	0	0	0	0	0	843
1374225886	518507	244	247	65	0	0	0	0	845	244	246	0	0	0	0	0	844
1374225887	011611	244	246	66	0	0	0	0	846	244	246	74	0	0	0	0	845
1374225887	502863	244	247	65	0	0	0	0	847	244	246	0	0	0	0	0	846
1374225887	995150	244	247	65	0	0	0	0	848	244	246	0	0	0	0	0	847
1374225888	488433	244	247	63	0	0	0	0	849	244	246	0	0	0	0	0	848
1374225888	981905	244	247	58	0	0	0	0	850	244	246	0	0	0	0	0	849
1374225889	475121	244	248	59	0	0	0	0	851	244	246	0	0	0	0	0	850
1374225889	968425	244	248	60	0	0	0	0	852	244	246	0	0	0	0	0	851
1374225890	461857	244	247	67	0	0	0	0	853	244	246	74	0	0	0	0	852
1374225890	954931	244	247	60	0	0	0	0	854	244	246	74	0	0	0	0	853
1374225891	448125	244	248	68	0	0	0	0	855	244	246	0	0	0	0	0	854
1374225891	941312	244	246	66	0	0	0	0	856	244	246	0	0	0	0	0	855
1374225892	433627	244	248	64	0	0	0	0	857	244	246	0	0	0	0	0	856
1374225892	926982	244	246	65	0	0	0	0	858	244	246	73	0	0	0	0	857
1374225893	420272	244	246	68	0	0	0	0	859	244	246	0	0	0	0	0	858
1374225893	911566	244	247	60	0	0	0	0	860	244	246	0	0	0	0	0	859
1374225894	404861	244	248	59	0	0	0	0	861	244	246	0	0	0	0	0	860
1374225894	898055	244	247	61	0	0	0	0	862	244	246	0	0	0	0	0	861
1374225895	391409	244	246	67	0	0	0	0	863	244	246	0	0	0	0	0	862
1374225895	884684	244	246	65	0	0	0	0	864	244	246	0	0	0	0	0	863
1374225896	376915	244	248	0	0	0	0	0	865	244	246	0	0	0	0	0	864
1374225896	870036	244	247	60	0	0	0	0	866	244	246	0	0	0	0	0	865
1374225897	361511	244	247	66	0	0	0	0	867	244	246	0	0	0	0	0	866
1374225897	854787	244	246	64	0	0	0	0	868	244	246	0	0	0	0	0	867
1374225898	347947	244	246	66	0	0	0	0	869	244	246	0	0	0	0	0	868
1374225898	840394	244	246	66	0	0	0	0	870	244	246	0	0	0	0	0	869
1374225899	333701	244	246	66	0	0	0	0	871	244	246	0	0	0	0	0	870
1374225899	825876	244	247	65	0	0	0	0	872	244	246	0	0	0	0	0	871
1374225900	319282	244	246	67	0	0	0	0	873	244	246	0	0	0	0	0	872
1374225900	812545	244	246	65	0	0	0	0	874	244	246	0	0	0	0	0	873
1374225901	305702	244	247	65	0	0	0	0	875	244	246	0	0	0	0	0	874
1374225901	798028	244	247	0	0	0	0	0	876	244	246	72	0	0	0	0	875
1374225902	290309	244	248	57	0	0	0	0	877	244	246	0	0	0	0	0	876
1374225902	782306	244	247	64	0	0	0	0	878	244	246	0	0	0	0	0	877
1374225903	273613	244	246	63	0	0	0	0	879	244	246	74	0	0	0	0	878
1374225903	766996	244	246	0	0	0	0	0	880	244	246	65	0	0	0	0	879
1374225904	260282	244	248	62	0	0	0	0	881	244	246	75	0	0	0	0	880
1374225904	752633	244	247	67	0	0	0	0	882	244	246	71	0	0	0	0	881
1374225905	245894	244	246	66	0	0	0	0	883	244	246	0	0	0	0	0	882
1374225905	739367	244	248	65	0	0	0	0	884	244	246	0	0	0	0	0	883
1374225906	232536	244	247	63	0	0	0	0	885	244	246	0	0	0	0	0	884
1374225906	725823	244	247	64	0	0	0	0	886	244	246	0	0	0	0	0	885
1374225907	217945	244	248	65	0	0	0	0	887	244	246	0	0	0	0	0	886
1374225907	711265	244	246	65	0	0	0	0	888	244	246	0	0	0	0	0	887
1374225908	205610	244	248	66	0	0	0	0	889	244	246	71	0	0	0	0	888
1374225908	697696	244	247	66	0	0	0	0	890	244	246	71	0	0	0	0	889
1374225909	189906	244	246	65	0	0	0	0	891	244	246	71	0	0	0	0	890
1374225909	683360	244	246	64	0	0	0	0	892	244	246	0	0	0	0	0	891
1374225910	177617	244	246	64	0	0	0	0	893	244	246	0	0	0	0	0	892
1374225910	670810	244	248	65	0	0	0	0	894	244	246	0	0	0	0	0	893
1374225911	163256	244	247	66	0	0	0	0	895	244	246	0	0	0	0	0	894
1374225911	657508	244	246	67	0	0	0	0	896	244	246	0	0	0	0	0	895
1374225912	151897	244	248	65	0	0	0	0	897	244	246	0	0	0	0	0	896
1374225912	644994	244	246	65	0	0	0	0	898	244	246	0	0	0	0	0	897
1374225913	137284	244	247	65	0	0	0	0	899	244	246	0	0	0	0	0	898
1374225913	630614	244	246	66	0	0	0	0	900	244	246	0	0	0	0	0	899
1374225914	123662	244	248	66	0	0	0	0	901	244	246	0	0	0	0	0	900
1374225914	616083	244	248	66	0	0	0	0	902	244	246	0	0	0	0	0	901
1374225915	109331	244	246	67	0	0	0	0	903	244	246	0	0	0	0	0	902
1374225915	602535	244	246	67	0	0	0	0	904	244	246	0	0	0	0	0	903
1374225916	095981	244	247	65	0	0	0	0	905	244	246	0	0	0	0	0	904
1374225916	589224	244	246	65	0	0	0	0	906	244	246	0	0	0	0	0	905
1374225917	083281	244	247	66	0	0	0	0	907	244	246	0	0	0	0	0	906
1374225917	576630	244	248	66	0	0	0	0	908	244	246	72	0	0	0	0	907
1374225918	069861	244	248	66	0	0	0	0	909	244	246	0	0	0	0	0	908
1374225918	562299	244	246	66	0	0	0	0	910	244	246	0	0	0	0	0	909
1374225919	055649	244	248	65	0	0	0	0	911	244	246	0	0	0	0	0	910
1374225919	547923	244	248	65	0	0	0	0	912	244	246	0	0	0	0	0	911
1374225920	041216	244	246	65	0	0	0	0	913	244	246	0	0	0	0	0	912
1374225920	533260	244	246	64	0	0	0	0	914	244	246	0	0	0	0	0	913
1374225921	024582	244	247	65	0	0	0	0	915	244	246	0	0	0	0	0	914
1374225921	517884	244	246	66	0	0	0	0	916	244	246	0	0	0	0	0	915
1374225922	011033	244	246	67	0	0	0	0	917	244	246	0	0	0	0	0	916
1374225922	503282	244	248	67	0	0	0	0	918	244	246	0	0	0	0	0	917
1374225922	996577	244	248	65	0	0	0	0	919	244	246	0	0	0	0	0	918
1374225923	489916	244	247	64	0	0	0	0	920	244	246	0	0	0	0	0	919
1374225923	982240	244	248	64	0	0	0	0	921	244	246	0	0	0	0	0	920
1374225924	476535	244	246	65	0	0	0	0	922	244	246	0	0	0	0	0	921
1374225924	968834	244	248	66	0	0	0	0	923	244	246	71	0	0	0	0	922
1374225925	461042	244	248	66	0	0	0	0	924	244	246	0	0	0	0	0	923
1374225925	953467	244	246	67	0	0	0	0	925	244	246	0	0	0	0	0	924
1374225926	445597	244	247	65	0	0	0	0	926	244	246	71	0	0	0	0	925
1374225926	937783	244	246	65	0	0	0	0	927	244	246	0	0	0	0	0	926
1374225927	429223	244	248	65	0	0	0	0	928	244	246	0	0	0	0	0	927
1374225927	921523	244	247	64	0	0	0	0	929	244	246	0	0	0	0	0	928
1374225928	414801	244	246	66	0	0	0	0	930	244	246	0	0	0	0	0	929
1374225928	908000	244	246	66	0	0	0	0	931	244	246	0	0	0	0	0	930
1374225929	401599	244	247	66	0	0	0	0	932	244	246	0	0	0	0	0	931
1374225929	894819	244	246	65	0	0	0	0	933	244	246	0	0	0	0	0	932
1374225930	388966	244	247	65	0	0	0	0	934	244	246	0	0	0	0	0	933
1374225930	882295	244	248	65	0	0	0	0	935	244	246	0	0	0	0	0	934
1374225931	375628	244	247	66	0	0	0	0	936	244	246	0	0	0	0	0	935
1374225931	868667	244	246	67	0	0	0	0	937	244	246	74	0	0	0	0	936
1374225932	360369	244	246	67	0	0	0	0	938	244	246	0	0	0	0	0	937
1374225932	853430	244	246	67	0	0	0	0	939	244	246	0	0	0	0	0	938
1374225933	346687	244	247	64	0	0	0	0	940	244	246	0	0	0	0	0	939
1374225933	840165	244	246	66	0	0	0	0	941	244	246	0	0	0	0	0	940
1374225934	332505	244	246	65	0	0	0	0	942	244	246	0	0	0	0	0	941
1374225934	825620	244	248	64	0	0	0	0	943	244	246	0	0	0	0	0	942
1374225935	318947	244	248	66	0	0	0	0	944	244	246	0	0	0	0	0	943
1374225935	811497	244	247	67	0	0	0	0	945	244	246	0	0	0	0	0	944
1374225936	304509	244	247	66	0	0	0	0	946	244	246	0	0	0	0	0	945
1374225936	796968	244	248	65	0	0	0	0	947	244	246	0	0	0	0	0	946
1374225937	290079	244	248	65	0	0	0	0	948	244	246	0	0	0	0	0	947
1374225937	783316	244	248	65	0	0	0	0	949	244	246	0	0	0	0	0	948
1374225938	276490	244	247	65	0	0	0	0	950	244	246	0	0	0	0	0	949
1374225938	768939	244	246	64	0	0	0	0	951	244	246	0	0	0	0	0	950
1374225939	262290	244	246	0	0	0	0	0	952	244	246	72	198	0	0	0	951
1374225939	755479	244	247	64	0	0	0	0	953	244	246	63	0	0	0	0	952
1374225940	249066	244	248	0	0	0	0	0	954	244	246	63	0	0	0	0	953
1374225940	742105	244	246	67	0	0	0	0	955	244	246	62	0	0	0	0	954
1374225941	235473	244	248	64	0	0	0	0	956	244	246	64	0	0	0	0	955
1374225941	728660	244	247	65	0	0	0	0	957	244	246	0	0	0	0	0	956
1374225942	221950	244	248	66	0	0	0	0	958	244	246	0	0	0	0	0	957
1374225942	715364	244	247	67	0	0	0	0	959	244	246	0	0	0	0	0	958
1374225943	207396	244	248	66	0	0	0	0	960	244	246	0	0	0	0	0	959
1374225943	700868	244	247	65	0	0	0	0	961	244	246	0	0	0	0	0	960
1374225944	193187	244	247	66	0	0	0	0	962	244	246	0	0	0	0	0	961
1374225944	686182	244	248	67	0	0	0	0	963	244	246	0	0	0	0	0	962
1374225945	179560	244	248	66	0	0	0	0	964	244	246	0	0	0	0	0	963
1374225945	671820	244	247	66	0	0	0	0	965	244	246	0	0	0	0	0	964
1374225946	164234	244	247	66	0	0	0	0	966	244	246	0	0	0	0	0	965
1374225946	657386	244	248	64	0	0	0	0	967	244	246	74	0	0	0	0	966
1374225947	150843	244	248	64	0	0	0	0	968	244	246	0	0	0	0	0	967
1374225947	644194	244	248	66	0	0	0	0	969	244	246	0	0	0	0	0	968
1374225948	136465	244	248	67	0	0	0	0	970	244	246	74	0	0	0	0	969
1374225948	629573	244	247	67	0	0	0	0	971	244	246	0	0	0	0	0	970
1374225949	121797	244	246	66	0	0	0	0	972	244	246	75	0	0	0	0	971
1374225949	615036	244	247	67	0	0	0	0	973	244	246	0	0	0	0	0	972
1374225950	108600	244	247	63	0	0	0	0	974	244	246	0	0	0	0	0	973
1374225950	601705	244	247	62	0	0	0	0	975	244	246	0	0	0	0	0	974
1374225951	094080	244	246	65	0	0	0	0	976	244	246	0	0	0	0	0	975
1374225951	587395	244	246	65	0	0	0	0	977	244	246	0	0	0	0	0	976
1374225952	079474	244	247	67	0	0	0	0	978	244	246	0	0	0	0	0	977
1374225952	570934	244	246	66	0	0	0	0	979	244	246	0	0	0	0	0	978
1374225953	064323	244	248	66	0	0	0	0	980	244	246	0	0	0	0	0	979
1374225953	557681	244	247	65	0	0	0	0	981	244	246	0	0	0	0	0	980
1374225954	050872	244	247	64	0	0	0	0	982	244	246	72	0	0	0	0	981
1374225954	544064	244	246	66	0	0	0	0	983	244	246	0	0	0	0	0	982
1374225955	036200	244	246	66	0	0	0	0	984	244	246	0	0	0	0	0	983
1374225955	528371	244	247	66	0	0	0	0	985	244	246	0	0	0	0	0	984
1374225956	022767	244	248	66	0	0	0	0	986	244	246	0	0	0	0	0	985
1374225956	516130	244	246	66	0	0	0	0	987	244	246	0	0	0	0	0	986
1374225957	008258	244	247	65	0	0	0	0	988	244	246	0	0	0	0	0	987
1374225957	500588	244	246	64	0	0	0	0	989	244	246	0	0	0	0	0	988
1374225957	993743	244	248	66	0	0	0	0	990	244	246	71	0	0	0	0	989
1374225958	486149	244	246	67	136	0	0	0	991	244	246	0	0	0	0	0	990
1374225958	979550	244	248	67	0	0	0	0	992	244	246	73	0	0	0	0	991
1374225959	472778	244	247	67	0	0	0	0	993	244	246	0	0	0	0	0	992
1374225959	965184	244	248	67	0	0	0	0	994	244	246	0	0	0	0	0	993
1374225960	458403	244	247	65	0	0	0	0	995	244	246	74	0	0	0	0	994
1374225960	952624	244	246	62	0	0	0	0	996	244	246	0	0	0	0	0	995
1374225961	445740	244	246	66	0	0	0	0	997	244	246	0	0	0	0	0	996
1374225961	936897	244	248	66	0	0	0	0	998	244	246	74	0	0	0	0	997
1374225962	428431	244	247	67	0	0	0	0	999	244	246	72	0	0	0	0	998
1374225962	921611	244	247	67	0	0	0	0	1000	244	246	71	0	0	0	0	999
1374225963	414821	244	248	67	0	0	0	0	1001	244	246	74	0	0	0	0	1000
1374225963	908175	244	248	0	0	0	0	0	1002	244	246	0	0	0	0	0	1001
1374225964	402451	244	248	60	0	0	0	0	1003	244	246	0	0	0	0	0	1002
1374225964	894843	244	246	0	0	0	0	0	1004	244	246	63	0	0	0	0	1003
1374225965	388165	244	248	64	0	0	0	0	1005	244	246	65	0	0	0	0	1004
1374225965	881400	244	248	69	0	0	0	0	1006	244	246	75	0	0	0	0	1005
1374225966	375603	244	248	72	0	0	0	0	1007	244	246	0	0	0	0	0	1006
1374225966	868716	244	248	80	0	0	0	0	1008	244	246	74	0	0	0	0	1007
1374225967	360921	244	248	72	0	0	0	0	1009	244	246	78	0	0	0	0	1008
1374225967	854364	244	248	75	0	0	0	0	1010	244	246	77	0	0	0	0	1009
1374225968	347787	244	246	75	0	0	0	0	1011	244	247	77	0	0	0	0	1010
1374225968	839937	244	248	74	0	0	0	0	1012	244	246	0	0	0	0	0	1011
1374225969	331187	244	247	77	0	0	0	0	1013	244	246	79	0	0	0	0	1012
1374225969	822630	244	248	68	0	0	0	0	1014	244	246	58	0	0	0	0	1013
1374225970	313937	244	246	0	0	0	0	0	1015	244	246	51	0	0	0	0	1014
1374225970	808158	244	246	0	0	0	0	0	1016	244	247	66	127	0	0	0	1015
1374225971	301475	244	246	0	0	0	0	0	1017	244	247	63	0	0	0	0	1016
1374225971	793843	244	248	0	0	0	0	0	1018	244	247	66	0	0	0	0	1017
1374225972	286110	244	247	0	0	0	0	0	1019	244	247	67	0	0	0	0	1018
1374225972	779175	244	246	0	0	0	0	0	1020	244	247	69	0	0	0	0	1019
1374225973	271577	244	246	0	0	0	0	0	1021	244	247	66	0	0	0	0	1020
1374225973	764738	244	247	0	0	0	0	0	1022	244	247	67	0	0	0	0	1021
1374225974	257249	244	246	0	0	0	0	0	1023	244	247	70	0	0	0	0	1022
1374225974	749595	244	248	0	0	0	0	0	1024	244	247	70	0	0	0	0	1023
1374225975	242778	244	247	0	0	0	0	0	1025	244	247	69	0	0	0	0	1024
1374225975	736233	244	246	0	0	0	0	0	1026	244	247	64	0	0	0	0	1025
1374225976	228471	244	246	0	0	0	0	0	1027	244	247	63	0	0	0	0	1026
1374225976	721704	244	246	0	0	0	0	0	1028	244	247	71	0	0	0	0	1027
1374225977	214219	244	247	0	0	0	0	0	1029	244	247	68	0	0	0	0	1028
1374225977	707321	244	246	0	0	0	0	0	1030	244	247	68	0	0	0	0	1029
1374225978	199495	244	248	0	0	0	0	0	1031	244	247	68	0	0	0	0	1030
1374225978	692543	244	247	0	0	0	0	0	1032	244	247	0	0	0	0	0	1031
1374225979	185096	244	246	0	0	0	0	0	1033	244	247	69	0	0	0	0	1032
1374225979	677236	244	248	0	0	0	0	0	1034	244	247	0	0	0	0	0	1033
1374225980	169652	244	247	0	0	0	0	0	1035	244	247	70	0	0	0	0	1034
1374225980	662810	244	248	0	0	0	0	0	1036	244	247	69	0	0	0	0	1035
1374225981	156148	244	247	0	0	0	0	0	1037	244	247	69	0	0	0	0	1036
1374225981	648586	244	247	0	0	0	0	0	1038	244	247	60	0	0	0	0	1037
1374225982	140742	244	248	0	0	0	0	0	1039	244	247	67	0	0	0	0	1038
1374225982	633105	244	247	0	0	0	0	0	1040	244	247	73	0	0	0	0	1039
1374225983	126458	244	247	0	0	0	0	0	1041	244	247	69	0	0	0	0	1040
1374225983	618888	244	247	0	0	0	0	0	1042	244	247	69	0	0	0	0	1041
1374225984	109937	244	248	0	0	0	0	0	1043	244	247	73	0	0	0	0	1042
1374225984	603292	244	248	0	0	0	0	0	1044	244	247	71	0	0	0	0	1043
1374225985	096561	244	247	0	0	0	0	0	1045	244	247	0	0	0	0	0	1044
1374225985	588718	244	246	0	0	0	0	0	1046	244	247	0	0	0	0	0	1045
1374225986	082163	244	248	0	0	0	0	0	1047	244	247	0	0	0	0	0	1046
1374225986	575441	244	248	0	0	0	0	0	1048	244	247	62	0	0	0	0	1047
1374225987	068648	244	248	0	0	0	0	0	1049	244	247	61	0	0	0	0	1048
1374225987	561841	244	247	0	0	0	0	0	1050	244	247	69	0	0	0	0	1049
1374225988	055056	244	248	0	0	0	0	0	1051	244	247	62	0	0	0	0	1050
1374225988	547434	244	246	0	0	0	0	0	1052	244	247	61	0	0	0	0	1051
1374225989	039847	244	246	0	0	0	0	0	1053	244	247	62	0	0	0	0	1052
1374225989	532137	244	247	0	0	0	0	0	1054	244	247	72	0	0	0	0	1053
1374225990	024285	244	248	0	0	0	0	0	1055	244	247	62	0	0	0	0	1054
1374225990	517628	244	248	0	0	0	0	0	1056	244	247	0	0	0	0	0	1055
1374225991	010993	244	246	0	0	0	0	0	1057	244	247	72	0	0	0	0	1056
1374225991	505346	244	246	0	0	0	0	0	1058	244	247	69	0	0	0	0	1057
1374225991	998274	244	246	0	0	0	0	0	1059	244	247	69	0	0	0	0	1058
1374225992	488584	244	248	0	0	0	0	0	1060	244	247	62	0	0	0	0	1059
1374225992	980048	244	247	0	0	0	0	0	1061	244	247	73	0	0	0	0	1060
1374225993	472434	244	246	0	0	0	0	0	1062	244	247	72	0	0	0	0	1061
1374225993	965802	244	246	0	0	0	0	0	1063	244	247	72	0	0	0	0	1062
1374225994	457946	244	248	0	0	0	0	0	1064	244	247	69	0	0	0	0	1063
1374225994	950260	244	246	0	0	0	0	0	1065	244	247	69	0	0	0	0	1064
1374225995	443390	244	248	0	0	0	0	0	1066	244	247	68	0	0	0	0	1065
1374225995	935721	244	248	0	0	0	0	0	1067	244	247	68	0	0	0	0	1066
1374225996	429008	244	248	0	0	0	0	0	1068	244	247	70	0	0	0	0	1067
1374225996	921276	244	248	0	0	0	0	0	1069	244	247	59	0	0	0	0	1068
1374225997	413612	244	246	0	0	0	0	0	1070	244	247	57	0	0	0	0	1069
1374225997	906917	244	247	0	0	0	0	0	1071	244	247	55	0	0	0	0	1070
1374225998	399975	244	246	0	0	0	0	0	1072	244	247	0	0	0	0	0	1071
1374225998	892473	244	247	0	0	0	0	0	1073	244	247	56	0	0	0	0	1072
1374225999	385681	244	246	0	0	0	0	0	1074	244	247	69	0	0	0	0	1073
1374225999	879018	244	248	0	0	0	0	0	1075	244	247	69	0	0	0	0	1074
1374226000	371337	244	248	0	0	0	0	0	1076	244	247	76	0	0	0	0	1075
1374226000	864665	244	248	0	0	0	0	0	1077	244	247	69	0	0	0	0	1076
1374226001	357843	244	248	0	0	0	0	0	1078	244	247	69	0	0	0	0	1077
1374226001	851012	244	246	0	0	0	0	0	1079	244	247	0	0	0	0	0	1078
1374226002	344431	244	247	0	0	0	0	0	1080	244	247	0	0	0	0	0	1079
1374226002	837704	244	246	0	0	0	0	0	1081	244	247	0	0	0	0	0	1080
1374226003	330950	244	247	0	0	0	0	0	1082	244	247	0	0	0	0	0	1081
1374226003	823258	244	248	0	0	0	0	0	1083	244	247	0	0	0	0	0	1082
1374226004	316515	244	248	0	0	0	0	0	1084	244	247	0	0	0	0	0	1083
1374226004	809906	244	247	0	0	0	0	0	1085	244	247	0	0	0	0	0	1084
1374226005	302172	244	247	0	0	0	0	0	1086	244	247	69	0	0	0	0	1085
1374226005	795309	244	247	0	0	0	0	0	1087	244	247	58	0	0	0	0	1086
1374226006	287759	244	247	0	0	0	0	0	1088	244	247	58	0	0	0	0	1087
1374226006	779957	244	246	0	0	0	0	0	1089	244	247	60	0	0	0	0	1088
1374226007	272193	244	248	0	0	0	0	0	1090	244	247	0	0	0	0	0	1089
1374226007	765439	244	248	0	0	0	0	0	1091	244	247	69	0	0	0	0	1090
1374226008	258723	244	247	0	0	0	0	0	1092	244	247	0	0	0	0	0	1091
1374226008	752066	244	248	0	0	0	0	0	1093	244	247	0	0	0	0	0	1092
1374226009	245311	244	246	0	0	0	0	0	1094	244	247	75	0	0	0	0	1093
1374226009	737633	244	246	0	0	0	0	0	1095	244	247	68	0	0	0	0	1094
1374226010	231092	244	247	0	0	0	0	0	1096	244	247	69	0	0	0	0	1095
1374226010	724407	244	248	142	0	0	0	0	1097	244	247	59	0	0	0	0	1096
1374226011	217595	244	246	0	0	0	0	0	1098	244	247	58	0	0	0	0	1097
1374226011	709953	244	247	0	0	0	0	0	1099	244	247	69	0	0	0	0	1098
1374226012	203087	244	248	0	0	0	0	0	1100	244	247	69	0	0	0	0	1099
1374226012	695138	244	247	0	0	0	0	0	1101	244	247	69	0	0	0	0	1100
1374226013	187439	244	247	0	0	0	0	0	1102	244	247	0	0	0	0	0	1101
1374226013	680805	244	247	0	0	0	0	0	1103	244	247	69	0	0	0	0	1102
1374226014	174151	244	246	0	0	0	0	0	1104	244	247	0	0	0	0	0	1103
1374226014	667567	244	247	0	0	0	0	0	1105	244	247	0	0	0	0	0	1104
1374226015	160710	244	246	0	0	0	0	0	1106	244	247	0	0	0	0	0	1105
1374226015	653218	244	246	0	0	0	0	0	1107	244	247	0	0	0	0	0	1106
1374226016	147405	244	248	0	0	0	0	0	1108	244	247	0	0	0	0	0	1107
1374226016	640754	244	248	0	0	0	0	0	1109	244	247	0	0	0	0	0	1108
1374226017	133992	244	248	0	0	0	0	0	1110	244	247	0	0	0	0	0	1109
1374226017	627172	244	247	0	0	0	0	0	1111	244	247	0	0	0	0	0	1110
1374226018	120422	244	246	0	0	0	0	0	1112	244	247	70	0	0	0	0	1111
1374226018	613794	244	248	0	0	0	0	0	1113	244	247	72	0	0	0	0	1112
1374226019	106940	244	248	0	0	0	0	0	1114	244	247	0	0	0	0	0	1113
1374226019	600393	244	247	0	0	0	0	0	1115	244	247	69	0	0	0	0	1114
1374226020	093605	244	247	0	0	0	0	0	1116	244	247	70	0	0	0	0	1115
1374226020	586934	244	246	0	0	0	0	0	1117	244	247	64	0	0	0	0	1116
1374226021	080282	244	247	0	0	0	0	0	1118	244	247	69	0	0	0	0	1117
1374226021	573394	244	247	0	0	0	0	0	1119	244	247	69	0	0	0	0	1118
1374226022	066049	244	246	0	0	0	0	0	1120	244	247	68	0	0	0	0	1119
1374226022	558097	244	247	0	0	0	0	0	1121	244	247	67	0	0	0	0	1120
1374226023	051397	244	246	0	0	0	0	0	1122	244	247	68	130	0	0	0	1121
1374226023	544622	244	247	0	0	0	0	0	1123	244	247	71	0	0	0	0	1122
1374226024	037055	244	248	0	0	0	0	0	1124	244	247	71	0	0	0	0	1123
1374226024	529083	244	246	0	0	0	0	0	1125	244	247	58	132	0	0	0	1124
1374226025	021332	244	246	0	0	0	0	0	1126	244	247	60	0	0	0	0	1125
1374226025	513614	244	247	0	0	0	0	0	1127	244	247	60	130	0	0	0	1126
1374226026	006950	244	247	0	0	0	0	0	1128	244	247	61	0	0	0	0	1127
1374226026	500386	244	248	0	0	0	0	0	1129	244	247	58	130	0	0	0	1128
1374226026	992520	244	247	0	0	0	0	0	1130	244	247	58	130	0	0	0	1129
1374226027	484769	244	248	0	0	0	0	0	1131	244	247	58	130	0	0	0	1130
1374226027	976942	244	248	0	0	0	0	0	1132	244	247	59	130	0	0	0	1131
1374226028	467370	244	246	0	0	0	0	0	1133	244	247	61	130	0	0	0	1132
1374226028	958888	244	247	0	0	0	0	0	1134	244	247	58	131	0	0	0	1133
1374226029	452961	244	246	0	0	0	0	0	1135	244	247	60	130	0	0	0	1134
1374226029	945185	244	248	0	0	0	0	0	1136	244	247	60	130	0	0	0	1135
1374226030	438473	244	246	0	0	0	0	0	1137	244	247	61	129	0	0	0	1136
1374226030	931754	244	247	0	0	0	0	0	1138	244	247	61	129	0	0	0	1137
1374226031	424000	244	248	0	0	0	0	0	1139	244	247	60	130	0	0	0	1138
1374226031	917251	244	247	0	0	0	0	0	1140	244	247	59	130	0	0	0	1139
1374226032	409453	244	248	0	0	0	0	0	1141	244	247	59	131	0	0	0	1140
1374226032	901899	244	248	0	0	0	0	0	1142	244	247	58	130	0	0	0	1141
1374226033	395148	244	247	0	0	0	0	0	1143	244	247	60	130	0	0	0	1142
1374226033	888466	244	246	0	0	0	0	0	1144	244	247	60	130	0	0	0	1143
1374226034	381859	244	248	0	0	0	0	0	1145	244	247	60	130	0	0	0	1144
1374226034	875081	244	247	0	0	0	0	0	1146	244	247	60	130	0	0	0	1145
1374226035	368375	244	247	0	0	0	0	0	1147	244	247	60	130	0	0	0	1146
1374226035	861673	244	246	0	0	0	0	0	1148	244	247	60	130	0	0	0	1147
1374226036	355065	244	246	0	0	0	0	0	1149	244	247	60	131	0	0	0	1148
1374226036	848198	244	246	0	0	0	0	0	1150	244	247	61	130	0	0	0	1149
1374226037	341263	244	247	0	0	0	0	0	1151	244	247	62	130	0	0	0	1150
1374226037	833751	244	248	0	0	0	0	0	1152	244	247	62	130	0	0	0	1151
1374226038	326038	244	247	0	0	0	0	0	1153	244	247	62	130	0	0	0	1152
1374226038	818456	244	248	0	0	0	0	0	1154	244	247	60	130	0	0	0	1153
1374226039	311751	244	247	0	0	0	0	0	1155	244	247	60	130	0	0	0	1154
1374226039	804901	244	246	0	0	0	0	0	1156	244	247	60	0	0	0	0	1155
1374226040	298263	244	248	0	0	0	0	0	1157	244	247	62	131	0	0	0	1156
1374226040	791580	244	247	0	0	0	0	0	1158	244	247	61	131	0	0	0	1157
1374226041	284664	244	246	0	0	0	0	0	1159	244	247	62	131	0	0	0	1158
1374226041	776914	244	248	0	0	0	0	0	1160	244	247	62	0	0	0	0	1159
1374226042	270209	244	248	0	0	0	0	0	1161	244	247	62	0	0	0	0	1160
1374226042	762433	244	247	0	0	0	0	0	1162	244	247	62	0	0	0	0	1161
1374226043	255744	244	246	0	0	0	0	0	1163	244	247	61	0	0	0	0	1162
1374226043	749065	244	246	0	0	0	0	0	1164	244	247	61	0	0	0	0	1163
1374226044	242558	244	247	0	0	0	0	0	1165	244	247	61	0	0	0	0	1164
1374226044	735787	244	246	0	0	0	0	0	1166	244	247	61	0	0	0	0	1165
1374226045	228016	244	246	0	0	0	0	0	1167	244	247	61	0	0	0	0	1166
1374226045	719569	244	247	0	0	0	0	0	1168	244	247	62	0	0	0	0	1167
1374226046	212591	244	248	0	0	0	0	0	1169	244	247	60	133	0	0	0	1168
1374226046	704996	244	248	0	0	0	0	0	1170	244	247	60	0	0	0	0	1169
1374226047	197277	244	246	0	0	0	0	0	1171	244	247	60	198	0	0	0	1170
1374226047	689336	244	248	0	0	0	0	0	1172	244	247	60	0	0	0	0	1171
1374226048	182819	244	246	0	0	0	0	0	1173	244	247	60	0	0	0	0	1172
1374226048	676135	244	248	0	0	0	0	0	1174	244	247	60	0	0	0	0	1173
1374226049	169327	244	246	0	0	0	0	0	1175	244	247	60	0	0	0	0	1174
1374226049	663608	244	247	0	0	0	0	0	1176	244	247	60	0	0	0	0	1175
1374226050	156917	244	248	0	0	0	0	0	1177	244	247	60	0	0	0	0	1176
1374226050	649266	244	246	0	0	0	0	0	1178	244	247	59	0	0	0	0	1177
1374226051	143493	244	248	0	0	0	0	0	1179	244	247	60	0	0	0	0	1178
1374226051	635890	244	247	0	0	0	0	0	1180	244	247	0	0	0	0	0	1179
1374226052	128161	244	247	0	0	0	0	0	1181	244	247	71	0	0	0	0	1180
1374226052	620301	244	246	0	0	0	0	0	1182	244	247	70	0	0	0	0	1181
1374226053	113933	244	248	0	0	0	0	0	1183	244	247	59	0	0	0	0	1182
1374226053	606941	244	248	0	0	0	0	0	1184	244	247	59	0	0	0	0	1183
1374226054	099951	244	248	0	0	0	0	0	1185	244	247	59	0	0	0	0	1184
1374226054	593436	244	247	0	0	0	0	0	1186	244	247	58	0	0	0	0	1185
1374226055	086684	244	248	0	0	0	0	0	1187	244	247	60	0	0	0	0	1186
1374226055	580133	244	246	0	0	0	0	0	1188	244	247	59	0	0	0	0	1187
1374226056	073450	244	246	0	0	0	0	0	1189	244	247	59	0	0	0	0	1188
1374226056	566635	244	248	0	0	0	0	0	1190	244	247	70	0	0	0	0	1189
1374226057	058767	244	248	0	0	0	0	0	1191	244	247	70	0	0	0	0	1190
1374226057	549278	244	246	0	0	0	0	0	1192	244	247	71	0	0	0	0	1191
1374226058	042536	244	246	0	0	0	0	0	1193	244	247	70	0	0	0	0	1192
1374226058	535741	244	248	0	0	0	0	0	1194	244	247	70	0	0	0	0	1193
1374226059	028932	244	247	0	0	0	0	0	1195	244	247	71	0	0	0	0	1194
1374226059	522101	244	246	0	0	0	0	0	1196	244	247	71	0	0	0	0	1195
1374226060	015300	244	248	0	0	0	0	0	1197	244	247	60	0	0	0	0	1196
1374226060	508777	244	246	0	0	0	0	0	1198	244	247	58	0	0	0	0	1197
1374226061	002091	244	247	0	0	0	0	0	1199	244	247	58	0	0	0	0	1198
1374226061	496481	244	248	0	0	0	0	0	1200	244	247	58	0	0	0	0	1199
1374226061	988486	244	248	0	0	0	0	0	1201	244	247	58	0	0	0	0	1200
1374226062	480870	244	246	0	0	0	0	0	1202	244	247	58	0	0	0	0	1201
1374226062	974075	244	248	0	0	0	0	0	1203	244	247	58	0	0	0	0	1202
1374226063	466519	244	247	0	0	0	0	0	1204	244	247	58	0	0	0	0	1203
1374226063	959772	244	246	0	0	0	0	0	1205	244	247	58	0	0	0	0	1204
1374226064	453013	244	248	0	0	0	0	0	1206	244	247	58	0	0	0	0	1205
1374226064	945360	244	248	0	0	0	0	0	1207	244	247	57	0	0	0	0	1206
1374226065	436510	244	247	0	0	0	0	0	1208	244	247	57	0	0	0	0	1207
1374226065	930814	244	247	0	0	0	0	0	1209	244	247	60	0	0	0	0	1208
1374226066	424209	244	246	0	0	0	0	0	1210	244	247	70	0	0	0	0	1209
1374226066	917442	244	247	0	0	0	0	0	1211	244	247	60	0	0	0	0	1210
1374226067	410677	244	248	0	0	0	0	0	1212	244	247	70	0	0	0	0	1211
1374226067	903977	244	247	0	0	0	0	0	1213	244	247	70	0	0	0	0	1212
1374226068	397102	244	246	0	0	0	0	0	1214	244	247	70	0	0	0	0	1213
1374226068	888614	244	246	0	0	0	0	0	1215	244	247	71	0	0	0	0	1214
1374226069	381859	244	246	0	0	0	0	0	1216	244	247	72	0	0	0	0	1215
1374226069	875148	244	248	0	0	0	0	0	1217	244	247	70	0	0	0	0	1216
1374226070	368467	244	247	0	0	0	0	0	1218	244	247	71	0	0	0	0	1217
1374226070	861725	244	246	0	0	0	0	0	1219	244	247	70	0	0	0	0	1218
1374226071	353917	244	248	0	0	0	0	0	1220	244	247	70	0	0	0	0	1219
1374226071	847468	244	247	0	0	0	0	0	1221	244	247	71	0	0	0	0	1220
1374226072	340611	244	248	0	0	0	0	0	1222	244	247	0	0	0	0	0	1221
1374226072	833978	244	247	0	0	0	0	0	1223	244	247	73	0	0	0	0	1222
1374226073	327131	244	246	0	0	0	0	0	1224	244	247	72	0	0	0	0	1223
1374226073	820464	244	246	0	0	0	0	0	1225	244	247	59	0	0	0	0	1224
1374226074	313720	244	247	0	0	0	0	0	1226	244	247	59	0	0	0	0	1225
1374226074	805859	244	246	0	0	0	0	0	1227	244	247	61	0	0	0	0	1226
1374226075	298366	244	248	0	0	0	0	0	1228	244	247	73	0	0	0	0	1227
1374226075	791659	244	246	0	0	0	0	0	1229	244	247	59	0	0	0	0	1228
1374226076	284836	244	247	0	0	0	0	0	1230	244	247	59	0	0	0	0	1229
1374226076	778884	244	246	0	0	0	0	0	1231	244	247	70	0	0	0	0	1230
1374226077	271989	244	246	0	0	0	0	0	1232	244	247	70	0	0	0	0	1231
1374226077	764456	244	248	0	0	0	0	0	1233	244	247	70	0	0	0	0	1232
1374226078	256752	244	246	0	0	0	0	0	1234	244	247	63	0	0	0	0	1233
1374226078	749998	244	246	0	0	0	0	0	1235	244	247	57	0	0	0	0	1234
1374226079	242340	244	248	0	0	0	0	0	1236	244	247	69	0	0	0	0	1235
1374226079	735712	244	246	0	0	0	0	0	1237	244	247	67	0	0	0	0	1236
1374226080	228122	244	246	0	0	0	0	0	1238	244	247	66	0	0	0	0	1237
1374226080	721546	244	247	0	0	0	0	0	1239	244	246	59	123	0	0	0	1238
1374226081	214532	244	248	77	0	0	0	0	1240	244	246	66	0	0	0	0	1239
1374226081	707853	244	248	0	0	0	0	0	1241	244	246	73	0	0	0	0	1240
1374226082	202111	244	248	80	0	0	0	0	1242	244	246	80	0	0	0	0	1241
1374226082	695205	244	246	71	0	0	0	0	1243	244	245	0	0	0	0	0	1242
1374226083	187544	244	246	74	0	0	0	0	1244	244	246	0	0	0	0	0	1243
1374226083	680660	244	246	82	0	0	0	0	1245	244	247	0	0	0	0	0	1244
1374226084	173175	244	247	0	0	0	0	0	1246	244	247	180	0	0	0	0	1245
1374226084	666480	244	246	69	0	0	0	0	1247	244	247	0	0	0	0	0	1246
1374226085	159591	244	228	0	0	0	0	0	1248	244	247	0	0	0	0	0	1247
1374226085	652042	244	223	0	0	0	0	0	1249	244	248	0	0	0	0	0	1248
1374226086	145253	244	225	0	0	0	0	0	1250	244	247	0	0	0	0	0	1249
1374226086	638501	244	226	0	0	0	0	0	1251	244	247	0	0	0	0	0	1250
1374226087	131801	244	232	0	0	0	0	0	1252	244	247	0	0	0	0	0	1251
1374226087	623940	244	229	0	0	0	0	0	1253	244	247	0	0	0	0	0	1252
1374226088	117285	244	228	0	0	0	0	0	1254	244	247	0	0	0	0	0	1253
1374226088	610482	244	230	0	0	0	0	0	1255	244	247	0	0	0	0	0	1254
1374226089	102719	244	232	0	0	0	0	0	1256	244	247	0	0	0	0	0	1255
1374226089	596110	244	233	0	0	0	0	0	1257	244	248	0	0	0	0	0	1256
1374226090	088357	244	234	0	0	0	0	0	1258	244	247	0	0	0	0	0	1257
1374226090	581609	244	236	0	0	0	0	0	1259	244	248	0	0	0	0	0	1258
1374226091	075026	244	238	0	0	0	0	0	1260	244	247	0	0	0	0	0	1259
1374226091	568425	244	237	0	0	0	0	0	1261	244	248	0	0	0	0	0	1260
1374226092	061489	244	237	0	0	0	0	0	1262	244	247	0	0	0	0	0	1261
1374226092	553725	244	238	0	0	0	0	0	1263	244	247	0	0	0	0	0	1262
1374226093	046993	244	237	0	0	0	0	0	1264	244	247	0	0	0	0	0	1263
1374226093	540398	244	237	0	0	0	0	0	1265	244	247	0	0	0	0	0	1264
1374226094	033583	244	238	0	0	0	0	0	1266	244	247	0	0	0	0	0	1265
1374226094	526732	244	239	0	0	0	0	0	1267	244	247	0	0	0	0	0	1266
1374226095	019140	244	239	0	0	0	0	0	1268	244	247	0	0	0	0	0	1267
1374226095	512502	244	238	0	0	0	0	0	1269	244	248	0	0	0	0	0	1268
1374226096	004713	244	237	0	0	0	0	0	1270	244	247	0	0	0	0	0	1269
1374226096	497058	244	238	0	0	0	0	0	1271	244	248	153	0	0	0	0	1270
1374226096	989194	244	237	0	0	0	0	0	1272	244	247	0	0	0	0	0	1271
1374226097	482459	244	235	0	0	0	0	0	1273	244	248	0	0	0	0	0	1272
1374226097	974819	244	234	0	0	0	0	0	1274	244	247	0	0	0	0	0	1273
1374226098	468044	244	236	0	0	0	0	0	1275	244	247	0	0	0	0	0	1274
1374226098	961415	244	235	0	0	0	0	0	1276	244	248	0	0	0	0	0	1275
1374226099	454722	244	236	0	0	0	0	0	1277	244	248	0	0	0	0	0	1276
1374226099	946742	244	237	0	0	0	0	0	1278	244	247	0	0	0	0	0	1277
1374226100	437051	244	237	0	0	0	0	0	1279	244	247	0	0	0	0	0	1278
1374226100	930403	244	237	0	0	0	0	0	1280	244	247	0	0	0	0	0	1279
1374226101	423958	244	237	0	0	0	0	0	1281	244	247	0	0	0	0	0	1280
1374226101	917036	244	237	0	0	0	0	0	1282	244	247	0	0	0	0	0	1281
1374226102	408387	244	239	0	0	0	0	0	1283	244	247	0	0	0	0	0	1282
1374226102	901478	244	239	0	0	0	0	0	1284	244	247	0	0	0	0	0	1283
1374226103	394707	244	241	198	0	0	0	0	1285	244	248	0	0	0	0	0	1284
1374226103	888177	244	239	0	0	0	0	0	1286	244	247	0	0	0	0	0	1285
1374226104	381688	244	238	0	0	0	0	0	1287	244	247	0	0	0	0	0	1286
1374226104	874973	244	239	0	0	0	0	0	1288	244	248	0	0	0	0	0	1287
1374226105	367245	244	241	0	0	0	0	0	1289	244	247	0	0	0	0	0	1288
1374226105	860402	244	237	0	0	0	0	0	1290	244	247	0	0	0	0	0	1289
1374226106	353582	244	237	0	0	0	0	0	1291	244	247	0	0	0	0	0	1290
1374226106	846959	244	238	0	0	0	0	0	1292	244	247	0	0	0	0	0	1291
1374226107	339353	244	239	0	0	0	0	0	1293	244	247	0	0	0	0	0	1292
1374226107	833503	244	237	0	0	0	0	0	1294	244	247	0	0	0	0	0	1293
1374226108	326654	244	238	0	0	0	0	0	1295	244	248	0	0	0	0	0	1294
1374226108	819181	244	238	0	0	0	0	0	1296	244	247	0	0	0	0	0	1295
1374226109	312126	244	239	0	0	0	0	0	1297	244	248	0	0	0	0	0	1296
1374226109	805646	244	238	0	0	0	0	0	1298	244	248	0	0	0	0	0	1297
1374226110	298910	244	240	0	0	0	0	0	1299	244	248	0	0	0	0	0	1298
1374226110	793202	244	238	0	0	0	0	0	1300	244	247	0	0	0	0	0	1299
1374226111	286401	244	240	0	0	0	0	0	1301	244	247	0	0	0	0	0	1300
1374226111	778511	244	239	0	0	0	0	0	1302	244	247	0	0	0	0	0	1301
1374226112	269734	244	239	0	0	0	0	0	1303	244	247	0	0	0	0	0	1302
1374226112	762848	244	241	0	0	0	0	0	1304	244	247	0	0	0	0	0	1303
1374226113	253306	244	243	0	0	0	0	0	1305	244	247	0	0	0	0	0	1304
1374226113	744724	244	243	0	0	0	0	0	1306	244	247	0	0	0	0	0	1305
1374226114	237973	244	241	0	0	0	0	0	1307	244	248	0	0	0	0	0	1306
1374226114	731366	244	243	0	0	0	0	0	1308	244	247	0	0	0	0	0	1307
1374226115	224724	244	242	0	0	0	0	0	1309	244	247	0	0	0	0	0	1308
1374226115	717898	244	243	0	0	0	0	0	1310	244	247	0	0	0	0	0	1309
1374226116	211172	244	242	0	0	0	0	0	1311	244	247	0	0	0	0	0	1310
1374226116	703538	244	242	0	0	0	0	0	1312	244	247	0	0	0	0	0	1311
1374226117	194580	244	238	0	0	0	0	0	1313	244	247	0	0	0	0	0	1312
1374226117	686994	244	237	0	0	0	0	0	1314	244	247	0	0	0	0	0	1313
1374226118	180356	244	234	0	0	0	0	0	1315	244	247	0	0	0	0	0	1314
1374226118	673620	244	234	0	0	0	0	0	1316	244	247	0	0	0	0	0	1315
1374226119	166847	244	233	0	0	0	0	0	1317	244	247	0	0	0	0	0	1316
1374226119	661151	244	232	0	0	0	0	0	1318	244	247	0	0	0	0	0	1317
1374226120	153426	244	232	0	0	0	0	0	1319	244	247	0	0	0	0	0	1318
1374226120	646949	244	233	0	0	0	0	0	1320	244	247	0	0	0	0	0	1319
1374226121	140151	244	232	0	0	0	0	0	1321	244	247	134	0	0	0	0	1320
1374226121	632520	244	232	0	0	0	0	0	1322	244	248	0	0	0	0	0	1321
1374226122	126764	244	232	0	0	0	0	0	1323	244	247	0	0	0	0	0	1322
1374226122	619936	244	230	0	0	0	0	0	1324	244	247	0	0	0	0	0	1323
1374226123	114174	244	231	0	0	0	0	0	1325	244	247	0	0	0	0	0	1324
1374226123	607422	244	229	0	0	0	0	0	1326	244	247	0	0	0	0	0	1325
1374226124	099683	244	231	0	0	0	0	0	1327	244	247	0	0	0	0	0	1326
1374226124	590880	244	229	0	0	0	0	0	1328	244	247	0	0	0	0	0	1327
1374226125	084197	244	229	0	0	0	0	0	1329	244	247	0	0	0	0	0	1328
1374226125	578478	244	229	0	0	0	0	0	1330	244	247	0	0	0	0	0	1329
1374226126	071635	244	230	0	0	0	0	0	1331	244	247	0	0	0	0	0	1330
1374226126	564899	244	232	0	0	0	0	0	1332	244	247	0	0	0	0	0	1331
1374226127	057189	244	229	0	0	0	0	0	1333	244	247	0	0	0	0	0	1332
1374226127	550326	244	230	0	0	0	0	0	1334	244	247	0	0	0	0	0	1333
1374226128	042850	244	229	0	0	0	0	0	1335	244	248	0	0	0	0	0	1334
1374226128	536129	244	232	0	0	0	0	0	1336	244	247	0	0	0	0	0	1335
1374226129	029166	244	232	0	0	0	0	0	1337	244	247	0	0	0	0	0	1336
1374226129	522477	244	230	0	0	0	0	0	1338	244	247	0	0	0	0	0	1337
1374226130	014862	244	230	0	0	0	0	0	1339	244	247	0	0	0	0	0	1338
1374226130	508091	244	231	0	0	0	0	0	1340	244	248	0	0	0	0	0	1339
1374226131	002531	244	232	0	0	0	0	0	1341	244	247	0	0	0	0	0	1340
1374226131	494706	244	232	0	0	0	0	0	1342	244	247	0	0	0	0	0	1341
1374226131	986894	244	231	0	0	0	0	0	1343	244	247	0	0	0	0	0	1342
1374226132	478259	244	232	0	0	0	0	0	1344	244	247	0	0	0	0	0	1343
1374226132	971445	244	231	0	0	0	0	0	1345	244	248	0	0	0	0	0	1344
1374226133	464753	244	231	0	0	0	0	0	1346	244	247	0	0	0	0	0	1345
1374226133	958045	244	232	0	0	0	0	0	1347	244	247	0	0	0	0	0	1346
1374226134	451310	244	232	0	0	0	0	0	1348	244	247	0	0	0	0	0	1347
1374226134	943465	244	232	0	0	0	0	0	1349	244	247	0	0	0	0	0	1348
1374226135	435895	244	232	0	0	0	0	0	1350	244	247	0	0	0	0	0	1349
1374226135	928119	244	232	0	0	0	0	0	1351	244	247	0	0	0	0	0	1350
1374226136	422534	244	232	0	0	0	0	0	1352	244	247	0	0	0	0	0	1351
1374226136	914745	244	233	0	0	0	0	0	1353	244	247	0	0	0	0	0	1352
1374226137	408204	244	232	0	0	0	0	0	1354	244	247	0	0	0	0	0	1353
1374226137	901308	244	234	0	0	0	0	0	1355	244	247	0	0	0	0	0	1354
1374226138	393597	244	239	0	0	0	0	0	1356	244	247	0	0	0	0	0	1355
1374226138	886828	244	239	0	0	0	0	0	1357	244	247	0	0	0	0	0	1356
1374226139	381170	244	237	0	0	0	0	0	1358	244	248	0	0	0	0	0	1357
1374226139	874592	244	239	0	0	0	0	0	1359	244	248	0	0	0	0	0	1358
1374226140	366616	244	237	0	0	0	0	0	1360	244	247	0	0	0	0	0	1359
1374226140	859663	244	233	0	0	0	0	0	1361	244	247	0	0	0	0	0	1360
1374226141	352037	244	234	0	0	0	0	0	1362	244	247	0	0	0	0	0	1361
1374226141	845480	244	233	0	0	0	0	0	1363	244	247	0	0	0	0	0	1362
1374226142	336677	244	233	0	0	0	0	0	1364	244	248	0	0	0	0	0	1363
1374226142	829908	244	234	0	0	0	0	0	1365	244	247	0	0	0	0	0	1364
1374226143	323121	244	233	0	0	0	0	0	1366	244	247	0	0	0	0	0	1365
1374226143	814498	244	232	0	0	0	0	0	1367	244	247	0	0	0	0	0	1366
1374226144	306820	244	231	0	0	0	0	0	1368	244	247	0	0	0	0	0	1367
1374226144	800119	244	234	0	0	0	0	0	1369	244	247	0	0	0	0	0	1368
1374226145	293378	244	231	0	0	0	0	0	1370	244	247	0	0	0	0	0	1369
1374226145	784800	244	230	0	0	0	0	0	1371	244	248	160	0	0	0	0	1370
1374226146	277008	244	230	0	0	0	0	0	1372	244	247	0	0	0	0	0	1371
1374226146	770963	244	229	0	0	0	0	0	1373	244	247	0	0	0	0	0	1372
1374226147	263174	244	229	0	0	0	0	0	1374	244	247	0	0	0	0	0	1373
1374226147	755647	244	232	0	0	0	0	0	1375	244	247	0	0	0	0	0	1374
1374226148	248672	244	230	0	0	0	0	0	1376	244	247	0	0	0	0	0	1375
1374226148	741949	244	231	0	0	0	0	0	1377	244	247	0	0	0	0	0	1376
1374226149	234362	244	232	0	0	0	0	0	1378	244	247	0	0	0	0	0	1377
1374226149	727621	244	232	0	0	0	0	0	1379	244	248	0	0	0	0	0	1378
1374226150	219948	244	232	0	0	0	0	0	1380	244	247	0	0	0	0	0	1379
1374226150	713387	244	232	0	0	0	0	0	1381	244	247	0	0	0	0	0	1380
1374226151	206480	244	232	0	0	0	0	0	1382	244	248	0	0	0	0	0	1381
1374226151	699725	244	232	0	0	0	0	0	1383	244	247	0	0	0	0	0	1382
1374226152	193028	244	232	0	0	0	0	0	1384	244	247	0	0	0	0	0	1383
1374226152	685167	244	232	0	0	0	0	0	1385	244	247	0	0	0	0	0	1384
1374226153	177410	244	232	0	0	0	0	0	1386	244	247	0	0	0	0	0	1385
1374226153	671762	244	233	0	0	0	0	0	1387	244	247	0	0	0	0	0	1386
1374226154	166023	244	231	0	0	0	0	0	1388	244	247	0	0	0	0	0	1387
1374226154	657524	244	232	0	0	0	0	0	1389	244	247	0	0	0	0	0	1388
1374226155	151017	244	232	0	0	0	0	0	1390	244	247	0	0	0	0	0	1389
1374226155	644320	244	232	0	0	0	0	0	1391	244	248	0	0	0	0	0	1390
1374226156	137638	244	233	0	0	0	0	0	1392	244	247	0	0	0	0	0	1391
1374226156	630847	244	233	0	0	0	0	0	1393	244	247	0	0	0	0	0	1392
1374226157	124145	244	233	0	0	0	0	0	1394	244	247	0	0	0	0	0	1393
1374226157	617444	244	233	0	0	0	0	0	1395	244	247	0	0	0	0	0	1394
1374226158	111396	244	232	0	0	0	0	0	1396	244	247	172	0	0	0	0	1395
1374226158	603620	244	234	0	0	0	0	0	1397	244	247	0	0	0	0	0	1396
1374226159	095903	244	238	0	0	0	0	0	1398	244	247	0	0	0	0	0	1397
1374226159	589190	244	237	0	0	0	0	0	1399	244	247	0	0	0	0	0	1398
1374226160	082568	244	239	0	0	0	0	0	1400	244	247	0	0	0	0	0	1399
1374226160	576032	244	238	0	0	0	0	0	1401	244	247	0	0	0	0	0	1400
1374226161	069182	244	238	0	0	0	0	0	1402	244	247	0	0	0	0	0	1401
1374226161	561554	244	235	0	0	0	0	0	1403	244	247	0	0	0	0	0	1402
1374226162	053525	244	235	0	0	0	0	0	1404	244	246	0	0	0	0	0	1403
1374226162	545913	244	237	0	0	0	0	0	1405	244	247	0	0	0	0	0	1404
1374226163	038433	244	235	0	0	0	0	0	1406	244	247	0	0	0	0	0	1405
1374226163	532560	244	236	0	0	0	0	0	1407	244	247	0	0	0	0	0	1406
1374226164	025661	244	237	0	0	0	0	0	1408	244	247	0	0	0	0	0	1407
1374226164	518095	244	235	0	0	0	0	0	1409	244	247	0	0	0	0	0	1408
1374226165	011480	244	235	0	0	0	0	0	1410	244	247	0	0	0	0	0	1409
1374226165	504575	244	236	0	0	0	0	0	1411	244	248	0	0	0	0	0	1410
1374226165	997935	244	234	0	0	0	0	0	1412	244	247	0	0	0	0	0	1411
1374226166	491333	244	236	0	0	0	0	0	1413	244	247	0	0	0	0	0	1412
1374226166	985322	244	235	0	0	0	0	0	1414	244	247	0	0	0	0	0	1413
1374226167	477740	244	232	0	0	0	0	0	1415	244	247	0	0	0	0	0	1414
1374226167	971058	244	232	0	0	0	0	0	1416	244	247	0	0	0	0	0	1415
1374226168	464475	244	233	0	0	0	0	0	1417	244	247	0	0	0	0	0	1416
1374226168	956728	244	232	0	0	0	0	0	1418	244	247	0	0	0	0	0	1417
1374226169	449978	244	232	0	0	0	0	0	1419	244	247	0	0	0	0	0	1418
1374226169	942295	244	233	0	0	0	0	0	1420	244	247	0	0	0	0	0	1419
1374226170	434530	244	232	0	0	0	0	0	1421	244	247	169	0	0	0	0	1420
1374226170	927762	244	233	0	0	0	0	0	1422	244	247	0	0	0	0	0	1421
1374226171	420129	244	232	0	0	0	0	0	1423	244	247	0	0	0	0	0	1422
1374226171	914347	244	233	0	0	0	0	0	1424	244	247	0	0	0	0	0	1423
1374226172	406703	244	234	0	0	0	0	0	1425	244	247	0	0	0	0	0	1424
1374226172	899886	244	234	0	0	0	0	0	1426	244	247	0	0	0	0	0	1425
1374226173	393256	244	234	0	0	0	0	0	1427	244	247	0	0	0	0	0	1426
1374226173	885567	244	233	0	0	0	0	0	1428	244	247	0	0	0	0	0	1427
1374226174	378796	244	236	0	0	0	0	0	1429	244	247	0	0	0	0	0	1428
1374226174	872196	244	238	0	0	0	0	0	1430	244	248	0	0	0	0	0	1429
1374226175	364124	244	237	0	0	0	0	0	1431	244	247	0	0	0	0	0	1430
1374226175	856366	244	237	0	0	0	0	0	1432	244	247	0	0	0	0	0	1431
1374226176	349785	244	236	0	0	0	0	0	1433	244	247	0	0	0	0	0	1432
1374226176	841985	244	237	0	0	0	0	0	1434	244	247	0	0	0	0	0	1433
1374226177	336383	244	235	0	0	0	0	0	1435	244	247	0	0	0	0	0	1434
1374226177	829569	244	235	0	0	0	0	0	1436	244	247	0	0	0	0	0	1435
1374226178	323029	244	234	0	0	0	0	0	1437	244	248	0	0	0	0	0	1436
1374226178	815365	244	236	0	0	0	0	0	1438	244	247	0	0	0	0	0	1437
1374226179	308642	244	237	0	0	0	0	0	1439	244	248	0	0	0	0	0	1438
1374226179	801972	244	241	0	0	0	0	0	1440	244	247	0	0	0	0	0	1439
1374226180	294291	244	241	0	0	0	0	0	1441	244	248	0	0	0	0	0	1440
1374226180	786456	244	239	0	0	0	0	0	1442	244	247	0	0	0	0	0	1441
1374226181	278741	244	239	0	0	0	0	0	1443	244	247	0	0	0	0	0	1442
1374226181	771959	244	240	0	0	0	0	0	1444	244	247	0	0	0	0	0	1443
1374226182	265245	244	240	0	0	0	0	0	1445	244	248	0	0	0	0	0	1444
1374226182	758639	244	241	0	0	0	0	0	1446	244	247	0	0	0	0	0	1445
1374226183	250860	244	243	0	0	0	0	0	1447	244	247	0	0	0	0	0	1446
1374226183	744145	244	242	0	0	0	0	0	1448	244	247	0	0	0	0	0	1447
1374226184	237293	244	243	0	0	0	0	0	1449	244	247	0	0	0	0	0	1448
1374226184	729743	244	243	0	0	0	0	0	1450	244	247	0	0	0	0	0	1449
1374226185	221100	244	244	0	0	0	0	0	1451	244	247	0	0	0	0	0	1450
1374226185	714420	244	244	0	0	0	0	0	1452	244	247	0	0	0	0	0	1451
1374226186	207801	244	244	0	0	0	0	0	1453	244	248	0	0	0	0	0	1452
1374226186	698958	244	244	0	0	0	0	0	1454	244	247	0	0	0	0	0	1453
1374226187	192167	244	244	0	0	0	0	0	1455	244	247	0	0	0	0	0	1454
1374226187	685524	244	244	0	0	0	0	0	1456	244	248	0	0	0	0	0	1455
1374226188	178864	244	244	0	0	0	0	0	1457	244	247	0	0	0	0	0	1456
1374226188	672090	244	245	0	0	0	0	0	1458	244	248	0	0	0	0	0	1457
1374226189	165357	244	244	0	0	0	0	0	1459	244	247	0	0	0	0	0	1458
1374226189	658858	244	244	0	0	0	0	0	1460	244	247	0	0	0	0	0	1459
1374226190	152975	244	240	0	0	0	0	0	1461	244	247	0	0	0	0	0	1460
1374226190	646270	244	239	0	0	0	0	0	1462	244	247	0	0	0	0	0	1461
1374226191	138697	244	237	0	0	0	0	0	1463	244	248	0	0	0	0	0	1462
1374226191	631850	244	237	0	0	0	0	0	1464	244	247	0	0	0	0	0	1463
1374226192	124253	244	238	0	0	0	0	0	1465	244	247	0	0	0	0	0	1464
1374226192	618434	244	236	0	0	0	0	0	1466	244	247	0	0	0	0	0	1465
1374226193	111374	244	236	0	0	0	0	0	1467	244	247	0	0	0	0	0	1466
1374226193	602870	244	236	0	0	0	0	0	1468	244	248	0	0	0	0	0	1467
1374226194	095016	244	236	0	0	0	0	0	1469	244	247	0	0	0	0	0	1468
1374226194	588311	244	237	0	0	0	0	0	1470	244	247	0	0	0	0	0	1469
1374226195	081720	244	237	0	0	0	0	0	1471	244	247	154	0	0	0	0	1470
1374226195	575156	244	236	0	0	0	0	0	1472	244	247	0	0	0	0	0	1471
1374226196	067460	244	237	0	0	0	0	0	1473	244	247	0	0	0	0	0	1472
1374226196	559651	244	236	0	0	0	0	0	1474	244	247	0	0	0	0	0	1473
1374226197	053720	244	236	0	0	0	0	0	1475	244	247	0	0	0	0	0	1474
1374226197	544985	244	236	0	0	0	0	0	1476	244	247	0	0	0	0	0	1475
1374226198	038385	244	236	0	0	0	0	0	1477	244	248	0	0	0	0	0	1476
1374226198	529558	244	236	0	0	0	0	0	1478	244	247	0	0	0	0	0	1477
1374226199	021846	244	237	0	0	0	0	0	1479	244	247	0	0	0	0	0	1478
1374226199	515010	244	237	0	0	0	0	0	1480	244	247	0	0	0	0	0	1479
1374226200	008335	244	236	0	0	0	0	0	1481	244	247	0	0	0	0	0	1480
1374226200	501860	244	237	0	0	0	0	0	1482	244	247	0	0	0	0	0	1481
1374226200	995079	244	237	0	0	0	0	0	1483	244	248	0	0	0	0	0	1482
1374226201	487370	244	236	0	0	0	0	0	1484	244	247	0	0	0	0	0	1483
1374226201	979379	244	237	0	0	0	0	0	1485	244	247	0	0	0	0	0	1484
1374226202	471837	244	237	0	0	0	0	0	1486	244	247	0	0	0	0	0	1485
