1374236980	096660	244	247	118	0	0	0	0	1	244	249	0	0	0	0	0	0
1374236980	589876	244	248	119	0	0	0	0	2	244	248	0	0	0	0	0	1
1374236981	084292	244	247	119	0	0	0	0	3	244	249	0	0	0	0	0	2
1374236981	577434	244	247	119	0	0	0	0	4	244	248	0	0	0	0	0	3
1374236982	070848	244	249	119	0	0	0	0	5	244	248	0	0	0	0	0	4
1374236982	564184	244	247	119	0	0	0	0	6	244	248	0	0	0	0	0	5
1374236983	056284	244	249	118	0	0	0	0	7	244	248	0	0	0	0	0	6
1374236983	547731	244	247	118	0	0	0	0	8	244	248	0	0	0	0	0	7
1374236984	039042	244	246	64	0	0	0	0	9	244	248	0	0	0	0	0	8
1374236984	532152	244	247	58	0	0	0	0	10	244	248	0	0	0	0	0	9
1374236985	024692	244	248	48	0	0	0	0	11	244	247	67	166	0	0	0	10
1374236985	517858	244	247	73	0	0	0	0	12	244	246	51	0	0	0	0	11
1374236986	011091	244	247	0	0	0	0	0	13	244	248	59	0	0	0	0	12
1374236986	504584	244	248	78	0	0	0	0	14	244	248	78	0	0	0	0	13
1374236986	997754	244	249	0	0	0	0	0	15	244	248	74	0	0	0	0	14
1374236987	489993	244	248	0	0	0	0	0	16	244	248	73	0	0	0	0	15
1374236987	981345	244	249	76	0	0	0	0	17	244	248	64	0	0	0	0	16
1374236988	473623	244	249	0	0	0	0	0	18	244	247	70	0	0	0	0	17
1374236988	967078	244	247	82	0	0	0	0	19	244	248	73	0	0	0	0	18
1374236989	461126	244	247	0	0	0	0	0	20	244	248	68	0	0	0	0	19
1374236989	952703	244	247	0	0	0	0	0	21	244	248	0	0	0	0	0	20
1374236990	445011	244	249	0	0	0	0	0	22	244	247	69	0	0	0	0	21
1374236990	937186	244	249	0	0	0	0	0	23	244	247	71	0	0	0	0	22
1374236991	430457	244	249	0	0	0	0	0	24	244	248	79	0	0	0	0	23
1374236991	922973	244	249	72	0	0	0	0	25	244	247	0	0	0	0	0	24
1374236992	415140	244	247	0	0	0	0	0	26	244	247	0	0	0	0	0	25
1374236992	908484	244	247	71	0	0	0	0	27	244	248	78	0	0	0	0	26
1374236993	401711	244	249	69	0	0	0	0	28	244	248	66	0	0	0	0	27
1374236993	893987	244	248	69	0	0	0	0	29	244	248	65	0	0	0	0	28
1374236994	387379	244	249	68	0	0	0	0	30	244	248	0	0	0	0	0	29
1374236994	879890	244	248	69	0	0	0	0	31	244	248	66	0	0	0	0	30
1374236995	372159	244	247	0	0	0	0	0	32	244	248	67	0	0	0	0	31
1374236995	865232	244	249	68	0	0	0	0	33	244	248	0	0	0	0	0	32
1374236996	357797	244	248	69	0	0	0	0	34	244	248	66	0	0	0	0	33
1374236996	850962	244	248	72	0	0	0	0	35	244	248	66	0	0	0	0	34
1374236997	344444	244	248	69	0	0	0	0	36	244	247	67	0	0	0	0	35
1374236997	837752	244	249	69	0	0	0	0	37	244	248	0	0	0	0	0	36
1374236998	329924	244	248	71	0	0	0	0	38	244	247	66	0	0	0	0	37
1374236998	823208	244	248	0	0	0	0	0	39	244	248	65	0	0	0	0	38
1374236999	316376	244	249	69	0	0	0	0	40	244	248	77	0	0	0	0	39
1374236999	809853	244	247	69	0	0	0	0	41	244	248	0	0	0	0	0	40
1374237000	302030	244	249	0	0	0	0	0	42	244	248	66	0	0	0	0	41
1374237000	795561	244	249	0	0	0	0	0	43	244	248	65	0	0	0	0	42
1374237001	288943	244	249	72	0	0	0	0	44	244	248	65	0	0	0	0	43
1374237001	782955	244	248	0	0	0	0	0	45	244	248	65	0	0	0	0	44
1374237002	276226	244	249	78	0	0	0	0	46	244	248	65	0	0	0	0	45
1374237002	769500	244	249	68	0	0	0	0	47	244	247	66	0	0	0	0	46
1374237003	262648	244	247	0	0	0	0	0	48	244	248	66	0	0	0	0	47
1374237003	756187	244	247	0	0	0	0	0	49	244	248	68	0	0	0	0	48
1374237004	250369	244	248	0	0	0	0	0	50	244	248	66	0	0	0	0	49
1374237004	743839	244	249	0	0	0	0	0	51	244	248	65	0	0	0	0	50
1374237005	237070	244	248	0	0	0	0	0	52	244	248	64	0	0	0	0	51
1374237005	730441	244	248	0	0	0	0	0	53	244	248	64	0	0	0	0	52
1374237006	223797	244	247	0	0	0	0	0	54	244	247	68	0	0	0	0	53
1374237006	716160	244	247	0	0	0	0	0	55	244	247	78	0	0	0	0	54
1374237007	209538	244	248	70	0	0	0	0	56	244	247	66	0	0	0	0	55
1374237007	702666	244	247	0	0	0	0	0	57	244	247	65	0	0	0	0	56
1374237008	195869	244	249	136	0	0	0	0	58	244	247	65	0	0	0	0	57
1374237008	689103	244	247	0	0	0	0	0	59	244	247	66	0	0	0	0	58
1374237009	182480	244	248	0	0	0	0	0	60	244	248	66	0	0	0	0	59
1374237009	675837	244	249	0	0	0	0	0	61	244	247	66	0	0	0	0	60
1374237010	168073	244	247	0	0	0	0	0	62	244	247	66	0	0	0	0	61
1374237010	661361	244	249	0	0	0	0	0	63	244	247	0	0	0	0	0	62
1374237011	154627	244	247	0	0	0	0	0	64	244	247	67	0	0	0	0	63
1374237011	647025	244	249	0	0	0	0	0	65	244	247	66	0	0	0	0	64
1374237012	140432	244	248	0	0	0	0	0	66	244	247	81	0	0	0	0	65
1374237012	632733	244	247	0	0	0	0	0	67	244	247	68	0	0	0	0	66
1374237013	124905	244	247	0	0	0	0	0	68	244	247	65	0	0	0	0	67
1374237013	618279	244	248	0	0	0	0	0	69	244	248	67	0	0	0	0	68
1374237014	111433	244	247	0	0	0	0	0	70	244	248	68	0	0	0	0	69
1374237014	605827	244	247	0	0	0	0	0	71	244	247	68	0	0	0	0	70
1374237015	098045	244	248	0	0	0	0	0	72	244	247	69	0	0	0	0	71
1374237015	590308	244	247	0	0	0	0	0	73	244	247	78	0	0	0	0	72
1374237016	083842	244	247	0	0	0	0	0	74	244	247	77	0	0	0	0	73
1374237016	578050	244	247	0	0	0	0	0	75	244	247	66	0	0	0	0	74
1374237017	071217	244	249	0	0	0	0	0	76	244	247	66	0	0	0	0	75
1374237017	563515	244	249	0	0	0	0	0	77	244	247	67	0	0	0	0	76
1374237018	054731	244	247	0	0	0	0	0	78	244	247	69	0	0	0	0	77
1374237018	546132	244	249	0	0	0	0	0	79	244	247	66	0	0	0	0	78
1374237019	039211	244	249	0	0	0	0	0	80	244	247	66	0	0	0	0	79
1374237019	531636	244	247	0	0	0	0	0	81	244	247	67	0	0	0	0	80
1374237020	023852	244	247	0	0	0	0	0	82	244	247	66	0	0	0	0	81
1374237020	516280	244	249	0	0	0	0	0	83	244	248	69	0	0	0	0	82
1374237021	009623	244	247	0	0	0	0	0	84	244	247	67	0	0	0	0	83
1374237021	502866	244	247	0	0	0	0	0	85	244	248	65	0	0	0	0	84
1374237021	996053	244	248	0	0	0	0	0	86	244	247	66	0	0	0	0	85
1374237022	489635	244	249	0	0	0	0	0	87	244	248	67	0	0	0	0	86
1374237022	981722	244	249	0	0	0	0	0	88	244	247	66	0	0	0	0	87
1374237023	473060	244	248	0	0	0	0	0	89	244	247	68	0	0	0	0	88
1374237023	967637	244	247	0	0	0	0	0	90	244	248	68	0	0	0	0	89
1374237024	460785	244	249	0	0	0	0	0	91	244	248	67	0	0	0	0	90
1374237024	954007	244	247	0	0	0	0	0	92	244	247	67	0	0	0	0	91
1374237025	446284	244	248	0	0	0	0	0	93	244	247	65	0	0	0	0	92
1374237025	938606	244	247	0	0	0	0	0	94	244	248	65	0	0	0	0	93
1374237026	432077	244	249	0	0	0	0	0	95	244	247	0	0	0	0	0	94
1374237026	925322	244	249	0	0	0	0	0	96	244	247	0	0	0	0	0	95
1374237027	418722	244	249	0	0	0	0	0	97	244	247	0	0	0	0	0	96
1374237027	911861	244	247	0	0	0	0	0	98	244	247	68	0	0	0	0	97
1374237028	405203	244	248	69	0	0	0	0	99	244	247	64	0	0	0	0	98
1374237028	898660	244	248	0	0	0	0	0	100	244	247	65	0	0	0	0	99
1374237029	389923	244	248	0	0	0	0	0	101	244	247	65	0	0	0	0	100
1374237029	883149	244	248	0	0	0	0	0	102	244	247	65	0	0	0	0	101
1374237030	376702	244	248	0	0	0	0	0	103	244	247	65	0	0	0	0	102
1374237030	869910	244	247	0	0	0	0	0	104	244	248	64	0	0	0	0	103
1374237031	362335	244	248	0	0	0	0	0	105	244	247	65	0	0	0	0	104
1374237031	855438	244	248	0	0	0	0	0	106	244	247	69	0	0	0	0	105
1374237032	347925	244	247	0	0	0	0	0	107	244	247	65	0	0	0	0	106
1374237032	842247	244	248	0	0	0	0	0	108	244	248	65	0	0	0	0	107
1374237033	335546	244	249	0	0	0	0	0	109	244	247	65	0	0	0	0	108
1374237033	827813	244	248	0	0	0	0	0	110	244	247	0	0	0	0	0	109
1374237034	319976	244	247	0	0	0	0	0	111	244	247	66	0	0	0	0	110
1374237034	811542	244	248	0	0	0	0	0	112	244	247	65	0	0	0	0	111
1374237035	304817	244	249	0	0	0	0	0	113	244	247	65	0	0	0	0	112
1374237035	797990	244	247	69	0	0	0	0	114	244	247	64	0	0	0	0	113
1374237036	290577	244	247	0	0	0	0	0	115	244	247	64	0	0	0	0	114
1374237036	783599	244	249	0	0	0	0	0	116	244	247	65	0	0	0	0	115
1374237037	277015	244	247	0	0	0	0	0	117	244	247	65	0	0	0	0	116
1374237037	769241	244	249	0	0	0	0	0	118	244	247	66	0	0	0	0	117
1374237038	263360	244	247	68	0	0	0	0	119	244	247	65	0	0	0	0	118
1374237038	755812	244	248	0	0	0	0	0	120	244	247	67	0	0	0	0	119
1374237039	250023	244	247	0	0	0	0	0	121	244	247	65	0	0	0	0	120
1374237039	743140	244	247	0	0	0	0	0	122	244	247	69	0	0	0	0	121
1374237040	235695	244	247	0	0	0	0	0	123	244	247	67	0	0	0	0	122
1374237040	728834	244	249	0	0	0	0	0	124	244	247	65	0	0	0	0	123
1374237041	222130	244	247	0	0	0	0	0	125	244	247	66	0	0	0	0	124
1374237041	714555	244	247	0	0	0	0	0	126	244	247	66	0	0	0	0	125
1374237042	206910	244	248	0	0	0	0	0	127	244	247	65	0	0	0	0	126
1374237042	699192	244	247	0	0	0	0	0	128	244	247	65	0	0	0	0	127
1374237043	192515	244	247	68	0	0	0	0	129	244	247	66	0	0	0	0	128
1374237043	684768	244	247	71	0	0	0	0	130	244	247	64	0	0	0	0	129
1374237044	176964	244	247	0	0	0	0	0	131	244	247	66	0	0	0	0	130
1374237044	669306	244	247	0	0	0	0	0	132	244	248	67	0	0	0	0	131
1374237045	161636	244	248	0	0	0	0	0	133	244	247	65	0	0	0	0	132
1374237045	653867	244	249	0	0	0	0	0	134	244	248	65	0	0	0	0	133
1374237046	147362	244	248	69	0	0	0	0	135	244	248	65	0	0	0	0	134
1374237046	640784	244	249	0	0	0	0	0	136	244	247	64	0	0	0	0	135
1374237047	133765	244	249	0	0	0	0	0	137	244	248	0	0	0	0	0	136
1374237047	626991	244	247	0	0	0	0	0	138	244	248	66	0	0	0	0	137
1374237048	119260	244	248	0	0	0	0	0	139	244	247	65	0	0	0	0	138
1374237048	612493	244	248	0	0	0	0	0	140	244	247	67	0	0	0	0	139
1374237049	105961	244	248	0	0	0	0	0	141	244	247	69	0	0	0	0	140
1374237049	598246	244	249	0	0	0	0	0	142	244	247	65	0	0	0	0	141
1374237050	091550	244	248	0	0	0	0	0	143	244	247	64	0	0	0	0	142
1374237050	584774	244	247	69	0	0	0	0	144	244	248	64	0	0	0	0	143
1374237051	077163	244	247	0	0	0	0	0	145	244	247	65	0	0	0	0	144
1374237051	570527	244	247	68	0	0	0	0	146	244	248	66	0	0	0	0	145
1374237052	063753	244	249	0	0	0	0	0	147	244	248	64	0	0	0	0	146
1374237052	556094	244	247	69	0	0	0	0	148	244	247	75	0	0	0	0	147
1374237053	048556	244	249	81	0	0	0	0	149	244	247	66	0	0	0	0	148
1374237053	540869	244	248	0	0	0	0	0	150	244	247	66	0	0	0	0	149
1374237054	034329	244	248	0	0	0	0	0	151	244	248	65	0	0	0	0	150
1374237054	527529	244	248	0	0	0	0	0	152	244	247	66	0	0	0	0	151
1374237055	021821	244	249	0	0	0	0	0	153	244	247	66	0	0	0	0	152
1374237055	516209	244	247	0	0	0	0	0	154	244	247	66	0	0	0	0	153
1374237056	008517	244	249	0	0	0	0	0	155	244	248	74	0	0	0	0	154
1374237056	501777	244	249	0	0	0	0	0	156	244	248	68	0	0	0	0	155
1374237056	994984	244	247	0	0	0	0	0	157	244	247	65	0	0	0	0	156
1374237057	487552	244	249	0	0	0	0	0	158	244	247	65	0	0	0	0	157
1374237057	980546	244	247	0	0	0	0	0	159	244	248	65	0	0	0	0	158
1374237058	471799	244	247	0	0	0	0	0	160	244	247	65	0	0	0	0	159
1374237058	964199	244	247	0	0	0	0	0	161	244	247	65	0	0	0	0	160
1374237059	456550	244	248	0	0	0	0	0	162	244	247	66	0	0	0	0	161
1374237059	948710	244	247	130	0	0	0	0	163	244	248	66	0	0	0	0	162
1374237060	440955	244	247	0	0	0	0	0	164	244	247	67	0	0	0	0	163
1374237060	934139	244	248	0	0	0	0	0	165	244	248	67	0	0	0	0	164
1374237061	427472	244	249	0	0	0	0	0	166	244	247	0	0	0	0	0	165
1374237061	921725	244	249	0	0	0	0	0	167	244	247	65	0	0	0	0	166
1374237062	415138	244	247	0	0	0	0	0	168	244	247	65	0	0	0	0	167
1374237062	908362	244	249	0	0	0	0	0	169	244	248	64	0	0	0	0	168
1374237063	401670	244	247	0	0	0	0	0	170	244	247	65	0	0	0	0	169
1374237063	894894	244	249	0	0	0	0	0	171	244	248	64	0	0	0	0	170
1374237064	387145	244	249	0	0	0	0	0	172	244	247	76	0	0	0	0	171
1374237064	880630	244	247	0	0	0	0	0	173	244	247	65	0	0	0	0	172
1374237065	373101	244	247	0	0	0	0	0	174	244	247	64	0	0	0	0	173
1374237065	866266	244	249	0	0	0	0	0	175	244	248	78	0	0	0	0	174
1374237066	359697	244	248	0	0	0	0	0	176	244	247	78	0	0	0	0	175
1374237066	853097	244	248	0	0	0	0	0	177	244	247	76	0	0	0	0	176
1374237067	346331	244	247	0	0	0	0	0	178	244	247	65	0	0	0	0	177
1374237067	838735	244	249	0	0	0	0	0	179	244	248	68	0	0	0	0	178
1374237068	332818	244	247	0	0	0	0	0	180	244	247	66	0	0	0	0	179
1374237068	826295	244	247	0	0	0	0	0	181	244	247	65	0	0	0	0	180
1374237069	319455	244	249	0	0	0	0	0	182	244	248	65	0	0	0	0	181
1374237069	811935	244	249	0	0	0	0	0	183	244	248	66	0	0	0	0	182
1374237070	304432	244	249	0	0	0	0	0	184	244	247	66	0	0	0	0	183
1374237070	797434	244	248	0	0	0	0	0	185	244	247	67	0	0	0	0	184
1374237071	290595	244	247	0	0	0	0	0	186	244	247	65	0	0	0	0	185
1374237071	783022	244	247	81	0	0	0	0	187	244	247	0	0	0	0	0	186
1374237072	275455	244	249	0	0	0	0	0	188	244	247	65	0	0	0	0	187
1374237072	768678	244	249	0	0	0	0	0	189	244	247	0	0	0	0	0	188
1374237073	262011	244	247	0	0	0	0	0	190	244	247	67	0	0	0	0	189
1374237073	755382	244	248	0	0	0	0	0	191	244	248	0	0	0	0	0	190
1374237074	248504	244	247	0	0	0	0	0	192	244	248	69	0	0	0	0	191
1374237074	739983	244	248	69	0	0	0	0	193	244	248	65	0	0	0	0	192
1374237075	233299	244	247	0	0	0	0	0	194	244	247	65	0	0	0	0	193
1374237075	726647	244	247	0	0	0	0	0	195	244	247	69	0	0	0	0	194
1374237076	219887	244	248	0	0	0	0	0	196	244	247	0	0	0	0	0	195
1374237076	712197	244	249	70	0	0	0	0	197	244	247	0	0	0	0	0	196
1374237077	205715	244	248	0	0	0	0	0	198	244	247	65	0	0	0	0	197
1374237077	698854	244	248	0	0	0	0	0	199	244	247	67	0	0	0	0	198
1374237078	192072	244	249	0	0	0	0	0	200	244	248	65	0	0	0	0	199
1374237078	685487	244	247	0	0	0	0	0	201	244	247	65	0	0	0	0	200
1374237079	178713	244	247	0	0	0	0	0	202	244	247	0	0	0	0	0	201
1374237079	669974	244	247	0	0	0	0	0	203	244	247	65	0	0	0	0	202
1374237080	163384	244	248	0	0	0	0	0	204	244	248	65	0	0	0	0	203
1374237080	656715	244	248	69	0	0	0	0	205	244	247	65	0	0	0	0	204
1374237081	148952	244	248	0	0	0	0	0	206	244	248	65	0	0	0	0	205
1374237081	641524	244	247	0	0	0	0	0	207	244	247	65	0	0	0	0	206
1374237082	134570	244	249	0	0	0	0	0	208	244	247	66	0	0	0	0	207
1374237082	627959	244	247	0	0	0	0	0	209	244	247	66	0	0	0	0	208
1374237083	120122	244	247	0	0	0	0	0	210	244	248	65	0	0	0	0	209
1374237083	613474	244	247	80	0	0	0	0	211	244	247	64	0	0	0	0	210
1374237084	106809	244	249	81	0	0	0	0	212	244	247	78	0	0	0	0	211
1374237084	598090	244	247	79	0	0	0	0	213	244	247	81	0	0	0	0	212
1374237085	091309	244	247	0	0	0	0	0	214	244	247	65	0	0	0	0	213
1374237085	582760	244	249	0	0	0	0	0	215	244	247	66	0	0	0	0	214
1374237086	074031	244	249	79	0	0	0	0	216	244	247	66	0	0	0	0	215
1374237086	567273	244	249	79	0	0	0	0	217	244	248	0	0	0	0	0	216
1374237087	060500	244	248	0	0	0	0	0	218	244	247	65	0	0	0	0	217
1374237087	553793	244	247	0	0	0	0	0	219	244	247	67	0	0	0	0	218
1374237088	045855	244	248	0	0	0	0	0	220	244	247	69	0	0	0	0	219
1374237088	537274	244	247	79	0	0	0	0	221	244	247	67	0	0	0	0	220
1374237089	030595	244	247	80	0	0	0	0	222	244	247	70	0	0	0	0	221
1374237089	523778	244	248	0	0	0	0	0	223	244	247	76	0	0	0	0	222
1374237090	017972	244	247	0	0	0	0	0	224	244	247	65	0	0	0	0	223
1374237090	510567	244	247	0	0	0	0	0	225	244	247	66	0	0	0	0	224
1374237091	003737	244	249	0	0	0	0	0	226	244	248	65	0	0	0	0	225
1374237091	496976	244	249	0	0	0	0	0	227	244	247	65	0	0	0	0	226
1374237091	990425	244	248	0	0	0	0	0	228	244	247	0	0	0	0	0	227
1374237092	483713	244	249	0	0	0	0	0	229	244	247	0	0	0	0	0	228
1374237092	975918	244	247	76	0	0	0	0	230	244	247	0	0	0	0	0	229
1374237093	467326	244	249	69	0	0	0	0	231	244	247	65	0	0	0	0	230
1374237093	960639	244	249	68	0	0	0	0	232	244	247	64	0	0	0	0	231
1374237094	453945	244	247	0	0	0	0	0	233	244	248	0	0	0	0	0	232
1374237094	947352	244	247	0	0	0	0	0	234	244	247	68	0	0	0	0	233
1374237095	440599	244	249	0	0	0	0	0	235	244	247	0	0	0	0	0	234
1374237095	933928	244	247	0	0	0	0	0	236	244	247	64	0	0	0	0	235
1374237096	427279	244	249	0	0	0	0	0	237	244	247	65	0	0	0	0	236
1374237096	920645	244	248	0	0	0	0	0	238	244	247	68	0	0	0	0	237
1374237097	413985	244	248	0	0	0	0	0	239	244	247	0	0	0	0	0	238
1374237097	906128	244	248	0	0	0	0	0	240	244	247	66	0	0	0	0	239
1374237098	397485	244	249	0	0	0	0	0	241	244	247	0	0	0	0	0	240
1374237098	889891	244	249	67	0	0	0	0	242	244	247	67	0	0	0	0	241
1374237099	383159	244	249	69	0	0	0	0	243	244	247	65	0	0	0	0	242
1374237099	876427	244	247	69	0	0	0	0	244	244	247	0	0	0	0	0	243
1374237100	369700	244	247	68	0	0	0	0	245	244	247	0	0	0	0	0	244
1374237100	862928	244	249	0	0	0	0	0	246	244	247	67	0	0	0	0	245
1374237101	356489	244	248	68	0	0	0	0	247	244	247	65	0	0	0	0	246
1374237101	849836	244	247	69	0	0	0	0	248	244	247	67	0	0	0	0	247
1374237102	342244	244	247	0	0	0	0	0	249	244	247	65	0	0	0	0	248
1374237102	834416	244	248	69	0	0	0	0	250	244	247	0	0	0	0	0	249
1374237103	327591	244	247	0	0	0	0	0	251	244	247	0	0	0	0	0	250
1374237103	820937	244	247	67	0	0	0	0	252	244	247	0	0	0	0	0	251
1374237104	314279	244	247	0	0	0	0	0	253	244	247	67	0	0	0	0	252
1374237104	807591	244	247	69	0	0	0	0	254	244	247	69	0	0	0	0	253
1374237105	300008	244	249	0	0	0	0	0	255	244	247	64	0	0	0	0	254
1374237105	793466	244	248	67	0	0	0	0	256	244	247	67	0	0	0	0	255
1374237106	286707	244	248	0	0	0	0	0	257	244	247	0	0	0	0	0	256
1374237106	778890	244	247	68	0	0	0	0	258	244	247	66	0	0	0	0	257
1374237107	272429	244	249	68	0	0	0	0	259	244	247	64	0	0	0	0	258
1374237107	765601	244	248	68	0	0	0	0	260	244	247	64	0	0	0	0	259
1374237108	258945	244	249	0	0	0	0	0	261	244	247	64	0	0	0	0	260
1374237108	752228	244	248	0	0	0	0	0	262	244	247	64	0	0	0	0	261
1374237109	245520	244	247	70	0	0	0	0	263	244	247	69	0	0	0	0	262
1374237109	738682	244	249	68	0	0	0	0	264	244	247	65	0	0	0	0	263
1374237110	232211	244	247	68	0	0	0	0	265	244	247	65	0	0	0	0	264
1374237110	725279	244	249	69	0	0	0	0	266	244	247	76	0	0	0	0	265
1374237111	217611	244	248	0	0	0	0	0	267	244	247	64	0	0	0	0	266
1374237111	711017	244	247	0	0	0	0	0	268	244	247	65	0	0	0	0	267
1374237112	204349	244	247	0	0	0	0	0	269	244	247	66	0	0	0	0	268
1374237112	697480	244	249	0	0	0	0	0	270	244	247	65	0	0	0	0	269
1374237113	188829	244	249	0	0	0	0	0	271	244	247	60	0	0	0	0	270
1374237113	681254	244	249	63	0	0	0	0	272	244	247	59	0	0	0	0	271
1374237114	174383	244	249	0	0	0	0	0	273	244	247	58	0	0	0	0	272
1374237114	667649	244	248	0	0	0	0	0	274	244	247	63	0	0	0	0	273
1374237115	160961	244	248	0	0	0	0	0	275	244	247	59	0	0	0	0	274
1374237115	653332	244	248	69	0	0	0	0	276	244	247	60	141	0	0	0	275
1374237116	145752	244	249	71	0	0	0	0	277	244	247	70	0	0	0	0	276
1374237116	638908	244	248	70	0	0	0	0	278	244	248	64	0	0	0	0	277
1374237117	132201	244	249	0	0	0	0	0	279	244	247	60	0	0	0	0	278
1374237117	624525	244	249	69	0	0	0	0	280	244	247	0	0	0	0	0	279
1374237118	116742	244	249	69	0	0	0	0	281	244	247	61	0	0	0	0	280
1374237118	610098	244	249	71	0	0	0	0	282	244	247	58	0	0	0	0	281
1374237119	103461	244	249	0	0	0	0	0	283	244	247	58	0	0	0	0	282
1374237119	596758	244	249	0	0	0	0	0	284	244	247	62	0	0	0	0	283
1374237120	090139	244	247	71	0	0	0	0	285	244	247	62	0	0	0	0	284
1374237120	583428	244	248	70	0	0	0	0	286	244	247	63	0	0	0	0	285
1374237121	076684	244	247	70	0	0	0	0	287	244	247	58	0	0	0	0	286
1374237121	569786	244	247	0	0	0	0	0	288	244	247	58	0	0	0	0	287
1374237122	062058	244	247	69	0	0	0	0	289	244	247	59	0	0	0	0	288
1374237122	554512	244	247	70	0	0	0	0	290	244	247	58	0	0	0	0	289
1374237123	047706	244	247	68	0	0	0	0	291	244	247	58	0	0	0	0	290
1374237123	539095	244	248	67	0	0	0	0	292	244	247	58	0	0	0	0	291
1374237124	031432	244	247	65	0	0	0	0	293	244	247	61	0	0	0	0	292
1374237124	524858	244	249	0	0	0	0	0	294	244	247	60	0	0	0	0	293
1374237125	017113	244	249	69	0	0	0	0	295	244	247	57	0	0	0	0	294
1374237125	511529	244	248	65	0	0	0	0	296	244	247	64	0	0	0	0	295
1374237126	004698	244	247	0	0	0	0	0	297	244	247	58	0	0	0	0	296
1374237126	498080	244	249	69	0	0	0	0	298	244	247	0	0	0	0	0	297
1374237126	991281	244	247	65	0	0	0	0	299	244	247	65	0	0	0	0	298
1374237127	484902	244	249	0	0	0	0	0	300	244	247	60	0	0	0	0	299
1374237127	977817	244	247	68	0	0	0	0	301	244	247	65	0	0	0	0	300
1374237128	470290	244	249	69	0	0	0	0	302	244	247	58	0	0	0	0	301
1374237128	963567	244	248	68	0	0	0	0	303	244	247	58	0	0	0	0	302
1374237129	456864	244	247	0	0	0	0	0	304	244	247	68	0	0	0	0	303
1374237129	951064	244	247	0	0	0	0	0	305	244	247	0	0	0	0	0	304
1374237130	443367	244	248	0	0	0	0	0	306	244	247	60	0	0	0	0	305
1374237130	936825	244	247	65	0	0	0	0	307	244	247	0	0	0	0	0	306
1374237131	430297	244	247	0	0	0	0	0	308	244	247	0	0	0	0	0	307
1374237131	923435	244	247	0	0	0	0	0	309	244	247	58	0	0	0	0	308
1374237132	416666	244	248	0	0	0	0	0	310	244	247	0	0	0	0	0	309
1374237132	908950	244	247	0	0	0	0	0	311	244	247	0	0	0	0	0	310
1374237133	402331	244	247	0	0	0	0	0	312	244	247	60	0	0	0	0	311
1374237133	895706	244	249	0	0	0	0	0	313	244	247	68	0	0	0	0	312
1374237134	388854	244	247	0	0	0	0	0	314	244	247	0	0	0	0	0	313
1374237134	881219	244	248	0	0	0	0	0	315	244	247	61	0	0	0	0	314
1374237135	373484	244	249	0	0	0	0	0	316	244	247	67	0	0	0	0	315
1374237135	866710	244	249	0	0	0	0	0	317	244	247	58	0	0	0	0	316
1374237136	358261	244	249	0	0	0	0	0	318	244	247	58	0	0	0	0	317
1374237136	851356	244	247	0	0	0	0	0	319	244	247	65	0	0	0	0	318
1374237137	344693	244	248	0	0	0	0	0	320	244	248	62	0	0	0	0	319
1374237137	838053	244	249	0	0	0	0	0	321	244	247	0	0	0	0	0	320
1374237138	330329	244	248	0	0	0	0	0	322	244	247	60	0	0	0	0	321
1374237138	822596	244	248	0	0	0	0	0	323	244	247	60	0	0	0	0	322
1374237139	316127	244	249	0	0	0	0	0	324	244	248	60	0	0	0	0	323
1374237139	809261	244	249	0	0	0	0	0	325	244	247	61	0	0	0	0	324
1374237140	302603	244	249	0	0	0	0	0	326	244	247	60	0	0	0	0	325
1374237140	795899	244	248	0	0	0	0	0	327	244	247	60	0	0	0	0	326
1374237141	289123	244	248	0	0	0	0	0	328	244	247	60	0	0	0	0	327
1374237141	781581	244	247	66	0	0	0	0	329	244	247	59	0	0	0	0	328
1374237142	274978	244	249	0	0	0	0	0	330	244	247	58	0	0	0	0	329
1374237142	768039	244	248	0	0	0	0	0	331	244	247	59	0	0	0	0	330
1374237143	261230	244	249	0	0	0	0	0	332	244	247	59	0	0	0	0	331
1374237143	752646	244	249	0	0	0	0	0	333	244	247	59	0	0	0	0	332
1374237144	245985	244	247	66	0	0	0	0	334	244	247	59	0	0	0	0	333
1374237144	738370	244	249	68	0	0	0	0	335	244	247	0	0	0	0	0	334
1374237145	231656	244	247	65	0	0	0	0	336	244	247	0	0	0	0	0	335
1374237145	724935	244	247	65	0	0	0	0	337	244	247	67	0	0	0	0	336
1374237146	217343	244	247	65	0	0	0	0	338	244	247	58	0	0	0	0	337
1374237146	710515	244	249	65	0	0	0	0	339	244	247	65	0	0	0	0	338
1374237147	203938	244	249	66	0	0	0	0	340	244	247	67	0	0	0	0	339
1374237147	696189	244	247	65	0	0	0	0	341	244	247	0	0	0	0	0	340
1374237148	189321	244	249	64	0	0	0	0	342	244	247	69	0	0	0	0	341
1374237148	681532	244	249	65	0	0	0	0	343	244	247	62	0	0	0	0	342
1374237149	174942	244	247	0	0	0	0	0	344	244	247	60	0	0	0	0	343
1374237149	668226	244	247	0	0	0	0	0	345	244	247	0	0	0	0	0	344
1374237150	161535	244	248	0	0	0	0	0	346	244	247	0	0	0	0	0	345
1374237150	654705	244	249	0	0	0	0	0	347	244	247	63	0	0	0	0	346
1374237151	148183	244	248	0	0	0	0	0	348	244	247	0	0	0	0	0	347
1374237151	640419	244	249	0	0	0	0	0	349	244	247	62	0	0	0	0	348
1374237152	134935	244	248	0	0	0	0	0	350	244	247	0	0	0	0	0	349
1374237152	628238	244	248	65	0	0	0	0	351	244	247	62	0	0	0	0	350
1374237153	121316	244	247	67	0	0	0	0	352	244	247	63	0	0	0	0	351
1374237153	614571	244	248	0	0	0	0	0	353	244	247	57	0	0	0	0	352
1374237154	108031	244	248	0	0	0	0	0	354	244	247	57	0	0	0	0	353
1374237154	600248	244	249	66	0	0	0	0	355	244	247	58	0	0	0	0	354
1374237155	092187	244	249	65	0	0	0	0	356	244	247	56	0	0	0	0	355
1374237155	585454	244	247	0	0	0	0	0	357	244	247	0	0	0	0	0	356
1374237156	078812	244	247	65	0	0	0	0	358	244	247	0	0	0	0	0	357
1374237156	571094	244	247	65	0	0	0	0	359	244	247	0	0	0	0	0	358
1374237157	064311	244	247	66	0	0	0	0	360	244	247	0	0	0	0	0	359
1374237157	556765	244	249	0	0	0	0	0	361	244	247	0	0	0	0	0	360
1374237158	049730	244	248	0	0	0	0	0	362	244	248	0	0	0	0	0	361
1374237158	542222	244	249	70	0	0	0	0	363	244	247	63	0	0	0	0	362
1374237159	035450	244	247	69	0	0	0	0	364	244	248	63	0	0	0	0	363
1374237159	527720	244	248	66	0	0	0	0	365	244	247	0	0	0	0	0	364
1374237160	021137	244	249	65	0	0	0	0	366	244	247	0	0	0	0	0	365
1374237160	514520	244	247	66	0	0	0	0	367	244	248	67	0	0	0	0	366
1374237161	007825	244	247	65	0	0	0	0	368	244	248	0	0	0	0	0	367
1374237161	501128	244	248	65	0	0	0	0	369	244	247	67	0	0	0	0	368
1374237161	995449	244	249	65	0	0	0	0	370	244	248	60	0	0	0	0	369
1374237162	488790	244	247	65	0	0	0	0	371	244	247	0	0	0	0	0	370
1374237162	981844	244	249	66	0	0	0	0	372	244	247	0	0	0	0	0	371
1374237163	473442	244	247	67	0	0	0	0	373	244	247	64	0	0	0	0	372
1374237163	966594	244	248	67	0	0	0	0	374	244	247	0	0	0	0	0	373
1374237164	459800	244	249	0	0	0	0	0	375	244	248	69	0	0	0	0	374
1374237164	953134	244	247	65	0	0	0	0	376	244	248	68	0	0	0	0	375
1374237165	445521	244	249	65	0	0	0	0	377	244	247	0	0	0	0	0	376
1374237165	939003	244	248	67	0	0	0	0	378	244	247	67	0	0	0	0	377
1374237166	433241	244	247	0	0	0	0	0	379	244	247	62	0	0	0	0	378
1374237166	924607	244	249	66	0	0	0	0	380	244	248	64	0	0	0	0	379
1374237167	417852	244	248	67	0	0	0	0	381	244	247	63	0	0	0	0	380
1374237167	911073	244	249	67	0	0	0	0	382	244	247	63	0	0	0	0	381
1374237168	403413	244	249	66	0	0	0	0	383	244	247	0	0	0	0	0	382
1374237168	896750	244	249	65	0	0	0	0	384	244	247	67	0	0	0	0	383
1374237169	389984	244	247	69	0	0	0	0	385	244	248	68	0	0	0	0	384
1374237169	881377	244	249	0	0	0	0	0	386	244	247	62	0	0	0	0	385
1374237170	373819	244	249	0	0	0	0	0	387	244	247	69	0	0	0	0	386
1374237170	867043	244	247	0	0	0	0	0	388	244	247	62	0	0	0	0	387
1374237171	360548	244	248	0	0	0	0	0	389	244	247	62	0	0	0	0	388
1374237171	853728	244	249	0	0	0	0	0	390	244	247	68	0	0	0	0	389
1374237172	347960	244	247	0	0	0	0	0	391	244	247	0	0	0	0	0	390
1374237172	841316	244	247	66	0	0	0	0	392	244	247	60	0	0	0	0	391
1374237173	333631	244	247	66	0	0	0	0	393	244	247	0	0	0	0	0	392
1374237173	827085	244	247	67	0	0	0	0	394	244	247	72	0	0	0	0	393
1374237174	319170	244	247	67	0	0	0	0	395	244	247	61	0	0	0	0	394
1374237174	812622	244	248	0	0	0	0	0	396	244	247	0	0	0	0	0	395
1374237175	305892	244	247	66	0	0	0	0	397	244	247	0	0	0	0	0	396
1374237175	799019	244	248	67	137	0	0	0	398	244	247	0	0	0	0	0	397
1374237176	292458	244	248	0	0	0	0	0	399	244	247	63	0	0	0	0	398
1374237176	785720	244	249	0	0	0	0	0	400	244	247	64	0	0	0	0	399
1374237177	278226	244	249	0	0	0	0	0	401	244	247	61	145	0	0	0	400
1374237177	771315	244	247	66	0	0	0	0	402	244	248	65	0	0	0	0	401
1374237178	264734	244	247	66	0	0	0	0	403	244	247	63	0	0	0	0	402
1374237178	757766	244	249	67	0	0	0	0	404	244	247	0	0	0	0	0	403
1374237179	250268	244	248	71	0	0	0	0	405	244	247	61	0	0	0	0	404
1374237179	743546	244	249	67	0	0	0	0	406	244	247	0	0	0	0	0	405
1374237180	236847	244	249	67	0	0	0	0	407	244	247	0	0	0	0	0	406
1374237180	729061	244	247	67	0	0	0	0	408	244	247	0	0	0	0	0	407
1374237181	222459	244	248	68	0	0	0	0	409	244	247	62	0	0	0	0	408
1374237181	714776	244	249	0	0	0	0	0	410	244	247	62	0	0	0	0	409
1374237182	207970	244	247	67	0	0	0	0	411	244	248	0	0	0	0	0	410
1374237182	700234	244	247	0	0	0	0	0	412	244	247	59	0	0	0	0	411
1374237183	192483	244	249	70	0	0	0	0	413	244	247	0	0	0	0	0	412
1374237183	685815	244	247	68	0	0	0	0	414	244	247	67	0	0	0	0	413
1374237184	179096	244	247	0	0	0	0	0	415	244	247	0	0	0	0	0	414
1374237184	672511	244	247	65	0	0	0	0	416	244	247	64	0	0	0	0	415
1374237185	165812	244	248	66	0	0	0	0	417	244	247	63	0	0	0	0	416
1374237185	659258	244	247	65	0	0	0	0	418	244	247	0	0	0	0	0	417
1374237186	152521	244	249	66	0	0	0	0	419	244	247	64	0	0	0	0	418
1374237186	645716	244	249	65	0	0	0	0	420	244	247	0	0	0	0	0	419
1374237187	139126	244	248	66	0	0	0	0	421	244	247	63	0	0	0	0	420
1374237187	630507	244	247	67	0	0	0	0	422	244	247	64	0	0	0	0	421
1374237188	123782	244	249	67	0	0	0	0	423	244	247	0	0	0	0	0	422
1374237188	617024	244	249	66	0	0	0	0	424	244	247	65	0	0	0	0	423
1374237189	109315	244	248	0	0	0	0	0	425	244	247	0	0	0	0	0	424
1374237189	602760	244	248	66	0	0	0	0	426	244	248	0	0	0	0	0	425
1374237190	096022	244	249	66	0	0	0	0	427	244	247	62	0	0	0	0	426
1374237190	589312	244	249	67	0	0	0	0	428	244	247	64	0	0	0	0	427
1374237191	082633	244	248	0	0	0	0	0	429	244	248	64	0	0	0	0	428
1374237191	576102	244	248	66	0	0	0	0	430	244	248	62	0	0	0	0	429
1374237192	068539	244	249	66	0	0	0	0	431	244	247	0	0	0	0	0	430
1374237192	561763	244	247	67	0	0	0	0	432	244	247	0	0	0	0	0	431
1374237193	053848	244	249	66	0	0	0	0	433	244	247	63	0	0	0	0	432
1374237193	545322	244	247	65	0	0	0	0	434	244	247	63	0	0	0	0	433
1374237194	038797	244	249	65	0	0	0	0	435	244	247	0	0	0	0	0	434
1374237194	532194	244	249	66	0	0	0	0	436	244	247	63	0	0	0	0	435
1374237195	025388	244	249	67	0	0	0	0	437	244	247	60	0	0	0	0	436
1374237195	518785	244	248	66	0	0	0	0	438	244	247	61	0	0	0	0	437
1374237196	011986	244	249	65	0	0	0	0	439	244	248	0	0	0	0	0	438
1374237196	504409	244	247	65	0	0	0	0	440	244	248	0	0	0	0	0	439
1374237196	997563	244	247	66	0	0	0	0	441	244	247	0	0	0	0	0	440
1374237197	490920	244	247	66	0	0	0	0	442	244	247	0	0	0	0	0	441
1374237197	982936	244	249	65	0	0	0	0	443	244	247	0	0	0	0	0	442
1374237198	475286	244	247	66	0	0	0	0	444	244	247	0	0	0	0	0	443
1374237198	968370	244	247	68	0	0	0	0	445	244	247	62	0	0	0	0	444
1374237199	460823	244	249	65	0	0	0	0	446	244	247	0	0	0	0	0	445
1374237199	953016	244	249	67	0	0	0	0	447	244	247	0	0	0	0	0	446
1374237200	445459	244	247	66	0	0	0	0	448	244	248	62	0	0	0	0	447
1374237200	937623	244	249	65	0	0	0	0	449	244	248	63	0	0	0	0	448
1374237201	430978	244	247	65	0	0	0	0	450	244	248	0	0	0	0	0	449
1374237201	924396	244	247	66	0	0	0	0	451	244	247	69	0	0	0	0	450
1374237202	417657	244	248	66	0	0	0	0	452	244	247	0	0	0	0	0	451
1374237202	909817	244	248	0	0	0	0	0	453	244	248	69	0	0	0	0	452
1374237203	400118	244	249	67	0	0	0	0	454	244	247	0	0	0	0	0	453
1374237203	893630	244	248	0	0	0	0	0	455	244	247	63	0	0	0	0	454
1374237204	385715	244	249	65	0	0	0	0	456	244	247	0	0	0	0	0	455
1374237204	877802	244	247	0	0	0	0	0	457	244	247	0	0	0	0	0	456
1374237205	368294	244	247	67	0	0	0	0	458	244	247	63	0	0	0	0	457
1374237205	860501	244	249	67	0	0	0	0	459	244	247	71	0	0	0	0	458
1374237206	353581	244	248	67	0	0	0	0	460	244	247	74	139	0	0	0	459
1374237206	844910	244	248	67	0	0	0	0	461	244	247	0	0	0	0	0	460
1374237207	337210	244	249	68	0	0	0	0	462	244	248	0	0	0	0	0	461
1374237207	829675	244	249	0	0	0	0	0	463	244	247	62	0	0	0	0	462
1374237208	321875	244	249	0	0	0	0	0	464	244	247	60	0	0	0	0	463
1374237208	815075	244	249	0	0	0	0	0	465	244	247	58	0	0	0	0	464
1374237209	307331	244	247	65	0	0	0	0	466	244	248	63	0	0	0	0	465
1374237209	800701	244	247	72	0	0	0	0	467	244	247	0	0	0	0	0	466
1374237210	293736	244	248	0	0	0	0	0	468	244	247	58	0	0	0	0	467
1374237210	786190	244	248	0	0	0	0	0	469	244	247	58	0	0	0	0	468
1374237211	278590	244	249	0	0	0	0	0	470	244	247	59	0	0	0	0	469
1374237211	770719	244	249	66	0	0	0	0	471	244	247	66	0	0	0	0	470
1374237212	264050	244	247	0	0	0	0	0	472	244	247	65	0	0	0	0	471
1374237212	758490	244	249	0	0	0	0	0	473	244	247	0	0	0	0	0	472
1374237213	251383	244	249	67	0	0	0	0	474	244	247	64	0	0	0	0	473
1374237213	742779	244	247	66	0	0	0	0	475	244	247	62	0	0	0	0	474
1374237214	236115	244	249	66	0	0	0	0	476	244	247	60	0	0	0	0	475
1374237214	727578	244	249	67	0	0	0	0	477	244	247	0	0	0	0	0	476
1374237215	220915	244	248	0	0	0	0	0	478	244	247	63	0	0	0	0	477
1374237215	714125	244	247	0	0	0	0	0	479	244	247	62	0	0	0	0	478
1374237216	207652	244	249	70	0	0	0	0	480	244	247	62	0	0	0	0	479
1374237216	701656	244	249	69	0	0	0	0	481	244	248	61	0	0	0	0	480
1374237217	194124	244	247	0	0	0	0	0	482	244	247	60	0	0	0	0	481
1374237217	686483	244	249	0	0	0	0	0	483	244	247	0	0	0	0	0	482
1374237218	180520	244	248	67	0	0	0	0	484	244	247	60	0	0	0	0	483
1374237218	674056	244	249	0	0	0	0	0	485	244	247	62	0	0	0	0	484
1374237219	167341	244	247	0	0	0	0	0	486	244	247	0	0	0	0	0	485
1374237219	660545	244	248	0	0	0	0	0	487	244	247	66	0	0	0	0	486
1374237220	153814	244	249	0	0	0	0	0	488	244	247	0	0	0	0	0	487
1374237220	647179	244	247	0	0	0	0	0	489	244	247	0	0	0	0	0	488
1374237221	140406	244	249	0	0	0	0	0	490	244	248	0	0	0	0	0	489
1374237221	632834	244	248	0	0	0	0	0	491	244	247	0	0	0	0	0	490
1374237222	126103	244	249	0	0	0	0	0	492	244	248	0	0	0	0	0	491
1374237222	619463	244	248	0	0	0	0	0	493	244	248	0	0	0	0	0	492
1374237223	113628	244	247	66	0	0	0	0	494	244	248	0	0	0	0	0	493
1374237223	607031	244	249	0	0	0	0	0	495	244	247	0	0	0	0	0	494
1374237224	100261	244	247	0	0	0	0	0	496	244	247	0	0	0	0	0	495
1374237224	593494	244	247	68	0	0	0	0	497	244	247	0	0	0	0	0	496
1374237225	086721	244	249	0	0	0	0	0	498	244	247	58	0	0	0	0	497
1374237225	580120	244	247	0	0	0	0	0	499	244	247	0	0	0	0	0	498
1374237226	073581	244	247	66	0	0	0	0	500	244	247	0	0	0	0	0	499
1374237226	566762	244	249	70	0	0	0	0	501	244	247	0	0	0	0	0	500
1374237227	059244	244	248	0	0	0	0	0	502	244	247	0	0	0	0	0	501
1374237227	552330	244	247	67	0	0	0	0	503	244	247	0	0	0	0	0	502
1374237228	046594	244	248	0	0	0	0	0	504	244	247	60	0	0	0	0	503
1374237228	538860	244	248	66	0	0	0	0	505	244	247	0	0	0	0	0	504
1374237229	032249	244	248	0	0	0	0	0	506	244	248	59	0	0	0	0	505
1374237229	525542	244	248	0	0	0	0	0	507	244	247	61	0	0	0	0	506
1374237230	019069	244	249	0	0	0	0	0	508	244	248	0	0	0	0	0	507
1374237230	511316	244	249	0	0	0	0	0	509	244	247	0	0	0	0	0	508
1374237231	004687	244	247	72	0	0	0	0	510	244	247	61	0	0	0	0	509
1374237231	497999	244	248	69	0	0	0	0	511	244	247	60	0	0	0	0	510
1374237231	990258	244	247	67	0	0	0	0	512	244	247	66	0	0	0	0	511
1374237232	482587	244	247	0	0	0	0	0	513	244	248	70	0	0	0	0	512
1374237232	974711	244	249	0	0	0	0	0	514	244	248	64	0	0	0	0	513
1374237233	467087	244	248	0	0	0	0	0	515	244	247	58	0	0	0	0	514
1374237233	960464	244	247	63	0	0	0	0	516	244	247	62	0	0	0	0	515
1374237234	453500	244	249	67	0	0	0	0	517	244	247	63	0	0	0	0	516
1374237234	946793	244	247	0	0	0	0	0	518	244	247	64	0	0	0	0	517
1374237235	439930	244	248	0	0	0	0	0	519	244	247	65	0	0	0	0	518
1374237235	933253	244	247	68	0	0	0	0	520	244	248	77	0	0	0	0	519
1374237236	424587	244	248	0	0	0	0	0	521	244	247	67	0	0	0	0	520
1374237236	917873	244	248	0	0	0	0	0	522	244	248	67	144	0	0	0	521
1374237237	412021	244	248	0	0	0	0	0	523	244	248	65	0	0	0	0	522
1374237237	903253	244	249	0	0	0	0	0	524	244	248	67	143	0	0	0	523
1374237238	393401	244	249	56	0	0	0	0	525	244	247	73	142	0	0	0	524
1374237238	884793	244	249	0	0	0	0	0	526	244	247	66	0	0	0	0	525
1374237239	378178	244	247	0	0	0	0	0	527	244	247	0	0	0	0	0	526
1374237239	872475	244	247	0	0	0	0	0	528	244	247	67	0	0	0	0	527
1374237240	365784	244	249	65	0	0	0	0	529	244	247	68	0	0	0	0	528
1374237240	857981	244	247	65	0	0	0	0	530	244	247	66	0	0	0	0	529
1374237241	351246	244	249	66	0	0	0	0	531	244	247	65	146	0	0	0	530
1374237241	842467	244	247	65	0	0	0	0	532	244	247	66	0	0	0	0	531
1374237242	334755	244	247	65	0	0	0	0	533	244	248	67	0	0	0	0	532
1374237242	828297	244	247	66	0	0	0	0	534	244	247	65	0	0	0	0	533
1374237243	322264	244	249	66	0	0	0	0	535	244	247	67	0	0	0	0	534
1374237243	814577	244	249	66	0	0	0	0	536	244	247	65	0	0	0	0	535
1374237244	307003	244	249	66	0	0	0	0	537	244	248	65	0	0	0	0	536
1374237244	800412	244	247	66	0	0	0	0	538	244	247	65	0	0	0	0	537
1374237245	293721	244	247	67	0	0	0	0	539	244	248	66	0	0	0	0	538
1374237245	787049	244	249	68	0	0	0	0	540	244	248	67	0	0	0	0	539
1374237246	279403	244	248	67	0	0	0	0	541	244	247	67	0	0	0	0	540
1374237246	772344	244	248	67	0	0	0	0	542	244	248	67	0	0	0	0	541
1374237247	264742	244	249	66	0	0	0	0	543	244	248	71	0	0	0	0	542
1374237247	758043	244	247	66	0	0	0	0	544	244	247	68	0	0	0	0	543
1374237248	257033	244	249	67	0	0	0	0	545	244	247	0	0	0	0	0	544
1374237248	748422	244	249	67	0	0	0	0	546	244	248	0	0	0	0	0	545
1374237249	241002	244	248	67	0	0	0	0	547	244	248	67	0	0	0	0	546
1374237249	734272	244	247	67	0	0	0	0	548	244	247	68	0	0	0	0	547
1374237250	227456	244	248	67	0	0	0	0	549	244	247	67	0	0	0	0	548
1374237250	721764	244	247	67	0	0	0	0	550	244	248	66	0	0	0	0	549
1374237251	214976	244	247	68	0	0	0	0	551	244	248	65	0	0	0	0	550
1374237251	708428	244	248	67	0	0	0	0	552	244	247	65	0	0	0	0	551
1374237252	201779	244	247	67	0	0	0	0	553	244	247	65	0	0	0	0	552
1374237252	694256	244	249	67	0	0	0	0	554	244	247	67	0	0	0	0	553
1374237253	188166	244	249	67	0	0	0	0	555	244	248	66	0	0	0	0	554
1374237253	681581	244	249	67	0	0	0	0	556	244	247	67	0	0	0	0	555
1374237254	174800	244	248	67	0	0	0	0	557	244	247	67	0	0	0	0	556
1374237254	668134	244	247	67	0	0	0	0	558	244	247	67	0	0	0	0	557
1374237255	161422	244	248	0	0	0	0	0	559	244	247	67	0	0	0	0	558
1374237255	655010	244	247	68	0	0	0	0	560	244	247	67	0	0	0	0	559
1374237256	148247	244	248	0	0	0	0	0	561	244	247	67	0	0	0	0	560
1374237256	641334	244	248	67	0	0	0	0	562	244	248	66	0	0	0	0	561
1374237257	133670	244	247	67	0	0	0	0	563	244	247	0	0	0	0	0	562
1374237257	627044	244	247	67	0	0	0	0	564	244	248	0	0	0	0	0	563
1374237258	120392	244	249	68	0	0	0	0	565	244	247	66	0	0	0	0	564
1374237258	613600	244	247	68	0	0	0	0	566	244	248	66	0	0	0	0	565
1374237259	107048	244	248	0	0	0	0	0	567	244	247	66	0	0	0	0	566
1374237259	599279	244	247	67	0	0	0	0	568	244	247	66	0	0	0	0	567
1374237260	091363	244	249	67	0	0	0	0	569	244	248	67	0	0	0	0	568
1374237260	584887	244	247	67	0	0	0	0	570	244	248	66	0	0	0	0	569
1374237261	078062	244	248	0	0	0	0	0	571	244	248	66	0	0	0	0	570
1374237261	571433	244	247	0	0	0	0	0	572	244	247	67	0	0	0	0	571
1374237262	063725	244	248	0	0	0	0	0	573	244	248	66	0	0	0	0	572
1374237262	557097	244	249	0	0	0	0	0	574	244	248	66	0	0	0	0	573
1374237263	049162	244	247	67	0	0	0	0	575	244	248	66	0	0	0	0	574
1374237263	540573	244	249	66	0	0	0	0	576	244	247	67	0	0	0	0	575
1374237264	033852	244	247	66	0	0	0	0	577	244	247	0	0	0	0	0	576
1374237264	526150	244	249	67	0	0	0	0	578	244	247	66	0	0	0	0	577
1374237265	019352	244	249	67	0	0	0	0	579	244	247	66	0	0	0	0	578
1374237265	511988	244	248	66	0	0	0	0	580	244	248	66	0	0	0	0	579
1374237266	006234	244	248	67	0	0	0	0	581	244	248	66	0	0	0	0	580
1374237266	498394	244	249	67	0	0	0	0	582	244	248	66	0	0	0	0	581
1374237266	991615	244	249	69	0	0	0	0	583	244	248	0	0	0	0	0	582
1374237267	484967	244	247	69	0	0	0	0	584	244	248	66	0	0	0	0	583
1374237267	977996	244	248	69	0	0	0	0	585	244	248	66	0	0	0	0	584
1374237268	469596	244	247	67	0	0	0	0	586	244	247	66	0	0	0	0	585
1374237268	962811	244	248	67	0	0	0	0	587	244	247	67	0	0	0	0	586
1374237269	456159	244	247	67	0	0	0	0	588	244	248	0	0	0	0	0	587
1374237269	948434	244	249	67	0	0	0	0	589	244	248	68	0	0	0	0	588
1374237270	441599	244	247	66	0	0	0	0	590	244	248	0	0	0	0	0	589
1374237270	933973	244	247	67	0	0	0	0	591	244	248	0	0	0	0	0	590
1374237271	427225	244	247	67	0	0	0	0	592	244	248	0	0	0	0	0	591
1374237271	920507	244	249	66	0	0	0	0	593	244	248	71	0	0	0	0	592
1374237272	413737	244	249	66	0	0	0	0	594	244	247	0	0	0	0	0	593
1374237272	905103	244	247	67	0	0	0	0	595	244	247	0	0	0	0	0	594
1374237273	396391	244	248	67	0	0	0	0	596	244	247	0	0	0	0	0	595
1374237273	888677	244	249	78	0	0	0	0	597	244	248	0	0	0	0	0	596
1374237274	381084	244	248	67	0	0	0	0	598	244	248	0	0	0	0	0	597
1374237274	874372	244	249	66	0	0	0	0	599	244	248	0	0	0	0	0	598
1374237275	367706	244	248	66	0	0	0	0	600	244	248	0	0	0	0	0	599
1374237275	860811	244	248	67	0	0	0	0	601	244	248	71	0	0	0	0	600
1374237276	354165	244	247	67	0	0	0	0	602	244	247	69	0	0	0	0	601
1374237276	847678	244	247	67	0	0	0	0	603	244	247	67	0	0	0	0	602
1374237277	339817	244	248	67	0	0	0	0	604	244	248	67	0	0	0	0	603
1374237277	832166	244	249	67	0	0	0	0	605	244	247	69	0	0	0	0	604
1374237278	326299	244	247	67	0	0	0	0	606	244	247	0	0	0	0	0	605
1374237278	818494	244	248	67	0	0	0	0	607	244	248	68	0	0	0	0	606
1374237279	311005	244	247	67	0	0	0	0	608	244	247	67	0	0	0	0	607
1374237279	805342	244	247	67	0	0	0	0	609	244	248	0	0	0	0	0	608
1374237280	298493	244	249	67	0	0	0	0	610	244	247	0	0	0	0	0	609
1374237280	790918	244	248	67	0	0	0	0	611	244	248	0	0	0	0	0	610
1374237281	284045	244	249	68	0	0	0	0	612	244	247	0	0	0	0	0	611
1374237281	776422	244	249	71	0	0	0	0	613	244	248	67	0	0	0	0	612
1374237282	269654	244	247	71	0	0	0	0	614	244	248	0	0	0	0	0	613
1374237282	760949	244	249	0	0	0	0	0	615	244	247	0	0	0	0	0	614
1374237283	255272	244	248	0	0	0	0	0	616	244	248	67	0	0	0	0	615
1374237283	747478	244	249	0	0	0	0	0	617	244	248	0	0	0	0	0	616
1374237284	240865	244	248	0	0	0	0	0	618	244	248	74	0	0	0	0	617
1374237284	734211	244	247	0	0	0	0	0	619	244	248	0	0	0	0	0	618
1374237285	227561	244	247	0	0	0	0	0	620	244	247	0	0	0	0	0	619
1374237285	720774	244	247	0	0	0	0	0	621	244	248	69	0	0	0	0	620
1374237286	214224	244	249	0	0	0	0	0	622	244	248	0	0	0	0	0	621
1374237286	707314	244	247	0	0	0	0	0	623	244	247	111	0	0	0	0	622
1374237287	199535	244	249	0	0	0	0	0	624	244	248	70	0	0	0	0	623
1374237287	691074	244	248	0	0	0	0	0	625	244	247	71	0	0	0	0	624
1374237288	185227	244	249	0	0	0	0	0	626	244	248	0	0	0	0	0	625
1374237288	677359	244	249	0	0	0	0	0	627	244	248	0	0	0	0	0	626
1374237289	170686	244	249	73	0	0	0	0	628	244	248	69	0	0	0	0	627
1374237289	664005	244	249	0	0	0	0	0	629	244	247	67	0	0	0	0	628
1374237290	156461	244	247	0	0	0	0	0	630	244	247	72	0	0	0	0	629
1374237290	648732	244	249	0	0	0	0	0	631	244	248	68	0	0	0	0	630
1374237291	141196	244	249	0	0	0	0	0	632	244	248	0	0	0	0	0	631
1374237291	633298	244	247	0	0	0	0	0	633	244	248	71	0	0	0	0	632
1374237292	126633	244	248	0	0	0	0	0	634	244	248	0	0	0	0	0	633
1374237292	619936	244	249	0	0	0	0	0	635	244	247	70	0	0	0	0	634
1374237293	112017	244	249	0	0	0	0	0	636	244	248	69	0	0	0	0	635
1374237293	604411	244	248	0	0	0	0	0	637	244	247	68	0	0	0	0	636
1374237294	096758	244	248	0	0	0	0	0	638	244	247	0	0	0	0	0	637
1374237294	590189	244	249	0	0	0	0	0	639	244	248	68	0	0	0	0	638
1374237295	082572	244	249	72	0	0	0	0	640	244	247	68	0	0	0	0	639
1374237295	575782	244	247	0	0	0	0	0	641	244	248	67	0	0	0	0	640
1374237296	069111	244	247	72	0	0	0	0	642	244	248	68	0	0	0	0	641
1374237296	562452	244	249	0	0	0	0	0	643	244	248	71	0	0	0	0	642
1374237297	054557	244	249	0	0	0	0	0	644	244	248	68	0	0	0	0	643
1374237297	547961	244	249	72	0	0	0	0	645	244	247	0	0	0	0	0	644
1374237298	041192	244	247	0	0	0	0	0	646	244	248	67	0	0	0	0	645
1374237298	534516	244	248	73	0	0	0	0	647	244	248	67	0	0	0	0	646
1374237299	026883	244	249	71	0	0	0	0	648	244	247	67	0	0	0	0	647
1374237299	519317	244	249	71	0	0	0	0	649	244	247	0	0	0	0	0	648
1374237300	012394	244	249	72	0	0	0	0	650	244	248	0	0	0	0	0	649
1374237300	505857	244	247	0	0	0	0	0	651	244	247	68	0	0	0	0	650
1374237300	999195	244	248	0	0	0	0	0	652	244	248	80	0	0	0	0	651
1374237301	491223	244	248	0	0	0	0	0	653	244	247	69	0	0	0	0	652
1374237301	982650	244	247	72	0	0	0	0	654	244	248	67	0	0	0	0	653
1374237302	475834	244	249	71	0	0	0	0	655	244	247	67	0	0	0	0	654
1374237302	968301	244	247	70	0	0	0	0	656	244	247	0	0	0	0	0	655
1374237303	460473	244	248	0	0	0	0	0	657	244	247	67	0	0	0	0	656
1374237303	954003	244	247	72	0	0	0	0	658	244	248	67	0	0	0	0	657
1374237304	448484	244	249	0	0	0	0	0	659	244	248	67	0	0	0	0	658
1374237304	941419	244	249	0	0	0	0	0	660	244	247	67	0	0	0	0	659
1374237305	433836	244	249	73	0	0	0	0	661	244	247	75	0	0	0	0	660
1374237305	928032	244	249	70	0	0	0	0	662	244	248	69	0	0	0	0	661
1374237306	419449	244	248	70	0	0	0	0	663	244	247	71	0	0	0	0	662
1374237306	910785	244	248	69	0	0	0	0	664	244	248	70	0	0	0	0	663
1374237307	403980	244	249	69	0	0	0	0	665	244	247	69	0	0	0	0	664
1374237307	895248	244	249	69	0	0	0	0	666	244	247	72	0	0	0	0	665
1374237308	387655	244	248	70	0	0	0	0	667	244	247	72	0	0	0	0	666
1374237308	879928	244	248	70	0	0	0	0	668	244	248	69	0	0	0	0	667
1374237309	372153	244	247	69	0	0	0	0	669	244	248	69	0	0	0	0	668
1374237309	865577	244	248	69	0	0	0	0	670	244	247	0	0	0	0	0	669
1374237310	358789	244	248	70	0	0	0	0	671	244	248	0	0	0	0	0	670
1374237310	852152	244	248	0	0	0	0	0	672	244	247	0	0	0	0	0	671
1374237311	345501	244	247	0	0	0	0	0	673	244	247	0	0	0	0	0	672
1374237311	838929	244	248	0	0	0	0	0	674	244	247	72	0	0	0	0	673
1374237312	332030	244	248	71	0	0	0	0	675	244	248	71	0	0	0	0	674
1374237312	824629	244	247	71	0	0	0	0	676	244	248	0	0	0	0	0	675
1374237313	315881	244	249	0	0	0	0	0	677	244	247	0	0	0	0	0	676
1374237313	808915	244	247	0	0	0	0	0	678	244	247	69	0	0	0	0	677
1374237314	302224	244	247	0	0	0	0	0	679	244	248	70	0	0	0	0	678
1374237314	794694	244	247	0	0	0	0	0	680	244	248	70	0	0	0	0	679
1374237315	287784	244	249	0	0	0	0	0	681	244	248	69	0	0	0	0	680
1374237315	780224	244	247	71	0	0	0	0	682	244	248	71	0	0	0	0	681
1374237316	273521	244	247	71	0	0	0	0	683	244	248	0	0	0	0	0	682
1374237316	765783	244	248	0	0	0	0	0	684	244	248	0	0	0	0	0	683
1374237317	259066	244	248	0	0	0	0	0	685	244	247	0	0	0	0	0	684
1374237317	752307	244	247	0	0	0	0	0	686	244	247	69	0	0	0	0	685
1374237318	245474	244	247	0	0	0	0	0	687	244	247	69	0	0	0	0	686
1374237318	738929	244	248	0	0	0	0	0	688	244	248	69	0	0	0	0	687
1374237319	231216	244	249	0	0	0	0	0	689	244	247	69	0	0	0	0	688
1374237319	723547	244	248	0	0	0	0	0	690	244	247	70	0	0	0	0	689
1374237320	216842	244	248	0	0	0	0	0	691	244	248	69	0	0	0	0	690
1374237320	710353	244	249	75	0	0	0	0	692	244	247	80	0	0	0	0	691
1374237321	203404	244	249	75	0	0	0	0	693	244	247	69	0	0	0	0	692
1374237321	696959	244	248	73	0	0	0	0	694	244	247	173	0	0	0	0	693
1374237322	189247	244	249	73	0	0	0	0	695	244	247	69	0	0	0	0	694
1374237322	682352	244	248	73	0	0	0	0	696	244	248	70	0	0	0	0	695
1374237323	175711	244	248	73	0	0	0	0	697	244	248	70	0	0	0	0	696
1374237323	668910	244	247	73	0	0	0	0	698	244	247	71	0	0	0	0	697
1374237324	162285	244	248	0	0	0	0	0	699	244	248	71	0	0	0	0	698
1374237324	655676	244	249	0	0	0	0	0	700	244	248	71	0	0	0	0	699
1374237325	148667	244	248	73	0	0	0	0	701	244	248	70	0	0	0	0	700
1374237325	642076	244	247	73	0	0	0	0	702	244	248	0	0	0	0	0	701
1374237326	135348	244	248	72	0	0	0	0	703	244	248	0	0	0	0	0	702
1374237326	628715	244	249	71	0	0	0	0	704	244	248	69	0	0	0	0	703
1374237327	121045	244	249	71	0	0	0	0	705	244	247	69	0	0	0	0	704
1374237327	614370	244	249	71	0	0	0	0	706	244	248	71	0	0	0	0	705
1374237328	107543	244	249	0	0	0	0	0	707	244	247	0	0	0	0	0	706
1374237328	600872	244	248	0	0	0	0	0	708	244	248	70	0	0	0	0	707
1374237329	094022	244	249	73	0	0	0	0	709	244	248	70	0	0	0	0	708
1374237329	586453	244	249	72	0	0	0	0	710	244	248	69	0	0	0	0	709
1374237330	079872	244	247	71	0	0	0	0	711	244	248	69	0	0	0	0	710
1374237330	573025	244	248	71	0	0	0	0	712	244	248	69	0	0	0	0	711
1374237331	066374	244	247	72	0	0	0	0	713	244	248	70	0	0	0	0	712
1374237331	560730	244	249	0	0	0	0	0	714	244	248	0	0	0	0	0	713
1374237332	055082	244	249	73	0	0	0	0	715	244	248	0	0	0	0	0	714
1374237332	547309	244	247	0	0	0	0	0	716	244	248	72	0	0	0	0	715
1374237333	040506	244	249	0	0	0	0	0	717	244	248	0	0	0	0	0	716
1374237333	532819	244	248	73	0	0	0	0	718	244	248	69	0	0	0	0	717
1374237334	026184	244	249	71	0	0	0	0	719	244	248	69	0	0	0	0	718
1374237334	519454	244	249	71	0	0	0	0	720	244	248	70	0	0	0	0	719
1374237335	012706	244	249	71	0	0	0	0	721	244	248	70	0	0	0	0	720
1374237335	505009	244	249	0	0	0	0	0	722	244	248	70	0	0	0	0	721
1374237335	998081	244	248	0	0	0	0	0	723	244	248	69	0	0	0	0	722
1374237336	490577	244	249	0	0	0	0	0	724	244	248	69	0	0	0	0	723
1374237336	983904	244	248	0	0	0	0	0	725	244	248	69	0	0	0	0	724
1374237337	477350	244	249	0	0	0	0	0	726	244	248	76	0	0	0	0	725
1374237337	969299	244	249	0	0	0	0	0	727	244	248	81	0	0	0	0	726
1374237338	459892	244	247	0	0	0	0	0	728	244	248	0	0	0	0	0	727
1374237338	953023	244	248	0	0	0	0	0	729	244	248	69	0	0	0	0	728
1374237339	446415	244	249	0	0	0	0	0	730	244	248	75	0	0	0	0	729
1374237339	939571	244	247	69	0	0	0	0	731	244	248	0	0	0	0	0	730
1374237340	433095	244	248	71	0	0	0	0	732	244	248	0	0	0	0	0	731
1374237340	926366	244	248	72	0	0	0	0	733	244	248	72	0	0	0	0	732
1374237341	418710	244	249	0	0	0	0	0	734	244	248	0	0	0	0	0	733
1374237341	911933	244	249	0	0	0	0	0	735	244	248	69	0	0	0	0	734
1374237342	404224	244	247	0	0	0	0	0	736	244	248	77	0	0	0	0	735
1374237342	897457	244	249	0	0	0	0	0	737	244	248	0	0	0	0	0	736
1374237343	389723	244	247	70	0	0	0	0	738	244	247	0	0	0	0	0	737
1374237343	883098	244	247	0	0	0	0	0	739	244	248	71	0	0	0	0	738
1374237344	375490	244	249	0	0	0	0	0	740	244	248	78	0	0	0	0	739
1374237344	868678	244	249	0	0	0	0	0	741	244	248	0	0	0	0	0	740
1374237345	360970	244	248	0	0	0	0	0	742	244	248	70	0	0	0	0	741
1374237345	853293	244	249	69	0	0	0	0	743	244	248	72	0	0	0	0	742
1374237346	345732	244	249	69	0	0	0	0	744	244	248	71	0	0	0	0	743
1374237346	838980	244	248	0	0	0	0	0	745	244	248	69	0	0	0	0	744
1374237347	332364	244	247	0	0	0	0	0	746	244	248	71	0	0	0	0	745
1374237347	824673	244	248	0	0	0	0	0	747	244	248	0	0	0	0	0	746
1374237348	317732	244	247	0	0	0	0	0	748	244	247	70	0	0	0	0	747
1374237348	810047	244	247	70	0	0	0	0	749	244	248	0	0	0	0	0	748
1374237349	302449	244	248	0	0	0	0	0	750	244	248	69	0	0	0	0	749
1374237349	795741	244	247	0	0	0	0	0	751	244	248	72	0	0	0	0	750
1374237350	289044	244	249	0	0	0	0	0	752	244	248	69	0	0	0	0	751
1374237350	782449	244	249	0	0	0	0	0	753	244	248	72	0	0	0	0	752
1374237351	275836	244	249	71	0	0	0	0	754	244	248	69	0	0	0	0	753
1374237351	768029	244	247	71	0	0	0	0	755	244	248	0	0	0	0	0	754
1374237352	261308	244	248	71	0	0	0	0	756	244	248	0	0	0	0	0	755
1374237352	754523	244	248	0	0	0	0	0	757	244	248	69	0	0	0	0	756
1374237353	248072	244	247	0	0	0	0	0	758	244	247	72	0	0	0	0	757
1374237353	741208	244	249	0	0	0	0	0	759	244	248	0	0	0	0	0	758
1374237354	234676	244	249	0	0	0	0	0	760	244	248	0	0	0	0	0	759
1374237354	728226	244	248	0	0	0	0	0	761	244	248	0	0	0	0	0	760
1374237355	221343	244	248	0	0	0	0	0	762	244	248	0	0	0	0	0	761
1374237355	714521	244	247	69	0	0	0	0	763	244	247	79	0	0	0	0	762
1374237356	207951	244	249	76	0	0	0	0	764	244	248	70	0	0	0	0	763
1374237356	700223	244	249	0	0	0	0	0	765	244	248	69	0	0	0	0	764
1374237357	193500	244	247	67	0	0	0	0	766	244	248	0	0	0	0	0	765
1374237357	685760	244	248	0	0	0	0	0	767	244	248	62	0	0	0	0	766
1374237358	179182	244	247	0	0	0	0	0	768	244	248	63	0	0	0	0	767
1374237358	672124	244	249	0	0	0	0	0	769	244	247	62	0	0	0	0	768
1374237359	163614	244	249	0	0	0	0	0	770	244	248	67	0	0	0	0	769
1374237359	655967	244	247	0	0	0	0	0	771	244	248	0	0	0	0	0	770
1374237360	149104	244	249	68	0	0	0	0	772	244	247	72	0	0	0	0	771
1374237360	641567	244	249	79	0	0	0	0	773	244	247	67	0	0	0	0	772
1374237361	134610	244	249	78	0	0	0	0	774	244	248	65	0	0	0	0	773
1374237361	626803	244	249	0	0	0	0	0	775	244	247	64	0	0	0	0	774
1374237362	119199	244	249	75	0	0	0	0	776	244	248	67	0	0	0	0	775
1374237362	612505	244	249	69	0	0	0	0	777	244	247	0	0	0	0	0	776
1374237363	104676	244	247	69	0	0	0	0	778	244	248	0	0	0	0	0	777
1374237363	597832	244	248	71	0	0	0	0	779	244	247	67	0	0	0	0	778
1374237364	090236	244	249	71	0	0	0	0	780	244	247	67	0	0	0	0	779
1374237364	583341	244	248	0	0	0	0	0	781	244	247	67	0	0	0	0	780
1374237365	076422	244	249	0	0	0	0	0	782	244	248	68	0	0	0	0	781
1374237365	569713	244	249	0	0	0	0	0	783	244	247	0	0	0	0	0	782
1374237366	062120	244	247	0	0	0	0	0	784	244	248	0	0	0	0	0	783
1374237366	555556	244	247	0	0	0	0	0	785	244	247	69	0	0	0	0	784
1374237367	047757	244	249	68	0	0	0	0	786	244	248	69	0	0	0	0	785
1374237367	541125	244	249	72	0	0	0	0	787	244	248	0	0	0	0	0	786
1374237368	034219	244	249	69	0	0	0	0	788	244	248	69	0	0	0	0	787
1374237368	526798	244	248	77	0	0	0	0	789	244	248	0	0	0	0	0	788
1374237369	019918	244	247	68	0	0	0	0	790	244	247	0	0	0	0	0	789
1374237369	513340	244	248	71	0	0	0	0	791	244	248	0	0	0	0	0	790
1374237370	005819	244	249	70	0	0	0	0	792	244	248	0	0	0	0	0	791
1374237370	498947	244	249	71	0	0	0	0	793	244	248	0	0	0	0	0	792
1374237370	991383	244	248	0	0	0	0	0	794	244	247	69	0	0	0	0	793
1374237371	484699	244	249	69	0	0	0	0	795	244	248	85	0	0	0	0	794
1374237371	978109	244	249	69	0	0	0	0	796	244	247	68	0	0	0	0	795
1374237372	471384	244	249	0	0	0	0	0	797	244	247	70	0	0	0	0	796
1374237372	963487	244	249	68	0	0	0	0	798	244	248	0	0	0	0	0	797
1374237373	455918	244	248	70	0	0	0	0	799	244	248	68	0	0	0	0	798
1374237373	948009	244	248	0	0	0	0	0	800	244	248	68	0	0	0	0	799
1374237374	439490	244	247	0	0	0	0	0	801	244	248	71	0	0	0	0	800
1374237374	932804	244	249	74	0	0	0	0	802	244	248	69	0	0	0	0	801
1374237375	426120	244	249	0	0	0	0	0	803	244	248	69	0	0	0	0	802
1374237375	919289	244	248	0	0	0	0	0	804	244	248	0	0	0	0	0	803
1374237376	412542	244	249	68	0	0	0	0	805	244	248	81	0	0	0	0	804
1374237376	903919	244	249	0	0	0	0	0	806	244	248	70	0	0	0	0	805
1374237377	397312	244	247	72	0	0	0	0	807	244	248	69	0	0	0	0	806
1374237377	889429	244	249	0	0	0	0	0	808	244	247	68	0	0	0	0	807
1374237378	380862	244	249	69	0	0	0	0	809	244	247	69	0	0	0	0	808
1374237378	874101	244	247	68	0	0	0	0	810	244	248	68	0	0	0	0	809
1374237379	367407	244	247	71	0	0	0	0	811	244	248	79	0	0	0	0	810
1374237379	860674	244	248	69	0	0	0	0	812	244	248	82	0	0	0	0	811
1374237380	353081	244	249	69	0	0	0	0	813	244	248	71	0	0	0	0	812
1374237380	846376	244	247	0	0	0	0	0	814	244	248	78	0	0	0	0	813
1374237381	339693	244	247	71	0	0	0	0	815	244	248	69	0	0	0	0	814
1374237381	834072	244	249	0	0	0	0	0	816	244	248	69	0	0	0	0	815
1374237382	327371	244	248	72	0	0	0	0	817	244	248	68	0	0	0	0	816
1374237382	820604	244	248	72	0	0	0	0	818	244	248	0	0	0	0	0	817
1374237383	313803	244	249	0	0	0	0	0	819	244	247	68	0	0	0	0	818
1374237383	807437	244	249	73	0	0	0	0	820	244	248	68	0	0	0	0	819
1374237384	300447	244	248	71	0	0	0	0	821	244	248	69	0	0	0	0	820
1374237384	793733	244	249	71	0	0	0	0	822	244	248	67	0	0	0	0	821
1374237385	286104	244	249	69	0	0	0	0	823	244	248	69	0	0	0	0	822
1374237385	778306	244	248	0	0	0	0	0	824	244	248	78	0	0	0	0	823
1374237386	271542	244	247	71	0	0	0	0	825	244	248	0	0	0	0	0	824
1374237386	765028	244	248	0	0	0	0	0	826	244	248	69	0	0	0	0	825
1374237387	258143	244	249	71	0	0	0	0	827	244	248	67	0	0	0	0	826
1374237387	751338	244	249	71	0	0	0	0	828	244	248	0	0	0	0	0	827
1374237388	242648	244	248	0	0	0	0	0	829	244	248	69	0	0	0	0	828
1374237388	735303	244	249	70	0	0	0	0	830	244	248	71	0	0	0	0	829
1374237389	228592	244	248	71	0	0	0	0	831	244	248	0	0	0	0	0	830
1374237389	720658	244	247	70	0	0	0	0	832	244	248	77	0	0	0	0	831
1374237390	213898	244	249	69	0	0	0	0	833	244	248	69	0	0	0	0	832
1374237390	706452	244	249	70	0	0	0	0	834	244	248	69	0	0	0	0	833
1374237391	198712	244	249	70	0	0	0	0	835	244	248	70	0	0	0	0	834
1374237391	690865	244	247	69	0	0	0	0	836	244	248	67	0	0	0	0	835
1374237392	184378	244	248	70	0	0	0	0	837	244	248	77	0	0	0	0	836
1374237392	676720	244	249	72	0	0	0	0	838	244	248	68	0	0	0	0	837
1374237393	169666	244	249	69	0	0	0	0	839	244	248	0	0	0	0	0	838
1374237393	663140	244	248	0	0	0	0	0	840	244	248	69	0	0	0	0	839
1374237394	156400	244	248	0	0	0	0	0	841	244	247	0	0	0	0	0	840
1374237394	649635	244	248	69	0	0	0	0	842	244	248	65	0	0	0	0	841
1374237395	143049	244	247	0	0	0	0	0	843	244	248	66	0	0	0	0	842
1374237395	635547	244	249	0	0	0	0	0	844	244	248	67	0	0	0	0	843
1374237396	128662	244	247	0	0	0	0	0	845	244	248	67	0	0	0	0	844
1374237396	622108	244	248	0	0	0	0	0	846	244	248	80	0	0	0	0	845
1374237397	114271	244	249	71	0	0	0	0	847	244	248	67	0	0	0	0	846
1374237397	605520	244	248	0	0	0	0	0	848	244	248	82	0	0	0	0	847
1374237398	098838	244	249	0	0	0	0	0	849	244	248	0	0	0	0	0	848
1374237398	591997	244	247	79	0	0	0	0	850	244	248	67	0	0	0	0	849
1374237399	084328	244	247	0	0	0	0	0	851	244	248	77	0	0	0	0	850
1374237399	577698	244	249	0	0	0	0	0	852	244	248	0	0	0	0	0	851
1374237400	068914	244	249	0	0	0	0	0	853	244	248	79	0	0	0	0	852
1374237400	561301	244	248	0	0	0	0	0	854	244	248	69	0	0	0	0	853
1374237401	054683	244	249	0	0	0	0	0	855	244	248	69	0	0	0	0	854
1374237401	546761	244	247	72	0	0	0	0	856	244	248	68	0	0	0	0	855
1374237402	040326	244	249	0	0	0	0	0	857	244	248	68	0	0	0	0	856
1374237402	533449	244	247	0	0	0	0	0	858	244	248	69	0	0	0	0	857
1374237403	025613	244	248	71	0	0	0	0	859	244	248	69	0	0	0	0	858
1374237403	517095	244	247	0	0	0	0	0	860	244	248	76	0	0	0	0	859
1374237404	010669	244	248	0	0	0	0	0	861	244	248	67	0	0	0	0	860
1374237404	503818	244	249	71	0	0	0	0	862	244	248	0	0	0	0	0	861
1374237404	997112	244	247	0	0	0	0	0	863	244	248	69	0	0	0	0	862
1374237405	490142	244	247	0	0	0	0	0	864	244	248	67	0	0	0	0	863
1374237405	982574	244	247	0	0	0	0	0	865	244	248	67	0	0	0	0	864
1374237406	474967	244	248	0	0	0	0	0	866	244	248	67	0	0	0	0	865
1374237406	968258	244	248	72	0	0	0	0	867	244	248	67	0	0	0	0	866
1374237407	461863	244	248	72	0	0	0	0	868	244	247	68	0	0	0	0	867
1374237407	954868	244	249	72	0	0	0	0	869	244	248	72	0	0	0	0	868
1374237408	448263	244	248	71	0	0	0	0	870	244	248	0	0	0	0	0	869
1374237408	941414	244	249	0	0	0	0	0	871	244	248	67	0	0	0	0	870
1374237409	434032	244	249	0	0	0	0	0	872	244	248	69	0	0	0	0	871
1374237409	927283	244	249	0	0	0	0	0	873	244	248	0	0	0	0	0	872
1374237410	420666	244	247	70	0	0	0	0	874	244	248	0	0	0	0	0	873
1374237410	913033	244	248	71	0	0	0	0	875	244	248	80	0	0	0	0	874
1374237411	405030	244	247	0	0	0	0	0	876	244	248	0	0	0	0	0	875
1374237411	898296	244	247	70	0	0	0	0	877	244	248	67	0	0	0	0	876
1374237412	391717	244	249	72	0	0	0	0	878	244	248	83	0	0	0	0	877
1374237412	884708	244	247	69	0	0	0	0	879	244	248	67	0	0	0	0	878
1374237413	376248	244	248	70	0	0	0	0	880	244	248	67	0	0	0	0	879
1374237413	869377	244	248	71	0	0	0	0	881	244	248	68	0	0	0	0	880
1374237414	360921	244	248	0	0	0	0	0	882	244	248	68	0	0	0	0	881
1374237414	853001	244	248	69	0	0	0	0	883	244	248	69	0	0	0	0	882
1374237415	346325	244	249	69	0	0	0	0	884	244	248	69	0	0	0	0	883
1374237415	838369	244	249	71	0	0	0	0	885	244	248	68	0	0	0	0	884
1374237416	331790	244	248	71	0	0	0	0	886	244	248	69	0	0	0	0	885
1374237416	824344	244	248	0	0	0	0	0	887	244	248	68	0	0	0	0	886
1374237417	318481	244	249	72	0	0	0	0	888	244	248	67	0	0	0	0	887
1374237417	811602	244	247	70	0	0	0	0	889	244	248	69	0	0	0	0	888
1374237418	304934	244	249	70	0	0	0	0	890	244	248	68	0	0	0	0	889
1374237418	798333	244	249	70	0	0	0	0	891	244	248	68	0	0	0	0	890
1374237419	291543	244	247	69	0	0	0	0	892	244	248	67	0	0	0	0	891
1374237419	785011	244	248	0	0	0	0	0	893	244	248	67	0	0	0	0	892
1374237420	278165	244	247	0	0	0	0	0	894	244	248	70	0	0	0	0	893
1374237420	771574	244	249	72	0	0	0	0	895	244	247	0	0	0	0	0	894
1374237421	264785	244	247	0	0	0	0	0	896	244	248	69	0	0	0	0	895
1374237421	757191	244	248	0	0	0	0	0	897	244	247	69	0	0	0	0	896
1374237422	250247	244	249	0	0	0	0	0	898	244	248	84	0	0	0	0	897
1374237422	742597	244	247	0	0	0	0	0	899	244	248	0	0	0	0	0	898
1374237423	235928	244	249	71	0	0	0	0	900	244	248	67	0	0	0	0	899
1374237423	730101	244	249	70	0	0	0	0	901	244	248	66	0	0	0	0	900
1374237424	223285	244	247	68	0	0	0	0	902	244	248	66	0	0	0	0	901
1374237424	716641	244	249	0	0	0	0	0	903	244	248	66	0	0	0	0	902
1374237425	209956	244	248	72	0	0	0	0	904	244	248	0	0	0	0	0	903
1374237425	702215	244	249	70	0	0	0	0	905	244	248	66	0	0	0	0	904
1374237426	195568	244	247	69	0	0	0	0	906	244	248	66	0	0	0	0	905
1374237426	688628	244	248	77	0	0	0	0	907	244	248	68	0	0	0	0	906
1374237427	181033	244	249	0	0	0	0	0	908	244	248	67	0	0	0	0	907
1374237427	674368	244	248	72	0	0	0	0	909	244	248	67	0	0	0	0	908
1374237428	167740	244	248	0	0	0	0	0	910	244	248	69	0	0	0	0	909
1374237428	660865	244	249	0	0	0	0	0	911	244	248	70	0	0	0	0	910
1374237429	154171	244	248	0	0	0	0	0	912	244	248	67	0	0	0	0	911
1374237429	647353	244	247	71	0	0	0	0	913	244	248	66	0	0	0	0	912
1374237430	140597	244	249	0	0	0	0	0	914	244	248	67	0	0	0	0	913
1374237430	633004	244	249	73	0	0	0	0	915	244	248	66	0	0	0	0	914
1374237431	126482	244	247	0	0	0	0	0	916	244	248	66	0	0	0	0	915
1374237431	619846	244	249	0	0	0	0	0	917	244	248	68	0	0	0	0	916
1374237432	113199	244	249	0	0	0	0	0	918	244	248	66	0	0	0	0	917
1374237432	605020	244	249	70	0	0	0	0	919	244	248	68	0	0	0	0	918
1374237433	096458	244	249	71	0	0	0	0	920	244	248	67	0	0	0	0	919
1374237433	588830	244	249	0	0	0	0	0	921	244	248	67	0	0	0	0	920
1374237434	082267	244	247	0	0	0	0	0	922	244	248	0	0	0	0	0	921
1374237434	575545	244	248	0	0	0	0	0	923	244	248	0	0	0	0	0	922
1374237435	068592	244	247	81	0	0	0	0	924	244	248	67	0	0	0	0	923
1374237435	562053	244	248	0	0	0	0	0	925	244	248	67	0	0	0	0	924
1374237436	055254	244	249	73	0	0	0	0	926	244	248	69	0	0	0	0	925
1374237436	548586	244	248	0	0	0	0	0	927	244	248	82	0	0	0	0	926
1374237437	041700	244	248	0	0	0	0	0	928	244	247	66	0	0	0	0	927
1374237437	534116	244	249	0	0	0	0	0	929	244	248	67	0	0	0	0	928
1374237438	027352	244	247	0	0	0	0	0	930	244	248	0	0	0	0	0	929
1374237438	519688	244	249	74	0	0	0	0	931	244	248	0	0	0	0	0	930
1374237439	011953	244	248	0	0	0	0	0	932	244	248	67	0	0	0	0	931
1374237439	504060	244	247	69	0	0	0	0	933	244	248	66	0	0	0	0	932
1374237439	997372	244	249	71	0	0	0	0	934	244	248	67	0	0	0	0	933
1374237440	490616	244	248	0	0	0	0	0	935	244	248	66	0	0	0	0	934
1374237440	982048	244	249	0	0	0	0	0	936	244	248	67	0	0	0	0	935
1374237441	475111	244	249	81	0	0	0	0	937	244	248	66	0	0	0	0	936
1374237441	967523	244	249	70	0	0	0	0	938	244	248	66	0	0	0	0	937
1374237442	460754	244	249	0	0	0	0	0	939	244	248	0	0	0	0	0	938
1374237442	952231	244	248	68	0	0	0	0	940	244	248	0	0	0	0	0	939
1374237443	445279	244	247	0	0	0	0	0	941	244	248	0	0	0	0	0	940
1374237443	938567	244	247	0	0	0	0	0	942	244	248	66	0	0	0	0	941
1374237444	432059	244	248	0	0	0	0	0	943	244	248	67	0	0	0	0	942
1374237444	925270	244	249	0	0	0	0	0	944	244	248	78	0	0	0	0	943
1374237445	418602	244	249	0	0	0	0	0	945	244	248	66	0	0	0	0	944
1374237445	911957	244	249	70	0	0	0	0	946	244	248	66	0	0	0	0	945
1374237446	404367	244	248	0	0	0	0	0	947	244	248	67	0	0	0	0	946
1374237446	896623	244	249	0	0	0	0	0	948	244	248	0	0	0	0	0	947
1374237447	389805	244	248	69	0	0	0	0	949	244	248	67	0	0	0	0	948
1374237447	883076	244	248	0	0	0	0	0	950	244	248	0	0	0	0	0	949
1374237448	374093	244	247	74	0	0	0	0	951	244	248	69	0	0	0	0	950
1374237448	865328	244	248	0	0	0	0	0	952	244	248	80	0	0	0	0	951
1374237449	357767	244	248	0	0	0	0	0	953	244	248	0	0	0	0	0	952
1374237449	850835	244	247	0	0	0	0	0	954	244	248	0	0	0	0	0	953
1374237450	342390	244	247	0	0	0	0	0	955	244	248	67	0	0	0	0	954
1374237450	834603	244	249	0	0	0	0	0	956	244	248	67	0	0	0	0	955
1374237451	328001	244	248	0	0	0	0	0	957	244	248	0	0	0	0	0	956
1374237451	823535	244	249	71	0	0	0	0	958	244	248	66	0	0	0	0	957
1374237452	315283	244	249	0	0	0	0	0	959	244	248	0	0	0	0	0	958
1374237452	808545	244	247	70	0	0	0	0	960	244	248	68	0	0	0	0	959
1374237453	300794	244	248	0	0	0	0	0	961	244	248	68	0	0	0	0	960
1374237453	792224	244	247	0	0	0	0	0	962	244	248	71	0	0	0	0	961
1374237454	284452	244	248	0	0	0	0	0	963	244	248	67	0	0	0	0	962
1374237454	777835	244	247	0	0	0	0	0	964	244	248	67	0	0	0	0	963
1374237455	272332	244	248	74	0	0	0	0	965	244	248	67	0	0	0	0	964
1374237455	766419	244	247	0	0	0	0	0	966	244	248	67	0	0	0	0	965
1374237456	259765	244	248	74	0	0	0	0	967	244	248	0	0	0	0	0	966
1374237456	752980	244	248	0	0	0	0	0	968	244	248	67	0	0	0	0	967
1374237457	247112	244	248	0	0	0	0	0	969	244	247	66	0	0	0	0	968
1374237457	740618	244	248	0	0	0	0	0	970	244	248	66	0	0	0	0	969
1374237458	232985	244	249	70	0	0	0	0	971	244	248	0	0	0	0	0	970
1374237458	725134	244	247	69	0	0	0	0	972	244	248	66	0	0	0	0	971
1374237459	219634	244	248	70	0	0	0	0	973	244	248	0	0	0	0	0	972
1374237459	712712	244	249	0	0	0	0	0	974	244	248	67	0	0	0	0	973
1374237460	204064	244	249	73	0	0	0	0	975	244	248	65	0	0	0	0	974
1374237460	697381	244	247	0	0	0	0	0	976	244	248	0	0	0	0	0	975
1374237461	190622	244	247	69	0	0	0	0	977	244	248	67	0	0	0	0	976
1374237461	683840	244	248	70	0	0	0	0	978	244	248	0	0	0	0	0	977
1374237462	178193	244	249	76	0	0	0	0	979	244	248	0	0	0	0	0	978
1374237462	671285	244	249	0	0	0	0	0	980	244	248	66	0	0	0	0	979
1374237463	165603	244	248	0	0	0	0	0	981	244	248	69	0	0	0	0	980
1374237463	657995	244	247	0	0	0	0	0	982	244	248	66	0	0	0	0	981
1374237464	151273	244	249	0	0	0	0	0	983	244	248	67	0	0	0	0	982
1374237464	644561	244	248	0	0	0	0	0	984	244	248	69	0	0	0	0	983
1374237465	137022	244	248	0	0	0	0	0	985	244	248	68	0	0	0	0	984
1374237465	629325	244	247	75	0	0	0	0	986	244	248	0	0	0	0	0	985
1374237466	121701	244	249	73	0	0	0	0	987	244	247	0	0	0	0	0	986
1374237466	613816	244	248	72	0	0	0	0	988	244	248	67	0	0	0	0	987
1374237467	106177	244	248	0	0	0	0	0	989	244	248	67	0	0	0	0	988
1374237467	599553	244	249	70	0	0	0	0	990	244	248	67	0	0	0	0	989
1374237468	092744	244	247	69	0	0	0	0	991	244	248	0	0	0	0	0	990
1374237468	585999	244	247	69	0	0	0	0	992	244	248	68	0	0	0	0	991
1374237469	079395	244	247	0	0	0	0	0	993	244	248	67	0	0	0	0	992
1374237469	572564	244	249	0	0	0	0	0	994	244	248	67	0	0	0	0	993
1374237470	063824	244	248	0	0	0	0	0	995	244	248	67	0	0	0	0	994
1374237470	557002	244	249	0	0	0	0	0	996	244	248	67	0	0	0	0	995
1374237471	051264	244	249	0	0	0	0	0	997	244	248	67	0	0	0	0	996
1374237471	543762	244	247	71	0	0	0	0	998	244	248	67	0	0	0	0	997
1374237472	036837	244	249	0	0	0	0	0	999	244	248	67	0	0	0	0	998
1374237472	529249	244	247	76	0	0	0	0	1000	244	248	66	0	0	0	0	999
1374237473	022603	244	249	0	0	0	0	0	1001	244	248	66	0	0	0	0	1000
1374237473	515673	244	248	0	0	0	0	0	1002	244	248	67	0	0	0	0	1001
1374237474	008107	244	249	0	0	0	0	0	1003	244	248	70	0	0	0	0	1002
1374237474	500311	244	249	71	0	0	0	0	1004	244	248	67	0	0	0	0	1003
1374237474	992788	244	248	0	0	0	0	0	1005	244	248	67	0	0	0	0	1004
1374237475	486248	244	248	0	0	0	0	0	1006	244	248	66	0	0	0	0	1005
1374237475	978485	244	248	76	0	0	0	0	1007	244	248	68	0	0	0	0	1006
1374237476	471829	244	248	71	0	0	0	0	1008	244	248	67	0	0	0	0	1007
1374237476	963880	244	248	71	0	0	0	0	1009	244	248	67	0	0	0	0	1008
1374237477	455178	244	248	0	0	0	0	0	1010	244	248	0	0	0	0	0	1009
1374237477	948600	244	248	0	0	0	0	0	1011	244	248	68	0	0	0	0	1010
1374237478	441863	244	248	0	0	0	0	0	1012	244	248	68	0	0	0	0	1011
1374237478	934173	244	247	70	0	0	0	0	1013	244	248	0	0	0	0	0	1012
1374237479	427492	244	249	0	0	0	0	0	1014	244	248	65	0	0	0	0	1013
1374237479	920813	244	249	0	0	0	0	0	1015	244	248	72	0	0	0	0	1014
1374237480	414085	244	247	69	0	0	0	0	1016	244	248	68	0	0	0	0	1015
1374237480	905604	244	247	0	0	0	0	0	1017	244	248	67	0	0	0	0	1016
1374237481	398742	244	247	0	0	0	0	0	1018	244	248	0	0	0	0	0	1017
1374237481	891037	244	248	0	0	0	0	0	1019	244	248	67	0	0	0	0	1018
1374237482	383382	244	249	68	0	0	0	0	1020	244	247	61	0	0	0	0	1019
1374237482	876778	244	249	69	0	0	0	0	1021	244	248	66	0	0	0	0	1020
1374237483	369983	244	249	0	0	0	0	0	1022	244	248	62	0	0	0	0	1021
1374237483	863312	244	249	69	0	0	0	0	1023	244	248	0	0	0	0	0	1022
1374237484	355627	244	249	69	0	0	0	0	1024	244	248	0	0	0	0	0	1023
1374237484	848949	244	247	0	0	0	0	0	1025	244	248	67	0	0	0	0	1024
1374237485	341311	244	249	71	0	0	0	0	1026	244	248	65	0	0	0	0	1025
1374237485	834711	244	249	69	0	0	0	0	1027	244	248	0	0	0	0	0	1026
1374237486	327926	244	247	0	0	0	0	0	1028	244	248	67	0	0	0	0	1027
1374237486	821249	244	247	69	0	0	0	0	1029	244	248	0	0	0	0	0	1028
1374237487	312429	244	248	69	0	0	0	0	1030	244	247	65	0	0	0	0	1029
1374237487	804738	244	249	69	0	0	0	0	1031	244	248	62	0	0	0	0	1030
1374237488	297894	244	248	0	0	0	0	0	1032	244	247	62	0	0	0	0	1031
1374237488	791328	244	249	0	0	0	0	0	1033	244	248	64	0	0	0	0	1032
1374237489	283853	244	247	0	0	0	0	0	1034	244	248	63	0	0	0	0	1033
1374237489	776993	244	247	0	0	0	0	0	1035	244	248	0	0	0	0	0	1034
1374237490	270033	244	249	0	0	0	0	0	1036	244	248	72	0	0	0	0	1035
1374237490	762565	244	249	75	0	0	0	0	1037	244	248	96	0	0	0	0	1036
1374237491	255696	244	249	0	0	0	0	0	1038	244	248	68	0	0	0	0	1037
1374237491	748106	244	247	0	0	0	0	0	1039	244	248	69	0	0	0	0	1038
1374237492	241240	244	247	0	0	0	0	0	1040	244	248	82	0	0	0	0	1039
1374237492	733664	244	249	0	0	0	0	0	1041	244	248	67	0	0	0	0	1040
1374237493	225843	244	249	0	0	0	0	0	1042	244	248	82	0	0	0	0	1041
1374237493	717251	244	247	0	0	0	0	0	1043	244	248	65	0	0	0	0	1042
1374237494	210649	244	247	0	0	0	0	0	1044	244	248	71	0	0	0	0	1043
1374237494	702834	244	249	0	0	0	0	0	1045	244	248	66	0	0	0	0	1044
1374237495	195206	244	248	0	0	0	0	0	1046	244	248	73	137	0	0	0	1045
1374237495	688654	244	248	0	0	0	0	0	1047	244	248	67	0	0	0	0	1046
1374237496	182806	244	247	0	0	0	0	0	1048	244	248	65	0	0	0	0	1047
1374237496	676287	244	249	0	0	0	0	0	1049	244	248	65	0	0	0	0	1048
1374237497	168314	244	249	0	0	0	0	0	1050	244	248	65	0	0	0	0	1049
1374237497	661558	244	249	0	0	0	0	0	1051	244	248	65	0	0	0	0	1050
1374237498	154794	244	249	0	0	0	0	0	1052	244	248	65	0	0	0	0	1051
1374237498	647153	244	247	0	0	0	0	0	1053	244	248	69	0	0	0	0	1052
1374237499	140590	244	248	0	0	0	0	0	1054	244	248	67	0	0	0	0	1053
1374237499	633810	244	249	0	0	0	0	0	1055	244	248	67	0	0	0	0	1054
1374237500	127087	244	247	0	0	0	0	0	1056	244	248	68	0	0	0	0	1055
1374237500	619430	244	249	0	0	0	0	0	1057	244	248	67	0	0	0	0	1056
1374237501	111959	244	248	0	0	0	0	0	1058	244	248	67	0	0	0	0	1057
1374237501	604950	244	248	0	0	0	0	0	1059	244	248	67	0	0	0	0	1058
1374237502	098255	244	249	0	0	0	0	0	1060	244	248	67	0	0	0	0	1059
1374237502	591606	244	249	0	0	0	0	0	1061	244	248	69	0	0	0	0	1060
1374237503	083778	244	247	0	0	0	0	0	1062	244	248	67	0	0	0	0	1061
1374237503	577035	244	249	0	0	0	0	0	1063	244	248	67	0	0	0	0	1062
1374237504	070400	244	247	0	0	0	0	0	1064	244	248	68	0	0	0	0	1063
1374237504	563681	244	248	0	0	0	0	0	1065	244	248	67	0	0	0	0	1064
1374237505	056970	244	247	0	0	0	0	0	1066	244	248	68	0	0	0	0	1065
1374237505	549306	244	247	0	0	0	0	0	1067	244	248	73	0	0	0	0	1066
1374237506	041679	244	249	0	0	0	0	0	1068	244	248	69	0	0	0	0	1067
1374237506	535054	244	249	0	0	0	0	0	1069	244	248	0	0	0	0	0	1068
1374237507	028209	244	248	0	0	0	0	0	1070	244	248	68	0	0	0	0	1069
1374237507	521594	244	248	0	0	0	0	0	1071	244	248	68	0	0	0	0	1070
1374237508	013903	244	247	0	0	0	0	0	1072	244	248	67	0	0	0	0	1071
1374237508	506172	244	247	0	0	0	0	0	1073	244	248	68	0	0	0	0	1072
1374237508	999548	244	249	0	0	0	0	0	1074	244	248	68	0	0	0	0	1073
1374237509	492804	244	249	0	0	0	0	0	1075	244	248	0	0	0	0	0	1074
1374237509	986285	244	247	0	0	0	0	0	1076	244	248	69	0	0	0	0	1075
1374237510	478525	244	249	0	0	0	0	0	1077	244	248	0	0	0	0	0	1076
1374237510	970913	244	248	0	0	0	0	0	1078	244	248	69	0	0	0	0	1077
1374237511	464110	244	247	0	0	0	0	0	1079	244	248	69	0	0	0	0	1078
1374237511	956396	244	249	0	0	0	0	0	1080	244	248	71	0	0	0	0	1079
1374237512	447702	244	249	0	0	0	0	0	1081	244	248	69	0	0	0	0	1080
1374237512	940291	244	247	0	0	0	0	0	1082	244	248	69	0	0	0	0	1081
1374237513	432515	244	249	0	0	0	0	0	1083	244	249	69	0	0	0	0	1082
1374237513	925747	244	249	0	0	0	0	0	1084	244	248	68	0	0	0	0	1083
1374237514	419098	244	249	0	0	0	0	0	1085	244	248	69	0	0	0	0	1084
1374237514	912292	244	248	0	0	0	0	0	1086	244	248	70	0	0	0	0	1085
1374237515	404704	244	249	0	0	0	0	0	1087	244	248	70	0	0	0	0	1086
1374237515	898020	244	247	0	0	0	0	0	1088	244	248	80	0	0	0	0	1087
1374237516	391284	244	248	0	0	0	0	0	1089	244	248	0	0	0	0	0	1088
1374237516	884439	244	248	0	0	0	0	0	1090	244	248	71	0	0	0	0	1089
1374237517	376053	244	249	0	0	0	0	0	1091	244	248	69	0	0	0	0	1090
1374237517	868384	244	249	0	0	0	0	0	1092	244	248	70	0	0	0	0	1091
1374237518	361426	244	248	0	0	0	0	0	1093	244	248	69	0	0	0	0	1092
1374237518	854823	244	249	0	0	0	0	0	1094	244	248	71	0	0	0	0	1093
1374237519	348110	244	248	0	0	0	0	0	1095	244	248	71	0	0	0	0	1094
1374237519	841389	244	247	0	0	0	0	0	1096	244	248	70	0	0	0	0	1095
1374237520	334597	244	248	0	0	0	0	0	1097	244	248	69	0	0	0	0	1096
1374237520	828989	244	249	0	0	0	0	0	1098	244	248	70	0	0	0	0	1097
1374237521	322345	244	248	0	0	0	0	0	1099	244	248	84	0	0	0	0	1098
1374237521	815443	244	248	0	0	0	0	0	1100	244	248	84	0	0	0	0	1099
1374237522	308835	244	247	0	0	0	0	0	1101	244	248	71	0	0	0	0	1100
1374237522	802149	244	249	0	0	0	0	0	1102	244	248	70	0	0	0	0	1101
1374237523	295482	244	247	0	0	0	0	0	1103	244	248	85	0	0	0	0	1102
1374237523	788670	244	247	0	0	0	0	0	1104	244	248	69	0	0	0	0	1103
1374237524	281937	244	247	0	0	0	0	0	1105	244	248	69	0	0	0	0	1104
1374237524	775350	244	248	0	0	0	0	0	1106	244	248	71	0	0	0	0	1105
1374237525	267774	244	249	0	0	0	0	0	1107	244	248	69	0	0	0	0	1106
1374237525	760956	244	248	0	0	0	0	0	1108	244	248	69	0	0	0	0	1107
1374237526	253495	244	249	0	0	0	0	0	1109	244	248	71	0	0	0	0	1108
1374237526	746537	244	247	0	0	0	0	0	1110	244	248	69	0	0	0	0	1109
1374237527	239808	244	247	0	0	0	0	0	1111	244	248	69	0	0	0	0	1110
1374237527	733035	244	249	0	0	0	0	0	1112	244	248	69	0	0	0	0	1111
1374237528	225532	244	248	0	0	0	0	0	1113	244	248	69	0	0	0	0	1112
1374237528	718743	244	248	0	0	0	0	0	1114	244	248	71	0	0	0	0	1113
1374237529	212090	244	248	0	0	0	0	0	1115	244	248	0	0	0	0	0	1114
1374237529	705438	244	248	0	0	0	0	0	1116	244	248	70	0	0	0	0	1115
1374237530	197659	244	247	0	0	0	0	0	1117	244	248	70	0	0	0	0	1116
1374237530	690061	244	249	0	0	0	0	0	1118	244	248	69	0	0	0	0	1117
1374237531	183356	244	249	0	0	0	0	0	1119	244	248	70	0	0	0	0	1118
1374237531	676599	244	249	0	0	0	0	0	1120	244	248	82	0	0	0	0	1119
1374237532	168862	244	248	0	0	0	0	0	1121	244	248	83	0	0	0	0	1120
1374237532	662244	244	249	0	0	0	0	0	1122	244	248	70	0	0	0	0	1121
1374237533	155426	244	247	0	0	0	0	0	1123	244	248	69	0	0	0	0	1122
1374237533	647925	244	248	0	0	0	0	0	1124	244	248	69	0	0	0	0	1123
1374237534	141439	244	247	0	0	0	0	0	1125	244	248	71	0	0	0	0	1124
1374237534	633482	244	247	0	0	0	0	0	1126	244	248	69	0	0	0	0	1125
1374237535	125918	244	247	0	0	0	0	0	1127	244	248	70	0	0	0	0	1126
1374237535	619139	244	248	0	0	0	0	0	1128	244	248	69	0	0	0	0	1127
1374237536	112516	244	247	0	0	0	0	0	1129	244	248	70	0	0	0	0	1128
1374237536	605727	244	249	0	0	0	0	0	1130	244	248	69	0	0	0	0	1129
1374237537	098876	244	249	0	0	0	0	0	1131	244	248	69	0	0	0	0	1130
1374237537	592307	244	249	0	0	0	0	0	1132	244	248	69	0	0	0	0	1131
1374237538	084577	244	248	0	0	0	0	0	1133	244	248	69	0	0	0	0	1132
1374237538	577760	244	247	0	0	0	0	0	1134	244	248	69	0	0	0	0	1133
1374237539	070252	244	247	85	0	0	0	0	1135	244	248	69	0	0	0	0	1134
1374237539	563478	244	248	0	0	0	0	0	1136	244	248	68	0	0	0	0	1135
1374237540	057034	244	249	0	0	0	0	0	1137	244	248	69	0	0	0	0	1136
1374237540	550316	244	249	0	0	0	0	0	1138	244	248	67	0	0	0	0	1137
1374237541	043766	244	247	0	0	0	0	0	1139	244	249	67	0	0	0	0	1138
1374237541	536847	244	249	0	0	0	0	0	1140	244	248	78	0	0	0	0	1139
1374237542	029063	244	249	0	0	0	0	0	1141	244	248	67	0	0	0	0	1140
1374237542	523415	244	249	0	0	0	0	0	1142	244	248	0	0	0	0	0	1141
1374237543	015648	244	248	104	0	0	0	0	1143	244	248	69	0	0	0	0	1142
1374237543	507994	244	249	0	0	0	0	0	1144	244	248	69	0	0	0	0	1143
1374237544	001290	244	248	0	0	0	0	0	1145	244	248	69	0	0	0	0	1144
1374237544	494628	244	249	0	0	0	0	0	1146	244	248	72	0	0	0	0	1145
1374237544	987963	244	248	0	0	0	0	0	1147	244	248	73	0	0	0	0	1146
1374237545	481297	244	248	0	0	0	0	0	1148	244	248	68	0	0	0	0	1147
1374237545	974559	244	247	0	0	0	0	0	1149	244	248	68	0	0	0	0	1148
1374237546	466916	244	248	0	0	0	0	0	1150	244	248	68	0	0	0	0	1149
1374237546	959180	244	249	0	0	0	0	0	1151	244	248	75	139	0	0	0	1150
1374237547	453331	244	247	0	0	0	0	0	1152	244	248	75	0	0	0	0	1151
1374237547	946706	244	249	0	0	0	0	0	1153	244	248	76	0	0	0	0	1152
1374237548	440082	244	249	0	0	0	0	0	1154	244	248	76	0	0	0	0	1153
1374237548	932235	244	247	0	0	0	0	0	1155	244	248	68	0	0	0	0	1154
1374237549	424746	244	247	0	0	0	0	0	1156	244	248	0	0	0	0	0	1155
1374237549	917927	244	247	0	0	0	0	0	1157	244	248	76	0	0	0	0	1156
1374237550	411288	244	247	0	0	0	0	0	1158	244	248	71	0	0	0	0	1157
1374237550	904522	244	249	0	0	0	0	0	1159	244	248	71	0	0	0	0	1158
1374237551	396727	244	249	0	0	0	0	0	1160	244	249	74	0	0	0	0	1159
1374237551	889114	244	249	0	0	0	0	0	1161	244	248	70	0	0	0	0	1160
1374237552	383201	244	249	0	0	0	0	0	1162	244	248	70	0	0	0	0	1161
1374237552	895040	244	248	0	0	0	0	0	1163	244	248	73	0	0	0	0	1162
1374237553	387743	244	248	0	0	0	0	0	1164	244	248	71	0	0	0	0	1163
1374237553	880243	244	249	0	0	0	0	0	1165	244	248	71	0	0	0	0	1164
1374237554	373534	244	248	0	0	0	0	0	1166	244	248	71	0	0	0	0	1165
1374237554	866669	244	248	0	0	0	0	0	1167	244	248	71	0	0	0	0	1166
1374237555	359101	244	248	0	0	0	0	0	1168	244	248	70	0	0	0	0	1167
1374237555	850602	244	249	0	0	0	0	0	1169	244	248	71	0	0	0	0	1168
1374237556	343703	244	249	0	0	0	0	0	1170	244	248	71	0	0	0	0	1169
1374237556	835988	244	249	0	0	0	0	0	1171	244	248	71	0	0	0	0	1170
1374237557	328291	244	248	0	0	0	0	0	1172	244	248	72	0	0	0	0	1171
1374237557	821606	244	249	0	0	0	0	0	1173	244	248	71	0	0	0	0	1172
1374237558	314743	244	247	0	0	0	0	0	1174	244	248	71	0	0	0	0	1173
1374237558	808155	244	249	0	0	0	0	0	1175	244	248	70	0	0	0	0	1174
1374237559	300537	244	248	0	0	0	0	0	1176	244	248	70	0	0	0	0	1175
1374237559	793854	244	249	0	0	0	0	0	1177	244	248	71	0	0	0	0	1176
1374237560	286148	244	248	0	0	0	0	0	1178	244	248	72	0	0	0	0	1177
1374237560	779443	244	247	0	0	0	0	0	1179	244	248	73	0	0	0	0	1178
1374237561	272753	244	248	0	0	0	0	0	1180	244	248	72	0	0	0	0	1179
1374237561	766261	244	249	0	0	0	0	0	1181	244	248	73	0	0	0	0	1180
1374237562	259384	244	249	0	0	0	0	0	1182	244	248	71	0	0	0	0	1181
1374237562	751573	244	247	0	0	0	0	0	1183	244	248	70	0	0	0	0	1182
1374237563	243973	244	249	0	0	0	0	0	1184	244	248	73	0	0	0	0	1183
1374237563	737218	244	249	0	0	0	0	0	1185	244	248	71	0	0	0	0	1184
1374237564	231337	244	247	0	0	0	0	0	1186	244	248	71	0	0	0	0	1185
1374237564	723698	244	248	0	0	0	0	0	1187	244	248	71	0	0	0	0	1186
1374237565	215161	244	249	0	0	0	0	0	1188	244	248	73	0	0	0	0	1187
1374237565	709367	244	247	0	0	0	0	0	1189	244	248	74	0	0	0	0	1188
1374237566	202681	244	249	0	0	0	0	0	1190	244	248	70	0	0	0	0	1189
1374237566	695876	244	249	0	0	0	0	0	1191	244	248	71	0	0	0	0	1190
1374237567	188264	244	247	0	0	0	0	0	1192	244	248	71	0	0	0	0	1191
1374237567	680369	244	249	0	0	0	0	0	1193	244	248	70	0	0	0	0	1192
1374237568	170795	244	247	100	0	0	0	0	1194	244	248	74	0	0	0	0	1193
1374237568	663253	244	248	0	0	0	0	0	1195	244	248	0	0	0	0	0	1194
1374237569	156355	244	248	0	0	0	0	0	1196	244	248	71	0	0	0	0	1195
1374237569	648694	244	249	91	0	0	0	0	1197	244	248	73	0	0	0	0	1196
1374237570	141887	244	247	98	0	0	0	0	1198	244	248	74	0	0	0	0	1197
1374237570	634297	244	247	0	0	0	0	0	1199	244	248	74	0	0	0	0	1198
1374237571	127716	244	249	0	0	0	0	0	1200	244	248	74	0	0	0	0	1199
1374237571	619978	244	249	0	0	0	0	0	1201	244	248	75	0	0	0	0	1200
1374237572	113233	244	247	0	0	0	0	0	1202	244	248	151	0	0	0	0	1201
1374237572	605274	244	247	0	0	0	0	0	1203	244	248	74	0	0	0	0	1202
1374237573	097755	244	249	0	0	0	0	0	1204	244	248	73	0	0	0	0	1203
1374237573	591119	244	248	0	0	0	0	0	1205	244	248	73	0	0	0	0	1204
1374237574	084504	244	247	90	0	0	0	0	1206	244	248	73	0	0	0	0	1205
1374237574	577626	244	249	87	0	0	0	0	1207	244	248	70	0	0	0	0	1206
1374237575	070925	244	249	0	0	0	0	0	1208	244	248	70	0	0	0	0	1207
1374237575	564247	244	248	0	0	0	0	0	1209	244	248	75	0	0	0	0	1208
1374237576	056565	244	247	0	0	0	0	0	1210	244	248	84	0	0	0	0	1209
1374237576	549958	244	249	0	0	0	0	0	1211	244	248	70	0	0	0	0	1210
1374237577	042054	244	248	90	0	0	0	0	1212	244	248	70	0	0	0	0	1211
1374237577	533702	244	249	0	0	0	0	0	1213	244	249	69	0	0	0	0	1212
1374237578	026750	244	247	0	0	0	0	0	1214	244	248	69	0	0	0	0	1213
1374237578	518962	244	247	0	0	0	0	0	1215	244	248	69	0	0	0	0	1214
1374237579	009383	244	248	92	0	0	0	0	1216	244	248	69	0	0	0	0	1215
1374237579	502766	244	248	90	0	0	0	0	1217	244	248	69	0	0	0	0	1216
1374237579	995063	244	249	0	0	0	0	0	1218	244	248	69	0	0	0	0	1217
1374237580	488349	244	249	0	0	0	0	0	1219	244	248	69	0	0	0	0	1218
1374237580	979539	244	248	0	0	0	0	0	1220	244	248	69	0	0	0	0	1219
1374237581	473020	244	248	90	0	0	0	0	1221	244	248	69	0	0	0	0	1220
1374237581	966312	244	249	0	0	0	0	0	1222	244	248	69	0	0	0	0	1221
1374237582	458565	244	247	0	0	0	0	0	1223	244	248	69	0	0	0	0	1222
1374237582	951760	244	249	91	0	0	0	0	1224	244	248	69	0	0	0	0	1223
1374237583	444210	244	248	0	0	0	0	0	1225	244	248	69	0	0	0	0	1224
1374237583	937594	244	249	90	0	0	0	0	1226	244	248	70	0	0	0	0	1225
1374237584	430786	244	249	91	0	0	0	0	1227	244	248	69	0	0	0	0	1226
1374237584	924264	244	249	0	0	0	0	0	1228	244	248	71	0	0	0	0	1227
1374237585	415474	244	249	0	0	0	0	0	1229	244	248	73	0	0	0	0	1228
1374237585	908706	244	248	0	0	0	0	0	1230	244	248	70	0	0	0	0	1229
1374237586	401035	244	249	0	0	0	0	0	1231	244	248	70	0	0	0	0	1230
1374237586	893304	244	248	0	0	0	0	0	1232	244	248	71	0	0	0	0	1231
1374237587	385635	244	248	0	0	0	0	0	1233	244	248	72	0	0	0	0	1232
1374237587	878709	244	247	0	0	0	0	0	1234	244	248	74	0	0	0	0	1233
1374237588	372077	244	249	0	0	0	0	0	1235	244	248	73	0	0	0	0	1234
1374237588	864361	244	249	0	0	0	0	0	1236	244	248	72	0	0	0	0	1235
1374237589	357688	244	249	0	0	0	0	0	1237	244	248	0	0	0	0	0	1236
1374237589	850948	244	247	0	0	0	0	0	1238	244	248	72	0	0	0	0	1237
1374237590	344399	244	248	0	0	0	0	0	1239	244	248	71	0	0	0	0	1238
1374237590	837437	244	248	0	0	0	0	0	1240	244	248	70	0	0	0	0	1239
1374237591	330939	244	247	0	0	0	0	0	1241	244	248	70	0	0	0	0	1240
1374237591	824016	244	248	0	0	0	0	0	1242	244	248	72	0	0	0	0	1241
1374237592	317378	244	248	0	0	0	0	0	1243	244	248	71	0	0	0	0	1242
1374237592	810609	244	248	0	0	0	0	0	1244	244	248	82	0	0	0	0	1243
1374237593	305142	244	247	0	0	0	0	0	1245	244	248	0	0	0	0	0	1244
1374237593	798284	244	249	0	0	0	0	0	1246	244	248	71	0	0	0	0	1245
1374237594	290628	244	249	0	0	0	0	0	1247	244	248	71	0	0	0	0	1246
1374237594	782919	244	247	0	0	0	0	0	1248	244	248	71	0	0	0	0	1247
1374237595	275098	244	247	91	0	0	0	0	1249	244	248	71	0	0	0	0	1248
1374237595	768371	244	249	0	0	0	0	0	1250	244	248	69	0	0	0	0	1249
1374237596	261756	244	247	0	0	0	0	0	1251	244	248	70	0	0	0	0	1250
1374237596	755017	244	249	0	0	0	0	0	1252	244	248	72	0	0	0	0	1251
1374237597	249269	244	247	0	0	0	0	0	1253	244	248	71	0	0	0	0	1252
1374237597	741503	244	248	0	0	0	0	0	1254	244	248	69	0	0	0	0	1253
1374237598	233898	244	247	0	0	0	0	0	1255	244	248	70	0	0	0	0	1254
1374237598	728195	244	248	0	0	0	0	0	1256	244	248	69	0	0	0	0	1255
1374237599	221479	244	249	0	0	0	0	0	1257	244	248	0	0	0	0	0	1256
1374237599	714902	244	249	0	0	0	0	0	1258	244	248	70	0	0	0	0	1257
1374237600	207986	244	247	0	0	0	0	0	1259	244	248	70	140	0	0	0	1258
1374237600	700301	244	249	0	0	0	0	0	1260	244	249	0	0	0	0	0	1259
1374237601	192733	244	247	82	0	0	0	0	1261	244	248	82	0	0	0	0	1260
1374237601	684519	244	249	84	0	0	0	0	1262	244	248	70	0	0	0	0	1261
1374237602	176096	244	249	78	0	0	0	0	1263	244	248	71	0	0	0	0	1262
1374237602	670111	244	249	72	0	0	0	0	1264	244	248	80	0	0	0	0	1263
1374237603	160563	244	247	64	0	0	0	0	1265	244	248	0	0	0	0	0	1264
1374237603	653881	244	248	69	0	0	0	0	1266	244	248	89	0	0	0	0	1265
1374237604	147926	244	249	76	0	0	0	0	1267	244	248	0	0	0	0	0	1266
1374237604	638517	244	247	68	0	0	0	0	1268	244	248	0	0	0	0	0	1267
1374237605	132898	244	248	65	0	0	0	0	1269	244	248	0	0	0	0	0	1268
1374237605	626109	244	247	61	0	0	0	0	1270	244	248	0	0	0	0	0	1269
1374237606	119546	244	247	65	0	0	0	0	1271	244	248	0	0	0	0	0	1270
1374237606	612714	244	248	62	0	0	0	0	1272	244	248	0	0	0	0	0	1271
1374237607	105995	244	249	0	0	0	0	0	1273	244	248	0	0	0	0	0	1272
1374237607	599192	244	248	60	0	0	0	0	1274	244	248	0	0	0	0	0	1273
1374237608	092443	244	249	62	0	0	0	0	1275	244	248	0	0	0	0	0	1274
1374237608	585854	244	248	58	0	0	0	0	1276	244	248	0	0	0	0	0	1275
1374237609	078124	244	247	58	0	0	0	0	1277	244	248	0	0	0	0	0	1276
1374237609	571581	244	248	57	0	0	0	0	1278	244	248	0	0	0	0	0	1277
1374237610	063716	244	248	57	0	0	0	0	1279	244	248	0	0	0	0	0	1278
1374237610	557107	244	249	58	0	0	0	0	1280	244	248	0	0	0	0	0	1279
1374237611	050379	244	247	59	0	0	0	0	1281	244	248	0	0	0	0	0	1280
1374237611	543746	244	247	58	0	0	0	0	1282	244	248	0	0	0	0	0	1281
1374237612	035827	244	249	70	0	0	0	0	1283	244	248	0	0	0	0	0	1282
1374237612	528192	244	249	70	0	0	0	0	1284	244	248	0	0	0	0	0	1283
1374237613	019623	244	249	71	0	0	0	0	1285	244	248	0	0	0	0	0	1284
1374237613	513017	244	249	0	0	0	0	0	1286	244	248	0	0	0	0	0	1285
1374237614	006241	244	247	63	0	0	0	0	1287	244	248	0	0	0	0	0	1286
1374237614	499648	244	249	59	0	0	0	0	1288	244	248	0	0	0	0	0	1287
1374237614	993974	244	248	58	0	0	0	0	1289	244	249	0	0	0	0	0	1288
1374237615	486285	244	248	59	0	0	0	0	1290	244	248	0	0	0	0	0	1289
1374237615	978619	244	248	57	0	0	0	0	1291	244	248	0	0	0	0	0	1290
1374237616	471968	244	247	58	0	0	0	0	1292	244	248	0	0	0	0	0	1291
1374237616	963039	244	249	67	0	0	0	0	1293	244	248	0	0	0	0	0	1292
1374237617	454462	244	249	64	0	0	0	0	1294	244	249	0	0	0	0	0	1293
1374237617	947646	244	247	64	0	0	0	0	1295	244	248	0	0	0	0	0	1294
1374237618	441103	244	249	56	0	0	0	0	1296	244	248	0	0	0	0	0	1295
1374237618	934328	244	249	57	0	0	0	0	1297	244	248	0	0	0	0	0	1296
1374237619	427462	244	248	56	0	0	0	0	1298	244	248	0	0	0	0	0	1297
1374237619	920907	244	248	56	0	0	0	0	1299	244	248	0	0	0	0	0	1298
1374237620	414158	244	247	56	0	0	0	0	1300	244	248	0	0	0	0	0	1299
1374237620	907591	244	247	57	0	0	0	0	1301	244	248	0	0	0	0	0	1300
1374237621	399714	244	248	57	0	0	0	0	1302	244	249	0	0	0	0	0	1301
1374237621	892868	244	249	56	0	0	0	0	1303	244	248	0	0	0	0	0	1302
1374237622	385194	244	249	56	0	0	0	0	1304	244	248	0	0	0	0	0	1303
1374237622	877418	244	247	56	0	0	0	0	1305	244	248	0	0	0	0	0	1304
1374237623	370532	244	249	56	0	0	0	0	1306	244	248	0	0	0	0	0	1305
1374237623	861065	244	249	56	0	0	0	0	1307	244	248	0	0	0	0	0	1306
1374237624	354176	244	247	68	0	0	0	0	1308	244	248	0	0	0	0	0	1307
1374237624	847298	244	248	70	0	0	0	0	1309	244	248	0	0	0	0	0	1308
1374237625	340749	244	249	0	0	0	0	0	1310	244	248	0	0	0	0	0	1309
1374237625	833093	244	249	66	0	0	0	0	1311	244	248	0	0	0	0	0	1310
1374237626	327365	244	247	66	0	0	0	0	1312	244	248	0	0	0	0	0	1311
1374237626	820682	244	249	66	0	0	0	0	1313	244	248	0	0	0	0	0	1312
1374237627	312806	244	249	62	0	0	0	0	1314	244	248	0	0	0	0	0	1313
1374237627	804140	244	249	58	0	0	0	0	1315	244	248	0	0	0	0	0	1314
1374237628	297430	244	248	67	0	0	0	0	1316	244	248	0	0	0	0	0	1315
1374237628	790693	244	248	67	0	0	0	0	1317	244	248	0	0	0	0	0	1316
1374237629	283161	244	249	66	0	0	0	0	1318	244	248	0	0	0	0	0	1317
1374237629	776549	244	249	66	0	0	0	0	1319	244	248	0	0	0	0	0	1318
1374237630	268631	244	249	0	0	0	0	0	1320	244	248	0	0	0	0	0	1319
1374237630	761059	244	249	58	0	0	0	0	1321	244	248	0	0	0	0	0	1320
1374237631	254418	244	249	58	0	0	0	0	1322	244	248	0	0	0	0	0	1321
1374237631	747605	244	249	57	0	0	0	0	1323	244	248	0	0	0	0	0	1322
1374237632	240745	244	247	58	0	0	0	0	1324	244	248	0	0	0	0	0	1323
1374237632	733181	244	248	58	0	0	0	0	1325	244	248	0	0	0	0	0	1324
1374237633	225473	244	248	66	0	0	0	0	1326	244	249	0	0	0	0	0	1325
1374237633	718611	244	248	64	0	0	0	0	1327	244	248	0	0	0	0	0	1326
1374237634	210798	244	249	57	0	0	0	0	1328	244	248	0	0	0	0	0	1327
1374237634	702204	244	247	57	0	0	0	0	1329	244	248	0	0	0	0	0	1328
1374237635	194278	244	247	57	0	0	0	0	1330	244	248	0	0	0	0	0	1329
1374237635	687683	244	248	57	0	0	0	0	1331	244	248	0	0	0	0	0	1330
1374237636	179909	244	247	57	0	0	0	0	1332	244	248	0	0	0	0	0	1331
1374237636	672365	244	247	60	0	0	0	0	1333	244	248	0	0	0	0	0	1332
1374237637	165337	244	248	67	0	0	0	0	1334	244	248	0	0	0	0	0	1333
1374237637	658856	244	247	67	0	0	0	0	1335	244	248	0	0	0	0	0	1334
1374237638	152852	244	248	57	0	0	0	0	1336	244	248	0	0	0	0	0	1335
1374237638	644315	244	249	57	0	0	0	0	1337	244	248	0	0	0	0	0	1336
1374237639	138431	244	248	57	0	0	0	0	1338	244	248	0	0	0	0	0	1337
1374237639	630747	244	247	57	0	0	0	0	1339	244	248	0	0	0	0	0	1338
1374237640	124869	244	249	58	0	0	0	0	1340	244	248	0	0	0	0	0	1339
1374237640	616106	244	247	58	0	0	0	0	1341	244	248	0	0	0	0	0	1340
1374237641	108335	244	249	60	0	0	0	0	1342	244	248	0	0	0	0	0	1341
1374237641	601517	244	247	65	0	0	0	0	1343	244	248	0	0	0	0	0	1342
1374237642	094940	244	249	65	0	0	0	0	1344	244	248	0	0	0	0	0	1343
1374237642	588310	244	247	68	0	0	0	0	1345	244	248	0	0	0	0	0	1344
1374237643	081496	244	247	68	0	0	0	0	1346	244	248	0	0	0	0	0	1345
1374237643	575269	244	249	56	0	0	0	0	1347	244	248	0	0	0	0	0	1346
1374237644	067920	244	248	56	0	0	0	0	1348	244	248	0	0	0	0	0	1347
1374237644	560383	244	247	57	0	0	0	0	1349	244	248	0	0	0	0	0	1348
1374237645	052710	244	248	58	0	0	0	0	1350	244	248	0	0	0	0	0	1349
1374237645	545958	244	249	57	0	0	0	0	1351	244	249	0	0	0	0	0	1350
1374237646	039220	244	248	58	0	0	0	0	1352	244	248	0	0	0	0	0	1351
1374237646	532739	244	248	58	0	0	0	0	1353	244	249	0	0	0	0	0	1352
1374237647	025591	244	249	57	0	0	0	0	1354	244	248	0	0	0	0	0	1353
1374237647	516997	244	247	66	0	0	0	0	1355	244	248	0	0	0	0	0	1354
1374237648	008474	244	249	59	0	0	0	0	1356	244	247	0	0	0	0	0	1355
1374237648	500809	244	247	0	0	0	0	0	1357	244	248	0	0	0	0	0	1356
1374237648	993925	244	249	59	0	0	0	0	1358	244	248	0	0	0	0	0	1357
1374237649	486321	244	249	58	0	0	0	0	1359	244	248	0	0	0	0	0	1358
1374237649	978801	244	247	61	0	0	0	0	1360	244	248	0	0	0	0	0	1359
1374237650	471030	244	247	61	0	0	0	0	1361	244	248	0	0	0	0	0	1360
1374237650	964389	244	247	58	0	0	0	0	1362	244	248	0	0	0	0	0	1361
1374237651	457693	244	247	58	0	0	0	0	1363	244	248	0	0	0	0	0	1362
1374237651	949708	244	248	58	0	0	0	0	1364	244	248	0	0	0	0	0	1363
1374237652	441966	244	249	59	0	0	0	0	1365	244	248	0	0	0	0	0	1364
1374237652	935493	244	249	60	0	0	0	0	1366	244	248	0	0	0	0	0	1365
1374237653	428625	244	248	0	0	0	0	0	1367	244	249	0	0	0	0	0	1366
1374237653	920961	244	249	59	0	0	0	0	1368	244	248	0	0	0	0	0	1367
1374237654	414181	244	248	58	0	0	0	0	1369	244	248	0	0	0	0	0	1368
1374237654	907544	244	247	59	0	0	0	0	1370	244	248	0	0	0	0	0	1369
1374237655	400882	244	248	61	0	0	0	0	1371	244	248	0	0	0	0	0	1370
1374237655	894117	244	248	61	0	0	0	0	1372	244	248	0	0	0	0	0	1371
1374237656	387472	244	248	60	0	0	0	0	1373	244	248	0	0	0	0	0	1372
1374237656	880512	244	248	58	0	0	0	0	1374	244	248	0	0	0	0	0	1373
1374237657	371926	244	248	57	0	0	0	0	1375	244	248	0	0	0	0	0	1374
1374237657	863296	244	248	58	0	0	0	0	1376	244	248	0	0	0	0	0	1375
1374237658	356545	244	248	57	0	0	0	0	1377	244	248	0	0	0	0	0	1376
1374237658	849907	244	248	58	0	0	0	0	1378	244	248	0	0	0	0	0	1377
1374237659	343249	244	248	58	0	0	0	0	1379	244	248	0	0	0	0	0	1378
1374237659	836621	244	247	58	0	0	0	0	1380	244	248	0	0	0	0	0	1379
1374237660	329970	244	249	58	0	0	0	0	1381	244	248	0	0	0	0	0	1380
1374237660	823037	244	247	68	0	0	0	0	1382	244	248	0	0	0	0	0	1381
1374237661	316322	244	249	58	0	0	0	0	1383	244	248	0	0	0	0	0	1382
1374237661	809569	244	247	58	0	0	0	0	1384	244	248	0	0	0	0	0	1383
1374237662	303733	244	248	0	0	0	0	0	1385	244	248	0	0	0	0	0	1384
1374237662	796878	244	247	0	0	0	0	0	1386	244	248	0	0	0	0	0	1385
1374237663	290090	244	248	69	0	0	0	0	1387	244	248	0	0	0	0	0	1386
1374237663	783473	244	249	74	0	0	0	0	1388	244	248	0	0	0	0	0	1387
1374237664	276862	244	248	65	0	0	0	0	1389	244	248	0	0	0	0	0	1388
1374237664	770044	244	249	66	0	0	0	0	1390	244	248	0	0	0	0	0	1389
1374237665	263191	244	249	75	0	0	0	0	1391	244	248	0	0	0	0	0	1390
1374237665	755588	244	247	60	0	0	0	0	1392	244	248	0	0	0	0	0	1391
1374237666	248804	244	248	67	0	0	0	0	1393	244	248	0	0	0	0	0	1392
1374237666	740063	244	248	58	0	0	0	0	1394	244	248	0	0	0	0	0	1393
1374237667	233309	244	247	72	0	0	0	0	1395	244	248	0	0	0	0	0	1394
1374237667	726520	244	247	70	0	0	0	0	1396	244	248	0	0	0	0	0	1395
1374237668	219947	244	249	58	0	0	0	0	1397	244	248	0	0	0	0	0	1396
1374237668	714038	244	249	58	0	0	0	0	1398	244	248	0	0	0	0	0	1397
1374237669	207312	244	247	58	0	0	0	0	1399	244	248	0	0	0	0	0	1398
1374237669	700039	244	249	58	0	0	0	0	1400	244	248	0	0	0	0	0	1399
1374237670	190821	244	247	59	0	0	0	0	1401	244	248	0	0	0	0	0	1400
1374237670	684021	244	249	67	0	0	0	0	1402	244	248	0	0	0	0	0	1401
1374237671	177495	244	248	61	0	0	0	0	1403	244	248	0	0	0	0	0	1402
1374237671	670567	244	247	60	0	0	0	0	1404	244	248	0	0	0	0	0	1403
1374237672	163851	244	249	59	0	0	0	0	1405	244	248	0	0	0	0	0	1404
1374237672	655209	244	247	59	0	0	0	0	1406	244	248	0	0	0	0	0	1405
1374237673	148572	244	249	58	0	0	0	0	1407	244	248	0	0	0	0	0	1406
1374237673	641769	244	247	58	0	0	0	0	1408	244	248	0	0	0	0	0	1407
1374237674	135077	244	247	57	0	0	0	0	1409	244	248	0	0	0	0	0	1408
1374237674	628306	244	249	57	0	0	0	0	1410	244	248	0	0	0	0	0	1409
1374237675	121643	244	247	57	0	0	0	0	1411	244	248	0	0	0	0	0	1410
1374237675	614879	244	248	57	0	0	0	0	1412	244	248	0	0	0	0	0	1411
1374237676	108108	244	247	58	0	0	0	0	1413	244	248	0	0	0	0	0	1412
1374237676	601250	244	247	58	0	0	0	0	1414	244	248	0	0	0	0	0	1413
1374237677	094575	244	249	57	0	0	0	0	1415	244	248	0	0	0	0	0	1414
1374237677	587822	244	247	58	0	0	0	0	1416	244	248	0	0	0	0	0	1415
1374237678	081108	244	249	58	0	0	0	0	1417	244	248	0	0	0	0	0	1416
1374237678	573591	244	249	58	0	0	0	0	1418	244	248	0	0	0	0	0	1417
1374237679	066814	244	247	58	0	0	0	0	1419	244	248	0	0	0	0	0	1418
1374237679	558210	244	248	58	0	0	0	0	1420	244	248	0	0	0	0	0	1419
1374237680	050518	244	247	58	0	0	0	0	1421	244	248	0	0	0	0	0	1420
1374237680	543731	244	247	58	0	0	0	0	1422	244	248	0	0	0	0	0	1421
1374237681	037129	244	249	57	0	0	0	0	1423	244	248	0	0	0	0	0	1422
1374237681	529635	244	248	57	0	0	0	0	1424	244	248	0	0	0	0	0	1423
1374237682	021703	244	249	58	0	0	0	0	1425	244	248	0	0	0	0	0	1424
1374237682	514228	244	248	59	0	0	0	0	1426	244	248	0	0	0	0	0	1425
1374237683	005457	244	248	58	0	0	0	0	1427	244	248	0	0	0	0	0	1426
1374237683	497700	244	248	58	0	0	0	0	1428	244	248	0	0	0	0	0	1427
1374237683	991040	244	249	58	0	0	0	0	1429	244	248	0	0	0	0	0	1428
1374237684	483484	244	249	58	0	0	0	0	1430	244	248	0	0	0	0	0	1429
1374237684	976597	244	249	58	0	0	0	0	1431	244	248	0	0	0	0	0	1430
1374237685	470024	244	249	58	0	0	0	0	1432	244	249	0	0	0	0	0	1431
1374237685	962338	244	248	64	0	0	0	0	1433	244	248	0	0	0	0	0	1432
1374237686	454572	244	247	56	0	0	0	0	1434	244	248	0	0	0	0	0	1433
1374237686	946766	244	249	57	0	0	0	0	1435	244	248	0	0	0	0	0	1434
1374237687	438163	244	249	57	0	0	0	0	1436	244	248	0	0	0	0	0	1435
1374237687	931549	244	248	58	0	0	0	0	1437	244	248	0	0	0	0	0	1436
1374237688	425003	244	248	61	0	0	0	0	1438	244	248	0	0	0	0	0	1437
1374237688	918138	244	249	59	0	0	0	0	1439	244	248	0	0	0	0	0	1438
1374237689	410583	244	247	60	0	0	0	0	1440	244	248	0	0	0	0	0	1439
1374237689	903786	244	247	60	0	0	0	0	1441	244	248	0	0	0	0	0	1440
1374237690	397120	244	249	58	0	0	0	0	1442	244	248	0	0	0	0	0	1441
1374237690	890381	244	247	59	0	0	0	0	1443	244	249	0	0	0	0	0	1442
1374237691	383779	244	249	60	0	0	0	0	1444	244	248	0	0	0	0	0	1443
1374237691	876998	244	249	67	0	0	0	0	1445	244	248	0	0	0	0	0	1444
1374237692	368091	244	247	61	0	0	0	0	1446	244	248	0	0	0	0	0	1445
1374237692	860407	244	247	58	0	0	0	0	1447	244	248	0	0	0	0	0	1446
1374237693	352701	244	247	58	0	0	0	0	1448	244	248	0	0	0	0	0	1447
1374237693	847010	244	247	68	0	0	0	0	1449	244	248	0	0	0	0	0	1448
1374237694	340270	244	248	69	0	0	0	0	1450	244	249	0	0	0	0	0	1449
1374237694	832626	244	248	69	0	0	0	0	1451	244	248	0	0	0	0	0	1450
1374237695	325919	244	247	69	0	0	0	0	1452	244	248	0	0	0	0	0	1451
1374237695	818420	244	249	70	0	0	0	0	1453	244	248	0	0	0	0	0	1452
1374237696	310553	244	249	0	0	0	0	0	1454	244	248	0	0	0	0	0	1453
1374237696	804026	244	248	59	0	0	0	0	1455	244	248	0	0	0	0	0	1454
1374237697	297118	244	247	58	0	0	0	0	1456	244	248	0	0	0	0	0	1455
1374237697	791464	244	249	59	0	0	0	0	1457	244	248	0	0	0	0	0	1456
1374237698	284765	244	249	58	0	0	0	0	1458	244	248	0	0	0	0	0	1457
1374237698	777023	244	249	58	0	0	0	0	1459	244	248	0	0	0	0	0	1458
1374237699	270221	244	249	58	0	0	0	0	1460	244	248	0	0	0	0	0	1459
1374237699	761730	244	249	57	0	0	0	0	1461	244	248	0	0	0	0	0	1460
1374237700	254844	244	247	57	0	0	0	0	1462	244	248	0	0	0	0	0	1461
1374237700	748422	244	248	57	0	0	0	0	1463	244	248	0	0	0	0	0	1462
1374237701	241445	244	248	58	0	0	0	0	1464	244	248	0	0	0	0	0	1463
1374237701	733813	244	248	57	0	0	0	0	1465	244	248	0	0	0	0	0	1464
1374237702	227057	244	249	58	0	0	0	0	1466	244	248	0	0	0	0	0	1465
1374237702	720543	244	247	57	0	0	0	0	1467	244	248	0	0	0	0	0	1466
1374237703	213586	244	247	58	0	0	0	0	1468	244	248	0	0	0	0	0	1467
1374237703	706032	244	249	0	0	0	0	0	1469	244	248	0	0	0	0	0	1468
1374237704	199338	244	247	58	0	0	0	0	1470	244	248	0	0	0	0	0	1469
1374237704	691769	244	248	58	0	0	0	0	1471	244	248	0	0	0	0	0	1470
1374237705	183906	244	247	58	0	0	0	0	1472	244	248	0	0	0	0	0	1471
1374237705	677422	244	249	58	0	0	0	0	1473	244	248	0	0	0	0	0	1472
1374237706	170673	244	247	0	0	0	0	0	1474	244	248	0	0	0	0	0	1473
1374237706	663925	244	248	0	0	0	0	0	1475	244	248	0	0	0	0	0	1474
1374237707	157227	244	248	59	0	0	0	0	1476	244	248	0	0	0	0	0	1475
1374237707	650302	244	247	61	0	0	0	0	1477	244	248	0	0	0	0	0	1476
1374237708	142711	244	248	0	0	0	0	0	1478	244	248	0	0	0	0	0	1477
1374237708	635923	244	249	59	0	0	0	0	1479	244	248	0	0	0	0	0	1478
1374237709	129182	244	249	59	0	0	0	0	1480	244	248	0	0	0	0	0	1479
1374237709	622468	244	247	58	0	0	0	0	1481	244	248	0	0	0	0	0	1480
1374237710	115798	244	248	57	0	0	0	0	1482	244	248	0	0	0	0	0	1481
1374237710	609001	244	247	58	0	0	0	0	1483	244	248	0	0	0	0	0	1482
1374237711	101565	244	249	61	0	0	0	0	1484	244	248	0	0	0	0	0	1483
1374237711	594742	244	247	66	0	0	0	0	1485	244	248	0	0	0	0	0	1484
1374237712	088929	244	249	59	0	0	0	0	1486	244	248	0	0	0	0	0	1485
1374237712	582263	244	247	60	0	0	0	0	1487	244	248	0	0	0	0	0	1486
1374237713	074667	244	248	60	0	0	0	0	1488	244	248	0	0	0	0	0	1487
1374237713	567927	244	249	74	0	0	0	0	1489	244	248	0	0	0	0	0	1488
1374237714	061323	244	248	76	0	0	0	0	1490	244	248	0	0	0	0	0	1489
1374237714	554636	244	248	63	0	0	0	0	1491	244	248	0	0	0	0	0	1490
1374237715	047773	244	249	60	0	0	0	0	1492	244	248	0	0	0	0	0	1491
1374237715	541310	244	249	60	0	0	0	0	1493	244	248	0	0	0	0	0	1492
1374237716	034367	244	249	60	0	0	0	0	1494	244	248	0	0	0	0	0	1493
1374237716	527705	244	248	62	0	0	0	0	1495	244	248	0	0	0	0	0	1494
1374237717	020956	244	249	67	0	0	0	0	1496	244	248	0	0	0	0	0	1495
1374237717	513341	244	248	0	0	0	0	0	1497	244	248	0	0	0	0	0	1496
1374237718	005523	244	248	60	0	0	0	0	1498	244	248	0	0	0	0	0	1497
1374237718	498994	244	248	61	0	0	0	0	1499	244	248	0	0	0	0	0	1498
1374237718	991288	244	249	70	0	0	0	0	1500	244	248	0	0	0	0	0	1499
1374237719	483478	244	249	0	0	0	0	0	1501	244	248	0	0	0	0	0	1500
1374237719	976758	244	247	61	0	0	0	0	1502	244	248	0	0	0	0	0	1501
1374237720	469159	244	247	62	0	0	0	0	1503	244	248	0	0	0	0	0	1502
1374237720	962387	244	247	0	0	0	0	0	1504	244	248	0	0	0	0	0	1503
1374237721	454812	244	249	60	0	0	0	0	1505	244	248	0	0	0	0	0	1504
1374237721	947144	244	249	59	0	0	0	0	1506	244	248	0	0	0	0	0	1505
1374237722	440060	244	248	60	0	0	0	0	1507	244	248	0	0	0	0	0	1506
1374237722	932406	244	249	67	0	0	0	0	1508	244	248	0	0	0	0	0	1507
1374237723	425659	244	247	0	0	0	0	0	1509	244	248	0	0	0	0	0	1508
1374237723	918133	244	249	58	0	0	0	0	1510	244	248	0	0	0	0	0	1509
1374237724	411387	244	248	58	0	0	0	0	1511	244	248	0	0	0	0	0	1510
1374237724	904757	244	249	58	0	0	0	0	1512	244	248	0	0	0	0	0	1511
1374237725	398056	244	247	58	0	0	0	0	1513	244	248	0	0	0	0	0	1512
1374237725	892446	244	248	59	0	0	0	0	1514	244	248	0	0	0	0	0	1513
1374237726	385658	244	248	0	0	0	0	0	1515	244	248	0	0	0	0	0	1514
1374237726	878935	244	248	61	0	0	0	0	1516	244	248	0	0	0	0	0	1515
1374237727	372283	244	248	73	0	0	0	0	1517	244	248	0	0	0	0	0	1516
1374237727	865568	244	247	0	0	0	0	0	1518	244	248	0	0	0	0	0	1517
