1374232577	751989	244	247	107	0	0	0	0	1	244	248	0	0	0	0	0	0
1374232578	245448	244	248	108	0	0	0	0	2	244	248	0	0	0	0	0	1
1374232578	738586	244	247	107	0	0	0	0	3	244	248	0	0	0	0	0	2
1374232579	231718	244	247	108	0	0	0	0	4	244	248	0	0	0	0	0	3
1374232579	724227	244	247	107	0	0	0	0	5	244	248	0	0	0	0	0	4
1374232580	216437	244	248	107	0	0	0	0	6	244	248	0	0	0	0	0	5
1374232580	709933	244	249	107	0	0	0	0	7	244	248	0	0	0	0	0	6
1374232581	202422	244	247	107	0	0	0	0	8	244	248	0	0	0	0	0	7
1374232581	696516	244	246	108	0	0	0	0	9	244	248	0	0	0	0	0	8
1374232582	189945	244	246	108	0	0	0	0	10	244	248	115	0	0	0	0	9
1374232582	683195	244	247	49	0	0	0	0	11	244	248	78	0	0	0	0	10
1374232583	174624	244	247	0	0	0	0	0	12	244	246	52	0	0	0	0	11
1374232583	667931	244	248	0	0	0	0	0	13	244	248	56	0	0	0	0	12
1374232584	160205	244	247	85	0	0	0	0	14	244	248	68	0	0	0	0	13
1374232584	653482	244	249	82	0	0	0	0	15	244	247	64	141	0	0	0	14
1374232585	146879	244	248	76	0	0	0	0	16	244	248	66	0	0	0	0	15
1374232585	640049	244	247	66	0	0	0	0	17	244	247	69	0	0	0	0	16
1374232586	132506	244	247	62	0	0	0	0	18	244	247	61	122	0	0	0	17
1374232586	625679	244	249	0	0	0	0	0	19	244	248	60	0	0	0	0	18
1374232587	118048	244	249	61	0	0	0	0	20	244	247	57	138	0	0	0	19
1374232587	611449	244	249	69	0	0	0	0	21	244	247	51	0	0	0	0	20
1374232588	104515	244	248	68	0	0	0	0	22	244	247	63	0	0	0	0	21
1374232588	596136	244	248	69	0	0	0	0	23	244	247	65	0	0	0	0	22
1374232589	088475	244	249	71	0	0	0	0	24	244	248	61	0	0	0	0	23
1374232589	581612	244	247	67	0	0	0	0	25	244	248	68	0	0	0	0	24
1374232590	075055	244	249	67	0	0	0	0	26	244	247	62	0	0	0	0	25
1374232590	567121	244	249	67	0	0	0	0	27	244	247	0	0	0	0	0	26
1374232591	059524	244	249	62	0	0	0	0	28	244	247	0	0	0	0	0	27
1374232591	553641	244	248	0	0	0	0	0	29	244	247	62	0	0	0	0	28
1374232592	046905	244	248	61	0	0	0	0	30	244	247	57	0	0	0	0	29
1374232592	540290	244	249	62	0	0	0	0	31	244	247	60	0	0	0	0	30
1374232593	032403	244	247	0	0	0	0	0	32	244	247	62	0	0	0	0	31
1374232593	522846	244	249	0	0	0	0	0	33	244	247	66	0	0	0	0	32
1374232594	015146	244	249	64	0	0	0	0	34	244	247	62	0	0	0	0	33
1374232594	507413	244	247	66	0	0	0	0	35	244	248	62	0	0	0	0	34
1374232595	000793	244	248	68	0	0	0	0	36	244	247	62	148	0	0	0	35
1374232595	493264	244	248	69	0	0	0	0	37	244	248	63	0	0	0	0	36
1374232595	985598	244	249	70	0	0	0	0	38	244	248	64	0	0	0	0	37
1374232596	479847	244	249	65	0	0	0	0	39	244	247	62	0	0	0	0	38
1374232596	973188	244	249	0	0	0	0	0	40	244	247	62	0	0	0	0	39
1374232597	466496	244	248	0	0	0	0	0	41	244	247	62	146	0	0	0	40
1374232597	958744	244	247	0	0	0	0	0	42	244	248	60	146	0	0	0	41
1374232598	451958	244	249	67	0	0	0	0	43	244	247	64	146	0	0	0	42
1374232598	944499	244	249	67	0	0	0	0	44	244	247	61	0	0	0	0	43
1374232599	436549	244	247	69	0	0	0	0	45	244	247	63	0	0	0	0	44
1374232599	930752	244	249	62	0	0	0	0	46	244	248	64	0	0	0	0	45
1374232600	422340	244	249	62	0	0	0	0	47	244	247	62	0	0	0	0	46
1374232600	915579	244	249	65	0	0	0	0	48	244	247	62	0	0	0	0	47
1374232601	409001	244	247	65	0	0	0	0	49	244	247	62	0	0	0	0	48
1374232601	902387	244	248	67	0	0	0	0	50	244	247	63	0	0	0	0	49
1374232602	394460	244	248	0	0	0	0	0	51	244	248	67	0	0	0	0	50
1374232602	887712	244	248	68	0	0	0	0	52	244	247	65	143	0	0	0	51
1374232603	379157	244	249	0	0	0	0	0	53	244	247	67	0	0	0	0	52
1374232603	872401	244	247	67	0	0	0	0	54	244	247	65	0	0	0	0	53
1374232604	365639	244	247	62	0	0	0	0	55	244	247	61	0	0	0	0	54
1374232604	858045	244	248	65	0	0	0	0	56	244	247	58	0	0	0	0	55
1374232605	351413	244	247	65	0	0	0	0	57	244	247	59	0	0	0	0	56
1374232605	844694	244	249	65	0	0	0	0	58	244	247	0	0	0	0	0	57
1374232606	356202	244	249	64	0	0	0	0	59	244	247	0	0	0	0	0	58
1374232606	848461	244	249	0	0	0	0	0	60	244	247	63	0	0	0	0	59
1374232607	341694	244	247	44	0	0	0	0	61	244	248	0	0	0	0	0	60
1374232607	834869	244	249	43	0	0	0	0	62	244	247	67	0	0	0	0	61
1374232608	328269	244	247	0	0	0	0	0	63	244	247	0	0	0	0	0	62
1374232608	821620	244	248	41	0	0	0	0	64	244	247	55	0	0	0	0	63
1374232609	313984	244	248	42	0	0	0	0	65	244	247	56	0	0	0	0	64
1374232609	807274	244	249	0	0	0	0	0	66	244	247	56	0	0	0	0	65
1374232610	299397	244	247	0	0	0	0	0	67	244	247	69	0	0	0	0	66
1374232610	791791	244	247	0	0	0	0	0	68	244	247	49	0	0	0	0	67
1374232611	285041	244	249	0	0	0	0	0	69	244	247	49	0	0	0	0	68
1374232611	778308	244	247	0	0	0	0	0	70	244	247	49	0	0	0	0	69
1374232612	270825	244	249	43	0	0	0	0	71	244	247	49	0	0	0	0	70
1374232612	764086	244	249	44	0	0	0	0	72	244	247	49	0	0	0	0	71
1374232613	257375	244	249	0	0	0	0	0	73	244	247	49	0	0	0	0	72
1374232613	749507	244	249	0	0	0	0	0	74	244	247	48	0	0	0	0	73
1374232614	241918	244	248	0	0	0	0	0	75	244	247	49	0	0	0	0	74
1374232614	735260	244	247	43	0	0	0	0	76	244	247	49	0	0	0	0	75
1374232615	228474	244	248	44	0	0	0	0	77	244	247	49	0	0	0	0	76
1374232615	721823	244	248	0	0	0	0	0	78	244	247	49	0	0	0	0	77
1374232616	215075	244	249	59	0	0	0	0	79	244	247	51	0	0	0	0	78
1374232616	707612	244	249	0	0	0	0	0	80	244	247	0	0	0	0	0	79
1374232617	200059	244	247	57	0	0	0	0	81	244	247	57	0	0	0	0	80
1374232617	692221	244	247	0	0	0	0	0	82	244	247	58	0	0	0	0	81
1374232618	185651	244	247	0	0	0	0	0	83	244	247	0	0	0	0	0	82
1374232618	678919	244	247	64	0	0	0	0	84	244	247	62	0	0	0	0	83
1374232619	171258	244	248	59	0	0	0	0	85	244	247	54	0	0	0	0	84
1374232619	664609	244	248	61	0	0	0	0	86	244	248	0	0	0	0	0	85
1374232620	157976	244	247	59	0	0	0	0	87	244	247	54	0	0	0	0	86
1374232620	652213	244	249	0	0	0	0	0	88	244	247	54	0	0	0	0	87
1374232621	145523	244	247	0	0	0	0	0	89	244	248	0	0	0	0	0	88
1374232621	638742	244	247	0	0	0	0	0	90	244	247	0	0	0	0	0	89
1374232622	132127	244	248	61	0	0	0	0	91	244	247	59	0	0	0	0	90
1374232622	625327	244	247	0	0	0	0	0	92	244	247	0	0	0	0	0	91
1374232623	116595	244	248	0	0	0	0	0	93	244	247	0	0	0	0	0	92
1374232623	608843	244	249	0	0	0	0	0	94	244	247	0	0	0	0	0	93
1374232624	102102	244	247	66	0	0	0	0	95	244	247	54	0	0	0	0	94
1374232624	595612	244	247	58	0	0	0	0	96	244	247	52	0	0	0	0	95
1374232625	088840	244	249	58	0	0	0	0	97	244	247	60	0	0	0	0	96
1374232625	583100	244	249	59	0	0	0	0	98	244	247	58	0	0	0	0	97
1374232626	076534	244	247	0	0	0	0	0	99	244	247	56	0	0	0	0	98
1374232626	569540	244	248	0	0	0	0	0	100	244	247	57	0	0	0	0	99
1374232627	062951	244	248	0	0	0	0	0	101	244	247	53	0	0	0	0	100
1374232627	555331	244	248	58	0	0	0	0	102	244	247	0	0	0	0	0	101
1374232628	047586	244	248	0	0	0	0	0	103	244	247	0	0	0	0	0	102
1374232628	538910	244	248	57	0	0	0	0	104	244	247	59	0	0	0	0	103
1374232629	031189	244	248	0	0	0	0	0	105	244	247	60	0	0	0	0	104
1374232629	523571	244	248	62	0	0	0	0	106	244	247	53	0	0	0	0	105
1374232630	015968	244	249	0	0	0	0	0	107	244	247	53	0	0	0	0	106
1374232630	508121	244	248	63	0	0	0	0	108	244	247	53	0	0	0	0	107
1374232631	000363	244	247	64	0	0	0	0	109	244	248	54	0	0	0	0	108
1374232631	492723	244	248	64	0	0	0	0	110	244	247	55	0	0	0	0	109
1374232631	985054	244	248	0	0	0	0	0	111	244	247	0	0	0	0	0	110
1374232632	478515	244	248	0	0	0	0	0	112	244	247	59	0	0	0	0	111
1374232632	971424	244	249	0	0	0	0	0	113	244	247	59	0	0	0	0	112
1374232633	462801	244	249	144	0	0	0	0	114	244	247	54	0	0	0	0	113
1374232633	955185	244	248	66	0	0	0	0	115	244	247	60	0	0	0	0	114
1374232634	448509	244	247	0	0	0	0	0	116	244	247	0	0	0	0	0	115
1374232634	941949	244	247	0	0	0	0	0	117	244	247	0	0	0	0	0	116
1374232635	435079	244	247	0	0	0	0	0	118	244	247	63	0	0	0	0	117
1374232635	928625	244	247	0	0	0	0	0	119	244	247	61	0	0	0	0	118
1374232636	421930	244	247	58	0	0	0	0	120	244	247	0	0	0	0	0	119
1374232636	914995	244	249	56	0	0	0	0	121	244	247	0	0	0	0	0	120
1374232637	407378	244	247	0	0	0	0	0	122	244	247	0	0	0	0	0	121
1374232637	900558	244	247	0	0	0	0	0	123	244	247	0	0	0	0	0	122
1374232638	392922	244	247	59	0	0	0	0	124	244	247	0	0	0	0	0	123
1374232638	886262	244	249	0	0	0	0	0	125	244	248	0	0	0	0	0	124
1374232639	379621	244	247	0	0	0	0	0	126	244	247	53	0	0	0	0	125
1374232639	873073	244	248	0	0	0	0	0	127	244	247	53	0	0	0	0	126
1374232640	366319	244	249	0	0	0	0	0	128	244	247	0	0	0	0	0	127
1374232640	859730	244	247	0	0	0	0	0	129	244	247	0	0	0	0	0	128
1374232641	351930	244	249	0	0	0	0	0	130	244	247	53	0	0	0	0	129
1374232641	843345	244	249	0	0	0	0	0	131	244	248	54	0	0	0	0	130
1374232642	336576	244	248	0	0	0	0	0	132	244	247	0	0	0	0	0	131
1374232642	828864	244	247	0	0	0	0	0	133	244	247	0	0	0	0	0	132
1374232643	321159	244	247	0	0	0	0	0	134	244	247	54	0	0	0	0	133
1374232643	814552	244	247	0	0	0	0	0	135	244	247	0	0	0	0	0	134
1374232644	307954	244	247	0	0	0	0	0	136	244	247	0	0	0	0	0	135
1374232644	800227	244	249	0	0	0	0	0	137	244	247	54	0	0	0	0	136
1374232645	293357	244	249	0	0	0	0	0	138	244	247	0	0	0	0	0	137
1374232645	785825	244	247	0	0	0	0	0	139	244	247	54	0	0	0	0	138
1374232646	278099	244	249	0	0	0	0	0	140	244	247	58	0	0	0	0	139
1374232646	771199	244	249	0	0	0	0	0	141	244	247	53	0	0	0	0	140
1374232647	263540	244	247	0	0	0	0	0	142	244	247	52	0	0	0	0	141
1374232647	755964	244	248	0	0	0	0	0	143	244	247	59	0	0	0	0	142
1374232648	248169	244	247	0	0	0	0	0	144	244	247	56	0	0	0	0	143
1374232648	741409	244	249	0	0	0	0	0	145	244	247	56	0	0	0	0	144
1374232649	234873	244	249	57	0	0	0	0	146	244	247	59	0	0	0	0	145
1374232649	728091	244	247	57	0	0	0	0	147	244	247	56	0	0	0	0	146
1374232650	221528	244	247	57	0	0	0	0	148	244	247	54	0	0	0	0	147
1374232650	713752	244	249	0	0	0	0	0	149	244	247	0	0	0	0	0	148
1374232651	206154	244	249	0	0	0	0	0	150	244	247	59	0	0	0	0	149
1374232651	698465	244	247	0	0	0	0	0	151	244	247	0	0	0	0	0	150
1374232652	191600	244	249	57	0	0	0	0	152	244	247	56	0	0	0	0	151
1374232652	683845	244	247	58	0	0	0	0	153	244	247	57	0	0	0	0	152
1374232653	177235	244	249	59	0	0	0	0	154	244	247	0	0	0	0	0	153
1374232653	670494	244	248	0	0	0	0	0	155	244	247	60	0	0	0	0	154
1374232654	163962	244	248	0	0	0	0	0	156	244	247	58	0	0	0	0	155
1374232654	657124	244	248	60	0	0	0	0	157	244	247	56	0	0	0	0	156
1374232655	151454	244	247	0	0	0	0	0	158	244	248	56	0	0	0	0	157
1374232655	643802	244	248	59	0	0	0	0	159	244	247	0	0	0	0	0	158
1374232656	137119	244	247	58	0	0	0	0	160	244	247	0	0	0	0	0	159
1374232656	630399	244	247	0	0	0	0	0	161	244	247	56	0	0	0	0	160
1374232657	123676	244	247	0	0	0	0	0	162	244	247	58	0	0	0	0	161
1374232657	616960	244	249	0	0	0	0	0	163	244	247	57	0	0	0	0	162
1374232658	110222	244	248	0	0	0	0	0	164	244	247	0	0	0	0	0	163
1374232658	603323	244	249	57	0	0	0	0	165	244	247	53	0	0	0	0	164
1374232659	096762	244	248	0	0	0	0	0	166	244	247	0	0	0	0	0	165
1374232659	588923	244	247	60	0	0	0	0	167	244	247	53	0	0	0	0	166
1374232660	082272	244	249	0	0	0	0	0	168	244	247	53	0	0	0	0	167
1374232660	575631	244	248	60	0	0	0	0	169	244	247	63	0	0	0	0	168
1374232661	068935	244	247	0	0	0	0	0	170	244	247	0	0	0	0	0	169
1374232661	562341	244	247	0	0	0	0	0	171	244	247	57	0	0	0	0	170
1374232662	054755	244	248	0	0	0	0	0	172	244	247	182	0	0	0	0	171
1374232662	548067	244	247	0	0	0	0	0	173	244	247	55	0	0	0	0	172
1374232663	040144	244	247	0	0	0	0	0	174	244	247	53	0	0	0	0	173
1374232663	534606	244	249	0	0	0	0	0	175	244	247	53	0	0	0	0	174
1374232664	027035	244	247	0	0	0	0	0	176	244	247	54	0	0	0	0	175
1374232664	521146	244	247	57	0	0	0	0	177	244	247	56	0	0	0	0	176
1374232665	013486	244	249	58	0	0	0	0	178	244	247	0	0	0	0	0	177
1374232665	506914	244	247	0	0	0	0	0	179	244	247	54	0	0	0	0	178
1374232666	000048	244	249	0	0	0	0	0	180	244	247	53	0	0	0	0	179
1374232666	494271	244	248	0	0	0	0	0	181	244	247	0	0	0	0	0	180
1374232666	987726	244	247	0	0	0	0	0	182	244	247	0	0	0	0	0	181
1374232667	479868	244	249	58	0	0	0	0	183	244	247	0	0	0	0	0	182
1374232667	972177	244	248	0	0	0	0	0	184	244	247	58	0	0	0	0	183
1374232668	464640	244	247	0	0	0	0	0	185	244	247	0	0	0	0	0	184
1374232668	956778	244	247	0	0	0	0	0	186	244	247	0	0	0	0	0	185
1374232669	449206	244	249	0	0	0	0	0	187	244	247	53	0	0	0	0	186
1374232669	941574	244	247	0	0	0	0	0	188	244	247	0	0	0	0	0	187
1374232670	435004	244	247	0	0	0	0	0	189	244	247	53	0	0	0	0	188
1374232670	927236	244	248	0	0	0	0	0	190	244	247	56	0	0	0	0	189
1374232671	420489	244	248	0	0	0	0	0	191	244	247	52	0	0	0	0	190
1374232671	913943	244	248	0	0	0	0	0	192	244	247	54	0	0	0	0	191
1374232672	407130	244	247	0	0	0	0	0	193	244	247	0	0	0	0	0	192
1374232672	899142	244	249	57	0	0	0	0	194	244	247	60	0	0	0	0	193
1374232673	390550	244	247	58	0	0	0	0	195	244	247	53	0	0	0	0	194
1374232673	884001	244	247	0	0	0	0	0	196	244	247	52	0	0	0	0	195
1374232674	377079	244	249	0	0	0	0	0	197	244	247	0	0	0	0	0	196
1374232674	870405	244	248	0	0	0	0	0	198	244	247	53	0	0	0	0	197
1374232675	363931	244	247	0	0	0	0	0	199	244	247	51	0	0	0	0	198
1374232675	857207	244	247	0	0	0	0	0	200	244	247	75	0	0	0	0	199
1374232676	350490	244	247	0	0	0	0	0	201	244	247	56	0	0	0	0	200
1374232676	843743	244	248	0	0	0	0	0	202	244	247	51	0	0	0	0	201
1374232677	336125	244	248	51	0	0	0	0	203	244	247	49	112	0	0	0	202
1374232677	829513	244	248	0	0	0	0	0	204	244	247	49	0	0	0	0	203
1374232678	322613	244	249	0	0	0	0	0	205	244	246	51	0	0	0	0	204
1374232678	816968	244	247	0	0	0	0	0	206	244	247	50	113	0	0	0	205
1374232679	310517	244	249	0	0	0	0	0	207	244	247	49	111	0	0	0	206
1374232679	803562	244	247	0	0	0	0	0	208	244	247	49	113	0	0	0	207
1374232680	297093	244	247	60	0	0	0	0	209	244	247	49	0	0	0	0	208
1374232680	790199	244	249	0	0	0	0	0	210	244	247	50	114	0	0	0	209
1374232681	282513	244	247	0	0	0	0	0	211	244	247	49	113	0	0	0	210
1374232681	775834	244	248	0	0	0	0	0	212	244	247	49	113	0	0	0	211
1374232682	269368	244	247	0	0	0	0	0	213	244	247	49	113	0	0	0	212
1374232682	763278	244	248	62	0	0	0	0	214	244	247	50	114	0	0	0	213
1374232683	263707	244	249	0	0	0	0	0	215	244	247	50	114	0	0	0	214
1374232683	757008	244	247	0	0	0	0	0	216	244	247	50	114	0	0	0	215
1374232684	250358	244	249	0	0	0	0	0	217	244	247	49	0	0	0	0	216
1374232684	743555	244	248	0	0	0	0	0	218	244	247	50	0	0	0	0	217
1374232685	236864	244	249	0	0	0	0	0	219	244	247	51	0	0	0	0	218
1374232685	730089	244	249	0	0	0	0	0	220	244	247	49	115	0	0	0	219
1374232686	222503	244	247	0	0	0	0	0	221	244	247	51	0	0	0	0	220
1374232686	715731	244	248	59	0	0	0	0	222	244	247	51	0	0	0	0	221
1374232687	209105	244	247	59	0	0	0	0	223	244	247	51	0	0	0	0	222
1374232687	702262	244	249	0	0	0	0	0	224	244	247	50	0	0	0	0	223
1374232688	194685	244	248	0	0	0	0	0	225	244	247	50	112	0	0	0	224
1374232688	687020	244	248	0	0	0	0	0	226	244	247	51	0	0	0	0	225
1374232689	180513	244	247	0	0	0	0	0	227	244	247	50	0	0	0	0	226
1374232689	673612	244	247	0	0	0	0	0	228	244	247	58	0	0	0	0	227
1374232690	165914	244	248	58	0	0	0	0	229	244	247	50	115	0	0	0	228
1374232690	659118	244	247	58	0	0	0	0	230	244	247	51	113	0	0	0	229
1374232691	152512	244	247	0	0	0	0	0	231	244	247	49	113	0	0	0	230
1374232691	645026	244	247	0	0	0	0	0	232	244	247	49	111	0	0	0	231
1374232692	138318	244	249	0	0	0	0	0	233	244	247	50	112	0	0	0	232
1374232692	631542	244	247	0	0	0	0	0	234	244	247	50	111	0	0	0	233
1374232693	124814	244	247	0	0	0	0	0	235	244	247	50	0	0	0	0	234
1374232693	617058	244	248	0	0	0	0	0	236	244	247	50	113	0	0	0	235
1374232694	110409	244	247	0	0	0	0	0	237	244	247	50	114	0	0	0	236
1374232694	603854	244	248	0	0	0	0	0	238	244	247	50	0	0	0	0	237
1374232695	096962	244	247	0	0	0	0	0	239	244	247	50	0	0	0	0	238
1374232695	590452	244	247	0	0	0	0	0	240	244	247	51	0	0	0	0	239
1374232696	083788	244	249	0	0	0	0	0	241	244	247	49	0	0	0	0	240
1374232696	578093	244	249	0	0	0	0	0	242	244	247	50	151	0	0	0	241
1374232697	071431	244	247	0	0	0	0	0	243	244	247	50	0	0	0	0	242
1374232697	563676	244	248	0	0	0	0	0	244	244	247	49	0	0	0	0	243
1374232698	056024	244	247	0	0	0	0	0	245	244	247	50	112	0	0	0	244
1374232698	549236	244	248	0	0	0	0	0	246	244	247	50	111	0	0	0	245
1374232699	041638	244	248	0	0	0	0	0	247	244	247	50	113	0	0	0	246
1374232699	534928	244	247	0	0	0	0	0	248	244	247	49	113	0	0	0	247
1374232700	028303	244	249	0	0	0	0	0	249	244	247	50	112	0	0	0	248
1374232700	520595	244	248	0	0	0	0	0	250	244	247	49	112	0	0	0	249
1374232701	013779	244	249	0	0	0	0	0	251	244	247	49	111	0	0	0	250
1374232701	507246	244	249	0	0	0	0	0	252	244	247	49	113	0	0	0	251
1374232702	000593	244	249	64	0	0	0	0	253	244	247	50	113	0	0	0	252
1374232702	493968	244	247	64	0	0	0	0	254	244	247	49	0	0	0	0	253
1374232702	986100	244	248	0	0	0	0	0	255	244	247	49	114	0	0	0	254
1374232703	479295	244	249	0	0	0	0	0	256	244	247	49	113	0	0	0	255
1374232703	971612	244	249	0	0	0	0	0	257	244	247	50	0	0	0	0	256
1374232704	464127	244	247	0	0	0	0	0	258	244	247	50	114	0	0	0	257
1374232704	956275	244	249	0	0	0	0	0	259	244	247	50	115	0	0	0	258
1374232705	449509	244	247	0	0	0	0	0	260	244	247	50	0	0	0	0	259
1374232705	942927	244	248	0	0	0	0	0	261	244	247	50	0	0	0	0	260
1374232706	436276	244	248	0	0	0	0	0	262	244	247	50	0	0	0	0	261
1374232706	928639	244	248	0	0	0	0	0	263	244	247	50	0	0	0	0	262
1374232707	421950	244	247	0	0	0	0	0	264	244	247	50	0	0	0	0	263
1374232707	915093	244	248	0	0	0	0	0	265	244	247	50	111	0	0	0	264
1374232708	407390	244	248	0	0	0	0	0	266	244	247	50	0	0	0	0	265
1374232708	900641	244	249	0	0	0	0	0	267	244	247	50	135	0	0	0	266
1374232709	393941	244	248	0	0	0	0	0	268	244	247	49	0	0	0	0	267
1374232709	887328	244	248	0	0	0	0	0	269	244	247	49	0	0	0	0	268
1374232710	380624	244	249	0	0	0	0	0	270	244	247	49	0	0	0	0	269
1374232710	873087	244	249	0	0	0	0	0	271	244	247	49	0	0	0	0	270
1374232711	366470	244	248	0	0	0	0	0	272	244	247	49	0	0	0	0	271
1374232711	859800	244	249	0	0	0	0	0	273	244	247	49	114	0	0	0	272
1374232712	351955	244	248	0	0	0	0	0	274	244	247	50	114	0	0	0	273
1374232712	845249	244	247	0	0	0	0	0	275	244	247	50	0	0	0	0	274
1374232713	338727	244	247	0	0	0	0	0	276	244	247	50	0	0	0	0	275
1374232713	831812	244	247	0	0	0	0	0	277	244	247	51	113	0	0	0	276
1374232714	324265	244	248	0	0	0	0	0	278	244	247	50	112	0	0	0	277
1374232714	817474	244	248	0	0	0	0	0	279	244	247	49	111	0	0	0	278
1374232715	310691	244	247	0	0	0	0	0	280	244	247	49	112	0	0	0	279
1374232715	803051	244	247	0	0	0	0	0	281	244	247	49	112	0	0	0	280
1374232716	296441	244	247	0	0	0	0	0	282	244	247	49	111	0	0	0	281
1374232716	789552	244	248	0	0	0	0	0	283	244	247	50	111	0	0	0	282
1374232717	282844	244	248	0	0	0	0	0	284	244	247	50	0	0	0	0	283
1374232717	776180	244	249	0	0	0	0	0	285	244	247	53	0	0	0	0	284
1374232718	269444	244	247	0	0	0	0	0	286	244	247	60	0	0	0	0	285
1374232718	762752	244	246	61	0	0	0	0	287	244	247	55	119	0	0	0	286
1374232719	256012	244	248	61	0	0	0	0	288	244	247	56	0	0	0	0	287
1374232719	748344	244	249	62	0	0	0	0	289	244	247	54	0	0	0	0	288
1374232720	241724	244	247	69	0	0	0	0	290	244	247	62	0	0	0	0	289
1374232720	735001	244	247	67	0	0	0	0	291	244	247	60	0	0	0	0	290
1374232721	228284	244	247	68	0	0	0	0	292	244	247	73	134	0	0	0	291
1374232721	720643	244	247	68	0	0	0	0	293	244	247	65	0	0	0	0	292
1374232722	213890	244	249	69	0	0	0	0	294	244	247	62	0	0	0	0	293
1374232722	706310	244	248	65	0	0	0	0	295	244	247	69	0	0	0	0	294
1374232723	199608	244	249	64	0	0	0	0	296	244	247	66	128	0	0	0	295
1374232723	692605	244	248	63	0	0	0	0	297	244	247	0	0	0	0	0	296
1374232724	185133	244	249	63	0	0	0	0	298	244	247	56	0	0	0	0	297
1374232724	678332	244	247	62	0	0	0	0	299	244	247	60	0	0	0	0	298
1374232725	172793	244	247	62	0	0	0	0	300	244	247	54	0	0	0	0	299
1374232725	665981	244	249	63	0	0	0	0	301	244	247	56	0	0	0	0	300
1374232726	159362	244	247	63	0	0	0	0	302	244	247	61	0	0	0	0	301
1374232726	651733	244	249	63	0	0	0	0	303	244	247	62	0	0	0	0	302
1374232727	145133	244	247	63	0	0	0	0	304	244	247	60	0	0	0	0	303
1374232727	638547	244	247	63	0	0	0	0	305	244	247	66	0	0	0	0	304
1374232728	131564	244	247	63	0	0	0	0	306	244	247	63	0	0	0	0	305
1374232728	625904	244	248	64	0	0	0	0	307	244	247	0	0	0	0	0	306
1374232729	119188	244	248	61	0	0	0	0	308	244	247	0	0	0	0	0	307
1374232729	612483	244	248	62	0	0	0	0	309	244	247	60	0	0	0	0	308
1374232730	104890	244	249	62	0	0	0	0	310	244	247	62	0	0	0	0	309
1374232730	598119	244	248	62	0	0	0	0	311	244	247	66	0	0	0	0	310
1374232731	091353	244	248	63	0	0	0	0	312	244	247	60	0	0	0	0	311
1374232731	584889	244	247	62	0	0	0	0	313	244	247	58	128	0	0	0	312
1374232732	077162	244	248	62	0	0	0	0	314	244	247	60	0	0	0	0	313
1374232732	570329	244	249	63	0	0	0	0	315	244	247	60	0	0	0	0	314
1374232733	062564	244	247	63	0	0	0	0	316	244	247	59	0	0	0	0	315
1374232733	555854	244	247	63	0	0	0	0	317	244	247	58	131	0	0	0	316
1374232734	048467	244	249	62	0	0	0	0	318	244	247	58	0	0	0	0	317
1374232734	541417	244	247	63	0	0	0	0	319	244	247	59	0	0	0	0	318
1374232735	034954	244	247	62	0	0	0	0	320	244	247	59	0	0	0	0	319
1374232735	528177	244	247	62	0	0	0	0	321	244	247	59	0	0	0	0	320
1374232736	020421	244	249	62	0	0	0	0	322	244	248	57	0	0	0	0	321
1374232736	512911	244	247	61	0	0	0	0	323	244	247	60	0	0	0	0	322
1374232737	006279	244	249	62	0	0	0	0	324	244	247	59	0	0	0	0	323
1374232737	498596	244	247	62	0	0	0	0	325	244	247	60	0	0	0	0	324
1374232737	991855	244	248	62	0	0	0	0	326	244	247	60	0	0	0	0	325
1374232738	484017	244	249	62	0	0	0	0	327	244	247	60	0	0	0	0	326
1374232738	976243	244	249	62	0	0	0	0	328	244	247	60	0	0	0	0	327
1374232739	468633	244	248	63	0	0	0	0	329	244	247	60	0	0	0	0	328
1374232739	961961	244	248	63	0	0	0	0	330	244	247	58	0	0	0	0	329
1374232740	455460	244	248	63	0	0	0	0	331	244	247	59	0	0	0	0	330
1374232740	948720	244	248	61	0	0	0	0	332	244	247	60	0	0	0	0	331
1374232741	441151	244	247	62	0	0	0	0	333	244	247	59	0	0	0	0	332
1374232741	934523	244	247	63	0	0	0	0	334	244	247	59	0	0	0	0	333
1374232742	426657	244	249	63	0	0	0	0	335	244	247	59	0	0	0	0	334
1374232742	919048	244	249	63	0	0	0	0	336	244	247	58	0	0	0	0	335
1374232743	412369	244	249	62	0	0	0	0	337	244	247	59	0	0	0	0	336
1374232743	905679	244	248	63	0	0	0	0	338	244	247	59	0	0	0	0	337
1374232744	398859	244	248	62	0	0	0	0	339	244	247	58	0	0	0	0	338
1374232744	892266	244	247	63	0	0	0	0	340	244	247	58	0	0	0	0	339
1374232745	384607	244	248	62	0	0	0	0	341	244	247	58	0	0	0	0	340
1374232745	877927	244	249	62	137	0	0	0	342	244	247	58	0	0	0	0	341
1374232746	371204	244	248	63	0	0	0	0	343	244	247	59	0	0	0	0	342
1374232746	864646	244	248	62	0	0	0	0	344	244	247	59	0	0	0	0	343
1374232747	357793	244	247	62	0	0	0	0	345	244	247	58	0	0	0	0	344
1374232747	851240	244	247	60	0	0	0	0	346	244	247	58	0	0	0	0	345
1374232748	345278	244	248	61	0	0	0	0	347	244	247	58	0	0	0	0	346
1374232748	837627	244	247	60	0	0	0	0	348	244	247	57	0	0	0	0	347
1374232749	330828	244	248	61	0	0	0	0	349	244	247	57	0	0	0	0	348
1374232749	823265	244	249	62	0	0	0	0	350	244	247	58	0	0	0	0	349
1374232750	316635	244	247	61	0	0	0	0	351	244	247	58	0	0	0	0	350
1374232750	809901	244	247	61	0	0	0	0	352	244	247	58	0	0	0	0	351
1374232751	302259	244	248	63	0	0	0	0	353	244	247	58	0	0	0	0	352
1374232751	795686	244	249	62	0	0	0	0	354	244	247	58	0	0	0	0	353
1374232752	288724	244	249	64	0	0	0	0	355	244	247	59	0	0	0	0	354
1374232752	782182	244	249	63	0	0	0	0	356	244	247	60	0	0	0	0	355
1374232753	276172	244	247	63	0	0	0	0	357	244	247	60	0	0	0	0	356
1374232753	768562	244	247	63	0	0	0	0	358	244	247	59	0	0	0	0	357
1374232754	261884	244	247	61	0	0	0	0	359	244	247	58	0	0	0	0	358
1374232754	754281	244	248	63	0	0	0	0	360	244	247	58	0	0	0	0	359
1374232755	245570	244	247	62	0	0	0	0	361	244	247	58	0	0	0	0	360
1374232755	739782	244	247	63	0	0	0	0	362	244	247	59	0	0	0	0	361
1374232756	230262	244	249	62	0	0	0	0	363	244	247	58	0	0	0	0	362
1374232756	723521	244	248	62	0	0	0	0	364	244	247	58	0	0	0	0	363
1374232757	215998	244	247	63	0	0	0	0	365	244	247	58	0	0	0	0	364
1374232757	709228	244	247	63	0	0	0	0	366	244	247	59	0	0	0	0	365
1374232758	203491	244	249	63	0	0	0	0	367	244	247	60	0	0	0	0	366
1374232758	696874	244	249	62	0	0	0	0	368	244	247	60	0	0	0	0	367
1374232759	189064	244	249	63	0	0	0	0	369	244	247	58	0	0	0	0	368
1374232759	683394	244	248	62	0	0	0	0	370	244	247	58	0	0	0	0	369
1374232760	176562	244	247	63	0	0	0	0	371	244	247	58	120	0	0	0	370
1374232760	668914	244	247	63	0	0	0	0	372	244	247	58	0	0	0	0	371
1374232761	162169	244	247	62	0	0	0	0	373	244	247	58	0	0	0	0	372
1374232761	654668	244	247	62	0	0	0	0	374	244	247	59	0	0	0	0	373
1374232762	147899	244	247	62	0	0	0	0	375	244	247	0	0	0	0	0	374
1374232762	641261	244	247	64	0	0	0	0	376	244	247	0	0	0	0	0	375
1374232763	134497	244	247	63	0	0	0	0	377	244	247	66	0	0	0	0	376
1374232763	627768	244	249	68	0	0	0	0	378	244	247	59	0	0	0	0	377
1374232764	122047	244	249	63	0	0	0	0	379	244	247	63	0	0	0	0	378
1374232764	614382	244	249	62	0	0	0	0	380	244	247	64	0	0	0	0	379
1374232765	106762	244	246	62	0	0	0	0	381	244	247	65	0	0	0	0	380
1374232765	599815	244	248	62	0	0	0	0	382	244	247	64	0	0	0	0	381
1374232766	092208	244	249	62	0	0	0	0	383	244	247	60	0	0	0	0	382
1374232766	585531	244	247	62	0	0	0	0	384	244	247	62	0	0	0	0	383
1374232767	078944	244	249	62	0	0	0	0	385	244	247	62	0	0	0	0	384
1374232767	572215	244	249	62	0	0	0	0	386	244	247	64	0	0	0	0	385
1374232768	064477	244	249	63	0	0	0	0	387	244	247	63	194	0	0	0	386
1374232768	557682	244	249	63	0	0	0	0	388	244	247	62	0	0	0	0	387
1374232769	050930	244	248	63	0	0	0	0	389	244	247	104	0	0	0	0	388
1374232769	545267	244	249	62	0	0	0	0	390	244	247	59	0	0	0	0	389
1374232770	038698	244	248	63	0	0	0	0	391	244	247	58	0	0	0	0	390
1374232770	531117	244	247	62	0	0	0	0	392	244	247	58	0	0	0	0	391
1374232771	024315	244	247	62	0	0	0	0	393	244	247	60	0	0	0	0	392
1374232771	517587	244	247	63	0	0	0	0	394	244	247	61	0	0	0	0	393
1374232772	010993	244	249	64	0	0	0	0	395	244	247	57	0	0	0	0	394
1374232772	503199	244	247	64	0	0	0	0	396	244	247	47	0	0	0	0	395
1374232772	995521	244	249	63	0	0	0	0	397	244	247	47	0	0	0	0	396
1374232773	488804	244	247	63	0	0	0	0	398	244	247	61	0	0	0	0	397
1374232773	983075	244	248	63	0	0	0	0	399	244	247	46	0	0	0	0	398
1374232774	475436	244	247	63	0	0	0	0	400	244	247	46	0	0	0	0	399
1374232774	967738	244	248	64	0	0	0	0	401	244	247	62	0	0	0	0	400
1374232775	460926	244	249	64	0	0	0	0	402	244	247	64	0	0	0	0	401
1374232775	952474	244	249	63	0	0	0	0	403	244	247	60	0	0	0	0	402
1374232776	445766	244	248	62	0	0	0	0	404	244	247	63	0	0	0	0	403
1374232776	938933	244	248	63	0	0	0	0	405	244	247	63	0	0	0	0	404
1374232777	431259	244	248	62	0	0	0	0	406	244	247	62	0	0	0	0	405
1374232777	923594	244	247	62	0	0	0	0	407	244	247	62	0	0	0	0	406
1374232778	416017	244	248	62	0	0	0	0	408	244	247	62	0	0	0	0	407
1374232778	909391	244	248	61	0	0	0	0	409	244	247	62	0	0	0	0	408
1374232779	402536	244	247	62	0	0	0	0	410	244	247	64	0	0	0	0	409
1374232779	895875	244	247	62	0	0	0	0	411	244	247	60	0	0	0	0	410
1374232780	389285	244	247	62	0	0	0	0	412	244	247	60	0	0	0	0	411
1374232780	882619	244	248	62	0	0	0	0	413	244	247	60	0	0	0	0	412
1374232781	375971	244	247	60	0	0	0	0	414	244	247	60	0	0	0	0	413
1374232781	869270	244	248	62	0	0	0	0	415	244	247	59	0	0	0	0	414
1374232782	361383	244	249	62	0	0	0	0	416	244	248	59	0	0	0	0	415
1374232782	854578	244	249	62	0	0	0	0	417	244	247	60	0	0	0	0	416
1374232783	346893	244	248	61	0	0	0	0	418	244	247	58	0	0	0	0	417
1374232783	840238	244	249	60	0	0	0	0	419	244	247	59	0	0	0	0	418
1374232784	333606	244	247	62	0	0	0	0	420	244	247	55	0	0	0	0	419
1374232784	826897	244	249	61	0	0	0	0	421	244	248	59	0	0	0	0	420
1374232785	319236	244	248	60	0	0	0	0	422	244	247	59	0	0	0	0	421
1374232785	811366	244	247	60	0	0	0	0	423	244	247	56	0	0	0	0	422
1374232786	305035	244	248	61	0	0	0	0	424	244	247	60	0	0	0	0	423
1374232786	798102	244	247	62	0	0	0	0	425	244	247	58	0	0	0	0	424
1374232787	291316	244	249	61	0	0	0	0	426	244	247	57	0	0	0	0	425
1374232787	784635	244	247	60	0	0	0	0	427	244	247	57	0	0	0	0	426
1374232788	277915	244	247	59	0	0	0	0	428	244	247	66	0	0	0	0	427
1374232788	772333	244	249	59	0	0	0	0	429	244	247	58	0	0	0	0	428
1374232789	265436	244	247	60	0	0	0	0	430	244	247	57	0	0	0	0	429
1374232789	758823	244	249	60	0	0	0	0	431	244	247	56	0	0	0	0	430
1374232790	251233	244	247	60	0	0	0	0	432	244	247	59	0	0	0	0	431
1374232790	744463	244	249	60	0	0	0	0	433	244	247	59	0	0	0	0	432
1374232791	237852	244	247	59	0	0	0	0	434	244	247	59	0	0	0	0	433
1374232791	731219	244	247	60	0	0	0	0	435	244	247	59	0	0	0	0	434
1374232792	224626	244	248	59	0	0	0	0	436	244	247	59	0	0	0	0	435
1374232792	717862	244	248	60	0	0	0	0	437	244	247	56	118	0	0	0	436
1374232793	209995	244	247	62	0	0	0	0	438	244	247	59	0	0	0	0	437
1374232793	703183	244	249	64	0	0	0	0	439	244	247	58	0	0	0	0	438
1374232794	196499	244	249	63	0	0	0	0	440	244	247	58	119	0	0	0	439
1374232794	689804	244	247	63	0	0	0	0	441	244	247	58	0	0	0	0	440
1374232795	182095	244	247	64	0	0	0	0	442	244	247	56	0	0	0	0	441
1374232795	674464	244	248	0	0	0	0	0	443	244	247	59	0	0	0	0	442
1374232796	167902	244	248	65	0	0	0	0	444	244	247	57	0	0	0	0	443
1374232796	660054	244	248	66	0	0	0	0	445	244	247	58	0	0	0	0	444
1374232797	153429	244	249	63	0	0	0	0	446	244	247	57	0	0	0	0	445
1374232797	646673	244	247	63	0	0	0	0	447	244	247	55	0	0	0	0	446
1374232798	140965	244	249	64	0	0	0	0	448	244	247	56	0	0	0	0	447
1374232798	633149	244	247	63	0	0	0	0	449	244	248	56	0	0	0	0	448
1374232799	126498	244	249	62	0	0	0	0	450	244	247	56	0	0	0	0	449
1374232799	619641	244	248	63	0	0	0	0	451	244	247	56	0	0	0	0	450
1374232800	112124	244	248	63	0	0	0	0	452	244	247	0	0	0	0	0	451
1374232800	605283	244	249	62	0	0	0	0	453	244	247	0	0	0	0	0	452
1374232801	098589	244	248	62	0	0	0	0	454	244	247	57	0	0	0	0	453
1374232801	591845	244	248	63	0	0	0	0	455	244	247	57	0	0	0	0	454
1374232802	085137	244	248	63	0	0	0	0	456	244	247	57	0	0	0	0	455
1374232802	580540	244	248	64	0	0	0	0	457	244	247	62	130	0	0	0	456
1374232803	074685	244	249	64	0	0	0	0	458	244	247	57	0	0	0	0	457
1374232803	567773	244	247	64	0	0	0	0	459	244	247	58	0	0	0	0	458
1374232804	058381	244	247	63	0	0	0	0	460	244	247	58	0	0	0	0	459
1374232804	550619	244	248	63	0	0	0	0	461	244	247	58	0	0	0	0	460
1374232805	044849	244	249	62	0	0	0	0	462	244	247	60	0	0	0	0	461
1374232805	538137	244	248	62	0	0	0	0	463	244	247	56	0	0	0	0	462
1374232806	030582	244	249	63	0	0	0	0	464	244	247	58	0	0	0	0	463
1374232806	524951	244	247	63	0	0	0	0	465	244	247	58	0	0	0	0	464
1374232807	017199	244	247	64	0	0	0	0	466	244	247	58	0	0	0	0	465
1374232807	509696	244	247	63	0	0	0	0	467	244	247	62	0	0	0	0	466
1374232808	002920	244	249	64	0	0	0	0	468	244	247	60	0	0	0	0	467
1374232808	496128	244	248	63	0	0	0	0	469	244	247	58	0	0	0	0	468
1374232808	988414	244	249	63	0	0	0	0	470	244	247	60	0	0	0	0	469
1374232809	480744	244	247	63	0	0	0	0	471	244	247	59	0	0	0	0	470
1374232809	974045	244	247	63	0	0	0	0	472	244	247	58	0	0	0	0	471
1374232810	466353	244	247	64	0	0	0	0	473	244	247	61	0	0	0	0	472
1374232810	959799	244	247	63	0	0	0	0	474	244	247	61	0	0	0	0	473
1374232811	453107	244	248	63	0	0	0	0	475	244	247	60	0	0	0	0	474
1374232811	946533	244	247	62	0	0	0	0	476	244	247	57	0	0	0	0	475
1374232812	438925	244	247	63	0	0	0	0	477	244	247	56	0	0	0	0	476
1374232812	932032	244	248	62	0	0	0	0	478	244	247	60	0	0	0	0	477
1374232813	426188	244	248	63	0	0	0	0	479	244	247	59	0	0	0	0	478
1374232813	919402	244	248	64	0	0	0	0	480	244	247	60	0	0	0	0	479
1374232814	412894	244	247	62	0	0	0	0	481	244	247	64	0	0	0	0	480
1374232814	906103	244	247	64	0	0	0	0	482	244	247	58	0	0	0	0	481
1374232815	399574	244	249	63	0	0	0	0	483	244	247	60	0	0	0	0	482
1374232815	892884	244	248	63	0	0	0	0	484	244	247	58	0	0	0	0	483
1374232816	385271	244	248	62	0	0	0	0	485	244	247	58	120	0	0	0	484
1374232816	877630	244	247	64	0	0	0	0	486	244	247	57	0	0	0	0	485
1374232817	369886	244	247	64	0	0	0	0	487	244	247	58	0	0	0	0	486
1374232817	863243	244	249	68	0	0	0	0	488	244	247	59	0	0	0	0	487
1374232818	356389	244	248	64	0	0	0	0	489	244	247	60	0	0	0	0	488
1374232818	849767	244	247	65	0	0	0	0	490	244	247	60	0	0	0	0	489
1374232819	343004	244	248	64	0	0	0	0	491	244	247	57	0	0	0	0	490
1374232819	836434	244	249	63	0	0	0	0	492	244	247	59	0	0	0	0	491
1374232820	329776	244	249	63	0	0	0	0	493	244	247	56	0	0	0	0	492
1374232820	822957	244	248	63	0	0	0	0	494	244	247	58	0	0	0	0	493
1374232821	316337	244	249	65	0	0	0	0	495	244	247	59	126	0	0	0	494
1374232821	808796	244	247	63	0	0	0	0	496	244	247	54	0	0	0	0	495
1374232822	302052	244	248	62	0	0	0	0	497	244	247	44	0	0	0	0	496
1374232822	794309	244	248	62	0	0	0	0	498	244	247	45	0	0	0	0	497
1374232823	287639	244	247	62	0	0	0	0	499	244	247	47	0	0	0	0	498
1374232823	781975	244	248	62	0	0	0	0	500	244	247	50	0	0	0	0	499
1374232824	276493	244	249	63	0	0	0	0	501	244	247	0	0	0	0	0	500
1374232824	769729	244	249	63	0	0	0	0	502	244	247	59	0	0	0	0	501
1374232825	261905	244	248	0	0	0	0	0	503	244	247	0	0	0	0	0	502
1374232825	755225	244	247	65	0	0	0	0	504	244	247	60	0	0	0	0	503
1374232826	248636	244	249	64	0	0	0	0	505	244	247	63	0	0	0	0	504
1374232826	740911	244	247	63	0	0	0	0	506	244	247	59	0	0	0	0	505
1374232827	234260	244	247	63	0	0	0	0	507	244	247	59	0	0	0	0	506
1374232827	727432	244	249	63	0	0	0	0	508	244	247	114	0	0	0	0	507
1374232828	220607	244	248	63	0	0	0	0	509	244	247	59	0	0	0	0	508
1374232828	713964	244	248	63	0	0	0	0	510	244	247	57	0	0	0	0	509
1374232829	207210	244	247	64	0	0	0	0	511	244	247	57	125	0	0	0	510
1374232829	699328	244	249	64	0	0	0	0	512	244	247	56	118	0	0	0	511
1374232830	190820	244	248	64	0	0	0	0	513	244	247	56	118	0	0	0	512
1374232830	684128	244	248	63	0	0	0	0	514	244	247	56	118	0	0	0	513
1374232831	177468	244	247	63	0	0	0	0	515	244	247	57	125	0	0	0	514
1374232831	670797	244	247	63	0	0	0	0	516	244	247	58	0	0	0	0	515
1374232832	164162	244	247	63	0	0	0	0	517	244	247	58	0	0	0	0	516
1374232832	657457	244	249	64	0	0	0	0	518	244	246	56	0	0	0	0	517
1374232833	149443	244	247	63	0	0	0	0	519	244	247	56	126	0	0	0	518
1374232833	641046	244	247	62	0	0	0	0	520	244	247	56	0	0	0	0	519
1374232834	133324	244	247	63	0	0	0	0	521	244	247	59	0	0	0	0	520
1374232834	625636	244	247	62	0	0	0	0	522	244	247	59	0	0	0	0	521
1374232835	117882	244	249	62	0	0	0	0	523	244	247	58	0	0	0	0	522
1374232835	610244	244	247	65	0	0	0	0	524	244	247	58	0	0	0	0	523
1374232836	102681	244	247	66	0	0	0	0	525	244	247	46	0	0	0	0	524
1374232836	595983	244	247	65	0	0	0	0	526	244	247	46	0	0	0	0	525
1374232837	087209	244	248	64	0	0	0	0	527	244	247	54	128	0	0	0	526
1374232837	580642	244	249	66	0	0	0	0	528	244	247	62	127	0	0	0	527
1374232838	072676	244	247	0	0	0	0	0	529	244	247	66	0	0	0	0	528
1374232838	565172	244	247	0	0	0	0	0	530	244	247	61	0	0	0	0	529
1374232839	058519	244	247	0	0	0	0	0	531	244	247	141	0	0	0	0	530
1374232839	551668	244	249	0	0	0	0	0	532	244	247	58	0	0	0	0	531
1374232840	043965	244	247	0	0	0	0	0	533	244	247	0	0	0	0	0	532
1374232840	537262	244	247	0	0	0	0	0	534	244	247	138	0	0	0	0	533
1374232841	029621	244	248	65	0	0	0	0	535	244	247	61	0	0	0	0	534
1374232841	523026	244	248	0	0	0	0	0	536	244	247	0	0	0	0	0	535
1374232842	016452	244	248	0	0	0	0	0	537	244	247	57	0	0	0	0	536
1374232842	509574	244	249	0	0	0	0	0	538	244	247	56	0	0	0	0	537
1374232843	002844	244	249	61	0	0	0	0	539	244	247	54	0	0	0	0	538
1374232843	496058	244	249	54	0	0	0	0	540	244	247	52	0	0	0	0	539
1374232843	988454	244	247	46	0	0	0	0	541	244	247	52	0	0	0	0	540
1374232844	481759	244	248	0	0	0	0	0	542	244	247	50	0	0	0	0	541
1374232844	974209	244	248	0	0	0	0	0	543	244	247	50	0	0	0	0	542
1374232845	467635	244	247	0	0	0	0	0	544	244	247	50	0	0	0	0	543
1374232845	960741	244	249	52	0	0	0	0	545	244	247	51	0	0	0	0	544
1374232846	453266	244	247	54	0	0	0	0	546	244	247	51	0	0	0	0	545
1374232846	945557	244	249	45	0	0	0	0	547	244	247	51	0	0	0	0	546
1374232847	437817	244	248	44	0	0	0	0	548	244	247	51	0	0	0	0	547
1374232847	930925	244	247	44	0	0	0	0	549	244	247	51	0	0	0	0	548
1374232848	422351	244	247	47	0	0	0	0	550	244	246	51	0	0	0	0	549
1374232848	915893	244	248	45	0	0	0	0	551	244	247	51	0	0	0	0	550
1374232849	409974	244	248	45	0	0	0	0	552	244	247	50	0	0	0	0	551
1374232849	902504	244	247	45	0	0	0	0	553	244	247	50	0	0	0	0	552
1374232850	395524	244	249	0	0	0	0	0	554	244	247	51	0	0	0	0	553
1374232850	889002	244	248	45	0	0	0	0	555	244	247	51	0	0	0	0	554
1374232851	382309	244	247	45	0	0	0	0	556	244	247	51	0	0	0	0	555
1374232851	875561	244	247	46	0	0	0	0	557	244	247	51	0	0	0	0	556
1374232852	368892	244	249	46	0	0	0	0	558	244	247	51	0	0	0	0	557
1374232852	863103	244	247	46	0	0	0	0	559	244	247	51	0	0	0	0	558
1374232853	355661	244	247	0	0	0	0	0	560	244	246	51	0	0	0	0	559
1374232853	848795	244	247	0	0	0	0	0	561	244	247	51	0	0	0	0	560
1374232854	342141	244	247	45	0	0	0	0	562	244	247	51	0	0	0	0	561
1374232854	836672	244	249	58	0	0	0	0	563	244	247	0	0	0	0	0	562
1374232855	330713	244	248	46	0	0	0	0	564	244	247	0	0	0	0	0	563
1374232855	824031	244	247	0	0	0	0	0	565	244	247	107	0	0	0	0	564
1374232856	317506	244	249	58	0	0	0	0	566	244	247	0	0	0	0	0	565
1374232856	810733	244	248	43	0	0	0	0	567	244	247	0	0	0	0	0	566
1374232857	303938	244	247	44	0	0	0	0	568	244	247	0	0	0	0	0	567
1374232857	797320	244	247	0	0	0	0	0	569	244	247	0	0	0	0	0	568
1374232858	291542	244	247	0	0	0	0	0	570	244	247	58	0	0	0	0	569
1374232858	784005	244	247	137	0	0	0	0	571	244	247	0	0	0	0	0	570
1374232859	277378	244	248	0	0	0	0	0	572	244	246	0	0	0	0	0	571
1374232859	769703	244	247	0	0	0	0	0	573	244	247	0	0	0	0	0	572
1374232860	261859	244	249	0	0	0	0	0	574	244	247	0	0	0	0	0	573
1374232860	754113	244	247	0	0	0	0	0	575	244	247	0	0	0	0	0	574
1374232861	247468	244	247	0	0	0	0	0	576	244	247	0	0	0	0	0	575
1374232861	739844	244	248	0	0	0	0	0	577	244	247	137	0	0	0	0	576
1374232862	233188	244	247	0	0	0	0	0	578	244	247	0	0	0	0	0	577
1374232862	725444	244	247	0	0	0	0	0	579	244	247	0	0	0	0	0	578
1374232863	218666	244	249	0	0	0	0	0	580	244	247	0	0	0	0	0	579
1374232863	711952	244	247	0	0	0	0	0	581	244	247	0	0	0	0	0	580
1374232864	205235	244	247	45	0	0	0	0	582	244	247	58	0	0	0	0	581
1374232864	697632	244	248	44	0	0	0	0	583	244	247	62	0	0	0	0	582
1374232865	191031	244	249	45	0	0	0	0	584	244	247	61	0	0	0	0	583
1374232865	684383	244	248	0	0	0	0	0	585	244	246	60	0	0	0	0	584
1374232866	176558	244	248	45	0	0	0	0	586	244	247	62	0	0	0	0	585
1374232866	669861	244	247	45	0	0	0	0	587	244	247	62	0	0	0	0	586
1374232867	163365	244	248	44	0	0	0	0	588	244	246	56	0	0	0	0	587
1374232867	656624	244	248	44	0	0	0	0	589	244	247	0	0	0	0	0	588
1374232868	148763	244	247	44	0	0	0	0	590	244	246	0	0	0	0	0	589
1374232868	642190	244	247	45	0	0	0	0	591	244	247	137	0	0	0	0	590
1374232869	134631	244	248	45	0	0	0	0	592	244	247	0	0	0	0	0	591
1374232869	626948	244	248	42	0	0	0	0	593	244	247	138	0	0	0	0	592
1374232870	119131	244	249	38	0	0	0	0	594	244	247	0	0	0	0	0	593
1374232870	611434	244	247	38	0	0	0	0	595	244	247	0	0	0	0	0	594
1374232871	104763	244	247	38	0	0	0	0	596	244	247	58	0	0	0	0	595
1374232871	598050	244	247	38	0	0	0	0	597	244	247	58	0	0	0	0	596
1374232872	091454	244	249	42	0	0	0	0	598	244	247	59	0	0	0	0	597
1374232872	584775	244	247	39	0	0	0	0	599	244	247	0	0	0	0	0	598
1374232873	076878	244	249	39	0	0	0	0	600	244	247	0	0	0	0	0	599
1374232873	568426	244	247	41	0	0	0	0	601	244	247	60	0	0	0	0	600
1374232874	061450	244	247	0	0	0	0	0	602	244	247	0	0	0	0	0	601
1374232874	555027	244	248	43	0	0	0	0	603	244	247	58	0	0	0	0	602
1374232875	048257	244	248	42	0	0	0	0	604	244	247	0	0	0	0	0	603
1374232875	541547	244	247	42	0	0	0	0	605	244	246	0	0	0	0	0	604
1374232876	034959	244	247	43	0	0	0	0	606	244	247	0	0	0	0	0	605
1374232876	528243	244	247	43	0	0	0	0	607	244	246	60	0	0	0	0	606
1374232877	021491	244	248	42	0	0	0	0	608	244	247	0	0	0	0	0	607
1374232877	514659	244	248	43	0	0	0	0	609	244	247	58	0	0	0	0	608
1374232878	006809	244	247	42	0	0	0	0	610	244	246	60	0	0	0	0	609
1374232878	499473	244	248	43	0	0	0	0	611	244	246	59	0	0	0	0	610
1374232878	992486	244	249	43	0	0	0	0	612	244	246	0	0	0	0	0	611
1374232879	485780	244	249	42	0	0	0	0	613	244	247	0	0	0	0	0	612
1374232879	979187	244	248	43	0	0	0	0	614	244	247	0	0	0	0	0	613
1374232880	472412	244	248	44	0	0	0	0	615	244	247	59	0	0	0	0	614
1374232880	965735	244	247	0	0	0	0	0	616	244	247	0	0	0	0	0	615
1374232881	459126	244	248	0	0	0	0	0	617	244	247	0	0	0	0	0	616
1374232881	952386	244	248	59	0	0	0	0	618	244	246	0	0	0	0	0	617
1374232882	444665	244	249	0	0	0	0	0	619	244	247	61	0	0	0	0	618
1374232882	938021	244	247	0	0	0	0	0	620	244	247	58	0	0	0	0	619
1374232883	430201	244	247	0	0	0	0	0	621	244	246	0	0	0	0	0	620
1374232883	922690	244	249	0	0	0	0	0	622	244	246	59	0	0	0	0	621
1374232884	414031	244	247	0	0	0	0	0	623	244	246	58	136	0	0	0	622
1374232884	906218	244	248	0	0	0	0	0	624	244	247	59	0	0	0	0	623
1374232885	398621	244	248	0	0	0	0	0	625	244	246	60	136	0	0	0	624
1374232885	891929	244	248	0	0	0	0	0	626	244	246	59	138	0	0	0	625
1374232886	385298	244	248	0	0	0	0	0	627	244	247	0	0	0	0	0	626
1374232886	877655	244	247	63	0	0	0	0	628	244	247	0	0	0	0	0	627
1374232887	370904	244	249	0	0	0	0	0	629	244	247	56	0	0	0	0	628
1374232887	863302	244	247	0	0	0	0	0	630	244	247	0	0	0	0	0	629
1374232888	356484	244	247	0	0	0	0	0	631	244	246	58	0	0	0	0	630
1374232888	849770	244	247	0	0	0	0	0	632	244	247	135	0	0	0	0	631
1374232889	343167	244	248	0	0	0	0	0	633	244	246	0	0	0	0	0	632
1374232889	835447	244	248	0	0	0	0	0	634	244	247	137	0	0	0	0	633
1374232890	328738	244	247	0	0	0	0	0	635	244	246	54	0	0	0	0	634
1374232890	821175	244	247	0	0	0	0	0	636	244	246	55	0	0	0	0	635
1374232891	314265	244	249	0	0	0	0	0	637	244	246	56	0	0	0	0	636
1374232891	806758	244	249	44	0	0	0	0	638	244	246	55	0	0	0	0	637
1374232892	297865	244	248	43	0	0	0	0	639	244	247	55	0	0	0	0	638
1374232892	791294	244	247	0	0	0	0	0	640	244	246	56	0	0	0	0	639
1374232893	284734	244	248	0	0	0	0	0	641	244	246	55	0	0	0	0	640
1374232893	777753	244	248	0	0	0	0	0	642	244	247	57	0	0	0	0	641
1374232894	271239	244	249	0	0	0	0	0	643	244	246	60	0	0	0	0	642
1374232894	764512	244	249	0	0	0	0	0	644	244	246	0	0	0	0	0	643
1374232895	257693	244	249	55	0	0	0	0	645	244	246	59	0	0	0	0	644
1374232895	750158	244	249	0	0	0	0	0	646	244	247	58	0	0	0	0	645
1374232896	243346	244	247	0	0	0	0	0	647	244	246	58	0	0	0	0	646
1374232896	736736	244	247	0	0	0	0	0	648	244	246	60	0	0	0	0	647
1374232897	229930	244	248	53	0	0	0	0	649	244	246	60	0	0	0	0	648
1374232897	723216	244	247	0	0	0	0	0	650	244	247	137	0	0	0	0	649
1374232898	215554	244	247	52	0	0	0	0	651	244	246	139	0	0	0	0	650
1374232898	708928	244	247	0	0	0	0	0	652	244	246	140	0	0	0	0	651
1374232899	201313	244	249	0	0	0	0	0	653	244	246	60	0	0	0	0	652
1374232899	694475	244	248	44	0	0	0	0	654	244	246	60	0	0	0	0	653
1374232900	187712	244	247	43	0	0	0	0	655	244	247	60	0	0	0	0	654
1374232900	681213	244	249	43	0	0	0	0	656	244	247	61	0	0	0	0	655
1374232901	175302	244	247	44	0	0	0	0	657	244	246	0	0	0	0	0	656
1374232901	668694	244	247	0	0	0	0	0	658	244	246	0	0	0	0	0	657
1374232902	161193	244	247	0	0	0	0	0	659	244	247	60	0	0	0	0	658
1374232902	654434	244	248	0	0	0	0	0	660	244	247	60	0	0	0	0	659
1374232903	147549	244	247	0	0	0	0	0	661	244	247	60	0	0	0	0	660
1374232903	640762	244	247	57	0	0	0	0	662	244	247	56	0	0	0	0	661
1374232904	133293	244	247	58	0	0	0	0	663	244	247	56	0	0	0	0	662
1374232904	625460	244	247	55	0	0	0	0	664	244	247	53	115	0	0	0	663
1374232905	117711	244	247	0	0	0	0	0	665	244	247	52	0	0	0	0	664
1374232905	612097	244	247	58	0	0	0	0	666	244	247	51	0	0	0	0	665
1374232906	105288	244	247	49	0	0	0	0	667	244	247	51	0	0	0	0	666
1374232906	599613	244	247	49	0	0	0	0	668	244	247	51	0	0	0	0	667
1374232907	093069	244	249	49	0	0	0	0	669	244	247	51	0	0	0	0	668
1374232907	586251	244	248	49	0	0	0	0	670	244	247	51	0	0	0	0	669
1374232908	079446	244	247	49	0	0	0	0	671	244	247	51	0	0	0	0	670
1374232908	573708	244	247	50	0	0	0	0	672	244	247	51	0	0	0	0	671
1374232909	066073	244	247	51	0	0	0	0	673	244	247	51	0	0	0	0	672
1374232909	559349	244	247	51	0	0	0	0	674	244	247	51	0	0	0	0	673
1374232910	050792	244	248	0	0	0	0	0	675	244	247	52	0	0	0	0	674
1374232910	544054	244	247	58	0	0	0	0	676	244	247	64	0	0	0	0	675
1374232911	037341	244	247	60	0	0	0	0	677	244	247	0	0	0	0	0	676
1374232911	530594	244	249	45	0	0	0	0	678	244	247	47	0	0	0	0	677
1374232912	024117	244	248	50	0	0	0	0	679	244	247	46	0	0	0	0	678
1374232912	517107	244	247	52	0	0	0	0	680	244	247	46	0	0	0	0	679
1374232913	010470	244	249	46	0	0	0	0	681	244	247	46	0	0	0	0	680
1374232913	503745	244	249	44	0	0	0	0	682	244	247	46	0	0	0	0	681
1374232913	997228	244	248	46	0	0	0	0	683	244	247	46	0	0	0	0	682
1374232914	491227	244	249	45	0	0	0	0	684	244	247	47	0	0	0	0	683
1374232914	984533	244	249	43	0	0	0	0	685	244	247	46	137	0	0	0	684
1374232915	476124	244	247	43	0	0	0	0	686	244	247	45	111	0	0	0	685
1374232915	969406	244	247	42	0	0	0	0	687	244	247	45	0	0	0	0	686
1374232916	462664	244	247	43	0	0	0	0	688	244	247	45	113	0	0	0	687
1374232916	955941	244	248	43	0	0	0	0	689	244	247	46	0	0	0	0	688
1374232917	448275	244	247	42	0	0	0	0	690	244	247	46	0	0	0	0	689
1374232917	940433	244	249	43	0	0	0	0	691	244	247	45	111	0	0	0	690
1374232918	431748	244	248	42	0	0	0	0	692	244	246	45	0	0	0	0	691
1374232918	924998	244	248	42	0	0	0	0	693	244	247	46	116	0	0	0	692
1374232919	418369	244	249	43	0	0	0	0	694	244	247	45	0	0	0	0	693
1374232919	912582	244	248	57	0	0	0	0	695	244	247	45	0	0	0	0	694
1374232920	406059	244	249	61	0	0	0	0	696	244	247	45	112	0	0	0	695
1374232920	899371	244	247	46	0	0	0	0	697	244	247	45	111	0	0	0	696
1374232921	392594	244	249	57	0	0	0	0	698	244	247	46	111	0	0	0	697
1374232921	885989	244	247	0	0	0	0	0	699	244	247	45	0	0	0	0	698
1374232922	379164	244	247	0	0	0	0	0	700	244	247	45	0	0	0	0	699
1374232922	871323	244	247	57	0	0	0	0	701	244	247	45	0	0	0	0	700
1374232923	364752	244	248	56	0	0	0	0	702	244	247	45	0	0	0	0	701
1374232923	857730	244	248	58	0	0	0	0	703	244	247	45	113	0	0	0	702
1374232924	348359	244	249	0	0	0	0	0	704	244	247	46	113	0	0	0	703
1374232924	841445	244	248	0	0	0	0	0	705	244	247	47	139	0	0	0	704
1374232925	334872	244	247	0	0	0	0	0	706	244	247	47	0	0	0	0	705
1374232925	828132	244	248	42	0	0	0	0	707	244	247	45	0	0	0	0	706
1374232926	321290	244	249	42	0	0	0	0	708	244	247	48	0	0	0	0	707
1374232926	813630	244	247	43	0	0	0	0	709	244	247	47	112	0	0	0	708
1374232927	306970	244	248	42	0	0	0	0	710	244	247	140	0	0	0	0	709
1374232927	800224	244	247	43	0	0	0	0	711	244	247	139	0	0	0	0	710
1374232928	293321	244	247	43	0	0	0	0	712	244	247	0	0	0	0	0	711
1374232928	786748	244	247	42	0	0	0	0	713	244	247	0	0	0	0	0	712
1374232929	279946	244	247	44	0	0	0	0	714	244	247	58	0	0	0	0	713
1374232929	772476	244	248	43	0	0	0	0	715	244	247	47	113	0	0	0	714
1374232930	265682	244	249	42	0	0	0	0	716	244	247	58	0	0	0	0	715
1374232930	758909	244	247	42	0	0	0	0	717	244	247	0	0	0	0	0	716
1374232931	252306	244	249	42	0	0	0	0	718	244	247	137	0	0	0	0	717
1374232931	745647	244	247	42	0	0	0	0	719	244	247	0	0	0	0	0	718
1374232932	238895	244	248	42	0	0	0	0	720	244	247	0	0	0	0	0	719
1374232932	731484	244	248	43	0	0	0	0	721	244	247	48	112	0	0	0	720
1374232933	224372	244	248	43	0	0	0	0	722	244	246	48	111	0	0	0	721
1374232933	718592	244	249	42	0	0	0	0	723	244	247	57	138	0	0	0	722
1374232934	209955	244	247	42	0	0	0	0	724	244	247	0	0	0	0	0	723
1374232934	702817	244	247	42	0	0	0	0	725	244	247	0	0	0	0	0	724
1374232935	195854	244	248	42	0	0	0	0	726	244	247	0	0	0	0	0	725
1374232935	688969	244	249	44	0	0	0	0	727	244	247	0	0	0	0	0	726
1374232936	182356	244	247	43	0	0	0	0	728	244	247	0	0	0	0	0	727
1374232936	674572	244	248	42	0	0	0	0	729	244	247	0	0	0	0	0	728
1374232937	166921	244	249	43	0	0	0	0	730	244	246	0	0	0	0	0	729
1374232937	659347	244	248	42	0	0	0	0	731	244	246	61	140	0	0	0	730
1374232938	153377	244	249	41	0	0	0	0	732	244	246	140	0	0	0	0	731
1374232938	646684	244	247	42	0	0	0	0	733	244	246	0	0	0	0	0	732
1374232939	139161	244	249	42	0	0	0	0	734	244	247	0	0	0	0	0	733
1374232939	631327	244	248	42	0	0	0	0	735	244	247	60	138	0	0	0	734
1374232940	123778	244	247	42	0	0	0	0	736	244	247	111	0	0	0	0	735
1374232940	616046	244	247	42	0	0	0	0	737	244	246	0	0	0	0	0	736
1374232941	109388	244	249	43	0	0	0	0	738	244	246	0	0	0	0	0	737
1374232941	601855	244	248	43	0	0	0	0	739	244	247	0	0	0	0	0	738
1374232942	095087	244	247	42	0	0	0	0	740	244	247	0	0	0	0	0	739
1374232942	588485	244	249	42	0	0	0	0	741	244	246	48	0	0	0	0	740
1374232943	080521	244	248	42	0	0	0	0	742	244	246	138	0	0	0	0	741
1374232943	572864	244	248	42	0	0	0	0	743	244	247	47	0	0	0	0	742
1374232944	066008	244	249	42	0	0	0	0	744	244	246	48	138	0	0	0	743
1374232944	558565	244	247	41	0	0	0	0	745	244	246	0	0	0	0	0	744
1374232945	051818	244	249	42	0	0	0	0	746	244	247	0	0	0	0	0	745
1374232945	545120	244	249	42	0	0	0	0	747	244	246	0	0	0	0	0	746
1374232946	038407	244	247	42	0	0	0	0	748	244	247	0	0	0	0	0	747
1374232946	530502	244	249	41	0	0	0	0	749	244	246	0	0	0	0	0	748
1374232947	022079	244	247	41	0	0	0	0	750	244	247	48	0	0	0	0	749
1374232947	514286	244	248	42	0	0	0	0	751	244	247	138	0	0	0	0	750
1374232948	007323	244	249	42	0	0	0	0	752	244	246	0	0	0	0	0	751
1374232948	499822	244	249	42	0	0	0	0	753	244	247	0	0	0	0	0	752
1374232948	992207	244	248	41	0	0	0	0	754	244	246	0	0	0	0	0	753
1374232949	485289	244	247	42	0	0	0	0	755	244	247	112	0	0	0	0	754
1374232949	978551	244	247	41	0	0	0	0	756	244	247	49	0	0	0	0	755
1374232950	471816	244	248	41	0	0	0	0	757	244	246	112	0	0	0	0	756
1374232950	965258	244	247	41	0	0	0	0	758	244	247	0	0	0	0	0	757
1374232951	458450	244	247	42	0	0	0	0	759	244	247	139	0	0	0	0	758
1374232951	951897	244	247	41	0	0	0	0	760	244	246	0	0	0	0	0	759
1374232952	446018	244	247	42	0	0	0	0	761	244	247	0	0	0	0	0	760
1374232952	938164	244	248	42	0	0	0	0	762	244	247	0	0	0	0	0	761
1374232953	430604	244	249	41	0	0	0	0	763	244	246	138	0	0	0	0	762
1374232953	922878	244	248	41	0	0	0	0	764	244	247	0	0	0	0	0	763
1374232954	415007	244	247	42	0	0	0	0	765	244	246	0	0	0	0	0	764
1374232954	906526	244	248	41	0	0	0	0	766	244	246	0	0	0	0	0	765
1374232955	398785	244	247	41	0	0	0	0	767	244	247	113	0	0	0	0	766
1374232955	892136	244	249	41	0	0	0	0	768	244	246	112	0	0	0	0	767
1374232956	385556	244	249	42	0	0	0	0	769	244	247	0	0	0	0	0	768
1374232956	878743	244	248	42	0	0	0	0	770	244	247	0	0	0	0	0	769
1374232957	372061	244	248	42	0	0	0	0	771	244	246	140	0	0	0	0	770
1374232957	864216	244	247	41	0	0	0	0	772	244	247	0	0	0	0	0	771
1374232958	356759	244	247	42	0	0	0	0	773	244	246	0	0	0	0	0	772
1374232958	850090	244	247	41	0	0	0	0	774	244	247	138	0	0	0	0	773
1374232959	342378	244	249	42	0	0	0	0	775	244	247	112	0	0	0	0	774
1374232959	835536	244	249	42	0	0	0	0	776	244	247	0	0	0	0	0	775
1374232960	327864	244	249	41	0	0	0	0	777	244	247	0	0	0	0	0	776
1374232960	819358	244	247	0	0	0	0	0	778	244	247	138	0	0	0	0	777
1374232961	312638	244	249	0	0	0	0	0	779	244	247	0	0	0	0	0	778
1374232961	805808	244	249	42	0	0	0	0	780	244	247	0	0	0	0	0	779
1374232962	298169	244	247	44	0	0	0	0	781	244	247	58	0	0	0	0	780
1374232962	792518	244	247	0	0	0	0	0	782	244	247	0	0	0	0	0	781
1374232963	285760	244	247	0	0	0	0	0	783	244	247	60	141	0	0	0	782
1374232963	777194	244	248	0	0	0	0	0	784	244	247	56	0	0	0	0	783
1374232964	269336	244	248	0	0	0	0	0	785	244	247	54	0	0	0	0	784
1374232964	762709	244	247	0	0	0	0	0	786	244	247	0	0	0	0	0	785
1374232965	255966	244	249	0	0	0	0	0	787	244	247	62	0	0	0	0	786
1374232965	750280	244	247	0	0	0	0	0	788	244	247	0	0	0	0	0	787
1374232966	243678	244	248	0	0	0	0	0	789	244	247	0	0	0	0	0	788
1374232966	737106	244	248	0	0	0	0	0	790	244	247	0	0	0	0	0	789
1374232967	230289	244	248	0	0	0	0	0	791	244	248	56	0	0	0	0	790
1374232967	722591	244	249	0	0	0	0	0	792	244	247	57	0	0	0	0	791
1374232968	215651	244	248	0	0	0	0	0	793	244	247	0	0	0	0	0	792
1374232968	708298	244	247	0	0	0	0	0	794	244	247	56	0	0	0	0	793
1374232969	201475	244	249	59	0	0	0	0	795	244	247	56	0	0	0	0	794
1374232969	694663	244	247	0	0	0	0	0	796	244	247	55	0	0	0	0	795
1374232970	187991	244	248	0	0	0	0	0	797	244	247	55	0	0	0	0	796
1374232970	680195	244	248	0	0	0	0	0	798	244	248	55	0	0	0	0	797
1374232971	172689	244	247	58	0	0	0	0	799	244	247	57	0	0	0	0	798
1374232971	664943	244	249	0	0	0	0	0	800	244	247	0	0	0	0	0	799
1374232972	158307	244	248	58	0	0	0	0	801	244	247	0	0	0	0	0	800
1374232972	651765	244	249	0	0	0	0	0	802	244	247	0	0	0	0	0	801
1374232973	144929	244	249	0	0	0	0	0	803	244	247	56	0	0	0	0	802
1374232973	637946	244	248	60	0	0	0	0	804	244	247	0	0	0	0	0	803
1374232974	131384	244	248	60	0	0	0	0	805	244	247	58	0	0	0	0	804
1374232974	623715	244	247	60	0	0	0	0	806	244	247	0	0	0	0	0	805
1374232975	117001	244	249	0	0	0	0	0	807	244	247	56	0	0	0	0	806
1374232975	610269	244	247	0	0	0	0	0	808	244	247	0	0	0	0	0	807
1374232976	103711	244	247	0	0	0	0	0	809	244	247	57	0	0	0	0	808
1374232976	596996	244	247	0	0	0	0	0	810	244	247	0	0	0	0	0	809
1374232977	088266	244	248	0	0	0	0	0	811	244	247	0	0	0	0	0	810
1374232977	581458	244	247	60	0	0	0	0	812	244	247	0	0	0	0	0	811
1374232978	073661	244	249	0	0	0	0	0	813	244	247	0	0	0	0	0	812
1374232978	567954	244	247	0	0	0	0	0	814	244	247	0	0	0	0	0	813
1374232979	062251	244	247	0	0	0	0	0	815	244	247	0	0	0	0	0	814
1374232979	556799	244	247	0	0	0	0	0	816	244	247	0	0	0	0	0	815
1374232980	049873	244	247	0	0	0	0	0	817	244	247	0	0	0	0	0	816
1374232980	541341	244	247	0	0	0	0	0	818	244	247	62	0	0	0	0	817
1374232981	034634	244	247	0	0	0	0	0	819	244	247	59	0	0	0	0	818
1374232981	527929	244	249	0	0	0	0	0	820	244	247	58	0	0	0	0	819
1374232982	022063	244	247	0	0	0	0	0	821	244	247	0	0	0	0	0	820
1374232982	515606	244	248	0	0	0	0	0	822	244	247	0	0	0	0	0	821
1374232983	007440	244	247	65	0	0	0	0	823	244	247	0	0	0	0	0	822
1374232983	498998	244	247	0	0	0	0	0	824	244	247	0	0	0	0	0	823
1374232983	992237	244	249	0	0	0	0	0	825	244	247	0	0	0	0	0	824
1374232984	485693	244	249	0	0	0	0	0	826	244	247	0	0	0	0	0	825
1374232984	978737	244	247	0	0	0	0	0	827	244	247	55	0	0	0	0	826
1374232985	471323	244	249	0	0	0	0	0	828	244	247	0	0	0	0	0	827
1374232985	964544	244	249	60	0	0	0	0	829	244	247	62	0	0	0	0	828
1374232986	456897	244	247	66	0	0	0	0	830	244	247	64	0	0	0	0	829
1374232986	949198	244	247	0	0	0	0	0	831	244	247	64	0	0	0	0	830
1374232987	441558	244	247	66	0	0	0	0	832	244	247	62	0	0	0	0	831
1374232987	933727	244	249	0	0	0	0	0	833	244	247	0	0	0	0	0	832
1374232988	424055	244	249	0	0	0	0	0	834	244	247	0	0	0	0	0	833
1374232988	916544	244	247	61	0	0	0	0	835	244	247	56	0	0	0	0	834
1374232989	408916	244	247	59	0	0	0	0	836	244	247	55	0	0	0	0	835
1374232989	902038	244	247	60	0	0	0	0	837	244	247	55	0	0	0	0	836
1374232990	395360	244	247	0	0	0	0	0	838	244	247	57	0	0	0	0	837
1374232990	887634	244	247	0	0	0	0	0	839	244	247	55	0	0	0	0	838
1374232991	381055	244	249	0	0	0	0	0	840	244	247	0	0	0	0	0	839
1374232991	873228	244	247	0	0	0	0	0	841	244	247	56	0	0	0	0	840
1374232992	366592	244	248	0	0	0	0	0	842	244	247	56	0	0	0	0	841
1374232992	858922	244	247	0	0	0	0	0	843	244	247	56	0	0	0	0	842
1374232993	352136	244	248	0	0	0	0	0	844	244	247	57	0	0	0	0	843
1374232993	845426	244	247	0	0	0	0	0	845	244	247	69	0	0	0	0	844
1374232994	338671	244	247	64	0	0	0	0	846	244	247	56	0	0	0	0	845
1374232994	832013	244	249	164	0	0	0	0	847	244	247	56	0	0	0	0	846
1374232995	325218	244	247	0	0	0	0	0	848	244	247	53	0	0	0	0	847
1374232995	817604	244	248	0	0	0	0	0	849	244	247	55	0	0	0	0	848
1374232996	311939	244	247	0	0	0	0	0	850	244	247	71	0	0	0	0	849
1374232996	805292	244	249	64	0	0	0	0	851	244	247	63	0	0	0	0	850
1374232997	298619	244	248	0	0	0	0	0	852	244	247	0	0	0	0	0	851
1374232997	791863	244	249	0	0	0	0	0	853	244	247	0	0	0	0	0	852
1374232998	284964	244	247	0	0	0	0	0	854	244	247	0	0	0	0	0	853
1374232998	778609	244	249	60	0	0	0	0	855	244	247	0	0	0	0	0	854
1374232999	271852	244	249	59	0	0	0	0	856	244	247	58	0	0	0	0	855
1374232999	764018	244	247	58	0	0	0	0	857	244	247	0	0	0	0	0	856
1374233000	257309	244	247	0	0	0	0	0	858	244	247	56	0	0	0	0	857
1374233000	750519	244	248	62	0	0	0	0	859	244	247	56	0	0	0	0	858
1374233001	242060	244	248	63	0	0	0	0	860	244	247	54	0	0	0	0	859
1374233001	734219	244	249	61	0	0	0	0	861	244	247	55	0	0	0	0	860
1374233002	227562	244	248	60	0	0	0	0	862	244	247	56	0	0	0	0	861
1374233002	719938	244	247	0	0	0	0	0	863	244	247	0	0	0	0	0	862
1374233003	213065	244	247	0	0	0	0	0	864	244	247	59	0	0	0	0	863
1374233003	706491	244	247	0	0	0	0	0	865	244	246	0	0	0	0	0	864
1374233004	199837	244	249	0	0	0	0	0	866	244	247	0	0	0	0	0	865
1374233004	693084	244	247	0	0	0	0	0	867	244	247	0	0	0	0	0	866
1374233005	186462	244	247	58	0	0	0	0	868	244	247	0	0	0	0	0	867
1374233005	679628	244	247	0	0	0	0	0	869	244	247	55	0	0	0	0	868
1374233006	172089	244	247	0	0	0	0	0	870	244	246	57	0	0	0	0	869
1374233006	665434	244	248	0	0	0	0	0	871	244	247	56	0	0	0	0	870
1374233007	157605	244	249	60	0	0	0	0	872	244	247	57	0	0	0	0	871
1374233007	650864	244	248	46	0	0	0	0	873	244	246	58	0	0	0	0	872
1374233008	142070	244	247	0	0	0	0	0	874	244	246	58	0	0	0	0	873
1374233008	634377	244	247	0	0	0	0	0	875	244	247	58	0	0	0	0	874
1374233009	126776	244	248	0	0	0	0	0	876	244	247	61	0	0	0	0	875
1374233009	620090	244	248	0	0	0	0	0	877	244	247	55	0	0	0	0	876
1374233010	112669	244	248	0	0	0	0	0	878	244	247	60	0	0	0	0	877
1374233010	605774	244	249	0	0	0	0	0	879	244	247	62	0	0	0	0	878
1374233011	098970	244	247	0	0	0	0	0	880	244	247	59	0	0	0	0	879
1374233011	592204	244	248	60	0	0	0	0	881	244	247	53	0	0	0	0	880
1374233012	085618	244	247	0	0	0	0	0	882	244	247	55	0	0	0	0	881
1374233012	578832	244	248	63	0	0	0	0	883	244	247	60	0	0	0	0	882
1374233013	071001	244	247	0	0	0	0	0	884	244	247	0	0	0	0	0	883
1374233013	562437	244	247	63	0	0	0	0	885	244	247	0	0	0	0	0	884
1374233014	055667	244	247	61	0	0	0	0	886	244	247	57	0	0	0	0	885
1374233014	546156	244	249	0	0	0	0	0	887	244	247	60	0	0	0	0	886
1374233015	039371	244	248	0	0	0	0	0	888	244	247	0	0	0	0	0	887
1374233015	532664	244	248	0	0	0	0	0	889	244	247	56	0	0	0	0	888
1374233016	024952	244	247	60	0	0	0	0	890	244	247	62	0	0	0	0	889
1374233016	518401	244	247	61	0	0	0	0	891	244	247	0	0	0	0	0	890
1374233017	011703	244	249	0	0	0	0	0	892	244	247	55	0	0	0	0	891
1374233017	504039	244	247	0	0	0	0	0	893	244	247	60	0	0	0	0	892
1374233017	998125	244	247	0	0	0	0	0	894	244	247	0	0	0	0	0	893
1374233018	490511	244	247	62	0	0	0	0	895	244	247	60	0	0	0	0	894
1374233018	983804	244	248	0	0	0	0	0	896	244	247	61	0	0	0	0	895
1374233019	476196	244	248	0	0	0	0	0	897	244	247	0	0	0	0	0	896
1374233019	969488	244	247	50	0	0	0	0	898	244	247	0	0	0	0	0	897
1374233020	462939	244	248	49	0	0	0	0	899	244	246	45	0	0	0	0	898
1374233020	955102	244	247	0	0	0	0	0	900	244	246	44	177	0	0	0	899
1374233021	447564	244	246	56	0	0	0	0	901	244	247	46	0	0	0	0	900
1374233021	939771	244	247	56	0	0	0	0	902	244	247	47	0	0	0	0	901
1374233022	432149	244	247	0	0	0	0	0	903	244	247	51	0	0	0	0	902
1374233022	924415	244	248	0	0	0	0	0	904	244	246	53	0	0	0	0	903
1374233023	417779	244	247	0	0	0	0	0	905	244	246	45	0	0	0	0	904
1374233023	910894	244	247	0	0	0	0	0	906	244	246	56	0	0	0	0	905
1374233024	403295	244	248	0	0	0	0	0	907	244	247	47	0	0	0	0	906
1374233024	896390	244	249	0	0	0	0	0	908	244	247	0	0	0	0	0	907
1374233025	387762	244	247	0	0	0	0	0	909	244	247	54	0	0	0	0	908
1374233025	881330	244	247	0	0	0	0	0	910	244	247	60	0	0	0	0	909
1374233026	374607	244	247	0	0	0	0	0	911	244	247	0	0	0	0	0	910
1374233026	866860	244	248	0	0	0	0	0	912	244	247	0	0	0	0	0	911
1374233027	360232	244	249	0	0	0	0	0	913	244	247	0	0	0	0	0	912
1374233027	853619	244	248	0	0	0	0	0	914	244	247	0	0	0	0	0	913
1374233028	346582	244	247	0	0	0	0	0	915	244	246	0	0	0	0	0	914
1374233028	839865	244	248	0	0	0	0	0	916	244	247	0	0	0	0	0	915
1374233029	331301	244	247	0	0	0	0	0	917	244	247	54	0	0	0	0	916
1374233029	824740	244	247	59	0	0	0	0	918	244	247	54	0	0	0	0	917
1374233030	317997	244	247	0	0	0	0	0	919	244	247	0	0	0	0	0	918
1374233030	810375	244	248	0	0	0	0	0	920	244	247	52	0	0	0	0	919
1374233031	302480	244	248	0	0	0	0	0	921	244	247	51	0	0	0	0	920
1374233031	793990	244	249	0	0	0	0	0	922	244	247	0	0	0	0	0	921
1374233032	287317	244	247	0	0	0	0	0	923	244	247	0	0	0	0	0	922
1374233032	780446	244	249	61	0	0	0	0	924	244	246	53	0	0	0	0	923
1374233033	273782	244	248	0	0	0	0	0	925	244	246	0	0	0	0	0	924
1374233033	767158	244	247	0	0	0	0	0	926	244	247	0	0	0	0	0	925
1374233034	261434	244	247	0	0	0	0	0	927	244	247	0	0	0	0	0	926
1374233034	754850	244	249	0	0	0	0	0	928	244	247	51	0	0	0	0	927
1374233035	247925	244	248	59	0	0	0	0	929	244	247	52	0	0	0	0	928
1374233035	741333	244	247	58	0	0	0	0	930	244	247	55	0	0	0	0	929
1374233036	233578	244	247	58	0	0	0	0	931	244	247	47	0	0	0	0	930
1374233036	725863	244	249	59	0	0	0	0	932	244	246	57	0	0	0	0	931
1374233037	219422	244	247	60	0	0	0	0	933	244	247	47	0	0	0	0	932
1374233037	712755	244	247	0	0	0	0	0	934	244	247	0	0	0	0	0	933
1374233038	248545	244	248	0	0	0	0	0	935	244	246	52	0	0	0	0	934
1374233038	741041	244	247	59	0	0	0	0	936	244	247	51	0	0	0	0	935
1374233039	234268	244	247	0	0	0	0	0	937	244	247	47	0	0	0	0	936
1374233039	727635	244	247	56	0	0	0	0	938	244	247	53	0	0	0	0	937
1374233040	220793	244	247	0	0	0	0	0	939	244	247	49	0	0	0	0	938
1374233040	714384	244	247	60	0	0	0	0	940	244	247	50	0	0	0	0	939
1374233041	207602	244	249	58	0	0	0	0	941	244	247	60	0	0	0	0	940
1374233041	700663	244	247	58	0	0	0	0	942	244	247	0	0	0	0	0	941
1374233042	193044	244	249	0	0	0	0	0	943	244	247	0	0	0	0	0	942
1374233042	686394	244	248	0	0	0	0	0	944	244	247	54	0	0	0	0	943
1374233043	179359	244	247	0	0	0	0	0	945	244	247	0	0	0	0	0	944
1374233043	671883	244	247	62	0	0	0	0	946	244	247	0	0	0	0	0	945
1374233044	165047	244	247	0	0	0	0	0	947	244	247	0	0	0	0	0	946
1374233044	658306	244	247	0	0	0	0	0	948	244	247	52	0	0	0	0	947
1374233045	150462	244	249	0	0	0	0	0	949	244	247	55	0	0	0	0	948
1374233045	643769	244	247	0	0	0	0	0	950	244	247	56	0	0	0	0	949
1374233046	137206	244	248	0	0	0	0	0	951	244	247	0	0	0	0	0	950
1374233046	630507	244	249	0	0	0	0	0	952	244	247	51	0	0	0	0	951
1374233047	123912	244	249	0	0	0	0	0	953	244	247	0	0	0	0	0	952
1374233047	616814	244	249	0	0	0	0	0	954	244	247	0	0	0	0	0	953
1374233048	108261	244	247	59	0	0	0	0	955	244	247	0	0	0	0	0	954
1374233048	600511	244	247	0	0	0	0	0	956	244	247	53	0	0	0	0	955
1374233049	092792	244	247	0	0	0	0	0	957	244	247	58	0	0	0	0	956
1374233049	586146	244	248	0	0	0	0	0	958	244	247	52	0	0	0	0	957
1374233050	079614	244	247	0	0	0	0	0	959	244	247	0	0	0	0	0	958
1374233050	572960	244	248	0	0	0	0	0	960	244	247	54	0	0	0	0	959
1374233051	065132	244	247	0	0	0	0	0	961	244	247	0	0	0	0	0	960
1374233051	557341	244	248	0	0	0	0	0	962	244	247	52	0	0	0	0	961
1374233052	049654	244	247	0	0	0	0	0	963	244	247	51	0	0	0	0	962
1374233052	543139	244	248	0	0	0	0	0	964	244	247	51	0	0	0	0	963
1374233053	036164	244	249	0	0	0	0	0	965	244	247	51	0	0	0	0	964
1374233053	527594	244	247	0	0	0	0	0	966	244	247	55	0	0	0	0	965
1374233054	021000	244	247	0	0	0	0	0	967	244	247	53	0	0	0	0	966
1374233054	514183	244	247	0	0	0	0	0	968	244	247	0	0	0	0	0	967
1374233055	007446	244	248	0	0	0	0	0	969	244	247	0	0	0	0	0	968
1374233055	499913	244	248	0	0	0	0	0	970	244	247	0	0	0	0	0	969
1374233055	993162	244	247	0	0	0	0	0	971	244	247	52	0	0	0	0	970
1374233056	485452	244	247	0	0	0	0	0	972	244	247	51	0	0	0	0	971
1374233056	978609	244	249	0	0	0	0	0	973	244	247	51	0	0	0	0	972
1374233057	471896	244	248	0	0	0	0	0	974	244	247	0	0	0	0	0	973
1374233057	964229	244	248	0	0	0	0	0	975	244	247	0	0	0	0	0	974
1374233058	457507	244	248	0	0	0	0	0	976	244	247	0	0	0	0	0	975
1374233058	950812	244	249	0	0	0	0	0	977	244	247	0	0	0	0	0	976
1374233059	444011	244	248	0	0	0	0	0	978	244	247	51	0	0	0	0	977
1374233059	937336	244	247	0	0	0	0	0	979	244	247	53	0	0	0	0	978
1374233060	429636	244	247	0	0	0	0	0	980	244	246	53	0	0	0	0	979
1374233060	922873	244	247	0	0	0	0	0	981	244	247	53	0	0	0	0	980
1374233061	415140	244	247	0	0	0	0	0	982	244	247	52	0	0	0	0	981
1374233061	907542	244	248	0	0	0	0	0	983	244	247	58	131	0	0	0	982
1374233062	400947	244	248	0	0	0	0	0	984	244	247	53	0	0	0	0	983
1374233062	894172	244	247	0	0	0	0	0	985	244	247	0	0	0	0	0	984
1374233063	387726	244	247	0	0	0	0	0	986	244	246	51	0	0	0	0	985
1374233063	880737	244	247	61	0	0	0	0	987	244	247	52	0	0	0	0	986
1374233064	372151	244	249	60	0	0	0	0	988	244	247	51	0	0	0	0	987
1374233064	863448	244	247	58	0	0	0	0	989	244	247	53	0	0	0	0	988
1374233065	374696	244	248	0	0	0	0	0	990	244	247	52	0	0	0	0	989
1374233065	868042	244	247	0	0	0	0	0	991	244	247	54	0	0	0	0	990
1374233066	361328	244	247	0	0	0	0	0	992	244	247	51	0	0	0	0	991
1374233066	854448	244	247	0	0	0	0	0	993	244	247	0	0	0	0	0	992
1374233067	346779	244	247	0	0	0	0	0	994	244	247	52	0	0	0	0	993
1374233067	838238	244	247	0	0	0	0	0	995	244	247	60	0	0	0	0	994
1374233068	331733	244	247	0	0	0	0	0	996	244	246	0	0	0	0	0	995
1374233068	825077	244	247	0	0	0	0	0	997	244	247	0	0	0	0	0	996
1374233069	318254	244	248	0	0	0	0	0	998	244	247	0	0	0	0	0	997
1374233069	811594	244	247	0	0	0	0	0	999	244	247	51	0	0	0	0	998
1374233070	304993	244	248	0	0	0	0	0	1000	244	247	0	0	0	0	0	999
1374233070	797164	244	248	0	0	0	0	0	1001	244	247	0	0	0	0	0	1000
1374233071	290412	244	247	0	0	0	0	0	1002	244	247	51	0	0	0	0	1001
1374233071	783694	244	248	0	0	0	0	0	1003	244	246	0	0	0	0	0	1002
1374233072	277049	244	247	0	0	0	0	0	1004	244	247	0	0	0	0	0	1003
1374233072	770441	244	247	0	0	0	0	0	1005	244	247	52	0	0	0	0	1004
1374233073	261637	244	247	0	0	0	0	0	1006	244	247	0	0	0	0	0	1005
1374233073	754048	244	249	0	0	0	0	0	1007	244	246	52	0	0	0	0	1006
1374233074	248237	244	247	0	0	0	0	0	1008	244	247	51	0	0	0	0	1007
1374233074	740454	244	248	0	0	0	0	0	1009	244	247	52	0	0	0	0	1008
1374233075	233981	244	248	0	0	0	0	0	1010	244	247	0	0	0	0	0	1009
1374233075	726118	244	247	0	0	0	0	0	1011	244	247	51	0	0	0	0	1010
1374233076	219376	244	249	0	0	0	0	0	1012	244	247	0	0	0	0	0	1011
1374233076	711652	244	247	0	0	0	0	0	1013	244	247	52	0	0	0	0	1012
1374233077	204984	244	248	0	0	0	0	0	1014	244	247	52	0	0	0	0	1013
1374233077	698346	244	248	0	0	0	0	0	1015	244	247	53	0	0	0	0	1014
1374233078	190571	244	248	0	0	0	0	0	1016	244	247	53	0	0	0	0	1015
1374233078	684122	244	247	0	0	0	0	0	1017	244	247	0	0	0	0	0	1016
1374233079	178138	244	247	0	0	0	0	0	1018	244	247	50	0	0	0	0	1017
1374233079	671368	244	248	0	0	0	0	0	1019	244	247	59	0	0	0	0	1018
1374233080	163600	244	248	0	0	0	0	0	1020	244	247	47	0	0	0	0	1019
1374233080	654081	244	249	57	0	0	0	0	1021	244	247	51	0	0	0	0	1020
1374233081	148271	244	247	51	0	0	0	0	1022	244	247	53	0	0	0	0	1021
1374233081	639777	244	248	49	0	0	0	0	1023	244	247	0	0	0	0	0	1022
1374233082	132903	244	248	58	0	0	0	0	1024	244	246	0	0	0	0	0	1023
1374233082	627323	244	247	115	0	0	0	0	1025	244	247	53	0	0	0	0	1024
1374233083	120341	244	247	57	0	0	0	0	1026	244	247	51	0	0	0	0	1025
1374233083	610744	244	248	58	0	0	0	0	1027	244	247	54	0	0	0	0	1026
1374233084	104141	244	247	58	0	0	0	0	1028	244	247	52	0	0	0	0	1027
1374233084	597382	244	247	57	0	0	0	0	1029	244	247	53	0	0	0	0	1028
1374233085	090752	244	248	60	0	0	0	0	1030	244	247	51	0	0	0	0	1029
1374233085	583943	244	248	0	0	0	0	0	1031	244	247	51	0	0	0	0	1030
1374233086	077451	244	247	58	0	0	0	0	1032	244	247	51	0	0	0	0	1031
1374233086	570773	244	248	0	0	0	0	0	1033	244	247	0	0	0	0	0	1032
1374233087	064005	244	249	57	0	0	0	0	1034	244	247	52	0	0	0	0	1033
1374233087	557215	244	247	60	0	0	0	0	1035	244	247	52	0	0	0	0	1034
1374233088	049357	244	248	58	0	0	0	0	1036	244	247	52	0	0	0	0	1035
1374233088	541864	244	248	59	0	0	0	0	1037	244	247	54	0	0	0	0	1036
1374233089	036170	244	247	63	0	0	0	0	1038	244	247	61	0	0	0	0	1037
1374233089	529427	244	247	78	0	0	0	0	1039	244	247	48	0	0	0	0	1038
1374233090	022800	244	247	0	0	0	0	0	1040	244	247	51	0	0	0	0	1039
1374233090	516145	244	249	0	0	0	0	0	1041	244	247	53	0	0	0	0	1040
1374233091	008314	244	248	0	0	0	0	0	1042	244	247	49	199	0	0	0	1041
1374233091	501621	244	249	0	0	0	0	0	1043	244	248	49	0	0	0	0	1042
1374233091	994078	244	247	0	0	0	0	0	1044	244	247	43	173	0	0	0	1043
1374233092	487360	244	249	0	0	0	0	0	1045	244	247	38	105	173	0	0	1044
1374233092	979588	244	249	0	0	0	0	0	1046	244	247	40	179	0	0	0	1045
1374233093	472065	244	247	0	0	0	0	0	1047	244	247	40	172	0	0	0	1046
1374233093	964181	244	249	0	0	0	0	0	1048	244	247	40	173	0	0	0	1047
1374233094	456321	244	247	0	0	0	0	0	1049	244	247	42	0	0	0	0	1048
1374233094	949734	244	247	0	0	0	0	0	1050	244	247	40	0	0	0	0	1049
1374233095	443039	244	247	0	0	0	0	0	1051	244	248	47	0	0	0	0	1050
1374233095	936258	244	247	0	0	0	0	0	1052	244	248	51	0	0	0	0	1051
1374233096	429870	244	248	0	0	0	0	0	1053	244	248	34	0	0	0	0	1052
1374233096	923121	244	248	0	0	0	0	0	1054	244	247	36	0	0	0	0	1053
1374233097	416442	244	249	0	0	0	0	0	1055	244	247	32	170	0	0	0	1054
1374233097	909514	244	248	0	0	0	0	0	1056	244	247	51	172	0	0	0	1055
1374233098	401848	244	247	0	0	0	0	0	1057	244	247	34	169	0	0	0	1056
1374233098	895260	244	248	0	0	0	0	0	1058	244	247	52	0	0	0	0	1057
1374233099	388575	244	248	0	0	0	0	0	1059	244	247	51	0	0	0	0	1058
1374233099	881073	244	247	0	0	0	0	0	1060	244	247	50	0	0	0	0	1059
1374233100	374172	244	249	0	0	0	0	0	1061	244	248	50	0	0	0	0	1060
1374233100	866558	244	247	0	0	0	0	0	1062	244	247	50	0	0	0	0	1061
1374233101	359086	244	247	0	0	0	0	0	1063	244	247	50	0	0	0	0	1062
1374233101	852391	244	249	0	0	0	0	0	1064	244	247	50	0	0	0	0	1063
1374233102	345538	244	249	0	0	0	0	0	1065	244	247	42	0	0	0	0	1064
1374233102	838890	244	247	0	0	0	0	0	1066	244	247	42	0	0	0	0	1065
1374233103	333176	244	248	0	0	0	0	0	1067	244	247	40	0	0	0	0	1066
1374233103	825400	244	247	0	0	0	0	0	1068	244	247	40	0	0	0	0	1067
1374233104	317759	244	248	0	0	0	0	0	1069	244	248	34	0	0	0	0	1068
1374233104	810957	244	249	0	0	0	0	0	1070	244	247	35	0	0	0	0	1069
1374233105	304250	244	247	0	0	0	0	0	1071	244	247	34	0	0	0	0	1070
1374233105	797440	244	248	0	0	0	0	0	1072	244	248	34	0	0	0	0	1071
1374233106	288930	244	248	0	0	0	0	0	1073	244	248	34	0	0	0	0	1072
1374233106	782231	244	249	0	0	0	0	0	1074	244	248	40	0	0	0	0	1073
1374233107	274370	244	247	147	0	0	0	0	1075	244	247	50	187	0	0	0	1074
1374233107	766806	244	249	0	0	0	0	0	1076	244	247	53	201	0	0	0	1075
1374233108	259902	244	248	0	0	0	0	0	1077	244	247	33	0	0	0	0	1076
1374233108	751258	244	247	0	0	0	0	0	1078	244	247	34	0	0	0	0	1077
1374233109	243458	244	247	0	0	0	0	0	1079	244	247	50	0	0	0	0	1078
1374233109	736756	244	249	0	0	0	0	0	1080	244	247	34	0	0	0	0	1079
1374233110	231017	244	248	0	0	0	0	0	1081	244	247	34	0	0	0	0	1080
1374233110	723275	244	247	0	0	0	0	0	1082	244	247	34	154	0	0	0	1081
1374233111	214606	244	249	0	0	0	0	0	1083	244	248	34	156	0	0	0	1082
1374233111	706899	244	247	0	0	0	0	0	1084	244	247	34	0	0	0	0	1083
1374233112	199134	244	249	0	0	0	0	0	1085	244	247	34	0	0	0	0	1084
1374233112	690682	244	248	0	0	0	0	0	1086	244	247	34	0	0	0	0	1085
1374233113	184692	244	248	0	0	0	0	0	1087	244	247	34	153	0	0	0	1086
1374233113	677133	244	248	0	0	0	0	0	1088	244	248	34	0	0	0	0	1087
1374233114	170365	244	247	0	0	0	0	0	1089	244	248	34	0	0	0	0	1088
1374233114	663651	244	247	0	0	0	0	0	1090	244	248	36	0	0	0	0	1089
1374233115	156925	244	247	0	0	0	0	0	1091	244	247	52	0	0	0	0	1090
1374233115	650304	244	247	0	0	0	0	0	1092	244	248	49	0	0	0	0	1091
1374233116	143468	244	247	0	0	0	0	0	1093	244	248	51	0	0	0	0	1092
1374233116	635964	244	247	0	0	0	0	0	1094	244	247	42	0	0	0	0	1093
1374233117	128317	244	248	0	0	0	0	0	1095	244	247	35	0	0	0	0	1094
1374233117	621522	244	249	0	0	0	0	0	1096	244	247	35	0	0	0	0	1095
1374233118	113804	244	249	0	0	0	0	0	1097	244	247	35	0	0	0	0	1096
1374233118	605051	244	247	0	0	0	0	0	1098	244	248	34	0	0	0	0	1097
1374233119	098553	244	248	0	0	0	0	0	1099	244	248	34	0	0	0	0	1098
1374233119	591719	244	247	0	0	0	0	0	1100	244	247	34	0	0	0	0	1099
1374233120	085102	244	248	0	0	0	0	0	1101	244	247	34	0	0	0	0	1100
1374233120	579489	244	248	0	0	0	0	0	1102	244	247	34	0	0	0	0	1101
1374233121	071848	244	249	0	0	0	0	0	1103	244	248	34	0	0	0	0	1102
1374233121	564062	244	247	0	0	0	0	0	1104	244	248	35	0	0	0	0	1103
1374233122	056340	244	248	0	0	0	0	0	1105	244	247	35	0	0	0	0	1104
1374233122	548720	244	249	0	0	0	0	0	1106	244	248	49	0	0	0	0	1105
1374233123	040870	244	247	0	0	0	0	0	1107	244	247	35	0	0	0	0	1106
1374233123	534313	244	247	0	0	0	0	0	1108	244	247	34	155	0	0	0	1107
1374233124	027655	244	248	0	0	0	0	0	1109	244	248	36	0	0	0	0	1108
1374233124	521789	244	249	0	0	0	0	0	1110	244	248	36	0	0	0	0	1109
1374233125	014242	244	248	0	0	0	0	0	1111	244	248	39	0	0	0	0	1110
1374233125	506368	244	248	0	0	0	0	0	1112	244	247	36	0	0	0	0	1111
1374233125	999820	244	249	0	0	0	0	0	1113	244	247	35	157	0	0	0	1112
1374233126	493147	244	249	0	0	0	0	0	1114	244	248	35	155	0	0	0	1113
1374233126	986489	244	248	0	0	0	0	0	1115	244	248	35	157	0	0	0	1114
1374233127	479689	244	249	0	0	0	0	0	1116	244	247	36	157	0	0	0	1115
1374233127	970756	244	248	0	0	0	0	0	1117	244	247	36	0	0	0	0	1116
1374233128	463086	244	249	0	0	0	0	0	1118	244	247	36	157	0	0	0	1117
1374233128	956526	244	248	0	0	0	0	0	1119	244	247	36	159	0	0	0	1118
1374233129	448867	244	248	0	0	0	0	0	1120	244	248	34	0	0	0	0	1119
1374233129	942095	244	247	0	0	0	0	0	1121	244	247	44	0	0	0	0	1120
1374233130	434574	244	247	0	0	0	0	0	1122	244	248	48	185	0	0	0	1121
1374233130	927795	244	247	0	0	0	0	0	1123	244	247	47	186	0	0	0	1122
1374233131	421208	244	249	0	0	0	0	0	1124	244	247	47	149	0	0	0	1123
1374233131	914502	244	248	0	0	0	0	0	1125	244	248	46	190	0	0	0	1124
1374233132	407799	244	247	0	0	0	0	0	1126	244	247	45	185	0	0	0	1125
1374233132	901019	244	247	0	0	0	0	0	1127	244	248	41	0	0	0	0	1126
1374233133	393431	244	248	0	0	0	0	0	1128	244	247	50	0	0	0	0	1127
1374233133	886786	244	248	0	0	0	0	0	1129	244	247	35	167	0	0	0	1128
1374233134	379997	244	248	0	0	0	0	0	1130	244	248	36	0	0	0	0	1129
1374233134	873334	244	247	0	0	0	0	0	1131	244	248	35	0	0	0	0	1130
1374233135	366739	244	248	0	0	0	0	0	1132	244	248	35	0	0	0	0	1131
1374233135	860071	244	249	0	0	0	0	0	1133	244	247	54	170	0	0	0	1132
1374233136	353360	244	249	0	0	0	0	0	1134	244	247	53	168	0	0	0	1133
1374233136	846797	244	248	0	0	0	0	0	1135	244	247	52	0	0	0	0	1134
1374233137	339956	244	247	0	0	0	0	0	1136	244	248	53	0	0	0	0	1135
1374233137	833262	244	249	0	0	0	0	0	1137	244	248	0	0	0	0	0	1136
1374233138	326414	244	248	0	0	0	0	0	1138	244	247	0	0	0	0	0	1137
1374233138	819877	244	247	0	0	0	0	0	1139	244	248	169	0	0	0	0	1138
1374233139	313251	244	248	0	0	0	0	0	1140	244	248	36	0	0	0	0	1139
1374233139	806516	244	248	0	0	0	0	0	1141	244	248	36	0	0	0	0	1140
1374233140	300811	244	247	0	0	0	0	0	1142	244	248	36	0	0	0	0	1141
1374233140	794052	244	247	0	0	0	0	0	1143	244	247	36	0	0	0	0	1142
1374233141	287381	244	247	0	0	0	0	0	1144	244	248	36	0	0	0	0	1143
1374233141	780764	244	249	0	0	0	0	0	1145	244	248	36	0	0	0	0	1144
1374233142	274110	244	248	0	0	0	0	0	1146	244	248	36	0	0	0	0	1145
1374233142	767329	244	248	0	0	0	0	0	1147	244	248	35	0	0	0	0	1146
1374233143	260487	244	248	0	0	0	0	0	1148	244	247	35	0	0	0	0	1147
1374233143	752940	244	249	0	0	0	0	0	1149	244	248	35	0	0	0	0	1148
1374233144	245241	244	249	0	0	0	0	0	1150	244	248	35	0	0	0	0	1149
1374233144	738487	244	248	0	0	0	0	0	1151	244	248	35	0	0	0	0	1150
1374233145	232028	244	248	0	0	0	0	0	1152	244	248	0	0	0	0	0	1151
1374233145	726109	244	247	0	0	0	0	0	1153	244	248	36	0	0	0	0	1152
1374233146	219380	244	247	0	0	0	0	0	1154	244	248	35	0	0	0	0	1153
1374233146	711615	244	247	0	0	0	0	0	1155	244	248	51	172	0	0	0	1154
1374233147	204152	244	247	0	0	0	0	0	1156	244	248	51	0	0	0	0	1155
1374233147	697204	244	248	0	0	0	0	0	1157	244	248	36	0	0	0	0	1156
1374233148	190578	244	249	0	0	0	0	0	1158	244	248	0	0	0	0	0	1157
1374233148	682868	244	248	0	0	0	0	0	1159	244	248	35	0	0	0	0	1158
1374233149	176040	244	248	0	0	0	0	0	1160	244	248	0	0	0	0	0	1159
1374233149	669506	244	249	0	0	0	0	0	1161	244	248	0	0	0	0	0	1160
1374233150	163987	244	247	0	0	0	0	0	1162	244	248	0	0	0	0	0	1161
1374233150	657081	244	247	0	0	0	0	0	1163	244	248	35	0	0	0	0	1162
1374233151	149458	244	249	0	0	0	0	0	1164	244	248	51	0	0	0	0	1163
1374233151	642539	244	247	0	0	0	0	0	1165	244	248	51	0	0	0	0	1164
1374233152	135959	244	249	0	0	0	0	0	1166	244	248	0	0	0	0	0	1165
1374233152	629226	244	247	0	0	0	0	0	1167	244	248	0	0	0	0	0	1166
1374233153	123557	244	249	0	0	0	0	0	1168	244	248	52	0	0	0	0	1167
1374233153	615788	244	247	0	0	0	0	0	1169	244	248	54	0	0	0	0	1168
1374233154	109072	244	247	0	0	0	0	0	1170	244	248	35	0	0	0	0	1169
1374233154	601419	244	247	0	0	0	0	0	1171	244	248	51	0	0	0	0	1170
1374233155	095548	244	247	0	0	0	0	0	1172	244	248	51	0	0	0	0	1171
1374233155	588100	244	248	0	0	0	0	0	1173	244	248	35	0	0	0	0	1172
1374233156	081384	244	247	0	0	0	0	0	1174	244	248	35	169	0	0	0	1173
1374233156	573545	244	247	0	0	0	0	0	1175	244	248	35	169	0	0	0	1174
1374233157	066929	244	248	0	0	0	0	0	1176	244	248	53	171	0	0	0	1175
1374233157	559081	244	248	0	0	0	0	0	1177	244	248	0	0	0	0	0	1176
1374233158	052336	244	248	0	0	0	0	0	1178	244	248	171	0	0	0	0	1177
1374233158	544633	244	249	0	0	0	0	0	1179	244	248	49	0	0	0	0	1178
1374233159	037847	244	247	0	0	0	0	0	1180	244	248	47	0	0	0	0	1179
1374233159	528275	244	247	0	0	0	0	0	1181	244	248	45	0	0	0	0	1180
1374233160	022565	244	249	0	0	0	0	0	1182	244	248	35	0	0	0	0	1181
1374233160	515741	244	249	0	0	0	0	0	1183	244	248	35	0	0	0	0	1182
1374233161	008240	244	249	0	0	0	0	0	1184	244	248	35	171	0	0	0	1183
1374233161	500156	244	248	0	0	0	0	0	1185	244	248	34	167	0	0	0	1184
1374233161	992452	244	247	0	0	0	0	0	1186	244	247	34	167	0	0	0	1185
1374233162	484994	244	247	0	0	0	0	0	1187	244	248	35	168	0	0	0	1186
1374233162	977889	244	247	0	0	0	0	0	1188	244	248	35	0	0	0	0	1187
1374233163	469459	244	249	0	0	0	0	0	1189	244	247	35	175	0	0	0	1188
1374233163	961543	244	248	0	0	0	0	0	1190	244	248	35	0	0	0	0	1189
1374233164	453669	244	248	0	0	0	0	0	1191	244	248	35	0	0	0	0	1190
1374233164	946942	244	249	0	0	0	0	0	1192	244	248	35	0	0	0	0	1191
1374233165	439316	244	247	0	0	0	0	0	1193	244	248	35	171	0	0	0	1192
1374233165	932616	244	248	0	0	0	0	0	1194	244	248	35	0	0	0	0	1193
1374233166	425741	244	248	0	0	0	0	0	1195	244	248	35	0	0	0	0	1194
1374233166	919158	244	249	0	0	0	0	0	1196	244	248	35	0	0	0	0	1195
1374233167	412518	244	249	0	0	0	0	0	1197	244	248	35	0	0	0	0	1196
1374233167	905538	244	247	0	0	0	0	0	1198	244	247	35	0	0	0	0	1197
1374233168	395610	244	248	0	0	0	0	0	1199	244	247	35	170	0	0	0	1198
1374233168	886018	244	249	0	0	0	0	0	1200	244	247	35	0	0	0	0	1199
1374233169	378453	244	249	0	0	0	0	0	1201	244	248	35	0	0	0	0	1200
1374233169	870430	244	248	0	0	0	0	0	1202	244	248	35	168	0	0	0	1201
1374233170	362813	244	247	0	0	0	0	0	1203	244	248	35	0	0	0	0	1202
1374233170	855304	244	247	0	0	0	0	0	1204	244	248	35	0	0	0	0	1203
1374233171	347565	244	248	0	0	0	0	0	1205	244	248	35	170	0	0	0	1204
1374233171	840751	244	247	0	0	0	0	0	1206	244	248	35	0	0	0	0	1205
1374233172	334115	244	247	0	0	0	0	0	1207	244	248	35	0	0	0	0	1206
1374233172	826455	244	247	0	0	0	0	0	1208	244	248	35	0	0	0	0	1207
1374233173	320734	244	249	0	0	0	0	0	1209	244	247	48	0	0	0	0	1208
1374233173	813797	244	249	0	0	0	0	0	1210	244	248	40	0	0	0	0	1209
1374233174	307178	244	248	0	0	0	0	0	1211	244	248	51	0	0	0	0	1210
1374233174	800466	244	247	0	0	0	0	0	1212	244	248	36	0	0	0	0	1211
1374233175	293770	244	249	0	0	0	0	0	1213	244	248	36	170	0	0	0	1212
1374233175	786882	244	248	0	0	0	0	0	1214	244	248	36	0	0	0	0	1213
1374233176	280373	244	247	0	0	0	0	0	1215	244	248	35	0	0	0	0	1214
1374233176	773843	244	247	0	0	0	0	0	1216	244	248	35	0	0	0	0	1215
1374233177	266918	244	247	0	0	0	0	0	1217	244	248	35	0	0	0	0	1216
1374233177	759292	244	247	0	0	0	0	0	1218	244	248	35	0	0	0	0	1217
1374233178	252570	244	249	0	0	0	0	0	1219	244	247	35	0	0	0	0	1218
1374233178	744936	244	248	0	0	0	0	0	1220	244	247	35	0	0	0	0	1219
1374233179	238026	244	249	0	0	0	0	0	1221	244	248	36	168	0	0	0	1220
1374233179	732285	244	247	0	0	0	0	0	1222	244	248	36	0	0	0	0	1221
1374233180	225688	244	249	0	0	0	0	0	1223	244	248	36	0	0	0	0	1222
1374233180	717952	244	247	0	0	0	0	0	1224	244	248	36	0	0	0	0	1223
1374233181	211296	244	247	0	0	0	0	0	1225	244	248	36	0	0	0	0	1224
1374233181	704474	244	247	0	0	0	0	0	1226	244	248	35	0	0	0	0	1225
1374233182	196706	244	247	0	0	0	0	0	1227	244	248	36	0	0	0	0	1226
1374233182	689214	244	247	0	0	0	0	0	1228	244	248	38	0	0	0	0	1227
1374233183	182295	244	248	0	0	0	0	0	1229	244	248	0	0	0	0	0	1228
1374233183	674699	244	247	0	0	0	0	0	1230	244	248	38	0	0	0	0	1229
1374233184	168108	244	247	0	0	0	0	0	1231	244	248	37	0	0	0	0	1230
1374233184	661576	244	247	0	0	0	0	0	1232	244	248	37	0	0	0	0	1231
1374233185	153892	244	248	0	0	0	0	0	1233	244	248	36	0	0	0	0	1232
1374233185	647129	244	247	0	0	0	0	0	1234	244	248	36	0	0	0	0	1233
1374233186	140442	244	247	0	0	0	0	0	1235	244	248	36	0	0	0	0	1234
1374233186	632648	244	247	0	0	0	0	0	1236	244	248	36	169	0	0	0	1235
1374233187	126039	244	249	0	0	0	0	0	1237	244	248	38	0	0	0	0	1236
1374233187	617255	244	248	0	0	0	0	0	1238	244	248	36	0	0	0	0	1237
1374233188	111356	244	247	0	0	0	0	0	1239	244	248	36	0	0	0	0	1238
1374233188	604655	244	249	0	0	0	0	0	1240	244	248	36	0	0	0	0	1239
1374233189	099052	244	247	0	0	0	0	0	1241	244	248	36	0	0	0	0	1240
1374233189	590229	244	248	0	0	0	0	0	1242	244	247	36	0	0	0	0	1241
1374233190	082561	244	247	0	0	0	0	0	1243	244	248	36	170	0	0	0	1242
1374233190	575937	244	246	0	0	0	0	0	1244	244	248	36	169	0	0	0	1243
1374233191	069493	244	249	0	0	0	0	0	1245	244	248	36	0	0	0	0	1244
1374233191	562618	244	248	0	0	0	0	0	1246	244	248	36	0	0	0	0	1245
1374233192	054958	244	249	0	0	0	0	0	1247	244	248	36	0	0	0	0	1246
1374233192	548420	244	249	0	0	0	0	0	1248	244	248	36	0	0	0	0	1247
1374233193	039456	244	249	0	0	0	0	0	1249	244	248	36	0	0	0	0	1248
1374233193	532849	244	248	0	0	0	0	0	1250	244	248	35	0	0	0	0	1249
1374233194	026883	244	249	0	0	0	0	0	1251	244	247	36	168	0	0	0	1250
1374233194	518393	244	247	0	0	0	0	0	1252	244	248	36	172	0	0	0	1251
1374233195	011735	244	248	0	0	0	0	0	1253	244	248	36	171	0	0	0	1252
1374233195	504842	244	248	0	0	0	0	0	1254	244	248	36	0	0	0	0	1253
1374233195	997057	244	247	0	0	0	0	0	1255	244	248	45	0	0	0	0	1254
1374233196	490426	244	248	0	0	0	0	0	1256	244	248	46	0	0	0	0	1255
1374233196	982584	244	247	0	0	0	0	0	1257	244	248	36	0	0	0	0	1256
1374233197	474951	244	247	0	0	0	0	0	1258	244	247	45	0	0	0	0	1257
1374233197	968296	244	247	0	0	0	0	0	1259	244	248	36	169	0	0	0	1258
1374233198	460687	244	248	0	0	0	0	0	1260	244	248	36	170	0	0	0	1259
1374233198	952937	244	249	0	0	0	0	0	1261	244	248	36	168	0	0	0	1260
1374233199	445423	244	249	0	0	0	0	0	1262	244	248	35	0	0	0	0	1261
1374233199	937483	244	247	0	0	0	0	0	1263	244	248	36	170	0	0	0	1262
1374233200	429755	244	248	0	0	0	0	0	1264	244	248	55	0	0	0	0	1263
1374233200	922088	244	247	0	0	0	0	0	1265	244	248	56	0	0	0	0	1264
1374233201	414799	244	247	0	0	0	0	0	1266	244	248	51	0	0	0	0	1265
1374233201	907921	244	248	0	0	0	0	0	1267	244	247	59	0	0	0	0	1266
1374233202	401240	244	247	0	0	0	0	0	1268	244	248	51	0	0	0	0	1267
1374233202	893278	244	247	0	0	0	0	0	1269	244	248	0	0	0	0	0	1268
1374233203	385691	244	247	0	0	0	0	0	1270	244	248	49	0	0	0	0	1269
1374233203	878990	244	247	0	0	0	0	0	1271	244	248	20	0	0	0	0	1270
1374233204	371245	244	247	0	0	0	0	0	1272	244	248	49	0	0	0	0	1271
1374233204	863547	244	249	0	0	0	0	0	1273	244	248	53	0	0	0	0	1272
1374233205	355842	244	247	0	0	0	0	0	1274	244	248	20	0	0	0	0	1273
1374233205	848271	244	249	0	0	0	0	0	1275	244	248	22	0	0	0	0	1274
1374233206	340278	244	249	0	0	0	0	0	1276	244	248	47	0	0	0	0	1275
1374233206	832789	244	248	0	0	0	0	0	1277	244	248	55	0	0	0	0	1276
1374233207	326065	244	249	0	0	0	0	0	1278	244	248	59	0	0	0	0	1277
1374233207	819188	244	249	0	0	0	0	0	1279	244	248	53	0	0	0	0	1278
1374233208	310583	244	249	0	0	0	0	0	1280	244	248	57	0	0	0	0	1279
1374233208	802988	244	249	65	0	0	0	0	1281	244	248	59	138	0	0	0	1280
1374233209	297117	244	249	60	0	0	0	0	1282	244	247	122	0	0	0	0	1281
1374233209	790509	244	248	67	0	0	0	0	1283	244	247	54	0	0	0	0	1282
1374233210	283633	244	247	58	0	0	0	0	1284	244	248	58	142	0	0	0	1283
1374233210	776242	244	248	0	0	0	0	0	1285	244	248	63	0	0	0	0	1284
1374233211	270521	244	249	62	0	0	0	0	1286	244	248	62	123	0	0	0	1285
1374233211	763835	244	249	64	0	0	0	0	1287	244	248	64	128	0	0	0	1286
1374233212	256046	244	249	45	0	0	0	0	1288	244	247	0	0	0	0	0	1287
1374233212	749433	244	249	60	0	0	0	0	1289	244	248	60	0	0	0	0	1288
1374233213	242610	244	247	51	0	0	0	0	1290	244	248	0	0	0	0	0	1289
1374233213	735924	244	248	49	0	0	0	0	1291	244	248	0	0	0	0	0	1290
1374233214	229260	244	247	52	0	0	0	0	1292	244	247	0	0	0	0	0	1291
1374233214	721542	244	248	49	0	0	0	0	1293	244	248	0	0	0	0	0	1292
1374233215	214752	244	247	58	0	0	0	0	1294	244	248	0	0	0	0	0	1293
1374233215	708185	244	247	30	0	0	0	0	1295	244	248	0	0	0	0	0	1294
1374233216	201635	244	247	30	0	0	0	0	1296	244	248	0	0	0	0	0	1295
1374233216	694911	244	247	30	0	0	0	0	1297	244	248	0	0	0	0	0	1296
1374233217	188122	244	248	29	0	0	0	0	1298	244	248	0	0	0	0	0	1297
1374233217	680568	244	247	29	0	0	0	0	1299	244	248	0	0	0	0	0	1298
1374233218	174628	244	247	28	0	0	0	0	1300	244	248	0	0	0	0	0	1299
1374233218	667890	244	247	29	0	0	0	0	1301	244	248	0	0	0	0	0	1300
1374233219	161332	244	247	26	0	0	0	0	1302	244	248	0	0	0	0	0	1301
1374233219	654640	244	248	25	0	0	0	0	1303	244	248	0	0	0	0	0	1302
1374233220	147874	244	247	25	0	0	0	0	1304	244	248	0	0	0	0	0	1303
1374233220	640260	244	248	25	0	0	0	0	1305	244	248	0	0	0	0	0	1304
1374233221	133438	244	248	25	0	0	0	0	1306	244	248	0	0	0	0	0	1305
1374233221	626892	244	246	26	0	0	0	0	1307	244	248	0	0	0	0	0	1306
1374233222	121063	244	247	0	0	0	0	0	1308	244	248	0	0	0	0	0	1307
1374233222	614169	244	247	58	0	0	0	0	1309	244	248	0	0	0	0	0	1308
1374233223	106431	244	248	0	0	0	0	0	1310	244	248	0	0	0	0	0	1309
1374233223	599827	244	248	0	0	0	0	0	1311	244	248	0	0	0	0	0	1310
1374233224	093040	244	247	52	0	0	0	0	1312	244	248	0	0	0	0	0	1311
1374233224	586247	244	248	52	0	0	0	0	1313	244	248	0	0	0	0	0	1312
1374233225	079429	244	247	45	0	0	0	0	1314	244	248	0	0	0	0	0	1313
1374233225	571878	244	247	44	0	0	0	0	1315	244	248	0	0	0	0	0	1314
1374233226	065139	244	247	43	0	0	0	0	1316	244	248	0	0	0	0	0	1315
1374233226	558501	244	246	44	0	0	0	0	1317	244	248	0	0	0	0	0	1316
1374233227	051866	244	248	26	0	0	0	0	1318	244	248	0	0	0	0	0	1317
1374233227	545174	244	248	44	0	0	0	0	1319	244	248	0	0	0	0	0	1318
1374233228	038133	244	247	27	0	0	0	0	1320	244	248	0	0	0	0	0	1319
1374233228	528487	244	248	43	0	0	0	0	1321	244	248	0	0	0	0	0	1320
1374233229	022723	244	248	51	0	0	0	0	1322	244	248	0	0	0	0	0	1321
1374233229	516183	244	248	51	0	0	0	0	1323	244	248	0	0	0	0	0	1322
1374233230	009478	244	248	54	0	0	0	0	1324	244	248	0	0	0	0	0	1323
1374233230	502849	244	248	47	0	0	0	0	1325	244	248	194	0	0	0	0	1324
1374233230	996079	244	248	0	0	0	0	0	1326	244	247	0	0	0	0	0	1325
1374233231	489448	244	247	0	0	0	0	0	1327	244	248	0	0	0	0	0	1326
1374233231	982661	244	248	43	0	0	0	0	1328	244	248	0	0	0	0	0	1327
1374233232	474883	244	248	25	0	0	0	0	1329	244	248	0	0	0	0	0	1328
1374233232	967070	244	248	25	0	0	0	0	1330	244	248	0	0	0	0	0	1329
1374233233	459488	244	247	26	0	0	0	0	1331	244	248	0	0	0	0	0	1330
1374233233	950876	244	246	25	0	0	0	0	1332	244	248	0	0	0	0	0	1331
1374233234	443169	244	246	25	0	0	0	0	1333	244	248	0	0	0	0	0	1332
1374233234	935580	244	248	25	0	0	0	0	1334	244	248	0	0	0	0	0	1333
1374233235	428905	244	247	25	0	0	0	0	1335	244	248	0	0	0	0	0	1334
1374233235	921075	244	246	25	0	0	0	0	1336	244	248	0	0	0	0	0	1335
1374233236	414346	244	247	24	0	0	0	0	1337	244	248	0	0	0	0	0	1336
1374233236	907846	244	246	25	0	0	0	0	1338	244	248	0	0	0	0	0	1337
1374233237	401000	244	247	25	0	0	0	0	1339	244	248	0	0	0	0	0	1338
1374233237	893052	244	246	25	0	0	0	0	1340	244	248	0	0	0	0	0	1339
1374233238	383493	244	248	24	0	0	0	0	1341	244	248	0	0	0	0	0	1340
1374233238	875884	244	246	25	0	0	0	0	1342	244	248	0	0	0	0	0	1341
1374233239	369147	244	247	24	0	0	0	0	1343	244	248	0	0	0	0	0	1342
1374233239	861533	244	248	25	0	0	0	0	1344	244	248	0	0	0	0	0	1343
1374233240	353564	244	248	25	0	0	0	0	1345	244	248	0	0	0	0	0	1344
1374233240	846885	244	247	24	0	0	0	0	1346	244	248	0	0	0	0	0	1345
1374233241	339331	244	246	24	0	0	0	0	1347	244	248	0	0	0	0	0	1346
1374233241	832592	244	246	24	0	0	0	0	1348	244	248	0	0	0	0	0	1347
1374233242	325029	244	248	24	0	0	0	0	1349	244	248	0	0	0	0	0	1348
1374233242	818182	244	248	25	0	0	0	0	1350	244	248	0	0	0	0	0	1349
1374233243	310473	244	246	24	0	0	0	0	1351	244	248	0	0	0	0	0	1350
1374233243	804022	244	247	24	0	0	0	0	1352	244	248	0	0	0	0	0	1351
1374233244	297157	244	247	24	0	0	0	0	1353	244	248	0	0	0	0	0	1352
1374233244	790377	244	247	24	0	0	0	0	1354	244	248	0	0	0	0	0	1353
1374233245	281670	244	247	25	0	0	0	0	1355	244	248	0	0	0	0	0	1354
1374233245	774981	244	248	24	0	0	0	0	1356	244	248	0	0	0	0	0	1355
1374233246	269406	244	248	24	0	0	0	0	1357	244	248	0	0	0	0	0	1356
1374233246	762571	244	248	24	0	0	0	0	1358	244	248	0	0	0	0	0	1357
1374233247	255894	244	248	24	0	0	0	0	1359	244	248	0	0	0	0	0	1358
1374233247	748119	244	247	24	0	0	0	0	1360	244	248	0	0	0	0	0	1359
1374233248	241417	244	248	23	0	0	0	0	1361	244	247	0	0	0	0	0	1360
1374233248	733728	244	246	23	0	0	0	0	1362	244	248	0	0	0	0	0	1361
1374233249	226169	244	247	23	0	0	0	0	1363	244	247	0	0	0	0	0	1362
1374233249	720205	244	248	23	0	0	0	0	1364	244	248	0	0	0	0	0	1363
1374233250	213738	244	249	23	0	0	0	0	1365	244	248	0	0	0	0	0	1364
1374233250	706947	244	247	23	0	0	0	0	1366	244	248	0	0	0	0	0	1365
1374233251	200109	244	248	23	0	0	0	0	1367	244	248	0	0	0	0	0	1366
1374233251	692211	244	246	23	0	0	0	0	1368	244	247	0	0	0	0	0	1367
1374233252	184611	244	248	23	0	0	0	0	1369	244	248	0	0	0	0	0	1368
1374233252	675851	244	247	23	0	0	0	0	1370	244	248	0	0	0	0	0	1369
1374233253	168869	244	248	23	0	0	0	0	1371	244	247	0	0	0	0	0	1370
1374233253	661118	244	246	23	0	0	0	0	1372	244	248	0	0	0	0	0	1371
1374233254	153261	244	248	23	0	0	0	0	1373	244	248	0	0	0	0	0	1372
1374233254	645947	244	248	23	0	0	0	0	1374	244	248	0	0	0	0	0	1373
1374233255	139216	244	248	25	0	0	0	0	1375	244	248	0	0	0	0	0	1374
1374233255	631215	244	246	25	0	0	0	0	1376	244	248	0	0	0	0	0	1375
1374233256	124646	244	247	45	0	0	0	0	1377	244	248	0	0	0	0	0	1376
1374233256	617897	244	248	38	0	0	0	0	1378	244	248	0	0	0	0	0	1377
1374233257	111288	244	246	48	0	0	0	0	1379	244	248	0	0	0	0	0	1378
1374233257	604536	244	248	0	0	0	0	0	1380	244	248	0	0	0	0	0	1379
1374233258	097805	244	246	35	0	0	0	0	1381	244	248	0	0	0	0	0	1380
1374233258	590274	244	246	35	0	0	0	0	1382	244	248	0	0	0	0	0	1381
1374233259	083357	244	248	27	0	0	0	0	1383	244	248	0	0	0	0	0	1382
1374233259	576748	244	248	26	0	0	0	0	1384	244	248	0	0	0	0	0	1383
1374233260	070075	244	246	27	0	0	0	0	1385	244	248	0	0	0	0	0	1384
1374233260	563400	244	247	27	0	0	0	0	1386	244	248	0	0	0	0	0	1385
1374233261	055677	244	247	25	0	0	0	0	1387	244	248	0	0	0	0	0	1386
1374233261	549090	244	246	24	0	0	0	0	1388	244	248	0	0	0	0	0	1387
1374233262	043198	244	247	23	0	0	0	0	1389	244	248	0	0	0	0	0	1388
1374233262	534950	244	247	22	0	0	0	0	1390	244	248	0	0	0	0	0	1389
1374233263	028674	244	248	22	0	0	0	0	1391	244	248	0	0	0	0	0	1390
1374233263	518844	244	247	22	0	0	0	0	1392	244	248	0	0	0	0	0	1391
1374233264	010440	244	247	22	0	0	0	0	1393	244	248	0	0	0	0	0	1392
1374233264	503718	244	246	22	0	0	0	0	1394	244	248	0	0	0	0	0	1393
1374233264	997977	244	248	22	0	0	0	0	1395	244	248	0	0	0	0	0	1394
1374233265	491213	244	247	22	0	0	0	0	1396	244	248	0	0	0	0	0	1395
1374233265	983638	244	248	22	0	0	0	0	1397	244	248	0	0	0	0	0	1396
1374233266	476801	244	248	22	0	0	0	0	1398	244	248	0	0	0	0	0	1397
1374233266	968431	244	248	22	0	0	0	0	1399	244	248	0	0	0	0	0	1398
1374233267	460595	244	247	22	0	0	0	0	1400	244	248	0	0	0	0	0	1399
1374233267	953593	244	247	22	0	0	0	0	1401	244	248	0	0	0	0	0	1400
1374233268	445003	244	248	22	0	0	0	0	1402	244	248	0	0	0	0	0	1401
1374233268	938476	244	247	22	0	0	0	0	1403	244	248	0	0	0	0	0	1402
1374233269	431722	244	248	21	0	0	0	0	1404	244	248	0	0	0	0	0	1403
1374233269	926122	244	246	21	0	0	0	0	1405	244	248	199	0	0	0	0	1404
1374233270	418329	244	248	21	0	0	0	0	1406	244	248	0	0	0	0	0	1405
1374233270	912374	244	246	21	0	0	0	0	1407	244	248	0	0	0	0	0	1406
1374233271	404749	244	248	21	0	0	0	0	1408	244	248	0	0	0	0	0	1407
1374233271	897094	244	248	21	0	0	0	0	1409	244	248	0	0	0	0	0	1408
1374233272	390296	244	248	21	0	0	0	0	1410	244	248	0	0	0	0	0	1409
1374233272	881625	244	247	21	0	0	0	0	1411	244	248	0	0	0	0	0	1410
1374233273	373790	244	248	22	0	0	0	0	1412	244	248	0	0	0	0	0	1411
1374233273	866114	244	247	23	0	0	0	0	1413	244	248	0	0	0	0	0	1412
1374233274	358638	244	246	22	0	0	0	0	1414	244	248	0	0	0	0	0	1413
1374233274	850894	244	246	23	0	0	0	0	1415	244	248	0	0	0	0	0	1414
1374233275	343244	244	247	22	0	0	0	0	1416	244	248	0	0	0	0	0	1415
1374233275	836769	244	248	22	0	0	0	0	1417	244	248	0	0	0	0	0	1416
1374233276	331001	244	248	22	0	0	0	0	1418	244	248	0	0	0	0	0	1417
1374233276	824127	244	248	22	0	0	0	0	1419	244	248	0	0	0	0	0	1418
1374233277	316529	244	248	21	0	0	0	0	1420	244	248	0	0	0	0	0	1419
1374233277	809653	244	247	21	0	0	0	0	1421	244	248	0	0	0	0	0	1420
1374233278	302956	244	246	21	0	0	0	0	1422	244	248	0	0	0	0	0	1421
1374233278	795372	244	247	21	0	0	0	0	1423	244	248	0	0	0	0	0	1422
1374233279	288575	244	248	21	0	0	0	0	1424	244	248	0	0	0	0	0	1423
1374233279	781996	244	247	21	0	0	0	0	1425	244	248	0	0	0	0	0	1424
1374233280	274073	244	247	21	0	0	0	0	1426	244	248	0	0	0	0	0	1425
1374233280	766759	244	248	21	0	0	0	0	1427	244	248	0	0	0	0	0	1426
1374233281	258879	244	246	21	0	0	0	0	1428	244	248	0	0	0	0	0	1427
1374233281	752067	244	247	21	0	0	0	0	1429	244	248	0	0	0	0	0	1428
1374233282	244304	244	247	21	0	0	0	0	1430	244	248	0	0	0	0	0	1429
1374233282	736584	244	247	22	0	0	0	0	1431	244	248	0	0	0	0	0	1430
1374233283	229845	244	246	22	0	0	0	0	1432	244	247	0	0	0	0	0	1431
1374233283	723203	244	247	22	0	0	0	0	1433	244	248	0	0	0	0	0	1432
1374233284	217282	244	247	21	0	0	0	0	1434	244	248	0	0	0	0	0	1433
1374233284	709684	244	247	21	0	0	0	0	1435	244	248	0	0	0	0	0	1434
1374233285	201979	244	246	21	0	0	0	0	1436	244	248	0	0	0	0	0	1435
1374233285	695251	244	248	21	0	0	0	0	1437	244	248	0	0	0	0	0	1436
1374233286	189699	244	247	22	0	0	0	0	1438	244	248	0	0	0	0	0	1437
1374233286	682989	244	248	22	0	0	0	0	1439	244	248	0	0	0	0	0	1438
1374233287	175167	244	248	22	0	0	0	0	1440	244	248	0	0	0	0	0	1439
1374233287	668495	244	248	22	0	0	0	0	1441	244	248	0	0	0	0	0	1440
1374233288	161514	244	248	22	0	0	0	0	1442	244	248	0	0	0	0	0	1441
1374233288	654917	244	247	22	0	0	0	0	1443	244	248	0	0	0	0	0	1442
1374233289	147275	244	248	22	0	0	0	0	1444	244	248	0	0	0	0	0	1443
1374233289	639749	244	247	22	0	0	0	0	1445	244	248	0	0	0	0	0	1444
1374233290	133811	244	248	22	0	0	0	0	1446	244	248	0	0	0	0	0	1445
1374233290	626136	244	249	22	0	0	0	0	1447	244	248	0	0	0	0	0	1446
1374233291	119355	244	248	22	0	0	0	0	1448	244	248	0	0	0	0	0	1447
1374233291	612736	244	247	21	0	0	0	0	1449	244	248	0	0	0	0	0	1448
1374233292	105228	244	248	22	0	0	0	0	1450	244	248	0	0	0	0	0	1449
1374233292	598571	244	248	24	0	0	0	0	1451	244	248	0	0	0	0	0	1450
1374233293	092670	244	246	24	0	0	0	0	1452	244	248	0	0	0	0	0	1451
1374233293	585975	244	248	23	0	0	0	0	1453	244	248	0	0	0	0	0	1452
1374233294	079332	244	246	25	0	0	0	0	1454	244	248	0	0	0	0	0	1453
1374233294	572463	244	247	27	0	0	0	0	1455	244	248	0	0	0	0	0	1454
1374233295	063788	244	247	27	0	0	0	0	1456	244	248	0	0	0	0	0	1455
1374233295	557326	244	248	26	0	0	0	0	1457	244	248	0	0	0	0	0	1456
1374233296	050674	244	248	25	0	0	0	0	1458	244	248	0	0	0	0	0	1457
1374233296	542784	244	247	26	0	0	0	0	1459	244	248	0	0	0	0	0	1458
1374233297	036197	244	247	53	0	0	0	0	1460	244	248	0	0	0	0	0	1459
1374233297	529451	244	248	26	0	0	0	0	1461	244	248	0	0	0	0	0	1460
1374233298	022643	244	246	25	0	0	0	0	1462	244	248	0	0	0	0	0	1461
1374233298	515855	244	248	25	0	0	0	0	1463	244	248	0	0	0	0	0	1462
1374233299	009306	244	247	24	0	0	0	0	1464	244	248	0	0	0	0	0	1463
1374233299	501364	244	248	24	0	0	0	0	1465	244	248	0	0	0	0	0	1464
1374233299	991886	244	248	24	0	0	0	0	1466	244	248	0	0	0	0	0	1465
1374233300	483169	244	247	23	0	0	0	0	1467	244	248	0	0	0	0	0	1466
1374233300	975612	244	246	23	0	0	0	0	1468	244	248	0	0	0	0	0	1467
1374233301	467712	244	248	23	0	0	0	0	1469	244	248	0	0	0	0	0	1468
1374233301	960128	244	247	23	0	0	0	0	1470	244	248	0	0	0	0	0	1469
1374233302	453339	244	247	23	0	0	0	0	1471	244	248	0	0	0	0	0	1470
1374233302	945608	244	246	23	0	0	0	0	1472	244	248	0	0	0	0	0	1471
1374233303	438827	244	248	23	0	0	0	0	1473	244	248	200	0	0	0	0	1472
1374233303	932161	244	248	23	0	0	0	0	1474	244	248	0	0	0	0	0	1473
1374233304	424455	244	246	23	0	0	0	0	1475	244	248	0	0	0	0	0	1474
1374233304	917861	244	248	23	0	0	0	0	1476	244	248	0	0	0	0	0	1475
1374233305	411097	244	247	23	0	0	0	0	1477	244	248	0	0	0	0	0	1476
1374233305	904530	244	246	23	0	0	0	0	1478	244	248	0	0	0	0	0	1477
1374233306	397913	244	247	23	0	0	0	0	1479	244	248	0	0	0	0	0	1478
1374233306	891161	244	247	23	0	0	0	0	1480	244	248	0	0	0	0	0	1479
1374233307	384666	244	247	23	0	0	0	0	1481	244	248	0	0	0	0	0	1480
1374233307	877657	244	247	23	0	0	0	0	1482	244	248	0	0	0	0	0	1481
1374233308	369062	244	248	23	0	0	0	0	1483	244	248	0	0	0	0	0	1482
1374233308	862488	244	248	23	0	0	0	0	1484	244	248	0	0	0	0	0	1483
1374233309	355811	244	247	23	0	0	0	0	1485	244	248	0	0	0	0	0	1484
1374233309	849014	244	247	23	0	0	0	0	1486	244	248	0	0	0	0	0	1485
1374233310	342545	244	247	23	0	0	0	0	1487	244	248	0	0	0	0	0	1486
1374233310	835838	244	248	23	0	0	0	0	1488	244	248	0	0	0	0	0	1487
1374233311	328014	244	247	23	0	0	0	0	1489	244	248	0	0	0	0	0	1488
1374233311	820163	244	247	23	0	0	0	0	1490	244	248	0	0	0	0	0	1489
1374233312	312638	244	247	22	0	0	0	0	1491	244	248	0	0	0	0	0	1490
1374233312	804784	244	247	23	0	0	0	0	1492	244	248	0	0	0	0	0	1491
1374233313	297920	244	248	23	0	0	0	0	1493	244	248	0	0	0	0	0	1492
1374233313	789211	244	248	24	0	0	0	0	1494	244	248	0	0	0	0	0	1493
1374233314	281406	244	246	25	0	0	0	0	1495	244	248	0	0	0	0	0	1494
1374233314	772848	244	246	25	0	0	0	0	1496	244	248	0	0	0	0	0	1495
1374233315	266290	244	247	24	0	0	0	0	1497	244	248	0	0	0	0	0	1496
1374233315	759645	244	248	24	0	0	0	0	1498	244	248	0	0	0	0	0	1497
1374233316	252044	244	248	23	0	0	0	0	1499	244	248	0	0	0	0	0	1498
1374233316	745204	244	248	23	0	0	0	0	1500	244	248	0	0	0	0	0	1499
1374233317	238579	244	247	23	0	0	0	0	1501	244	248	0	0	0	0	0	1500
1374233317	731714	244	247	23	0	0	0	0	1502	244	248	0	0	0	0	0	1501
1374233318	224222	244	248	25	0	0	0	0	1503	244	248	0	0	0	0	0	1502
1374233318	717513	244	246	24	0	0	0	0	1504	244	248	0	0	0	0	0	1503
1374233319	210798	244	248	23	0	0	0	0	1505	244	248	0	0	0	0	0	1504
1374233319	703852	244	248	23	0	0	0	0	1506	244	248	0	0	0	0	0	1505
1374233320	195539	244	248	22	0	0	0	0	1507	244	248	0	0	0	0	0	1506
1374233320	687557	244	246	22	0	0	0	0	1508	244	248	0	0	0	0	0	1507
1374233321	180840	244	247	22	0	0	0	0	1509	244	248	0	0	0	0	0	1508
1374233321	674333	244	247	22	0	0	0	0	1510	244	248	0	0	0	0	0	1509
1374233322	167412	244	248	22	0	0	0	0	1511	244	248	0	0	0	0	0	1510
1374233322	657950	244	247	22	0	0	0	0	1512	244	248	0	0	0	0	0	1511
1374233323	150130	244	248	22	0	0	0	0	1513	244	248	0	0	0	0	0	1512
1374233323	643455	244	248	22	0	0	0	0	1514	244	248	0	0	0	0	0	1513
1374233324	136630	244	248	22	0	0	0	0	1515	244	248	0	0	0	0	0	1514
1374233324	629101	244	247	22	0	0	0	0	1516	244	248	0	0	0	0	0	1515
1374233325	122556	244	247	22	0	0	0	0	1517	244	248	0	0	0	0	0	1516
1374233325	614820	244	247	22	0	0	0	0	1518	244	248	0	0	0	0	0	1517
1374233326	108188	244	247	22	0	0	0	0	1519	244	248	0	0	0	0	0	1518
1374233326	601364	244	248	0	0	0	0	0	1520	244	248	0	0	0	0	0	1519
1374233327	093788	244	247	0	0	0	0	0	1521	244	248	0	0	0	0	0	1520
1374233327	587042	244	246	0	0	0	0	0	1522	244	248	0	0	0	0	0	1521
1374233328	079242	244	248	25	0	0	0	0	1523	244	248	0	0	0	0	0	1522
1374233328	572387	244	248	24	0	0	0	0	1524	244	248	0	0	0	0	0	1523
1374233329	065663	244	248	23	0	0	0	0	1525	244	248	0	0	0	0	0	1524
1374233329	559039	244	247	22	0	0	0	0	1526	244	248	0	0	0	0	0	1525
1374233330	053370	244	247	21	0	0	0	0	1527	244	248	0	0	0	0	0	1526
1374233330	544497	244	246	22	0	0	0	0	1528	244	248	0	0	0	0	0	1527
1374233331	036995	244	247	22	0	0	0	0	1529	244	248	0	0	0	0	0	1528
1374233331	530371	244	248	22	0	0	0	0	1530	244	248	0	0	0	0	0	1529
1374233332	023479	244	248	22	0	0	0	0	1531	244	248	0	0	0	0	0	1530
