1374157274	857392	244	247	0	0	0	0	0	1	244	249	0	0	0	0	0	0
1374157275	350742	244	248	0	0	0	0	0	2	244	249	0	0	0	0	0	1
1374157275	843047	244	249	0	0	0	0	0	3	244	249	0	0	0	0	0	2
1374157276	336232	244	248	0	0	0	0	0	4	244	249	0	0	0	0	0	3
1374157276	828438	244	249	0	0	0	0	0	5	244	248	0	0	0	0	0	4
1374157277	320763	244	248	0	0	0	0	0	6	244	249	0	0	0	0	0	5
1374157277	814151	244	249	0	0	0	0	0	7	244	248	0	0	0	0	0	6
1374157278	307401	244	249	0	0	0	0	0	8	244	249	0	0	0	0	0	7
1374157278	800742	244	248	0	0	0	0	0	9	244	249	0	0	0	0	0	8
1374157279	293844	244	248	144	0	0	0	0	10	244	249	0	0	0	0	0	9
1374157279	786428	244	249	0	0	0	0	0	11	244	249	0	0	0	0	0	10
1374157280	277726	244	249	0	0	0	0	0	12	244	249	0	0	0	0	0	11
1374157280	770845	244	249	0	0	0	0	0	13	244	249	0	0	0	0	0	12
1374157281	263291	244	247	0	0	0	0	0	14	244	249	0	0	0	0	0	13
1374157281	755411	244	247	0	0	0	0	0	15	244	248	0	0	0	0	0	14
1374157282	248669	244	247	104	0	0	0	0	16	244	248	0	0	0	0	0	15
1374157282	741967	244	248	111	0	0	0	0	17	244	248	0	0	0	0	0	16
1374157283	235359	244	249	63	0	0	0	0	18	244	249	115	0	0	0	0	17
1374157283	728485	244	249	43	0	0	0	0	19	244	248	71	0	0	0	0	18
1374157284	220858	244	249	82	0	0	0	0	20	244	248	0	0	0	0	0	19
1374157284	714143	244	248	81	0	0	0	0	21	244	248	69	0	0	0	0	20
1374157285	207398	244	249	69	0	0	0	0	22	244	248	65	0	0	0	0	21
1374157285	700821	244	249	0	0	0	0	0	23	244	248	73	0	0	0	0	22
1374157286	194064	244	249	0	0	0	0	0	24	244	248	63	0	0	0	0	23
1374157286	688054	244	248	54	0	0	0	0	25	244	248	64	0	0	0	0	24
1374157287	182544	244	248	62	0	0	0	0	26	244	248	0	0	0	0	0	25
1374157287	676708	244	248	0	0	0	0	0	27	244	248	63	0	0	0	0	26
1374157288	169866	244	248	62	0	0	0	0	28	244	248	65	0	0	0	0	27
1374157288	663226	244	247	47	0	0	0	0	29	244	248	63	0	0	0	0	28
1374157289	155443	244	249	0	0	0	0	0	30	244	249	63	0	0	0	0	29
1374157289	648781	244	249	47	0	0	0	0	31	244	248	65	0	0	0	0	30
1374157290	141172	244	248	49	0	0	0	0	32	244	249	47	0	0	0	0	31
1374157290	634306	244	249	60	0	0	0	0	33	244	248	48	0	0	0	0	32
1374157291	126539	244	249	63	0	0	0	0	34	244	249	62	0	0	0	0	33
1374157291	618888	244	248	63	0	0	0	0	35	244	248	59	0	0	0	0	34
1374157292	111017	244	249	0	0	0	0	0	36	244	248	60	0	0	0	0	35
1374157292	604631	244	247	64	0	0	0	0	37	244	248	60	0	0	0	0	36
1374157293	098766	244	249	59	0	0	0	0	38	244	249	0	0	0	0	0	37
1374157293	592091	244	248	67	0	0	0	0	39	244	248	62	0	0	0	0	38
1374157294	085395	244	249	66	0	0	0	0	40	244	248	0	0	0	0	0	39
1374157294	578685	244	249	0	0	0	0	0	41	244	248	0	0	0	0	0	40
1374157295	071976	244	248	58	0	0	0	0	42	244	248	0	0	0	0	0	41
1374157295	565409	244	248	58	0	0	0	0	43	244	248	0	0	0	0	0	42
1374157296	058678	244	248	58	0	0	0	0	44	244	248	0	0	0	0	0	43
1374157296	549801	244	249	63	0	0	0	0	45	244	248	0	0	0	0	0	44
1374157297	041997	244	247	0	0	0	0	0	46	244	248	62	0	0	0	0	45
1374157297	538337	244	249	62	0	0	0	0	47	244	248	65	0	0	0	0	46
1374157298	031722	244	249	66	0	0	0	0	48	244	248	0	0	0	0	0	47
1374157298	525015	244	248	60	0	0	0	0	49	244	249	0	0	0	0	0	48
1374157299	017277	244	248	62	0	0	0	0	50	244	248	0	0	0	0	0	49
1374157299	509596	244	249	61	0	0	0	0	51	244	248	63	0	0	0	0	50
1374157300	002863	244	249	67	0	0	0	0	52	244	248	62	0	0	0	0	51
1374157300	496095	244	249	68	0	0	0	0	53	244	248	63	0	0	0	0	52
1374157300	989411	244	248	62	0	0	0	0	54	244	248	64	0	0	0	0	53
1374157301	480368	244	248	63	0	0	0	0	55	244	249	64	0	0	0	0	54
1374157301	971815	244	248	68	0	0	0	0	56	244	248	0	0	0	0	0	55
1374157302	465299	244	247	0	0	0	0	0	57	244	248	63	0	0	0	0	56
1374157302	958307	244	248	58	0	0	0	0	58	244	248	63	0	0	0	0	57
1374157303	450781	244	249	57	0	0	0	0	59	244	249	63	0	0	0	0	58
1374157303	944099	244	248	58	0	0	0	0	60	244	248	62	0	0	0	0	59
1374157304	436316	244	248	58	0	0	0	0	61	244	248	62	0	0	0	0	60
1374157304	928875	244	248	69	0	0	0	0	62	244	248	62	0	0	0	0	61
1374157305	421018	244	249	67	0	0	0	0	63	244	248	0	0	0	0	0	62
1374157305	914437	244	248	58	0	0	0	0	64	244	248	64	0	0	0	0	63
1374157306	406896	244	249	59	0	0	0	0	65	244	248	63	0	0	0	0	64
1374157306	899780	244	249	67	0	0	0	0	66	244	248	63	0	0	0	0	65
1374157307	392989	244	248	0	0	0	0	0	67	244	248	0	0	0	0	0	66
1374157307	885527	244	248	0	0	0	0	0	68	244	248	58	0	0	0	0	67
1374157308	377953	244	249	0	0	0	0	0	69	244	248	59	0	0	0	0	68
1374157308	871002	244	249	0	0	0	0	0	70	244	248	0	0	0	0	0	69
1374157309	363397	244	249	0	0	0	0	0	71	244	248	0	0	0	0	0	70
1374157309	856610	244	249	0	0	0	0	0	72	244	248	59	0	0	0	0	71
1374157310	348973	244	248	0	0	0	0	0	73	244	248	0	0	0	0	0	72
1374157310	842278	244	248	0	0	0	0	0	74	244	248	0	0	0	0	0	73
1374157311	334433	244	249	0	0	0	0	0	75	244	248	0	0	0	0	0	74
1374157311	825794	244	249	0	0	0	0	0	76	244	248	0	0	0	0	0	75
1374157312	318963	244	248	0	0	0	0	0	77	244	248	0	0	0	0	0	76
1374157312	812276	244	249	64	0	0	0	0	78	244	248	0	0	0	0	0	77
1374157313	304762	244	250	0	0	0	0	0	79	244	248	60	0	0	0	0	78
1374157313	797830	244	249	0	0	0	0	0	80	244	248	0	0	0	0	0	79
1374157314	291145	244	249	0	0	0	0	0	81	244	248	57	0	0	0	0	80
1374157314	784516	244	248	0	0	0	0	0	82	244	248	59	0	0	0	0	81
1374157315	277680	244	249	0	0	0	0	0	83	244	248	0	0	0	0	0	82
1374157315	769957	244	249	0	0	0	0	0	84	244	248	56	0	0	0	0	83
1374157316	263146	244	248	0	0	0	0	0	85	244	248	0	0	0	0	0	84
1374157316	755518	244	248	52	0	0	0	0	86	244	248	58	0	0	0	0	85
1374157317	249467	244	248	0	0	0	0	0	87	244	248	58	0	0	0	0	86
1374157317	741922	244	248	68	0	0	0	0	88	244	248	0	0	0	0	0	87
1374157318	235206	244	249	60	0	0	0	0	89	244	248	0	0	0	0	0	88
1374157318	728516	244	248	64	0	0	0	0	90	244	248	62	0	0	0	0	89
1374157319	221888	244	249	64	0	0	0	0	91	244	248	0	0	0	0	0	90
1374157319	715354	244	249	0	0	0	0	0	92	244	248	60	0	0	0	0	91
1374157320	208801	244	249	63	0	0	0	0	93	244	248	59	0	0	0	0	92
1374157320	701855	244	249	44	0	0	0	0	94	244	248	0	0	0	0	0	93
1374157321	193460	244	249	43	0	0	0	0	95	244	248	62	0	0	0	0	94
1374157321	686257	244	247	43	0	0	0	0	96	244	248	64	0	0	0	0	95
1374157322	177630	244	248	44	0	0	0	0	97	244	248	0	0	0	0	0	96
1374157322	668922	244	249	44	0	0	0	0	98	244	248	0	0	0	0	0	97
1374157323	162210	244	248	63	0	0	0	0	99	244	248	0	0	0	0	0	98
1374157323	655639	244	249	68	0	0	0	0	100	244	248	62	0	0	0	0	99
1374157324	148737	244	248	67	0	0	0	0	101	244	248	62	0	0	0	0	100
1374157324	641117	244	247	0	0	0	0	0	102	244	248	63	0	0	0	0	101
1374157325	135215	244	248	0	0	0	0	0	103	244	248	62	0	0	0	0	102
1374157325	627660	244	248	61	0	0	0	0	104	244	248	60	0	0	0	0	103
1374157326	121166	244	249	60	0	0	0	0	105	244	248	0	0	0	0	0	104
1374157326	613312	244	247	0	0	0	0	0	106	244	248	63	0	0	0	0	105
1374157327	106523	244	249	0	0	0	0	0	107	244	248	62	0	0	0	0	106
1374157327	598859	244	247	0	0	0	0	0	108	244	248	63	0	0	0	0	107
1374157328	090010	244	249	0	0	0	0	0	109	244	248	0	0	0	0	0	108
1374157328	583403	244	249	68	0	0	0	0	110	244	248	60	0	0	0	0	109
1374157329	075891	244	249	0	0	0	0	0	111	244	248	0	0	0	0	0	110
1374157329	569923	244	248	0	0	0	0	0	112	244	248	0	0	0	0	0	111
1374157330	064333	244	248	0	0	0	0	0	113	244	248	0	0	0	0	0	112
1374157330	557668	244	248	64	0	0	0	0	114	244	248	0	0	0	0	0	113
1374157331	051998	244	248	63	0	0	0	0	115	244	248	62	0	0	0	0	114
1374157331	544028	244	248	63	0	0	0	0	116	244	248	63	0	0	0	0	115
1374157332	037176	244	248	71	0	0	0	0	117	244	248	0	0	0	0	0	116
1374157332	529470	244	249	66	0	0	0	0	118	244	248	62	0	0	0	0	117
1374157333	022742	244	248	65	0	0	0	0	119	244	248	0	0	0	0	0	118
1374157333	516066	244	249	64	0	0	0	0	120	244	248	0	0	0	0	0	119
1374157334	008453	244	248	0	0	0	0	0	121	244	248	0	0	0	0	0	120
1374157334	499692	244	248	65	0	0	0	0	122	244	248	0	0	0	0	0	121
1374157334	993110	244	248	63	0	0	0	0	123	244	248	0	0	0	0	0	122
1374157335	487268	244	249	0	0	0	0	0	124	244	248	0	0	0	0	0	123
1374157335	980444	244	248	0	0	0	0	0	125	244	248	62	0	0	0	0	124
1374157336	473621	244	249	0	0	0	0	0	126	244	248	0	0	0	0	0	125
1374157336	965858	244	248	68	0	0	0	0	127	244	248	0	0	0	0	0	126
1374157337	458939	244	249	64	0	0	0	0	128	244	249	0	0	0	0	0	127
1374157337	953342	244	249	0	0	0	0	0	129	244	248	62	0	0	0	0	128
1374157338	446635	244	248	0	0	0	0	0	130	244	248	0	0	0	0	0	129
1374157338	940110	244	249	0	0	0	0	0	131	244	248	61	0	0	0	0	130
1374157339	432366	244	248	68	0	0	0	0	132	244	248	61	0	0	0	0	131
1374157339	925445	244	248	66	0	0	0	0	133	244	248	0	0	0	0	0	132
1374157340	416859	244	249	63	0	0	0	0	134	244	248	0	0	0	0	0	133
1374157340	908217	244	249	64	0	0	0	0	135	244	248	0	0	0	0	0	134
1374157341	400180	244	249	63	0	0	0	0	136	244	248	62	0	0	0	0	135
1374157341	891627	244	249	0	0	0	0	0	137	244	248	0	0	0	0	0	136
1374157342	384750	244	248	0	0	0	0	0	138	244	248	62	0	0	0	0	137
1374157342	877183	244	248	67	0	0	0	0	139	244	248	0	0	0	0	0	138
1374157343	370428	244	248	67	0	0	0	0	140	244	248	0	0	0	0	0	139
1374157343	863766	244	249	67	0	0	0	0	141	244	248	0	0	0	0	0	140
1374157344	356090	244	249	68	0	0	0	0	142	244	248	0	0	0	0	0	141
1374157344	849422	244	247	0	0	0	0	0	143	244	248	63	0	0	0	0	142
1374157345	342891	244	248	0	0	0	0	0	144	244	248	63	0	0	0	0	143
1374157345	836302	244	248	0	0	0	0	0	145	244	248	0	0	0	0	0	144
1374157346	328271	244	248	63	0	0	0	0	146	244	248	0	0	0	0	0	145
1374157346	821345	244	248	62	0	0	0	0	147	244	248	0	0	0	0	0	146
1374157347	313726	244	249	63	0	0	0	0	148	244	248	62	0	0	0	0	147
1374157347	807016	244	248	0	0	0	0	0	149	244	248	61	0	0	0	0	148
1374157348	300288	244	248	0	0	0	0	0	150	244	248	0	0	0	0	0	149
1374157348	793670	244	249	62	0	0	0	0	151	244	248	62	0	0	0	0	150
1374157349	287102	244	249	65	0	0	0	0	152	244	248	60	0	0	0	0	151
1374157349	779385	244	247	65	0	0	0	0	153	244	248	60	0	0	0	0	152
1374157350	272602	244	248	0	0	0	0	0	154	244	248	60	0	0	0	0	153
1374157350	764926	244	249	0	0	0	0	0	155	244	248	61	0	0	0	0	154
1374157351	258129	244	248	65	0	0	0	0	156	244	248	61	0	0	0	0	155
1374157351	750201	244	247	0	0	0	0	0	157	244	248	63	0	0	0	0	156
1374157352	241761	244	249	68	0	0	0	0	158	244	248	0	0	0	0	0	157
1374157352	735046	244	249	0	0	0	0	0	159	244	248	0	0	0	0	0	158
1374157353	228102	244	249	0	0	0	0	0	160	244	248	61	0	0	0	0	159
1374157353	719541	244	248	0	0	0	0	0	161	244	248	61	0	0	0	0	160
1374157354	213016	244	249	0	0	0	0	0	162	244	248	61	0	0	0	0	161
1374157354	707373	244	248	0	0	0	0	0	163	244	248	60	0	0	0	0	162
1374157355	199470	244	249	0	0	0	0	0	164	244	248	61	0	0	0	0	163
1374157355	692827	244	249	0	0	0	0	0	165	244	248	0	0	0	0	0	164
1374157356	184986	244	248	0	0	0	0	0	166	244	248	0	0	0	0	0	165
1374157356	678277	244	249	0	0	0	0	0	167	244	248	0	0	0	0	0	166
1374157357	171539	244	249	0	0	0	0	0	168	244	248	0	0	0	0	0	167
1374157357	664768	244	247	0	0	0	0	0	169	244	248	0	0	0	0	0	168
1374157358	156006	244	249	0	0	0	0	0	170	244	248	0	0	0	0	0	169
1374157358	649302	244	249	0	0	0	0	0	171	244	248	0	0	0	0	0	170
1374157359	140713	244	249	0	0	0	0	0	172	244	248	63	0	0	0	0	171
1374157359	633857	244	249	0	0	0	0	0	173	244	248	63	0	0	0	0	172
1374157360	126215	244	248	68	0	0	0	0	174	244	248	63	0	0	0	0	173
1374157360	619600	244	248	0	0	0	0	0	175	244	248	0	0	0	0	0	174
1374157361	111985	244	248	64	0	0	0	0	176	244	248	0	0	0	0	0	175
1374157361	604039	244	248	62	0	0	0	0	177	244	248	0	0	0	0	0	176
1374157362	096266	244	249	62	0	0	0	0	178	244	248	0	0	0	0	0	177
1374157362	588627	244	248	62	0	0	0	0	179	244	248	0	0	0	0	0	178
1374157363	080981	244	248	64	0	0	0	0	180	244	248	0	0	0	0	0	179
1374157363	573192	244	248	64	0	0	0	0	181	244	249	63	0	0	0	0	180
1374157364	064493	244	249	0	0	0	0	0	182	244	248	63	0	0	0	0	181
1374157364	557863	244	248	0	0	0	0	0	183	244	248	0	0	0	0	0	182
1374157365	051202	244	249	0	0	0	0	0	184	244	248	61	0	0	0	0	183
1374157365	544317	244	249	23	0	0	0	0	185	244	248	0	0	0	0	0	184
1374157366	037771	244	249	49	0	0	0	0	186	244	248	60	0	0	0	0	185
1374157366	530736	244	249	48	0	0	0	0	187	244	248	62	0	0	0	0	186
1374157367	022098	244	248	49	0	0	0	0	188	244	248	0	0	0	0	0	187
1374157367	515455	244	249	48	0	0	0	0	189	244	248	61	0	0	0	0	188
1374157368	007939	244	249	0	0	0	0	0	190	244	248	0	0	0	0	0	189
1374157368	500018	244	249	48	0	0	0	0	191	244	248	61	0	0	0	0	190
1374157368	993331	244	249	57	0	0	0	0	192	244	248	0	0	0	0	0	191
1374157369	486566	244	249	43	0	0	0	0	193	244	249	60	0	0	0	0	192
1374157369	980065	244	248	43	0	0	0	0	194	244	248	62	0	0	0	0	193
1374157370	473197	244	249	0	0	0	0	0	195	244	248	0	0	0	0	0	194
1374157370	965677	244	249	59	0	0	0	0	196	244	248	61	0	0	0	0	195
1374157371	457717	244	249	0	0	0	0	0	197	244	248	64	0	0	0	0	196
1374157371	948981	244	249	62	0	0	0	0	198	244	248	60	0	0	0	0	197
1374157372	441471	244	249	0	0	0	0	0	199	244	249	62	0	0	0	0	198
1374157372	934648	244	249	61	0	0	0	0	200	244	248	0	0	0	0	0	199
1374157373	428026	244	248	63	0	0	0	0	201	244	248	0	0	0	0	0	200
1374157373	921392	244	249	62	0	0	0	0	202	244	248	0	0	0	0	0	201
1374157374	414613	244	248	62	0	0	0	0	203	244	248	0	0	0	0	0	202
1374157374	907934	244	249	65	0	0	0	0	204	244	248	0	0	0	0	0	203
1374157375	401196	244	248	0	0	0	0	0	205	244	248	62	0	0	0	0	204
1374157375	894468	244	249	0	0	0	0	0	206	244	248	62	0	0	0	0	205
1374157376	387734	244	249	66	0	0	0	0	207	244	248	0	0	0	0	0	206
1374157376	879904	244	248	0	0	0	0	0	208	244	248	0	0	0	0	0	207
1374157377	372198	244	249	63	0	0	0	0	209	244	248	0	0	0	0	0	208
1374157377	865542	244	248	65	0	0	0	0	210	244	248	0	0	0	0	0	209
1374157378	356856	244	249	0	0	0	0	0	211	244	248	0	0	0	0	0	210
1374157378	850225	244	248	65	0	0	0	0	212	244	248	0	0	0	0	0	211
1374157379	342715	244	248	70	0	0	0	0	213	244	249	0	0	0	0	0	212
1374157379	836858	244	249	63	0	0	0	0	214	244	248	64	0	0	0	0	213
1374157380	330045	244	249	63	0	0	0	0	215	244	248	0	0	0	0	0	214
1374157380	823317	244	248	68	0	0	0	0	216	244	248	0	0	0	0	0	215
1374157381	314515	244	249	0	0	0	0	0	217	244	248	0	0	0	0	0	216
1374157381	806633	244	249	0	0	0	0	0	218	244	248	61	0	0	0	0	217
1374157382	298069	244	249	0	0	0	0	0	219	244	248	0	0	0	0	0	218
1374157382	791135	244	248	62	0	0	0	0	220	244	248	0	0	0	0	0	219
1374157383	281603	244	249	61	0	0	0	0	221	244	248	0	0	0	0	0	220
1374157383	774755	244	249	62	0	0	0	0	222	244	249	63	0	0	0	0	221
1374157384	267328	244	249	64	0	0	0	0	223	244	248	62	0	0	0	0	222
1374157384	760378	244	249	0	0	0	0	0	224	244	248	0	0	0	0	0	223
1374157385	253714	244	249	61	0	0	0	0	225	244	248	63	0	0	0	0	224
1374157385	747936	244	249	61	0	0	0	0	226	244	248	58	0	0	0	0	225
1374157386	241162	244	248	62	0	0	0	0	227	244	248	59	0	0	0	0	226
1374157386	734318	244	248	62	0	0	0	0	228	244	248	0	0	0	0	0	227
1374157387	226728	244	249	60	0	0	0	0	229	244	248	0	0	0	0	0	228
1374157387	719997	244	249	60	0	0	0	0	230	244	248	60	0	0	0	0	229
1374157388	213301	244	248	60	0	0	0	0	231	244	248	0	0	0	0	0	230
1374157388	706834	244	248	62	0	0	0	0	232	244	248	0	0	0	0	0	231
1374157389	199857	244	249	61	0	0	0	0	233	244	248	0	0	0	0	0	232
1374157389	692127	244	249	61	0	0	0	0	234	244	248	0	0	0	0	0	233
1374157390	185369	244	248	62	0	0	0	0	235	244	249	59	0	0	0	0	234
1374157390	678734	244	247	60	0	0	0	0	236	244	248	60	0	0	0	0	235
1374157391	172093	244	247	61	0	0	0	0	237	244	249	0	0	0	0	0	236
1374157391	665211	244	249	69	0	0	0	0	238	244	248	0	0	0	0	0	237
1374157392	158502	244	248	60	0	0	0	0	239	244	248	62	0	0	0	0	238
1374157392	651778	244	249	60	0	0	0	0	240	244	248	62	0	0	0	0	239
1374157393	144174	244	248	60	0	0	0	0	241	244	249	0	0	0	0	0	240
1374157393	637355	244	248	62	0	0	0	0	242	244	249	0	0	0	0	0	241
1374157394	128783	244	247	61	0	0	0	0	243	244	248	0	0	0	0	0	242
1374157394	621861	244	249	61	0	0	0	0	244	244	249	60	0	0	0	0	243
1374157395	113356	244	248	67	0	0	0	0	245	244	248	61	0	0	0	0	244
1374157395	606648	244	249	45	0	0	0	0	246	244	249	0	0	0	0	0	245
1374157396	098879	244	248	49	0	0	0	0	247	244	248	33	0	0	0	0	246
1374157396	590147	244	248	47	0	0	0	0	248	244	248	47	0	0	0	0	247
1374157397	082360	244	248	47	0	0	0	0	249	244	248	56	0	0	0	0	248
1374157397	573805	244	248	47	0	0	0	0	250	244	248	61	0	0	0	0	249
1374157398	067083	244	248	47	0	0	0	0	251	244	248	61	0	0	0	0	250
1374157398	560325	244	249	46	0	0	0	0	252	244	248	49	0	0	0	0	251
1374157399	053710	244	248	47	0	0	0	0	253	244	248	59	0	0	0	0	252
1374157399	546928	244	248	46	0	0	0	0	254	244	248	0	0	0	0	0	253
1374157400	040186	244	249	47	0	0	0	0	255	244	248	59	0	0	0	0	254
1374157400	533518	244	249	0	0	0	0	0	256	244	249	0	0	0	0	0	255
1374157401	026743	244	248	46	0	0	0	0	257	244	248	62	0	0	0	0	256
1374157401	517820	244	248	46	0	0	0	0	258	244	248	60	0	0	0	0	257
1374157402	010320	244	247	45	0	0	0	0	259	244	248	67	0	0	0	0	258
1374157402	503440	244	249	46	0	0	0	0	260	244	248	0	0	0	0	0	259
1374157402	994815	244	248	45	0	0	0	0	261	244	248	63	0	0	0	0	260
1374157403	488089	244	249	47	0	0	0	0	262	244	248	0	0	0	0	0	261
1374157403	980666	244	249	47	0	0	0	0	263	244	248	66	0	0	0	0	262
1374157404	473872	244	250	45	0	0	0	0	264	244	248	65	0	0	0	0	263
1374157404	966131	244	249	45	0	0	0	0	265	244	248	67	0	0	0	0	264
1374157405	459295	244	248	45	0	0	0	0	266	244	248	62	0	0	0	0	265
1374157405	951655	244	249	45	0	0	0	0	267	244	248	66	0	0	0	0	266
1374157406	443708	244	249	48	0	0	0	0	268	244	248	67	0	0	0	0	267
1374157406	936840	244	249	46	0	0	0	0	269	244	248	0	0	0	0	0	268
1374157407	429392	244	248	46	0	0	0	0	270	244	248	0	0	0	0	0	269
1374157407	921704	244	249	46	0	0	0	0	271	244	248	64	0	0	0	0	270
1374157408	414067	244	248	46	0	0	0	0	272	244	248	0	0	0	0	0	271
1374157408	907161	244	249	45	0	0	0	0	273	244	249	0	0	0	0	0	272
1374157409	397608	244	248	45	0	0	0	0	274	244	248	0	0	0	0	0	273
1374157409	889893	244	249	47	0	0	0	0	275	244	248	62	0	0	0	0	274
1374157410	384260	244	249	46	0	0	0	0	276	244	248	66	0	0	0	0	275
1374157410	877577	244	249	52	0	0	0	0	277	244	248	0	0	0	0	0	276
1374157411	370660	244	249	53	0	0	0	0	278	244	248	0	0	0	0	0	277
1374157411	862965	244	249	58	0	0	0	0	279	244	248	0	0	0	0	0	278
1374157412	357328	244	249	64	0	0	0	0	280	244	248	58	0	0	0	0	279
1374157412	850550	244	249	53	0	0	0	0	281	244	248	0	0	0	0	0	280
1374157413	343633	244	249	60	0	0	0	0	282	244	248	63	0	0	0	0	281
1374157413	837170	244	248	56	0	0	0	0	283	244	248	0	0	0	0	0	282
1374157414	330338	244	248	51	0	0	0	0	284	244	248	0	0	0	0	0	283
1374157414	823601	244	248	59	0	0	0	0	285	244	248	64	0	0	0	0	284
1374157415	315943	244	249	54	0	0	0	0	286	244	248	0	0	0	0	0	285
1374157415	808193	244	249	59	0	0	0	0	287	244	248	0	0	0	0	0	286
1374157416	301560	244	249	58	0	0	0	0	288	244	248	0	0	0	0	0	287
1374157416	795569	244	249	59	0	0	0	0	289	244	248	64	0	0	0	0	288
1374157417	289719	244	249	0	0	0	0	0	290	244	248	65	0	0	0	0	289
1374157417	781934	244	248	54	0	0	0	0	291	244	248	0	0	0	0	0	290
1374157418	275322	244	249	55	0	0	0	0	292	244	248	64	0	0	0	0	291
1374157418	767754	244	249	57	0	0	0	0	293	244	248	0	0	0	0	0	292
1374157419	261158	244	248	54	0	0	0	0	294	244	248	0	0	0	0	0	293
1374157419	752117	244	248	61	0	0	0	0	295	244	248	0	0	0	0	0	294
1374157420	244479	244	249	56	0	0	0	0	296	244	248	62	0	0	0	0	295
1374157420	736950	244	248	0	0	0	0	0	297	244	248	63	0	0	0	0	296
1374157421	230463	244	249	58	0	0	0	0	298	244	248	64	0	0	0	0	297
1374157421	723384	244	247	55	0	0	0	0	299	244	248	64	0	0	0	0	298
1374157422	216590	244	248	55	0	0	0	0	300	244	248	0	0	0	0	0	299
1374157422	707977	244	249	55	0	0	0	0	301	244	248	0	0	0	0	0	300
1374157423	201180	244	249	0	0	0	0	0	302	244	247	0	0	0	0	0	301
1374157423	694482	244	248	0	0	0	0	0	303	244	248	0	0	0	0	0	302
1374157424	186722	244	249	0	0	0	0	0	304	244	248	0	0	0	0	0	303
1374157424	679985	244	248	53	0	0	0	0	305	244	249	0	0	0	0	0	304
1374157425	173173	244	249	52	0	0	0	0	306	244	248	0	0	0	0	0	305
1374157425	664666	244	248	0	0	0	0	0	307	244	248	0	0	0	0	0	306
1374157426	157946	244	249	0	0	0	0	0	308	244	248	64	0	0	0	0	307
1374157426	651125	244	248	0	0	0	0	0	309	244	248	65	0	0	0	0	308
1374157427	143140	244	247	0	0	0	0	0	310	244	248	65	0	0	0	0	309
1374157427	633499	244	249	64	0	0	0	0	311	244	248	67	0	0	0	0	310
1374157428	124067	244	249	0	0	0	0	0	312	244	248	0	0	0	0	0	311
1374157428	617323	244	249	55	0	0	0	0	313	244	248	65	0	0	0	0	312
1374157429	109528	244	249	58	0	0	0	0	314	244	248	0	0	0	0	0	313
1374157429	602763	244	248	0	0	0	0	0	315	244	248	64	0	0	0	0	314
1374157430	096207	244	247	53	0	0	0	0	316	244	248	0	0	0	0	0	315
1374157430	588619	244	248	51	0	0	0	0	317	244	248	0	0	0	0	0	316
1374157431	081769	244	249	59	0	0	0	0	318	244	248	69	0	0	0	0	317
1374157431	572851	244	247	55	0	0	0	0	319	244	248	63	0	0	0	0	318
1374157432	065290	244	248	55	0	0	0	0	320	244	248	0	0	0	0	0	319
1374157432	557385	244	248	58	0	0	0	0	321	244	248	65	0	0	0	0	320
1374157433	050765	244	248	0	0	0	0	0	322	244	248	0	0	0	0	0	321
1374157433	543958	244	249	56	0	0	0	0	323	244	248	0	0	0	0	0	322
1374157434	037293	244	249	56	0	0	0	0	324	244	248	0	0	0	0	0	323
1374157434	530608	244	248	54	0	0	0	0	325	244	248	0	0	0	0	0	324
1374157435	023783	244	249	58	0	0	0	0	326	244	249	65	135	0	0	0	325
1374157435	517267	244	249	0	0	0	0	0	327	244	248	116	0	0	0	0	326
1374157436	010543	244	249	63	0	0	0	0	328	244	248	0	0	0	0	0	327
1374157436	503396	244	248	59	0	0	0	0	329	244	248	0	0	0	0	0	328
1374157436	995673	244	248	0	0	0	0	0	330	244	248	0	0	0	0	0	329
1374157437	488054	244	248	56	0	0	0	0	331	244	248	0	0	0	0	0	330
1374157437	981343	244	249	60	0	0	0	0	332	244	248	0	0	0	0	0	331
1374157438	475673	244	248	58	0	0	0	0	333	244	248	0	0	0	0	0	332
1374157438	968959	244	249	63	0	0	0	0	334	244	248	57	0	0	0	0	333
1374157439	462314	244	247	57	0	0	0	0	335	244	248	63	0	0	0	0	334
1374157439	955578	244	249	64	0	0	0	0	336	244	248	64	139	0	0	0	335
1374157440	448871	244	249	56	0	0	0	0	337	244	248	66	0	0	0	0	336
1374157440	942349	244	247	58	0	0	0	0	338	244	249	66	0	0	0	0	337
1374157441	434581	244	249	0	0	0	0	0	339	244	249	67	0	0	0	0	338
1374157441	927538	244	248	58	0	0	0	0	340	244	248	69	0	0	0	0	339
1374157442	420851	244	249	58	0	0	0	0	341	244	248	68	0	0	0	0	340
1374157442	914292	244	249	58	0	0	0	0	342	244	248	0	0	0	0	0	341
1374157443	407288	244	248	56	0	0	0	0	343	244	248	0	0	0	0	0	342
1374157443	899761	244	250	56	0	0	0	0	344	244	248	68	0	0	0	0	343
1374157444	391955	244	249	57	0	0	0	0	345	244	248	0	0	0	0	0	344
1374157444	885407	244	248	59	0	0	0	0	346	244	248	0	0	0	0	0	345
1374157445	379263	244	248	56	0	0	0	0	347	244	248	0	0	0	0	0	346
1374157445	871700	244	248	0	0	0	0	0	348	244	249	0	0	0	0	0	347
1374157446	365874	244	248	62	0	0	0	0	349	244	248	66	0	0	0	0	348
1374157446	858056	244	247	58	0	0	0	0	350	244	248	67	0	0	0	0	349
1374157447	349311	244	248	56	0	0	0	0	351	244	248	66	0	0	0	0	350
1374157447	843463	244	249	55	0	0	0	0	352	244	248	66	0	0	0	0	351
1374157448	335719	244	248	54	0	0	0	0	353	244	248	67	0	0	0	0	352
1374157448	827917	244	248	54	0	0	0	0	354	244	248	67	0	0	0	0	353
1374157449	321324	244	249	64	0	0	0	0	355	244	248	67	0	0	0	0	354
1374157449	814419	244	249	64	0	0	0	0	356	244	248	67	0	0	0	0	355
1374157450	306776	244	249	0	0	0	0	0	357	244	248	68	0	0	0	0	356
1374157450	799772	244	248	0	0	0	0	0	358	244	248	68	0	0	0	0	357
1374157451	292269	244	248	60	0	0	0	0	359	244	248	67	0	0	0	0	358
1374157451	784232	244	248	57	0	0	0	0	360	244	248	66	0	0	0	0	359
1374157452	274464	244	249	65	0	0	0	0	361	244	248	0	0	0	0	0	360
1374157452	768884	244	248	57	0	0	0	0	362	244	249	0	0	0	0	0	361
1374157453	261139	244	248	53	0	0	0	0	363	244	248	0	0	0	0	0	362
1374157453	754465	244	249	53	0	0	0	0	364	244	248	0	0	0	0	0	363
1374157454	247595	244	248	53	0	0	0	0	365	244	248	0	0	0	0	0	364
1374157454	739852	244	248	51	0	0	0	0	366	244	248	0	0	0	0	0	365
1374157455	232236	244	249	54	0	0	0	0	367	244	248	0	0	0	0	0	366
1374157455	725451	244	249	61	0	0	0	0	368	244	248	0	0	0	0	0	367
1374157456	218576	244	249	0	0	0	0	0	369	244	248	0	0	0	0	0	368
1374157456	709763	244	249	0	0	0	0	0	370	244	248	0	0	0	0	0	369
1374157457	200928	244	248	55	0	0	0	0	371	244	248	0	0	0	0	0	370
1374157457	693318	244	248	56	0	0	0	0	372	244	248	0	0	0	0	0	371
1374157458	186807	244	249	57	0	0	0	0	373	244	248	0	0	0	0	0	372
1374157458	678990	244	248	56	0	0	0	0	374	244	248	0	0	0	0	0	373
1374157459	172323	244	249	60	0	0	0	0	375	244	248	0	0	0	0	0	374
1374157459	664570	244	248	0	0	0	0	0	376	244	248	0	0	0	0	0	375
1374157460	157923	244	247	57	0	0	0	0	377	244	249	0	0	0	0	0	376
1374157460	651185	244	249	55	0	0	0	0	378	244	248	0	0	0	0	0	377
1374157461	143406	244	249	55	0	0	0	0	379	244	248	0	0	0	0	0	378
1374157461	635588	244	249	60	0	0	0	0	380	244	248	0	0	0	0	0	379
1374157462	127812	244	249	60	0	0	0	0	381	244	248	0	0	0	0	0	380
1374157462	620100	244	249	56	0	0	0	0	382	244	248	64	139	0	0	0	381
1374157463	113586	244	249	55	0	0	0	0	383	244	248	0	0	0	0	0	382
1374157463	606959	244	249	57	0	0	0	0	384	244	248	0	0	0	0	0	383
1374157464	099336	244	249	55	0	0	0	0	385	244	248	0	0	0	0	0	384
1374157464	592390	244	248	57	0	0	0	0	386	244	248	0	0	0	0	0	385
1374157465	085771	244	247	45	0	0	0	0	387	244	248	0	0	0	0	0	386
1374157465	577973	244	249	56	0	0	0	0	388	244	248	0	0	0	0	0	387
1374157466	071428	244	249	54	0	0	0	0	389	244	248	0	0	0	0	0	388
1374157466	563319	244	248	55	0	0	0	0	390	244	248	64	0	0	0	0	389
1374157467	053500	244	249	55	0	0	0	0	391	244	248	0	0	0	0	0	390
1374157467	546820	244	249	54	0	0	0	0	392	244	248	0	0	0	0	0	391
1374157468	041052	244	249	58	0	0	0	0	393	244	248	0	0	0	0	0	392
1374157468	534209	244	249	56	0	0	0	0	394	244	248	0	0	0	0	0	393
1374157469	026044	244	248	60	0	0	0	0	395	244	248	64	0	0	0	0	394
1374157469	516290	244	248	58	0	0	0	0	396	244	248	61	0	0	0	0	395
1374157470	007386	244	248	60	0	0	0	0	397	244	248	0	0	0	0	0	396
1374157470	497575	244	248	59	0	0	0	0	398	244	248	0	0	0	0	0	397
1374157470	988983	244	249	59	0	0	0	0	399	244	248	65	0	0	0	0	398
1374157471	481122	244	249	56	0	0	0	0	400	244	248	63	0	0	0	0	399
1374157471	973143	244	249	54	0	0	0	0	401	244	248	66	0	0	0	0	400
1374157472	465492	244	248	54	0	0	0	0	402	244	248	0	0	0	0	0	401
1374157472	958705	244	249	56	0	0	0	0	403	244	248	0	0	0	0	0	402
1374157473	451987	244	249	56	0	0	0	0	404	244	249	0	0	0	0	0	403
1374157473	945082	244	249	44	0	0	0	0	405	244	248	63	0	0	0	0	404
1374157474	437419	244	249	45	0	0	0	0	406	244	248	0	0	0	0	0	405
1374157474	930678	244	248	55	0	0	0	0	407	244	248	61	0	0	0	0	406
1374157475	421933	244	249	57	0	0	0	0	408	244	248	64	0	0	0	0	407
1374157475	914292	244	248	56	0	0	0	0	409	244	248	138	0	0	0	0	408
1374157476	407320	244	248	55	0	0	0	0	410	244	248	66	0	0	0	0	409
1374157476	899897	244	249	55	0	0	0	0	411	244	248	68	0	0	0	0	410
1374157477	392800	244	249	57	0	0	0	0	412	244	248	0	0	0	0	0	411
1374157477	885222	244	248	56	0	0	0	0	413	244	248	0	0	0	0	0	412
1374157478	378602	244	249	55	0	0	0	0	414	244	248	0	0	0	0	0	413
1374157478	870910	244	248	56	0	0	0	0	415	244	248	0	0	0	0	0	414
1374157479	364121	244	248	58	0	0	0	0	416	244	249	0	0	0	0	0	415
1374157479	860475	244	248	56	0	0	0	0	417	244	248	0	0	0	0	0	416
1374157480	353769	244	248	58	145	0	0	0	418	244	248	0	0	0	0	0	417
1374157480	846955	244	249	58	0	0	0	0	419	244	248	66	0	0	0	0	418
1374157481	338095	244	249	55	0	0	0	0	420	244	248	0	0	0	0	0	419
1374157481	831535	244	249	58	0	0	0	0	421	244	248	66	0	0	0	0	420
1374157482	323622	244	248	56	0	0	0	0	422	244	248	0	0	0	0	0	421
1374157482	816732	244	248	59	0	0	0	0	423	244	248	65	0	0	0	0	422
1374157483	310115	244	249	63	0	0	0	0	424	244	248	0	0	0	0	0	423
1374157483	803335	244	249	58	0	0	0	0	425	244	248	65	0	0	0	0	424
1374157484	296361	244	249	58	0	0	0	0	426	244	248	0	0	0	0	0	425
1374157484	787887	244	248	58	0	0	0	0	427	244	248	66	0	0	0	0	426
1374157485	281126	244	248	55	0	0	0	0	428	244	249	0	0	0	0	0	427
1374157485	774231	244	249	56	0	0	0	0	429	244	248	0	0	0	0	0	428
1374157486	268637	244	248	61	0	0	0	0	430	244	248	0	0	0	0	0	429
1374157486	761785	244	249	56	0	0	0	0	431	244	248	0	0	0	0	0	430
1374157487	254053	244	248	57	0	0	0	0	432	244	248	0	0	0	0	0	431
1374157487	747352	244	249	57	0	0	0	0	433	244	248	0	0	0	0	0	432
1374157488	240514	244	249	56	0	0	0	0	434	244	248	0	0	0	0	0	433
1374157488	733686	244	248	57	0	0	0	0	435	244	248	0	0	0	0	0	434
1374157489	227967	244	249	58	0	0	0	0	436	244	248	0	0	0	0	0	435
1374157489	722055	244	248	56	0	0	0	0	437	244	248	0	0	0	0	0	436
1374157490	214503	244	249	56	0	0	0	0	438	244	248	0	0	0	0	0	437
1374157490	706939	244	248	58	0	0	0	0	439	244	248	0	0	0	0	0	438
1374157491	199129	244	249	57	0	0	0	0	440	244	248	65	0	0	0	0	439
1374157491	691325	244	248	55	0	0	0	0	441	244	248	0	0	0	0	0	440
1374157492	184680	244	249	57	0	0	0	0	442	244	248	0	0	0	0	0	441
1374157492	677105	244	249	0	0	0	0	0	443	244	248	0	0	0	0	0	442
1374157493	171274	244	248	0	0	0	0	0	444	244	248	0	0	0	0	0	443
1374157493	664566	244	249	55	0	0	0	0	445	244	248	63	0	0	0	0	444
1374157494	156958	244	249	56	0	0	0	0	446	244	248	0	0	0	0	0	445
1374157494	650180	244	248	56	0	0	0	0	447	244	248	0	0	0	0	0	446
1374157495	143566	244	247	57	0	0	0	0	448	244	248	0	0	0	0	0	447
1374157495	637733	244	249	56	0	0	0	0	449	244	248	64	0	0	0	0	448
1374157496	131277	244	249	56	0	0	0	0	450	244	248	0	0	0	0	0	449
1374157496	625422	244	249	55	0	0	0	0	451	244	248	0	0	0	0	0	450
1374157497	117657	244	249	57	0	0	0	0	452	244	248	66	0	0	0	0	451
1374157497	610943	244	249	56	0	0	0	0	453	244	248	0	0	0	0	0	452
1374157498	102295	244	247	59	0	0	0	0	454	244	248	65	0	0	0	0	453
1374157498	594680	244	248	0	0	0	0	0	455	244	248	66	135	0	0	0	454
1374157499	087813	244	250	55	0	0	0	0	456	244	248	65	0	0	0	0	455
1374157499	581107	244	248	55	0	0	0	0	457	244	248	0	0	0	0	0	456
1374157500	074222	244	249	56	0	0	0	0	458	244	248	66	0	0	0	0	457
1374157500	567523	244	248	56	0	0	0	0	459	244	248	0	0	0	0	0	458
1374157501	060746	244	248	56	0	0	0	0	460	244	248	0	0	0	0	0	459
1374157501	554953	244	248	0	0	0	0	0	461	244	248	0	0	0	0	0	460
1374157502	047359	244	249	56	0	0	0	0	462	244	248	64	0	0	0	0	461
1374157502	540410	244	249	56	0	0	0	0	463	244	249	0	0	0	0	0	462
1374157503	031614	244	248	55	0	0	0	0	464	244	248	74	0	0	0	0	463
1374157503	524081	244	248	63	0	0	0	0	465	244	249	74	0	0	0	0	464
1374157504	016430	244	248	0	0	0	0	0	466	244	248	65	0	0	0	0	465
1374157504	509826	244	248	56	0	0	0	0	467	244	248	0	0	0	0	0	466
1374157505	001881	244	249	55	0	0	0	0	468	244	248	0	0	0	0	0	467
1374157505	495373	244	249	53	0	0	0	0	469	244	248	0	0	0	0	0	468
1374157505	987522	244	248	56	0	0	0	0	470	244	248	0	0	0	0	0	469
1374157506	480843	244	249	58	0	0	0	0	471	244	248	65	0	0	0	0	470
1374157506	974131	244	248	63	0	0	0	0	472	244	248	0	0	0	0	0	471
1374157507	467428	244	249	60	0	0	0	0	473	244	248	0	0	0	0	0	472
1374157507	960520	244	248	57	0	0	0	0	474	244	248	0	0	0	0	0	473
1374157508	453961	244	249	63	0	0	0	0	475	244	248	0	0	0	0	0	474
1374157508	948073	244	247	63	0	0	0	0	476	244	248	0	0	0	0	0	475
1374157509	440413	244	249	0	0	0	0	0	477	244	248	0	0	0	0	0	476
1374157509	932738	244	247	53	0	0	0	0	478	244	248	0	0	0	0	0	477
1374157510	424934	244	248	55	0	0	0	0	479	244	249	0	0	0	0	0	478
1374157510	916489	244	249	55	0	0	0	0	480	244	248	0	0	0	0	0	479
1374157511	408496	244	247	56	0	0	0	0	481	244	248	0	0	0	0	0	480
1374157511	898911	244	249	58	0	0	0	0	482	244	248	0	0	0	0	0	481
1374157512	392233	244	248	62	0	0	0	0	483	244	248	64	0	0	0	0	482
1374157512	885508	244	248	58	0	0	0	0	484	244	249	0	0	0	0	0	483
1374157513	377901	244	249	56	0	0	0	0	485	244	249	65	0	0	0	0	484
1374157513	870966	244	248	53	0	0	0	0	486	244	248	0	0	0	0	0	485
1374157514	363436	244	249	0	0	0	0	0	487	244	248	0	0	0	0	0	486
1374157514	855616	244	249	54	0	0	0	0	488	244	248	0	0	0	0	0	487
1374157515	349828	244	248	55	0	0	0	0	489	244	248	0	0	0	0	0	488
1374157515	843256	244	249	55	0	0	0	0	490	244	248	0	0	0	0	0	489
1374157516	336360	244	248	56	0	0	0	0	491	244	248	0	0	0	0	0	490
1374157516	828868	244	248	56	0	0	0	0	492	244	248	0	0	0	0	0	491
1374157517	321857	244	248	56	0	0	0	0	493	244	248	0	0	0	0	0	492
1374157517	814937	244	248	56	0	0	0	0	494	244	249	0	0	0	0	0	493
1374157518	306245	244	249	56	0	0	0	0	495	244	248	0	0	0	0	0	494
1374157518	798805	244	249	0	0	0	0	0	496	244	248	64	0	0	0	0	495
1374157519	291286	244	249	56	0	0	0	0	497	244	248	0	0	0	0	0	496
1374157519	783247	244	249	55	0	0	0	0	498	244	249	63	0	0	0	0	497
1374157520	275619	244	247	55	0	0	0	0	499	244	248	63	0	0	0	0	498
1374157520	767911	244	249	54	0	0	0	0	500	244	248	0	0	0	0	0	499
1374157521	260206	244	248	53	0	0	0	0	501	244	248	0	0	0	0	0	500
1374157521	753292	244	248	59	0	0	0	0	502	244	248	138	0	0	0	0	501
1374157522	245530	244	248	62	0	0	0	0	503	244	248	137	0	0	0	0	502
1374157522	738825	244	248	54	0	0	0	0	504	244	248	0	0	0	0	0	503
1374157523	231982	244	249	0	0	0	0	0	505	244	248	0	0	0	0	0	504
1374157523	724492	244	249	57	0	0	0	0	506	244	248	0	0	0	0	0	505
1374157524	217456	244	248	63	0	0	0	0	507	244	248	69	0	0	0	0	506
1374157524	708788	244	249	56	0	0	0	0	508	244	248	64	0	0	0	0	507
1374157525	201014	244	249	57	0	0	0	0	509	244	248	0	0	0	0	0	508
1374157525	693229	244	249	57	0	0	0	0	510	244	248	56	0	0	0	0	509
1374157526	186464	244	248	59	0	0	0	0	511	244	248	0	0	0	0	0	510
1374157526	677779	244	249	56	0	0	0	0	512	244	248	0	0	0	0	0	511
1374157527	171079	244	248	63	0	0	0	0	513	244	248	0	0	0	0	0	512
1374157527	662568	244	249	62	0	0	0	0	514	244	248	63	0	0	0	0	513
1374157528	155644	244	248	0	0	0	0	0	515	244	248	0	0	0	0	0	514
1374157528	647995	244	248	68	0	0	0	0	516	244	248	0	0	0	0	0	515
1374157529	141207	244	248	56	0	0	0	0	517	244	248	0	0	0	0	0	516
1374157529	634591	244	248	56	0	0	0	0	518	244	248	0	0	0	0	0	517
1374157530	127860	244	248	55	0	0	0	0	519	244	248	67	0	0	0	0	518
1374157530	621106	244	248	58	0	0	0	0	520	244	248	60	0	0	0	0	519
1374157531	113536	244	248	63	0	0	0	0	521	244	249	63	0	0	0	0	520
1374157531	605768	244	249	58	0	0	0	0	522	244	248	0	0	0	0	0	521
1374157532	097820	244	249	53	0	0	0	0	523	244	248	62	0	0	0	0	522
1374157532	591198	244	248	0	0	0	0	0	524	244	248	0	0	0	0	0	523
1374157533	084724	244	249	57	0	0	0	0	525	244	249	72	0	0	0	0	524
1374157533	577887	244	248	57	0	0	0	0	526	244	248	0	0	0	0	0	525
1374157534	071315	244	248	57	0	0	0	0	527	244	248	63	0	0	0	0	526
1374157534	564641	244	249	47	0	0	0	0	528	244	248	67	0	0	0	0	527
1374157535	057850	244	249	44	0	0	0	0	529	244	248	0	0	0	0	0	528
1374157535	551222	244	248	44	0	0	0	0	530	244	248	67	0	0	0	0	529
1374157536	044238	244	249	44	0	0	0	0	531	244	248	68	0	0	0	0	530
1374157536	536403	244	248	45	0	0	0	0	532	244	248	0	0	0	0	0	531
1374157537	027700	244	249	45	0	0	0	0	533	244	249	63	0	0	0	0	532
1374157537	521040	244	248	45	0	0	0	0	534	244	248	68	0	0	0	0	533
1374157538	015239	244	249	46	0	0	0	0	535	244	248	65	0	0	0	0	534
1374157538	508665	244	249	46	0	0	0	0	536	244	248	65	0	0	0	0	535
1374157539	001793	244	249	45	0	0	0	0	537	244	248	0	0	0	0	0	536
1374157539	495020	244	248	45	0	0	0	0	538	244	248	0	0	0	0	0	537
1374157539	988121	244	248	55	0	0	0	0	539	244	248	0	0	0	0	0	538
1374157540	479526	244	249	44	0	0	0	0	540	244	249	69	0	0	0	0	539
1374157540	972854	244	249	44	0	0	0	0	541	244	248	73	0	0	0	0	540
1374157541	466293	244	249	45	0	0	0	0	542	244	248	0	0	0	0	0	541
1374157541	959329	244	249	45	0	0	0	0	543	244	248	0	0	0	0	0	542
1374157542	452713	244	248	44	0	0	0	0	544	244	248	0	0	0	0	0	543
1374157542	946864	244	249	45	0	0	0	0	545	244	248	0	0	0	0	0	544
1374157543	439136	244	249	44	0	0	0	0	546	244	248	69	0	0	0	0	545
1374157543	931433	244	249	45	0	0	0	0	547	244	248	0	0	0	0	0	546
1374157544	423804	244	249	45	0	0	0	0	548	244	248	0	0	0	0	0	547
1374157544	917175	244	249	45	0	0	0	0	549	244	248	0	0	0	0	0	548
1374157545	409380	244	249	45	0	0	0	0	550	244	248	0	0	0	0	0	549
1374157545	901615	244	248	45	0	0	0	0	551	244	249	0	0	0	0	0	550
1374157546	393869	244	248	45	0	0	0	0	552	244	248	0	0	0	0	0	551
1374157546	886261	244	249	45	0	0	0	0	553	244	248	0	0	0	0	0	552
1374157547	379688	244	248	45	0	0	0	0	554	244	248	0	0	0	0	0	553
1374157547	872843	244	248	45	0	0	0	0	555	244	249	0	0	0	0	0	554
1374157548	365173	244	249	45	0	0	0	0	556	244	249	0	0	0	0	0	555
1374157548	857374	244	248	45	0	0	0	0	557	244	248	0	0	0	0	0	556
1374157549	350768	244	248	45	0	0	0	0	558	244	248	0	0	0	0	0	557
1374157549	843231	244	248	45	0	0	0	0	559	244	248	0	0	0	0	0	558
1374157550	336516	244	248	45	0	0	0	0	560	244	248	0	0	0	0	0	559
1374157550	829575	244	248	45	0	0	0	0	561	244	248	0	0	0	0	0	560
1374157551	321819	244	249	45	0	0	0	0	562	244	248	0	0	0	0	0	561
1374157551	814245	244	248	45	0	0	0	0	563	244	248	0	0	0	0	0	562
1374157552	307360	244	249	45	0	0	0	0	564	244	249	0	0	0	0	0	563
1374157552	798920	244	249	45	0	0	0	0	565	244	248	0	0	0	0	0	564
1374157553	292059	244	248	45	0	0	0	0	566	244	248	0	0	0	0	0	565
1374157553	785351	244	248	45	0	0	0	0	567	244	248	0	0	0	0	0	566
1374157554	277498	244	248	45	0	0	0	0	568	244	248	0	0	0	0	0	567
1374157554	770055	244	249	45	0	0	0	0	569	244	248	0	0	0	0	0	568
1374157555	262212	244	248	44	0	0	0	0	570	244	248	0	0	0	0	0	569
1374157555	755412	244	248	58	0	0	0	0	571	244	248	0	0	0	0	0	570
1374157556	247668	244	248	46	0	0	0	0	572	244	248	73	0	0	0	0	571
1374157556	739939	244	248	45	0	0	0	0	573	244	248	0	0	0	0	0	572
1374157557	231411	244	248	57	0	0	0	0	574	244	249	0	0	0	0	0	573
1374157557	724591	244	248	58	0	0	0	0	575	244	248	0	0	0	0	0	574
1374157558	217824	244	249	43	0	0	0	0	576	244	249	72	0	0	0	0	575
1374157558	710474	244	249	43	0	0	0	0	577	244	248	0	0	0	0	0	576
1374157559	203455	244	248	43	0	0	0	0	578	244	248	71	0	0	0	0	577
1374157559	696941	244	248	43	0	0	0	0	579	244	248	70	0	0	0	0	578
1374157560	190089	244	248	43	0	0	0	0	580	244	248	71	0	0	0	0	579
1374157560	683569	244	249	44	0	0	0	0	581	244	248	65	0	0	0	0	580
1374157561	176768	244	249	44	0	0	0	0	582	244	249	66	0	0	0	0	581
1374157561	669876	244	249	44	0	0	0	0	583	244	248	0	0	0	0	0	582
1374157562	162310	244	248	45	0	0	0	0	584	244	248	67	0	0	0	0	583
1374157562	654419	244	248	44	0	0	0	0	585	244	248	0	0	0	0	0	584
1374157563	148618	244	248	58	0	0	0	0	586	244	248	0	0	0	0	0	585
1374157563	641878	244	249	45	0	0	0	0	587	244	248	0	0	0	0	0	586
1374157564	135959	244	248	45	0	0	0	0	588	244	248	0	0	0	0	0	587
1374157564	629395	244	249	58	0	0	0	0	589	244	249	0	0	0	0	0	588
1374157565	122598	244	248	58	0	0	0	0	590	244	248	0	0	0	0	0	589
1374157565	616087	244	249	58	0	0	0	0	591	244	248	73	0	0	0	0	590
1374157566	109351	244	249	44	0	0	0	0	592	244	248	71	0	0	0	0	591
1374157566	603392	244	248	45	0	0	0	0	593	244	248	71	0	0	0	0	592
1374157567	096852	244	249	46	0	0	0	0	594	244	248	69	0	0	0	0	593
1374157567	589969	244	249	58	0	0	0	0	595	244	249	72	0	0	0	0	594
1374157568	083266	244	248	56	0	0	0	0	596	244	248	73	0	0	0	0	595
1374157568	576574	244	249	57	0	0	0	0	597	244	249	0	0	0	0	0	596
1374157569	068802	244	248	57	0	0	0	0	598	244	248	72	0	0	0	0	597
1374157569	562983	244	249	45	0	0	0	0	599	244	248	72	0	0	0	0	598
1374157570	055442	244	249	45	0	0	0	0	600	244	248	0	0	0	0	0	599
1374157570	548602	244	249	45	0	0	0	0	601	244	248	0	0	0	0	0	600
1374157571	042119	244	249	45	0	0	0	0	602	244	249	69	0	0	0	0	601
1374157571	536217	244	248	45	0	0	0	0	603	244	248	69	0	0	0	0	602
1374157572	028435	244	248	45	0	0	0	0	604	244	248	0	0	0	0	0	603
1374157572	520738	244	248	45	0	0	0	0	605	244	248	0	0	0	0	0	604
1374157573	012945	244	249	45	0	0	0	0	606	244	248	0	0	0	0	0	605
1374157573	505285	244	248	46	0	0	0	0	607	244	249	69	0	0	0	0	606
1374157573	997495	244	248	43	0	0	0	0	608	244	248	0	0	0	0	0	607
1374157574	490862	244	248	58	0	0	0	0	609	244	248	0	0	0	0	0	608
1374157574	983905	244	248	44	0	0	0	0	610	244	248	0	0	0	0	0	609
1374157575	477200	244	249	58	0	0	0	0	611	244	248	73	0	0	0	0	610
1374157575	969657	244	248	57	0	0	0	0	612	244	248	72	0	0	0	0	611
1374157576	462747	244	248	58	0	0	0	0	613	244	248	0	0	0	0	0	612
1374157576	955998	244	249	58	0	0	0	0	614	244	248	0	0	0	0	0	613
1374157577	449473	244	248	58	0	0	0	0	615	244	248	0	0	0	0	0	614
1374157577	942813	244	249	43	0	0	0	0	616	244	248	0	0	0	0	0	615
1374157578	434915	244	248	43	0	0	0	0	617	244	248	66	0	0	0	0	616
1374157578	928184	244	249	44	0	0	0	0	618	244	249	0	0	0	0	0	617
1374157579	421551	244	248	43	0	0	0	0	619	244	248	0	0	0	0	0	618
1374157579	915655	244	248	43	0	0	0	0	620	244	248	0	0	0	0	0	619
1374157580	409189	244	248	43	0	0	0	0	621	244	248	0	0	0	0	0	620
1374157580	902328	244	249	43	0	0	0	0	622	244	248	0	0	0	0	0	621
1374157581	393541	244	249	43	0	0	0	0	623	244	248	0	0	0	0	0	622
1374157581	883833	244	249	44	0	0	0	0	624	244	248	69	0	0	0	0	623
1374157582	377248	244	247	43	0	0	0	0	625	244	248	68	0	0	0	0	624
1374157582	869500	244	248	43	0	0	0	0	626	244	249	69	0	0	0	0	625
1374157583	363806	244	248	44	0	0	0	0	627	244	248	0	0	0	0	0	626
1374157583	857171	244	248	44	0	0	0	0	628	244	248	0	0	0	0	0	627
1374157584	349486	244	249	44	0	0	0	0	629	244	248	70	0	0	0	0	628
1374157584	842798	244	248	44	0	0	0	0	630	244	248	0	0	0	0	0	629
1374157585	336006	244	249	44	0	0	0	0	631	244	248	72	0	0	0	0	630
1374157585	829325	244	248	44	0	0	0	0	632	244	248	71	0	0	0	0	631
1374157586	323517	244	249	61	0	0	0	0	633	244	249	0	0	0	0	0	632
1374157586	816766	244	249	70	0	0	0	0	634	244	248	0	0	0	0	0	633
1374157587	310133	244	249	62	0	0	0	0	635	244	249	0	0	0	0	0	634
1374157587	803387	244	248	58	0	0	0	0	636	244	248	0	0	0	0	0	635
1374157588	296606	244	249	102	0	0	0	0	637	244	249	63	0	0	0	0	636
1374157588	789056	244	249	60	0	0	0	0	638	244	248	63	0	0	0	0	637
1374157589	282491	244	249	0	0	0	0	0	639	244	249	63	0	0	0	0	638
1374157589	775714	244	248	0	0	0	0	0	640	244	248	63	0	0	0	0	639
1374157590	267145	244	248	142	0	0	0	0	641	244	248	62	0	0	0	0	640
1374157590	759617	244	249	0	0	0	0	0	642	244	248	63	0	0	0	0	641
1374157591	252553	244	248	0	0	0	0	0	643	244	249	0	0	0	0	0	642
1374157591	746932	244	248	59	0	0	0	0	644	244	248	72	0	0	0	0	643
1374157592	239950	244	248	0	0	0	0	0	645	244	249	71	0	0	0	0	644
1374157592	733176	244	249	60	0	0	0	0	646	244	248	67	0	0	0	0	645
1374157593	225527	244	247	61	0	0	0	0	647	244	248	71	0	0	0	0	646
1374157593	718723	244	248	58	0	0	0	0	648	244	248	67	0	0	0	0	647
1374157594	211130	244	248	58	0	0	0	0	649	244	248	72	0	0	0	0	648
1374157594	702429	244	249	58	0	0	0	0	650	244	249	71	0	0	0	0	649
1374157595	195474	244	248	58	0	0	0	0	651	244	248	65	0	0	0	0	650
1374157595	688983	244	249	58	0	0	0	0	652	244	249	64	0	0	0	0	651
1374157596	182431	244	248	58	0	0	0	0	653	244	248	65	0	0	0	0	652
1374157596	676264	244	249	58	0	0	0	0	654	244	248	65	0	0	0	0	653
1374157597	166594	244	248	58	0	0	0	0	655	244	248	70	0	0	0	0	654
1374157597	660012	244	249	58	0	0	0	0	656	244	249	65	0	0	0	0	655
1374157598	152343	244	249	58	0	0	0	0	657	244	248	65	0	0	0	0	656
1374157598	644672	244	249	57	0	0	0	0	658	244	248	65	0	0	0	0	657
1374157599	138347	244	249	57	0	0	0	0	659	244	248	66	0	0	0	0	658
1374157599	630260	244	248	57	0	0	0	0	660	244	249	69	0	0	0	0	659
1374157600	124344	244	249	58	0	0	0	0	661	244	249	70	0	0	0	0	660
1374157600	615662	244	248	58	0	0	0	0	662	244	249	68	0	0	0	0	661
1374157601	109022	244	249	58	0	0	0	0	663	244	249	71	0	0	0	0	662
1374157601	602111	244	248	58	0	0	0	0	664	244	248	0	0	0	0	0	663
1374157602	094342	244	249	58	0	0	0	0	665	244	248	72	0	0	0	0	664
1374157602	585753	244	248	57	0	0	0	0	666	244	249	70	0	0	0	0	665
1374157603	080083	244	248	58	0	0	0	0	667	244	248	67	0	0	0	0	666
1374157603	573474	244	249	58	0	0	0	0	668	244	248	71	0	0	0	0	667
1374157604	066589	244	248	58	0	0	0	0	669	244	249	0	0	0	0	0	668
1374157604	559117	244	248	58	0	0	0	0	670	244	249	71	0	0	0	0	669
1374157605	052304	244	248	58	0	0	0	0	671	244	249	65	0	0	0	0	670
1374157605	546610	244	249	58	0	0	0	0	672	244	248	72	0	0	0	0	671
1374157606	039008	244	247	57	0	0	0	0	673	244	248	0	0	0	0	0	672
1374157606	531303	244	248	48	0	0	0	0	674	244	248	0	0	0	0	0	673
1374157607	023699	244	248	57	0	0	0	0	675	244	248	0	0	0	0	0	674
1374157607	516768	244	247	58	0	0	0	0	676	244	248	0	0	0	0	0	675
1374157608	009041	244	248	57	0	0	0	0	677	244	248	66	0	0	0	0	676
1374157608	502443	244	250	57	0	0	0	0	678	244	248	0	0	0	0	0	677
1374157608	995641	244	248	57	0	0	0	0	679	244	248	0	0	0	0	0	678
1374157609	488157	244	248	57	0	0	0	0	680	244	249	0	0	0	0	0	679
1374157609	979275	244	248	58	0	0	0	0	681	244	248	73	0	0	0	0	680
1374157610	471549	244	248	60	0	0	0	0	682	244	248	73	0	0	0	0	681
1374157610	964699	244	249	67	0	0	0	0	683	244	248	69	0	0	0	0	682
1374157611	455922	244	248	63	0	0	0	0	684	244	248	0	0	0	0	0	683
1374157611	948217	244	248	62	0	0	0	0	685	244	249	65	0	0	0	0	684
1374157612	441518	244	249	63	0	0	0	0	686	244	248	0	0	0	0	0	685
1374157612	934869	244	248	62	0	0	0	0	687	244	248	74	0	0	0	0	686
1374157613	428299	244	248	64	0	0	0	0	688	244	248	72	0	0	0	0	687
1374157613	922278	244	248	0	0	0	0	0	689	244	248	0	0	0	0	0	688
1374157614	414534	244	247	64	0	0	0	0	690	244	248	73	0	0	0	0	689
1374157614	907967	244	249	0	0	0	0	0	691	244	248	0	0	0	0	0	690
1374157615	401175	244	248	62	0	0	0	0	692	244	248	0	0	0	0	0	691
1374157615	895266	244	248	63	0	0	0	0	693	244	248	0	0	0	0	0	692
1374157616	387442	244	249	62	0	0	0	0	694	244	248	73	0	0	0	0	693
1374157616	878989	244	248	61	0	0	0	0	695	244	248	67	0	0	0	0	694
1374157617	373056	244	249	60	0	0	0	0	696	244	248	74	0	0	0	0	695
1374157617	866137	244	248	62	0	0	0	0	697	244	248	71	0	0	0	0	696
1374157618	359520	244	249	62	0	0	0	0	698	244	248	0	0	0	0	0	697
1374157618	852720	244	248	62	0	0	0	0	699	244	248	0	0	0	0	0	698
1374157619	347222	244	248	63	0	0	0	0	700	244	248	0	0	0	0	0	699
1374157619	840465	244	248	60	0	0	0	0	701	244	249	0	0	0	0	0	700
1374157620	332832	244	248	60	0	0	0	0	702	244	248	72	0	0	0	0	701
1374157620	825871	244	249	62	0	0	0	0	703	244	248	0	0	0	0	0	702
1374157621	317919	244	249	63	0	0	0	0	704	244	248	74	0	0	0	0	703
1374157621	810136	244	248	63	0	0	0	0	705	244	248	74	0	0	0	0	704
1374157622	302525	244	249	60	0	0	0	0	706	244	248	0	0	0	0	0	705
1374157622	795760	244	248	60	0	0	0	0	707	244	248	73	0	0	0	0	706
1374157623	288229	244	248	62	0	0	0	0	708	244	248	0	0	0	0	0	707
1374157623	781422	244	248	62	0	0	0	0	709	244	249	0	0	0	0	0	708
1374157624	274757	244	248	62	0	0	0	0	710	244	248	0	0	0	0	0	709
1374157624	768045	244	248	60	0	0	0	0	711	244	248	0	0	0	0	0	710
1374157625	261413	244	249	60	0	0	0	0	712	244	249	71	0	0	0	0	711
1374157625	754818	244	248	62	0	0	0	0	713	244	249	74	0	0	0	0	712
1374157626	248093	244	248	62	0	0	0	0	714	244	248	74	0	0	0	0	713
1374157626	741190	244	248	62	0	0	0	0	715	244	248	76	0	0	0	0	714
1374157627	233259	244	248	62	0	0	0	0	716	244	248	68	0	0	0	0	715
1374157627	726592	244	248	60	0	0	0	0	717	244	248	66	0	0	0	0	716
1374157628	218650	244	248	63	0	0	0	0	718	244	249	66	0	0	0	0	717
1374157628	711211	244	249	0	0	0	0	0	719	244	249	70	0	0	0	0	718
1374157629	204222	244	248	62	0	0	0	0	720	244	248	67	0	0	0	0	719
1374157629	694518	244	248	0	0	0	0	0	721	244	248	66	0	0	0	0	720
1374157630	186961	244	248	0	0	0	0	0	722	244	248	66	0	0	0	0	721
1374157630	679199	244	248	0	0	0	0	0	723	244	248	66	0	0	0	0	722
1374157631	172402	244	249	0	0	0	0	0	724	244	248	67	0	0	0	0	723
1374157631	666452	244	248	61	0	0	0	0	725	244	248	66	0	0	0	0	724
1374157632	157939	244	249	62	0	0	0	0	726	244	248	66	0	0	0	0	725
1374157632	651011	244	249	61	0	0	0	0	727	244	248	66	0	0	0	0	726
1374157633	145232	244	249	0	0	0	0	0	728	244	248	66	0	0	0	0	727
1374157633	639199	244	249	0	0	0	0	0	729	244	248	66	0	0	0	0	728
1374157634	130447	244	248	63	0	0	0	0	730	244	248	66	0	0	0	0	729
1374157634	621548	244	248	63	0	0	0	0	731	244	248	65	0	0	0	0	730
1374157635	113698	244	248	62	0	0	0	0	732	244	248	69	0	0	0	0	731
1374157635	606014	244	249	60	0	0	0	0	733	244	248	64	0	0	0	0	732
1374157636	098236	244	249	62	0	0	0	0	734	244	248	0	0	0	0	0	733
1374157636	590227	244	249	61	0	0	0	0	735	244	248	72	0	0	0	0	734
1374157637	083497	244	247	0	0	0	0	0	736	244	248	0	0	0	0	0	735
1374157637	574936	244	249	60	0	0	0	0	737	244	248	0	0	0	0	0	736
1374157638	067901	244	249	62	0	0	0	0	738	244	248	0	0	0	0	0	737
1374157638	560962	244	248	0	0	0	0	0	739	244	248	67	0	0	0	0	738
1374157639	052480	244	248	0	0	0	0	0	740	244	248	0	0	0	0	0	739
1374157639	544477	244	249	0	0	0	0	0	741	244	248	0	0	0	0	0	740
1374157640	036548	244	249	0	0	0	0	0	742	244	248	67	0	0	0	0	741
1374157640	529857	244	248	0	0	0	0	0	743	244	248	66	0	0	0	0	742
1374157641	022034	244	248	0	0	0	0	0	744	244	248	67	0	0	0	0	743
1374157641	513287	244	248	60	0	0	0	0	745	244	248	73	0	0	0	0	744
1374157642	006221	244	249	59	0	0	0	0	746	244	248	73	0	0	0	0	745
1374157642	499443	244	248	0	0	0	0	0	747	244	248	67	0	0	0	0	746
1374157642	991580	244	249	62	0	0	0	0	748	244	248	0	0	0	0	0	747
1374157643	482832	244	247	61	0	0	0	0	749	244	248	0	0	0	0	0	748
1374157643	973057	244	248	60	0	0	0	0	750	244	248	0	0	0	0	0	749
1374157644	465205	244	249	60	0	0	0	0	751	244	248	67	0	0	0	0	750
1374157644	958385	244	250	0	0	0	0	0	752	244	248	66	0	0	0	0	751
1374157645	450648	244	249	62	0	0	0	0	753	244	248	67	0	0	0	0	752
1374157645	943901	244	249	62	0	0	0	0	754	244	248	66	0	0	0	0	753
1374157646	435851	244	249	60	0	0	0	0	755	244	248	67	0	0	0	0	754
1374157646	928003	244	248	69	0	0	0	0	756	244	248	0	0	0	0	0	755
1374157647	420182	244	248	67	0	0	0	0	757	244	248	200	0	0	0	0	756
1374157647	912430	244	249	68	0	0	0	0	758	244	248	0	0	0	0	0	757
1374157648	404954	244	248	60	0	0	0	0	759	244	248	0	0	0	0	0	758
1374157648	897241	244	249	68	0	0	0	0	760	244	248	0	0	0	0	0	759
1374157649	390329	244	248	0	0	0	0	0	761	244	249	66	0	0	0	0	760
1374157649	882933	244	248	67	0	0	0	0	762	244	248	74	0	0	0	0	761
1374157650	376119	244	249	64	0	0	0	0	763	244	248	65	0	0	0	0	762
1374157650	868301	244	248	0	0	0	0	0	764	244	248	61	0	0	0	0	763
1374157651	360617	244	248	0	0	0	0	0	765	244	248	53	0	0	0	0	764
1374157651	853679	244	249	0	0	0	0	0	766	244	248	49	0	0	0	0	765
1374157652	345903	244	249	0	0	0	0	0	767	244	248	42	0	0	0	0	766
1374157652	840181	244	248	0	0	0	0	0	768	244	248	36	0	0	0	0	767
1374157653	331603	244	249	0	0	0	0	0	769	244	248	45	0	0	0	0	768
1374157653	824685	244	248	0	0	0	0	0	770	244	248	40	0	0	0	0	769
1374157654	318025	244	248	0	0	0	0	0	771	244	248	40	0	0	0	0	770
1374157654	811240	244	249	0	0	0	0	0	772	244	248	38	0	0	0	0	771
1374157655	303690	244	249	0	0	0	0	0	773	244	248	38	0	0	0	0	772
1374157655	796914	244	247	0	0	0	0	0	774	244	248	55	0	0	0	0	773
1374157656	290448	244	248	0	0	0	0	0	775	244	248	56	0	0	0	0	774
1374157656	784355	244	249	0	0	0	0	0	776	244	248	58	0	0	0	0	775
1374157657	276624	244	250	0	0	0	0	0	777	244	248	0	0	0	0	0	776
1374157657	770849	244	248	0	0	0	0	0	778	244	248	53	0	0	0	0	777
1374157658	264010	244	248	0	0	0	0	0	779	244	248	54	0	0	0	0	778
1374157658	757312	244	249	0	0	0	0	0	780	244	248	56	0	0	0	0	779
1374157659	251666	244	249	0	0	0	0	0	781	244	248	53	0	0	0	0	780
1374157659	745021	244	249	0	0	0	0	0	782	244	249	51	0	0	0	0	781
1374157660	238013	244	249	0	0	0	0	0	783	244	248	54	0	0	0	0	782
1374157660	731446	244	249	0	0	0	0	0	784	244	249	57	0	0	0	0	783
1374157661	223823	244	249	0	0	0	0	0	785	244	248	57	0	0	0	0	784
1374157661	716035	244	249	0	0	0	0	0	786	244	248	56	0	0	0	0	785
1374157662	208998	244	248	0	0	0	0	0	787	244	248	59	0	0	0	0	786
1374157662	700105	244	249	0	0	0	0	0	788	244	248	60	0	0	0	0	787
1374157663	192305	244	249	61	0	0	0	0	789	244	248	64	0	0	0	0	788
1374157663	685205	244	249	67	0	0	0	0	790	244	249	61	0	0	0	0	789
1374157664	179377	244	248	63	0	0	0	0	791	244	248	62	0	0	0	0	790
1374157664	673331	244	248	0	0	0	0	0	792	244	248	61	0	0	0	0	791
1374157665	166542	244	249	64	0	0	0	0	793	244	248	63	0	0	0	0	792
1374157665	659111	244	248	63	0	0	0	0	794	244	248	63	0	0	0	0	793
1374157666	152240	244	248	71	0	0	0	0	795	244	249	61	0	0	0	0	794
1374157666	644596	244	248	0	0	0	0	0	796	244	248	0	0	0	0	0	795
1374157667	136736	244	249	0	0	0	0	0	797	244	248	63	0	0	0	0	796
1374157667	629772	244	248	62	0	0	0	0	798	244	248	68	0	0	0	0	797
1374157668	122038	244	250	0	0	0	0	0	799	244	249	61	0	0	0	0	798
1374157668	614319	244	248	0	0	0	0	0	800	244	248	67	0	0	0	0	799
1374157669	106563	244	249	0	0	0	0	0	801	244	248	190	0	0	0	0	800
1374157669	598832	244	249	0	0	0	0	0	802	244	248	0	0	0	0	0	801
1374157670	092241	244	249	61	0	0	0	0	803	244	249	0	0	0	0	0	802
1374157670	585387	244	248	0	0	0	0	0	804	244	248	0	0	0	0	0	803
1374157671	078771	244	249	0	0	0	0	0	805	244	248	0	0	0	0	0	804
1374157671	570756	244	249	0	0	0	0	0	806	244	248	0	0	0	0	0	805
1374157672	062202	244	249	62	0	0	0	0	807	244	248	63	0	0	0	0	806
1374157672	555497	244	248	59	0	0	0	0	808	244	248	0	0	0	0	0	807
1374157673	049843	244	249	0	0	0	0	0	809	244	248	63	0	0	0	0	808
1374157673	542858	244	250	0	0	0	0	0	810	244	248	68	0	0	0	0	809
1374157674	036112	244	249	0	0	0	0	0	811	244	248	0	0	0	0	0	810
1374157674	529444	244	250	61	0	0	0	0	812	244	249	60	0	0	0	0	811
1374157675	022924	244	249	0	0	0	0	0	813	244	249	67	0	0	0	0	812
1374157675	516199	244	249	61	0	0	0	0	814	244	249	69	0	0	0	0	813
1374157676	008536	244	248	60	0	0	0	0	815	244	248	61	0	0	0	0	814
1374157676	501800	244	248	60	0	0	0	0	816	244	248	0	0	0	0	0	815
1374157676	994967	244	250	60	0	0	0	0	817	244	249	60	0	0	0	0	816
1374157677	488084	244	248	61	0	0	0	0	818	244	248	61	0	0	0	0	817
1374157677	981421	244	249	61	0	0	0	0	819	244	248	61	0	0	0	0	818
1374157678	474550	244	249	60	0	0	0	0	820	244	249	68	0	0	0	0	819
1374157678	965877	244	249	69	0	0	0	0	821	244	248	0	0	0	0	0	820
1374157679	459070	244	249	61	0	0	0	0	822	244	248	0	0	0	0	0	821
1374157679	952323	244	249	60	0	0	0	0	823	244	248	67	0	0	0	0	822
1374157680	445844	244	248	0	0	0	0	0	824	244	249	62	0	0	0	0	823
1374157680	938167	244	248	62	0	0	0	0	825	244	248	63	0	0	0	0	824
1374157681	431305	244	249	0	0	0	0	0	826	244	248	0	0	0	0	0	825
1374157681	924407	244	249	60	0	0	0	0	827	244	248	0	0	0	0	0	826
1374157682	417649	244	249	62	0	0	0	0	828	244	248	64	0	0	0	0	827
1374157682	910946	244	248	59	0	0	0	0	829	244	248	67	0	0	0	0	828
1374157683	404132	244	248	60	0	0	0	0	830	244	248	72	0	0	0	0	829
1374157683	895628	244	248	61	0	0	0	0	831	244	248	73	0	0	0	0	830
1374157684	387839	244	248	59	0	0	0	0	832	244	248	67	0	0	0	0	831
1374157684	880294	244	249	62	0	0	0	0	833	244	249	71	0	0	0	0	832
1374157685	373445	244	249	0	0	0	0	0	834	244	248	0	0	0	0	0	833
1374157685	865703	244	248	60	0	0	0	0	835	244	249	74	0	0	0	0	834
1374157686	358984	244	249	61	0	0	0	0	836	244	249	67	0	0	0	0	835
1374157686	852217	244	249	67	0	0	0	0	837	244	248	0	0	0	0	0	836
1374157687	345456	244	248	66	0	0	0	0	838	244	248	0	0	0	0	0	837
1374157687	838800	244	249	60	0	0	0	0	839	244	248	65	0	0	0	0	838
1374157688	331041	244	249	58	0	0	0	0	840	244	248	0	0	0	0	0	839
1374157688	824076	244	249	58	0	0	0	0	841	244	248	69	0	0	0	0	840
1374157689	316296	244	248	60	0	0	0	0	842	244	248	0	0	0	0	0	841
1374157689	809686	244	248	60	0	0	0	0	843	244	248	0	0	0	0	0	842
1374157690	302917	244	249	0	0	0	0	0	844	244	249	72	0	0	0	0	843
1374157690	795029	244	248	58	0	0	0	0	845	244	248	0	0	0	0	0	844
1374157691	288294	244	248	59	0	0	0	0	846	244	249	0	0	0	0	0	845
1374157691	780624	244	248	0	0	0	0	0	847	244	249	0	0	0	0	0	846
1374157692	272832	244	249	60	0	0	0	0	848	244	248	69	0	0	0	0	847
1374157692	765936	244	248	60	0	0	0	0	849	244	248	0	0	0	0	0	848
1374157693	258238	244	249	0	0	0	0	0	850	244	248	63	0	0	0	0	849
1374157693	751517	244	249	0	0	0	0	0	851	244	248	69	0	0	0	0	850
1374157694	245364	244	249	0	0	0	0	0	852	244	248	70	0	0	0	0	851
1374157694	737576	244	249	0	0	0	0	0	853	244	248	71	0	0	0	0	852
1374157695	229895	244	249	59	0	0	0	0	854	244	248	72	0	0	0	0	853
1374157695	723154	244	249	59	0	0	0	0	855	244	248	0	0	0	0	0	854
1374157696	215359	244	249	60	0	0	0	0	856	244	248	0	0	0	0	0	855
1374157696	709624	244	249	60	0	0	0	0	857	244	248	0	0	0	0	0	856
1374157697	202813	244	249	59	0	0	0	0	858	244	248	0	0	0	0	0	857
1374157697	696131	244	248	0	0	0	0	0	859	244	248	73	0	0	0	0	858
1374157698	189286	244	248	0	0	0	0	0	860	244	248	73	0	0	0	0	859
1374157698	682585	244	248	62	0	0	0	0	861	244	249	64	0	0	0	0	860
1374157699	175812	244	248	0	0	0	0	0	862	244	248	71	0	0	0	0	861
1374157699	669199	244	248	62	0	0	0	0	863	244	248	71	0	0	0	0	862
1374157700	161400	244	250	68	0	0	0	0	864	244	248	71	0	0	0	0	863
1374157700	653596	244	249	0	0	0	0	0	865	244	248	64	0	0	0	0	864
1374157701	147864	244	248	0	0	0	0	0	866	244	248	0	0	0	0	0	865
1374157701	641867	244	249	60	0	0	0	0	867	244	248	69	0	0	0	0	866
1374157702	133019	244	249	61	0	0	0	0	868	244	248	65	0	0	0	0	867
1374157702	626189	244	249	60	0	0	0	0	869	244	248	72	0	0	0	0	868
1374157703	119403	244	249	62	0	0	0	0	870	244	249	72	0	0	0	0	869
1374157703	611660	244	249	62	0	0	0	0	871	244	248	71	0	0	0	0	870
1374157704	105009	244	248	0	0	0	0	0	872	244	248	70	0	0	0	0	871
1374157704	597065	244	248	65	0	0	0	0	873	244	248	66	0	0	0	0	872
1374157705	089315	244	248	0	0	0	0	0	874	244	248	69	0	0	0	0	873
1374157705	581522	244	248	67	0	0	0	0	875	244	248	68	0	0	0	0	874
1374157706	073811	244	249	64	0	0	0	0	876	244	248	69	0	0	0	0	875
1374157706	566940	244	249	0	0	0	0	0	877	244	248	69	0	0	0	0	876
1374157707	060106	244	249	0	0	0	0	0	878	244	248	72	0	0	0	0	877
1374157707	552478	244	249	60	0	0	0	0	879	244	248	71	0	0	0	0	878
1374157708	046609	244	248	0	0	0	0	0	880	244	248	70	0	0	0	0	879
1374157708	540925	244	249	62	0	0	0	0	881	244	248	71	0	0	0	0	880
1374157709	034028	244	247	62	0	0	0	0	882	244	248	0	0	0	0	0	881
1374157709	527567	244	248	61	0	0	0	0	883	244	249	66	0	0	0	0	882
1374157710	021751	244	249	0	0	0	0	0	884	244	248	67	0	0	0	0	883
1374157710	514992	244	248	0	0	0	0	0	885	244	248	72	0	0	0	0	884
1374157711	008098	244	248	60	0	0	0	0	886	244	248	69	0	0	0	0	885
1374157711	502335	244	248	60	0	0	0	0	887	244	248	69	0	0	0	0	886
1374157711	995616	244	248	61	0	0	0	0	888	244	248	72	0	0	0	0	887
1374157712	488935	244	249	0	0	0	0	0	889	244	248	71	0	0	0	0	888
1374157712	981174	244	248	0	0	0	0	0	890	244	248	69	0	0	0	0	889
1374157713	474511	244	248	62	0	0	0	0	891	244	248	0	0	0	0	0	890
1374157713	966904	244	248	60	0	0	0	0	892	244	248	0	0	0	0	0	891
1374157714	460140	244	248	0	0	0	0	0	893	244	248	72	0	0	0	0	892
1374157714	953476	244	248	61	0	0	0	0	894	244	248	0	0	0	0	0	893
1374157715	447798	244	249	64	0	0	0	0	895	244	248	71	0	0	0	0	894
1374157715	942126	244	249	63	0	0	0	0	896	244	248	66	0	0	0	0	895
1374157716	435126	244	250	0	0	0	0	0	897	244	249	67	0	0	0	0	896
1374157716	927593	244	249	61	0	0	0	0	898	244	248	66	0	0	0	0	897
1374157717	419668	244	248	63	0	0	0	0	899	244	248	66	0	0	0	0	898
1374157717	913082	244	249	67	0	0	0	0	900	244	248	68	0	0	0	0	899
1374157718	406288	244	248	64	0	0	0	0	901	244	248	67	0	0	0	0	900
1374157718	898792	244	249	65	0	0	0	0	902	244	248	68	0	0	0	0	901
1374157719	391028	244	249	66	0	0	0	0	903	244	248	68	0	0	0	0	902
1374157719	884198	244	250	65	0	0	0	0	904	244	248	68	0	0	0	0	903
1374157720	377422	244	249	65	0	0	0	0	905	244	248	72	0	0	0	0	904
1374157720	870591	244	249	65	0	0	0	0	906	244	248	68	0	0	0	0	905
1374157721	363739	244	248	62	0	0	0	0	907	244	248	72	0	0	0	0	906
1374157721	856986	244	248	61	0	0	0	0	908	244	248	0	0	0	0	0	907
1374157722	350432	244	248	0	0	0	0	0	909	244	248	72	0	0	0	0	908
1374157722	844580	244	249	0	0	0	0	0	910	244	249	0	0	0	0	0	909
1374157723	336823	244	249	0	0	0	0	0	911	244	248	67	0	0	0	0	910
1374157723	828064	244	248	67	0	0	0	0	912	244	248	75	0	0	0	0	911
1374157724	320517	244	248	66	0	0	0	0	913	244	248	0	0	0	0	0	912
1374157724	812828	244	249	64	0	0	0	0	914	244	249	65	0	0	0	0	913
1374157725	306134	244	248	63	0	0	0	0	915	244	248	0	0	0	0	0	914
1374157725	799300	244	248	66	0	0	0	0	916	244	249	0	0	0	0	0	915
1374157726	291517	244	248	67	0	0	0	0	917	244	249	71	0	0	0	0	916
1374157726	785733	244	249	61	0	0	0	0	918	244	248	73	0	0	0	0	917
1374157727	278112	244	249	62	0	0	0	0	919	244	249	0	0	0	0	0	918
1374157727	771326	244	249	61	0	0	0	0	920	244	248	0	0	0	0	0	919
1374157728	264542	244	249	62	0	0	0	0	921	244	248	0	0	0	0	0	920
1374157728	756889	244	248	66	0	0	0	0	922	244	248	0	0	0	0	0	921
1374157729	250238	244	248	61	0	0	0	0	923	244	248	0	0	0	0	0	922
1374157729	743450	244	248	67	0	0	0	0	924	244	248	73	0	0	0	0	923
1374157730	236778	244	248	0	0	0	0	0	925	244	248	0	0	0	0	0	924
1374157730	729256	244	249	66	0	0	0	0	926	244	249	0	0	0	0	0	925
1374157731	222464	244	248	64	0	0	0	0	927	244	248	0	0	0	0	0	926
1374157731	715797	244	248	60	0	0	0	0	928	244	249	0	0	0	0	0	927
1374157732	209108	244	248	60	0	0	0	0	929	244	249	0	0	0	0	0	928
1374157732	702380	244	249	67	0	0	0	0	930	244	248	0	0	0	0	0	929
1374157733	195667	244	249	0	0	0	0	0	931	244	248	68	0	0	0	0	930
1374157733	689013	244	249	68	0	0	0	0	932	244	248	71	0	0	0	0	931
1374157734	182161	244	249	0	0	0	0	0	933	244	248	71	0	0	0	0	932
1374157734	673581	244	248	60	0	0	0	0	934	244	248	0	0	0	0	0	933
1374157735	165928	244	249	60	0	0	0	0	935	244	249	0	0	0	0	0	934
1374157735	658207	244	249	60	0	0	0	0	936	244	248	68	0	0	0	0	935
1374157736	151246	244	248	63	0	0	0	0	937	244	248	67	0	0	0	0	936
1374157736	642537	244	247	66	0	0	0	0	938	244	248	67	0	0	0	0	937
1374157737	136867	244	249	66	0	0	0	0	939	244	248	73	0	0	0	0	938
1374157737	630378	244	248	67	0	0	0	0	940	244	249	66	0	0	0	0	939
1374157738	123488	244	248	0	0	0	0	0	941	244	248	67	0	0	0	0	940
1374157738	615829	244	248	60	0	0	0	0	942	244	248	69	0	0	0	0	941
1374157739	108964	244	249	65	0	0	0	0	943	244	248	0	0	0	0	0	942
1374157739	601447	244	248	62	0	0	0	0	944	244	248	0	0	0	0	0	943
1374157740	094768	244	249	63	0	0	0	0	945	244	248	67	0	0	0	0	944
1374157740	589059	244	249	61	0	0	0	0	946	244	249	67	0	0	0	0	945
1374157741	081438	244	248	62	0	0	0	0	947	244	248	68	0	0	0	0	946
1374157741	574362	244	249	62	0	0	0	0	948	244	248	68	0	0	0	0	947
1374157742	067704	244	249	67	0	0	0	0	949	244	248	0	0	0	0	0	948
1374157742	560979	244	248	62	0	0	0	0	950	244	248	0	0	0	0	0	949
1374157743	054157	244	249	67	0	0	0	0	951	244	248	68	0	0	0	0	950
1374157743	547593	244	249	0	0	0	0	0	952	244	248	67	0	0	0	0	951
1374157744	040901	244	249	0	0	0	0	0	953	244	248	0	0	0	0	0	952
1374157744	534171	244	249	0	0	0	0	0	954	244	248	69	0	0	0	0	953
1374157745	027448	244	249	68	0	0	0	0	955	244	248	67	0	0	0	0	954
1374157745	520835	244	248	0	0	0	0	0	956	244	249	67	0	0	0	0	955
1374157746	014185	244	248	69	0	0	0	0	957	244	249	69	0	0	0	0	956
1374157746	507337	244	248	67	0	0	0	0	958	244	248	0	0	0	0	0	957
1374157747	000530	244	248	65	0	0	0	0	959	244	249	0	0	0	0	0	958
1374157747	492864	244	249	62	0	0	0	0	960	244	249	0	0	0	0	0	959
1374157747	985295	244	248	63	0	0	0	0	961	244	248	66	0	0	0	0	960
1374157748	478385	244	248	63	0	0	0	0	962	244	248	66	0	0	0	0	961
1374157748	971738	244	248	62	0	0	0	0	963	244	248	66	0	0	0	0	962
1374157749	465093	244	249	64	0	0	0	0	964	244	248	66	0	0	0	0	963
1374157749	958427	244	249	63	0	0	0	0	965	244	248	65	0	0	0	0	964
1374157750	451744	244	249	63	0	0	0	0	966	244	248	67	0	0	0	0	965
1374157750	944932	244	249	64	0	0	0	0	967	244	248	67	0	0	0	0	966
1374157751	437322	244	249	61	0	0	0	0	968	244	248	67	0	0	0	0	967
1374157751	928554	244	248	64	0	0	0	0	969	244	248	67	0	0	0	0	968
1374157752	420977	244	249	63	0	0	0	0	970	244	249	67	0	0	0	0	969
1374157752	914237	244	248	64	0	0	0	0	971	244	248	66	0	0	0	0	970
1374157753	408607	244	249	64	0	0	0	0	972	244	248	66	0	0	0	0	971
1374157753	901813	244	248	62	0	0	0	0	973	244	248	0	0	0	0	0	972
1374157754	395288	244	249	59	0	0	0	0	974	244	248	71	0	0	0	0	973
1374157754	888411	244	249	62	0	0	0	0	975	244	249	0	0	0	0	0	974
1374157755	382776	244	249	64	0	0	0	0	976	244	248	71	0	0	0	0	975
1374157755	877081	244	249	67	0	0	0	0	977	244	248	72	0	0	0	0	976
1374157756	370371	244	249	67	0	0	0	0	978	244	249	72	0	0	0	0	977
1374157756	863558	244	248	65	0	0	0	0	979	244	248	0	0	0	0	0	978
1374157757	357830	244	249	65	0	0	0	0	980	244	249	0	0	0	0	0	979
1374157757	851215	244	249	62	0	0	0	0	981	244	248	0	0	0	0	0	980
1374157758	343505	244	248	62	0	0	0	0	982	244	248	0	0	0	0	0	981
1374157758	836679	244	249	62	0	0	0	0	983	244	249	0	0	0	0	0	982
1374157759	328154	244	249	62	0	0	0	0	984	244	248	0	0	0	0	0	983
1374157759	821500	244	249	63	0	0	0	0	985	244	248	0	0	0	0	0	984
1374157760	314887	244	249	63	0	0	0	0	986	244	248	0	0	0	0	0	985
1374157760	807979	244	249	64	0	0	0	0	987	244	248	0	0	0	0	0	986
1374157761	300236	244	248	62	0	0	0	0	988	244	249	0	0	0	0	0	987
1374157761	792534	244	248	63	0	0	0	0	989	244	249	0	0	0	0	0	988
1374157762	285798	244	249	63	0	0	0	0	990	244	248	0	0	0	0	0	989
1374157762	778957	244	249	63	0	0	0	0	991	244	248	0	0	0	0	0	990
1374157763	271317	244	249	66	0	0	0	0	992	244	248	71	0	0	0	0	991
1374157763	764618	244	248	66	0	0	0	0	993	244	249	0	0	0	0	0	992
1374157764	257776	244	249	65	0	0	0	0	994	244	248	0	0	0	0	0	993
1374157764	751246	244	248	64	0	0	0	0	995	244	248	68	0	0	0	0	994
1374157765	244714	244	249	64	0	0	0	0	996	244	248	68	0	0	0	0	995
1374157765	737893	244	249	64	0	0	0	0	997	244	249	0	0	0	0	0	996
1374157766	231403	244	248	69	0	0	0	0	998	244	248	0	0	0	0	0	997
1374157766	724393	244	247	62	0	0	0	0	999	244	248	70	0	0	0	0	998
1374157767	217654	244	248	60	0	0	0	0	1000	244	248	0	0	0	0	0	999
1374157767	710976	244	248	59	0	0	0	0	1001	244	248	65	0	0	0	0	1000
1374157768	204181	244	248	0	0	0	0	0	1002	244	248	0	0	0	0	0	1001
1374157768	696649	244	248	68	0	0	0	0	1003	244	248	0	0	0	0	0	1002
1374157769	189987	244	248	64	0	0	0	0	1004	244	249	0	0	0	0	0	1003
1374157769	683264	244	249	63	0	0	0	0	1005	244	248	69	0	0	0	0	1004
1374157770	175320	244	248	0	0	0	0	0	1006	244	248	69	0	0	0	0	1005
1374157770	667655	244	249	61	0	0	0	0	1007	244	248	71	0	0	0	0	1006
1374157771	160955	244	249	0	0	0	0	0	1008	244	249	63	0	0	0	0	1007
1374157771	654276	244	248	0	0	0	0	0	1009	244	248	62	0	0	0	0	1008
1374157772	147486	244	248	0	0	0	0	0	1010	244	249	46	0	0	0	0	1009
1374157772	640785	244	248	0	0	0	0	0	1011	244	249	50	0	0	0	0	1010
1374157773	133865	244	249	0	0	0	0	0	1012	244	248	38	0	0	0	0	1011
1374157773	627367	244	248	0	0	0	0	0	1013	244	248	33	0	0	0	0	1012
1374157774	120617	244	249	0	0	0	0	0	1014	244	248	40	0	0	0	0	1013
1374157774	612866	244	249	0	0	0	0	0	1015	244	248	43	0	0	0	0	1014
1374157775	107152	244	249	0	0	0	0	0	1016	244	249	31	0	0	0	0	1015
1374157775	598483	244	248	0	0	0	0	0	1017	244	249	34	0	0	0	0	1016
1374157776	090709	244	248	0	0	0	0	0	1018	244	248	36	0	0	0	0	1017
1374157776	585147	244	249	0	0	0	0	0	1019	244	248	36	0	0	0	0	1018
1374157777	079164	244	249	0	0	0	0	0	1020	244	249	38	0	0	0	0	1019
1374157777	572525	244	249	0	0	0	0	0	1021	244	248	38	0	0	0	0	1020
1374157778	064682	244	249	0	0	0	0	0	1022	244	248	36	0	0	0	0	1021
1374157778	557934	244	248	0	0	0	0	0	1023	244	249	38	0	0	0	0	1022
1374157779	051315	244	249	0	0	0	0	0	1024	244	248	38	0	0	0	0	1023
1374157779	544580	244	249	0	0	0	0	0	1025	244	249	36	0	0	0	0	1024
1374157780	036878	244	249	0	0	0	0	0	1026	244	249	38	0	0	0	0	1025
1374157780	530193	244	249	0	0	0	0	0	1027	244	248	38	0	0	0	0	1026
1374157781	024458	244	249	0	0	0	0	0	1028	244	249	36	0	0	0	0	1027
1374157781	517412	244	248	0	0	0	0	0	1029	244	248	36	0	0	0	0	1028
1374157782	009958	244	249	0	0	0	0	0	1030	244	249	36	0	0	0	0	1029
1374157782	501138	244	248	0	0	0	0	0	1031	244	248	36	0	0	0	0	1030
1374157782	994445	244	249	0	0	0	0	0	1032	244	248	36	0	0	0	0	1031
1374157783	488609	244	248	0	0	0	0	0	1033	244	248	35	0	0	0	0	1032
1374157783	981916	244	248	0	0	0	0	0	1034	244	249	35	0	0	0	0	1033
1374157784	475126	244	249	0	0	0	0	0	1035	244	249	33	0	0	0	0	1034
1374157784	967518	244	249	0	0	0	0	0	1036	244	249	33	0	0	0	0	1035
1374157785	460825	244	249	0	0	0	0	0	1037	244	248	42	0	0	0	0	1036
1374157785	954310	244	248	0	0	0	0	0	1038	244	248	36	0	0	0	0	1037
1374157786	448051	244	248	0	0	0	0	0	1039	244	249	35	0	0	0	0	1038
1374157786	939466	244	249	0	0	0	0	0	1040	244	248	34	0	0	0	0	1039
1374157787	432730	244	249	0	0	0	0	0	1041	244	249	34	0	0	0	0	1040
1374157787	924873	244	249	0	0	0	0	0	1042	244	249	36	0	0	0	0	1041
1374157788	416998	244	249	0	0	0	0	0	1043	244	248	38	0	0	0	0	1042
1374157788	908558	244	250	0	0	0	0	0	1044	244	248	34	0	0	0	0	1043
1374157789	401615	244	248	0	0	0	0	0	1045	244	249	35	0	0	0	0	1044
1374157789	894663	244	250	0	0	0	0	0	1046	244	248	41	0	0	0	0	1045
1374157790	387830	244	248	0	0	0	0	0	1047	244	248	34	0	0	0	0	1046
1374157790	879981	244	249	0	0	0	0	0	1048	244	249	35	0	0	0	0	1047
1374157791	371339	244	249	0	0	0	0	0	1049	244	248	34	0	0	0	0	1048
1374157791	863324	244	249	0	0	0	0	0	1050	244	248	34	0	0	0	0	1049
1374157792	355712	244	248	0	0	0	0	0	1051	244	248	41	0	0	0	0	1050
1374157792	847881	244	248	0	0	0	0	0	1052	244	248	39	0	0	0	0	1051
1374157793	341996	244	249	0	0	0	0	0	1053	244	248	35	0	0	0	0	1052
1374157793	833239	244	249	0	0	0	0	0	1054	244	249	34	0	0	0	0	1053
1374157794	326464	244	249	0	0	0	0	0	1055	244	249	34	0	0	0	0	1054
1374157794	818890	244	248	0	0	0	0	0	1056	244	249	34	0	0	0	0	1055
1374157795	311994	244	249	0	0	0	0	0	1057	244	248	34	0	0	0	0	1056
1374157795	804327	244	249	0	0	0	0	0	1058	244	249	41	0	0	0	0	1057
1374157796	296675	244	248	0	0	0	0	0	1059	244	248	41	0	0	0	0	1058
1374157796	789714	244	249	0	0	0	0	0	1060	244	248	39	0	0	0	0	1059
1374157797	281066	244	248	0	0	0	0	0	1061	244	249	37	0	0	0	0	1060
1374157797	775387	244	249	0	0	0	0	0	1062	244	249	36	0	0	0	0	1061
1374157798	267550	244	249	0	0	0	0	0	1063	244	249	36	0	0	0	0	1062
1374157798	759759	244	249	0	0	0	0	0	1064	244	248	37	0	0	0	0	1063
1374157799	254844	244	248	0	0	0	0	0	1065	244	248	34	0	0	0	0	1064
1374157799	745243	244	249	0	0	0	0	0	1066	244	248	36	0	0	0	0	1065
1374157800	238306	244	249	0	0	0	0	0	1067	244	249	43	0	0	0	0	1066
1374157800	731573	244	248	0	0	0	0	0	1068	244	248	35	0	0	0	0	1067
1374157801	225604	244	249	0	0	0	0	0	1069	244	248	35	0	0	0	0	1068
1374157801	718907	244	249	0	0	0	0	0	1070	244	248	35	0	0	0	0	1069
1374157802	212393	244	249	0	0	0	0	0	1071	244	248	36	0	0	0	0	1070
1374157802	704205	244	248	0	0	0	0	0	1072	244	249	36	0	0	0	0	1071
1374157803	195575	244	248	0	0	0	0	0	1073	244	248	36	0	0	0	0	1072
1374157803	689779	244	249	0	0	0	0	0	1074	244	249	36	0	0	0	0	1073
1374157804	187181	244	248	0	0	0	0	0	1075	244	248	36	0	0	0	0	1074
1374157804	680449	244	248	0	0	0	0	0	1076	244	249	36	0	0	0	0	1075
1374157805	173684	244	248	0	0	0	0	0	1077	244	248	35	0	0	0	0	1076
1374157805	666758	244	248	0	0	0	0	0	1078	244	248	35	0	0	0	0	1077
1374157806	159921	244	249	0	0	0	0	0	1079	244	248	35	0	0	0	0	1078
1374157806	652307	244	249	0	0	0	0	0	1080	244	249	35	0	0	0	0	1079
1374157807	144501	244	248	0	0	0	0	0	1081	244	248	35	0	0	0	0	1080
1374157807	637874	244	249	0	0	0	0	0	1082	244	248	35	0	0	0	0	1081
1374157808	131906	244	248	0	0	0	0	0	1083	244	249	36	0	0	0	0	1082
1374157808	625300	244	249	0	0	0	0	0	1084	244	249	36	0	0	0	0	1083
1374157809	118510	244	248	0	0	0	0	0	1085	244	249	35	0	0	0	0	1084
1374157809	611894	244	248	0	0	0	0	0	1086	244	249	35	0	0	0	0	1085
1374157810	105078	244	247	0	0	0	0	0	1087	244	248	35	0	0	0	0	1086
1374157810	598178	244	249	0	0	0	0	0	1088	244	248	36	0	0	0	0	1087
1374157811	091477	244	248	0	0	0	0	0	1089	244	248	36	0	0	0	0	1088
1374157811	585608	244	249	0	0	0	0	0	1090	244	249	36	0	0	0	0	1089
1374157812	078806	244	248	0	0	0	0	0	1091	244	248	36	0	0	0	0	1090
1374157812	570348	244	248	0	0	0	0	0	1092	244	249	36	0	0	0	0	1091
1374157813	064512	244	249	0	0	0	0	0	1093	244	249	36	0	0	0	0	1092
1374157813	555637	244	248	0	0	0	0	0	1094	244	249	36	0	0	0	0	1093
1374157814	048879	244	249	0	0	0	0	0	1095	244	249	44	0	0	0	0	1094
1374157814	542153	244	248	0	0	0	0	0	1096	244	249	0	0	0	0	0	1095
1374157815	035485	244	249	0	0	0	0	0	1097	244	249	43	0	0	0	0	1096
1374157815	527745	244	249	0	0	0	0	0	1098	244	248	42	0	0	0	0	1097
1374157816	018924	244	249	0	0	0	0	0	1099	244	248	43	0	0	0	0	1098
1374157816	511189	244	248	0	0	0	0	0	1100	244	248	43	0	0	0	0	1099
1374157817	004609	244	248	0	0	0	0	0	1101	244	249	36	0	0	0	0	1100
1374157817	496661	244	249	0	0	0	0	0	1102	244	249	36	0	0	0	0	1101
1374157817	988830	244	248	0	0	0	0	0	1103	244	248	41	0	0	0	0	1102
1374157818	478997	244	249	0	0	0	0	0	1104	244	248	55	0	0	0	0	1103
1374157818	972187	244	247	0	0	0	0	0	1105	244	248	40	0	0	0	0	1104
1374157819	463341	244	249	0	0	0	0	0	1106	244	248	33	0	0	0	0	1105
1374157819	955356	244	249	0	0	0	0	0	1107	244	248	33	0	0	0	0	1106
1374157820	448335	244	248	0	0	0	0	0	1108	244	248	34	0	0	0	0	1107
1374157820	939672	244	248	0	0	0	0	0	1109	244	249	32	0	0	0	0	1108
1374157821	431774	244	248	0	0	0	0	0	1110	244	248	32	0	0	0	0	1109
1374157821	923076	244	248	0	0	0	0	0	1111	244	248	0	0	0	0	0	1110
1374157822	416340	244	249	0	0	0	0	0	1112	244	248	32	0	0	0	0	1111
1374157822	909841	244	248	0	0	0	0	0	1113	244	249	33	0	0	0	0	1112
1374157823	401850	244	248	0	0	0	0	0	1114	244	248	33	0	0	0	0	1113
1374157823	893216	244	249	0	0	0	0	0	1115	244	248	34	0	0	0	0	1114
1374157824	385551	244	249	0	0	0	0	0	1116	244	249	34	0	0	0	0	1115
1374157824	878615	244	248	0	0	0	0	0	1117	244	248	34	0	0	0	0	1116
1374157825	369824	244	249	0	0	0	0	0	1118	244	248	34	0	0	0	0	1117
1374157825	863025	244	249	0	0	0	0	0	1119	244	249	35	0	0	0	0	1118
1374157826	355171	244	249	0	0	0	0	0	1120	244	249	33	0	0	0	0	1119
1374157826	848638	244	250	0	0	0	0	0	1121	244	248	34	0	0	0	0	1120
1374157827	340887	244	248	0	0	0	0	0	1122	244	249	30	0	0	0	0	1121
1374157827	832935	244	248	0	0	0	0	0	1123	244	249	31	0	0	0	0	1122
1374157828	324225	244	248	0	0	0	0	0	1124	244	248	40	0	0	0	0	1123
1374157828	816599	244	249	0	0	0	0	0	1125	244	248	32	0	0	0	0	1124
1374157829	308800	244	249	0	0	0	0	0	1126	244	249	30	0	0	0	0	1125
1374157829	801997	244	250	0	0	0	0	0	1127	244	248	31	0	0	0	0	1126
1374157830	295363	244	248	0	0	0	0	0	1128	244	248	38	0	0	0	0	1127
1374157830	787660	244	248	0	0	0	0	0	1129	244	249	34	0	0	0	0	1128
1374157831	280889	244	248	0	0	0	0	0	1130	244	248	39	0	0	0	0	1129
1374157831	775014	244	249	0	0	0	0	0	1131	244	248	39	0	0	0	0	1130
1374157832	269060	244	248	0	0	0	0	0	1132	244	248	39	0	0	0	0	1131
1374157832	762527	244	248	0	0	0	0	0	1133	244	248	38	0	0	0	0	1132
1374157833	255716	244	249	0	0	0	0	0	1134	244	248	39	0	0	0	0	1133
1374157833	749090	244	248	0	0	0	0	0	1135	244	249	39	0	0	0	0	1134
1374157834	241368	244	248	0	0	0	0	0	1136	244	248	33	0	0	0	0	1135
1374157834	733654	244	248	0	0	0	0	0	1137	244	248	33	0	0	0	0	1136
1374157835	225858	244	249	0	0	0	0	0	1138	244	248	33	0	0	0	0	1137
1374157835	718222	244	249	0	0	0	0	0	1139	244	249	0	0	0	0	0	1138
1374157836	211656	244	249	0	0	0	0	0	1140	244	249	40	0	0	0	0	1139
1374157836	704882	244	248	0	0	0	0	0	1141	244	248	0	0	0	0	0	1140
1374157837	197110	244	249	0	0	0	0	0	1142	244	249	0	0	0	0	0	1141
1374157837	691470	244	249	0	0	0	0	0	1143	244	249	39	0	0	0	0	1142
1374157838	184724	244	248	0	0	0	0	0	1144	244	249	38	0	0	0	0	1143
1374157838	679118	244	248	0	0	0	0	0	1145	244	248	38	0	0	0	0	1144
1374157839	172323	244	248	0	0	0	0	0	1146	244	249	38	0	0	0	0	1145
1374157839	665584	244	248	0	0	0	0	0	1147	244	249	37	0	0	0	0	1146
1374157840	158885	244	248	0	0	0	0	0	1148	244	248	36	0	0	0	0	1147
1374157840	651334	244	249	0	0	0	0	0	1149	244	248	37	0	0	0	0	1148
1374157841	144463	244	248	0	0	0	0	0	1150	244	249	36	0	0	0	0	1149
1374157841	637662	244	248	0	0	0	0	0	1151	244	249	37	0	0	0	0	1150
1374157842	129996	244	249	0	0	0	0	0	1152	244	249	37	0	0	0	0	1151
1374157842	623254	244	249	0	0	0	0	0	1153	244	249	37	0	0	0	0	1152
1374157843	115701	244	248	0	0	0	0	0	1154	244	248	37	0	0	0	0	1153
1374157843	608026	244	248	0	0	0	0	0	1155	244	249	38	0	0	0	0	1154
1374157844	099293	244	249	0	0	0	0	0	1156	244	249	38	0	0	0	0	1155
1374157844	592796	244	248	0	0	0	0	0	1157	244	249	37	0	0	0	0	1156
1374157845	086866	244	249	0	0	0	0	0	1158	244	248	36	0	0	0	0	1157
1374157845	579302	244	248	0	0	0	0	0	1159	244	249	36	0	0	0	0	1158
1374157846	073547	244	249	0	0	0	0	0	1160	244	248	36	0	0	0	0	1159
1374157846	566862	244	249	0	0	0	0	0	1161	244	248	36	0	0	0	0	1160
1374157847	060107	244	249	0	0	0	0	0	1162	244	248	36	0	0	0	0	1161
1374157847	553251	244	249	0	0	0	0	0	1163	244	249	36	0	0	0	0	1162
1374157848	046747	244	248	0	0	0	0	0	1164	244	248	37	0	0	0	0	1163
1374157848	539894	244	248	0	0	0	0	0	1165	244	249	37	0	0	0	0	1164
1374157849	033276	244	248	0	0	0	0	0	1166	244	249	36	0	0	0	0	1165
1374157849	526696	244	248	0	0	0	0	0	1167	244	248	36	0	0	0	0	1166
1374157850	019852	244	248	0	0	0	0	0	1168	244	249	36	0	0	0	0	1167
1374157850	511159	244	248	0	0	0	0	0	1169	244	249	36	0	0	0	0	1168
1374157851	005358	244	248	0	0	0	0	0	1170	244	249	36	0	0	0	0	1169
1374157851	498609	244	248	0	0	0	0	0	1171	244	248	36	0	0	0	0	1170
1374157851	989130	244	249	0	0	0	0	0	1172	244	249	35	0	0	0	0	1171
1374157852	481282	244	248	0	0	0	0	0	1173	244	248	36	0	0	0	0	1172
1374157852	974712	244	249	0	0	0	0	0	1174	244	249	36	0	0	0	0	1173
1374157853	468802	244	248	0	0	0	0	0	1175	244	249	36	0	0	0	0	1174
1374157853	960314	244	248	0	0	0	0	0	1176	244	249	36	0	0	0	0	1175
1374157854	453531	244	248	0	0	0	0	0	1177	244	249	36	0	0	0	0	1176
1374157854	946831	244	248	0	0	0	0	0	1178	244	249	36	0	0	0	0	1177
1374157855	439342	244	249	0	0	0	0	0	1179	244	249	36	0	0	0	0	1178
1374157855	932529	244	248	0	0	0	0	0	1180	244	249	36	0	0	0	0	1179
1374157856	424692	244	248	0	0	0	0	0	1181	244	248	36	0	0	0	0	1180
1374157856	917962	244	249	0	0	0	0	0	1182	244	249	36	0	0	0	0	1181
1374157857	411520	244	248	0	0	0	0	0	1183	244	249	36	0	0	0	0	1182
1374157857	903593	244	248	0	0	0	0	0	1184	244	249	37	0	0	0	0	1183
1374157858	395916	244	249	0	0	0	0	0	1185	244	248	34	0	0	0	0	1184
1374157858	889180	244	248	0	0	0	0	0	1186	244	249	36	0	0	0	0	1185
1374157859	382509	244	249	0	0	0	0	0	1187	244	249	36	0	0	0	0	1186
1374157859	875710	244	249	0	0	0	0	0	1188	244	249	35	0	0	0	0	1187
1374157860	368216	244	250	0	0	0	0	0	1189	244	249	43	0	0	0	0	1188
1374157860	861654	244	249	0	0	0	0	0	1190	244	249	35	0	0	0	0	1189
1374157861	354559	244	248	0	0	0	0	0	1191	244	249	38	0	0	0	0	1190
1374157861	844782	244	249	0	0	0	0	0	1192	244	248	35	0	0	0	0	1191
1374157862	337147	244	249	0	0	0	0	0	1193	244	249	35	0	0	0	0	1192
1374157862	829551	244	249	0	0	0	0	0	1194	244	249	36	0	0	0	0	1193
1374157863	323746	244	247	0	0	0	0	0	1195	244	249	35	0	0	0	0	1194
1374157863	817075	244	249	0	0	0	0	0	1196	244	249	36	0	0	0	0	1195
1374157864	310433	244	248	0	0	0	0	0	1197	244	249	35	0	0	0	0	1196
1374157864	803568	244	249	0	0	0	0	0	1198	244	249	34	0	0	0	0	1197
1374157865	296089	244	248	0	0	0	0	0	1199	244	249	34	0	0	0	0	1198
1374157865	788449	244	248	0	0	0	0	0	1200	244	249	35	0	0	0	0	1199
1374157866	281576	244	248	0	0	0	0	0	1201	244	248	35	0	0	0	0	1200
1374157866	773984	244	249	0	0	0	0	0	1202	244	249	35	0	0	0	0	1201
1374157867	267018	244	249	0	0	0	0	0	1203	244	248	34	0	0	0	0	1202
1374157867	760463	244	248	0	0	0	0	0	1204	244	248	34	0	0	0	0	1203
1374157868	253747	244	249	0	0	0	0	0	1205	244	249	35	0	0	0	0	1204
1374157868	747013	244	249	0	0	0	0	0	1206	244	248	35	0	0	0	0	1205
1374157869	240446	244	248	0	0	0	0	0	1207	244	249	35	0	0	0	0	1206
1374157869	732645	244	249	0	0	0	0	0	1208	244	248	34	0	0	0	0	1207
1374157870	224986	244	248	0	0	0	0	0	1209	244	249	35	0	0	0	0	1208
1374157870	717240	244	248	0	0	0	0	0	1210	244	249	34	0	0	0	0	1209
1374157871	210658	244	248	0	0	0	0	0	1211	244	248	34	0	0	0	0	1210
1374157871	704626	244	249	0	0	0	0	0	1212	244	249	34	0	0	0	0	1211
1374157872	195710	244	248	0	0	0	0	0	1213	244	248	34	0	0	0	0	1212
1374157872	688227	244	248	0	0	0	0	0	1214	244	249	35	0	0	0	0	1213
1374157873	181427	244	249	0	0	0	0	0	1215	244	249	35	0	0	0	0	1214
1374157873	673569	244	249	0	0	0	0	0	1216	244	249	35	0	0	0	0	1215
1374157874	167093	244	248	0	0	0	0	0	1217	244	249	34	0	0	0	0	1216
1374157874	660298	244	249	0	0	0	0	0	1218	244	248	34	0	0	0	0	1217
1374157875	152537	244	249	0	0	0	0	0	1219	244	248	34	0	0	0	0	1218
1374157875	645878	244	248	0	0	0	0	0	1220	244	249	34	0	0	0	0	1219
1374157876	139358	244	249	0	0	0	0	0	1221	244	249	34	0	0	0	0	1220
1374157876	631508	244	248	0	0	0	0	0	1222	244	248	34	0	0	0	0	1221
1374157877	124699	244	249	0	0	0	0	0	1223	244	249	34	0	0	0	0	1222
1374157877	617993	244	248	0	0	0	0	0	1224	244	249	35	0	0	0	0	1223
1374157878	111445	244	248	0	0	0	0	0	1225	244	249	35	0	0	0	0	1224
1374157878	604709	244	248	0	0	0	0	0	1226	244	249	35	0	0	0	0	1225
1374157879	097874	244	249	0	0	0	0	0	1227	244	249	35	0	0	0	0	1226
1374157879	589386	244	248	0	0	0	0	0	1228	244	248	35	0	0	0	0	1227
1374157880	082515	244	249	0	0	0	0	0	1229	244	249	35	0	0	0	0	1228
1374157880	576132	244	248	0	0	0	0	0	1230	244	248	35	0	0	0	0	1229
1374157881	069132	244	248	0	0	0	0	0	1231	244	249	35	0	0	0	0	1230
1374157881	562436	244	248	0	0	0	0	0	1232	244	248	35	0	0	0	0	1231
1374157882	055666	244	249	0	0	0	0	0	1233	244	249	36	0	0	0	0	1232
1374157882	548876	244	249	0	0	0	0	0	1234	244	249	35	0	0	0	0	1233
1374157883	041356	244	250	0	0	0	0	0	1235	244	249	35	0	0	0	0	1234
1374157883	533563	244	249	0	0	0	0	0	1236	244	248	36	0	0	0	0	1235
1374157884	024933	244	248	0	0	0	0	0	1237	244	249	44	0	0	0	0	1236
1374157884	517258	244	248	0	0	0	0	0	1238	244	249	37	0	0	0	0	1237
1374157885	010489	244	249	0	0	0	0	0	1239	244	249	0	0	0	0	0	1238
1374157885	502988	244	249	0	0	0	0	0	1240	244	248	43	0	0	0	0	1239
1374157885	995176	244	249	0	0	0	0	0	1241	244	248	37	0	0	0	0	1240
1374157886	487440	244	248	0	0	0	0	0	1242	244	248	36	0	0	0	0	1241
1374157886	980727	244	249	0	0	0	0	0	1243	244	249	38	0	0	0	0	1242
1374157887	473163	244	248	0	0	0	0	0	1244	244	249	44	0	0	0	0	1243
1374157887	964333	244	247	0	0	0	0	0	1245	244	249	37	0	0	0	0	1244
1374157888	457596	244	249	0	0	0	0	0	1246	244	249	37	0	0	0	0	1245
1374157888	950930	244	249	0	0	0	0	0	1247	244	249	38	0	0	0	0	1246
1374157889	443539	244	248	0	0	0	0	0	1248	244	249	37	0	0	0	0	1247
1374157889	935678	244	248	0	0	0	0	0	1249	244	249	38	0	0	0	0	1248
1374157890	428839	244	249	0	0	0	0	0	1250	244	249	35	0	0	0	0	1249
1374157890	920359	244	249	0	0	0	0	0	1251	244	249	48	0	0	0	0	1250
1374157891	413403	244	250	0	0	0	0	0	1252	244	249	62	0	0	0	0	1251
1374157891	904799	244	248	69	0	0	0	0	1253	244	248	57	120	0	0	0	1252
1374157892	398241	244	248	68	0	0	0	0	1254	244	248	62	0	0	0	0	1253
1374157892	891428	244	248	0	0	0	0	0	1255	244	249	79	0	0	0	0	1254
1374157893	383692	244	250	71	0	0	0	0	1256	244	249	0	0	0	0	0	1255
1374157893	876005	244	249	56	0	0	0	0	1257	244	249	0	0	0	0	0	1256
1374157894	368358	244	249	67	0	0	0	0	1258	244	249	0	0	0	0	0	1257
1374157894	862585	244	249	54	0	0	0	0	1259	244	248	0	0	0	0	0	1258
1374157895	356148	244	248	56	0	0	0	0	1260	244	249	0	0	0	0	0	1259
1374157895	849161	244	248	49	0	0	0	0	1261	244	249	0	0	0	0	0	1260
1374157896	341523	244	248	0	0	0	0	0	1262	244	249	0	0	0	0	0	1261
1374157896	833826	244	249	0	0	0	0	0	1263	244	249	0	0	0	0	0	1262
1374157897	326116	244	248	0	0	0	0	0	1264	244	249	0	0	0	0	0	1263
1374157897	818461	244	249	0	0	0	0	0	1265	244	249	0	0	0	0	0	1264
1374157898	310776	244	247	0	0	0	0	0	1266	244	249	0	0	0	0	0	1265
1374157898	804855	244	247	0	0	0	0	0	1267	244	249	0	0	0	0	0	1266
1374157899	297208	244	248	0	0	0	0	0	1268	244	249	0	0	0	0	0	1267
1374157899	788465	244	249	0	0	0	0	0	1269	244	249	0	0	0	0	0	1268
1374157900	279887	244	249	0	0	0	0	0	1270	244	249	0	0	0	0	0	1269
1374157900	773412	244	248	0	0	0	0	0	1271	244	249	0	0	0	0	0	1270
1374157901	266545	244	247	47	0	0	0	0	1272	244	249	0	0	0	0	0	1271
1374157901	759915	244	248	46	0	0	0	0	1273	244	248	0	0	0	0	0	1272
1374157902	253065	244	248	48	0	0	0	0	1274	244	249	0	0	0	0	0	1273
1374157902	746498	244	249	47	0	0	0	0	1275	244	249	0	0	0	0	0	1274
1374157903	239611	244	247	47	0	0	0	0	1276	244	249	0	0	0	0	0	1275
1374157903	733013	244	249	46	0	0	0	0	1277	244	249	0	0	0	0	0	1276
1374157904	225279	244	248	46	0	0	0	0	1278	244	248	0	0	0	0	0	1277
1374157904	718657	244	247	46	0	0	0	0	1279	244	249	0	0	0	0	0	1278
1374157905	211918	244	247	46	0	0	0	0	1280	244	249	0	0	0	0	0	1279
1374157905	705062	244	248	0	0	0	0	0	1281	244	249	0	0	0	0	0	1280
1374157906	198297	244	248	0	0	0	0	0	1282	244	248	0	0	0	0	0	1281
1374157906	689506	244	247	0	0	0	0	0	1283	244	249	0	0	0	0	0	1282
1374157907	182797	244	248	0	0	0	0	0	1284	244	249	0	0	0	0	0	1283
1374157907	676140	244	249	47	0	0	0	0	1285	244	249	0	0	0	0	0	1284
1374157908	170320	244	249	48	0	0	0	0	1286	244	248	0	0	0	0	0	1285
1374157908	662551	244	247	0	0	0	0	0	1287	244	248	0	0	0	0	0	1286
1374157909	155844	244	248	49	0	0	0	0	1288	244	249	0	0	0	0	0	1287
1374157909	649192	244	249	49	0	0	0	0	1289	244	249	0	0	0	0	0	1288
1374157910	142595	244	247	49	0	0	0	0	1290	244	249	0	0	0	0	0	1289
1374157910	635798	244	249	47	0	0	0	0	1291	244	249	0	0	0	0	0	1290
1374157911	129203	244	249	48	0	0	0	0	1292	244	249	0	0	0	0	0	1291
1374157911	622287	244	249	0	0	0	0	0	1293	244	249	0	0	0	0	0	1292
1374157912	114817	244	247	53	0	0	0	0	1294	244	249	0	0	0	0	0	1293
1374157912	607083	244	248	0	0	0	0	0	1295	244	248	0	0	0	0	0	1294
1374157913	100498	244	247	49	0	0	0	0	1296	244	249	0	0	0	0	0	1295
1374157913	592692	244	247	48	0	0	0	0	1297	244	249	0	0	0	0	0	1296
1374157914	084908	244	249	0	0	0	0	0	1298	244	249	0	0	0	0	0	1297
1374157914	578374	244	247	51	0	0	0	0	1299	244	249	0	0	0	0	0	1298
1374157915	071598	244	247	49	0	0	0	0	1300	244	249	0	0	0	0	0	1299
1374157915	565948	244	249	50	0	0	0	0	1301	244	249	0	0	0	0	0	1300
1374157916	059077	244	249	51	0	0	0	0	1302	244	249	0	0	0	0	0	1301
1374157916	553210	244	247	47	0	0	0	0	1303	244	248	0	0	0	0	0	1302
1374157917	045688	244	249	48	0	0	0	0	1304	244	248	0	0	0	0	0	1303
1374157917	538804	244	247	51	0	0	0	0	1305	244	249	0	0	0	0	0	1304
1374157918	031237	244	248	50	0	0	0	0	1306	244	249	0	0	0	0	0	1305
1374157918	524678	244	247	51	0	0	0	0	1307	244	249	0	0	0	0	0	1306
1374157919	016858	244	249	48	0	0	0	0	1308	244	249	0	0	0	0	0	1307
1374157919	509177	244	248	50	0	0	0	0	1309	244	249	0	0	0	0	0	1308
1374157920	002369	244	249	0	0	0	0	0	1310	244	249	0	0	0	0	0	1309
1374157920	495789	244	249	51	0	0	0	0	1311	244	249	0	0	0	0	0	1310
1374157920	988942	244	247	0	0	0	0	0	1312	244	249	0	0	0	0	0	1311
1374157921	481166	244	248	49	0	0	0	0	1313	244	248	0	0	0	0	0	1312
1374157921	973503	244	248	0	0	0	0	0	1314	244	249	0	0	0	0	0	1313
1374157922	468654	244	247	0	0	0	0	0	1315	244	249	0	0	0	0	0	1314
1374157922	962035	244	249	0	0	0	0	0	1316	244	249	0	0	0	0	0	1315
1374157923	454501	244	247	53	0	0	0	0	1317	244	248	0	0	0	0	0	1316
1374157923	948092	244	249	51	0	0	0	0	1318	244	249	0	0	0	0	0	1317
1374157924	441053	244	247	50	0	0	0	0	1319	244	249	0	0	0	0	0	1318
1374157924	934069	244	248	49	0	0	0	0	1320	244	248	0	0	0	0	0	1319
1374157925	426309	244	247	0	0	0	0	0	1321	244	249	0	0	0	0	0	1320
1374157925	919691	244	247	0	0	0	0	0	1322	244	249	0	0	0	0	0	1321
1374157926	411727	244	248	0	0	0	0	0	1323	244	249	0	0	0	0	0	1322
1374157926	903288	244	249	0	0	0	0	0	1324	244	248	0	0	0	0	0	1323
1374157927	396398	244	247	0	0	0	0	0	1325	244	249	0	0	0	0	0	1324
1374157927	889688	244	248	0	0	0	0	0	1326	244	249	0	0	0	0	0	1325
1374157928	382118	244	249	0	0	0	0	0	1327	244	248	0	0	0	0	0	1326
1374157928	876344	244	247	0	0	0	0	0	1328	244	249	0	0	0	0	0	1327
1374157929	370527	244	247	0	0	0	0	0	1329	244	249	0	0	0	0	0	1328
1374157929	863996	244	249	0	0	0	0	0	1330	244	248	0	0	0	0	0	1329
1374157930	357285	244	249	0	0	0	0	0	1331	244	249	0	0	0	0	0	1330
1374157930	850592	244	247	0	0	0	0	0	1332	244	249	0	0	0	0	0	1331
1374157931	343896	244	248	0	0	0	0	0	1333	244	248	0	0	0	0	0	1332
1374157931	836190	244	249	0	0	0	0	0	1334	244	249	0	0	0	0	0	1333
1374157932	330578	244	249	0	0	0	0	0	1335	244	249	0	0	0	0	0	1334
1374157932	823768	244	248	0	0	0	0	0	1336	244	249	0	0	0	0	0	1335
1374157933	317977	244	249	0	0	0	0	0	1337	244	249	0	0	0	0	0	1336
1374157933	811354	244	248	0	0	0	0	0	1338	244	249	0	0	0	0	0	1337
1374157934	303612	244	249	0	0	0	0	0	1339	244	249	0	0	0	0	0	1338
1374157934	797072	244	249	0	0	0	0	0	1340	244	249	0	0	0	0	0	1339
1374157935	291318	244	248	0	0	0	0	0	1341	244	249	0	0	0	0	0	1340
1374157935	784803	244	248	0	0	0	0	0	1342	244	249	0	0	0	0	0	1341
1374157936	278009	244	248	0	0	0	0	0	1343	244	249	0	0	0	0	0	1342
1374157936	772269	244	248	49	0	0	0	0	1344	244	249	0	0	0	0	0	1343
1374157937	265660	244	249	49	0	0	0	0	1345	244	249	0	0	0	0	0	1344
1374157937	759003	244	247	49	0	0	0	0	1346	244	249	0	0	0	0	0	1345
1374157938	252193	244	247	51	0	0	0	0	1347	244	249	0	0	0	0	0	1346
1374157938	745630	244	248	51	0	0	0	0	1348	244	249	0	0	0	0	0	1347
1374157939	238844	244	248	50	0	0	0	0	1349	244	249	0	0	0	0	0	1348
1374157939	732139	244	247	49	0	0	0	0	1350	244	249	0	0	0	0	0	1349
1374157940	225447	244	248	0	0	0	0	0	1351	244	249	0	0	0	0	0	1350
1374157940	718656	244	248	0	0	0	0	0	1352	244	249	0	0	0	0	0	1351
1374157941	211257	244	247	0	0	0	0	0	1353	244	249	0	0	0	0	0	1352
1374157941	705036	244	247	0	0	0	0	0	1354	244	248	0	0	0	0	0	1353
1374157942	197343	244	247	0	0	0	0	0	1355	244	249	0	0	0	0	0	1354
1374157942	689719	244	249	0	0	0	0	0	1356	244	249	0	0	0	0	0	1355
1374157943	183238	244	248	0	0	0	0	0	1357	244	248	0	0	0	0	0	1356
1374157943	676343	244	249	56	0	0	0	0	1358	244	248	0	0	0	0	0	1357
1374157944	169785	244	247	142	0	0	0	0	1359	244	249	0	0	0	0	0	1358
1374157944	662930	244	248	0	0	0	0	0	1360	244	249	0	0	0	0	0	1359
1374157945	156332	244	249	0	0	0	0	0	1361	244	249	0	0	0	0	0	1360
1374157945	648592	244	249	0	0	0	0	0	1362	244	248	0	0	0	0	0	1361
1374157946	142842	244	249	0	0	0	0	0	1363	244	249	0	0	0	0	0	1362
1374157946	635189	244	249	0	0	0	0	0	1364	244	248	0	0	0	0	0	1363
1374157947	129428	244	249	0	0	0	0	0	1365	244	249	0	0	0	0	0	1364
1374157947	622548	244	248	52	0	0	0	0	1366	244	249	0	0	0	0	0	1365
1374157948	115962	244	248	52	0	0	0	0	1367	244	249	0	0	0	0	0	1366
1374157948	609238	244	249	0	0	0	0	0	1368	244	248	0	0	0	0	0	1367
1374157949	102797	244	247	0	0	0	0	0	1369	244	249	0	0	0	0	0	1368
1374157949	596973	244	248	56	0	0	0	0	1370	244	249	0	0	0	0	0	1369
1374157950	089186	244	249	0	0	0	0	0	1371	244	248	0	0	0	0	0	1370
1374157950	583513	244	249	0	0	0	0	0	1372	244	249	0	0	0	0	0	1371
1374157951	076984	244	249	57	0	0	0	0	1373	244	249	0	0	0	0	0	1372
1374157951	569981	244	247	49	0	0	0	0	1374	244	249	0	0	0	0	0	1373
1374157952	063237	244	248	50	0	0	0	0	1375	244	249	0	0	0	0	0	1374
1374157952	555549	244	249	0	0	0	0	0	1376	244	249	0	0	0	0	0	1375
1374157953	050002	244	248	49	0	0	0	0	1377	244	248	0	0	0	0	0	1376
1374157953	543260	244	247	50	0	0	0	0	1378	244	249	0	0	0	0	0	1377
1374157954	035534	244	249	49	0	0	0	0	1379	244	249	0	0	0	0	0	1378
1374157954	529994	244	247	52	0	0	0	0	1380	244	249	0	0	0	0	0	1379
1374157955	023235	244	248	0	0	0	0	0	1381	244	249	0	0	0	0	0	1380
1374157955	516553	244	247	0	0	0	0	0	1382	244	249	0	0	0	0	0	1381
1374157956	010913	244	247	0	0	0	0	0	1383	244	249	0	0	0	0	0	1382
1374157956	502809	244	248	49	0	0	0	0	1384	244	248	0	0	0	0	0	1383
1374157956	997248	244	248	0	0	0	0	0	1385	244	249	0	0	0	0	0	1384
1374157957	489635	244	249	49	0	0	0	0	1386	244	248	0	0	0	0	0	1385
1374157957	982814	244	249	50	0	0	0	0	1387	244	248	0	0	0	0	0	1386
1374157958	477361	244	249	0	0	0	0	0	1388	244	249	0	0	0	0	0	1387
1374157958	971473	244	248	0	0	0	0	0	1389	244	248	0	0	0	0	0	1388
1374157959	464891	244	247	49	0	0	0	0	1390	244	249	0	0	0	0	0	1389
1374157959	959118	244	247	49	0	0	0	0	1391	244	249	0	0	0	0	0	1390
1374157960	452366	244	248	0	0	0	0	0	1392	244	248	0	0	0	0	0	1391
1374157960	946748	244	247	0	0	0	0	0	1393	244	248	0	0	0	0	0	1392
1374157961	438810	244	247	0	0	0	0	0	1394	244	248	0	0	0	0	0	1393
1374157961	931213	244	247	0	0	0	0	0	1395	244	249	0	0	0	0	0	1394
1374157962	424483	244	249	51	0	0	0	0	1396	244	249	0	0	0	0	0	1395
1374157962	917048	244	249	50	0	0	0	0	1397	244	249	0	0	0	0	0	1396
1374157963	410195	244	248	0	0	0	0	0	1398	244	249	0	0	0	0	0	1397
1374157963	904321	244	249	0	0	0	0	0	1399	244	249	0	0	0	0	0	1398
1374157964	397575	244	249	0	0	0	0	0	1400	244	249	0	0	0	0	0	1399
1374157964	890888	244	248	0	0	0	0	0	1401	244	249	0	0	0	0	0	1400
1374157965	384316	244	247	53	0	0	0	0	1402	244	249	0	0	0	0	0	1401
1374157965	877415	244	249	0	0	0	0	0	1403	244	249	0	0	0	0	0	1402
1374157966	367809	244	249	0	0	0	0	0	1404	244	248	0	0	0	0	0	1403
1374157966	861040	244	249	0	0	0	0	0	1405	244	248	0	0	0	0	0	1404
1374157967	353423	244	248	53	0	0	0	0	1406	244	249	0	0	0	0	0	1405
1374157967	846487	244	248	53	0	0	0	0	1407	244	249	0	0	0	0	0	1406
1374157968	339868	244	249	0	0	0	0	0	1408	244	249	0	0	0	0	0	1407
1374157968	833278	244	249	0	0	0	0	0	1409	244	249	0	0	0	0	0	1408
1374157969	326612	244	249	0	0	0	0	0	1410	244	249	0	0	0	0	0	1409
1374157969	819877	244	249	51	0	0	0	0	1411	244	249	0	0	0	0	0	1410
1374157970	314191	244	247	51	0	0	0	0	1412	244	249	0	0	0	0	0	1411
1374157970	806471	244	249	50	0	0	0	0	1413	244	249	0	0	0	0	0	1412
1374157971	299977	244	249	52	0	0	0	0	1414	244	248	0	0	0	0	0	1413
1374157971	792921	244	249	51	0	0	0	0	1415	244	249	0	0	0	0	0	1414
1374157972	285426	244	248	0	0	0	0	0	1416	244	248	0	0	0	0	0	1415
1374157972	779648	244	249	53	0	0	0	0	1417	244	249	0	0	0	0	0	1416
1374157973	272787	244	249	51	0	0	0	0	1418	244	249	0	0	0	0	0	1417
1374157973	764066	244	249	50	0	0	0	0	1419	244	249	0	0	0	0	0	1418
1374157974	256380	244	248	51	0	0	0	0	1420	244	249	0	0	0	0	0	1419
1374157974	749610	244	248	51	0	0	0	0	1421	244	249	0	0	0	0	0	1420
1374157975	241945	244	249	52	0	0	0	0	1422	244	248	0	0	0	0	0	1421
1374157975	735237	244	249	50	0	0	0	0	1423	244	249	0	0	0	0	0	1422
1374157976	229418	244	248	53	0	0	0	0	1424	244	249	0	0	0	0	0	1423
1374157976	722776	244	247	0	0	0	0	0	1425	244	249	0	0	0	0	0	1424
1374157977	217121	244	249	0	0	0	0	0	1426	244	248	0	0	0	0	0	1425
1374157977	710346	244	249	0	0	0	0	0	1427	244	249	0	0	0	0	0	1426
1374157978	202688	244	249	51	0	0	0	0	1428	244	249	0	0	0	0	0	1427
1374157978	696841	244	249	52	0	0	0	0	1429	244	248	0	0	0	0	0	1428
1374157979	188311	244	249	51	0	0	0	0	1430	244	249	0	0	0	0	0	1429
1374157979	682603	244	248	51	0	0	0	0	1431	244	249	0	0	0	0	0	1430
1374157980	175870	244	249	51	0	0	0	0	1432	244	249	0	0	0	0	0	1431
1374157980	669146	244	248	50	0	0	0	0	1433	244	249	0	0	0	0	0	1432
1374157981	162756	244	249	51	0	0	0	0	1434	244	249	0	0	0	0	0	1433
1374157981	654863	244	247	51	0	0	0	0	1435	244	249	0	0	0	0	0	1434
1374157982	147993	244	249	51	0	0	0	0	1436	244	249	0	0	0	0	0	1435
1374157982	640413	244	247	0	0	0	0	0	1437	244	249	0	0	0	0	0	1436
1374157983	134452	244	248	0	0	0	0	0	1438	244	249	0	0	0	0	0	1437
1374157983	627770	244	248	51	0	0	0	0	1439	244	248	0	0	0	0	0	1438
1374157984	121091	244	249	51	0	0	0	0	1440	244	249	0	0	0	0	0	1439
1374157984	614341	244	249	52	0	0	0	0	1441	244	249	0	0	0	0	0	1440
1374157985	106663	244	249	49	0	0	0	0	1442	244	249	0	0	0	0	0	1441
1374157985	600003	244	248	0	0	0	0	0	1443	244	249	0	0	0	0	0	1442
1374157986	093205	244	248	0	0	0	0	0	1444	244	249	0	0	0	0	0	1443
1374157986	585616	244	247	50	0	0	0	0	1445	244	248	0	0	0	0	0	1444
1374157987	079010	244	249	50	0	0	0	0	1446	244	249	0	0	0	0	0	1445
1374157987	572284	244	249	0	0	0	0	0	1447	244	248	0	0	0	0	0	1446
1374157988	065458	244	248	51	0	0	0	0	1448	244	249	0	0	0	0	0	1447
1374157988	558777	244	249	51	0	0	0	0	1449	244	248	0	0	0	0	0	1448
1374157989	052024	244	247	0	0	0	0	0	1450	244	249	0	0	0	0	0	1449
1374157989	545336	244	249	52	0	0	0	0	1451	244	249	0	0	0	0	0	1450
1374157990	038767	244	248	51	0	0	0	0	1452	244	249	0	0	0	0	0	1451
1374157990	531095	244	247	50	0	0	0	0	1453	244	249	0	0	0	0	0	1452
1374157991	023339	244	247	144	0	0	0	0	1454	244	249	0	0	0	0	0	1453
1374157991	517462	244	249	0	0	0	0	0	1455	244	248	0	0	0	0	0	1454
1374157992	010787	244	247	0	0	0	0	0	1456	244	249	0	0	0	0	0	1455
1374157992	503029	244	247	0	0	0	0	0	1457	244	248	0	0	0	0	0	1456
1374157992	997356	244	248	0	0	0	0	0	1458	244	249	0	0	0	0	0	1457
1374157993	490719	244	248	0	0	0	0	0	1459	244	249	0	0	0	0	0	1458
1374157993	983082	244	247	51	0	0	0	0	1460	244	248	0	0	0	0	0	1459
1374157994	475188	244	247	50	0	0	0	0	1461	244	249	0	0	0	0	0	1460
1374157994	967591	244	248	50	0	0	0	0	1462	244	249	0	0	0	0	0	1461
1374157995	460818	244	248	0	0	0	0	0	1463	244	249	0	0	0	0	0	1462
1374157995	953282	244	248	53	0	0	0	0	1464	244	249	0	0	0	0	0	1463
1374157996	446303	244	249	0	0	0	0	0	1465	244	248	0	0	0	0	0	1464
1374157996	939758	244	247	55	0	0	0	0	1466	244	248	0	0	0	0	0	1465
1374157997	434037	244	248	0	0	0	0	0	1467	244	249	0	0	0	0	0	1466
1374157997	927379	244	248	0	0	0	0	0	1468	244	249	0	0	0	0	0	1467
1374157998	419671	244	248	54	0	0	0	0	1469	244	249	0	0	0	0	0	1468
1374157998	912910	244	249	54	0	0	0	0	1470	244	249	0	0	0	0	0	1469
1374157999	404228	244	249	53	0	0	0	0	1471	244	249	0	0	0	0	0	1470
1374157999	897578	244	248	53	0	0	0	0	1472	244	249	0	0	0	0	0	1471
1374158000	390901	244	247	0	0	0	0	0	1473	244	249	0	0	0	0	0	1472
1374158000	883400	244	247	51	0	0	0	0	1474	244	249	0	0	0	0	0	1473
1374158001	375533	244	248	52	0	0	0	0	1475	244	249	0	0	0	0	0	1474
1374158001	867724	244	249	52	0	0	0	0	1476	244	249	0	0	0	0	0	1475
1374158002	360049	244	247	51	0	0	0	0	1477	244	249	0	0	0	0	0	1476
1374158002	853414	244	248	54	0	0	0	0	1478	244	249	0	0	0	0	0	1477
1374158003	346821	244	247	53	0	0	0	0	1479	244	249	0	0	0	0	0	1478
1374158003	840195	244	249	51	0	0	0	0	1480	244	249	0	0	0	0	0	1479
1374158004	333274	244	248	51	0	0	0	0	1481	244	249	0	0	0	0	0	1480
1374158004	825772	244	249	51	0	0	0	0	1482	244	249	0	0	0	0	0	1481
1374158005	318998	244	248	51	0	0	0	0	1483	244	249	0	0	0	0	0	1482
1374158005	811383	244	247	50	0	0	0	0	1484	244	249	0	0	0	0	0	1483
1374158006	303715	244	249	50	0	0	0	0	1485	244	249	0	0	0	0	0	1484
1374158006	796010	244	249	51	0	0	0	0	1486	244	249	0	0	0	0	0	1485
1374158007	291309	244	249	0	0	0	0	0	1487	244	249	0	0	0	0	0	1486
1374158007	784605	244	248	52	0	0	0	0	1488	244	249	0	0	0	0	0	1487
1374158008	277846	244	247	50	0	0	0	0	1489	244	249	0	0	0	0	0	1488
1374158008	771180	244	248	50	0	0	0	0	1490	244	249	0	0	0	0	0	1489
1374158009	264365	244	248	51	0	0	0	0	1491	244	249	0	0	0	0	0	1490
1374158009	757777	244	247	52	0	0	0	0	1492	244	249	0	0	0	0	0	1491
