1374235633	449762	244	248	121	0	0	0	0	1	244	248	0	0	0	0	0	0
1374235633	942192	244	249	121	0	0	0	0	2	244	248	0	0	0	0	0	1
1374235634	435283	244	247	122	0	0	0	0	3	244	248	0	0	0	0	0	2
1374235634	927695	244	249	122	0	0	0	0	4	244	248	0	0	0	0	0	3
1374235635	421143	244	249	122	0	0	0	0	5	244	248	0	0	0	0	0	4
1374235635	914421	244	249	121	0	0	0	0	6	244	248	0	0	0	0	0	5
1374235636	407823	244	247	121	0	0	0	0	7	244	248	0	0	0	0	0	6
1374235636	900263	244	247	122	0	0	0	0	8	244	248	0	0	0	0	0	7
1374235637	393515	244	246	68	130	0	0	0	9	244	248	0	0	0	0	0	8
1374235637	886608	244	248	58	0	0	0	0	10	244	248	0	0	0	0	0	9
1374235638	378066	244	249	0	0	0	0	0	11	244	247	72	0	0	0	0	10
1374235638	871218	244	247	0	0	0	0	0	12	244	246	0	0	0	0	0	11
1374235639	363676	244	247	102	0	0	0	0	13	244	248	0	0	0	0	0	12
1374235639	856812	244	247	96	0	0	0	0	14	244	248	93	0	0	0	0	13
1374235640	349017	244	248	89	0	0	0	0	15	244	248	88	0	0	0	0	14
1374235640	841450	244	248	69	0	0	0	0	16	244	248	78	0	0	0	0	15
1374235641	334941	244	247	74	0	0	0	0	17	244	247	69	0	0	0	0	16
1374235641	828244	244	249	0	0	0	0	0	18	244	248	70	0	0	0	0	17
1374235642	321680	244	248	71	0	0	0	0	19	244	247	72	0	0	0	0	18
1374235642	814784	244	248	0	0	0	0	0	20	244	248	0	0	0	0	0	19
1374235643	306951	244	248	77	0	0	0	0	21	244	248	0	0	0	0	0	20
1374235643	799318	244	248	73	0	0	0	0	22	244	248	70	0	0	0	0	21
1374235644	291460	244	249	73	0	0	0	0	23	244	248	71	0	0	0	0	22
1374235644	784926	244	249	75	0	0	0	0	24	244	248	69	0	0	0	0	23
1374235645	278188	244	248	74	0	0	0	0	25	244	248	76	0	0	0	0	24
1374235645	771386	244	247	72	0	0	0	0	26	244	248	0	0	0	0	0	25
1374235646	264845	244	249	74	0	0	0	0	27	244	248	69	0	0	0	0	26
1374235646	757849	244	249	75	0	0	0	0	28	244	247	0	0	0	0	0	27
1374235647	250178	244	249	73	0	0	0	0	29	244	247	0	0	0	0	0	28
1374235647	744648	244	249	76	0	0	0	0	30	244	248	0	0	0	0	0	29
1374235648	238045	244	249	74	0	0	0	0	31	244	248	72	0	0	0	0	30
1374235648	731203	244	248	0	0	0	0	0	32	244	248	0	0	0	0	0	31
1374235649	224495	244	249	0	0	0	0	0	33	244	248	75	0	0	0	0	32
1374235649	717586	244	249	74	0	0	0	0	34	244	248	73	0	0	0	0	33
1374235650	210005	244	249	74	0	0	0	0	35	244	248	71	0	0	0	0	34
1374235650	703539	244	248	73	0	0	0	0	36	244	248	70	0	0	0	0	35
1374235651	196656	244	249	74	0	0	0	0	37	244	248	71	0	0	0	0	36
1374235651	689935	244	248	75	0	0	0	0	38	244	248	71	0	0	0	0	37
1374235652	183317	244	249	0	0	0	0	0	39	244	248	71	0	0	0	0	38
1374235652	676880	244	249	0	0	0	0	0	40	244	248	77	0	0	0	0	39
1374235653	170902	244	247	0	0	0	0	0	41	244	247	0	0	0	0	0	40
1374235653	663121	244	249	75	0	0	0	0	42	244	248	78	0	0	0	0	41
1374235654	155466	244	249	74	0	0	0	0	43	244	248	71	0	0	0	0	42
1374235654	648834	244	248	75	0	0	0	0	44	244	248	71	0	0	0	0	43
1374235655	141986	244	248	74	0	0	0	0	45	244	248	73	0	0	0	0	44
1374235655	635384	244	248	0	0	0	0	0	46	244	247	78	0	0	0	0	45
1374235656	127763	244	249	0	0	0	0	0	47	244	248	71	0	0	0	0	46
1374235656	620203	244	249	74	0	0	0	0	48	244	247	74	0	0	0	0	47
1374235657	113403	244	248	71	0	0	0	0	49	244	247	0	0	0	0	0	48
1374235657	606768	244	247	74	0	0	0	0	50	244	248	71	0	0	0	0	49
1374235658	099981	244	247	0	0	0	0	0	51	244	248	74	0	0	0	0	50
1374235658	593298	244	249	0	0	0	0	0	52	244	248	72	0	0	0	0	51
1374235659	086450	244	248	77	0	0	0	0	53	244	248	72	0	0	0	0	52
1374235659	578829	244	248	76	0	0	0	0	54	244	248	71	0	0	0	0	53
1374235660	072125	244	249	73	0	0	0	0	55	244	248	74	0	0	0	0	54
1374235660	565424	244	247	74	0	0	0	0	56	244	248	74	0	0	0	0	55
1374235661	057831	244	248	0	0	0	0	0	57	244	248	74	0	0	0	0	56
1374235661	551061	244	248	0	0	0	0	0	58	244	248	76	0	0	0	0	57
1374235662	043558	244	248	73	0	0	0	0	59	244	248	71	0	0	0	0	58
1374235662	536693	244	249	75	0	0	0	0	60	244	248	72	0	0	0	0	59
1374235663	029180	244	249	0	0	0	0	0	61	244	248	71	0	0	0	0	60
1374235663	522409	244	249	0	0	0	0	0	62	244	248	71	0	0	0	0	61
1374235664	015804	244	249	76	0	0	0	0	63	244	248	71	0	0	0	0	62
1374235664	509178	244	247	0	0	0	0	0	64	244	248	72	0	0	0	0	63
1374235665	003427	244	249	75	0	0	0	0	65	244	248	71	0	0	0	0	64
1374235665	496794	244	248	76	0	0	0	0	66	244	247	72	0	0	0	0	65
1374235665	989009	244	248	75	0	0	0	0	67	244	247	71	0	0	0	0	66
1374235666	483349	244	248	73	0	0	0	0	68	244	248	71	0	0	0	0	67
1374235666	975676	244	249	0	0	0	0	0	69	244	248	70	0	0	0	0	68
1374235667	468093	244	247	74	0	0	0	0	70	244	248	69	0	0	0	0	69
1374235667	960144	244	247	0	0	0	0	0	71	244	248	0	0	0	0	0	70
1374235668	451673	244	248	72	0	0	0	0	72	244	248	0	0	0	0	0	71
1374235668	944868	244	247	0	0	0	0	0	73	244	247	70	0	0	0	0	72
1374235669	437259	244	249	0	0	0	0	0	74	244	247	69	0	0	0	0	73
1374235669	931543	244	248	73	0	0	0	0	75	244	247	67	0	0	0	0	74
1374235670	423771	244	247	74	0	0	0	0	76	244	248	75	0	0	0	0	75
1374235670	917244	244	247	73	0	0	0	0	77	244	247	70	0	0	0	0	76
1374235671	410501	244	249	73	0	0	0	0	78	244	248	69	0	0	0	0	77
1374235671	903684	244	249	73	0	0	0	0	79	244	248	71	0	0	0	0	78
1374235672	396082	244	248	0	0	0	0	0	80	244	248	71	0	0	0	0	79
1374235672	889384	244	248	0	0	0	0	0	81	244	248	72	0	0	0	0	80
1374235673	383499	244	248	0	0	0	0	0	82	244	247	72	0	0	0	0	81
1374235673	876085	244	249	0	0	0	0	0	83	244	248	71	0	0	0	0	82
1374235674	367180	244	248	0	0	0	0	0	84	244	248	70	0	0	0	0	83
1374235674	860803	244	247	0	0	0	0	0	85	244	248	70	0	0	0	0	84
1374235675	354865	244	247	0	0	0	0	0	86	244	248	70	0	0	0	0	85
1374235675	848247	244	247	0	0	0	0	0	87	244	247	71	0	0	0	0	86
1374235676	341549	244	248	77	0	0	0	0	88	244	247	71	0	0	0	0	87
1374235676	833755	244	249	0	0	0	0	0	89	244	248	71	0	0	0	0	88
1374235677	326054	244	248	0	0	0	0	0	90	244	248	70	0	0	0	0	89
1374235677	818391	244	248	0	0	0	0	0	91	244	248	71	0	0	0	0	90
1374235678	310643	244	247	0	0	0	0	0	92	244	247	71	0	0	0	0	91
1374235678	802908	244	249	0	0	0	0	0	93	244	247	70	0	0	0	0	92
1374235679	296273	244	247	0	0	0	0	0	94	244	248	71	0	0	0	0	93
1374235679	789828	244	248	0	0	0	0	0	95	244	248	71	0	0	0	0	94
1374235680	282881	244	248	0	0	0	0	0	96	244	248	71	0	0	0	0	95
1374235680	776298	244	249	0	0	0	0	0	97	244	248	71	0	0	0	0	96
1374235681	269454	244	247	0	0	0	0	0	98	244	248	73	0	0	0	0	97
1374235681	762663	244	247	0	0	0	0	0	99	244	247	71	0	0	0	0	98
1374235682	255137	244	248	0	0	0	0	0	100	244	248	71	0	0	0	0	99
1374235682	748387	244	249	0	0	0	0	0	101	244	247	71	0	0	0	0	100
1374235683	242569	244	248	76	0	0	0	0	102	244	248	72	0	0	0	0	101
1374235683	735901	244	247	0	0	0	0	0	103	244	248	70	0	0	0	0	102
1374235684	228246	244	249	0	0	0	0	0	104	244	248	72	0	0	0	0	103
1374235684	721671	244	249	0	0	0	0	0	105	244	248	77	0	0	0	0	104
1374235685	214835	244	248	71	0	0	0	0	106	244	248	71	0	0	0	0	105
1374235685	707224	244	249	73	0	0	0	0	107	244	248	75	0	0	0	0	106
1374235686	200486	244	247	0	0	0	0	0	108	244	247	71	0	0	0	0	107
1374235686	693899	244	247	0	0	0	0	0	109	244	248	71	0	0	0	0	108
1374235687	187271	244	249	0	0	0	0	0	110	244	248	71	0	0	0	0	109
1374235687	680549	244	247	73	0	0	0	0	111	244	247	71	0	0	0	0	110
1374235688	173858	244	249	0	0	0	0	0	112	244	248	79	0	0	0	0	111
1374235688	667918	244	249	0	0	0	0	0	113	244	248	71	0	0	0	0	112
1374235689	161282	244	248	0	0	0	0	0	114	244	248	71	0	0	0	0	113
1374235689	654693	244	247	76	0	0	0	0	115	244	248	72	0	0	0	0	114
1374235690	148137	244	249	74	0	0	0	0	116	244	248	71	0	0	0	0	115
1374235690	641408	244	248	74	0	0	0	0	117	244	248	71	0	0	0	0	116
1374235691	135545	244	247	0	0	0	0	0	118	244	248	71	0	0	0	0	117
1374235691	627891	244	248	0	0	0	0	0	119	244	248	71	0	0	0	0	118
1374235692	121206	244	249	73	0	0	0	0	120	244	248	71	0	0	0	0	119
1374235692	614507	244	249	72	0	0	0	0	121	244	248	0	0	0	0	0	120
1374235693	106858	244	248	71	0	0	0	0	122	244	248	73	0	0	0	0	121
1374235693	600002	244	247	73	0	0	0	0	123	244	248	72	0	0	0	0	122
1374235694	093350	244	249	73	0	0	0	0	124	244	248	72	0	0	0	0	123
1374235694	585712	244	247	73	0	0	0	0	125	244	248	70	0	0	0	0	124
1374235695	079160	244	247	0	0	0	0	0	126	244	248	72	0	0	0	0	125
1374235695	571534	244	249	0	0	0	0	0	127	244	247	75	0	0	0	0	126
1374235696	064740	244	249	0	0	0	0	0	128	244	248	74	0	0	0	0	127
1374235696	558079	244	247	0	0	0	0	0	129	244	248	0	0	0	0	0	128
1374235697	051300	244	249	73	0	0	0	0	130	244	248	72	0	0	0	0	129
1374235697	544694	244	249	0	0	0	0	0	131	244	247	151	0	0	0	0	130
1374235698	036753	244	249	0	0	0	0	0	132	244	248	75	151	0	0	0	131
1374235698	530214	244	248	73	0	0	0	0	133	244	247	72	0	0	0	0	132
1374235699	023545	244	248	0	0	0	0	0	134	244	248	75	0	0	0	0	133
1374235699	516807	244	248	76	0	0	0	0	135	244	247	72	0	0	0	0	134
1374235700	010175	244	249	73	0	0	0	0	136	244	248	71	0	0	0	0	135
1374235700	503386	244	247	0	0	0	0	0	137	244	247	74	140	0	0	0	136
1374235700	996759	244	247	73	0	0	0	0	138	244	248	86	0	0	0	0	137
1374235701	490824	244	249	0	0	0	0	0	139	244	248	71	0	0	0	0	138
1374235701	984324	244	247	0	0	0	0	0	140	244	248	0	0	0	0	0	139
1374235702	477656	244	248	0	0	0	0	0	141	244	247	71	0	0	0	0	140
1374235702	969802	244	247	0	0	0	0	0	142	244	247	0	0	0	0	0	141
1374235703	462304	244	249	71	0	0	0	0	143	244	247	71	0	0	0	0	142
1374235703	955649	244	249	71	0	0	0	0	144	244	248	72	0	0	0	0	143
1374235704	448851	244	248	0	0	0	0	0	145	244	248	0	0	0	0	0	144
1374235704	942133	244	248	71	0	0	0	0	146	244	248	73	0	0	0	0	145
1374235705	435469	244	248	72	0	0	0	0	147	244	248	73	0	0	0	0	146
1374235705	928836	244	249	71	0	0	0	0	148	244	247	78	0	0	0	0	147
1374235706	422167	244	248	71	0	0	0	0	149	244	248	78	0	0	0	0	148
1374235706	916457	244	247	0	0	0	0	0	150	244	247	79	0	0	0	0	149
1374235707	409746	244	249	0	0	0	0	0	151	244	248	71	0	0	0	0	150
1374235707	900718	244	249	0	0	0	0	0	152	244	248	71	0	0	0	0	151
1374235708	391271	244	249	0	0	0	0	0	153	244	247	71	0	0	0	0	152
1374235708	883547	244	249	0	0	0	0	0	154	244	247	71	0	0	0	0	153
1374235709	375846	244	249	75	0	0	0	0	155	244	247	72	0	0	0	0	154
1374235709	869180	244	248	72	0	0	0	0	156	244	247	78	0	0	0	0	155
1374235710	361476	244	247	0	0	0	0	0	157	244	247	70	0	0	0	0	156
1374235710	854861	244	248	72	0	0	0	0	158	244	248	71	0	0	0	0	157
1374235711	348165	244	248	0	0	0	0	0	159	244	248	72	0	0	0	0	158
1374235711	841496	244	247	77	0	0	0	0	160	244	247	70	0	0	0	0	159
1374235712	334856	244	248	0	0	0	0	0	161	244	247	69	0	0	0	0	160
1374235712	829053	244	247	76	0	0	0	0	162	244	248	0	0	0	0	0	161
1374235713	322425	244	249	75	0	0	0	0	163	244	247	72	0	0	0	0	162
1374235713	814820	244	248	75	0	0	0	0	164	244	248	0	0	0	0	0	163
1374235714	307894	244	247	76	0	0	0	0	165	244	248	73	0	0	0	0	164
1374235714	801339	244	249	71	0	0	0	0	166	244	248	71	0	0	0	0	165
1374235715	294695	244	247	0	0	0	0	0	167	244	247	69	0	0	0	0	166
1374235715	789002	244	248	72	0	0	0	0	168	244	247	67	0	0	0	0	167
1374235716	282173	244	247	74	0	0	0	0	169	244	248	70	0	0	0	0	168
1374235716	774759	244	248	73	0	0	0	0	170	244	248	70	0	0	0	0	169
1374235717	267879	244	248	74	0	0	0	0	171	244	248	71	0	0	0	0	170
1374235717	760307	244	248	74	0	0	0	0	172	244	248	0	0	0	0	0	171
1374235718	251420	244	249	73	0	0	0	0	173	244	248	74	0	0	0	0	172
1374235718	744801	244	248	72	0	0	0	0	174	244	247	0	0	0	0	0	173
1374235719	237972	244	249	73	0	0	0	0	175	244	248	71	0	0	0	0	174
1374235719	731265	244	249	75	0	0	0	0	176	244	247	72	0	0	0	0	175
1374235720	223626	244	248	73	0	0	0	0	177	244	248	0	0	0	0	0	176
1374235720	716831	244	249	73	0	0	0	0	178	244	248	0	0	0	0	0	177
1374235721	208246	244	247	73	0	0	0	0	179	244	247	71	0	0	0	0	178
1374235721	701586	244	249	73	0	0	0	0	180	244	248	70	0	0	0	0	179
1374235722	193853	244	248	73	0	0	0	0	181	244	248	72	0	0	0	0	180
1374235722	687091	244	247	73	0	0	0	0	182	244	247	85	0	0	0	0	181
1374235723	179408	244	248	72	0	0	0	0	183	244	248	85	0	0	0	0	182
1374235723	671891	244	249	71	0	0	0	0	184	244	247	71	0	0	0	0	183
1374235724	165053	244	249	71	0	0	0	0	185	244	248	77	0	0	0	0	184
1374235724	658357	244	249	73	0	0	0	0	186	244	248	78	0	0	0	0	185
1374235725	151807	244	247	72	0	0	0	0	187	244	248	71	0	0	0	0	186
1374235725	643980	244	249	71	0	0	0	0	188	244	248	70	0	0	0	0	187
1374235726	136480	244	247	73	0	0	0	0	189	244	247	80	0	0	0	0	188
1374235726	628789	244	249	73	0	0	0	0	190	244	248	71	0	0	0	0	189
1374235727	121106	244	247	74	0	0	0	0	191	244	248	71	0	0	0	0	190
1374235727	614407	244	249	73	0	0	0	0	192	244	248	70	0	0	0	0	191
1374235728	107423	244	247	73	0	0	0	0	193	244	248	70	0	0	0	0	192
1374235728	600855	244	247	73	0	0	0	0	194	244	247	70	0	0	0	0	193
1374235729	094045	244	248	73	0	0	0	0	195	244	248	78	0	0	0	0	194
1374235729	587441	244	249	73	0	0	0	0	196	244	248	70	0	0	0	0	195
1374235730	080493	244	247	72	0	0	0	0	197	244	248	70	0	0	0	0	196
1374235730	572961	244	248	73	0	0	0	0	198	244	247	70	0	0	0	0	197
1374235731	065044	244	248	71	0	0	0	0	199	244	248	78	0	0	0	0	198
1374235731	556593	244	247	73	0	0	0	0	200	244	247	70	0	0	0	0	199
1374235732	050802	244	247	73	0	0	0	0	201	244	248	70	0	0	0	0	200
1374235732	543891	244	249	72	0	0	0	0	202	244	248	70	0	0	0	0	201
1374235733	036925	244	247	73	0	0	0	0	203	244	248	70	0	0	0	0	202
1374235733	528361	244	249	74	0	0	0	0	204	244	248	75	0	0	0	0	203
1374235734	022779	244	247	74	0	0	0	0	205	244	248	71	0	0	0	0	204
1374235734	515088	244	249	74	0	0	0	0	206	244	248	70	0	0	0	0	205
1374235735	007389	244	249	73	0	0	0	0	207	244	248	70	0	0	0	0	206
1374235735	500469	244	247	73	0	0	0	0	208	244	248	86	0	0	0	0	207
1374235735	992984	244	249	0	0	0	0	0	209	244	248	78	0	0	0	0	208
1374235736	486333	244	249	0	0	0	0	0	210	244	247	70	0	0	0	0	209
1374235736	979545	244	247	0	0	0	0	0	211	244	247	70	0	0	0	0	210
1374235737	472878	244	249	72	0	0	0	0	212	244	247	71	0	0	0	0	211
1374235737	966095	244	249	75	0	0	0	0	213	244	248	76	0	0	0	0	212
1374235738	457435	244	248	0	0	0	0	0	214	244	248	70	0	0	0	0	213
1374235738	949741	244	249	74	0	0	0	0	215	244	248	71	0	0	0	0	214
1374235739	442267	244	248	0	0	0	0	0	216	244	248	71	0	0	0	0	215
1374235739	934501	244	249	0	0	0	0	0	217	244	248	70	0	0	0	0	216
1374235740	427872	244	249	73	0	0	0	0	218	244	247	70	0	0	0	0	217
1374235740	919936	244	248	72	0	0	0	0	219	244	248	70	0	0	0	0	218
1374235741	412364	244	247	0	0	0	0	0	220	244	247	70	0	0	0	0	219
1374235741	905663	244	249	72	0	0	0	0	221	244	248	76	0	0	0	0	220
1374235742	399069	244	249	74	0	0	0	0	222	244	248	0	0	0	0	0	221
1374235742	893145	244	249	0	0	0	0	0	223	244	247	0	0	0	0	0	222
1374235743	383690	244	248	0	0	0	0	0	224	244	248	88	0	0	0	0	223
1374235743	877967	244	249	0	0	0	0	0	225	244	248	70	0	0	0	0	224
1374235744	371268	244	249	0	0	0	0	0	226	244	248	71	0	0	0	0	225
1374235744	863409	244	248	0	0	0	0	0	227	244	248	0	0	0	0	0	226
1374235745	356869	244	248	73	0	0	0	0	228	244	247	71	0	0	0	0	227
1374235745	850065	244	247	0	0	0	0	0	229	244	247	0	0	0	0	0	228
1374235746	342222	244	247	0	0	0	0	0	230	244	248	76	0	0	0	0	229
1374235746	833692	244	247	0	0	0	0	0	231	244	248	71	0	0	0	0	230
1374235747	327051	244	249	0	0	0	0	0	232	244	248	73	0	0	0	0	231
1374235747	820502	244	247	75	0	0	0	0	233	244	248	73	0	0	0	0	232
1374235748	312623	244	248	72	0	0	0	0	234	244	248	0	0	0	0	0	233
1374235748	803943	244	247	74	0	0	0	0	235	244	247	77	0	0	0	0	234
1374235749	296151	244	247	72	0	0	0	0	236	244	247	74	0	0	0	0	235
1374235749	789610	244	249	72	0	0	0	0	237	244	247	0	0	0	0	0	236
1374235750	281982	244	248	73	0	0	0	0	238	244	248	72	0	0	0	0	237
1374235750	775203	244	249	72	0	0	0	0	239	244	248	0	0	0	0	0	238
1374235751	268715	244	248	73	0	0	0	0	240	244	247	72	0	0	0	0	239
1374235751	761981	244	249	73	0	0	0	0	241	244	248	0	0	0	0	0	240
1374235752	255218	244	247	73	0	0	0	0	242	244	248	72	0	0	0	0	241
1374235752	746524	244	249	72	0	0	0	0	243	244	247	71	0	0	0	0	242
1374235753	238763	244	247	0	0	0	0	0	244	244	247	74	0	0	0	0	243
1374235753	731097	244	249	0	0	0	0	0	245	244	248	70	0	0	0	0	244
1374235754	223490	244	248	0	0	0	0	0	246	244	247	70	0	0	0	0	245
1374235754	716759	244	248	0	0	0	0	0	247	244	248	72	0	0	0	0	246
1374235755	209333	244	248	0	0	0	0	0	248	244	247	72	0	0	0	0	247
1374235755	701306	244	247	75	0	0	0	0	249	244	247	0	0	0	0	0	248
1374235756	193633	244	247	75	0	0	0	0	250	244	248	71	0	0	0	0	249
1374235756	687069	244	247	0	0	0	0	0	251	244	247	70	0	0	0	0	250
1374235757	181364	244	249	73	0	0	0	0	252	244	247	70	0	0	0	0	251
1374235757	673747	244	249	0	0	0	0	0	253	244	248	72	0	0	0	0	252
1374235758	167841	244	249	0	0	0	0	0	254	244	247	0	0	0	0	0	253
1374235758	661244	244	247	0	0	0	0	0	255	244	247	0	0	0	0	0	254
1374235759	154362	244	247	74	0	0	0	0	256	244	247	0	0	0	0	0	255
1374235759	647791	244	248	75	0	0	0	0	257	244	247	0	0	0	0	0	256
1374235760	140093	244	249	74	0	0	0	0	258	244	247	0	0	0	0	0	257
1374235760	633233	244	248	74	0	0	0	0	259	244	247	71	0	0	0	0	258
1374235761	126763	244	247	74	0	0	0	0	260	244	247	71	0	0	0	0	259
1374235761	620099	244	248	74	0	0	0	0	261	244	247	72	0	0	0	0	260
1374235762	112400	244	249	74	0	0	0	0	262	244	247	73	0	0	0	0	261
1374235762	605616	244	249	74	0	0	0	0	263	244	248	75	0	0	0	0	262
1374235763	099950	244	247	76	0	0	0	0	264	244	247	0	0	0	0	0	263
1374235763	593250	244	247	0	0	0	0	0	265	244	248	0	0	0	0	0	264
1374235764	085398	244	249	0	0	0	0	0	266	244	247	0	0	0	0	0	265
1374235764	578814	244	249	0	0	0	0	0	267	244	247	0	0	0	0	0	266
1374235765	072257	244	247	75	0	0	0	0	268	244	248	0	0	0	0	0	267
1374235765	565393	244	247	0	0	0	0	0	269	244	248	71	0	0	0	0	268
1374235766	058841	244	248	77	0	0	0	0	270	244	248	71	0	0	0	0	269
1374235766	552010	244	249	0	0	0	0	0	271	244	247	71	0	0	0	0	270
1374235767	045196	244	247	0	0	0	0	0	272	244	248	72	0	0	0	0	271
1374235767	536538	244	247	74	0	0	0	0	273	244	247	0	0	0	0	0	272
1374235768	028692	244	247	75	0	0	0	0	274	244	248	0	0	0	0	0	273
1374235768	521080	244	247	0	0	0	0	0	275	244	247	71	0	0	0	0	274
1374235769	013486	244	249	0	0	0	0	0	276	244	247	73	0	0	0	0	275
1374235769	505737	244	249	74	0	0	0	0	277	244	248	72	0	0	0	0	276
1374235769	998046	244	249	74	0	0	0	0	278	244	247	71	0	0	0	0	277
1374235770	490370	244	247	72	0	0	0	0	279	244	247	71	0	0	0	0	278
1374235770	983754	244	248	75	0	0	0	0	280	244	247	0	0	0	0	0	279
1374235771	476996	244	249	73	0	0	0	0	281	244	247	70	0	0	0	0	280
1374235771	970499	244	249	0	0	0	0	0	282	244	247	152	0	0	0	0	281
1374235772	463537	244	247	75	0	0	0	0	283	244	247	150	0	0	0	0	282
1374235772	955831	244	249	71	0	0	0	0	284	244	248	72	0	0	0	0	283
1374235773	447257	244	248	0	0	0	0	0	285	244	247	69	0	0	0	0	284
1374235773	940430	244	247	78	0	0	0	0	286	244	247	70	0	0	0	0	285
1374235774	433995	244	249	0	0	0	0	0	287	244	247	67	0	0	0	0	286
1374235774	926170	244	247	73	0	0	0	0	288	244	247	68	0	0	0	0	287
1374235775	419545	244	247	72	0	0	0	0	289	244	247	66	0	0	0	0	288
1374235775	912881	244	249	0	0	0	0	0	290	244	248	65	0	0	0	0	289
1374235776	406290	244	249	73	0	0	0	0	291	244	247	65	0	0	0	0	290
1374235776	899413	244	249	0	0	0	0	0	292	244	247	69	0	0	0	0	291
1374235777	392717	244	249	0	0	0	0	0	293	244	247	65	0	0	0	0	292
1374235777	885058	244	248	0	0	0	0	0	294	244	247	67	0	0	0	0	293
1374235778	377438	244	247	72	0	0	0	0	295	244	247	64	0	0	0	0	294
1374235778	870816	244	249	72	0	0	0	0	296	244	247	73	0	0	0	0	295
1374235779	362151	244	248	71	0	0	0	0	297	244	247	69	0	0	0	0	296
1374235779	855430	244	248	75	0	0	0	0	298	244	248	70	0	0	0	0	297
1374235780	348739	244	247	0	0	0	0	0	299	244	248	0	0	0	0	0	298
1374235780	841932	244	249	71	0	0	0	0	300	244	247	73	0	0	0	0	299
1374235781	334167	244	247	72	0	0	0	0	301	244	247	71	0	0	0	0	300
1374235781	825784	244	247	71	0	0	0	0	302	244	247	71	0	0	0	0	301
1374235782	318131	244	248	72	0	0	0	0	303	244	247	71	0	0	0	0	302
1374235782	811488	244	248	73	0	0	0	0	304	244	248	70	0	0	0	0	303
1374235783	303479	244	248	0	0	0	0	0	305	244	247	70	0	0	0	0	304
1374235783	796870	244	249	71	0	0	0	0	306	244	248	70	0	0	0	0	305
1374235784	290138	244	247	73	0	0	0	0	307	244	248	67	0	0	0	0	306
1374235784	783617	244	247	71	0	0	0	0	308	244	248	62	0	0	0	0	307
1374235785	277827	244	247	71	0	0	0	0	309	244	248	62	0	0	0	0	308
1374235785	771010	244	249	71	0	0	0	0	310	244	247	68	0	0	0	0	309
1374235786	264446	244	248	72	0	0	0	0	311	244	247	0	0	0	0	0	310
1374235786	757812	244	247	72	0	0	0	0	312	244	247	67	0	0	0	0	311
1374235787	251002	244	249	71	0	0	0	0	313	244	248	64	0	0	0	0	312
1374235787	743393	244	249	72	0	0	0	0	314	244	247	69	0	0	0	0	313
1374235788	235614	244	249	72	0	0	0	0	315	244	248	68	0	0	0	0	314
1374235788	727967	244	249	72	0	0	0	0	316	244	248	70	0	0	0	0	315
1374235789	221215	244	248	72	0	0	0	0	317	244	247	67	0	0	0	0	316
1374235789	713650	244	249	72	0	0	0	0	318	244	247	76	0	0	0	0	317
1374235790	207995	244	249	74	0	0	0	0	319	244	248	73	0	0	0	0	318
1374235790	700325	244	247	0	0	0	0	0	320	244	247	71	0	0	0	0	319
1374235791	193520	244	248	73	0	0	0	0	321	244	247	71	0	0	0	0	320
1374235791	686897	244	249	74	0	0	0	0	322	244	247	72	0	0	0	0	321
1374235792	180271	244	248	0	0	0	0	0	323	244	247	70	0	0	0	0	322
1374235792	672546	244	249	73	0	0	0	0	324	244	247	69	0	0	0	0	323
1374235793	165926	244	248	76	0	0	0	0	325	244	247	68	0	0	0	0	324
1374235793	658038	244	249	0	0	0	0	0	326	244	247	71	0	0	0	0	325
1374235794	151291	244	248	0	0	0	0	0	327	244	247	63	0	0	0	0	326
1374235794	643632	244	248	73	0	0	0	0	328	244	247	63	0	0	0	0	327
1374235795	136905	244	247	0	0	0	0	0	329	244	247	71	0	0	0	0	328
1374235795	630402	244	248	0	0	0	0	0	330	244	248	0	0	0	0	0	329
1374235796	123544	244	249	0	0	0	0	0	331	244	247	65	0	0	0	0	330
1374235796	616932	244	247	75	0	0	0	0	332	244	248	67	0	0	0	0	331
1374235797	110310	244	248	0	0	0	0	0	333	244	247	69	0	0	0	0	332
1374235797	603559	244	248	81	0	0	0	0	334	244	247	70	0	0	0	0	333
1374235798	097779	244	249	0	0	0	0	0	335	244	247	67	0	0	0	0	334
1374235798	592057	244	249	0	0	0	0	0	336	244	247	70	0	0	0	0	335
1374235799	084364	244	249	0	0	0	0	0	337	244	247	71	0	0	0	0	336
1374235799	576850	244	249	0	0	0	0	0	338	244	247	0	0	0	0	0	337
1374235800	069173	244	248	0	0	0	0	0	339	244	247	72	0	0	0	0	338
1374235800	561447	244	249	0	0	0	0	0	340	244	248	72	0	0	0	0	339
1374235801	054560	244	248	0	0	0	0	0	341	244	247	0	0	0	0	0	340
1374235801	545056	244	248	0	0	0	0	0	342	244	247	71	0	0	0	0	341
1374235802	037108	244	249	0	0	0	0	0	343	244	247	0	0	0	0	0	342
1374235802	527550	244	248	0	0	0	0	0	344	244	247	67	0	0	0	0	343
1374235803	019900	244	248	0	0	0	0	0	345	244	247	69	0	0	0	0	344
1374235803	512035	244	248	73	0	0	0	0	346	244	247	68	0	0	0	0	345
1374235804	006325	244	248	72	0	0	0	0	347	244	248	0	0	0	0	0	346
1374235804	498614	244	247	0	0	0	0	0	348	244	247	64	0	0	0	0	347
1374235804	991911	244	247	73	0	0	0	0	349	244	248	64	0	0	0	0	348
1374235805	484295	244	247	73	0	0	0	0	350	244	248	67	0	0	0	0	349
1374235805	977586	244	249	0	0	0	0	0	351	244	247	70	0	0	0	0	350
1374235806	468969	244	248	0	0	0	0	0	352	244	248	68	0	0	0	0	351
1374235806	962277	244	248	0	0	0	0	0	353	244	248	69	0	0	0	0	352
1374235807	455484	244	249	0	0	0	0	0	354	244	248	69	0	0	0	0	353
1374235807	947668	244	247	0	0	0	0	0	355	244	247	64	0	0	0	0	354
1374235808	440080	244	248	74	0	0	0	0	356	244	247	69	0	0	0	0	355
1374235808	933352	244	247	0	0	0	0	0	357	244	247	0	0	0	0	0	356
1374235809	426720	244	247	0	0	0	0	0	358	244	247	69	0	0	0	0	357
1374235809	919977	244	249	72	0	0	0	0	359	244	247	70	0	0	0	0	358
1374235810	413222	244	249	73	0	0	0	0	360	244	247	69	0	0	0	0	359
1374235810	906521	244	248	73	0	0	0	0	361	244	248	71	0	0	0	0	360
1374235811	399880	244	248	72	0	0	0	0	362	244	248	68	0	0	0	0	361
1374235811	892155	244	248	72	0	0	0	0	363	244	247	63	0	0	0	0	362
1374235812	385585	244	247	73	0	0	0	0	364	244	248	69	0	0	0	0	363
1374235812	878902	244	249	72	0	0	0	0	365	244	248	68	0	0	0	0	364
1374235813	371195	244	248	0	0	0	0	0	366	244	248	70	0	0	0	0	365
1374235813	864588	244	249	72	0	0	0	0	367	244	247	71	0	0	0	0	366
1374235814	358719	244	247	74	0	0	0	0	368	244	248	69	0	0	0	0	367
1374235814	852378	244	247	73	0	0	0	0	369	244	248	0	0	0	0	0	368
1374235815	344419	244	249	73	0	0	0	0	370	244	248	0	0	0	0	0	369
1374235815	837726	244	248	71	0	0	0	0	371	244	248	69	0	0	0	0	370
1374235816	329073	244	248	71	0	0	0	0	372	244	248	63	0	0	0	0	371
1374235816	821443	244	247	71	0	0	0	0	373	244	247	64	0	0	0	0	372
1374235817	314842	244	248	70	0	0	0	0	374	244	247	63	0	0	0	0	373
1374235817	808054	244	248	72	0	0	0	0	375	244	247	63	0	0	0	0	374
1374235818	301471	244	249	70	0	0	0	0	376	244	248	71	0	0	0	0	375
1374235818	794674	244	247	72	0	0	0	0	377	244	248	64	0	0	0	0	376
1374235819	287875	244	247	73	0	0	0	0	378	244	247	64	0	0	0	0	377
1374235819	779221	244	247	73	0	0	0	0	379	244	247	62	0	0	0	0	378
1374235820	272506	244	247	73	0	0	0	0	380	244	248	63	0	0	0	0	379
1374235820	766020	244	247	73	0	0	0	0	381	244	248	64	0	0	0	0	380
1374235821	259089	244	249	73	0	0	0	0	382	244	247	70	0	0	0	0	381
1374235821	751715	244	249	73	0	0	0	0	383	244	248	0	0	0	0	0	382
1374235822	242910	244	249	73	0	0	0	0	384	244	248	0	0	0	0	0	383
1374235822	736125	244	248	0	0	0	0	0	385	244	248	69	0	0	0	0	384
1374235823	229317	244	249	0	0	0	0	0	386	244	247	63	0	0	0	0	385
1374235823	721901	244	248	72	0	0	0	0	387	244	247	69	0	0	0	0	386
1374235824	215079	244	247	71	0	0	0	0	388	244	247	69	0	0	0	0	387
1374235824	708165	244	249	71	0	0	0	0	389	244	247	70	0	0	0	0	388
1374235825	200809	244	249	0	0	0	0	0	390	244	247	0	0	0	0	0	389
1374235825	693983	244	248	0	0	0	0	0	391	244	248	70	0	0	0	0	390
1374235826	188086	244	248	72	0	0	0	0	392	244	248	73	0	0	0	0	391
1374235826	680468	244	248	71	0	0	0	0	393	244	247	63	0	0	0	0	392
1374235827	173727	244	247	73	0	0	0	0	394	244	248	64	0	0	0	0	393
1374235827	666900	244	248	0	0	0	0	0	395	244	248	71	0	0	0	0	394
1374235828	160157	244	248	73	0	0	0	0	396	244	247	67	0	0	0	0	395
1374235828	653557	244	247	0	0	0	0	0	397	244	248	64	0	0	0	0	396
1374235829	145731	244	248	74	0	0	0	0	398	244	247	70	0	0	0	0	397
1374235829	639190	244	247	72	0	0	0	0	399	244	247	71	0	0	0	0	398
1374235830	132489	244	248	75	0	0	0	0	400	244	248	64	0	0	0	0	399
1374235830	625879	244	249	0	0	0	0	0	401	244	248	69	0	0	0	0	400
1374235831	118913	244	248	0	0	0	0	0	402	244	248	72	0	0	0	0	401
1374235831	610277	244	248	75	0	0	0	0	403	244	247	68	0	0	0	0	402
1374235832	103641	244	248	0	0	0	0	0	404	244	248	0	0	0	0	0	403
1374235832	595932	244	249	72	0	0	0	0	405	244	248	115	0	0	0	0	404
1374235833	089206	244	249	0	0	0	0	0	406	244	247	63	0	0	0	0	405
1374235833	581442	244	247	0	0	0	0	0	407	244	248	64	0	0	0	0	406
1374235834	074699	244	247	0	0	0	0	0	408	244	247	63	0	0	0	0	407
1374235834	568107	244	247	76	0	0	0	0	409	244	248	73	0	0	0	0	408
1374235835	061363	244	247	78	0	0	0	0	410	244	248	72	0	0	0	0	409
1374235835	554597	244	249	76	0	0	0	0	411	244	248	69	0	0	0	0	410
1374235836	046949	244	247	72	0	0	0	0	412	244	248	69	0	0	0	0	411
1374235836	539328	244	248	73	0	0	0	0	413	244	248	65	0	0	0	0	412
1374235837	031682	244	249	0	0	0	0	0	414	244	248	64	0	0	0	0	413
1374235837	524943	244	248	0	0	0	0	0	415	244	247	64	0	0	0	0	414
1374235838	017283	244	247	74	0	0	0	0	416	244	248	64	0	0	0	0	415
1374235838	509647	244	247	0	0	0	0	0	417	244	247	71	0	0	0	0	416
1374235839	002814	244	247	0	0	0	0	0	418	244	248	64	0	0	0	0	417
1374235839	496072	244	247	74	0	0	0	0	419	244	247	69	0	0	0	0	418
1374235839	988344	244	249	0	0	0	0	0	420	244	247	63	0	0	0	0	419
1374235840	481745	244	249	0	0	0	0	0	421	244	248	71	0	0	0	0	420
1374235840	974921	244	249	0	0	0	0	0	422	244	248	63	0	0	0	0	421
1374235841	468299	244	248	74	0	0	0	0	423	244	247	69	0	0	0	0	422
1374235841	962236	244	249	0	0	0	0	0	424	244	248	73	0	0	0	0	423
1374235842	454621	244	248	74	0	0	0	0	425	244	247	63	0	0	0	0	424
1374235842	947907	244	249	73	0	0	0	0	426	244	247	0	0	0	0	0	425
1374235843	440046	244	248	73	0	0	0	0	427	244	248	69	0	0	0	0	426
1374235843	933578	244	249	0	0	0	0	0	428	244	247	70	0	0	0	0	427
1374235844	425796	244	249	72	0	0	0	0	429	244	248	64	0	0	0	0	428
1374235844	919022	244	249	72	0	0	0	0	430	244	247	70	0	0	0	0	429
1374235845	412448	244	248	73	0	0	0	0	431	244	248	69	0	0	0	0	430
1374235845	904784	244	248	74	0	0	0	0	432	244	248	71	0	0	0	0	431
1374235846	397094	244	247	74	0	0	0	0	433	244	248	0	0	0	0	0	432
1374235846	889348	244	249	0	0	0	0	0	434	244	247	74	0	0	0	0	433
1374235847	382616	244	248	0	0	0	0	0	435	244	248	0	0	0	0	0	434
1374235847	876874	244	247	0	0	0	0	0	436	244	248	71	0	0	0	0	435
1374235848	369220	244	248	73	0	0	0	0	437	244	247	67	0	0	0	0	436
1374235848	861568	244	249	73	0	0	0	0	438	244	247	68	0	0	0	0	437
1374235849	354886	244	249	75	0	0	0	0	439	244	248	64	139	0	0	0	438
1374235849	847136	244	247	0	0	0	0	0	440	244	248	65	0	0	0	0	439
1374235850	340726	244	248	0	0	0	0	0	441	244	248	65	0	0	0	0	440
1374235850	833817	244	249	0	0	0	0	0	442	244	248	66	0	0	0	0	441
1374235851	325126	244	249	0	0	0	0	0	443	244	248	69	0	0	0	0	442
1374235851	818526	244	249	80	0	0	0	0	444	244	248	67	0	0	0	0	443
1374235852	311648	244	248	78	0	0	0	0	445	244	247	67	0	0	0	0	444
1374235852	804945	244	247	83	0	0	0	0	446	244	247	67	0	0	0	0	445
1374235853	298318	244	248	0	0	0	0	0	447	244	247	68	139	0	0	0	446
1374235853	791605	244	248	72	0	0	0	0	448	244	248	69	0	0	0	0	447
1374235854	284999	244	249	0	0	0	0	0	449	244	247	67	0	0	0	0	448
1374235854	778094	244	247	0	0	0	0	0	450	244	247	66	0	0	0	0	449
1374235855	270486	244	248	73	0	0	0	0	451	244	248	69	0	0	0	0	450
1374235855	764709	244	247	0	0	0	0	0	452	244	247	64	0	0	0	0	451
1374235856	256048	244	249	0	0	0	0	0	453	244	248	68	0	0	0	0	452
1374235856	749345	244	249	0	0	0	0	0	454	244	247	67	0	0	0	0	453
1374235857	241720	244	249	0	0	0	0	0	455	244	248	67	0	0	0	0	454
1374235857	734916	244	248	0	0	0	0	0	456	244	248	68	0	0	0	0	455
1374235858	227228	244	249	74	0	0	0	0	457	244	247	69	0	0	0	0	456
1374235858	720523	244	248	0	0	0	0	0	458	244	248	69	0	0	0	0	457
1374235859	213687	244	247	0	0	0	0	0	459	244	248	68	0	0	0	0	458
1374235859	706071	244	248	0	0	0	0	0	460	244	248	67	0	0	0	0	459
1374235860	199427	244	249	0	0	0	0	0	461	244	248	68	0	0	0	0	460
1374235860	691624	244	247	0	0	0	0	0	462	244	248	69	0	0	0	0	461
1374235861	184029	244	248	74	0	0	0	0	463	244	247	68	0	0	0	0	462
1374235861	677449	244	249	0	0	0	0	0	464	244	248	68	0	0	0	0	463
1374235862	170537	244	249	0	0	0	0	0	465	244	247	68	0	0	0	0	464
1374235862	662005	244	249	75	0	0	0	0	466	244	247	69	0	0	0	0	465
1374235863	154146	244	249	76	0	0	0	0	467	244	248	68	0	0	0	0	466
1374235863	648416	244	247	72	0	0	0	0	468	244	247	68	0	0	0	0	467
1374235864	142626	244	247	0	0	0	0	0	469	244	248	68	0	0	0	0	468
1374235864	636024	244	248	71	0	0	0	0	470	244	248	68	0	0	0	0	469
1374235865	129446	244	248	71	0	0	0	0	471	244	247	69	0	0	0	0	470
1374235865	622564	244	249	0	0	0	0	0	472	244	247	69	0	0	0	0	471
1374235866	116043	244	247	71	0	0	0	0	473	244	248	65	0	0	0	0	472
1374235866	609272	244	248	72	0	0	0	0	474	244	247	69	131	0	0	0	473
1374235867	102703	244	248	71	0	0	0	0	475	244	247	67	0	0	0	0	474
1374235867	595099	244	249	71	0	0	0	0	476	244	248	65	0	0	0	0	475
1374235868	088148	244	249	71	0	0	0	0	477	244	248	0	0	0	0	0	476
1374235868	581590	244	247	70	0	0	0	0	478	244	248	71	0	0	0	0	477
1374235869	074882	244	249	70	0	0	0	0	479	244	247	69	0	0	0	0	478
1374235869	568215	244	249	71	0	0	0	0	480	244	248	70	0	0	0	0	479
1374235870	060560	244	248	0	0	0	0	0	481	244	248	70	0	0	0	0	480
1374235870	552022	244	248	71	0	0	0	0	482	244	247	68	0	0	0	0	481
1374235871	045340	244	249	0	0	0	0	0	483	244	247	63	0	0	0	0	482
1374235871	537576	244	247	0	0	0	0	0	484	244	247	62	0	0	0	0	483
1374235872	030969	244	249	0	0	0	0	0	485	244	248	63	0	0	0	0	484
1374235872	523101	244	249	72	0	0	0	0	486	244	248	69	0	0	0	0	485
1374235873	016409	244	249	70	0	0	0	0	487	244	248	69	0	0	0	0	486
1374235873	509866	244	247	70	0	0	0	0	488	244	248	69	0	0	0	0	487
1374235874	003027	244	249	71	0	0	0	0	489	244	247	69	0	0	0	0	488
1374235874	496257	244	249	70	0	0	0	0	490	244	248	69	0	0	0	0	489
1374235874	989552	244	247	70	0	0	0	0	491	244	248	69	0	0	0	0	490
1374235875	480986	244	248	70	0	0	0	0	492	244	247	69	0	0	0	0	491
1374235875	972280	244	249	71	0	0	0	0	493	244	247	69	0	0	0	0	492
1374235876	465056	244	249	70	0	0	0	0	494	244	248	70	0	0	0	0	493
1374235876	958041	244	248	71	0	0	0	0	495	244	247	71	0	0	0	0	494
1374235877	451388	244	249	71	0	0	0	0	496	244	247	69	0	0	0	0	495
1374235877	944528	244	248	71	0	0	0	0	497	244	248	70	0	0	0	0	496
1374235878	435803	244	247	71	0	0	0	0	498	244	247	70	0	0	0	0	497
1374235878	929111	244	247	71	0	0	0	0	499	244	248	69	0	0	0	0	498
1374235879	421510	244	249	71	0	0	0	0	500	244	248	69	0	0	0	0	499
1374235879	913758	244	248	70	0	0	0	0	501	244	248	70	0	0	0	0	500
1374235880	407184	244	248	71	0	0	0	0	502	244	247	69	0	0	0	0	501
1374235880	900703	244	248	71	0	0	0	0	503	244	247	71	0	0	0	0	502
1374235881	393907	244	248	71	0	0	0	0	504	244	247	69	0	0	0	0	503
1374235881	887085	244	247	71	0	0	0	0	505	244	247	69	0	0	0	0	504
1374235882	379596	244	247	69	0	0	0	0	506	244	247	69	0	0	0	0	505
1374235882	872747	244	249	71	0	0	0	0	507	244	247	69	0	0	0	0	506
1374235883	366103	244	249	71	0	0	0	0	508	244	247	62	0	0	0	0	507
1374235883	859544	244	247	69	0	0	0	0	509	244	248	70	0	0	0	0	508
1374235884	352835	244	248	68	0	0	0	0	510	244	247	71	0	0	0	0	509
1374235884	847036	244	249	68	0	0	0	0	511	244	248	69	0	0	0	0	510
1374235885	339370	244	249	0	0	0	0	0	512	244	248	66	0	0	0	0	511
1374235885	832548	244	248	72	0	0	0	0	513	244	247	69	0	0	0	0	512
1374235886	325835	244	249	72	0	0	0	0	514	244	248	72	0	0	0	0	513
1374235886	818256	244	247	72	0	0	0	0	515	244	248	71	0	0	0	0	514
1374235887	310472	244	248	0	0	0	0	0	516	244	248	69	0	0	0	0	515
1374235887	802887	244	247	70	0	0	0	0	517	244	248	0	0	0	0	0	516
1374235888	297021	244	249	71	0	0	0	0	518	244	247	0	0	0	0	0	517
1374235888	790409	244	248	70	0	0	0	0	519	244	248	0	0	0	0	0	518
1374235889	283777	244	249	71	0	0	0	0	520	244	248	69	0	0	0	0	519
1374235889	776968	244	248	71	0	0	0	0	521	244	247	69	0	0	0	0	520
1374235890	270377	244	249	0	0	0	0	0	522	244	248	69	0	0	0	0	521
1374235890	763652	244	249	73	0	0	0	0	523	244	247	0	0	0	0	0	522
1374235891	256948	244	249	70	0	0	0	0	524	244	248	61	0	0	0	0	523
1374235891	749409	244	247	71	0	0	0	0	525	244	247	66	0	0	0	0	524
1374235892	242733	244	247	71	0	0	0	0	526	244	247	63	0	0	0	0	525
1374235892	734927	244	249	71	0	0	0	0	527	244	248	62	0	0	0	0	526
1374235893	229089	244	248	71	0	0	0	0	528	244	247	62	0	0	0	0	527
1374235893	721339	244	249	70	0	0	0	0	529	244	247	62	0	0	0	0	528
1374235894	214845	244	248	70	0	0	0	0	530	244	248	62	0	0	0	0	529
1374235894	708374	244	249	71	0	0	0	0	531	244	247	62	0	0	0	0	530
1374235895	201426	244	249	70	0	0	0	0	532	244	248	62	0	0	0	0	531
1374235895	693760	244	247	71	0	0	0	0	533	244	248	62	0	0	0	0	532
1374235896	189186	244	249	70	0	0	0	0	534	244	248	63	0	0	0	0	533
1374235896	682443	244	248	0	0	0	0	0	535	244	248	68	0	0	0	0	534
1374235897	174648	244	247	80	0	0	0	0	536	244	248	67	0	0	0	0	535
1374235897	668244	244	249	0	0	0	0	0	537	244	247	72	0	0	0	0	536
1374235898	161257	244	247	74	0	0	0	0	538	244	248	55	0	0	0	0	537
1374235898	653470	244	247	0	0	0	0	0	539	244	248	76	0	0	0	0	538
1374235899	145988	244	247	72	0	0	0	0	540	244	248	69	0	0	0	0	539
1374235899	638195	244	249	67	0	0	0	0	541	244	247	67	0	0	0	0	540
1374235900	131535	244	248	66	0	0	0	0	542	244	247	66	0	0	0	0	541
1374235900	625001	244	249	65	0	0	0	0	543	244	247	60	0	0	0	0	542
1374235901	118282	244	247	67	0	0	0	0	544	244	247	61	0	0	0	0	543
1374235901	611568	244	249	70	0	0	0	0	545	244	247	67	0	0	0	0	544
1374235902	105917	244	247	72	0	0	0	0	546	244	248	67	0	0	0	0	545
1374235902	599246	244	249	71	0	0	0	0	547	244	247	69	0	0	0	0	546
1374235903	092185	244	249	75	0	0	0	0	548	244	248	71	0	0	0	0	547
1374235903	583583	244	248	70	0	0	0	0	549	244	247	67	0	0	0	0	548
1374235904	075958	244	248	69	0	0	0	0	550	244	247	68	0	0	0	0	549
1374235904	569216	244	247	69	0	0	0	0	551	244	247	68	0	0	0	0	550
1374235905	062467	244	247	69	0	0	0	0	552	244	247	68	136	0	0	0	551
1374235905	554703	244	247	69	0	0	0	0	553	244	248	67	0	0	0	0	552
1374235906	048044	244	248	69	0	0	0	0	554	244	248	67	0	0	0	0	553
1374235906	541270	244	247	72	0	0	0	0	555	244	248	0	0	0	0	0	554
1374235907	033567	244	249	72	0	0	0	0	556	244	247	68	0	0	0	0	555
1374235907	526704	244	249	72	0	0	0	0	557	244	248	69	0	0	0	0	556
1374235908	017908	244	249	72	0	0	0	0	558	244	247	68	0	0	0	0	557
1374235908	510294	244	247	72	0	0	0	0	559	244	247	68	0	0	0	0	558
1374235909	003690	244	248	70	0	0	0	0	560	244	247	67	0	0	0	0	559
1374235909	496078	244	249	69	0	0	0	0	561	244	247	67	136	0	0	0	560
1374235909	989212	244	249	72	0	0	0	0	562	244	248	71	0	0	0	0	561
1374235910	481464	244	247	71	0	0	0	0	563	244	248	0	0	0	0	0	562
1374235910	974649	244	248	70	0	0	0	0	564	244	248	0	0	0	0	0	563
1374235911	467078	244	249	72	0	0	0	0	565	244	248	0	0	0	0	0	564
1374235911	960447	244	249	71	0	0	0	0	566	244	247	0	0	0	0	0	565
1374235912	451631	244	248	71	0	0	0	0	567	244	248	0	0	0	0	0	566
1374235912	943829	244	249	72	0	0	0	0	568	244	248	134	0	0	0	0	567
1374235913	437166	244	247	72	0	0	0	0	569	244	248	132	0	0	0	0	568
1374235913	930534	244	247	73	0	0	0	0	570	244	247	133	0	0	0	0	569
1374235914	422712	244	249	74	0	0	0	0	571	244	248	73	135	0	0	0	570
1374235914	916274	244	247	0	0	0	0	0	572	244	248	72	134	0	0	0	571
1374235915	410221	244	248	72	0	0	0	0	573	244	248	73	135	0	0	0	572
1374235915	903464	244	249	70	0	0	0	0	574	244	247	134	0	0	0	0	573
1374235916	395621	244	249	70	0	0	0	0	575	244	248	0	0	0	0	0	574
1374235916	888120	244	249	70	0	0	0	0	576	244	248	0	0	0	0	0	575
1374235917	381242	244	247	73	0	0	0	0	577	244	247	0	0	0	0	0	576
1374235917	873576	244	249	0	0	0	0	0	578	244	247	68	134	0	0	0	577
1374235918	364719	244	247	0	0	0	0	0	579	244	248	69	134	0	0	0	578
1374235918	858131	244	248	0	0	0	0	0	580	244	247	69	134	0	0	0	579
1374235919	351081	244	247	71	0	0	0	0	581	244	247	134	0	0	0	0	580
1374235919	843440	244	249	71	0	0	0	0	582	244	247	0	0	0	0	0	581
1374235920	335578	244	249	72	0	0	0	0	583	244	247	0	0	0	0	0	582
1374235920	826817	244	247	0	0	0	0	0	584	244	247	76	0	0	0	0	583
1374235921	320172	244	247	0	0	0	0	0	585	244	247	72	133	0	0	0	584
1374235921	812491	244	249	0	0	0	0	0	586	244	247	72	133	0	0	0	585
1374235922	303633	244	248	0	0	0	0	0	587	244	247	72	136	0	0	0	586
1374235922	796967	244	247	0	0	0	0	0	588	244	248	72	0	0	0	0	587
1374235923	291183	244	249	0	0	0	0	0	589	244	247	74	0	0	0	0	588
1374235923	785056	244	247	0	0	0	0	0	590	244	247	74	0	0	0	0	589
1374235924	276848	244	249	0	0	0	0	0	591	244	248	68	0	0	0	0	590
1374235924	771216	244	247	77	0	0	0	0	592	244	248	67	145	0	0	0	591
1374235925	263619	244	248	71	0	0	0	0	593	244	247	143	0	0	0	0	592
1374235925	756997	244	249	70	0	0	0	0	594	244	247	68	0	0	0	0	593
1374235926	250118	244	248	73	0	0	0	0	595	244	248	67	0	0	0	0	594
1374235926	743542	244	249	72	0	0	0	0	596	244	248	68	0	0	0	0	595
1374235927	236957	244	249	71	0	0	0	0	597	244	248	69	0	0	0	0	596
1374235927	730063	244	249	0	0	0	0	0	598	244	247	0	0	0	0	0	597
1374235928	224155	244	248	71	0	0	0	0	599	244	247	69	0	0	0	0	598
1374235928	717553	244	249	72	0	0	0	0	600	244	247	69	0	0	0	0	599
1374235929	210786	244	247	75	0	0	0	0	601	244	247	68	0	0	0	0	600
1374235929	704341	244	249	71	0	0	0	0	602	244	247	68	0	0	0	0	601
1374235930	197340	244	249	71	0	0	0	0	603	244	248	0	0	0	0	0	602
1374235930	690744	244	249	76	0	0	0	0	604	244	247	69	146	0	0	0	603
1374235931	184111	244	248	71	0	0	0	0	605	244	248	68	0	0	0	0	604
1374235931	677298	244	247	71	0	0	0	0	606	244	248	69	144	0	0	0	605
1374235932	169611	244	249	75	0	0	0	0	607	244	248	69	0	0	0	0	606
1374235932	662164	244	249	71	0	0	0	0	608	244	248	0	0	0	0	0	607
1374235933	155133	244	247	75	0	0	0	0	609	244	247	0	0	0	0	0	608
1374235933	647464	244	247	71	0	0	0	0	610	244	248	69	145	0	0	0	609
1374235934	140713	244	248	72	0	0	0	0	611	244	248	69	0	0	0	0	610
1374235934	633257	244	247	0	0	0	0	0	612	244	248	72	0	0	0	0	611
1374235935	125379	244	248	75	0	0	0	0	613	244	247	72	0	0	0	0	612
1374235935	618577	244	249	72	0	0	0	0	614	244	248	69	0	0	0	0	613
1374235936	110019	244	249	72	0	0	0	0	615	244	248	72	0	0	0	0	614
1374235936	602208	244	249	73	0	0	0	0	616	244	248	71	0	0	0	0	615
1374235937	094386	244	249	73	0	0	0	0	617	244	247	70	0	0	0	0	616
1374235937	585904	244	249	74	0	0	0	0	618	244	248	73	0	0	0	0	617
1374235938	078164	244	248	73	0	0	0	0	619	244	247	0	0	0	0	0	618
1374235938	571287	244	249	75	0	0	0	0	620	244	248	69	0	0	0	0	619
1374235939	064801	244	248	72	0	0	0	0	621	244	248	68	0	0	0	0	620
1374235939	557016	244	249	72	0	0	0	0	622	244	247	68	0	0	0	0	621
1374235940	050239	244	249	75	0	0	0	0	623	244	247	69	0	0	0	0	622
1374235940	542677	244	249	72	0	0	0	0	624	244	248	69	0	0	0	0	623
1374235941	035993	244	248	0	0	0	0	0	625	244	248	0	0	0	0	0	624
1374235941	529287	244	248	71	0	0	0	0	626	244	247	67	145	0	0	0	625
1374235942	023650	244	249	71	0	0	0	0	627	244	248	69	0	0	0	0	626
1374235942	515958	244	248	70	0	0	0	0	628	244	247	69	0	0	0	0	627
1374235943	008032	244	248	74	0	0	0	0	629	244	248	70	0	0	0	0	628
1374235943	500320	244	247	73	0	0	0	0	630	244	248	0	0	0	0	0	629
1374235943	992770	244	247	0	0	0	0	0	631	244	248	68	0	0	0	0	630
1374235944	486169	244	249	71	0	0	0	0	632	244	248	68	0	0	0	0	631
1374235944	979424	244	248	70	0	0	0	0	633	244	247	68	0	0	0	0	632
1374235945	472051	244	249	72	0	0	0	0	634	244	247	69	0	0	0	0	633
1374235945	965217	244	249	75	0	0	0	0	635	244	247	68	142	0	0	0	634
1374235946	458368	244	249	74	0	0	0	0	636	244	247	68	0	0	0	0	635
1374235946	951682	244	247	0	0	0	0	0	637	244	248	0	0	0	0	0	636
1374235947	443952	244	249	73	0	0	0	0	638	244	248	67	0	0	0	0	637
1374235947	936006	244	247	70	0	0	0	0	639	244	248	69	0	0	0	0	638
1374235948	427489	244	247	71	0	0	0	0	640	244	247	69	0	0	0	0	639
1374235948	919681	244	249	0	0	0	0	0	641	244	248	67	0	0	0	0	640
1374235949	412193	244	247	76	0	0	0	0	642	244	247	67	142	0	0	0	641
1374235949	905217	244	249	74	0	0	0	0	643	244	247	67	142	0	0	0	642
1374235950	398529	244	249	74	0	0	0	0	644	244	248	68	136	0	0	0	643
1374235950	891986	244	248	73	0	0	0	0	645	244	248	67	135	0	0	0	644
1374235951	385172	244	249	75	0	0	0	0	646	244	247	68	0	0	0	0	645
1374235951	877472	244	248	75	0	0	0	0	647	244	247	67	0	0	0	0	646
1374235952	370958	244	249	71	0	0	0	0	648	244	248	69	0	0	0	0	647
1374235952	863194	244	249	72	0	0	0	0	649	244	248	68	0	0	0	0	648
1374235953	356429	244	248	71	0	0	0	0	650	244	247	75	0	0	0	0	649
1374235953	849673	244	249	76	0	0	0	0	651	244	248	73	0	0	0	0	650
1374235954	343033	244	248	73	0	0	0	0	652	244	247	69	0	0	0	0	651
1374235954	835292	244	249	0	0	0	0	0	653	244	247	71	0	0	0	0	652
1374235955	327606	244	249	0	0	0	0	0	654	244	247	0	0	0	0	0	653
1374235955	821080	244	247	72	0	0	0	0	655	244	248	69	0	0	0	0	654
1374235956	314298	244	248	76	0	0	0	0	656	244	248	69	0	0	0	0	655
1374235956	807624	244	249	73	0	0	0	0	657	244	248	69	0	0	0	0	656
1374235957	301015	244	249	76	0	0	0	0	658	244	247	71	0	0	0	0	657
1374235957	794232	244	248	76	0	0	0	0	659	244	248	73	0	0	0	0	658
1374235958	287543	244	249	71	0	0	0	0	660	244	247	69	0	0	0	0	659
1374235958	780794	244	249	71	0	0	0	0	661	244	247	70	0	0	0	0	660
1374235959	273169	244	248	76	0	0	0	0	662	244	248	69	0	0	0	0	661
1374235959	766508	244	249	74	0	0	0	0	663	244	247	72	0	0	0	0	662
1374235960	259846	244	249	73	0	0	0	0	664	244	248	75	0	0	0	0	663
1374235960	753240	244	248	75	0	0	0	0	665	244	247	76	0	0	0	0	664
1374235961	246446	244	249	75	0	0	0	0	666	244	248	71	0	0	0	0	665
1374235961	739628	244	249	72	0	0	0	0	667	244	247	68	0	0	0	0	666
1374235962	232980	244	248	77	0	0	0	0	668	244	248	69	0	0	0	0	667
1374235962	726233	244	249	77	0	0	0	0	669	244	248	74	0	0	0	0	668
1374235963	218444	244	249	76	0	0	0	0	670	244	247	75	0	0	0	0	669
1374235963	710833	244	249	76	0	0	0	0	671	244	247	75	145	0	0	0	670
1374235964	204058	244	249	70	0	0	0	0	672	244	247	0	0	0	0	0	671
1374235964	697107	244	248	72	0	0	0	0	673	244	248	68	0	0	0	0	672
1374235965	189469	244	249	73	0	0	0	0	674	244	248	72	0	0	0	0	673
1374235965	681707	244	247	75	0	0	0	0	675	244	247	78	0	0	0	0	674
1374235966	173886	244	249	0	0	0	0	0	676	244	247	74	0	0	0	0	675
1374235966	665219	244	247	73	0	0	0	0	677	244	248	69	0	0	0	0	676
1374235967	157466	244	248	74	0	0	0	0	678	244	247	68	0	0	0	0	677
1374235967	650737	244	249	71	0	0	0	0	679	244	247	73	0	0	0	0	678
1374235968	142807	244	247	71	0	0	0	0	680	244	248	69	0	0	0	0	679
1374235968	635176	244	248	73	0	0	0	0	681	244	247	67	0	0	0	0	680
1374235969	126464	244	248	73	0	0	0	0	682	244	247	69	0	0	0	0	681
1374235969	618702	244	249	71	0	0	0	0	683	244	248	67	0	0	0	0	682
1374235970	111107	244	249	72	0	0	0	0	684	244	247	67	0	0	0	0	683
1374235970	603406	244	249	73	0	0	0	0	685	244	248	69	148	0	0	0	684
1374235971	095801	244	247	73	0	0	0	0	686	244	248	71	0	0	0	0	685
1374235971	588922	244	249	71	0	0	0	0	687	244	247	69	0	0	0	0	686
1374235972	082316	244	249	73	0	0	0	0	688	244	248	69	0	0	0	0	687
1374235972	575467	244	249	70	0	0	0	0	689	244	248	70	0	0	0	0	688
1374235973	067646	244	249	71	0	0	0	0	690	244	247	70	0	0	0	0	689
1374235973	561039	244	248	72	0	0	0	0	691	244	247	72	0	0	0	0	690
1374235974	054046	244	249	72	0	0	0	0	692	244	247	68	0	0	0	0	691
1374235974	546556	244	249	75	0	0	0	0	693	244	248	69	0	0	0	0	692
1374235975	037798	244	247	71	0	0	0	0	694	244	247	70	0	0	0	0	693
1374235975	530097	244	247	73	0	0	0	0	695	244	248	69	0	0	0	0	694
1374235976	022117	244	247	75	0	0	0	0	696	244	248	71	0	0	0	0	695
1374235976	515428	244	248	75	0	0	0	0	697	244	247	70	0	0	0	0	696
1374235977	007616	244	248	75	0	0	0	0	698	244	247	70	0	0	0	0	697
1374235977	500227	244	249	71	0	0	0	0	699	244	248	71	0	0	0	0	698
1374235977	992274	244	248	71	0	0	0	0	700	244	247	69	0	0	0	0	699
1374235978	485693	244	249	70	0	0	0	0	701	244	247	69	0	0	0	0	700
1374235978	977704	244	248	76	0	0	0	0	702	244	248	71	0	0	0	0	701
1374235979	470111	244	248	76	0	0	0	0	703	244	247	70	0	0	0	0	702
1374235979	962249	244	247	76	0	0	0	0	704	244	248	71	0	0	0	0	703
1374235980	455875	244	247	76	0	0	0	0	705	244	248	70	0	0	0	0	704
1374235980	949002	244	249	70	0	0	0	0	706	244	248	70	0	0	0	0	705
1374235981	442286	244	248	70	0	0	0	0	707	244	248	72	0	0	0	0	706
1374235981	935708	244	249	71	0	0	0	0	708	244	247	72	0	0	0	0	707
1374235982	427839	244	247	70	0	0	0	0	709	244	248	71	0	0	0	0	708
1374235982	922142	244	248	70	0	0	0	0	710	244	248	71	0	0	0	0	709
1374235983	414242	244	247	75	0	0	0	0	711	244	247	69	0	0	0	0	710
1374235983	907580	244	247	74	0	0	0	0	712	244	248	69	0	0	0	0	711
1374235984	399926	244	249	74	0	0	0	0	713	244	248	71	0	0	0	0	712
1374235984	894034	244	249	74	0	0	0	0	714	244	248	71	0	0	0	0	713
1374235985	387580	244	247	74	0	0	0	0	715	244	248	71	0	0	0	0	714
1374235985	880865	244	248	74	0	0	0	0	716	244	248	71	0	0	0	0	715
1374235986	374254	244	248	0	0	0	0	0	717	244	248	70	0	0	0	0	716
1374235986	868646	244	247	76	0	0	0	0	718	244	248	69	0	0	0	0	717
1374235987	361872	244	248	74	0	0	0	0	719	244	248	70	0	0	0	0	718
1374235987	853998	244	248	74	0	0	0	0	720	244	248	71	0	0	0	0	719
1374235988	347298	244	247	74	0	0	0	0	721	244	247	71	0	0	0	0	720
1374235988	840562	244	248	75	0	0	0	0	722	244	248	71	0	0	0	0	721
1374235989	334992	244	247	0	0	0	0	0	723	244	248	70	0	0	0	0	722
1374235989	828127	244	248	74	0	0	0	0	724	244	248	70	0	0	0	0	723
1374235990	321461	244	249	74	0	0	0	0	725	244	248	70	0	0	0	0	724
1374235990	814750	244	249	75	0	0	0	0	726	244	248	70	0	0	0	0	725
1374235991	307853	244	247	74	0	0	0	0	727	244	248	70	0	0	0	0	726
1374235991	800179	244	249	0	0	0	0	0	728	244	248	71	0	0	0	0	727
1374235992	293709	244	247	77	0	0	0	0	729	244	248	70	0	0	0	0	728
1374235992	785997	244	247	74	0	0	0	0	730	244	248	71	0	0	0	0	729
1374235993	278200	244	248	74	0	0	0	0	731	244	247	71	0	0	0	0	730
1374235993	771381	244	248	76	0	0	0	0	732	244	248	71	0	0	0	0	731
1374235994	264634	244	249	71	0	0	0	0	733	244	247	71	0	0	0	0	732
1374235994	757096	244	249	70	0	0	0	0	734	244	248	72	0	0	0	0	733
1374235995	250371	244	248	0	0	0	0	0	735	244	248	70	0	0	0	0	734
1374235995	743839	244	247	72	0	0	0	0	736	244	248	73	0	0	0	0	735
1374235996	237168	244	247	76	0	0	0	0	737	244	248	70	0	0	0	0	736
1374235996	730328	244	247	72	0	0	0	0	738	244	248	72	0	0	0	0	737
1374235997	222703	244	247	71	0	0	0	0	739	244	248	72	0	0	0	0	738
1374235997	715912	244	249	73	0	0	0	0	740	244	248	69	0	0	0	0	739
1374235998	209017	244	247	75	0	0	0	0	741	244	247	71	0	0	0	0	740
1374235998	701549	244	249	76	0	0	0	0	742	244	248	71	0	0	0	0	741
1374235999	194624	244	249	75	0	0	0	0	743	244	248	71	0	0	0	0	742
1374235999	687128	244	247	73	0	0	0	0	744	244	247	71	0	0	0	0	743
1374236000	180272	244	249	72	0	0	0	0	745	244	247	69	0	0	0	0	744
1374236000	671591	244	247	77	0	0	0	0	746	244	248	71	0	0	0	0	745
1374236001	164050	244	247	76	0	0	0	0	747	244	248	72	0	0	0	0	746
1374236001	657434	244	249	75	0	0	0	0	748	244	248	71	0	0	0	0	747
1374236002	149681	244	248	76	0	0	0	0	749	244	247	71	0	0	0	0	748
1374236002	643111	244	248	0	0	0	0	0	750	244	248	71	0	0	0	0	749
1374236003	135483	244	248	72	0	0	0	0	751	244	247	69	0	0	0	0	750
1374236003	628661	244	249	72	0	0	0	0	752	244	248	69	0	0	0	0	751
1374236004	121854	244	249	0	0	0	0	0	753	244	248	69	0	0	0	0	752
1374236004	615205	244	249	76	0	0	0	0	754	244	247	71	0	0	0	0	753
1374236005	108386	244	247	74	0	0	0	0	755	244	248	71	0	0	0	0	754
1374236005	602757	244	249	0	0	0	0	0	756	244	247	71	0	0	0	0	755
1374236006	096163	244	249	71	0	0	0	0	757	244	248	69	0	0	0	0	756
1374236006	589492	244	248	0	0	0	0	0	758	244	248	69	0	0	0	0	757
1374236007	081816	244	249	76	0	0	0	0	759	244	247	70	0	0	0	0	758
1374236007	576076	244	249	73	0	0	0	0	760	244	248	72	0	0	0	0	759
1374236008	070300	244	247	0	0	0	0	0	761	244	247	72	0	0	0	0	760
1374236008	562546	244	248	72	0	0	0	0	762	244	248	69	0	0	0	0	761
1374236009	055870	244	248	0	0	0	0	0	763	244	248	69	0	0	0	0	762
1374236009	550280	244	248	74	0	0	0	0	764	244	247	72	0	0	0	0	763
1374236010	044423	244	247	74	0	0	0	0	765	244	248	72	0	0	0	0	764
1374236010	535814	244	249	0	0	0	0	0	766	244	248	71	0	0	0	0	765
1374236011	030045	244	247	0	0	0	0	0	767	244	248	69	0	0	0	0	766
1374236011	523412	244	248	73	0	0	0	0	768	244	248	72	0	0	0	0	767
1374236012	016815	244	249	76	0	0	0	0	769	244	248	68	0	0	0	0	768
1374236012	509178	244	249	76	0	0	0	0	770	244	248	69	0	0	0	0	769
1374236013	001327	244	249	71	0	0	0	0	771	244	248	69	0	0	0	0	770
1374236013	493716	244	248	0	0	0	0	0	772	244	248	69	0	0	0	0	771
1374236013	987200	244	249	0	0	0	0	0	773	244	248	68	0	0	0	0	772
1374236014	480362	244	248	71	0	0	0	0	774	244	248	75	0	0	0	0	773
1374236014	973741	244	248	0	0	0	0	0	775	244	247	71	0	0	0	0	774
1374236015	467206	244	248	0	0	0	0	0	776	244	247	68	0	0	0	0	775
1374236015	960347	244	249	73	0	0	0	0	777	244	248	69	0	0	0	0	776
1374236016	453742	244	248	70	0	0	0	0	778	244	248	67	0	0	0	0	777
1374236016	947021	244	249	70	0	0	0	0	779	244	248	67	0	0	0	0	778
1374236017	440634	244	247	72	0	0	0	0	780	244	248	68	0	0	0	0	779
1374236017	934555	244	247	71	0	0	0	0	781	244	248	72	0	0	0	0	780
1374236018	426883	244	247	71	0	0	0	0	782	244	248	69	0	0	0	0	781
1374236018	919179	244	249	71	0	0	0	0	783	244	248	69	0	0	0	0	782
1374236019	412648	244	249	70	0	0	0	0	784	244	248	69	0	0	0	0	783
1374236019	905855	244	248	71	0	0	0	0	785	244	248	69	0	0	0	0	784
1374236020	400129	244	248	71	0	0	0	0	786	244	248	69	0	0	0	0	785
1374236020	892587	244	249	71	0	0	0	0	787	244	248	69	0	0	0	0	786
1374236021	385603	244	247	71	0	0	0	0	788	244	248	69	0	0	0	0	787
1374236021	878900	244	248	71	0	0	0	0	789	244	248	69	0	0	0	0	788
1374236022	372275	244	248	73	0	0	0	0	790	244	248	72	0	0	0	0	789
1374236022	864475	244	248	71	0	0	0	0	791	244	248	73	0	0	0	0	790
1374236023	357798	244	248	72	0	0	0	0	792	244	247	72	0	0	0	0	791
1374236023	850148	244	248	72	0	0	0	0	793	244	248	70	0	0	0	0	792
1374236024	343462	244	247	72	0	0	0	0	794	244	248	69	0	0	0	0	793
1374236024	836711	244	249	72	0	0	0	0	795	244	248	0	0	0	0	0	794
1374236025	330086	244	249	0	0	0	0	0	796	244	248	70	0	0	0	0	795
1374236025	823270	244	249	72	0	0	0	0	797	244	248	78	0	0	0	0	796
1374236026	314762	244	248	0	0	0	0	0	798	244	248	0	0	0	0	0	797
1374236026	807816	244	249	73	0	0	0	0	799	244	247	0	0	0	0	0	798
1374236027	300348	244	248	71	0	0	0	0	800	244	247	69	0	0	0	0	799
1374236027	793522	244	248	73	0	0	0	0	801	244	248	69	0	0	0	0	800
1374236028	286865	244	247	72	0	0	0	0	802	244	247	0	0	0	0	0	801
1374236028	780161	244	247	71	0	0	0	0	803	244	248	67	0	0	0	0	802
1374236029	272322	244	248	71	0	0	0	0	804	244	248	68	0	0	0	0	803
1374236029	764524	244	247	70	0	0	0	0	805	244	248	67	0	0	0	0	804
1374236030	257066	244	248	72	0	0	0	0	806	244	248	68	0	0	0	0	805
1374236030	749333	244	249	71	0	0	0	0	807	244	248	69	0	0	0	0	806
1374236031	241618	244	247	72	0	0	0	0	808	244	248	69	0	0	0	0	807
1374236031	733955	244	247	0	0	0	0	0	809	244	248	70	0	0	0	0	808
1374236032	227217	244	248	70	0	0	0	0	810	244	248	69	0	0	0	0	809
1374236032	719614	244	249	71	0	0	0	0	811	244	248	0	0	0	0	0	810
1374236033	212866	244	248	71	0	0	0	0	812	244	247	67	0	0	0	0	811
1374236033	706017	244	248	70	0	0	0	0	813	244	248	69	0	0	0	0	812
1374236034	198586	244	248	71	0	0	0	0	814	244	247	69	0	0	0	0	813
1374236034	691698	244	247	71	0	0	0	0	815	244	248	67	0	0	0	0	814
1374236035	184112	244	249	71	0	0	0	0	816	244	247	69	0	0	0	0	815
1374236035	677341	244	248	72	0	0	0	0	817	244	248	69	0	0	0	0	816
1374236036	215640	244	248	71	0	0	0	0	818	244	248	68	0	0	0	0	817
1374236036	708815	244	247	72	0	0	0	0	819	244	248	67	0	0	0	0	818
1374236037	200149	244	247	73	0	0	0	0	820	244	247	69	0	0	0	0	819
1374236037	693691	244	247	71	0	0	0	0	821	244	248	0	0	0	0	0	820
1374236038	186778	244	249	71	0	0	0	0	822	244	247	69	0	0	0	0	821
1374236038	680024	244	249	71	0	0	0	0	823	244	247	70	0	0	0	0	822
1374236039	173305	244	249	70	0	0	0	0	824	244	248	69	0	0	0	0	823
1374236039	664543	244	247	0	0	0	0	0	825	244	248	71	0	0	0	0	824
1374236040	157986	244	249	74	0	0	0	0	826	244	248	69	0	0	0	0	825
1374236040	651297	244	247	0	0	0	0	0	827	244	248	69	0	0	0	0	826
1374236041	144645	244	247	70	0	0	0	0	828	244	248	69	0	0	0	0	827
1374236041	637936	244	248	71	0	0	0	0	829	244	248	69	0	0	0	0	828
1374236042	132107	244	247	71	0	0	0	0	830	244	247	68	0	0	0	0	829
1374236042	625239	244	249	71	0	0	0	0	831	244	247	68	0	0	0	0	830
1374236043	119665	244	247	0	0	0	0	0	832	244	248	69	0	0	0	0	831
1374236043	612828	244	248	70	0	0	0	0	833	244	248	0	0	0	0	0	832
1374236044	106109	244	249	72	0	0	0	0	834	244	247	69	0	0	0	0	833
1374236044	599455	244	249	71	0	0	0	0	835	244	248	0	0	0	0	0	834
1374236045	092775	244	249	71	0	0	0	0	836	244	247	69	0	0	0	0	835
1374236045	585938	244	249	72	0	0	0	0	837	244	248	71	0	0	0	0	836
1374236046	079457	244	247	70	0	0	0	0	838	244	248	0	0	0	0	0	837
1374236046	572672	244	247	71	0	0	0	0	839	244	248	0	0	0	0	0	838
1374236047	066036	244	248	72	0	0	0	0	840	244	248	0	0	0	0	0	839
1374236047	558204	244	247	71	0	0	0	0	841	244	248	71	0	0	0	0	840
1374236048	050477	244	247	73	0	0	0	0	842	244	248	69	0	0	0	0	841
1374236048	542675	244	248	71	0	0	0	0	843	244	248	69	0	0	0	0	842
1374236049	035946	244	247	70	0	0	0	0	844	244	248	0	0	0	0	0	843
1374236049	529228	244	248	70	0	0	0	0	845	244	248	72	0	0	0	0	844
1374236050	022753	244	249	72	0	0	0	0	846	244	247	68	0	0	0	0	845
1374236050	515932	244	247	0	0	0	0	0	847	244	248	71	0	0	0	0	846
1374236051	009260	244	247	72	0	0	0	0	848	244	247	68	0	0	0	0	847
1374236051	500566	244	249	72	0	0	0	0	849	244	248	69	0	0	0	0	848
1374236051	993920	244	247	71	0	0	0	0	850	244	247	72	0	0	0	0	849
1374236052	487280	244	248	71	0	0	0	0	851	244	248	71	0	0	0	0	850
1374236052	979307	244	249	71	0	0	0	0	852	244	248	69	0	0	0	0	851
1374236053	472769	244	249	72	0	0	0	0	853	244	248	67	0	0	0	0	852
1374236053	965830	244	249	71	0	0	0	0	854	244	248	67	0	0	0	0	853
1374236054	457344	244	247	71	0	0	0	0	855	244	248	67	0	0	0	0	854
1374236054	950481	244	249	71	0	0	0	0	856	244	248	67	0	0	0	0	855
1374236055	442899	244	248	71	0	0	0	0	857	244	248	72	0	0	0	0	856
1374236055	935186	244	249	71	0	0	0	0	858	244	247	70	0	0	0	0	857
1374236056	428616	244	249	71	0	0	0	0	859	244	248	68	0	0	0	0	858
1374236056	921737	244	247	71	0	0	0	0	860	244	248	71	0	0	0	0	859
1374236057	414211	244	248	72	0	0	0	0	861	244	248	70	0	0	0	0	860
1374236057	908375	244	249	71	0	0	0	0	862	244	248	71	0	0	0	0	861
1374236058	400680	244	249	72	0	0	0	0	863	244	248	69	0	0	0	0	862
1374236058	894001	244	249	70	0	0	0	0	864	244	248	71	0	0	0	0	863
1374236059	387466	244	247	70	0	0	0	0	865	244	247	67	0	0	0	0	864
1374236059	880616	244	248	72	0	0	0	0	866	244	248	73	0	0	0	0	865
1374236060	373946	244	247	72	0	0	0	0	867	244	248	0	0	0	0	0	866
1374236060	867232	244	248	71	0	0	0	0	868	244	248	0	0	0	0	0	867
1374236061	360482	244	249	70	0	0	0	0	869	244	248	73	0	0	0	0	868
1374236061	852824	244	247	72	0	0	0	0	870	244	247	71	0	0	0	0	869
1374236062	346297	244	249	70	0	0	0	0	871	244	248	74	0	0	0	0	870
1374236062	839540	244	249	71	0	0	0	0	872	244	248	69	0	0	0	0	871
1374236063	332775	244	249	71	0	0	0	0	873	244	248	69	0	0	0	0	872
1374236063	825165	244	247	73	0	0	0	0	874	244	248	72	0	0	0	0	873
1374236064	317530	244	247	71	0	0	0	0	875	244	248	69	0	0	0	0	874
1374236064	809845	244	249	71	0	0	0	0	876	244	248	73	0	0	0	0	875
1374236065	303168	244	248	73	0	0	0	0	877	244	248	0	0	0	0	0	876
1374236065	796548	244	247	75	0	0	0	0	878	244	248	0	0	0	0	0	877
1374236066	287964	244	249	71	0	0	0	0	879	244	248	69	0	0	0	0	878
1374236066	781310	244	249	71	0	0	0	0	880	244	248	68	0	0	0	0	879
1374236067	275290	244	249	72	0	0	0	0	881	244	248	69	0	0	0	0	880
1374236067	768543	244	249	71	0	0	0	0	882	244	247	70	0	0	0	0	881
1374236068	261004	244	247	72	0	0	0	0	883	244	247	67	0	0	0	0	882
1374236068	754194	244	249	72	0	0	0	0	884	244	248	67	0	0	0	0	883
1374236069	247627	244	247	71	0	0	0	0	885	244	248	0	0	0	0	0	884
1374236069	740029	244	249	72	0	0	0	0	886	244	248	67	0	0	0	0	885
1374236070	232331	244	247	72	0	0	0	0	887	244	248	69	0	0	0	0	886
1374236070	725546	244	249	71	0	0	0	0	888	244	248	70	0	0	0	0	887
1374236071	218885	244	249	71	0	0	0	0	889	244	248	72	0	0	0	0	888
1374236071	712184	244	248	71	0	0	0	0	890	244	248	69	0	0	0	0	889
1374236072	205411	244	249	72	0	0	0	0	891	244	248	67	0	0	0	0	890
1374236072	699623	244	247	71	0	0	0	0	892	244	248	67	0	0	0	0	891
1374236073	192152	244	248	72	0	0	0	0	893	244	247	67	0	0	0	0	892
1374236073	684247	244	249	72	0	0	0	0	894	244	248	0	0	0	0	0	893
1374236074	178472	244	248	70	0	0	0	0	895	244	248	0	0	0	0	0	894
1374236074	671751	244	249	72	0	0	0	0	896	244	248	135	0	0	0	0	895
1374236075	165144	244	247	71	0	0	0	0	897	244	248	67	0	0	0	0	896
1374236075	658607	244	249	71	0	0	0	0	898	244	248	67	0	0	0	0	897
1374236076	151999	244	249	72	0	0	0	0	899	244	248	0	0	0	0	0	898
1374236076	645083	244	249	72	0	0	0	0	900	244	247	73	0	0	0	0	899
1374236077	137550	244	249	73	0	0	0	0	901	244	247	70	0	0	0	0	900
1374236077	630797	244	248	71	0	0	0	0	902	244	248	69	0	0	0	0	901
1374236078	123979	244	247	71	0	0	0	0	903	244	247	68	0	0	0	0	902
1374236078	616123	244	248	72	0	0	0	0	904	244	247	68	0	0	0	0	903
1374236079	107792	244	249	70	0	0	0	0	905	244	247	67	0	0	0	0	904
1374236079	600822	244	247	70	0	0	0	0	906	244	248	67	0	0	0	0	905
1374236080	093104	244	247	70	0	0	0	0	907	244	247	67	0	0	0	0	906
1374236080	586657	244	248	73	0	0	0	0	908	244	248	68	0	0	0	0	907
1374236081	079883	244	248	70	0	0	0	0	909	244	248	67	0	0	0	0	908
1374236081	573158	244	249	70	0	0	0	0	910	244	247	67	0	0	0	0	909
1374236082	066448	244	247	70	0	0	0	0	911	244	248	67	0	0	0	0	910
1374236082	559785	244	249	74	0	0	0	0	912	244	247	68	0	0	0	0	911
1374236083	052882	244	247	71	0	0	0	0	913	244	247	68	0	0	0	0	912
1374236083	546318	244	248	72	0	0	0	0	914	244	247	68	0	0	0	0	913
1374236084	039413	244	247	71	0	0	0	0	915	244	248	0	0	0	0	0	914
1374236084	532865	244	247	73	0	0	0	0	916	244	247	68	0	0	0	0	915
1374236085	026259	244	249	72	0	0	0	0	917	244	247	69	0	0	0	0	916
1374236085	518537	244	247	73	0	0	0	0	918	244	247	0	0	0	0	0	917
1374236086	012060	244	247	71	0	0	0	0	919	244	248	69	0	0	0	0	918
1374236086	505133	244	249	71	0	0	0	0	920	244	248	0	0	0	0	0	919
1374236086	998431	244	247	72	0	0	0	0	921	244	247	71	0	0	0	0	920
1374236087	491936	244	247	72	0	0	0	0	922	244	248	69	0	0	0	0	921
1374236087	983967	244	249	72	0	0	0	0	923	244	248	69	0	0	0	0	922
1374236088	475550	244	249	72	0	0	0	0	924	244	248	69	0	0	0	0	923
1374236088	967871	244	247	72	0	0	0	0	925	244	247	69	0	0	0	0	924
1374236089	460068	244	249	71	0	0	0	0	926	244	248	69	0	0	0	0	925
1374236089	951132	244	247	72	0	0	0	0	927	244	247	71	0	0	0	0	926
1374236090	445456	244	248	72	0	0	0	0	928	244	248	0	0	0	0	0	927
1374236090	938851	244	249	71	0	0	0	0	929	244	248	0	0	0	0	0	928
1374236091	432197	244	249	73	0	0	0	0	930	244	248	71	0	0	0	0	929
1374236091	924447	244	249	74	0	0	0	0	931	244	247	0	0	0	0	0	930
1374236092	416650	244	249	72	0	0	0	0	932	244	248	70	0	0	0	0	931
1374236092	908957	244	247	72	0	0	0	0	933	244	248	0	0	0	0	0	932
1374236093	399272	244	248	71	0	0	0	0	934	244	247	0	0	0	0	0	933
1374236093	891538	244	249	71	0	0	0	0	935	244	248	69	0	0	0	0	934
1374236094	384094	244	249	71	0	0	0	0	936	244	248	0	0	0	0	0	935
1374236094	877385	244	248	72	0	0	0	0	937	244	247	0	0	0	0	0	936
1374236095	369458	244	249	71	0	0	0	0	938	244	247	74	0	0	0	0	937
1374236095	861843	244	249	71	0	0	0	0	939	244	247	0	0	0	0	0	938
1374236096	353338	244	249	71	0	0	0	0	940	244	248	0	0	0	0	0	939
1374236096	845630	244	249	74	0	0	0	0	941	244	248	0	0	0	0	0	940
1374236097	337997	244	248	72	0	0	0	0	942	244	247	71	0	0	0	0	941
1374236097	831227	244	249	0	0	0	0	0	943	244	248	71	0	0	0	0	942
1374236098	323389	244	247	74	0	0	0	0	944	244	247	0	0	0	0	0	943
1374236098	816756	244	247	72	0	0	0	0	945	244	247	0	0	0	0	0	944
1374236099	309135	244	248	70	0	0	0	0	946	244	248	72	0	0	0	0	945
1374236099	802364	244	249	73	0	0	0	0	947	244	247	0	0	0	0	0	946
1374236100	296561	244	249	71	0	0	0	0	948	244	248	0	0	0	0	0	947
1374236100	789921	244	247	71	0	0	0	0	949	244	248	0	0	0	0	0	948
1374236101	283116	244	249	71	0	0	0	0	950	244	247	0	0	0	0	0	949
1374236101	777263	244	249	71	0	0	0	0	951	244	248	0	0	0	0	0	950
1374236102	268344	244	249	75	0	0	0	0	952	244	248	0	0	0	0	0	951
1374236102	760674	244	247	72	0	0	0	0	953	244	247	70	0	0	0	0	952
1374236103	251803	244	249	74	0	0	0	0	954	244	247	0	0	0	0	0	953
1374236103	745100	244	248	74	0	0	0	0	955	244	248	71	0	0	0	0	954
1374236104	238328	244	249	73	0	0	0	0	956	244	248	70	0	0	0	0	955
1374236104	731626	244	249	72	0	0	0	0	957	244	248	71	0	0	0	0	956
1374236105	225089	244	248	71	0	0	0	0	958	244	247	69	0	0	0	0	957
1374236105	717376	244	247	74	0	0	0	0	959	244	247	81	0	0	0	0	958
1374236106	211544	244	248	74	0	0	0	0	960	244	247	70	0	0	0	0	959
1374236106	704817	244	248	72	0	0	0	0	961	244	248	69	0	0	0	0	960
1374236107	197124	244	248	71	0	0	0	0	962	244	247	69	0	0	0	0	961
1374236107	691583	244	248	71	0	0	0	0	963	244	247	0	0	0	0	0	962
1374236108	184305	244	247	75	0	0	0	0	964	244	247	68	0	0	0	0	963
1374236108	677483	244	249	73	0	0	0	0	965	244	247	69	0	0	0	0	964
1374236109	171138	244	249	73	0	0	0	0	966	244	247	0	0	0	0	0	965
1374236109	663422	244	249	73	0	0	0	0	967	244	248	0	0	0	0	0	966
1374236110	157634	244	248	73	0	0	0	0	968	244	248	69	0	0	0	0	967
1374236110	651800	244	247	73	0	0	0	0	969	244	247	0	0	0	0	0	968
1374236111	145903	244	248	71	0	0	0	0	970	244	247	76	0	0	0	0	969
1374236111	638197	244	247	72	0	0	0	0	971	244	247	69	0	0	0	0	970
1374236112	130547	244	249	73	0	0	0	0	972	244	248	0	0	0	0	0	971
1374236112	623736	244	247	73	0	0	0	0	973	244	247	0	0	0	0	0	972
1374236113	117010	244	247	74	0	0	0	0	974	244	247	69	0	0	0	0	973
1374236113	610333	244	249	73	0	0	0	0	975	244	248	0	0	0	0	0	974
1374236114	103617	244	248	72	0	0	0	0	976	244	248	69	0	0	0	0	975
1374236114	596872	244	249	73	0	0	0	0	977	244	248	75	0	0	0	0	976
1374236115	090195	244	247	72	0	0	0	0	978	244	247	69	0	0	0	0	977
1374236115	582531	244	247	71	0	0	0	0	979	244	248	0	0	0	0	0	978
1374236116	075128	244	248	71	0	0	0	0	980	244	248	0	0	0	0	0	979
1374236116	568189	244	247	73	0	0	0	0	981	244	247	67	0	0	0	0	980
1374236117	059536	244	248	73	0	0	0	0	982	244	248	69	0	0	0	0	981
1374236117	552740	244	248	71	0	0	0	0	983	244	248	70	0	0	0	0	982
1374236118	044940	244	247	74	0	0	0	0	984	244	247	68	0	0	0	0	983
1374236118	537301	244	247	71	0	0	0	0	985	244	248	70	0	0	0	0	984
1374236119	030510	244	248	74	0	0	0	0	986	244	247	67	0	0	0	0	985
1374236119	522802	244	247	73	0	0	0	0	987	244	248	68	0	0	0	0	986
1374236120	015147	244	248	73	0	0	0	0	988	244	247	68	0	0	0	0	987
1374236120	508532	244	248	72	0	0	0	0	989	244	248	68	0	0	0	0	988
1374236121	001878	244	249	73	0	0	0	0	990	244	248	0	0	0	0	0	989
1374236121	496093	244	248	73	0	0	0	0	991	244	247	68	0	0	0	0	990
1374236121	989376	244	247	0	0	0	0	0	992	244	247	67	0	0	0	0	991
1374236122	480744	244	247	74	0	0	0	0	993	244	248	68	0	0	0	0	992
1374236122	972970	244	248	72	0	0	0	0	994	244	248	67	0	0	0	0	993
1374236123	467259	244	247	72	0	0	0	0	995	244	247	68	0	0	0	0	994
1374236123	960469	244	249	73	0	0	0	0	996	244	247	69	0	0	0	0	995
1374236124	453847	244	247	0	0	0	0	0	997	244	248	0	0	0	0	0	996
1374236124	947309	244	248	72	0	0	0	0	998	244	247	68	0	0	0	0	997
1374236125	440603	244	249	74	0	0	0	0	999	244	248	67	0	0	0	0	998
1374236125	932806	244	249	75	0	0	0	0	1000	244	247	69	0	0	0	0	999
1374236126	425161	244	247	72	0	0	0	0	1001	244	248	69	0	0	0	0	1000
1374236126	918401	244	247	72	0	0	0	0	1002	244	247	0	0	0	0	0	1001
1374236127	410830	244	247	74	0	0	0	0	1003	244	248	0	0	0	0	0	1002
1374236127	902967	244	249	72	0	0	0	0	1004	244	248	68	0	0	0	0	1003
1374236128	395360	244	248	73	0	0	0	0	1005	244	248	68	0	0	0	0	1004
1374236128	888802	244	247	75	0	0	0	0	1006	244	247	83	0	0	0	0	1005
1374236129	381948	244	249	0	0	0	0	0	1007	244	248	0	0	0	0	0	1006
1374236129	875212	244	249	72	0	0	0	0	1008	244	248	69	0	0	0	0	1007
1374236130	368437	244	247	72	0	0	0	0	1009	244	247	70	0	0	0	0	1008
1374236130	861841	244	249	0	0	0	0	0	1010	244	247	83	0	0	0	0	1009
1374236131	355017	244	247	0	0	0	0	0	1011	244	248	68	0	0	0	0	1010
1374236131	847391	244	249	74	0	0	0	0	1012	244	248	69	0	0	0	0	1011
1374236132	340848	244	249	71	0	0	0	0	1013	244	248	69	0	0	0	0	1012
1374236132	833055	244	249	72	0	0	0	0	1014	244	247	68	0	0	0	0	1013
1374236133	325237	244	247	0	0	0	0	0	1015	244	248	65	0	0	0	0	1014
1374236133	818569	244	249	0	0	0	0	0	1016	244	247	60	0	0	0	0	1015
1374236134	312035	244	249	0	0	0	0	0	1017	244	247	50	0	0	0	0	1016
1374236134	806133	244	247	0	0	0	0	0	1018	244	247	47	0	0	0	0	1017
1374236135	298531	244	247	0	0	0	0	0	1019	244	247	44	0	0	0	0	1018
1374236135	791707	244	247	0	0	0	0	0	1020	244	247	42	0	0	0	0	1019
1374236136	284965	244	248	0	0	0	0	0	1021	244	247	41	0	0	0	0	1020
1374236136	777381	244	248	0	0	0	0	0	1022	244	247	40	0	0	0	0	1021
1374236137	270676	244	247	0	0	0	0	0	1023	244	247	55	0	0	0	0	1022
1374236137	764055	244	248	0	0	0	0	0	1024	244	247	57	0	0	0	0	1023
1374236138	259605	244	249	0	0	0	0	0	1025	244	247	55	0	0	0	0	1024
1374236138	750678	244	249	0	0	0	0	0	1026	244	247	56	0	0	0	0	1025
1374236139	242977	244	247	0	0	0	0	0	1027	244	247	55	0	0	0	0	1026
1374236139	736174	244	248	0	0	0	0	0	1028	244	247	58	0	0	0	0	1027
1374236140	228599	244	249	0	0	0	0	0	1029	244	247	102	0	0	0	0	1028
1374236140	721563	244	247	0	0	0	0	0	1030	244	247	39	105	0	0	0	1029
1374236141	214995	244	248	0	0	0	0	0	1031	244	247	40	0	0	0	0	1030
1374236141	708198	244	247	0	0	0	0	0	1032	244	248	40	112	0	0	0	1031
1374236142	201624	244	249	0	0	0	0	0	1033	244	247	40	0	0	0	0	1032
1374236142	694840	244	249	0	0	0	0	0	1034	244	247	39	101	0	0	0	1033
1374236143	188995	244	247	0	0	0	0	0	1035	244	247	39	101	0	0	0	1034
1374236143	682372	244	249	0	0	0	0	0	1036	244	247	39	101	0	0	0	1035
1374236144	175719	244	249	0	0	0	0	0	1037	244	247	39	0	0	0	0	1036
1374236144	669144	244	249	0	0	0	0	0	1038	244	247	39	0	0	0	0	1037
1374236145	161532	244	249	0	0	0	0	0	1039	244	247	39	110	0	0	0	1038
1374236145	653802	244	249	0	0	0	0	0	1040	244	247	39	104	0	0	0	1039
1374236146	146859	244	249	0	0	0	0	0	1041	244	247	40	0	0	0	0	1040
1374236146	639208	244	248	0	0	0	0	0	1042	244	247	40	0	0	0	0	1041
1374236147	132653	244	249	0	0	0	0	0	1043	244	247	40	0	0	0	0	1042
1374236147	624850	244	249	0	0	0	0	0	1044	244	247	41	0	0	0	0	1043
1374236148	117818	244	247	0	0	0	0	0	1045	244	247	40	0	0	0	0	1044
1374236148	611242	244	248	0	0	0	0	0	1046	244	247	40	0	0	0	0	1045
1374236149	103715	244	248	0	0	0	0	0	1047	244	247	40	102	0	0	0	1046
1374236149	595730	244	249	0	0	0	0	0	1048	244	247	40	102	0	0	0	1047
1374236150	088968	244	249	0	0	0	0	0	1049	244	247	40	111	0	0	0	1048
1374236150	582255	244	247	0	0	0	0	0	1050	244	247	40	102	0	0	0	1049
1374236151	075325	244	248	0	0	0	0	0	1051	244	247	42	110	0	0	0	1050
1374236151	568578	244	249	0	0	0	0	0	1052	244	247	41	102	0	0	0	1051
1374236152	061845	244	249	0	0	0	0	0	1053	244	247	41	102	0	0	0	1052
1374236152	555110	244	248	57	0	0	0	0	1054	244	247	41	102	0	0	0	1053
1374236153	048261	244	247	56	0	0	0	0	1055	244	247	41	0	0	0	0	1054
1374236153	540672	244	247	0	0	0	0	0	1056	244	247	41	0	0	0	0	1055
1374236154	034004	244	249	57	0	0	0	0	1057	244	247	40	0	0	0	0	1056
1374236154	526347	244	248	0	0	0	0	0	1058	244	247	40	102	0	0	0	1057
1374236155	020402	244	247	0	0	0	0	0	1059	244	247	40	0	0	0	0	1058
1374236155	511899	244	248	58	0	0	0	0	1060	244	247	41	0	0	0	0	1059
1374236156	005136	244	247	0	0	0	0	0	1061	244	247	40	103	0	0	0	1060
1374236156	497724	244	249	0	0	0	0	0	1062	244	247	40	110	0	0	0	1061
1374236156	991049	244	249	0	0	0	0	0	1063	244	247	40	113	0	0	0	1062
1374236157	484076	244	247	0	0	0	0	0	1064	244	247	40	112	0	0	0	1063
1374236157	976413	244	249	0	0	0	0	0	1065	244	247	40	0	0	0	0	1064
1374236158	467927	244	247	0	0	0	0	0	1066	244	247	40	0	0	0	0	1065
1374236158	961104	244	247	0	0	0	0	0	1067	244	247	40	104	0	0	0	1066
1374236159	454480	244	247	0	0	0	0	0	1068	244	247	40	0	0	0	0	1067
1374236159	947757	244	249	0	0	0	0	0	1069	244	247	40	103	0	0	0	1068
1374236160	439052	244	248	57	0	0	0	0	1070	244	247	40	0	0	0	0	1069
1374236160	932381	244	248	0	0	0	0	0	1071	244	247	41	0	0	0	0	1070
1374236161	425669	244	248	0	0	0	0	0	1072	244	247	41	0	0	0	0	1071
1374236161	918834	244	247	0	0	0	0	0	1073	244	247	40	104	0	0	0	1072
1374236162	411039	244	249	0	0	0	0	0	1074	244	247	40	0	0	0	0	1073
1374236162	904254	244	248	0	0	0	0	0	1075	244	247	40	0	0	0	0	1074
1374236163	395646	244	249	0	0	0	0	0	1076	244	247	40	0	0	0	0	1075
1374236163	890049	244	247	0	0	0	0	0	1077	244	247	41	0	0	0	0	1076
1374236164	383218	244	247	0	0	0	0	0	1078	244	247	40	106	0	0	0	1077
1374236164	876354	244	248	0	0	0	0	0	1079	244	247	40	0	0	0	0	1078
1374236165	367690	244	249	0	0	0	0	0	1080	244	247	40	107	0	0	0	1079
1374236165	860029	244	249	0	0	0	0	0	1081	244	247	40	109	0	0	0	1080
1374236166	354226	244	249	0	0	0	0	0	1082	244	247	40	108	0	0	0	1081
1374236166	847624	244	247	0	0	0	0	0	1083	244	247	40	0	0	0	0	1082
1374236167	340802	244	249	0	0	0	0	0	1084	244	247	41	107	0	0	0	1083
1374236167	834229	244	248	0	0	0	0	0	1085	244	247	40	107	0	0	0	1084
1374236168	326483	244	247	57	0	0	0	0	1086	244	247	41	108	0	0	0	1085
1374236168	819707	244	249	0	0	0	0	0	1087	244	247	40	0	0	0	0	1086
1374236169	312952	244	249	0	0	0	0	0	1088	244	247	40	102	0	0	0	1087
1374236169	806388	244	249	57	0	0	0	0	1089	244	247	40	102	0	0	0	1088
1374236170	299552	244	249	56	0	0	0	0	1090	244	247	40	0	0	0	0	1089
1374236170	793769	244	249	56	0	0	0	0	1091	244	247	41	0	0	0	0	1090
1374236171	286304	244	249	56	0	0	0	0	1092	244	247	40	0	0	0	0	1091
1374236171	778450	244	247	0	0	0	0	0	1093	244	247	40	0	0	0	0	1092
1374236172	270863	244	247	0	0	0	0	0	1094	244	247	41	108	0	0	0	1093
1374236172	764187	244	248	0	0	0	0	0	1095	244	247	41	0	0	0	0	1094
1374236173	257359	244	248	0	0	0	0	0	1096	244	247	41	0	0	0	0	1095
1374236173	750794	244	247	0	0	0	0	0	1097	244	247	41	0	0	0	0	1096
1374236174	244161	244	249	0	0	0	0	0	1098	244	247	41	0	0	0	0	1097
1374236174	737355	244	248	0	0	0	0	0	1099	244	247	41	0	0	0	0	1098
1374236175	229677	244	248	57	0	0	0	0	1100	244	247	41	109	0	0	0	1099
1374236175	722903	244	249	0	0	0	0	0	1101	244	247	41	0	0	0	0	1100
1374236176	216296	244	247	56	0	0	0	0	1102	244	247	42	0	0	0	0	1101
1374236176	708608	244	248	56	0	0	0	0	1103	244	247	42	107	0	0	0	1102
1374236177	201857	244	248	56	0	0	0	0	1104	244	247	42	108	0	0	0	1103
1374236177	695032	244	248	57	0	0	0	0	1105	244	247	41	109	0	0	0	1104
1374236178	188508	244	247	0	0	0	0	0	1106	244	247	42	107	0	0	0	1105
1374236178	681675	244	247	0	0	0	0	0	1107	244	247	42	110	0	0	0	1106
1374236179	175072	244	247	0	0	0	0	0	1108	244	247	42	0	0	0	0	1107
1374236179	668280	244	249	0	0	0	0	0	1109	244	247	42	0	0	0	0	1108
1374236180	160429	244	247	0	0	0	0	0	1110	244	247	42	0	0	0	0	1109
1374236180	651965	244	248	0	0	0	0	0	1111	244	247	42	0	0	0	0	1110
1374236181	145299	244	247	0	0	0	0	0	1112	244	247	42	0	0	0	0	1111
1374236181	638648	244	247	0	0	0	0	0	1113	244	247	42	107	0	0	0	1112
1374236182	131912	244	247	136	0	0	0	0	1114	244	247	42	108	0	0	0	1113
1374236182	625162	244	247	0	0	0	0	0	1115	244	247	42	107	0	0	0	1114
1374236183	118428	244	247	0	0	0	0	0	1116	244	247	42	0	0	0	0	1115
1374236183	611733	244	248	0	0	0	0	0	1117	244	247	41	107	0	0	0	1116
1374236184	104898	244	247	0	0	0	0	0	1118	244	247	42	0	0	0	0	1117
1374236184	596456	244	247	57	0	0	0	0	1119	244	247	41	107	0	0	0	1118
1374236185	088487	244	248	0	0	0	0	0	1120	244	247	41	0	0	0	0	1119
1374236185	579914	244	247	0	0	0	0	0	1121	244	247	40	0	0	0	0	1120
1374236186	072301	244	249	0	0	0	0	0	1122	244	248	41	0	0	0	0	1121
1374236186	565598	244	247	0	0	0	0	0	1123	244	247	40	0	0	0	0	1122
1374236187	057854	244	249	0	0	0	0	0	1124	244	247	40	0	0	0	0	1123
1374236187	550297	244	249	0	0	0	0	0	1125	244	247	40	0	0	0	0	1124
1374236188	041523	244	249	0	0	0	0	0	1126	244	247	40	0	0	0	0	1125
1374236188	533052	244	247	0	0	0	0	0	1127	244	247	40	0	0	0	0	1126
1374236189	026577	244	249	0	0	0	0	0	1128	244	247	40	0	0	0	0	1127
1374236189	518497	244	247	0	0	0	0	0	1129	244	247	40	0	0	0	0	1128
1374236190	010772	244	249	0	0	0	0	0	1130	244	247	40	0	0	0	0	1129
1374236190	503200	244	247	0	0	0	0	0	1131	244	247	40	107	0	0	0	1130
1374236190	996524	244	247	0	0	0	0	0	1132	244	247	39	106	0	0	0	1131
1374236191	488888	244	248	0	0	0	0	0	1133	244	247	39	107	0	0	0	1132
1374236191	982240	244	249	0	0	0	0	0	1134	244	247	40	106	0	0	0	1133
1374236192	475487	244	248	0	0	0	0	0	1135	244	247	39	105	0	0	0	1134
1374236192	967668	244	247	0	0	0	0	0	1136	244	247	39	108	0	0	0	1135
1374236193	460797	244	249	0	0	0	0	0	1137	244	247	39	109	0	0	0	1136
1374236193	954338	244	247	0	0	0	0	0	1138	244	247	39	0	0	0	0	1137
1374236194	447658	244	247	0	0	0	0	0	1139	244	247	40	104	0	0	0	1138
1374236194	939763	244	249	0	0	0	0	0	1140	244	247	40	106	0	0	0	1139
1374236195	433037	244	247	0	0	0	0	0	1141	244	248	38	0	0	0	0	1140
1374236195	926344	244	248	0	0	0	0	0	1142	244	247	39	0	0	0	0	1141
1374236196	419661	244	249	0	0	0	0	0	1143	244	247	39	0	0	0	0	1142
1374236196	913036	244	248	0	0	0	0	0	1144	244	247	38	107	0	0	0	1143
1374236197	406398	244	248	0	0	0	0	0	1145	244	247	38	107	0	0	0	1144
1374236197	898357	244	247	0	0	0	0	0	1146	244	247	39	107	0	0	0	1145
1374236198	390529	244	248	55	0	0	0	0	1147	244	247	38	0	0	0	0	1146
1374236198	883927	244	248	0	0	0	0	0	1148	244	247	43	108	0	0	0	1147
1374236199	376188	244	249	0	0	0	0	0	1149	244	247	45	0	0	0	0	1148
1374236199	869538	244	248	0	0	0	0	0	1150	244	247	46	0	0	0	0	1149
1374236200	362810	244	249	0	0	0	0	0	1151	244	247	46	0	0	0	0	1150
1374236200	855297	244	249	0	0	0	0	0	1152	244	247	45	0	0	0	0	1151
1374236201	348463	244	249	0	0	0	0	0	1153	244	247	45	0	0	0	0	1152
1374236201	841836	244	247	0	0	0	0	0	1154	244	247	45	0	0	0	0	1153
1374236202	335185	244	249	0	0	0	0	0	1155	244	247	45	0	0	0	0	1154
1374236202	828719	244	247	0	0	0	0	0	1156	244	247	45	107	0	0	0	1155
1374236203	321613	244	249	0	0	0	0	0	1157	244	247	45	107	0	0	0	1156
1374236203	814790	244	247	0	0	0	0	0	1158	244	247	45	107	0	0	0	1157
1374236204	307095	244	248	0	0	0	0	0	1159	244	247	45	0	0	0	0	1158
1374236204	800480	244	249	0	0	0	0	0	1160	244	247	45	0	0	0	0	1159
1374236205	292760	244	247	0	0	0	0	0	1161	244	247	45	107	0	0	0	1160
1374236205	786278	244	249	201	0	0	0	0	1162	244	247	47	0	0	0	0	1161
1374236206	279465	244	249	0	0	0	0	0	1163	244	247	45	0	0	0	0	1162
1374236206	772615	244	247	0	0	0	0	0	1164	244	247	44	0	0	0	0	1163
1374236207	266001	244	248	0	0	0	0	0	1165	244	247	44	0	0	0	0	1164
1374236207	759367	244	247	56	0	0	0	0	1166	244	247	43	0	0	0	0	1165
1374236208	259746	244	249	0	0	0	0	0	1167	244	247	43	0	0	0	0	1166
1374236208	753869	244	249	56	0	0	0	0	1168	244	247	44	0	0	0	0	1167
1374236209	247200	244	249	55	0	0	0	0	1169	244	247	43	0	0	0	0	1168
1374236209	740276	244	248	57	0	0	0	0	1170	244	247	44	0	0	0	0	1169
1374236210	232773	244	249	55	0	0	0	0	1171	244	247	45	0	0	0	0	1170
1374236210	726115	244	248	57	0	0	0	0	1172	244	248	46	0	0	0	0	1171
1374236211	219365	244	248	56	0	0	0	0	1173	244	247	57	0	0	0	0	1172
1374236211	712752	244	247	57	0	0	0	0	1174	244	247	56	0	0	0	0	1173
1374236212	205899	244	249	56	0	0	0	0	1175	244	247	46	0	0	0	0	1174
1374236212	698321	244	248	55	0	0	0	0	1176	244	247	57	0	0	0	0	1175
1374236213	190518	244	247	56	0	0	0	0	1177	244	247	58	0	0	0	0	1176
1374236213	682572	244	247	57	0	0	0	0	1178	244	247	58	0	0	0	0	1177
1374236214	175927	244	248	0	0	0	0	0	1179	244	247	46	0	0	0	0	1178
1374236214	667171	244	249	0	0	0	0	0	1180	244	247	58	0	0	0	0	1179
1374236215	160505	244	249	57	0	0	0	0	1181	244	247	45	0	0	0	0	1180
1374236215	653904	244	247	0	0	0	0	0	1182	244	247	58	0	0	0	0	1181
1374236216	147257	244	248	0	0	0	0	0	1183	244	247	58	0	0	0	0	1182
1374236216	639577	244	248	0	0	0	0	0	1184	244	247	45	0	0	0	0	1183
1374236217	131809	244	249	0	0	0	0	0	1185	244	247	60	0	0	0	0	1184
1374236217	625049	244	247	0	0	0	0	0	1186	244	247	58	0	0	0	0	1185
1374236218	118434	244	247	57	0	0	0	0	1187	244	247	45	0	0	0	0	1186
1374236218	611766	244	247	0	0	0	0	0	1188	244	247	45	0	0	0	0	1187
1374236219	105254	244	249	0	0	0	0	0	1189	244	247	44	0	0	0	0	1188
1374236219	599245	244	248	0	0	0	0	0	1190	244	247	44	112	0	0	0	1189
1374236220	092656	244	247	0	0	0	0	0	1191	244	247	44	113	0	0	0	1190
1374236220	585071	244	249	0	0	0	0	0	1192	244	247	43	113	0	0	0	1191
1374236221	077221	244	249	0	0	0	0	0	1193	244	247	43	0	0	0	0	1192
1374236221	570447	244	249	0	0	0	0	0	1194	244	247	56	0	0	0	0	1193
1374236222	063797	244	247	0	0	0	0	0	1195	244	247	55	0	0	0	0	1194
1374236222	556227	244	248	0	0	0	0	0	1196	244	247	56	0	0	0	0	1195
1374236223	048238	244	248	0	0	0	0	0	1197	244	247	56	0	0	0	0	1196
1374236223	539728	244	249	0	0	0	0	0	1198	244	247	56	0	0	0	0	1197
1374236224	033090	244	249	0	0	0	0	0	1199	244	248	56	0	0	0	0	1198
1374236224	527351	244	247	0	0	0	0	0	1200	244	247	56	0	0	0	0	1199
1374236225	020502	244	249	0	0	0	0	0	1201	244	247	45	0	0	0	0	1200
1374236225	514084	244	247	0	0	0	0	0	1202	244	247	54	0	0	0	0	1201
1374236226	006301	244	247	0	0	0	0	0	1203	244	247	44	0	0	0	0	1202
1374236226	499622	244	248	0	0	0	0	0	1204	244	247	44	0	0	0	0	1203
1374236226	993118	244	247	0	0	0	0	0	1205	244	247	44	0	0	0	0	1204
1374236227	486342	244	249	0	0	0	0	0	1206	244	247	44	0	0	0	0	1205
1374236227	978570	244	247	0	0	0	0	0	1207	244	247	44	0	0	0	0	1206
1374236228	471978	244	249	0	0	0	0	0	1208	244	247	45	0	0	0	0	1207
1374236228	965067	244	249	0	0	0	0	0	1209	244	247	44	0	0	0	0	1208
1374236229	457493	244	247	0	0	0	0	0	1210	244	247	44	0	0	0	0	1209
1374236229	950806	244	247	0	0	0	0	0	1211	244	247	45	0	0	0	0	1210
1374236230	444147	244	248	0	0	0	0	0	1212	244	247	45	0	0	0	0	1211
1374236230	937322	244	248	0	0	0	0	0	1213	244	247	44	0	0	0	0	1212
1374236231	428769	244	248	0	0	0	0	0	1214	244	247	44	0	0	0	0	1213
1374236231	921025	244	249	0	0	0	0	0	1215	244	247	44	0	0	0	0	1214
1374236232	413210	244	248	0	0	0	0	0	1216	244	247	44	0	0	0	0	1215
1374236232	904576	244	247	0	0	0	0	0	1217	244	247	44	0	0	0	0	1216
1374236233	396946	244	249	0	0	0	0	0	1218	244	247	45	118	0	0	0	1217
1374236233	890165	244	247	0	0	0	0	0	1219	244	247	44	0	0	0	0	1218
1374236234	382573	244	247	0	0	0	0	0	1220	244	247	45	0	0	0	0	1219
1374236234	874769	244	248	0	0	0	0	0	1221	244	247	44	0	0	0	0	1220
1374236235	368106	244	249	0	0	0	0	0	1222	244	247	44	0	0	0	0	1221
1374236235	861325	244	248	0	0	0	0	0	1223	244	247	53	0	0	0	0	1222
1374236236	353563	244	247	0	0	0	0	0	1224	244	247	45	0	0	0	0	1223
1374236236	846771	244	248	0	0	0	0	0	1225	244	247	45	0	0	0	0	1224
1374236237	338128	244	247	0	0	0	0	0	1226	244	247	0	0	0	0	0	1225
1374236237	832505	244	248	0	0	0	0	0	1227	244	247	0	0	0	0	0	1226
1374236238	324720	244	249	0	0	0	0	0	1228	244	247	0	0	0	0	0	1227
1374236238	817981	244	248	0	0	0	0	0	1229	244	247	41	0	0	0	0	1228
1374236239	310330	244	247	0	0	0	0	0	1230	244	247	0	0	0	0	0	1229
1374236239	802687	244	248	0	0	0	0	0	1231	244	247	44	112	0	0	0	1230
1374236240	295876	244	249	0	0	0	0	0	1232	244	247	44	0	0	0	0	1231
1374236240	787431	244	249	0	0	0	0	0	1233	244	247	44	0	0	0	0	1232
1374236241	280797	244	248	0	0	0	0	0	1234	244	247	44	111	0	0	0	1233
1374236241	774113	244	249	0	0	0	0	0	1235	244	247	54	0	0	0	0	1234
1374236242	266234	244	249	0	0	0	0	0	1236	244	247	44	110	0	0	0	1235
1374236242	759589	244	248	0	0	0	0	0	1237	244	247	43	113	0	0	0	1236
1374236243	252879	244	247	0	0	0	0	0	1238	244	247	44	110	0	0	0	1237
1374236243	746177	244	249	0	0	0	0	0	1239	244	247	43	111	0	0	0	1238
1374236244	238553	244	247	0	0	0	0	0	1240	244	247	55	0	0	0	0	1239
1374236244	731823	244	249	0	0	0	0	0	1241	244	247	54	0	0	0	0	1240
1374236245	225051	244	247	0	0	0	0	0	1242	244	247	54	0	0	0	0	1241
1374236245	718370	244	247	0	0	0	0	0	1243	244	246	40	0	0	0	0	1242
1374236246	211764	244	247	0	0	0	0	0	1244	244	247	40	0	0	0	0	1243
1374236246	705086	244	247	0	0	0	0	0	1245	244	247	40	113	0	0	0	1244
1374236247	198276	244	249	0	0	0	0	0	1246	244	247	40	112	0	0	0	1245
1374236247	691713	244	246	0	0	0	0	0	1247	244	247	41	0	0	0	0	1246
1374236248	184870	244	248	0	0	0	0	0	1248	244	247	41	0	0	0	0	1247
1374236248	677132	244	249	0	0	0	0	0	1249	244	247	40	0	0	0	0	1248
1374236249	170483	244	248	0	0	0	0	0	1250	244	247	40	0	0	0	0	1249
1374236249	663800	244	248	0	0	0	0	0	1251	244	247	40	0	0	0	0	1250
1374236250	156216	244	249	0	0	0	0	0	1252	244	247	40	0	0	0	0	1251
1374236250	649428	244	248	0	0	0	0	0	1253	244	247	40	0	0	0	0	1252
1374236251	142696	244	248	0	0	0	0	0	1254	244	247	40	0	0	0	0	1253
1374236251	634891	244	248	0	0	0	0	0	1255	244	247	40	0	0	0	0	1254
1374236252	127310	244	248	0	0	0	0	0	1256	244	247	40	0	0	0	0	1255
1374236252	619597	244	248	0	0	0	0	0	1257	244	247	40	0	0	0	0	1256
1374236253	111978	244	247	0	0	0	0	0	1258	244	247	40	0	0	0	0	1257
1374236253	605271	244	247	0	0	0	0	0	1259	244	247	40	0	0	0	0	1258
1374236254	098402	244	247	56	0	0	0	0	1260	244	247	47	0	0	0	0	1259
1374236254	590869	244	247	64	0	0	0	0	1261	244	247	61	0	0	0	0	1260
1374236255	084044	244	249	0	0	0	0	0	1262	244	247	0	0	0	0	0	1261
1374236255	577411	244	247	71	0	0	0	0	1263	244	247	0	0	0	0	0	1262
1374236256	070904	244	249	63	159	0	0	0	1264	244	247	72	0	0	0	0	1263
1374236256	563126	244	249	71	0	0	0	0	1265	244	248	76	0	0	0	0	1264
1374236257	056560	244	249	65	0	0	0	0	1266	244	247	0	0	0	0	0	1265
1374236257	548975	244	249	69	0	0	0	0	1267	244	247	79	0	0	0	0	1266
1374236258	041013	244	248	65	0	0	0	0	1268	244	247	0	0	0	0	0	1267
1374236258	534173	244	248	70	0	0	0	0	1269	244	247	77	0	0	0	0	1268
1374236259	027548	244	249	76	0	0	0	0	1270	244	248	0	0	0	0	0	1269
1374236259	520892	244	249	56	0	0	0	0	1271	244	248	0	0	0	0	0	1270
1374236260	013028	244	247	53	0	0	0	0	1272	244	247	0	0	0	0	0	1271
1374236260	504407	244	249	57	0	0	0	0	1273	244	247	0	0	0	0	0	1272
1374236260	997862	244	248	57	0	0	0	0	1274	244	248	0	0	0	0	0	1273
1374236261	490904	244	248	61	0	0	0	0	1275	244	248	0	0	0	0	0	1274
1374236261	982266	244	247	56	0	0	0	0	1276	244	247	0	0	0	0	0	1275
1374236262	474618	244	247	57	0	0	0	0	1277	244	248	0	0	0	0	0	1276
1374236262	966668	244	247	59	0	0	0	0	1278	244	248	0	0	0	0	0	1277
1374236263	458220	244	248	0	0	0	0	0	1279	244	248	0	0	0	0	0	1278
1374236263	950499	244	248	0	0	0	0	0	1280	244	248	0	0	0	0	0	1279
1374236264	443732	244	249	55	0	0	0	0	1281	244	248	0	0	0	0	0	1280
1374236264	937040	244	247	54	0	0	0	0	1282	244	247	0	0	0	0	0	1281
1374236265	430438	244	249	55	0	0	0	0	1283	244	248	0	0	0	0	0	1282
1374236265	923874	244	247	55	0	0	0	0	1284	244	247	0	0	0	0	0	1283
1374236266	417132	244	248	71	0	0	0	0	1285	244	247	0	0	0	0	0	1284
1374236266	911266	244	249	71	0	0	0	0	1286	244	248	0	0	0	0	0	1285
1374236267	403775	244	247	69	0	0	0	0	1287	244	247	0	0	0	0	0	1286
1374236267	897072	244	249	70	0	0	0	0	1288	244	247	0	0	0	0	0	1287
1374236268	389228	244	249	55	0	0	0	0	1289	244	247	0	0	0	0	0	1288
1374236268	882540	244	248	0	0	0	0	0	1290	244	248	0	0	0	0	0	1289
1374236269	375995	244	247	56	0	0	0	0	1291	244	247	0	0	0	0	0	1290
1374236269	869229	244	247	58	0	0	0	0	1292	244	248	0	0	0	0	0	1291
1374236270	361492	244	249	54	0	0	0	0	1293	244	248	0	0	0	0	0	1292
1374236270	853768	244	247	55	0	0	0	0	1294	244	248	0	0	0	0	0	1293
1374236271	347031	244	248	56	0	0	0	0	1295	244	247	0	0	0	0	0	1294
1374236271	839536	244	249	63	0	0	0	0	1296	244	247	0	0	0	0	0	1295
1374236272	331880	244	248	65	0	0	0	0	1297	244	247	0	0	0	0	0	1296
1374236272	825234	244	249	64	0	0	0	0	1298	244	248	0	0	0	0	0	1297
1374236273	318380	244	248	62	0	0	0	0	1299	244	247	0	0	0	0	0	1298
1374236273	811807	244	248	62	0	0	0	0	1300	244	248	0	0	0	0	0	1299
1374236274	305078	244	248	62	0	0	0	0	1301	244	248	0	0	0	0	0	1300
1374236274	797302	244	248	53	0	0	0	0	1302	244	247	0	0	0	0	0	1301
1374236275	290629	244	247	53	0	0	0	0	1303	244	248	0	0	0	0	0	1302
1374236275	783886	244	247	53	0	0	0	0	1304	244	247	0	0	0	0	0	1303
1374236276	276215	244	247	53	0	0	0	0	1305	244	248	0	0	0	0	0	1304
1374236276	769599	244	249	53	0	0	0	0	1306	244	248	0	0	0	0	0	1305
1374236277	262854	244	247	53	0	0	0	0	1307	244	248	0	0	0	0	0	1306
1374236277	756105	244	247	53	0	0	0	0	1308	244	247	0	0	0	0	0	1307
1374236278	249495	244	249	53	0	0	0	0	1309	244	247	0	0	0	0	0	1308
1374236278	742826	244	247	53	0	0	0	0	1310	244	247	0	0	0	0	0	1309
1374236279	236925	244	247	54	0	0	0	0	1311	244	247	0	0	0	0	0	1310
1374236279	730321	244	248	55	0	0	0	0	1312	244	247	0	0	0	0	0	1311
1374236280	223705	244	249	60	0	0	0	0	1313	244	247	0	0	0	0	0	1312
1374236280	715960	244	249	54	0	0	0	0	1314	244	247	0	0	0	0	0	1313
1374236281	209013	244	247	54	0	0	0	0	1315	244	247	0	0	0	0	0	1314
1374236281	700303	244	247	64	0	0	0	0	1316	244	247	0	0	0	0	0	1315
1374236282	193399	244	247	55	0	0	0	0	1317	244	248	0	0	0	0	0	1316
1374236282	686766	244	248	55	0	0	0	0	1318	244	247	0	0	0	0	0	1317
1374236283	179029	244	247	55	0	0	0	0	1319	244	247	0	0	0	0	0	1318
1374236283	673208	244	248	56	0	0	0	0	1320	244	247	0	0	0	0	0	1319
1374236284	165638	244	249	54	0	0	0	0	1321	244	247	0	0	0	0	0	1320
1374236284	657958	244	247	64	0	0	0	0	1322	244	248	0	0	0	0	0	1321
1374236285	151159	244	248	62	0	0	0	0	1323	244	247	0	0	0	0	0	1322
1374236285	645380	244	247	62	0	0	0	0	1324	244	247	0	0	0	0	0	1323
1374236286	138762	244	248	55	0	0	0	0	1325	244	247	0	0	0	0	0	1324
1374236286	632301	244	247	55	0	0	0	0	1326	244	247	0	0	0	0	0	1325
1374236287	124424	244	247	61	0	0	0	0	1327	244	247	0	0	0	0	0	1326
1374236287	615772	244	248	56	0	0	0	0	1328	244	247	0	0	0	0	0	1327
1374236288	108969	244	248	55	0	0	0	0	1329	244	247	0	0	0	0	0	1328
1374236288	602242	244	247	56	0	0	0	0	1330	244	247	0	0	0	0	0	1329
1374236289	094785	244	248	54	0	0	0	0	1331	244	248	0	0	0	0	0	1330
1374236289	586797	244	248	54	0	0	0	0	1332	244	248	0	0	0	0	0	1331
1374236290	078169	244	247	54	0	0	0	0	1333	244	248	0	0	0	0	0	1332
1374236290	571553	244	247	65	0	0	0	0	1334	244	247	0	0	0	0	0	1333
1374236291	062807	244	249	55	0	0	0	0	1335	244	247	0	0	0	0	0	1334
1374236291	554126	244	249	55	0	0	0	0	1336	244	247	0	0	0	0	0	1335
1374236292	047633	244	247	55	0	0	0	0	1337	244	247	0	0	0	0	0	1336
1374236292	540869	244	249	54	0	0	0	0	1338	244	248	0	0	0	0	0	1337
1374236293	034955	244	249	57	0	0	0	0	1339	244	247	0	0	0	0	0	1338
1374236293	527367	244	249	63	0	0	0	0	1340	244	247	0	0	0	0	0	1339
1374236294	021586	244	247	54	0	0	0	0	1341	244	247	0	0	0	0	0	1340
1374236294	513952	244	248	55	0	0	0	0	1342	244	247	0	0	0	0	0	1341
1374236295	007294	244	247	55	0	0	0	0	1343	244	248	0	0	0	0	0	1342
1374236295	499662	244	248	54	0	0	0	0	1344	244	248	0	0	0	0	0	1343
1374236295	992934	244	247	58	0	0	0	0	1345	244	247	0	0	0	0	0	1344
1374236296	486158	244	249	59	0	0	0	0	1346	244	247	0	0	0	0	0	1345
1374236296	978733	244	247	55	0	0	0	0	1347	244	248	0	0	0	0	0	1346
1374236297	471988	244	247	65	0	0	0	0	1348	244	248	0	0	0	0	0	1347
1374236297	964003	244	248	59	0	0	0	0	1349	244	248	0	0	0	0	0	1348
1374236298	455492	244	248	56	0	0	0	0	1350	244	248	59	0	0	0	0	1349
1374236298	948513	244	247	54	0	0	0	0	1351	244	247	0	0	0	0	0	1350
1374236299	440917	244	248	55	0	0	0	0	1352	244	247	0	0	0	0	0	1351
1374236299	934228	244	249	54	0	0	0	0	1353	244	247	0	0	0	0	0	1352
1374236300	427727	244	247	54	0	0	0	0	1354	244	248	59	0	0	0	0	1353
1374236300	920928	244	249	59	0	0	0	0	1355	244	248	0	0	0	0	0	1354
1374236301	414227	244	248	0	0	0	0	0	1356	244	247	0	0	0	0	0	1355
1374236301	907637	244	247	56	0	0	0	0	1357	244	247	0	0	0	0	0	1356
1374236302	400794	244	248	56	0	0	0	0	1358	244	248	0	0	0	0	0	1357
1374236302	894052	244	248	55	0	0	0	0	1359	244	247	0	0	0	0	0	1358
1374236303	386378	244	247	55	0	0	0	0	1360	244	248	0	0	0	0	0	1359
1374236303	879739	244	248	56	0	0	0	0	1361	244	247	0	0	0	0	0	1360
1374236304	373882	244	248	55	0	0	0	0	1362	244	248	0	0	0	0	0	1361
1374236304	866209	244	247	54	0	0	0	0	1363	244	247	0	0	0	0	0	1362
1374236305	358436	244	247	55	0	0	0	0	1364	244	247	0	0	0	0	0	1363
1374236305	852060	244	249	55	0	0	0	0	1365	244	247	0	0	0	0	0	1364
1374236306	345251	244	247	55	0	0	0	0	1366	244	247	0	0	0	0	0	1365
1374236306	838538	244	248	55	0	0	0	0	1367	244	248	0	0	0	0	0	1366
1374236307	331941	244	248	55	0	0	0	0	1368	244	247	0	0	0	0	0	1367
1374236307	824377	244	249	55	0	0	0	0	1369	244	248	0	0	0	0	0	1368
1374236308	316520	244	247	55	0	0	0	0	1370	244	247	0	0	0	0	0	1369
1374236308	810622	244	247	55	0	0	0	0	1371	244	247	0	0	0	0	0	1370
1374236309	303850	244	249	55	0	0	0	0	1372	244	248	76	0	0	0	0	1371
1374236309	797285	244	248	55	0	0	0	0	1373	244	247	0	0	0	0	0	1372
1374236310	290644	244	248	55	0	0	0	0	1374	244	248	0	0	0	0	0	1373
1374236310	782873	244	248	55	0	0	0	0	1375	244	247	0	0	0	0	0	1374
1374236311	276148	244	249	54	0	0	0	0	1376	244	247	0	0	0	0	0	1375
1374236311	769446	244	248	54	0	0	0	0	1377	244	248	0	0	0	0	0	1376
1374236312	263027	244	248	54	0	0	0	0	1378	244	247	0	0	0	0	0	1377
1374236312	756175	244	247	55	0	0	0	0	1379	244	247	0	0	0	0	0	1378
1374236313	249551	244	247	55	0	0	0	0	1380	244	247	0	0	0	0	0	1379
1374236313	742572	244	249	54	0	0	0	0	1381	244	247	0	0	0	0	0	1380
1374236314	236048	244	247	56	0	0	0	0	1382	244	248	0	0	0	0	0	1381
1374236314	729229	244	248	56	0	0	0	0	1383	244	247	0	0	0	0	0	1382
1374236315	222497	244	248	56	0	0	0	0	1384	244	248	0	0	0	0	0	1383
1374236315	715837	244	248	56	0	0	0	0	1385	244	247	0	0	0	0	0	1384
1374236316	209252	244	247	57	0	0	0	0	1386	244	247	0	0	0	0	0	1385
1374236316	702400	244	247	56	0	0	0	0	1387	244	247	0	0	0	0	0	1386
1374236317	194882	244	248	55	0	0	0	0	1388	244	247	0	0	0	0	0	1387
1374236317	688119	244	247	56	0	0	0	0	1389	244	247	0	0	0	0	0	1388
1374236318	182347	244	248	57	0	0	0	0	1390	244	247	0	0	0	0	0	1389
1374236318	675661	244	248	59	0	0	0	0	1391	244	247	0	0	0	0	0	1390
1374236319	167918	244	248	56	0	0	0	0	1392	244	247	0	0	0	0	0	1391
1374236319	661425	244	249	56	0	0	0	0	1393	244	248	0	0	0	0	0	1392
1374236320	154644	244	247	57	0	0	0	0	1394	244	247	0	0	0	0	0	1393
1374236320	647984	244	248	56	0	0	0	0	1395	244	247	0	0	0	0	0	1394
1374236321	142299	244	247	56	0	0	0	0	1396	244	247	0	0	0	0	0	1395
1374236321	636399	244	248	57	0	0	0	0	1397	244	247	0	0	0	0	0	1396
1374236322	127890	244	248	60	0	0	0	0	1398	244	247	0	0	0	0	0	1397
1374236322	620121	244	249	55	0	0	0	0	1399	244	247	0	0	0	0	0	1398
1374236323	113468	244	247	55	0	0	0	0	1400	244	247	0	0	0	0	0	1399
1374236323	606597	244	249	56	0	0	0	0	1401	244	247	0	0	0	0	0	1400
1374236324	100034	244	247	55	0	0	0	0	1402	244	247	0	0	0	0	0	1401
1374236324	593306	244	247	57	0	0	0	0	1403	244	247	0	0	0	0	0	1402
1374236325	085450	244	249	55	0	0	0	0	1404	244	247	0	0	0	0	0	1403
1374236325	578900	244	247	55	0	0	0	0	1405	244	247	0	0	0	0	0	1404
1374236326	072323	244	249	55	0	0	0	0	1406	244	248	0	0	0	0	0	1405
1374236326	565517	244	248	56	0	0	0	0	1407	244	248	0	0	0	0	0	1406
1374236327	058700	244	247	55	0	0	0	0	1408	244	247	0	0	0	0	0	1407
1374236327	551060	244	249	55	0	0	0	0	1409	244	248	0	0	0	0	0	1408
1374236328	046327	244	247	55	0	0	0	0	1410	244	248	0	0	0	0	0	1409
1374236328	539718	244	249	67	0	0	0	0	1411	244	247	0	0	0	0	0	1410
1374236329	033071	244	249	56	0	0	0	0	1412	244	247	0	0	0	0	0	1411
1374236329	526494	244	249	58	0	0	0	0	1413	244	248	0	0	0	0	0	1412
1374236330	019858	244	248	71	0	0	0	0	1414	244	248	0	0	0	0	0	1413
1374236330	513971	244	248	55	0	0	0	0	1415	244	247	0	0	0	0	0	1414
1374236331	007346	244	249	0	0	0	0	0	1416	244	248	0	0	0	0	0	1415
1374236331	499644	244	248	71	0	0	0	0	1417	244	247	0	0	0	0	0	1416
1374236331	992013	244	249	71	0	0	0	0	1418	244	248	0	0	0	0	0	1417
1374236332	485482	244	248	56	0	0	0	0	1419	244	247	0	0	0	0	0	1418
1374236332	978475	244	247	58	0	0	0	0	1420	244	247	0	0	0	0	0	1419
1374236333	470630	244	249	57	0	0	0	0	1421	244	247	0	0	0	0	0	1420
1374236333	962185	244	249	56	0	0	0	0	1422	244	248	0	0	0	0	0	1421
1374236334	454344	244	249	56	0	0	0	0	1423	244	247	0	0	0	0	0	1422
1374236334	947483	244	249	56	0	0	0	0	1424	244	248	0	0	0	0	0	1423
1374236335	440828	244	247	55	0	0	0	0	1425	244	248	0	0	0	0	0	1424
1374236335	934418	244	249	68	0	0	0	0	1426	244	248	0	0	0	0	0	1425
1374236336	427574	244	247	0	0	0	0	0	1427	244	247	0	0	0	0	0	1426
1374236336	920930	244	247	55	0	0	0	0	1428	244	248	0	0	0	0	0	1427
1374236337	413215	244	247	55	0	0	0	0	1429	244	247	0	0	0	0	0	1428
1374236337	905570	244	248	56	0	0	0	0	1430	244	247	0	0	0	0	0	1429
1374236338	398711	244	247	56	0	0	0	0	1431	244	247	0	0	0	0	0	1430
1374236338	891102	244	247	56	0	0	0	0	1432	244	247	0	0	0	0	0	1431
1374236339	384625	244	247	55	0	0	0	0	1433	244	247	0	0	0	0	0	1432
1374236339	876704	244	248	0	0	0	0	0	1434	244	247	0	0	0	0	0	1433
1374236340	370078	244	248	0	0	0	0	0	1435	244	248	0	0	0	0	0	1434
1374236340	862359	244	249	65	0	0	0	0	1436	244	248	0	0	0	0	0	1435
1374236341	355758	244	247	58	0	0	0	0	1437	244	247	0	0	0	0	0	1436
1374236341	848015	244	249	57	0	0	0	0	1438	244	247	0	0	0	0	0	1437
1374236342	342357	244	247	62	0	0	0	0	1439	244	247	0	0	0	0	0	1438
1374236342	834412	244	248	55	0	0	0	0	1440	244	247	0	0	0	0	0	1439
1374236343	327656	244	247	68	0	0	0	0	1441	244	248	0	0	0	0	0	1440
1374236343	820004	244	249	59	0	0	0	0	1442	244	247	0	0	0	0	0	1441
1374236344	313432	244	247	57	0	0	0	0	1443	244	247	0	0	0	0	0	1442
1374236344	806637	244	249	55	0	0	0	0	1444	244	248	0	0	0	0	0	1443
1374236345	300029	244	249	68	0	0	0	0	1445	244	247	0	0	0	0	0	1444
1374236345	792422	244	247	71	0	0	0	0	1446	244	248	0	0	0	0	0	1445
1374236346	285616	244	249	55	0	0	0	0	1447	244	247	0	0	0	0	0	1446
1374236346	777998	244	248	55	0	0	0	0	1448	244	247	0	0	0	0	0	1447
1374236347	271117	244	249	56	0	0	0	0	1449	244	248	0	0	0	0	0	1448
1374236347	763637	244	247	56	0	0	0	0	1450	244	248	0	0	0	0	0	1449
1374236348	257738	244	247	55	0	0	0	0	1451	244	247	0	0	0	0	0	1450
1374236348	750934	244	248	54	0	0	0	0	1452	244	247	0	0	0	0	0	1451
1374236349	244382	244	247	54	0	0	0	0	1453	244	247	0	0	0	0	0	1452
1374236349	737660	244	247	55	0	0	0	0	1454	244	247	0	0	0	0	0	1453
1374236350	230856	244	247	55	0	0	0	0	1455	244	247	0	0	0	0	0	1454
1374236350	723211	244	247	55	0	0	0	0	1456	244	247	0	0	0	0	0	1455
1374236351	217435	244	247	55	0	0	0	0	1457	244	247	0	0	0	0	0	1456
1374236351	710815	244	249	55	0	0	0	0	1458	244	247	0	0	0	0	0	1457
1374236352	204062	244	249	54	0	0	0	0	1459	244	247	0	0	0	0	0	1458
1374236352	697302	244	248	55	0	0	0	0	1460	244	247	0	0	0	0	0	1459
1374236353	189416	244	248	55	0	0	0	0	1461	244	247	0	0	0	0	0	1460
1374236353	680831	244	247	56	0	0	0	0	1462	244	248	0	0	0	0	0	1461
1374236354	173306	244	249	64	0	0	0	0	1463	244	247	0	0	0	0	0	1462
1374236354	665614	244	247	55	0	0	0	0	1464	244	248	0	0	0	0	0	1463
1374236355	158724	244	248	55	0	0	0	0	1465	244	247	0	0	0	0	0	1464
1374236355	651178	244	246	56	0	0	0	0	1466	244	248	0	0	0	0	0	1465
1374236356	144271	244	248	55	0	0	0	0	1467	244	248	0	0	0	0	0	1466
1374236356	637718	244	247	66	0	0	0	0	1468	244	247	0	0	0	0	0	1467
1374236357	130021	244	248	56	0	0	0	0	1469	244	247	0	0	0	0	0	1468
1374236357	623394	244	249	66	0	0	0	0	1470	244	247	0	0	0	0	0	1469
1374236358	116642	244	247	66	0	0	0	0	1471	244	247	0	0	0	0	0	1470
1374236358	608962	244	249	55	0	0	0	0	1472	244	247	0	0	0	0	0	1471
1374236359	101255	244	248	59	0	0	0	0	1473	244	247	0	0	0	0	0	1472
1374236359	594491	244	249	56	0	0	0	0	1474	244	248	0	0	0	0	0	1473
1374236360	086832	244	247	68	0	0	0	0	1475	244	247	0	0	0	0	0	1474
1374236360	580132	244	248	65	0	0	0	0	1476	244	247	0	0	0	0	0	1475
1374236361	071557	244	249	66	0	0	0	0	1477	244	247	0	0	0	0	0	1476
1374236361	564838	244	248	66	0	0	0	0	1478	244	247	0	0	0	0	0	1477
1374236362	057201	244	248	58	0	0	0	0	1479	244	247	0	0	0	0	0	1478
1374236362	550503	244	248	56	0	0	0	0	1480	244	248	0	0	0	0	0	1479
1374236363	041729	244	248	56	0	0	0	0	1481	244	247	0	0	0	0	0	1480
1374236363	534297	244	248	64	0	0	0	0	1482	244	247	0	0	0	0	0	1481
1374236364	027193	244	249	64	0	0	0	0	1483	244	247	0	0	0	0	0	1482
1374236364	519583	244	248	55	0	0	0	0	1484	244	247	0	0	0	0	0	1483
1374236365	011916	244	247	56	0	0	0	0	1485	244	247	0	0	0	0	0	1484
1374236365	505330	244	249	54	0	0	0	0	1486	244	247	0	0	0	0	0	1485
1374236365	998550	244	248	55	0	0	0	0	1487	244	247	0	0	0	0	0	1486
1374236366	490810	244	248	55	0	0	0	0	1488	244	247	0	0	0	0	0	1487
1374236366	984132	244	247	56	0	0	0	0	1489	244	247	0	0	0	0	0	1488
1374236367	477554	244	249	56	0	0	0	0	1490	244	247	0	0	0	0	0	1489
1374236367	969612	244	248	55	0	0	0	0	1491	244	247	0	0	0	0	0	1490
1374236368	461993	244	249	65	0	0	0	0	1492	244	248	0	0	0	0	0	1491
1374236368	955341	244	249	55	0	0	0	0	1493	244	247	58	0	0	0	0	1492
1374236369	447728	244	248	56	0	0	0	0	1494	244	247	58	0	0	0	0	1493
1374236369	941130	244	248	56	0	0	0	0	1495	244	247	58	0	0	0	0	1494
1374236370	433331	244	249	56	0	0	0	0	1496	244	247	58	0	0	0	0	1495
1374236370	926479	244	249	58	0	0	0	0	1497	244	248	58	0	0	0	0	1496
1374236371	419804	244	249	59	0	0	0	0	1498	244	247	58	0	0	0	0	1497
1374236371	913147	244	249	57	0	0	0	0	1499	244	247	59	0	0	0	0	1498
1374236372	406293	244	247	56	0	0	0	0	1500	244	247	59	0	0	0	0	1499
1374236372	899673	244	248	56	0	0	0	0	1501	244	247	58	0	0	0	0	1500
1374236373	391933	244	249	58	0	0	0	0	1502	244	247	0	0	0	0	0	1501
1374236373	885135	244	248	60	0	0	0	0	1503	244	247	0	0	0	0	0	1502
1374236374	378507	244	249	55	0	0	0	0	1504	244	248	0	0	0	0	0	1503
1374236374	871976	244	248	55	0	0	0	0	1505	244	247	0	0	0	0	0	1504
1374236375	365144	244	247	56	0	0	0	0	1506	244	248	0	0	0	0	0	1505
1374236375	857669	244	249	57	0	0	0	0	1507	244	247	0	0	0	0	0	1506
1374236376	351860	244	249	57	0	0	0	0	1508	244	247	0	0	0	0	0	1507
1374236376	845148	244	247	62	0	0	0	0	1509	244	247	0	0	0	0	0	1508
1374236377	338416	244	248	57	0	0	0	0	1510	244	247	0	0	0	0	0	1509
1374236377	831702	244	249	56	0	0	0	0	1511	244	247	0	0	0	0	0	1510
1374236378	324976	244	247	59	0	0	0	0	1512	244	247	0	0	0	0	0	1511
1374236378	818181	244	247	66	0	0	0	0	1513	244	247	0	0	0	0	0	1512
1374236379	310580	244	248	57	0	0	0	0	1514	244	248	0	0	0	0	0	1513
1374236379	803056	244	247	56	0	0	0	0	1515	244	247	0	0	0	0	0	1514
1374236380	297202	244	247	57	0	0	0	0	1516	244	247	0	0	0	0	0	1515
1374236380	789368	244	247	56	0	0	0	0	1517	244	247	0	0	0	0	0	1516
1374236381	282637	244	248	57	0	0	0	0	1518	244	247	0	0	0	0	0	1517
1374236381	775014	244	247	57	0	0	0	0	1519	244	247	0	0	0	0	0	1518
1374236382	268338	244	248	56	0	0	0	0	1520	244	247	0	0	0	0	0	1519
1374236382	759647	244	247	55	0	0	0	0	1521	244	247	0	0	0	0	0	1520
1374236383	252830	244	247	60	0	0	0	0	1522	244	247	0	0	0	0	0	1521
1374236383	746160	244	249	71	0	0	0	0	1523	244	247	59	0	0	0	0	1522
