1374227057	972997	244	248	115	0	0	0	0	1	244	247	0	0	0	0	0	0
1374227058	465194	244	247	115	0	0	0	0	2	244	247	0	0	0	0	0	1
1374227058	958543	244	246	115	0	0	0	0	3	244	247	0	0	0	0	0	2
1374227059	451932	244	247	115	0	0	0	0	4	244	247	0	0	0	0	0	3
1374227059	944355	244	247	115	0	0	0	0	5	244	247	0	0	0	0	0	4
1374227060	437518	244	229	115	0	0	0	0	6	244	247	0	0	0	0	0	5
1374227060	930887	244	247	58	0	0	0	0	7	244	247	0	0	0	0	0	6
1374227061	424270	244	246	63	0	0	0	0	8	244	220	71	141	0	0	0	7
1374227061	917563	244	249	70	0	0	0	0	9	244	210	62	0	0	0	0	8
1374227062	410884	244	247	93	0	0	0	0	10	244	247	75	0	0	0	0	9
1374227062	903271	244	248	87	0	0	0	0	11	244	247	88	0	0	0	0	10
1374227063	396518	244	246	0	0	0	0	0	12	244	246	80	0	0	0	0	11
1374227063	889899	244	248	58	0	0	0	0	13	244	246	67	0	0	0	0	12
1374227064	382012	244	248	69	0	0	0	0	14	244	246	68	0	0	0	0	13
1374227064	874348	244	246	73	0	0	0	0	15	244	246	67	0	0	0	0	14
1374227065	366851	244	246	70	0	0	0	0	16	244	246	70	0	0	0	0	15
1374227065	858033	244	246	70	0	0	0	0	17	244	246	66	0	0	0	0	16
1374227066	350349	244	246	71	0	0	0	0	18	244	246	68	0	0	0	0	17
1374227066	843994	244	248	64	0	0	0	0	19	244	246	68	0	0	0	0	18
1374227067	336336	244	248	65	0	0	0	0	20	244	246	69	0	0	0	0	19
1374227067	828658	244	247	69	0	0	0	0	21	244	246	71	0	0	0	0	20
1374227068	322619	244	248	69	0	0	0	0	22	244	246	69	0	0	0	0	21
1374227068	814020	244	247	70	0	0	0	0	23	244	246	71	0	0	0	0	22
1374227069	306517	244	248	70	0	0	0	0	24	244	246	71	0	0	0	0	23
1374227069	799759	244	247	69	0	0	0	0	25	244	246	70	0	0	0	0	24
1374227070	293094	244	246	66	0	0	0	0	26	244	246	68	0	0	0	0	25
1374227070	786482	244	246	65	0	0	0	0	27	244	246	69	0	0	0	0	26
1374227071	279583	244	248	65	0	0	0	0	28	244	246	68	141	0	0	0	27
1374227071	773034	244	248	66	0	0	0	0	29	244	246	68	141	0	0	0	28
1374227072	266380	244	246	65	0	0	0	0	30	244	246	67	0	0	0	0	29
1374227072	759756	244	247	68	0	0	0	0	31	244	246	67	0	0	0	0	30
1374227073	253929	244	248	71	0	0	0	0	32	244	246	69	0	0	0	0	31
1374227073	746256	244	246	70	0	0	0	0	33	244	246	69	0	0	0	0	32
1374227074	240528	244	247	73	0	0	0	0	34	244	246	71	0	0	0	0	33
1374227074	733902	244	246	65	0	0	0	0	35	244	246	71	0	0	0	0	34
1374227075	227090	244	246	64	0	0	0	0	36	244	246	69	0	0	0	0	35
1374227075	720482	244	247	71	0	0	0	0	37	244	246	67	0	0	0	0	36
1374227076	213681	244	247	62	0	0	0	0	38	244	246	71	0	0	0	0	37
1374227076	707178	244	248	72	0	0	0	0	39	244	246	71	0	0	0	0	38
1374227077	199382	244	247	71	0	0	0	0	40	244	246	70	0	0	0	0	39
1374227077	692923	244	248	70	0	0	0	0	41	244	246	69	0	0	0	0	40
1374227078	185769	244	246	0	0	0	0	0	42	244	246	74	0	0	0	0	41
1374227078	678201	244	248	72	0	0	0	0	43	244	246	67	0	0	0	0	42
1374227079	171443	244	247	72	0	0	0	0	44	244	246	68	0	0	0	0	43
1374227079	662725	244	248	0	0	0	0	0	45	244	246	70	0	0	0	0	44
1374227080	155068	244	247	0	0	0	0	0	46	244	246	68	0	0	0	0	45
1374227080	646446	244	246	73	0	0	0	0	47	244	246	69	0	0	0	0	46
1374227081	140784	244	246	68	0	0	0	0	48	244	246	67	0	0	0	0	47
1374227081	633099	244	247	0	0	0	0	0	49	244	246	67	0	0	0	0	48
1374227082	126503	244	247	67	0	0	0	0	50	244	246	68	0	0	0	0	49
1374227082	619634	244	248	67	0	0	0	0	51	244	246	62	0	0	0	0	50
1374227083	111773	244	247	67	0	0	0	0	52	244	246	68	0	0	0	0	51
1374227083	603239	244	246	67	0	0	0	0	53	244	246	67	0	0	0	0	52
1374227084	095295	244	248	68	0	0	0	0	54	244	246	69	0	0	0	0	53
1374227084	588788	244	246	67	0	0	0	0	55	244	246	74	0	0	0	0	54
1374227085	082136	244	247	69	0	0	0	0	56	244	246	67	0	0	0	0	55
1374227085	575594	244	248	67	0	0	0	0	57	244	246	67	0	0	0	0	56
1374227086	068823	244	248	66	0	0	0	0	58	244	246	67	0	0	0	0	57
1374227086	561810	244	246	69	0	0	0	0	59	244	246	78	0	0	0	0	58
1374227087	054206	244	248	66	0	0	0	0	60	244	246	67	0	0	0	0	59
1374227087	547413	244	248	66	0	0	0	0	61	244	246	71	0	0	0	0	60
1374227088	038710	244	248	67	0	0	0	0	62	244	246	78	0	0	0	0	61
1374227088	530135	244	248	67	0	0	0	0	63	244	246	67	0	0	0	0	62
1374227089	023595	244	246	67	0	0	0	0	64	244	246	67	0	0	0	0	63
1374227089	516917	244	248	67	0	0	0	0	65	244	246	67	0	0	0	0	64
1374227090	010138	244	248	67	0	0	0	0	66	244	246	67	0	0	0	0	65
1374227090	502517	244	247	67	0	0	0	0	67	244	246	67	0	0	0	0	66
1374227090	995625	244	246	67	0	0	0	0	68	244	246	67	0	0	0	0	67
1374227091	489185	244	247	68	0	0	0	0	69	244	246	67	0	0	0	0	68
1374227091	981367	244	246	67	0	0	0	0	70	244	246	67	0	0	0	0	69
1374227092	474822	244	246	67	0	0	0	0	71	244	246	66	0	0	0	0	70
1374227092	967053	244	246	67	0	0	0	0	72	244	246	66	0	0	0	0	71
1374227093	458186	244	248	67	0	0	0	0	73	244	246	66	0	0	0	0	72
1374227093	951397	244	248	67	0	0	0	0	74	244	246	66	0	0	0	0	73
1374227094	444615	244	248	68	0	0	0	0	75	244	246	67	0	0	0	0	74
1374227094	937113	244	248	68	0	0	0	0	76	244	246	66	0	0	0	0	75
1374227095	430436	244	246	67	0	0	0	0	77	244	246	66	0	0	0	0	76
1374227095	923741	244	248	68	0	0	0	0	78	244	246	66	0	0	0	0	77
1374227096	415844	244	247	67	0	0	0	0	79	244	246	67	0	0	0	0	78
1374227096	906993	244	246	67	0	0	0	0	80	244	246	66	0	0	0	0	79
1374227097	400280	244	248	67	0	0	0	0	81	244	246	66	0	0	0	0	80
1374227097	892481	244	247	67	0	0	0	0	82	244	246	66	0	0	0	0	81
1374227098	384993	244	247	67	0	0	0	0	83	244	246	66	0	0	0	0	82
1374227098	877161	244	246	67	0	0	0	0	84	244	246	67	0	0	0	0	83
1374227099	369550	244	246	67	0	0	0	0	85	244	246	66	0	0	0	0	84
1374227099	860875	244	248	67	0	0	0	0	86	244	246	66	0	0	0	0	85
1374227100	354150	244	249	67	0	0	0	0	87	244	246	65	0	0	0	0	86
1374227100	845490	244	248	67	0	0	0	0	88	244	246	66	0	0	0	0	87
1374227101	338766	244	246	67	0	0	0	0	89	244	246	66	0	0	0	0	88
1374227101	832035	244	247	68	0	0	0	0	90	244	246	66	0	0	0	0	89
1374227102	325416	244	248	67	0	0	0	0	91	244	246	64	0	0	0	0	90
1374227102	818946	244	248	67	0	0	0	0	92	244	246	66	0	0	0	0	91
1374227103	311982	244	248	69	0	0	0	0	93	244	246	67	0	0	0	0	92
1374227103	804263	244	247	68	0	0	0	0	94	244	246	66	0	0	0	0	93
1374227104	297451	244	247	68	0	0	0	0	95	244	246	66	0	0	0	0	94
1374227104	790881	244	246	68	0	0	0	0	96	244	246	65	0	0	0	0	95
1374227105	284263	244	246	69	0	0	0	0	97	244	246	66	0	0	0	0	96
1374227105	776732	244	248	68	0	0	0	0	98	244	246	66	0	0	0	0	97
1374227106	269978	244	248	68	0	0	0	0	99	244	246	67	0	0	0	0	98
1374227106	762299	244	246	68	0	0	0	0	100	244	246	67	0	0	0	0	99
1374227107	255579	244	247	69	0	0	0	0	101	244	246	67	0	0	0	0	100
1374227107	747859	244	247	69	0	0	0	0	102	244	246	67	0	0	0	0	101
1374227108	242040	244	248	68	0	0	0	0	103	244	246	67	0	0	0	0	102
1374227108	735342	244	247	69	0	0	0	0	104	244	246	67	0	0	0	0	103
1374227109	227627	244	246	69	0	0	0	0	105	244	246	67	0	0	0	0	104
1374227109	719922	244	247	68	0	0	0	0	106	244	246	67	0	0	0	0	105
1374227110	213287	244	246	69	0	0	0	0	107	244	246	67	0	0	0	0	106
1374227110	705532	244	248	68	0	0	0	0	108	244	246	67	0	0	0	0	107
1374227111	198976	244	247	68	0	0	0	0	109	244	246	67	0	0	0	0	108
1374227111	692242	244	247	68	0	0	0	0	110	244	246	67	0	0	0	0	109
1374227112	184547	244	246	68	0	0	0	0	111	244	246	68	0	0	0	0	110
1374227112	676866	244	247	68	0	0	0	0	112	244	246	68	0	0	0	0	111
1374227113	169292	244	246	68	0	0	0	0	113	244	246	68	0	0	0	0	112
1374227113	661464	244	246	69	0	0	0	0	114	244	246	67	0	0	0	0	113
1374227114	154920	244	248	69	0	0	0	0	115	244	246	67	0	0	0	0	114
1374227114	648080	244	249	69	0	0	0	0	116	244	246	67	0	0	0	0	115
1374227115	141585	244	247	68	0	0	0	0	117	244	246	67	0	0	0	0	116
1374227115	634739	244	246	68	0	0	0	0	118	244	246	68	0	0	0	0	117
1374227116	128030	244	248	69	0	0	0	0	119	244	246	67	0	0	0	0	118
1374227116	621273	244	246	69	0	0	0	0	120	244	246	68	0	0	0	0	119
1374227117	113546	244	248	69	0	0	0	0	121	244	246	67	0	0	0	0	120
1374227117	607703	244	248	68	0	0	0	0	122	244	246	67	0	0	0	0	121
1374227118	098006	244	246	69	0	0	0	0	123	244	246	67	0	0	0	0	122
1374227118	589201	244	248	68	0	0	0	0	124	244	246	67	0	0	0	0	123
1374227119	079790	244	248	71	0	0	0	0	125	244	246	66	0	0	0	0	124
1374227119	573083	244	247	71	0	0	0	0	126	244	246	67	0	0	0	0	125
1374227120	066437	244	247	69	0	0	0	0	127	244	246	73	0	0	0	0	126
1374227120	559603	244	248	69	0	0	0	0	128	244	246	69	140	0	0	0	127
1374227121	053062	244	248	65	0	0	0	0	129	244	246	0	0	0	0	0	128
1374227121	546390	244	248	68	0	0	0	0	130	244	246	0	0	0	0	0	129
1374227122	039686	244	247	64	0	0	0	0	131	244	246	68	0	0	0	0	130
1374227122	532236	244	247	63	0	0	0	0	132	244	246	69	0	0	0	0	131
1374227123	024309	244	248	63	0	0	0	0	133	244	246	69	0	0	0	0	132
1374227123	516517	244	247	64	0	0	0	0	134	244	246	68	0	0	0	0	133
1374227124	009676	244	248	64	0	0	0	0	135	244	246	68	0	0	0	0	134
1374227124	503064	244	247	64	0	0	0	0	136	244	246	69	0	0	0	0	135
1374227124	996559	244	247	64	0	0	0	0	137	244	246	69	0	0	0	0	136
1374227125	489820	244	246	63	0	0	0	0	138	244	246	69	0	0	0	0	137
1374227125	983193	244	247	63	0	0	0	0	139	244	246	69	0	0	0	0	138
1374227126	476483	244	246	64	0	0	0	0	140	244	246	68	0	0	0	0	139
1374227126	969768	244	248	64	0	0	0	0	141	244	246	69	0	0	0	0	140
1374227127	463968	244	247	63	0	0	0	0	142	244	246	68	0	0	0	0	141
1374227127	956975	244	247	63	0	0	0	0	143	244	246	79	0	0	0	0	142
1374227128	448414	244	246	64	0	0	0	0	144	244	246	69	0	0	0	0	143
1374227128	940740	244	246	64	0	0	0	0	145	244	246	69	0	0	0	0	144
1374227129	433890	244	247	64	0	0	0	0	146	244	246	69	0	0	0	0	145
1374227129	926217	244	247	64	0	0	0	0	147	244	246	69	0	0	0	0	146
1374227130	418495	244	248	63	0	0	0	0	148	244	246	68	0	0	0	0	147
1374227130	911749	244	247	64	0	0	0	0	149	244	246	69	0	0	0	0	148
1374227131	405011	244	246	64	0	0	0	0	150	244	246	69	0	0	0	0	149
1374227131	898239	244	248	75	0	0	0	0	151	244	246	78	0	0	0	0	150
1374227132	391607	244	248	71	0	0	0	0	152	244	246	63	0	0	0	0	151
1374227132	884984	244	248	70	0	0	0	0	153	244	246	66	0	0	0	0	152
1374227133	378156	244	248	68	0	0	0	0	154	244	246	64	0	0	0	0	153
1374227133	870427	244	248	0	0	0	0	0	155	244	246	69	0	0	0	0	154
1374227134	363954	244	247	71	0	0	0	0	156	244	246	69	0	0	0	0	155
1374227134	856336	244	246	69	0	0	0	0	157	244	246	69	0	0	0	0	156
1374227135	349426	244	248	70	0	0	0	0	158	244	246	68	0	0	0	0	157
1374227135	842642	244	246	66	0	0	0	0	159	244	246	69	0	0	0	0	158
1374227136	335197	244	246	68	0	0	0	0	160	244	246	68	0	0	0	0	159
1374227136	828591	244	248	68	0	0	0	0	161	244	246	69	0	0	0	0	160
1374227137	321715	244	248	71	0	0	0	0	162	244	246	68	0	0	0	0	161
1374227137	814975	244	248	69	0	0	0	0	163	244	246	68	0	0	0	0	162
1374227138	309158	244	247	70	0	0	0	0	164	244	246	68	0	0	0	0	163
1374227138	801444	244	248	69	0	0	0	0	165	244	246	67	138	0	0	0	164
1374227139	294752	244	247	70	0	0	0	0	166	244	246	68	0	0	0	0	165
1374227139	788172	244	248	69	0	0	0	0	167	244	246	64	0	0	0	0	166
1374227140	281427	244	246	69	0	0	0	0	168	244	246	64	0	0	0	0	167
1374227140	774627	244	247	69	0	0	0	0	169	244	246	63	0	0	0	0	168
1374227141	266985	244	248	69	0	0	0	0	170	244	246	65	0	0	0	0	169
1374227141	760615	244	247	67	0	0	0	0	171	244	246	65	0	0	0	0	170
1374227142	253887	244	248	65	0	0	0	0	172	244	246	68	0	0	0	0	171
1374227142	747013	244	247	67	0	0	0	0	173	244	246	68	0	0	0	0	172
1374227143	239134	244	247	64	0	0	0	0	174	244	246	68	0	0	0	0	173
1374227143	732389	244	248	64	0	0	0	0	175	244	246	68	0	0	0	0	174
1374227144	224880	244	247	66	0	0	0	0	176	244	246	68	0	0	0	0	175
1374227144	718071	244	246	65	0	0	0	0	177	244	246	68	0	0	0	0	176
1374227145	211321	244	247	67	0	0	0	0	178	244	246	68	0	0	0	0	177
1374227145	705568	244	246	66	0	0	0	0	179	244	246	70	0	0	0	0	178
1374227146	198960	244	246	68	0	0	0	0	180	244	246	71	0	0	0	0	179
1374227146	692519	244	248	65	0	0	0	0	181	244	246	69	0	0	0	0	180
1374227147	185720	244	248	64	0	0	0	0	182	244	246	69	0	0	0	0	181
1374227147	679059	244	247	64	0	0	0	0	183	244	246	70	0	0	0	0	182
1374227148	171358	244	248	64	0	0	0	0	184	244	246	69	0	0	0	0	183
1374227148	665564	244	247	64	0	0	0	0	185	244	246	69	0	0	0	0	184
1374227149	157751	244	248	64	0	0	0	0	186	244	246	70	0	0	0	0	185
1374227149	650160	244	246	64	0	0	0	0	187	244	246	70	0	0	0	0	186
1374227150	143294	244	247	64	0	0	0	0	188	244	246	69	0	0	0	0	187
1374227150	634347	244	247	64	0	0	0	0	189	244	246	69	0	0	0	0	188
1374227151	127766	244	248	64	0	0	0	0	190	244	246	69	0	0	0	0	189
1374227151	620832	244	247	64	0	0	0	0	191	244	246	69	0	0	0	0	190
1374227152	113121	244	246	63	0	0	0	0	192	244	246	69	0	0	0	0	191
1374227152	605483	244	248	63	0	0	0	0	193	244	246	70	0	0	0	0	192
1374227153	096517	244	247	64	0	0	0	0	194	244	246	71	0	0	0	0	193
1374227153	588678	244	247	64	0	0	0	0	195	244	246	71	0	0	0	0	194
1374227154	080861	244	247	65	0	0	0	0	196	244	246	70	0	0	0	0	195
1374227154	572345	244	246	65	0	0	0	0	197	244	246	71	0	0	0	0	196
1374227155	064696	244	247	65	0	0	0	0	198	244	246	70	0	0	0	0	197
1374227155	558104	244	246	65	0	0	0	0	199	244	246	70	0	0	0	0	198
1374227156	051331	244	246	65	0	0	0	0	200	244	246	70	0	0	0	0	199
1374227156	544610	244	248	65	0	0	0	0	201	244	246	70	0	0	0	0	200
1374227157	037974	244	248	65	0	0	0	0	202	244	246	71	0	0	0	0	201
1374227157	530293	244	247	65	0	0	0	0	203	244	246	70	0	0	0	0	202
1374227158	023371	244	247	64	0	0	0	0	204	244	246	71	0	0	0	0	203
1374227158	515985	244	248	70	0	0	0	0	205	244	246	69	0	0	0	0	204
1374227159	009110	244	247	64	0	0	0	0	206	244	246	69	0	0	0	0	205
1374227159	502250	244	248	65	0	0	0	0	207	244	246	70	0	0	0	0	206
1374227159	993694	244	248	64	0	0	0	0	208	244	246	71	0	0	0	0	207
1374227160	485582	244	247	65	0	0	0	0	209	244	246	71	0	0	0	0	208
1374227160	976897	244	246	65	0	0	0	0	210	244	246	71	0	0	0	0	209
1374227161	469266	244	248	64	0	0	0	0	211	244	246	71	0	0	0	0	210
1374227161	962405	244	246	65	0	0	0	0	212	244	246	69	0	0	0	0	211
1374227162	455946	244	248	70	0	0	0	0	213	244	246	70	0	0	0	0	212
1374227162	948148	244	248	73	0	0	0	0	214	244	246	69	0	0	0	0	213
1374227163	438520	244	248	72	0	0	0	0	215	244	246	69	0	0	0	0	214
1374227163	931932	244	246	71	0	0	0	0	216	244	246	67	0	0	0	0	215
1374227164	425144	244	247	0	0	0	0	0	217	244	246	71	0	0	0	0	216
1374227164	918420	244	247	73	0	0	0	0	218	244	246	69	0	0	0	0	217
1374227165	411777	244	248	65	0	0	0	0	219	244	246	69	0	0	0	0	218
1374227165	905052	244	248	64	0	0	0	0	220	244	246	68	0	0	0	0	219
1374227166	397415	244	246	64	0	0	0	0	221	244	246	68	0	0	0	0	220
1374227166	890616	244	246	64	0	0	0	0	222	244	246	70	0	0	0	0	221
1374227167	382840	244	246	64	0	0	0	0	223	244	246	69	0	0	0	0	222
1374227167	876603	244	248	64	0	0	0	0	224	244	246	68	0	0	0	0	223
1374227168	368411	244	247	67	0	0	0	0	225	244	246	67	0	0	0	0	224
1374227168	860612	244	248	65	0	0	0	0	226	244	246	67	0	0	0	0	225
1374227169	353127	244	247	65	0	0	0	0	227	244	246	69	142	0	0	0	226
1374227169	846520	244	248	65	0	0	0	0	228	244	246	70	0	0	0	0	227
1374227170	339792	244	247	65	0	0	0	0	229	244	246	69	0	0	0	0	228
1374227170	833147	244	246	64	0	0	0	0	230	244	246	67	0	0	0	0	229
1374227171	326439	244	248	66	0	0	0	0	231	244	246	67	0	0	0	0	230
1374227171	820586	244	247	65	0	0	0	0	232	244	246	67	0	0	0	0	231
1374227172	314005	244	247	69	0	0	0	0	233	244	246	69	0	0	0	0	232
1374227172	806259	244	247	71	0	0	0	0	234	244	246	71	0	0	0	0	233
1374227173	299591	244	247	69	0	0	0	0	235	244	246	69	0	0	0	0	234
1374227173	792860	244	247	66	0	0	0	0	236	244	246	67	0	0	0	0	235
1374227174	285381	244	248	65	0	0	0	0	237	244	246	67	0	0	0	0	236
1374227174	778758	244	247	65	0	0	0	0	238	244	246	70	0	0	0	0	237
1374227175	269983	244	247	66	0	0	0	0	239	244	246	71	0	0	0	0	238
1374227175	763436	244	247	65	0	0	0	0	240	244	246	67	0	0	0	0	239
1374227176	255770	244	248	65	0	0	0	0	241	244	246	67	0	0	0	0	240
1374227176	749076	244	248	65	0	0	0	0	242	244	246	67	0	0	0	0	241
1374227177	242290	244	246	65	0	0	0	0	243	244	246	67	0	0	0	0	242
1374227177	733639	244	248	65	0	0	0	0	244	244	246	67	0	0	0	0	243
1374227178	225976	244	246	68	0	0	0	0	245	244	246	69	0	0	0	0	244
1374227178	719265	244	248	67	0	0	0	0	246	244	247	66	0	0	0	0	245
1374227179	212605	244	247	64	0	0	0	0	247	244	246	66	0	0	0	0	246
1374227179	705861	244	248	0	0	0	0	0	248	244	246	72	0	0	0	0	247
1374227180	199243	244	246	71	0	0	0	0	249	244	246	67	0	0	0	0	248
1374227180	692466	244	247	70	0	0	0	0	250	244	246	67	0	0	0	0	249
1374227181	184721	244	247	71	0	0	0	0	251	244	247	66	0	0	0	0	250
1374227181	677123	244	247	71	0	0	0	0	252	244	246	65	0	0	0	0	251
1374227182	170418	244	247	64	0	0	0	0	253	244	246	66	0	0	0	0	252
1374227182	663846	244	247	63	0	0	0	0	254	244	246	71	0	0	0	0	253
1374227183	156819	244	248	70	0	0	0	0	255	244	246	66	0	0	0	0	254
1374227183	649266	244	248	70	0	0	0	0	256	244	246	67	0	0	0	0	255
1374227184	142461	244	248	71	0	0	0	0	257	244	246	66	0	0	0	0	256
1374227184	634885	244	248	73	0	0	0	0	258	244	246	67	0	0	0	0	257
1374227185	127073	244	246	70	0	0	0	0	259	244	246	0	0	0	0	0	258
1374227185	620560	244	246	71	0	0	0	0	260	244	246	71	0	0	0	0	259
1374227186	113787	244	248	71	0	0	0	0	261	244	246	66	0	0	0	0	260
1374227186	606130	244	246	73	0	0	0	0	262	244	246	65	0	0	0	0	261
1374227187	100365	244	246	71	0	0	0	0	263	244	246	66	0	0	0	0	262
1374227187	593665	244	247	69	0	0	0	0	264	244	246	70	0	0	0	0	263
1374227188	086875	244	246	0	0	0	0	0	265	244	246	66	0	0	0	0	264
1374227188	580041	244	248	76	0	0	0	0	266	244	246	67	0	0	0	0	265
1374227189	072435	244	248	76	0	0	0	0	267	244	246	69	0	0	0	0	266
1374227189	565768	244	246	72	0	0	0	0	268	244	246	67	0	0	0	0	267
1374227190	059206	244	247	69	0	0	0	0	269	244	246	67	0	0	0	0	268
1374227190	552434	244	246	73	0	0	0	0	270	244	246	67	0	0	0	0	269
1374227191	045824	244	248	0	0	0	0	0	271	244	246	68	0	0	0	0	270
1374227191	538158	244	247	65	0	0	0	0	272	244	246	69	0	0	0	0	271
1374227192	031266	244	248	71	0	0	0	0	273	244	246	69	141	0	0	0	272
1374227192	522763	244	248	76	0	0	0	0	274	244	246	67	0	0	0	0	273
1374227193	015829	244	246	70	0	0	0	0	275	244	246	69	0	0	0	0	274
1374227193	506209	244	246	0	0	0	0	0	276	244	246	70	0	0	0	0	275
1374227193	999556	244	248	75	0	0	0	0	277	244	246	0	0	0	0	0	276
1374227194	492933	244	247	71	0	0	0	0	278	244	246	65	0	0	0	0	277
1374227194	985243	244	248	71	0	0	0	0	279	244	246	67	0	0	0	0	278
1374227195	478504	244	246	70	0	0	0	0	280	244	246	64	0	0	0	0	279
1374227195	970814	244	247	73	0	0	0	0	281	244	246	71	0	0	0	0	280
1374227196	463972	244	249	72	0	0	0	0	282	244	246	71	0	0	0	0	281
1374227196	955545	244	248	71	0	0	0	0	283	244	246	73	0	0	0	0	282
1374227197	448922	244	246	71	0	0	0	0	284	244	246	73	0	0	0	0	283
1374227197	942006	244	246	63	130	0	0	0	285	244	246	64	0	0	0	0	284
1374227198	434110	244	246	71	0	0	0	0	286	244	246	68	0	0	0	0	285
1374227198	926307	244	248	72	0	0	0	0	287	244	246	67	0	0	0	0	286
1374227199	417596	244	246	68	0	0	0	0	288	244	246	75	0	0	0	0	287
1374227199	910060	244	248	72	0	0	0	0	289	244	246	63	0	0	0	0	288
1374227200	403445	244	246	76	0	0	0	0	290	244	246	76	0	0	0	0	289
1374227200	895898	244	248	56	0	0	0	0	291	244	246	0	0	0	0	0	290
1374227201	390105	244	248	56	0	0	0	0	292	244	246	69	0	0	0	0	291
1374227201	883269	244	249	0	0	0	0	0	293	244	246	68	0	0	0	0	292
1374227202	376650	244	248	69	0	0	0	0	294	244	246	67	0	0	0	0	293
1374227202	868960	244	248	67	0	0	0	0	295	244	246	67	0	0	0	0	294
1374227203	362122	244	248	69	0	0	0	0	296	244	246	67	0	0	0	0	295
1374227203	854551	244	247	70	0	0	0	0	297	244	246	68	0	0	0	0	296
1374227204	347631	244	246	68	0	0	0	0	298	244	246	70	0	0	0	0	297
1374227204	839194	244	247	69	0	0	0	0	299	244	246	0	0	0	0	0	298
1374227205	332304	244	248	74	0	0	0	0	300	244	246	71	0	0	0	0	299
1374227205	825696	244	247	72	0	0	0	0	301	244	246	71	0	0	0	0	300
1374227206	319078	244	247	0	0	0	0	0	302	244	246	68	0	0	0	0	301
1374227206	812300	244	248	70	0	0	0	0	303	244	246	69	0	0	0	0	302
1374227207	304649	244	247	70	138	0	0	0	304	244	246	70	0	0	0	0	303
1374227207	797983	244	248	0	0	0	0	0	305	244	246	69	0	0	0	0	304
1374227208	290318	244	247	75	0	0	0	0	306	244	246	69	0	0	0	0	305
1374227208	783617	244	246	69	0	0	0	0	307	244	246	70	0	0	0	0	306
1374227209	276769	244	248	69	0	0	0	0	308	244	246	70	0	0	0	0	307
1374227209	769085	244	248	69	0	0	0	0	309	244	246	0	0	0	0	0	308
1374227210	261373	244	248	70	0	0	0	0	310	244	246	76	0	0	0	0	309
1374227210	753672	244	248	0	0	0	0	0	311	244	246	69	0	0	0	0	310
1374227211	246980	244	246	70	0	0	0	0	312	244	246	81	0	0	0	0	311
1374227211	739328	244	246	76	0	0	0	0	313	244	246	72	0	0	0	0	312
1374227212	232631	244	248	77	0	0	0	0	314	244	246	75	0	0	0	0	313
1374227212	725961	244	248	70	0	0	0	0	315	244	246	69	0	0	0	0	314
1374227213	218310	244	246	68	0	0	0	0	316	244	246	69	0	0	0	0	315
1374227213	711419	244	246	68	0	0	0	0	317	244	246	73	0	0	0	0	316
1374227214	203526	244	248	69	0	0	0	0	318	244	246	70	0	0	0	0	317
1374227214	693902	244	247	69	0	0	0	0	319	244	246	72	0	0	0	0	318
1374227215	186227	244	248	70	0	0	0	0	320	244	246	0	0	0	0	0	319
1374227215	679391	244	247	70	0	0	0	0	321	244	246	0	0	0	0	0	320
1374227216	172838	244	246	71	0	0	0	0	322	244	246	0	0	0	0	0	321
1374227216	665838	244	247	71	0	0	0	0	323	244	246	0	0	0	0	0	322
1374227217	159112	244	247	70	0	0	0	0	324	244	246	0	0	0	0	0	323
1374227217	651440	244	246	70	0	0	0	0	325	244	246	0	0	0	0	0	324
1374227218	144798	244	248	70	0	0	0	0	326	244	246	70	0	0	0	0	325
1374227218	637147	244	248	70	0	0	0	0	327	244	246	0	0	0	0	0	326
1374227219	130401	244	247	71	0	0	0	0	328	244	246	69	0	0	0	0	327
1374227219	622727	244	246	71	0	0	0	0	329	244	246	0	0	0	0	0	328
1374227220	115939	244	247	71	0	0	0	0	330	244	246	0	0	0	0	0	329
1374227220	609264	244	248	73	0	0	0	0	331	244	246	0	0	0	0	0	330
1374227221	102613	244	248	0	0	0	0	0	332	244	246	0	0	0	0	0	331
1374227221	595960	244	247	0	0	0	0	0	333	244	246	0	0	0	0	0	332
1374227222	088184	244	246	74	0	0	0	0	334	244	246	0	0	0	0	0	333
1374227222	581458	244	248	69	0	0	0	0	335	244	246	70	0	0	0	0	334
1374227223	074706	244	247	71	0	0	0	0	336	244	246	69	0	0	0	0	335
1374227223	569122	244	247	69	0	0	0	0	337	244	246	71	0	0	0	0	336
1374227224	062304	244	248	70	0	0	0	0	338	244	246	72	0	0	0	0	337
1374227224	555690	244	247	70	0	0	0	0	339	244	246	69	0	0	0	0	338
1374227225	048875	244	247	69	0	0	0	0	340	244	246	69	0	0	0	0	339
1374227225	541465	244	246	69	0	0	0	0	341	244	246	69	0	0	0	0	340
1374227226	034698	244	247	70	0	0	0	0	342	244	246	69	0	0	0	0	341
1374227226	528047	244	248	70	0	0	0	0	343	244	246	69	0	0	0	0	342
1374227227	020210	244	248	70	0	0	0	0	344	244	246	70	0	0	0	0	343
1374227227	513512	244	247	69	0	0	0	0	345	244	246	69	0	0	0	0	344
1374227228	006740	244	247	69	0	0	0	0	346	244	246	69	0	0	0	0	345
1374227228	498018	244	247	71	0	0	0	0	347	244	246	69	0	0	0	0	346
1374227228	990325	244	248	72	0	0	0	0	348	244	246	68	0	0	0	0	347
1374227229	483872	244	248	71	0	0	0	0	349	244	246	69	0	0	0	0	348
1374227229	976974	244	247	70	0	0	0	0	350	244	246	69	0	0	0	0	349
1374227230	468411	244	248	73	0	0	0	0	351	244	246	69	0	0	0	0	350
1374227230	960560	244	247	76	0	0	0	0	352	244	246	69	0	0	0	0	351
1374227231	451994	244	247	70	0	0	0	0	353	244	246	69	0	0	0	0	352
1374227231	944271	244	248	78	0	0	0	0	354	244	246	69	0	0	0	0	353
1374227232	437608	244	247	70	0	0	0	0	355	244	246	69	0	0	0	0	354
1374227232	929951	244	246	76	0	0	0	0	356	244	246	69	0	0	0	0	355
1374227233	421272	244	248	76	0	0	0	0	357	244	246	69	0	0	0	0	356
1374227233	913479	244	247	74	0	0	0	0	358	244	246	70	0	0	0	0	357
1374227234	406755	244	246	77	0	0	0	0	359	244	246	70	0	0	0	0	358
1374227234	899229	244	248	70	0	0	0	0	360	244	246	69	0	0	0	0	359
1374227235	392616	244	248	71	0	0	0	0	361	244	246	69	0	0	0	0	360
1374227235	885906	244	246	70	0	0	0	0	362	244	246	69	0	0	0	0	361
1374227236	378099	244	246	70	0	0	0	0	363	244	246	69	0	0	0	0	362
1374227236	872321	244	248	70	0	0	0	0	364	244	246	69	0	0	0	0	363
1374227237	364809	244	248	69	0	0	0	0	365	244	246	69	0	0	0	0	364
1374227237	856972	244	248	70	0	0	0	0	366	244	246	82	0	0	0	0	365
1374227238	349243	244	248	70	0	0	0	0	367	244	246	75	0	0	0	0	366
1374227238	842586	244	248	69	0	0	0	0	368	244	246	70	0	0	0	0	367
1374227239	336061	244	246	69	0	0	0	0	369	244	246	69	0	0	0	0	368
1374227239	828319	244	249	69	0	0	0	0	370	244	246	70	0	0	0	0	369
1374227240	321560	244	248	69	0	0	0	0	371	244	246	70	0	0	0	0	370
1374227240	813889	244	248	69	0	0	0	0	372	244	246	71	0	0	0	0	371
1374227241	307185	244	246	69	0	0	0	0	373	244	246	71	0	0	0	0	372
1374227241	800470	244	248	69	0	0	0	0	374	244	246	71	0	0	0	0	373
1374227242	293732	244	246	69	0	0	0	0	375	244	246	71	0	0	0	0	374
1374227242	786191	244	248	70	0	0	0	0	376	244	246	75	0	0	0	0	375
1374227243	279451	244	246	69	0	0	0	0	377	244	246	69	0	0	0	0	376
1374227243	772770	244	246	71	0	0	0	0	378	244	246	69	0	0	0	0	377
1374227244	266215	244	248	70	0	0	0	0	379	244	246	69	0	0	0	0	378
1374227244	759254	244	247	70	0	0	0	0	380	244	246	69	0	0	0	0	379
1374227245	252751	244	247	72	0	0	0	0	381	244	246	65	0	0	0	0	380
1374227245	746089	244	248	69	0	0	0	0	382	244	246	69	0	0	0	0	381
1374227246	239552	244	248	69	0	0	0	0	383	244	246	69	0	0	0	0	382
1374227246	732728	244	249	71	0	0	0	0	384	244	246	69	0	0	0	0	383
1374227247	225095	244	247	71	0	0	0	0	385	244	246	69	0	0	0	0	384
1374227247	718213	244	248	71	0	0	0	0	386	244	246	69	0	0	0	0	385
1374227248	210410	244	249	74	0	0	0	0	387	244	246	69	0	0	0	0	386
1374227248	703785	244	248	73	0	0	0	0	388	244	246	69	0	0	0	0	387
1374227249	197118	244	247	0	0	0	0	0	389	244	246	69	0	0	0	0	388
1374227249	688635	244	247	73	0	0	0	0	390	244	246	0	0	0	0	0	389
1374227250	182734	244	247	70	0	0	0	0	391	244	246	69	0	0	0	0	390
1374227250	675162	244	248	74	0	0	0	0	392	244	246	69	0	0	0	0	391
1374227251	168387	244	247	0	0	0	0	0	393	244	246	69	0	0	0	0	392
1374227251	661780	244	247	0	0	0	0	0	394	244	246	69	0	0	0	0	393
1374227252	155205	244	248	0	0	0	0	0	395	244	246	70	0	0	0	0	394
1374227252	648269	244	248	0	0	0	0	0	396	244	246	70	0	0	0	0	395
1374227253	141570	244	247	0	0	0	0	0	397	244	246	70	0	0	0	0	396
1374227253	633809	244	248	0	0	0	0	0	398	244	246	69	0	0	0	0	397
1374227254	126166	244	249	0	0	0	0	0	399	244	246	69	0	0	0	0	398
1374227254	619555	244	248	0	0	0	0	0	400	244	246	70	0	0	0	0	399
1374227255	111936	244	248	71	0	0	0	0	401	244	246	71	0	0	0	0	400
1374227255	605149	244	248	0	0	0	0	0	402	244	246	70	0	0	0	0	401
1374227256	098435	244	247	73	0	0	0	0	403	244	246	70	0	0	0	0	402
1374227256	591624	244	246	72	0	0	0	0	404	244	246	74	0	0	0	0	403
1374227257	084973	244	247	73	0	0	0	0	405	244	246	0	0	0	0	0	404
1374227257	577456	244	248	70	0	0	0	0	406	244	246	71	0	0	0	0	405
1374227258	069634	244	247	72	0	0	0	0	407	244	246	69	0	0	0	0	406
1374227258	562679	244	248	72	0	0	0	0	408	244	246	71	0	0	0	0	407
1374227259	056033	244	248	71	0	0	0	0	409	244	246	134	0	0	0	0	408
1374227259	549201	244	246	71	0	0	0	0	410	244	246	0	0	0	0	0	409
1374227260	041662	244	247	71	0	0	0	0	411	244	246	0	0	0	0	0	410
1374227260	537782	244	246	56	0	0	0	0	412	244	246	0	0	0	0	0	411
1374227261	031235	244	247	76	0	0	0	0	413	244	246	71	0	0	0	0	412
1374227261	523428	244	246	57	0	0	0	0	414	244	246	69	0	0	0	0	413
1374227262	016715	244	249	73	0	0	0	0	415	244	246	69	0	0	0	0	414
1374227262	509041	244	246	73	0	0	0	0	416	244	246	70	0	0	0	0	415
1374227263	001244	244	247	73	0	0	0	0	417	244	246	70	0	0	0	0	416
1374227263	493675	244	247	72	0	0	0	0	418	244	246	69	0	0	0	0	417
1374227263	987046	244	247	72	0	0	0	0	419	244	246	71	0	0	0	0	418
1374227264	479307	244	248	72	0	0	0	0	420	244	246	72	0	0	0	0	419
1374227264	971873	244	247	56	0	0	0	0	421	244	246	70	0	0	0	0	420
1374227265	463923	244	249	78	0	0	0	0	422	244	246	69	0	0	0	0	421
1374227265	956249	244	246	72	0	0	0	0	423	244	246	69	0	0	0	0	422
1374227266	449542	244	246	73	0	0	0	0	424	244	246	68	0	0	0	0	423
1374227266	943013	244	248	74	0	0	0	0	425	244	246	69	0	0	0	0	424
1374227267	436260	244	248	73	0	0	0	0	426	244	246	71	0	0	0	0	425
1374227267	929561	244	247	0	0	0	0	0	427	244	247	71	0	0	0	0	426
1374227268	423944	244	246	0	0	0	0	0	428	244	246	72	0	0	0	0	427
1374227268	916034	244	246	71	0	0	0	0	429	244	246	0	0	0	0	0	428
1374227269	409442	244	246	70	0	0	0	0	430	244	246	69	0	0	0	0	429
1374227269	902865	244	248	71	0	0	0	0	431	244	246	69	0	0	0	0	430
1374227270	396212	244	248	71	0	0	0	0	432	244	246	69	0	0	0	0	431
1374227270	889288	244	246	71	0	0	0	0	433	244	246	71	0	0	0	0	432
1374227271	382691	244	248	72	0	0	0	0	434	244	246	0	0	0	0	0	433
1374227271	875982	244	248	72	0	0	0	0	435	244	246	0	0	0	0	0	434
1374227272	368269	244	248	72	0	0	0	0	436	244	246	77	0	0	0	0	435
1374227272	861407	244	248	70	0	0	0	0	437	244	246	0	0	0	0	0	436
1374227273	352916	244	247	70	0	0	0	0	438	244	246	71	0	0	0	0	437
1374227273	846254	244	246	70	0	0	0	0	439	244	246	69	0	0	0	0	438
1374227274	339636	244	248	71	0	0	0	0	440	244	246	72	0	0	0	0	439
1374227274	832886	244	247	71	0	0	0	0	441	244	246	0	0	0	0	0	440
1374227275	325177	244	248	72	0	0	0	0	442	244	246	0	0	0	0	0	441
1374227275	818547	244	248	72	0	0	0	0	443	244	246	0	0	0	0	0	442
1374227276	310672	244	248	72	0	0	0	0	444	244	246	0	0	0	0	0	443
1374227276	804142	244	246	73	0	0	0	0	445	244	246	63	0	0	0	0	444
1374227277	297310	244	246	71	0	0	0	0	446	244	246	78	0	0	0	0	445
1374227277	790404	244	248	72	0	0	0	0	447	244	246	69	0	0	0	0	446
1374227278	284050	244	248	73	0	0	0	0	448	244	246	71	0	0	0	0	447
1374227278	776002	244	249	71	0	0	0	0	449	244	246	63	0	0	0	0	448
1374227279	269493	244	246	69	0	0	0	0	450	244	246	64	137	0	0	0	449
1374227279	762745	244	247	68	0	0	0	0	451	244	246	62	0	0	0	0	450
1374227280	256029	244	247	73	0	0	0	0	452	244	246	69	0	0	0	0	451
1374227280	749322	244	247	69	0	0	0	0	453	244	246	42	0	0	0	0	452
1374227281	243682	244	248	66	0	0	0	0	454	244	246	39	0	0	0	0	453
1374227281	735997	244	247	69	0	0	0	0	455	244	246	40	0	0	0	0	454
1374227282	228259	244	248	66	0	0	0	0	456	244	246	40	0	0	0	0	455
1374227282	721464	244	249	66	0	0	0	0	457	244	245	0	0	0	0	0	456
1374227283	215539	244	247	65	0	0	0	0	458	244	246	0	0	0	0	0	457
1374227283	708974	244	248	66	0	0	0	0	459	244	246	40	0	0	0	0	458
1374227284	202231	244	247	67	0	0	0	0	460	244	246	40	0	0	0	0	459
1374227284	694584	244	247	66	0	0	0	0	461	244	246	40	0	0	0	0	460
1374227285	187986	244	246	66	0	0	0	0	462	244	246	39	0	0	0	0	461
1374227285	680329	244	248	66	0	0	0	0	463	244	246	41	0	0	0	0	462
1374227286	173442	244	247	65	0	0	0	0	464	244	246	41	0	0	0	0	463
1374227286	665852	244	248	65	0	0	0	0	465	244	246	41	0	0	0	0	464
1374227287	159012	244	246	67	0	0	0	0	466	244	246	40	0	0	0	0	465
1374227287	652441	244	247	0	0	0	0	0	467	244	246	41	0	0	0	0	466
1374227288	145711	244	247	66	0	0	0	0	468	244	246	40	0	0	0	0	467
1374227288	636877	244	247	65	0	0	0	0	469	244	246	39	0	0	0	0	468
1374227289	129201	244	247	65	0	0	0	0	470	244	245	40	118	0	0	0	469
1374227289	620493	244	246	65	0	0	0	0	471	244	246	40	0	0	0	0	470
1374227290	113789	244	247	66	0	0	0	0	472	244	246	40	0	0	0	0	471
1374227290	607228	244	247	66	0	0	0	0	473	244	246	41	0	0	0	0	472
1374227291	100501	244	248	66	0	0	0	0	474	244	246	41	0	0	0	0	473
1374227291	592832	244	246	66	0	0	0	0	475	244	246	41	0	0	0	0	474
1374227292	086216	244	247	66	0	0	0	0	476	244	246	41	0	0	0	0	475
1374227292	579377	244	247	67	0	0	0	0	477	244	246	41	0	0	0	0	476
1374227293	071643	244	248	67	0	0	0	0	478	244	246	41	0	0	0	0	477
1374227293	564216	244	247	67	0	0	0	0	479	244	246	40	0	0	0	0	478
1374227294	057349	244	246	66	0	0	0	0	480	244	246	40	0	0	0	0	479
1374227294	550572	244	248	66	0	0	0	0	481	244	246	40	0	0	0	0	480
1374227295	042971	244	246	66	0	0	0	0	482	244	246	40	0	0	0	0	481
1374227295	535088	244	248	66	0	0	0	0	483	244	245	40	0	0	0	0	482
1374227296	026427	244	247	66	0	0	0	0	484	244	246	41	0	0	0	0	483
1374227296	518892	244	247	66	0	0	0	0	485	244	246	40	0	0	0	0	484
1374227297	012075	244	247	66	0	0	0	0	486	244	246	40	0	0	0	0	485
1374227297	505583	244	247	66	0	0	0	0	487	244	246	40	0	0	0	0	486
1374227297	998620	244	247	66	0	0	0	0	488	244	246	40	0	0	0	0	487
1374227298	488984	244	248	66	0	0	0	0	489	244	246	40	0	0	0	0	488
1374227298	982495	244	248	66	0	0	0	0	490	244	246	41	0	0	0	0	489
1374227299	476590	244	248	66	0	0	0	0	491	244	246	40	0	0	0	0	490
1374227299	969023	244	246	66	0	0	0	0	492	244	245	40	0	0	0	0	491
1374227300	461300	244	248	66	0	0	0	0	493	244	246	40	0	0	0	0	492
1374227300	953753	244	246	66	0	0	0	0	494	244	246	40	0	0	0	0	493
1374227301	446837	244	247	66	0	0	0	0	495	244	246	40	0	0	0	0	494
1374227301	940301	244	246	67	0	0	0	0	496	244	246	61	0	0	0	0	495
1374227302	433367	244	248	0	0	0	0	0	497	244	246	65	0	0	0	0	496
1374227302	925568	244	248	69	0	0	0	0	498	244	246	64	0	0	0	0	497
1374227303	418061	244	248	68	0	0	0	0	499	244	245	66	0	0	0	0	498
1374227303	910466	244	247	67	0	0	0	0	500	244	246	66	0	0	0	0	499
1374227304	403679	244	248	67	0	0	0	0	501	244	246	68	0	0	0	0	500
1374227304	897004	244	248	67	0	0	0	0	502	244	246	66	0	0	0	0	501
1374227305	390275	244	246	67	0	0	0	0	503	244	246	66	0	0	0	0	502
1374227305	883583	244	246	67	0	0	0	0	504	244	246	67	0	0	0	0	503
1374227306	377901	244	247	67	0	0	0	0	505	244	246	67	0	0	0	0	504
1374227306	871171	244	247	67	0	0	0	0	506	244	246	66	0	0	0	0	505
1374227307	364530	244	248	67	0	0	0	0	507	244	246	67	0	0	0	0	506
1374227307	857691	244	247	67	0	0	0	0	508	244	246	67	0	0	0	0	507
1374227308	350096	244	247	67	0	0	0	0	509	244	246	67	0	0	0	0	508
1374227308	843388	244	248	67	0	0	0	0	510	244	246	67	0	0	0	0	509
1374227309	335425	244	248	0	0	0	0	0	511	244	246	66	0	0	0	0	510
1374227309	827922	244	246	0	0	0	0	0	512	244	246	67	0	0	0	0	511
1374227310	321273	244	248	67	0	0	0	0	513	244	246	71	0	0	0	0	512
1374227310	814690	244	247	67	0	0	0	0	514	244	246	65	0	0	0	0	513
1374227311	305775	244	248	69	0	0	0	0	515	244	246	65	0	0	0	0	514
1374227311	798139	244	248	69	0	0	0	0	516	244	246	64	0	0	0	0	515
1374227312	291603	244	248	60	0	0	0	0	517	244	246	70	0	0	0	0	516
1374227312	784728	244	248	73	0	0	0	0	518	244	246	68	0	0	0	0	517
1374227313	277980	244	248	72	0	0	0	0	519	244	246	74	0	0	0	0	518
1374227313	771302	244	247	76	0	0	0	0	520	244	246	72	0	0	0	0	519
1374227314	264716	244	248	67	0	0	0	0	521	244	246	74	0	0	0	0	520
1374227314	758046	244	247	74	0	0	0	0	522	244	246	71	0	0	0	0	521
1374227315	251387	244	248	0	0	0	0	0	523	244	246	78	0	0	0	0	522
1374227315	744713	244	247	62	0	0	0	0	524	244	246	67	0	0	0	0	523
1374227316	236881	244	246	67	0	0	0	0	525	244	246	64	0	0	0	0	524
1374227316	730138	244	248	65	0	0	0	0	526	244	246	65	0	0	0	0	525
1374227317	223352	244	247	72	0	0	0	0	527	244	246	63	0	0	0	0	526
1374227317	716739	244	248	62	0	0	0	0	528	244	246	0	0	0	0	0	527
1374227318	209830	244	247	0	0	0	0	0	529	244	246	0	0	0	0	0	528
1374227318	703133	244	247	63	0	0	0	0	530	244	246	62	0	0	0	0	529
1374227319	196585	244	246	63	0	0	0	0	531	244	246	64	0	0	0	0	530
1374227319	689747	244	246	62	0	0	0	0	532	244	246	62	0	0	0	0	531
1374227320	183168	244	248	62	0	0	0	0	533	244	246	0	0	0	0	0	532
1374227320	676554	244	249	62	0	0	0	0	534	244	246	0	0	0	0	0	533
1374227321	168705	244	246	62	0	0	0	0	535	244	246	63	0	0	0	0	534
1374227321	661962	244	248	61	0	0	0	0	536	244	246	63	0	0	0	0	535
1374227322	154387	244	246	62	0	0	0	0	537	244	246	63	0	0	0	0	536
1374227322	646630	244	247	64	0	0	0	0	538	244	246	63	0	0	0	0	537
1374227323	139780	244	248	58	0	0	0	0	539	244	246	64	0	0	0	0	538
1374227323	633326	244	247	0	0	0	0	0	540	244	245	64	0	0	0	0	539
1374227324	126547	244	247	47	0	0	0	0	541	244	245	67	0	0	0	0	540
1374227324	618691	244	246	48	0	0	0	0	542	244	245	60	0	0	0	0	541
1374227325	110965	244	248	48	0	0	0	0	543	244	244	58	0	0	0	0	542
1374227325	603378	244	247	0	0	0	0	0	544	244	244	61	0	0	0	0	543
1374227326	096504	244	246	57	0	0	0	0	545	244	244	57	0	0	0	0	544
1374227326	589888	244	248	48	0	0	0	0	546	244	245	58	0	0	0	0	545
1374227327	081229	244	247	58	0	0	0	0	547	244	245	57	0	0	0	0	546
1374227327	572518	244	246	49	0	0	0	0	548	244	244	60	0	0	0	0	547
1374227328	064884	244	246	49	0	0	0	0	549	244	245	63	0	0	0	0	548
1374227328	558300	244	248	49	0	0	0	0	550	244	245	64	0	0	0	0	549
1374227329	051380	244	247	49	0	0	0	0	551	244	245	65	0	0	0	0	550
1374227329	544802	244	247	49	0	0	0	0	552	244	245	66	0	0	0	0	551
1374227330	037252	244	248	0	0	0	0	0	553	244	245	63	0	0	0	0	552
1374227330	529346	244	247	47	0	0	0	0	554	244	245	57	0	0	0	0	553
1374227331	021742	244	248	49	0	0	0	0	555	244	244	58	0	0	0	0	554
1374227331	514062	244	248	50	0	0	0	0	556	244	244	56	0	0	0	0	555
1374227332	007421	244	247	58	0	0	0	0	557	244	245	57	0	0	0	0	556
1374227332	500775	244	248	58	0	0	0	0	558	244	244	64	0	0	0	0	557
1374227332	993861	244	246	49	0	0	0	0	559	244	245	58	0	0	0	0	558
1374227333	486355	244	247	59	0	0	0	0	560	244	245	57	0	0	0	0	559
1374227333	979446	244	247	49	0	0	0	0	561	244	245	62	0	0	0	0	560
1374227334	470813	244	246	48	0	0	0	0	562	244	245	63	0	0	0	0	561
1374227334	964180	244	246	49	0	0	0	0	563	244	244	57	0	0	0	0	562
1374227335	456573	244	248	49	0	0	0	0	564	244	245	59	0	0	0	0	563
1374227335	949839	244	248	48	0	0	0	0	565	244	244	62	0	0	0	0	564
1374227336	443214	244	247	49	0	0	0	0	566	244	245	64	0	0	0	0	565
1374227336	936489	244	248	49	0	0	0	0	567	244	245	64	0	0	0	0	566
1374227337	428843	244	247	49	0	0	0	0	568	244	244	0	0	0	0	0	567
1374227337	921026	244	246	49	0	0	0	0	569	244	245	63	0	0	0	0	568
1374227338	414390	244	247	49	0	0	0	0	570	244	244	63	0	0	0	0	569
1374227338	907544	244	246	49	0	0	0	0	571	244	245	62	0	0	0	0	570
1374227339	401060	244	247	49	0	0	0	0	572	244	245	64	0	0	0	0	571
1374227339	894259	244	248	49	0	0	0	0	573	244	245	63	0	0	0	0	572
1374227340	387633	244	248	49	0	0	0	0	574	244	245	63	0	0	0	0	573
1374227340	880873	244	248	49	0	0	0	0	575	244	244	65	0	0	0	0	574
1374227341	373357	244	247	48	0	0	0	0	576	244	245	58	0	0	0	0	575
1374227341	866617	244	247	48	0	0	0	0	577	244	245	60	0	0	0	0	576
1374227342	359913	244	246	49	0	0	0	0	578	244	245	61	0	0	0	0	577
1374227342	853023	244	246	49	0	0	0	0	579	244	244	58	0	0	0	0	578
1374227343	346277	244	248	49	0	0	0	0	580	244	244	58	0	0	0	0	579
1374227343	839706	244	247	58	0	0	0	0	581	244	245	58	0	0	0	0	580
1374227344	333060	244	247	50	0	0	0	0	582	244	244	58	0	0	0	0	581
1374227344	825131	244	247	49	0	0	0	0	583	244	244	60	0	0	0	0	582
1374227345	317519	244	247	49	0	0	0	0	584	244	244	60	0	0	0	0	583
1374227345	811000	244	247	49	0	0	0	0	585	244	244	61	0	0	0	0	584
1374227346	304122	244	247	50	0	0	0	0	586	244	245	0	0	0	0	0	585
1374227346	797347	244	248	50	0	0	0	0	587	244	244	0	0	0	0	0	586
1374227347	288718	244	246	48	0	0	0	0	588	244	245	0	0	0	0	0	587
1374227347	781084	244	248	47	0	0	0	0	589	244	244	60	0	0	0	0	588
1374227348	274371	244	248	47	0	0	0	0	590	244	244	60	0	0	0	0	589
1374227348	767543	244	247	47	0	0	0	0	591	244	244	60	0	0	0	0	590
1374227349	260824	244	248	47	0	0	0	0	592	244	245	60	0	0	0	0	591
1374227349	753216	244	248	47	0	0	0	0	593	244	244	62	0	0	0	0	592
1374227350	245380	244	247	47	0	0	0	0	594	244	245	60	0	0	0	0	593
1374227350	739663	244	247	47	0	0	0	0	595	244	245	59	0	0	0	0	594
1374227351	233054	244	248	48	0	0	0	0	596	244	245	58	0	0	0	0	595
1374227351	726340	244	248	48	0	0	0	0	597	244	245	58	0	0	0	0	596
1374227352	219675	244	246	47	0	0	0	0	598	244	245	62	0	0	0	0	597
1374227352	711965	244	247	48	0	0	0	0	599	244	245	62	0	0	0	0	598
1374227353	205274	244	248	0	0	0	0	0	600	244	244	62	0	0	0	0	599
1374227353	698400	244	247	58	0	0	0	0	601	244	245	60	0	0	0	0	600
1374227354	191800	244	248	58	0	0	0	0	602	244	244	58	0	0	0	0	601
1374227354	684979	244	247	51	0	0	0	0	603	244	244	58	0	0	0	0	602
1374227355	176498	244	247	49	0	0	0	0	604	244	245	59	0	0	0	0	603
1374227355	668803	244	247	49	0	0	0	0	605	244	244	0	0	0	0	0	604
1374227356	162013	244	247	49	0	0	0	0	606	244	245	0	0	0	0	0	605
1374227356	653379	244	247	48	0	0	0	0	607	244	245	0	0	0	0	0	606
1374227357	145828	244	248	47	0	0	0	0	608	244	245	58	0	0	0	0	607
1374227357	638958	244	246	48	0	0	0	0	609	244	244	57	0	0	0	0	608
1374227358	132516	244	248	48	0	0	0	0	610	244	244	58	0	0	0	0	609
1374227358	623453	244	248	48	0	0	0	0	611	244	245	0	0	0	0	0	610
1374227359	115959	244	248	48	0	0	0	0	612	244	245	0	0	0	0	0	611
1374227359	609293	244	248	48	0	0	0	0	613	244	245	0	0	0	0	0	612
1374227360	102624	244	248	47	0	0	0	0	614	244	244	58	0	0	0	0	613
1374227360	595973	244	248	47	0	0	0	0	615	244	245	0	0	0	0	0	614
1374227361	088239	244	246	47	0	0	0	0	616	244	244	58	0	0	0	0	615
1374227361	581689	244	248	47	0	0	0	0	617	244	245	58	0	0	0	0	616
1374227362	074912	244	246	47	0	0	0	0	618	244	245	64	0	0	0	0	617
1374227362	567191	244	247	48	0	0	0	0	619	244	245	63	0	0	0	0	618
1374227363	060167	244	246	47	0	0	0	0	620	244	245	62	0	0	0	0	619
1374227363	552652	244	246	60	0	0	0	0	621	244	244	64	0	0	0	0	620
1374227364	045030	244	248	48	0	0	0	0	622	244	245	58	0	0	0	0	621
1374227364	538217	244	248	62	0	0	0	0	623	244	245	64	0	0	0	0	622
1374227365	030861	244	246	57	0	0	0	0	624	244	246	60	0	0	0	0	623
1374227365	524001	244	248	54	0	0	0	0	625	244	245	58	0	0	0	0	624
1374227366	017360	244	247	53	0	0	0	0	626	244	244	53	0	0	0	0	625
1374227366	510634	244	247	52	0	0	0	0	627	244	245	51	0	0	0	0	626
1374227367	003017	244	247	52	0	0	0	0	628	244	245	55	0	0	0	0	627
1374227367	496225	244	248	53	0	0	0	0	629	244	245	59	0	0	0	0	628
1374227367	986537	244	248	51	0	0	0	0	630	244	244	56	0	0	0	0	629
1374227368	479908	244	248	58	0	0	0	0	631	244	242	56	137	0	0	0	630
1374227368	973217	244	246	57	0	0	0	0	632	244	242	56	0	0	0	0	631
1374227369	465564	244	248	55	0	0	0	0	633	244	242	55	0	0	0	0	632
1374227369	960010	244	248	55	0	0	0	0	634	244	242	54	0	0	0	0	633
1374227370	453317	244	248	56	0	0	0	0	635	244	242	53	0	0	0	0	634
1374227370	946574	244	248	55	137	0	0	0	636	244	242	0	0	0	0	0	635
1374227371	439847	244	247	56	0	0	0	0	637	244	242	53	0	0	0	0	636
1374227371	934168	244	248	55	0	0	0	0	638	244	243	52	0	0	0	0	637
1374227372	427553	244	247	55	0	0	0	0	639	244	243	52	0	0	0	0	638
1374227372	919842	244	247	55	0	0	0	0	640	244	243	52	0	0	0	0	639
1374227373	412180	244	248	55	0	0	0	0	641	244	243	52	0	0	0	0	640
1374227373	904495	244	247	54	0	0	0	0	642	244	243	54	0	0	0	0	641
1374227374	397853	244	247	55	0	0	0	0	643	244	243	56	0	0	0	0	642
1374227374	891092	244	248	56	0	0	0	0	644	244	243	54	0	0	0	0	643
1374227375	384330	244	247	56	0	0	0	0	645	244	243	53	0	0	0	0	644
1374227375	876666	244	247	56	0	0	0	0	646	244	243	56	0	0	0	0	645
1374227376	369030	244	247	55	0	0	0	0	647	244	244	53	0	0	0	0	646
1374227376	860305	244	247	56	0	0	0	0	648	244	244	55	0	0	0	0	647
1374227377	353597	244	248	56	0	0	0	0	649	244	245	55	0	0	0	0	648
1374227377	844965	244	248	56	0	0	0	0	650	244	245	55	0	0	0	0	649
1374227378	338212	244	248	56	0	0	0	0	651	244	244	55	0	0	0	0	650
1374227378	831620	244	246	57	0	0	0	0	652	244	245	55	0	0	0	0	651
1374227379	324846	244	246	56	0	0	0	0	653	244	244	55	0	0	0	0	652
1374227379	817353	244	247	57	0	0	0	0	654	244	245	54	0	0	0	0	653
1374227380	310459	244	247	57	0	0	0	0	655	244	245	55	0	0	0	0	654
1374227380	803775	244	248	56	0	0	0	0	656	244	244	55	0	0	0	0	655
1374227381	297155	244	248	56	0	0	0	0	657	244	245	56	0	0	0	0	656
1374227381	790415	244	246	53	0	0	0	0	658	244	244	55	0	0	0	0	657
1374227382	282803	244	248	56	0	0	0	0	659	244	243	54	0	0	0	0	658
1374227382	775075	244	247	56	0	0	0	0	660	244	243	54	0	0	0	0	659
1374227383	268343	244	247	56	0	0	0	0	661	244	243	54	0	0	0	0	660
1374227383	761711	244	247	56	0	0	0	0	662	244	243	54	0	0	0	0	661
1374227384	254063	244	246	55	0	0	0	0	663	244	242	54	0	0	0	0	662
1374227384	747387	244	248	55	0	0	0	0	664	244	243	54	0	0	0	0	663
1374227385	240793	244	248	55	0	0	0	0	665	244	243	53	0	0	0	0	664
1374227385	734120	244	248	56	0	0	0	0	666	244	243	53	0	0	0	0	665
1374227386	226414	244	246	56	0	0	0	0	667	244	243	53	0	0	0	0	666
1374227386	719642	244	246	57	0	0	0	0	668	244	243	53	0	0	0	0	667
1374227387	212904	244	247	57	0	0	0	0	669	244	243	53	0	0	0	0	668
1374227387	706094	244	248	56	0	0	0	0	670	244	243	53	0	0	0	0	669
1374227388	198355	244	248	56	0	0	0	0	671	244	243	53	0	0	0	0	670
1374227388	690852	244	246	56	0	0	0	0	672	244	243	53	0	0	0	0	671
1374227389	183931	244	248	55	0	0	0	0	673	244	243	54	0	0	0	0	672
1374227389	676494	244	247	54	0	0	0	0	674	244	243	57	0	0	0	0	673
1374227390	169761	244	247	54	0	0	0	0	675	244	243	53	0	0	0	0	674
1374227390	663126	244	247	55	0	0	0	0	676	244	244	55	0	0	0	0	675
1374227391	156493	244	248	55	0	0	0	0	677	244	243	53	0	0	0	0	676
1374227391	648659	244	247	55	0	0	0	0	678	244	243	0	0	0	0	0	677
1374227392	141937	244	247	54	0	0	0	0	679	244	245	56	0	0	0	0	678
1374227392	635311	244	248	56	0	0	0	0	680	244	246	0	0	0	0	0	679
1374227393	128522	244	248	51	0	0	0	0	681	244	245	60	0	0	0	0	680
1374227393	621674	244	247	50	0	0	0	0	682	244	246	60	0	0	0	0	681
1374227394	114147	244	247	52	0	0	0	0	683	244	245	66	0	0	0	0	682
1374227394	606287	244	247	51	0	0	0	0	684	244	245	58	0	0	0	0	683
1374227395	099738	244	247	54	0	0	0	0	685	244	245	62	0	0	0	0	684
1374227395	594067	244	248	58	0	0	0	0	686	244	244	0	0	0	0	0	685
1374227396	087189	244	248	48	0	0	0	0	687	244	245	68	0	0	0	0	686
1374227396	580637	244	248	47	0	0	0	0	688	244	244	62	0	0	0	0	687
1374227397	072954	244	246	0	0	0	0	0	689	244	244	62	0	0	0	0	688
1374227397	566243	244	247	0	0	0	0	0	690	244	244	60	0	0	0	0	689
1374227398	059454	244	246	50	0	0	0	0	691	244	244	0	0	0	0	0	690
1374227398	551674	244	246	50	0	0	0	0	692	244	245	64	0	0	0	0	691
1374227399	043185	244	248	0	0	0	0	0	693	244	244	60	0	0	0	0	692
1374227399	536256	244	248	56	0	0	0	0	694	244	245	60	0	0	0	0	693
1374227400	029564	244	248	0	0	0	0	0	695	244	245	60	0	0	0	0	694
1374227400	520881	244	248	49	0	0	0	0	696	244	245	0	0	0	0	0	695
1374227401	012307	244	247	49	0	0	0	0	697	244	245	0	0	0	0	0	696
1374227401	504653	244	246	48	0	0	0	0	698	244	245	0	0	0	0	0	697
1374227401	997904	244	248	49	0	0	0	0	699	244	245	58	0	0	0	0	698
1374227402	490182	244	246	49	0	0	0	0	700	244	245	58	0	0	0	0	699
1374227402	982354	244	246	49	0	0	0	0	701	244	245	58	0	0	0	0	700
1374227403	473802	244	247	49	0	0	0	0	702	244	245	58	0	0	0	0	701
1374227403	967016	244	247	49	0	0	0	0	703	244	245	59	0	0	0	0	702
1374227404	460464	244	246	49	0	0	0	0	704	244	245	65	0	0	0	0	703
1374227404	953870	244	248	49	0	0	0	0	705	244	245	60	0	0	0	0	704
1374227405	447016	244	247	57	0	0	0	0	706	244	245	64	0	0	0	0	705
1374227405	938537	244	246	52	0	0	0	0	707	244	245	64	0	0	0	0	706
1374227406	431913	244	246	50	0	0	0	0	708	244	245	61	0	0	0	0	707
1374227406	925006	244	248	49	0	0	0	0	709	244	245	60	0	0	0	0	708
1374227407	417252	244	248	50	0	0	0	0	710	244	245	60	0	0	0	0	709
1374227407	909513	244	246	51	0	0	0	0	711	244	245	65	0	0	0	0	710
1374227408	401734	244	248	49	0	0	0	0	712	244	245	64	0	0	0	0	711
1374227408	895103	244	249	49	0	0	0	0	713	244	245	58	0	0	0	0	712
1374227409	388431	244	248	49	0	0	0	0	714	244	245	61	0	0	0	0	713
1374227409	880728	244	248	49	0	0	0	0	715	244	245	0	0	0	0	0	714
1374227410	373138	244	247	49	0	0	0	0	716	244	244	0	0	0	0	0	715
1374227410	865284	244	248	49	0	0	0	0	717	244	245	62	0	0	0	0	716
1374227411	357598	244	247	49	0	0	0	0	718	244	245	62	0	0	0	0	717
1374227411	849870	244	247	49	0	0	0	0	719	244	245	61	0	0	0	0	718
1374227412	343439	244	247	49	0	0	0	0	720	244	245	61	0	0	0	0	719
1374227412	836713	244	248	49	0	0	0	0	721	244	245	62	0	0	0	0	720
1374227413	329931	244	248	49	0	0	0	0	722	244	245	0	0	0	0	0	721
1374227413	823126	244	248	49	0	0	0	0	723	244	245	58	0	0	0	0	722
1374227414	316505	244	246	49	0	0	0	0	724	244	245	58	0	0	0	0	723
1374227414	808833	244	248	49	0	0	0	0	725	244	245	58	0	0	0	0	724
1374227415	301056	244	248	49	0	0	0	0	726	244	245	58	0	0	0	0	725
1374227415	794370	244	248	49	0	0	0	0	727	244	245	60	0	0	0	0	726
1374227416	287497	244	247	49	0	0	0	0	728	244	245	59	0	0	0	0	727
1374227416	779943	244	247	50	0	0	0	0	729	244	245	59	0	0	0	0	728
1374227417	273486	244	248	51	0	0	0	0	730	244	245	58	0	0	0	0	729
1374227417	765659	244	247	59	0	0	0	0	731	244	245	58	0	0	0	0	730
1374227418	257877	244	246	57	0	0	0	0	732	244	245	58	0	0	0	0	731
1374227418	751026	244	247	60	0	0	0	0	733	244	245	59	0	0	0	0	732
1374227419	243577	244	248	52	0	0	0	0	734	244	245	58	0	0	0	0	733
1374227419	735784	244	247	51	0	0	0	0	735	244	245	58	0	0	0	0	734
1374227420	229133	244	248	50	0	0	0	0	736	244	245	58	0	0	0	0	735
1374227420	722531	244	248	49	0	0	0	0	737	244	245	61	0	0	0	0	736
1374227421	214859	244	247	49	0	0	0	0	738	244	245	0	0	0	0	0	737
1374227421	707180	244	247	50	0	0	0	0	739	244	245	0	0	0	0	0	738
1374227422	200250	244	246	49	0	0	0	0	740	244	245	0	0	0	0	0	739
1374227422	693673	244	248	49	0	0	0	0	741	244	245	0	0	0	0	0	740
1374227423	185784	244	246	49	0	0	0	0	742	244	244	0	0	0	0	0	741
1374227423	679176	244	247	49	0	0	0	0	743	244	245	60	0	0	0	0	742
1374227424	171592	244	246	54	0	0	0	0	744	244	244	58	0	0	0	0	743
1374227424	664742	244	247	0	0	0	0	0	745	244	246	65	142	0	0	0	744
1374227425	158995	244	246	54	0	0	0	0	746	244	246	0	0	0	0	0	745
1374227425	651354	244	246	59	0	0	0	0	747	244	246	61	0	0	0	0	746
1374227426	144721	244	247	0	0	0	0	0	748	244	246	114	0	0	0	0	747
1374227426	637990	244	248	0	0	0	0	0	749	244	246	59	0	0	0	0	748
1374227427	131576	244	247	59	0	0	0	0	750	244	246	61	0	0	0	0	749
1374227427	624599	244	247	58	0	0	0	0	751	244	246	61	0	0	0	0	750
1374227428	116838	244	248	58	0	0	0	0	752	244	245	62	0	0	0	0	751
1374227428	610053	244	247	58	0	0	0	0	753	244	246	59	0	0	0	0	752
1374227429	102552	244	247	57	0	0	0	0	754	244	245	59	0	0	0	0	753
1374227429	595924	244	248	58	0	0	0	0	755	244	246	59	0	0	0	0	754
1374227430	089142	244	248	57	0	0	0	0	756	244	245	62	0	0	0	0	755
1374227430	583614	244	248	58	0	0	0	0	757	244	246	62	0	0	0	0	756
1374227431	075851	244	248	62	0	0	0	0	758	244	245	58	0	0	0	0	757
1374227431	569031	244	248	0	0	0	0	0	759	244	246	59	201	0	0	0	758
1374227432	062253	244	247	0	0	0	0	0	760	244	246	63	0	0	0	0	759
1374227432	555357	244	246	62	0	0	0	0	761	244	246	66	0	0	0	0	760
1374227433	047582	244	247	59	0	0	0	0	762	244	246	61	0	0	0	0	761
1374227433	538949	244	246	59	0	0	0	0	763	244	246	65	0	0	0	0	762
1374227434	031151	244	247	60	0	0	0	0	764	244	246	64	0	0	0	0	763
1374227434	524568	244	247	56	0	0	0	0	765	244	246	67	0	0	0	0	764
1374227435	016818	244	247	57	0	0	0	0	766	244	246	61	0	0	0	0	765
1374227435	510063	244	246	57	0	0	0	0	767	244	246	60	0	0	0	0	766
1374227436	003416	244	248	56	0	0	0	0	768	244	246	67	0	0	0	0	767
1374227436	496664	244	246	56	0	0	0	0	769	244	246	61	0	0	0	0	768
1374227436	990039	244	246	56	0	0	0	0	770	244	246	60	0	0	0	0	769
1374227437	483355	244	247	57	0	0	0	0	771	244	246	64	0	0	0	0	770
1374227437	976399	244	248	57	0	0	0	0	772	244	246	69	0	0	0	0	771
1374227438	467903	244	248	56	0	0	0	0	773	244	246	64	0	0	0	0	772
1374227438	960298	244	248	62	0	0	0	0	774	244	246	60	0	0	0	0	773
1374227439	453505	244	248	59	0	0	0	0	775	244	246	58	0	0	0	0	774
1374227439	946859	244	247	58	0	0	0	0	776	244	246	0	0	0	0	0	775
1374227440	440117	244	247	62	0	0	0	0	777	244	246	60	0	0	0	0	776
1374227440	933585	244	248	55	0	0	0	0	778	244	246	0	0	0	0	0	777
1374227441	426802	244	246	56	0	0	0	0	779	244	246	0	0	0	0	0	778
1374227441	921107	244	246	55	0	0	0	0	780	244	246	60	0	0	0	0	779
1374227442	413254	244	248	55	0	0	0	0	781	244	246	71	0	0	0	0	780
1374227442	905733	244	248	62	0	0	0	0	782	244	246	59	0	0	0	0	781
1374227443	397051	244	247	59	0	0	0	0	783	244	246	60	0	0	0	0	782
1374227443	890396	244	248	60	0	0	0	0	784	244	246	60	0	0	0	0	783
1374227444	383444	244	246	60	0	0	0	0	785	244	246	0	0	0	0	0	784
1374227444	875888	244	246	64	0	0	0	0	786	244	246	60	0	0	0	0	785
1374227445	369145	244	246	60	0	0	0	0	787	244	246	70	0	0	0	0	786
1374227445	861493	244	246	61	0	0	0	0	788	244	246	0	0	0	0	0	787
1374227446	353705	244	246	61	0	0	0	0	789	244	246	62	0	0	0	0	788
1374227446	846198	244	248	61	0	0	0	0	790	244	246	68	0	0	0	0	789
1374227447	339606	244	248	61	0	0	0	0	791	244	246	71	0	0	0	0	790
1374227447	831897	244	246	54	0	0	0	0	792	244	246	0	0	0	0	0	791
1374227448	325027	244	247	62	0	0	0	0	793	244	246	63	0	0	0	0	792
1374227448	818245	244	246	68	0	0	0	0	794	244	246	65	0	0	0	0	793
1374227449	311492	244	247	57	0	0	0	0	795	244	246	0	0	0	0	0	794
1374227449	803854	244	248	64	0	0	0	0	796	244	246	0	0	0	0	0	795
1374227450	297370	244	247	63	0	0	0	0	797	244	246	0	0	0	0	0	796
1374227450	789632	244	247	63	0	0	0	0	798	244	246	62	0	0	0	0	797
1374227451	282821	244	248	64	0	0	0	0	799	244	246	62	0	0	0	0	798
1374227451	775039	244	247	64	0	0	0	0	800	244	246	63	0	0	0	0	799
1374227452	268355	244	248	56	0	0	0	0	801	244	246	66	0	0	0	0	800
1374227452	761523	244	247	56	0	0	0	0	802	244	246	0	0	0	0	0	801
1374227453	254844	244	248	63	0	0	0	0	803	244	246	0	0	0	0	0	802
1374227453	748442	244	248	62	0	0	0	0	804	244	246	0	0	0	0	0	803
1374227454	241694	244	247	64	0	0	0	0	805	244	246	67	0	0	0	0	804
1374227454	734994	244	247	63	0	0	0	0	806	244	246	67	0	0	0	0	805
1374227455	228274	244	247	0	0	0	0	0	807	244	246	0	0	0	0	0	806
1374227455	721237	244	247	72	0	0	0	0	808	244	246	62	0	0	0	0	807
1374227456	214806	244	246	64	0	0	0	0	809	244	246	0	0	0	0	0	808
1374227456	706989	244	246	0	0	0	0	0	810	244	246	60	0	0	0	0	809
1374227457	200416	244	248	63	0	0	0	0	811	244	246	0	0	0	0	0	810
1374227457	693635	244	247	62	0	0	0	0	812	244	246	0	0	0	0	0	811
1374227458	186750	244	246	0	0	0	0	0	813	244	246	68	0	0	0	0	812
1374227458	681169	244	247	0	0	0	0	0	814	244	246	0	0	0	0	0	813
1374227459	175235	244	246	68	0	0	0	0	815	244	246	61	0	0	0	0	814
1374227459	669675	244	248	70	0	0	0	0	816	244	246	63	0	0	0	0	815
1374227460	162919	244	247	70	0	0	0	0	817	244	246	60	0	0	0	0	816
1374227460	657341	244	247	63	0	0	0	0	818	244	246	64	0	0	0	0	817
1374227461	149703	244	248	62	0	0	0	0	819	244	246	0	0	0	0	0	818
1374227461	642913	244	248	62	0	0	0	0	820	244	246	63	0	0	0	0	819
1374227462	134267	244	247	63	0	0	0	0	821	244	246	64	0	0	0	0	820
1374227462	627483	244	246	65	0	0	0	0	822	244	246	0	0	0	0	0	821
1374227463	120856	244	248	65	0	0	0	0	823	244	246	62	0	0	0	0	822
1374227463	614269	244	247	65	0	0	0	0	824	244	246	72	0	0	0	0	823
1374227464	107387	244	247	64	0	0	0	0	825	244	246	63	0	0	0	0	824
1374227464	600768	244	248	64	0	0	0	0	826	244	246	0	0	0	0	0	825
1374227465	094001	244	247	63	0	0	0	0	827	244	246	63	0	0	0	0	826
1374227465	587261	244	248	56	0	0	0	0	828	244	246	61	0	0	0	0	827
1374227466	079546	244	247	64	0	0	0	0	829	244	246	60	0	0	0	0	828
1374227466	572762	244	246	64	0	0	0	0	830	244	246	0	0	0	0	0	829
1374227467	065245	244	248	63	0	0	0	0	831	244	246	60	0	0	0	0	830
1374227467	557409	244	248	63	0	0	0	0	832	244	246	62	0	0	0	0	831
1374227468	050531	244	247	62	0	0	0	0	833	244	246	67	0	0	0	0	832
1374227468	541046	244	246	61	0	0	0	0	834	244	246	0	0	0	0	0	833
1374227469	034288	244	248	69	0	0	0	0	835	244	246	67	0	0	0	0	834
1374227469	526510	244	247	65	0	0	0	0	836	244	246	66	0	0	0	0	835
1374227470	018772	244	248	63	0	0	0	0	837	244	246	61	0	0	0	0	836
1374227470	511125	244	246	63	0	0	0	0	838	244	246	60	0	0	0	0	837
1374227471	004649	244	247	65	0	0	0	0	839	244	246	62	0	0	0	0	838
1374227471	497932	244	246	64	0	0	0	0	840	244	246	63	0	0	0	0	839
1374227471	991041	244	247	65	0	0	0	0	841	244	246	0	0	0	0	0	840
1374227472	482503	244	247	65	0	0	0	0	842	244	246	63	0	0	0	0	841
1374227472	975568	244	248	64	0	0	0	0	843	244	246	63	0	0	0	0	842
1374227473	467126	244	248	0	0	0	0	0	844	244	246	69	0	0	0	0	843
1374227473	960605	244	248	62	0	0	0	0	845	244	246	73	0	0	0	0	844
1374227474	453758	244	247	63	0	0	0	0	846	244	246	58	0	0	0	0	845
1374227474	946908	244	246	0	0	0	0	0	847	244	246	66	0	0	0	0	846
1374227475	440196	244	246	65	0	0	0	0	848	244	246	67	0	0	0	0	847
1374227475	933387	244	248	64	0	0	0	0	849	244	246	59	0	0	0	0	848
1374227476	425811	244	248	64	0	0	0	0	850	244	246	63	0	0	0	0	849
1374227476	919271	244	248	65	0	0	0	0	851	244	246	0	0	0	0	0	850
1374227477	412415	244	248	64	0	0	0	0	852	244	246	60	0	0	0	0	851
1374227477	904547	244	247	63	0	0	0	0	853	244	246	60	0	0	0	0	852
1374227478	397137	244	247	65	0	0	0	0	854	244	246	60	0	0	0	0	853
1374227478	890293	244	246	64	0	0	0	0	855	244	246	60	0	0	0	0	854
1374227479	383564	244	247	65	0	0	0	0	856	244	246	0	0	0	0	0	855
1374227479	876819	244	247	63	0	0	0	0	857	244	246	70	0	0	0	0	856
1374227480	370277	244	246	64	0	0	0	0	858	244	246	73	0	0	0	0	857
1374227480	862577	244	247	64	0	0	0	0	859	244	246	67	0	0	0	0	858
1374227481	355840	244	246	60	0	0	0	0	860	244	246	61	0	0	0	0	859
1374227481	847929	244	248	60	0	0	0	0	861	244	246	61	0	0	0	0	860
1374227482	340397	244	247	65	0	0	0	0	862	244	246	61	0	0	0	0	861
1374227482	831410	244	248	63	0	0	0	0	863	244	246	74	0	0	0	0	862
1374227483	325560	244	246	60	0	0	0	0	864	244	246	63	0	0	0	0	863
1374227483	817111	244	247	63	0	0	0	0	865	244	246	60	0	0	0	0	864
1374227484	309333	244	247	60	0	0	0	0	866	244	246	60	0	0	0	0	865
1374227484	802565	244	248	62	0	0	0	0	867	244	246	0	0	0	0	0	866
1374227485	293914	244	247	63	0	0	0	0	868	244	246	60	0	0	0	0	867
1374227485	786197	244	248	63	0	0	0	0	869	244	246	66	0	0	0	0	868
1374227486	279546	244	247	56	0	0	0	0	870	244	246	0	0	0	0	0	869
1374227486	773029	244	248	66	0	0	0	0	871	244	246	0	0	0	0	0	870
1374227487	266306	244	247	65	0	0	0	0	872	244	246	62	0	0	0	0	871
1374227487	758721	244	248	64	0	0	0	0	873	244	246	62	0	0	0	0	872
1374227488	252868	244	246	63	0	0	0	0	874	244	246	0	0	0	0	0	873
1374227488	746187	244	248	63	0	0	0	0	875	244	246	61	0	0	0	0	874
1374227489	239531	244	247	63	0	0	0	0	876	244	246	0	0	0	0	0	875
1374227489	731856	244	246	63	0	0	0	0	877	244	246	61	0	0	0	0	876
1374227490	225097	244	247	56	0	0	0	0	878	244	246	60	0	0	0	0	877
1374227490	718389	244	246	56	0	0	0	0	879	244	246	61	0	0	0	0	878
1374227491	211751	244	248	56	0	0	0	0	880	244	246	61	0	0	0	0	879
1374227491	705897	244	246	56	0	0	0	0	881	244	246	60	0	0	0	0	880
1374227492	198331	244	248	56	0	0	0	0	882	244	246	59	0	0	0	0	881
1374227492	691778	244	246	61	0	0	0	0	883	244	246	59	0	0	0	0	882
1374227493	184813	244	247	64	0	0	0	0	884	244	246	61	0	0	0	0	883
1374227493	678250	244	247	58	0	0	0	0	885	244	246	0	0	0	0	0	884
1374227494	171405	244	247	56	0	0	0	0	886	244	246	60	0	0	0	0	885
1374227494	663763	244	248	56	0	0	0	0	887	244	246	60	0	0	0	0	886
1374227495	155275	244	246	56	0	0	0	0	888	244	246	60	0	0	0	0	887
1374227495	648431	244	248	63	0	0	0	0	889	244	246	0	0	0	0	0	888
1374227496	140835	244	246	62	0	0	0	0	890	244	246	0	0	0	0	0	889
1374227496	634172	244	246	63	0	0	0	0	891	244	246	0	0	0	0	0	890
1374227497	127357	244	247	64	0	0	0	0	892	244	246	60	0	0	0	0	891
1374227497	620747	244	248	64	0	0	0	0	893	244	246	60	0	0	0	0	892
1374227498	114060	244	246	65	0	0	0	0	894	244	246	0	0	0	0	0	893
1374227498	607253	244	247	64	0	0	0	0	895	244	246	68	0	0	0	0	894
1374227499	100571	244	248	63	0	0	0	0	896	244	246	0	0	0	0	0	895
1374227499	594016	244	247	63	0	0	0	0	897	244	246	67	0	0	0	0	896
1374227500	086262	244	248	63	0	0	0	0	898	244	246	69	0	0	0	0	897
1374227500	579644	244	248	61	0	0	0	0	899	244	246	67	0	0	0	0	898
1374227501	072832	244	248	62	0	0	0	0	900	244	246	60	0	0	0	0	899
1374227501	566200	244	246	62	0	0	0	0	901	244	246	62	0	0	0	0	900
1374227502	059428	244	246	63	0	0	0	0	902	244	246	60	0	0	0	0	901
1374227502	552826	244	248	62	0	0	0	0	903	244	246	0	0	0	0	0	902
1374227503	046003	244	247	64	0	0	0	0	904	244	246	60	0	0	0	0	903
1374227503	539216	244	248	64	0	0	0	0	905	244	246	0	0	0	0	0	904
1374227504	031407	244	247	65	0	0	0	0	906	244	246	61	0	0	0	0	905
1374227504	523118	244	246	63	0	0	0	0	907	244	246	62	0	0	0	0	906
1374227505	015206	244	248	62	0	0	0	0	908	244	246	0	0	0	0	0	907
1374227505	508488	244	247	63	0	0	0	0	909	244	246	0	0	0	0	0	908
1374227506	000834	244	248	63	0	0	0	0	910	244	246	60	0	0	0	0	909
1374227506	493975	244	246	63	0	0	0	0	911	244	246	59	0	0	0	0	910
1374227506	985501	244	247	62	0	0	0	0	912	244	246	0	0	0	0	0	911
1374227507	478574	244	248	63	0	0	0	0	913	244	246	60	0	0	0	0	912
1374227507	971847	244	248	63	0	0	0	0	914	244	246	60	0	0	0	0	913
1374227508	464208	244	247	61	0	0	0	0	915	244	246	62	0	0	0	0	914
1374227508	956459	244	247	62	0	0	0	0	916	244	246	68	0	0	0	0	915
1374227509	449899	244	247	63	0	0	0	0	917	244	246	60	0	0	0	0	916
1374227509	943081	244	247	62	0	0	0	0	918	244	246	60	0	0	0	0	917
1374227510	436583	244	248	62	0	0	0	0	919	244	246	0	0	0	0	0	918
1374227510	929766	244	248	63	0	0	0	0	920	244	246	60	0	0	0	0	919
1374227511	422204	244	247	63	0	0	0	0	921	244	246	60	0	0	0	0	920
1374227511	914329	244	247	66	0	0	0	0	922	244	246	68	0	0	0	0	921
1374227512	407540	244	246	62	0	0	0	0	923	244	246	66	0	0	0	0	922
1374227512	898858	244	248	62	0	0	0	0	924	244	246	0	0	0	0	0	923
1374227513	391123	244	247	65	0	0	0	0	925	244	246	62	0	0	0	0	924
1374227513	884486	244	246	61	0	0	0	0	926	244	246	69	0	0	0	0	925
1374227514	377655	244	247	62	0	0	0	0	927	244	246	61	0	0	0	0	926
1374227514	869247	244	248	60	0	0	0	0	928	244	246	67	0	0	0	0	927
1374227515	363270	244	248	61	0	0	0	0	929	244	246	68	0	0	0	0	928
1374227515	856675	244	247	63	0	0	0	0	930	244	246	63	0	0	0	0	929
1374227516	349990	244	248	65	0	0	0	0	931	244	246	64	0	0	0	0	930
1374227516	843318	244	246	63	0	0	0	0	932	244	246	61	0	0	0	0	931
1374227517	336555	244	248	64	0	0	0	0	933	244	246	61	0	0	0	0	932
1374227517	829967	244	247	63	0	0	0	0	934	244	246	63	0	0	0	0	933
1374227518	322116	244	248	65	0	0	0	0	935	244	246	64	0	0	0	0	934
1374227518	815428	244	247	65	0	0	0	0	936	244	246	60	0	0	0	0	935
1374227519	307906	244	247	65	0	0	0	0	937	244	246	60	0	0	0	0	936
1374227519	801037	244	248	0	0	0	0	0	938	244	246	60	0	0	0	0	937
1374227520	294336	244	248	0	0	0	0	0	939	244	246	60	0	0	0	0	938
1374227520	787818	244	246	57	0	0	0	0	940	244	246	61	0	0	0	0	939
1374227521	280199	244	248	57	0	0	0	0	941	244	246	61	0	0	0	0	940
1374227521	772180	244	248	64	0	0	0	0	942	244	246	60	0	0	0	0	941
1374227522	265632	244	247	64	0	0	0	0	943	244	246	66	0	0	0	0	942
1374227522	757816	244	248	64	0	0	0	0	944	244	246	60	0	0	0	0	943
1374227523	252234	244	247	64	0	0	0	0	945	244	246	62	0	0	0	0	944
1374227523	744400	244	247	64	0	0	0	0	946	244	246	69	0	0	0	0	945
1374227524	237625	244	247	65	0	0	0	0	947	244	246	67	0	0	0	0	946
1374227524	730903	244	248	64	0	0	0	0	948	244	246	67	0	0	0	0	947
1374227525	224314	244	246	64	0	0	0	0	949	244	246	68	0	0	0	0	948
1374227525	716353	244	248	69	0	0	0	0	950	244	246	61	0	0	0	0	949
1374227526	208093	244	248	65	0	0	0	0	951	244	246	61	0	0	0	0	950
1374227526	701177	244	247	63	0	0	0	0	952	244	246	64	0	0	0	0	951
1374227527	194332	244	247	63	0	0	0	0	953	244	246	60	0	0	0	0	952
1374227527	686613	244	246	64	0	0	0	0	954	244	246	60	0	0	0	0	953
1374227528	179992	244	246	63	0	0	0	0	955	244	246	60	0	0	0	0	954
1374227528	673164	244	246	64	0	0	0	0	956	244	246	60	0	0	0	0	955
1374227529	164703	244	246	64	0	0	0	0	957	244	246	60	0	0	0	0	956
1374227529	658076	244	248	64	0	0	0	0	958	244	246	66	0	0	0	0	957
1374227530	151157	244	247	62	0	0	0	0	959	244	246	60	0	0	0	0	958
1374227530	643593	244	247	63	0	0	0	0	960	244	246	60	0	0	0	0	959
1374227531	135786	244	247	62	0	0	0	0	961	244	246	67	0	0	0	0	960
1374227531	629014	244	247	64	0	0	0	0	962	244	246	59	0	0	0	0	961
1374227532	122513	244	248	63	0	0	0	0	963	244	246	59	0	0	0	0	962
1374227532	615855	244	246	63	0	0	0	0	964	244	246	63	0	0	0	0	963
1374227533	109006	244	248	63	0	0	0	0	965	244	246	67	0	0	0	0	964
1374227533	602316	244	247	63	0	0	0	0	966	244	246	67	0	0	0	0	965
1374227534	095599	244	247	62	0	0	0	0	967	244	246	66	0	0	0	0	966
1374227534	588823	244	246	61	0	0	0	0	968	244	246	64	128	0	0	0	967
1374227535	080195	244	248	62	0	0	0	0	969	244	246	67	0	0	0	0	968
1374227535	573438	244	246	62	0	0	0	0	970	244	246	67	0	0	0	0	969
1374227536	065846	244	248	63	0	0	0	0	971	244	246	61	0	0	0	0	970
1374227536	558063	244	247	57	0	0	0	0	972	244	246	62	0	0	0	0	971
1374227537	051378	244	246	56	0	0	0	0	973	244	246	62	0	0	0	0	972
1374227537	544772	244	247	62	0	0	0	0	974	244	246	61	0	0	0	0	973
1374227538	036795	244	246	63	0	0	0	0	975	244	246	62	0	0	0	0	974
1374227538	528113	244	248	63	0	0	0	0	976	244	246	61	0	0	0	0	975
1374227539	020687	244	248	56	0	0	0	0	977	244	246	62	0	0	0	0	976
1374227539	513957	244	246	56	0	0	0	0	978	244	246	61	0	0	0	0	977
1374227540	007222	244	248	56	0	0	0	0	979	244	246	60	0	0	0	0	978
1374227540	499498	244	247	56	0	0	0	0	980	244	246	60	0	0	0	0	979
1374227540	992798	244	246	56	0	0	0	0	981	244	246	0	0	0	0	0	980
1374227541	486087	244	247	56	0	0	0	0	982	244	246	0	0	0	0	0	981
1374227541	979357	244	248	63	0	0	0	0	983	244	246	0	0	0	0	0	982
1374227542	472707	244	246	63	0	0	0	0	984	244	246	62	0	0	0	0	983
1374227542	965719	244	247	57	0	0	0	0	985	244	246	61	0	0	0	0	984
1374227543	456230	244	247	57	0	0	0	0	986	244	246	61	0	0	0	0	985
1374227543	948371	244	248	56	0	0	0	0	987	244	246	60	0	0	0	0	986
1374227544	441846	244	247	57	0	0	0	0	988	244	246	72	0	0	0	0	987
1374227544	934172	244	246	62	0	0	0	0	989	244	246	71	0	0	0	0	988
1374227545	427419	244	246	63	0	0	0	0	990	244	246	67	0	0	0	0	989
1374227545	920807	244	248	68	0	0	0	0	991	244	246	61	0	0	0	0	990
1374227546	414092	244	248	61	0	0	0	0	992	244	246	60	0	0	0	0	991
1374227546	908417	244	248	62	0	0	0	0	993	244	246	0	0	0	0	0	992
1374227547	400686	244	246	61	0	0	0	0	994	244	246	0	0	0	0	0	993
1374227547	893944	244	246	62	0	0	0	0	995	244	246	61	0	0	0	0	994
1374227548	386151	244	246	62	0	0	0	0	996	244	246	61	0	0	0	0	995
1374227548	878654	244	247	61	0	0	0	0	997	244	246	67	0	0	0	0	996
1374227549	370806	244	246	62	0	0	0	0	998	244	246	67	0	0	0	0	997
1374227549	864397	244	248	62	0	0	0	0	999	244	246	61	0	0	0	0	998
1374227550	357725	244	248	64	0	0	0	0	1000	244	246	68	0	0	0	0	999
1374227550	850719	244	248	64	0	0	0	0	1001	244	246	60	0	0	0	0	1000
1374227551	342996	244	248	62	0	0	0	0	1002	244	246	62	0	0	0	0	1001
1374227551	834484	244	246	62	0	0	0	0	1003	244	246	62	0	0	0	0	1002
1374227552	326790	244	248	62	0	0	0	0	1004	244	246	73	0	0	0	0	1003
1374227552	820111	244	247	63	0	0	0	0	1005	244	246	60	0	0	0	0	1004
1374227553	313252	244	246	62	0	0	0	0	1006	244	246	62	0	0	0	0	1005
1374227553	806853	244	248	61	0	0	0	0	1007	244	246	60	0	0	0	0	1006
1374227554	299927	244	246	64	0	0	0	0	1008	244	246	70	0	0	0	0	1007
1374227554	792271	244	246	59	0	0	0	0	1009	244	246	69	0	0	0	0	1008
1374227555	285626	244	248	65	0	0	0	0	1010	244	246	0	0	0	0	0	1009
1374227555	777704	244	248	66	0	0	0	0	1011	244	246	0	0	0	0	0	1010
1374227556	271058	244	247	64	0	0	0	0	1012	244	246	62	0	0	0	0	1011
1374227556	763437	244	246	64	0	0	0	0	1013	244	246	73	0	0	0	0	1012
1374227557	256964	244	247	65	0	0	0	0	1014	244	246	64	0	0	0	0	1013
1374227557	748396	244	248	63	0	0	0	0	1015	244	246	67	0	0	0	0	1014
1374227558	241309	244	247	0	0	0	0	0	1016	244	246	65	0	0	0	0	1015
1374227558	733684	244	246	0	0	0	0	0	1017	244	246	60	0	0	0	0	1016
1374227559	225851	244	246	0	0	0	0	0	1018	244	246	56	122	0	0	0	1017
1374227559	719184	244	248	68	0	0	0	0	1019	244	246	56	0	0	0	0	1018
1374227560	212708	244	248	63	0	0	0	0	1020	244	246	56	0	0	0	0	1019
1374227560	704736	244	246	0	0	0	0	0	1021	244	246	54	0	0	0	0	1020
1374227561	198022	244	248	0	0	0	0	0	1022	244	246	54	125	0	0	0	1021
1374227561	691291	244	247	0	0	0	0	0	1023	244	246	55	0	0	0	0	1022
1374227562	182651	244	248	0	0	0	0	0	1024	244	246	53	120	0	0	0	1023
1374227562	676853	244	248	0	0	0	0	0	1025	244	246	52	127	0	0	0	1024
1374227563	171076	244	246	0	0	0	0	0	1026	244	246	52	0	0	0	0	1025
1374227563	664228	244	247	0	0	0	0	0	1027	244	246	55	123	0	0	0	1026
1374227564	156625	244	246	0	0	0	0	0	1028	244	246	54	131	0	0	0	1027
1374227564	650014	244	248	0	0	0	0	0	1029	244	246	53	0	0	0	0	1028
1374227565	143227	244	246	0	0	0	0	0	1030	244	246	53	0	0	0	0	1029
1374227565	634682	244	246	0	0	0	0	0	1031	244	246	53	0	0	0	0	1030
1374227566	126774	244	246	0	0	0	0	0	1032	244	246	53	128	0	0	0	1031
1374227566	619201	244	246	0	0	0	0	0	1033	244	246	53	128	0	0	0	1032
1374227567	112339	244	248	0	0	0	0	0	1034	244	246	53	0	0	0	0	1033
1374227567	604805	244	248	0	0	0	0	0	1035	244	246	53	0	0	0	0	1034
1374227568	096915	244	247	0	0	0	0	0	1036	244	246	53	0	0	0	0	1035
1374227568	589424	244	248	0	0	0	0	0	1037	244	246	53	184	0	0	0	1036
1374227569	081539	244	248	0	0	0	0	0	1038	244	246	53	0	0	0	0	1037
1374227569	574773	244	246	0	0	0	0	0	1039	244	246	53	130	0	0	0	1038
1374227570	066237	244	248	0	0	0	0	0	1040	244	247	53	0	0	0	0	1039
1374227570	560820	244	247	0	0	0	0	0	1041	244	246	53	0	0	0	0	1040
1374227571	053889	244	248	0	0	0	0	0	1042	244	246	53	0	0	0	0	1041
1374227571	546974	244	246	0	0	0	0	0	1043	244	246	53	131	0	0	0	1042
1374227572	040637	244	248	0	0	0	0	0	1044	244	246	53	121	0	0	0	1043
1374227572	533766	244	248	0	0	0	0	0	1045	244	246	53	121	0	0	0	1044
1374227573	026945	244	246	0	0	0	0	0	1046	244	246	53	0	0	0	0	1045
1374227573	519538	244	247	0	0	0	0	0	1047	244	246	53	0	0	0	0	1046
1374227574	012795	244	247	0	0	0	0	0	1048	244	246	53	0	0	0	0	1047
1374227574	505113	244	247	0	0	0	0	0	1049	244	246	53	0	0	0	0	1048
1374227574	997301	244	248	0	0	0	0	0	1050	244	246	53	126	0	0	0	1049
1374227575	489715	244	247	0	0	0	0	0	1051	244	246	53	126	0	0	0	1050
1374227575	982996	244	247	0	0	0	0	0	1052	244	246	53	0	0	0	0	1051
1374227576	475311	244	247	0	0	0	0	0	1053	244	246	53	0	0	0	0	1052
1374227576	971469	244	246	0	0	0	0	0	1054	244	246	53	0	0	0	0	1053
1374227577	463947	244	246	0	0	0	0	0	1055	244	246	53	0	0	0	0	1054
1374227577	955985	244	247	0	0	0	0	0	1056	244	246	53	0	0	0	0	1055
1374227578	446529	244	247	0	0	0	0	0	1057	244	246	53	0	0	0	0	1056
1374227578	939699	244	248	0	0	0	0	0	1058	244	246	53	0	0	0	0	1057
1374227579	432959	244	246	0	0	0	0	0	1059	244	246	53	0	0	0	0	1058
1374227579	926196	244	247	0	0	0	0	0	1060	244	246	53	0	0	0	0	1059
1374227580	419589	244	247	0	0	0	0	0	1061	244	246	53	0	0	0	0	1060
1374227580	912909	244	248	0	0	0	0	0	1062	244	246	53	0	0	0	0	1061
1374227581	406262	244	247	0	0	0	0	0	1063	244	246	53	0	0	0	0	1062
1374227581	900504	244	246	0	0	0	0	0	1064	244	246	53	0	0	0	0	1063
1374227582	392621	244	247	0	0	0	0	0	1065	244	246	53	0	0	0	0	1064
1374227582	884992	244	246	0	0	0	0	0	1066	244	246	53	0	0	0	0	1065
1374227583	377494	244	247	0	0	0	0	0	1067	244	246	53	0	0	0	0	1066
1374227583	870556	244	247	0	0	0	0	0	1068	244	246	53	0	0	0	0	1067
1374227584	363953	244	248	0	0	0	0	0	1069	244	246	53	0	0	0	0	1068
1374227584	857266	244	247	0	0	0	0	0	1070	244	246	53	0	0	0	0	1069
1374227585	348548	244	246	0	0	0	0	0	1071	244	246	53	0	0	0	0	1070
1374227585	840776	244	246	0	0	0	0	0	1072	244	246	53	0	0	0	0	1071
1374227586	334184	244	248	0	0	0	0	0	1073	244	246	53	0	0	0	0	1072
1374227586	827618	244	247	0	0	0	0	0	1074	244	246	53	0	0	0	0	1073
1374227587	319962	244	247	0	0	0	0	0	1075	244	246	53	0	0	0	0	1074
1374227587	813163	244	246	0	0	0	0	0	1076	244	246	53	0	0	0	0	1075
1374227588	307490	244	248	0	0	0	0	0	1077	244	246	53	0	0	0	0	1076
1374227588	801625	244	246	0	0	0	0	0	1078	244	246	67	0	0	0	0	1077
1374227589	294070	244	246	0	0	0	0	0	1079	244	246	53	121	0	0	0	1078
1374227589	787459	244	247	0	0	0	0	0	1080	244	246	53	0	0	0	0	1079
1374227590	280841	244	247	0	0	0	0	0	1081	244	246	53	0	0	0	0	1080
1374227590	772949	244	247	0	0	0	0	0	1082	244	246	53	0	0	0	0	1081
1374227591	266108	244	248	0	0	0	0	0	1083	244	246	53	0	0	0	0	1082
1374227591	757582	244	248	0	0	0	0	0	1084	244	246	53	0	0	0	0	1083
1374227592	250906	244	248	0	0	0	0	0	1085	244	246	53	0	0	0	0	1084
1374227592	744143	244	247	0	0	0	0	0	1086	244	246	53	0	0	0	0	1085
1374227593	237605	244	246	0	0	0	0	0	1087	244	246	53	0	0	0	0	1086
1374227593	730983	244	246	0	0	0	0	0	1088	244	246	53	0	0	0	0	1087
1374227594	223009	244	248	0	0	0	0	0	1089	244	246	53	0	0	0	0	1088
1374227594	715375	244	246	0	0	0	0	0	1090	244	246	68	0	0	0	0	1089
1374227595	209713	244	248	0	0	0	0	0	1091	244	246	56	128	0	0	0	1090
1374227595	702943	244	247	0	0	0	0	0	1092	244	246	53	0	0	0	0	1091
1374227596	195256	244	247	0	0	0	0	0	1093	244	246	53	0	0	0	0	1092
1374227596	688623	244	246	0	0	0	0	0	1094	244	246	53	0	0	0	0	1093
1374227597	182875	244	248	0	0	0	0	0	1095	244	246	53	0	0	0	0	1094
1374227597	675166	244	247	0	0	0	0	0	1096	244	246	53	0	0	0	0	1095
1374227598	169497	244	248	0	0	0	0	0	1097	244	246	53	121	0	0	0	1096
1374227598	663024	244	248	0	0	0	0	0	1098	244	246	67	0	0	0	0	1097
1374227599	155252	244	246	0	0	0	0	0	1099	244	246	67	0	0	0	0	1098
1374227599	647482	244	248	0	0	0	0	0	1100	244	246	67	0	0	0	0	1099
1374227600	139940	244	247	0	0	0	0	0	1101	244	246	67	0	0	0	0	1100
1374227600	632284	244	248	0	0	0	0	0	1102	244	246	53	0	0	0	0	1101
1374227601	125553	244	247	0	0	0	0	0	1103	244	246	53	0	0	0	0	1102
1374227601	618770	244	248	0	0	0	0	0	1104	244	246	53	0	0	0	0	1103
1374227602	112066	244	247	0	0	0	0	0	1105	244	246	52	0	0	0	0	1104
1374227602	604362	244	247	0	0	0	0	0	1106	244	246	53	0	0	0	0	1105
1374227603	097825	244	247	0	0	0	0	0	1107	244	246	53	0	0	0	0	1106
1374227603	589878	244	248	0	0	0	0	0	1108	244	246	53	0	0	0	0	1107
1374227604	083346	244	246	0	0	0	0	0	1109	244	246	53	0	0	0	0	1108
1374227604	576675	244	248	0	0	0	0	0	1110	244	246	68	0	0	0	0	1109
1374227605	070073	244	247	0	0	0	0	0	1111	244	246	68	0	0	0	0	1110
1374227605	562277	244	247	0	0	0	0	0	1112	244	246	69	0	0	0	0	1111
1374227606	054606	244	247	0	0	0	0	0	1113	244	246	69	200	0	0	0	1112
1374227606	547843	244	248	0	0	0	0	0	1114	244	246	53	0	0	0	0	1113
1374227607	041177	244	248	0	0	0	0	0	1115	244	246	71	0	0	0	0	1114
1374227607	534398	244	246	0	0	0	0	0	1116	244	246	67	0	0	0	0	1115
1374227608	026724	244	247	0	0	0	0	0	1117	244	246	68	0	0	0	0	1116
1374227608	519098	244	246	0	0	0	0	0	1118	244	246	71	0	0	0	0	1117
1374227609	012398	244	246	0	0	0	0	0	1119	244	246	71	0	0	0	0	1118
1374227609	505591	244	248	0	0	0	0	0	1120	244	246	71	0	0	0	0	1119
1374227609	997958	244	246	0	0	0	0	0	1121	244	246	71	0	0	0	0	1120
1374227610	491409	244	246	0	0	0	0	0	1122	244	246	71	0	0	0	0	1121
1374227610	982775	244	248	0	0	0	0	0	1123	244	246	53	0	0	0	0	1122
1374227611	475004	244	247	0	0	0	0	0	1124	244	246	53	0	0	0	0	1123
1374227611	968512	244	247	0	0	0	0	0	1125	244	246	53	0	0	0	0	1124
1374227612	460686	244	247	0	0	0	0	0	1126	244	246	53	0	0	0	0	1125
1374227612	952851	244	248	0	0	0	0	0	1127	244	246	53	0	0	0	0	1126
1374227613	444237	244	248	0	0	0	0	0	1128	244	246	53	0	0	0	0	1127
1374227613	937472	244	248	0	0	0	0	0	1129	244	246	54	119	0	0	0	1128
1374227614	429939	244	248	0	0	0	0	0	1130	244	246	56	120	0	0	0	1129
1374227614	923172	244	248	0	0	0	0	0	1131	244	246	55	0	0	0	0	1130
1374227615	415631	244	247	0	0	0	0	0	1132	244	246	53	117	0	0	0	1131
1374227615	908793	244	246	0	0	0	0	0	1133	244	246	53	117	0	0	0	1132
1374227616	401082	244	246	0	0	0	0	0	1134	244	246	53	0	0	0	0	1133
1374227616	893389	244	248	0	0	0	0	0	1135	244	246	53	0	0	0	0	1134
1374227617	385700	244	246	0	0	0	0	0	1136	244	246	53	0	0	0	0	1135
1374227617	877841	244	248	0	0	0	0	0	1137	244	246	54	0	0	0	0	1136
1374227618	369225	244	246	0	0	0	0	0	1138	244	246	54	167	0	0	0	1137
1374227618	862561	244	246	0	0	0	0	0	1139	244	246	53	119	0	0	0	1138
1374227619	354812	244	246	0	0	0	0	0	1140	244	246	53	0	0	0	0	1139
1374227619	847349	244	246	0	0	0	0	0	1141	244	246	53	134	0	0	0	1140
1374227620	340394	244	246	0	0	0	0	0	1142	244	246	53	0	0	0	0	1141
1374227620	833838	244	247	0	0	0	0	0	1143	244	246	54	0	0	0	0	1142
1374227621	327278	244	248	0	0	0	0	0	1144	244	246	54	0	0	0	0	1143
1374227621	820585	244	248	65	0	0	0	0	1145	244	246	53	0	0	0	0	1144
1374227622	313805	244	247	0	0	0	0	0	1146	244	246	53	0	0	0	0	1145
1374227622	806963	244	246	0	0	0	0	0	1147	244	246	53	119	0	0	0	1146
1374227623	301291	244	248	0	0	0	0	0	1148	244	246	54	0	0	0	0	1147
1374227623	793357	244	246	0	0	0	0	0	1149	244	246	54	119	0	0	0	1148
1374227624	284885	244	248	0	0	0	0	0	1150	244	246	53	0	0	0	0	1149
1374227624	777090	244	246	0	0	0	0	0	1151	244	246	53	121	0	0	0	1150
1374227625	270450	244	248	0	0	0	0	0	1152	244	246	54	120	0	0	0	1151
1374227625	762656	244	248	0	0	0	0	0	1153	244	246	54	0	0	0	0	1152
1374227626	255082	244	247	0	0	0	0	0	1154	244	246	53	0	0	0	0	1153
1374227626	749379	244	246	0	0	0	0	0	1155	244	246	53	119	0	0	0	1154
1374227627	242596	244	248	0	0	0	0	0	1156	244	246	54	0	0	0	0	1155
1374227627	733867	244	248	0	0	0	0	0	1157	244	246	53	119	0	0	0	1156
1374227628	227110	244	248	0	0	0	0	0	1158	244	246	53	120	0	0	0	1157
1374227628	719486	244	247	0	0	0	0	0	1159	244	246	53	120	0	0	0	1158
1374227629	212738	244	248	0	0	0	0	0	1160	244	246	53	0	0	0	0	1159
1374227629	707018	244	248	0	0	0	0	0	1161	244	246	53	0	0	0	0	1160
1374227630	199436	244	246	64	0	0	0	0	1162	244	246	53	0	0	0	0	1161
1374227630	692501	244	247	0	0	0	0	0	1163	244	246	53	0	0	0	0	1162
1374227631	185890	244	246	0	0	0	0	0	1164	244	246	53	0	0	0	0	1163
1374227631	677298	244	248	0	0	0	0	0	1165	244	246	53	0	0	0	0	1164
1374227632	170499	244	246	0	0	0	0	0	1166	244	246	53	0	0	0	0	1165
1374227632	662736	244	247	0	0	0	0	0	1167	244	246	53	0	0	0	0	1166
1374227633	156092	244	248	63	0	0	0	0	1168	244	246	53	0	0	0	0	1167
1374227633	649514	244	248	63	0	0	0	0	1169	244	246	53	0	0	0	0	1168
1374227634	142748	244	246	0	0	0	0	0	1170	244	246	53	121	0	0	0	1169
1374227634	637152	244	248	0	0	0	0	0	1171	244	246	54	120	0	0	0	1170
1374227635	129465	244	247	0	0	0	0	0	1172	244	246	54	120	0	0	0	1171
1374227635	622548	244	247	0	0	0	0	0	1173	244	246	53	119	0	0	0	1172
1374227636	115082	244	248	0	0	0	0	0	1174	244	246	53	120	0	0	0	1173
1374227636	608390	244	246	0	0	0	0	0	1175	244	246	53	121	0	0	0	1174
1374227637	101541	244	248	65	0	0	0	0	1176	244	246	53	0	0	0	0	1175
1374227637	592873	244	247	63	0	0	0	0	1177	244	246	53	0	0	0	0	1176
1374227638	086004	244	247	0	0	0	0	0	1178	244	246	53	0	0	0	0	1177
1374227638	581421	244	248	0	0	0	0	0	1179	244	246	53	0	0	0	0	1178
1374227639	073563	244	246	62	0	0	0	0	1180	244	246	53	121	0	0	0	1179
1374227639	566043	244	248	0	0	0	0	0	1181	244	246	54	121	0	0	0	1180
1374227640	057504	244	248	0	0	0	0	0	1182	244	246	53	0	0	0	0	1181
1374227640	550630	244	247	62	0	0	0	0	1183	244	246	53	120	0	0	0	1182
1374227641	044763	244	246	62	0	0	0	0	1184	244	246	53	120	0	0	0	1183
1374227641	536986	244	248	64	0	0	0	0	1185	244	246	53	120	0	0	0	1184
1374227642	030506	244	246	62	0	0	0	0	1186	244	246	53	121	0	0	0	1185
1374227642	524744	244	246	0	0	0	0	0	1187	244	246	53	0	0	0	0	1186
1374227643	016120	244	246	0	0	0	0	0	1188	244	246	53	0	0	0	0	1187
1374227643	511320	244	248	0	0	0	0	0	1189	244	246	53	120	0	0	0	1188
1374227644	004665	244	248	65	0	0	0	0	1190	244	246	53	121	0	0	0	1189
1374227644	498103	244	246	0	0	0	0	0	1191	244	246	53	121	0	0	0	1190
1374227644	991364	244	248	0	0	0	0	0	1192	244	246	53	0	0	0	0	1191
1374227645	484702	244	246	62	0	0	0	0	1193	244	246	53	0	0	0	0	1192
1374227645	978160	244	247	64	0	0	0	0	1194	244	246	53	119	0	0	0	1193
1374227646	472370	244	247	0	0	0	0	0	1195	244	246	54	120	0	0	0	1194
1374227646	964763	244	248	64	0	0	0	0	1196	244	246	53	121	0	0	0	1195
1374227647	457939	244	248	64	0	0	0	0	1197	244	246	53	0	0	0	0	1196
1374227647	952197	244	246	63	0	0	0	0	1198	244	246	53	0	0	0	0	1197
1374227648	444578	244	248	62	0	0	0	0	1199	244	246	53	121	0	0	0	1198
1374227648	938791	244	247	0	0	0	0	0	1200	244	246	54	120	0	0	0	1199
1374227649	432065	244	246	0	0	0	0	0	1201	244	246	53	119	0	0	0	1200
1374227649	924352	244	247	63	0	0	0	0	1202	244	246	53	0	0	0	0	1201
1374227650	416752	244	248	63	0	0	0	0	1203	244	246	57	0	0	0	0	1202
1374227650	909135	244	246	63	0	0	0	0	1204	244	246	57	0	0	0	0	1203
1374227651	402185	244	248	63	0	0	0	0	1205	244	246	57	0	0	0	0	1204
1374227651	894463	244	246	62	0	0	0	0	1206	244	246	59	122	0	0	0	1205
1374227652	387862	244	246	0	0	0	0	0	1207	244	246	59	128	0	0	0	1206
1374227652	882090	244	248	63	0	0	0	0	1208	244	247	61	129	0	0	0	1207
1374227653	373486	244	247	64	0	0	0	0	1209	244	246	54	118	0	0	0	1208
1374227653	864689	244	247	0	0	0	0	0	1210	244	246	69	0	0	0	0	1209
1374227654	358043	244	248	0	0	0	0	0	1211	244	246	54	0	0	0	0	1210
1374227654	851429	244	248	0	0	0	0	0	1212	244	246	54	0	0	0	0	1211
1374227655	345654	244	248	0	0	0	0	0	1213	244	246	54	0	0	0	0	1212
1374227655	839152	244	247	0	0	0	0	0	1214	244	246	54	0	0	0	0	1213
1374227656	331560	244	247	0	0	0	0	0	1215	244	246	54	0	0	0	0	1214
1374227656	825639	244	246	90	0	0	0	0	1216	244	246	54	0	0	0	0	1215
1374227657	318973	244	247	0	0	0	0	0	1217	244	246	54	120	0	0	0	1216
1374227657	813206	244	246	0	0	0	0	0	1218	244	246	54	123	0	0	0	1217
1374227658	307470	244	247	0	0	0	0	0	1219	244	246	54	121	0	0	0	1218
1374227658	799699	244	248	0	0	0	0	0	1220	244	246	54	121	0	0	0	1219
1374227659	292963	244	247	0	0	0	0	0	1221	244	246	54	0	0	0	0	1220
1374227659	787262	244	248	0	0	0	0	0	1222	244	246	54	119	0	0	0	1221
1374227660	280431	244	247	0	0	0	0	0	1223	244	246	54	120	0	0	0	1222
1374227660	773910	244	248	0	0	0	0	0	1224	244	246	55	0	0	0	0	1223
1374227661	266242	244	248	0	0	0	0	0	1225	244	246	54	0	0	0	0	1224
1374227661	758610	244	246	0	0	0	0	0	1226	244	246	54	0	0	0	0	1225
1374227662	250935	244	248	0	0	0	0	0	1227	244	246	54	120	0	0	0	1226
1374227662	744253	244	247	0	0	0	0	0	1228	244	247	54	121	0	0	0	1227
1374227663	238343	244	248	0	0	0	0	0	1229	244	246	54	0	0	0	0	1228
1374227663	730797	244	248	0	0	0	0	0	1230	244	246	54	0	0	0	0	1229
1374227664	224176	244	248	0	0	0	0	0	1231	244	246	54	0	0	0	0	1230
1374227664	718312	244	248	0	0	0	0	0	1232	244	246	56	188	0	0	0	1231
1374227665	211610	244	248	0	0	0	0	0	1233	244	246	56	0	0	0	0	1232
1374227665	704890	244	247	0	0	0	0	0	1234	244	246	65	0	0	0	0	1233
1374227666	197315	244	246	0	0	0	0	0	1235	244	246	58	0	0	0	0	1234
1374227666	691540	244	248	0	0	0	0	0	1236	244	247	56	0	0	0	0	1235
1374227667	185041	244	248	0	0	0	0	0	1237	244	246	56	0	0	0	0	1236
1374227667	678299	244	248	0	0	0	0	0	1238	244	246	56	0	0	0	0	1237
1374227668	171549	244	247	0	0	0	0	0	1239	244	247	56	0	0	0	0	1238
1374227668	664727	244	248	0	0	0	0	0	1240	244	246	56	0	0	0	0	1239
1374227669	158011	244	248	0	0	0	0	0	1241	244	246	56	0	0	0	0	1240
1374227669	651400	244	246	0	0	0	0	0	1242	244	246	56	0	0	0	0	1241
1374227670	145690	244	248	0	0	0	0	0	1243	244	246	56	0	0	0	0	1242
1374227670	638999	244	246	0	0	0	0	0	1244	244	246	58	0	0	0	0	1243
1374227671	131251	244	247	0	0	0	0	0	1245	244	246	66	0	0	0	0	1244
1374227671	625625	244	247	0	0	0	0	0	1246	244	246	65	0	0	0	0	1245
1374227672	118075	244	248	0	0	0	0	0	1247	244	246	64	0	0	0	0	1246
1374227672	612261	244	247	0	0	0	0	0	1248	244	246	66	0	0	0	0	1247
1374227673	105501	244	248	0	0	0	0	0	1249	244	246	66	0	0	0	0	1248
1374227673	598975	244	248	0	0	0	0	0	1250	244	246	57	0	0	0	0	1249
1374227674	093121	244	248	0	0	0	0	0	1251	244	246	59	0	0	0	0	1250
1374227674	586388	244	247	0	0	0	0	0	1252	244	247	72	0	0	0	0	1251
1374227675	078736	244	247	0	0	0	0	0	1253	244	246	60	134	0	0	0	1252
1374227675	572262	244	247	0	0	0	0	0	1254	244	246	61	0	0	0	0	1253
1374227676	065298	244	247	0	0	0	0	0	1255	244	246	62	0	0	0	0	1254
1374227676	558699	244	248	0	0	0	0	0	1256	244	246	67	135	0	0	0	1255
1374227677	052092	244	248	76	0	0	0	0	1257	244	246	71	146	0	0	0	1256
1374227677	545512	244	248	74	0	0	0	0	1258	244	246	72	0	0	0	0	1257
1374227678	037602	244	247	77	0	0	0	0	1259	244	246	73	0	0	0	0	1258
1374227678	529951	244	248	76	0	0	0	0	1260	244	247	75	0	0	0	0	1259
1374227679	022315	244	248	70	0	0	0	0	1261	244	246	72	154	0	0	0	1260
1374227679	516472	244	248	66	0	0	0	0	1262	244	246	69	0	0	0	0	1261
1374227680	009786	244	248	66	0	0	0	0	1263	244	246	66	0	0	0	0	1262
1374227680	503226	244	247	68	0	0	0	0	1264	244	246	78	0	0	0	0	1263
1374227680	996602	244	247	73	0	0	0	0	1265	244	246	0	0	0	0	0	1264
1374227681	489754	244	247	0	0	0	0	0	1266	244	246	79	0	0	0	0	1265
1374227681	982068	244	248	67	0	0	0	0	1267	244	246	0	0	0	0	0	1266
1374227682	474552	244	246	64	0	0	0	0	1268	244	246	83	0	0	0	0	1267
1374227682	967449	244	248	60	0	0	0	0	1269	244	246	0	0	0	0	0	1268
1374227683	458965	244	246	55	0	0	0	0	1270	244	246	0	0	0	0	0	1269
1374227683	951323	244	246	50	0	0	0	0	1271	244	246	0	0	0	0	0	1270
1374227684	443445	244	247	47	0	0	0	0	1272	244	246	0	0	0	0	0	1271
1374227684	936883	244	247	48	0	0	0	0	1273	244	246	0	0	0	0	0	1272
1374227685	430149	244	246	50	0	0	0	0	1274	244	246	0	0	0	0	0	1273
1374227685	923602	244	248	50	0	0	0	0	1275	244	246	58	0	0	0	0	1274
1374227686	416715	244	248	62	0	0	0	0	1276	244	246	0	0	0	0	0	1275
1374227686	910045	244	246	49	0	0	0	0	1277	244	246	0	0	0	0	0	1276
1374227687	403534	244	248	51	0	0	0	0	1278	244	246	0	0	0	0	0	1277
1374227687	896692	244	247	51	0	0	0	0	1279	244	246	0	0	0	0	0	1278
1374227688	390905	244	248	69	0	0	0	0	1280	244	246	0	0	0	0	0	1279
1374227688	884154	244	246	53	0	0	0	0	1281	244	246	0	0	0	0	0	1280
1374227689	377613	244	246	58	0	0	0	0	1282	244	246	0	0	0	0	0	1281
1374227689	870748	244	247	62	0	0	0	0	1283	244	246	0	0	0	0	0	1282
1374227690	363089	244	247	51	0	0	0	0	1284	244	247	0	0	0	0	0	1283
1374227690	856424	244	246	55	0	0	0	0	1285	244	246	0	0	0	0	0	1284
1374227691	348914	244	247	52	0	0	0	0	1286	244	246	0	0	0	0	0	1285
1374227691	841072	244	247	51	0	0	0	0	1287	244	246	0	0	0	0	0	1286
1374227692	334452	244	246	52	0	0	0	0	1288	244	246	0	0	0	0	0	1287
1374227692	827918	244	247	0	0	0	0	0	1289	244	246	0	0	0	0	0	1288
1374227693	321944	244	247	64	0	0	0	0	1290	244	246	0	0	0	0	0	1289
1374227693	815151	244	246	0	0	0	0	0	1291	244	247	0	0	0	0	0	1290
1374227694	308514	244	246	52	0	0	0	0	1292	244	246	0	0	0	0	0	1291
1374227694	802850	244	246	52	0	0	0	0	1293	244	246	0	0	0	0	0	1292
1374227695	296126	244	246	49	0	0	0	0	1294	244	246	0	0	0	0	0	1293
1374227695	789500	244	247	52	0	0	0	0	1295	244	246	0	0	0	0	0	1294
1374227696	281770	244	247	54	0	0	0	0	1296	244	246	0	0	0	0	0	1295
1374227696	775123	244	246	51	0	0	0	0	1297	244	246	0	0	0	0	0	1296
1374227697	268726	244	247	52	0	0	0	0	1298	244	246	0	0	0	0	0	1297
1374227697	760809	244	247	60	0	0	0	0	1299	244	246	0	0	0	0	0	1298
1374227698	253966	244	246	54	0	0	0	0	1300	244	247	0	0	0	0	0	1299
1374227698	747361	244	247	54	0	0	0	0	1301	244	246	0	0	0	0	0	1300
1374227699	239709	244	246	66	0	0	0	0	1302	244	246	0	0	0	0	0	1301
1374227699	732801	244	246	53	0	0	0	0	1303	244	246	0	0	0	0	0	1302
1374227700	227214	244	247	57	0	0	0	0	1304	244	246	0	0	0	0	0	1303
1374227700	720511	244	248	50	0	0	0	0	1305	244	247	0	0	0	0	0	1304
1374227701	214803	244	247	50	0	0	0	0	1306	244	246	0	0	0	0	0	1305
1374227701	706219	244	246	49	0	0	0	0	1307	244	246	0	0	0	0	0	1306
1374227702	201391	244	247	50	0	0	0	0	1308	244	246	0	0	0	0	0	1307
1374227702	694710	244	248	50	0	0	0	0	1309	244	246	0	0	0	0	0	1308
1374227703	187210	244	246	0	0	0	0	0	1310	244	246	0	0	0	0	0	1309
1374227703	681318	244	246	68	0	0	0	0	1311	244	246	0	0	0	0	0	1310
1374227704	174453	244	246	67	0	0	0	0	1312	244	246	0	0	0	0	0	1311
1374227704	667818	244	246	67	0	0	0	0	1313	244	246	0	0	0	0	0	1312
1374227705	161124	244	246	64	0	0	0	0	1314	244	247	0	0	0	0	0	1313
1374227705	654539	244	246	64	0	0	0	0	1315	244	246	0	0	0	0	0	1314
1374227706	146789	244	246	52	0	0	0	0	1316	244	246	0	0	0	0	0	1315
1374227706	640139	244	248	51	0	0	0	0	1317	244	246	0	0	0	0	0	1316
1374227707	133409	244	246	50	0	0	0	0	1318	244	246	0	0	0	0	0	1317
1374227707	626759	244	246	59	0	0	0	0	1319	244	246	0	0	0	0	0	1318
1374227708	120095	244	247	66	0	0	0	0	1320	244	246	0	0	0	0	0	1319
1374227708	612420	244	247	48	0	0	0	0	1321	244	246	0	0	0	0	0	1320
1374227709	105646	244	247	49	0	0	0	0	1322	244	246	0	0	0	0	0	1321
1374227709	598027	244	246	58	0	0	0	0	1323	244	246	0	0	0	0	0	1322
1374227710	090354	244	248	51	0	0	0	0	1324	244	246	0	0	0	0	0	1323
1374227710	585674	244	247	68	0	0	0	0	1325	244	246	0	0	0	0	0	1324
1374227711	078893	244	246	51	0	0	0	0	1326	244	246	0	0	0	0	0	1325
1374227711	571201	244	246	61	0	0	0	0	1327	244	246	0	0	0	0	0	1326
1374227712	064662	244	246	49	0	0	0	0	1328	244	247	0	0	0	0	0	1327
1374227712	557875	244	247	49	0	0	0	0	1329	244	246	0	0	0	0	0	1328
1374227713	052141	244	247	50	0	0	0	0	1330	244	246	0	0	0	0	0	1329
1374227713	545281	244	247	49	0	0	0	0	1331	244	246	0	0	0	0	0	1330
1374227714	037663	244	246	49	0	0	0	0	1332	244	246	0	0	0	0	0	1331
1374227714	531072	244	246	68	0	0	0	0	1333	244	246	0	0	0	0	0	1332
1374227715	023273	244	246	50	0	0	0	0	1334	244	246	0	0	0	0	0	1333
1374227715	513739	244	246	52	0	0	0	0	1335	244	246	0	0	0	0	0	1334
1374227716	005914	244	247	52	0	0	0	0	1336	244	247	0	0	0	0	0	1335
1374227716	498184	244	247	51	0	0	0	0	1337	244	246	0	0	0	0	0	1336
1374227716	992628	244	246	49	0	0	0	0	1338	244	246	0	0	0	0	0	1337
1374227717	485760	244	246	50	0	0	0	0	1339	244	246	0	0	0	0	0	1338
1374227717	978156	244	246	70	0	0	0	0	1340	244	246	0	0	0	0	0	1339
1374227718	471334	244	247	56	0	0	0	0	1341	244	246	0	0	0	0	0	1340
1374227718	964638	244	247	49	0	0	0	0	1342	244	246	0	0	0	0	0	1341
1374227719	457869	244	246	49	0	0	0	0	1343	244	246	0	0	0	0	0	1342
1374227719	951118	244	246	56	0	0	0	0	1344	244	246	0	0	0	0	0	1343
1374227720	444585	244	246	51	0	0	0	0	1345	244	246	0	0	0	0	0	1344
1374227720	938921	244	247	51	0	0	0	0	1346	244	246	0	0	0	0	0	1345
1374227721	432149	244	247	50	0	0	0	0	1347	244	246	0	0	0	0	0	1346
1374227721	924466	244	246	49	0	0	0	0	1348	244	247	0	0	0	0	0	1347
1374227722	418715	244	246	50	0	0	0	0	1349	244	246	0	0	0	0	0	1348
1374227722	912993	244	246	49	0	0	0	0	1350	244	246	0	0	0	0	0	1349
1374227723	404184	244	247	51	0	0	0	0	1351	244	246	0	0	0	0	0	1350
1374227723	898554	244	246	51	0	0	0	0	1352	244	246	0	0	0	0	0	1351
1374227724	390866	244	246	55	0	0	0	0	1353	244	246	0	0	0	0	0	1352
1374227724	883075	244	247	56	0	0	0	0	1354	244	246	0	0	0	0	0	1353
1374227725	376533	244	246	56	0	0	0	0	1355	244	246	0	0	0	0	0	1354
1374227725	869776	244	246	50	0	0	0	0	1356	244	246	0	0	0	0	0	1355
1374227726	363249	244	247	50	0	0	0	0	1357	244	246	0	0	0	0	0	1356
1374227726	855462	244	247	50	0	0	0	0	1358	244	246	0	0	0	0	0	1357
1374227727	349719	244	246	51	0	0	0	0	1359	244	246	0	0	0	0	0	1358
1374227727	843401	244	246	51	0	0	0	0	1360	244	246	0	0	0	0	0	1359
1374227728	335299	244	247	50	0	0	0	0	1361	244	246	0	0	0	0	0	1360
1374227728	829606	244	247	50	0	0	0	0	1362	244	246	0	0	0	0	0	1361
1374227729	322861	244	246	52	0	0	0	0	1363	244	246	0	0	0	0	0	1362
1374227729	816278	244	247	52	0	0	0	0	1364	244	246	0	0	0	0	0	1363
1374227730	309517	244	247	56	0	0	0	0	1365	244	246	0	0	0	0	0	1364
1374227730	802905	244	247	54	0	0	0	0	1366	244	246	0	0	0	0	0	1365
1374227731	296179	244	246	60	0	0	0	0	1367	244	246	0	0	0	0	0	1366
1374227731	789456	244	246	60	0	0	0	0	1368	244	247	0	0	0	0	0	1367
1374227732	283816	244	247	50	0	0	0	0	1369	244	246	0	0	0	0	0	1368
1374227732	777054	244	246	49	0	0	0	0	1370	244	246	0	0	0	0	0	1369
1374227733	271283	244	247	49	0	0	0	0	1371	244	246	0	0	0	0	0	1370
1374227733	764733	244	246	52	0	0	0	0	1372	244	246	0	0	0	0	0	1371
1374227734	258088	244	247	52	0	0	0	0	1373	244	246	0	0	0	0	0	1372
1374227734	751206	244	247	59	0	0	0	0	1374	244	246	0	0	0	0	0	1373
1374227735	242552	244	247	50	0	0	0	0	1375	244	246	0	0	0	0	0	1374
1374227735	735803	244	247	51	0	0	0	0	1376	244	246	0	0	0	0	0	1375
1374227736	229224	244	247	56	0	0	0	0	1377	244	247	0	0	0	0	0	1376
1374227736	722429	244	247	51	0	0	0	0	1378	244	246	0	0	0	0	0	1377
1374227737	215654	244	247	50	0	0	0	0	1379	244	246	0	0	0	0	0	1378
1374227737	708053	244	247	49	0	0	0	0	1380	244	246	0	0	0	0	0	1379
1374227738	201118	244	248	50	0	0	0	0	1381	244	246	0	0	0	0	0	1380
1374227738	693642	244	246	50	0	0	0	0	1382	244	246	0	0	0	0	0	1381
1374227739	187852	244	247	50	0	0	0	0	1383	244	246	0	0	0	0	0	1382
1374227739	682150	244	247	50	0	0	0	0	1384	244	246	0	0	0	0	0	1383
1374227740	175574	244	246	49	0	0	0	0	1385	244	246	0	0	0	0	0	1384
1374227740	668756	244	246	51	0	0	0	0	1386	244	246	0	0	0	0	0	1385
1374227741	162172	244	247	51	0	0	0	0	1387	244	246	0	0	0	0	0	1386
1374227741	654464	244	248	49	0	0	0	0	1388	244	246	0	0	0	0	0	1387
1374227742	146804	244	246	50	0	0	0	0	1389	244	246	0	0	0	0	0	1388
1374227742	640314	244	246	50	0	0	0	0	1390	244	246	0	0	0	0	0	1389
1374227743	134501	244	246	49	0	0	0	0	1391	244	247	0	0	0	0	0	1390
1374227743	628505	244	246	49	0	0	0	0	1392	244	246	0	0	0	0	0	1391
1374227744	121914	244	246	52	0	0	0	0	1393	244	246	0	0	0	0	0	1392
1374227744	614401	244	246	51	0	0	0	0	1394	244	246	0	0	0	0	0	1393
1374227745	108746	244	247	51	0	0	0	0	1395	244	246	0	0	0	0	0	1394
1374227745	601956	244	246	51	0	0	0	0	1396	244	246	0	0	0	0	0	1395
1374227746	095335	244	246	50	0	0	0	0	1397	244	246	0	0	0	0	0	1396
1374227746	587585	244	246	50	0	0	0	0	1398	244	246	0	0	0	0	0	1397
1374227747	080820	244	246	0	0	0	0	0	1399	244	246	0	0	0	0	0	1398
1374227747	573253	244	246	67	0	0	0	0	1400	244	246	0	0	0	0	0	1399
1374227748	066475	244	246	61	0	0	0	0	1401	244	246	0	0	0	0	0	1400
1374227748	559730	244	246	53	0	0	0	0	1402	244	247	0	0	0	0	0	1401
1374227749	051158	244	246	58	0	0	0	0	1403	244	246	0	0	0	0	0	1402
1374227749	544444	244	246	58	0	0	0	0	1404	244	246	0	0	0	0	0	1403
1374227750	037703	244	247	53	0	0	0	0	1405	244	246	0	0	0	0	0	1404
1374227750	530935	244	247	51	0	0	0	0	1406	244	246	0	0	0	0	0	1405
1374227751	025495	244	246	50	0	0	0	0	1407	244	246	0	0	0	0	0	1406
1374227751	517672	244	248	51	0	0	0	0	1408	244	246	0	0	0	0	0	1407
1374227752	010820	244	246	50	0	0	0	0	1409	244	246	0	0	0	0	0	1408
1374227752	504297	244	246	49	0	0	0	0	1410	244	246	0	0	0	0	0	1409
1374227752	998340	244	246	49	0	0	0	0	1411	244	246	0	0	0	0	0	1410
1374227753	491680	244	247	58	0	0	0	0	1412	244	246	0	0	0	0	0	1411
1374227753	985231	244	246	51	0	0	0	0	1413	244	246	0	0	0	0	0	1412
1374227754	478569	244	246	50	0	0	0	0	1414	244	246	0	0	0	0	0	1413
1374227754	971788	244	247	50	0	0	0	0	1415	244	246	0	0	0	0	0	1414
1374227755	463832	244	246	51	0	0	0	0	1416	244	246	0	0	0	0	0	1415
1374227755	956379	244	246	50	0	0	0	0	1417	244	246	0	0	0	0	0	1416
1374227756	449523	244	248	59	0	0	0	0	1418	244	246	0	0	0	0	0	1417
1374227756	942864	244	247	59	0	0	0	0	1419	244	246	0	0	0	0	0	1418
1374227757	436307	244	246	58	0	0	0	0	1420	244	246	0	0	0	0	0	1419
1374227757	929375	244	246	53	0	0	0	0	1421	244	246	0	0	0	0	0	1420
1374227758	420720	244	247	60	0	0	0	0	1422	244	246	0	0	0	0	0	1421
1374227758	914061	244	246	50	0	0	0	0	1423	244	246	0	0	0	0	0	1422
1374227759	407538	244	246	50	0	0	0	0	1424	244	246	0	0	0	0	0	1423
1374227759	900731	244	246	51	0	0	0	0	1425	244	246	0	0	0	0	0	1424
1374227760	394189	244	247	63	0	0	0	0	1426	244	246	0	0	0	0	0	1425
1374227760	887348	244	246	0	0	0	0	0	1427	244	246	0	0	0	0	0	1426
1374227761	380855	244	247	53	0	0	0	0	1428	244	246	0	0	0	0	0	1427
1374227761	874136	244	247	52	0	0	0	0	1429	244	246	0	0	0	0	0	1428
1374227762	367298	244	247	51	0	0	0	0	1430	244	246	0	0	0	0	0	1429
1374227762	860623	244	246	51	0	0	0	0	1431	244	246	0	0	0	0	0	1430
1374227763	353866	244	247	49	0	0	0	0	1432	244	246	0	0	0	0	0	1431
1374227763	847463	244	247	50	0	0	0	0	1433	244	246	0	0	0	0	0	1432
1374227764	340740	244	246	50	0	0	0	0	1434	244	246	0	0	0	0	0	1433
1374227764	833966	244	246	51	0	0	0	0	1435	244	246	0	0	0	0	0	1434
1374227765	327040	244	247	51	0	0	0	0	1436	244	246	0	0	0	0	0	1435
1374227765	818619	244	247	50	0	0	0	0	1437	244	246	0	0	0	0	0	1436
1374227766	310665	244	246	50	0	0	0	0	1438	244	246	0	0	0	0	0	1437
1374227766	802985	244	246	51	0	0	0	0	1439	244	246	0	0	0	0	0	1438
1374227767	296304	244	248	51	0	0	0	0	1440	244	246	0	0	0	0	0	1439
1374227767	789734	244	246	50	0	0	0	0	1441	244	246	0	0	0	0	0	1440
1374227768	282035	244	246	50	0	0	0	0	1442	244	246	0	0	0	0	0	1441
1374227768	776358	244	246	49	0	0	0	0	1443	244	246	0	0	0	0	0	1442
1374227769	269658	244	246	50	0	0	0	0	1444	244	246	0	0	0	0	0	1443
1374227769	762968	244	247	0	0	0	0	0	1445	244	246	0	0	0	0	0	1444
1374227770	256276	244	246	50	0	0	0	0	1446	244	246	0	0	0	0	0	1445
1374227770	748637	244	247	62	0	0	0	0	1447	244	246	0	0	0	0	0	1446
1374227771	242927	244	248	49	0	0	0	0	1448	244	246	0	0	0	0	0	1447
1374227771	736184	244	247	49	0	0	0	0	1449	244	247	0	0	0	0	0	1448
1374227772	229458	244	247	56	0	0	0	0	1450	244	247	0	0	0	0	0	1449
1374227772	722830	244	246	52	0	0	0	0	1451	244	247	0	0	0	0	0	1450
1374227773	215885	244	247	53	0	0	0	0	1452	244	246	0	0	0	0	0	1451
1374227773	708380	244	248	52	0	0	0	0	1453	244	246	0	0	0	0	0	1452
1374227774	202678	244	246	50	0	0	0	0	1454	244	246	0	0	0	0	0	1453
1374227774	696037	244	246	51	0	0	0	0	1455	244	246	0	0	0	0	0	1454
1374227775	189288	244	246	51	0	0	0	0	1456	244	246	0	0	0	0	0	1455
1374227775	683594	244	247	49	0	0	0	0	1457	244	246	0	0	0	0	0	1456
1374227776	175930	244	247	50	0	0	0	0	1458	244	246	0	0	0	0	0	1457
1374227776	669298	244	248	53	0	0	0	0	1459	244	246	0	0	0	0	0	1458
1374227777	163727	244	247	54	0	0	0	0	1460	244	246	0	0	0	0	0	1459
1374227777	656937	244	247	50	0	0	0	0	1461	244	246	0	0	0	0	0	1460
1374227778	149114	244	247	51	0	0	0	0	1462	244	246	0	0	0	0	0	1461
1374227778	643449	244	247	53	0	0	0	0	1463	244	246	0	0	0	0	0	1462
1374227779	135764	244	246	56	0	0	0	0	1464	244	247	0	0	0	0	0	1463
1374227779	630213	244	246	60	0	0	0	0	1465	244	246	0	0	0	0	0	1464
1374227780	124374	244	247	0	0	0	0	0	1466	244	247	0	0	0	0	0	1465
1374227780	617747	244	246	0	0	0	0	0	1467	244	246	0	0	0	0	0	1466
1374227781	110133	244	246	58	0	0	0	0	1468	244	246	0	0	0	0	0	1467
1374227781	603333	244	246	53	0	0	0	0	1469	244	246	0	0	0	0	0	1468
1374227782	097567	244	246	50	0	0	0	0	1470	244	247	0	0	0	0	0	1469
1374227782	591159	244	247	0	0	0	0	0	1471	244	246	0	0	0	0	0	1470
1374227783	083133	244	248	50	0	0	0	0	1472	244	246	0	0	0	0	0	1471
1374227783	574414	244	247	51	0	0	0	0	1473	244	246	0	0	0	0	0	1472
1374227784	065840	244	248	50	0	0	0	0	1474	244	246	0	0	0	0	0	1473
1374227784	561172	244	246	51	0	0	0	0	1475	244	246	0	0	0	0	0	1474
1374227785	053480	244	247	56	0	0	0	0	1476	244	246	0	0	0	0	0	1475
1374227785	547661	244	247	52	0	0	0	0	1477	244	246	0	0	0	0	0	1476
1374227786	040195	244	247	50	0	0	0	0	1478	244	246	0	0	0	0	0	1477
1374227786	534270	244	246	49	0	0	0	0	1479	244	246	0	0	0	0	0	1478
1374227787	027815	244	246	0	0	0	0	0	1480	244	246	0	0	0	0	0	1479
1374227787	521159	244	247	56	0	0	0	0	1481	244	246	0	0	0	0	0	1480
1374227788	014368	244	247	51	0	0	0	0	1482	244	246	0	0	0	0	0	1481
1374227788	507571	244	246	50	0	0	0	0	1483	244	246	0	0	0	0	0	1482
1374227789	000029	244	246	51	0	0	0	0	1484	244	246	0	0	0	0	0	1483
1374227789	493131	244	246	51	0	0	0	0	1485	244	246	0	0	0	0	0	1484
1374227789	986424	244	246	52	0	0	0	0	1486	244	246	0	0	0	0	0	1485
1374227790	479769	244	247	53	0	0	0	0	1487	244	246	0	0	0	0	0	1486
1374227790	974065	244	248	51	0	0	0	0	1488	244	246	0	0	0	0	0	1487
1374227791	467386	244	247	55	0	0	0	0	1489	244	246	0	0	0	0	0	1488
1374227791	959991	244	247	63	0	0	0	0	1490	244	246	0	0	0	0	0	1489
1374227792	454069	244	247	51	0	0	0	0	1491	244	246	0	0	0	0	0	1490
